[2025-11-12T19:14:34.583+0000] {local_task_job_runner.py:120} INFO - ::group::Pre task execution logs
[2025-11-12T19:14:34.602+0000] {taskinstance.py:2076} INFO - Dependencies all met for dep_context=non-requeueable deps ti=<TaskInstance: ingest_flight_status_usa.fetch_flights manual__2025-11-12T19:14:32.522516+00:00 [queued]>
[2025-11-12T19:14:34.609+0000] {taskinstance.py:2076} INFO - Dependencies all met for dep_context=requeueable deps ti=<TaskInstance: ingest_flight_status_usa.fetch_flights manual__2025-11-12T19:14:32.522516+00:00 [queued]>
[2025-11-12T19:14:34.611+0000] {taskinstance.py:2306} INFO - Starting attempt 1 of 1
[2025-11-12T19:14:34.623+0000] {taskinstance.py:2330} INFO - Executing <Task(PythonOperator): fetch_flights> on 2025-11-12 19:14:32.522516+00:00
[2025-11-12T19:14:34.635+0000] {standard_task_runner.py:90} INFO - Running: ['***', 'tasks', 'run', 'ingest_flight_status_usa', 'fetch_flights', 'manual__2025-11-12T19:14:32.522516+00:00', '--job-id', '27', '--raw', '--subdir', 'DAGS_FOLDER/ingest_flight_status.py', '--cfg-path', '/tmp/tmpdokoy0ox']
[2025-11-12T19:14:34.634+0000] {warnings.py:110} WARNING - /home/***/.local/lib/python3.12/site-packages/***/task/task_runner/standard_task_runner.py:61: DeprecationWarning: This process (pid=200) is multi-threaded, use of fork() may lead to deadlocks in the child.
  pid = os.fork()

[2025-11-12T19:14:34.637+0000] {standard_task_runner.py:91} INFO - Job 27: Subtask fetch_flights
[2025-11-12T19:14:34.638+0000] {standard_task_runner.py:63} INFO - Started process 202 to run task
[2025-11-12T19:14:34.715+0000] {task_command.py:426} INFO - Running <TaskInstance: ingest_flight_status_usa.fetch_flights manual__2025-11-12T19:14:32.522516+00:00 [running]> on host 123cfee3bb1b
[2025-11-12T19:14:34.797+0000] {taskinstance.py:2648} INFO - Exporting env vars: AIRFLOW_CTX_DAG_OWNER='***' AIRFLOW_CTX_DAG_ID='ingest_flight_status_usa' AIRFLOW_CTX_TASK_ID='fetch_flights' AIRFLOW_CTX_EXECUTION_DATE='2025-11-12T19:14:32.522516+00:00' AIRFLOW_CTX_TRY_NUMBER='1' AIRFLOW_CTX_DAG_RUN_ID='manual__2025-11-12T19:14:32.522516+00:00'
[2025-11-12T19:14:34.799+0000] {taskinstance.py:430} INFO - ::endgroup::
[2025-11-12T19:14:35.133+0000] {base.py:84} INFO - Using connection ID 'aviationstack_api' for task execution.
[2025-11-12T19:14:35.761+0000] {python.py:237} INFO - Done. Returned value was: {'pagination': {'limit': 50, 'offset': 0, 'count': 0, 'total': 0}, 'data': []}
[2025-11-12T19:14:35.762+0000] {taskinstance.py:441} INFO - ::group::Post task execution logs
[2025-11-12T19:14:35.782+0000] {taskinstance.py:1206} INFO - Marking task as SUCCESS. dag_id=ingest_flight_status_usa, task_id=fetch_flights, run_id=manual__2025-11-12T19:14:32.522516+00:00, execution_date=20251112T191432, start_date=20251112T191434, end_date=20251112T191435
[2025-11-12T19:14:35.818+0000] {local_task_job_runner.py:240} INFO - Task exited with return code 0
[2025-11-12T19:14:35.842+0000] {taskinstance.py:3498} INFO - 1 downstream tasks scheduled from follow-on schedule check
[2025-11-12T19:14:35.846+0000] {local_task_job_runner.py:222} INFO - ::endgroup::
