[2025-11-12T19:17:28.859+0000] {local_task_job_runner.py:120} INFO - ::group::Pre task execution logs
[2025-11-12T19:17:28.879+0000] {taskinstance.py:2076} INFO - Dependencies all met for dep_context=non-requeueable deps ti=<TaskInstance: ingest_flight_status_usa.load_to_bigquery manual__2025-11-12T19:17:16.929812+00:00 [queued]>
[2025-11-12T19:17:28.888+0000] {taskinstance.py:2076} INFO - Dependencies all met for dep_context=requeueable deps ti=<TaskInstance: ingest_flight_status_usa.load_to_bigquery manual__2025-11-12T19:17:16.929812+00:00 [queued]>
[2025-11-12T19:17:28.889+0000] {taskinstance.py:2306} INFO - Starting attempt 1 of 1
[2025-11-12T19:17:28.903+0000] {taskinstance.py:2330} INFO - Executing <Task(GCSToBigQueryOperator): load_to_bigquery> on 2025-11-12 19:17:16.929812+00:00
[2025-11-12T19:17:28.913+0000] {warnings.py:110} WARNING - /home/***/.local/lib/python3.12/site-packages/***/task/task_runner/standard_task_runner.py:61: DeprecationWarning: This process (pid=83) is multi-threaded, use of fork() may lead to deadlocks in the child.
  pid = os.fork()

[2025-11-12T19:17:28.914+0000] {standard_task_runner.py:63} INFO - Started process 85 to run task
[2025-11-12T19:17:28.914+0000] {standard_task_runner.py:90} INFO - Running: ['***', 'tasks', 'run', 'ingest_flight_status_usa', 'load_to_bigquery', 'manual__2025-11-12T19:17:16.929812+00:00', '--job-id', '34', '--raw', '--subdir', 'DAGS_FOLDER/ingest_flight_status.py', '--cfg-path', '/tmp/tmpgditjka4']
[2025-11-12T19:17:28.915+0000] {standard_task_runner.py:91} INFO - Job 34: Subtask load_to_bigquery
[2025-11-12T19:17:28.979+0000] {task_command.py:426} INFO - Running <TaskInstance: ingest_flight_status_usa.load_to_bigquery manual__2025-11-12T19:17:16.929812+00:00 [running]> on host cf939b0931bf
[2025-11-12T19:17:29.063+0000] {taskinstance.py:2648} INFO - Exporting env vars: AIRFLOW_CTX_DAG_OWNER='***' AIRFLOW_CTX_DAG_ID='ingest_flight_status_usa' AIRFLOW_CTX_TASK_ID='load_to_bigquery' AIRFLOW_CTX_EXECUTION_DATE='2025-11-12T19:17:16.929812+00:00' AIRFLOW_CTX_TRY_NUMBER='1' AIRFLOW_CTX_DAG_RUN_ID='manual__2025-11-12T19:17:16.929812+00:00'
[2025-11-12T19:17:29.064+0000] {taskinstance.py:430} INFO - ::endgroup::
[2025-11-12T19:17:29.422+0000] {connection.py:274} WARNING - Connection schemes (type: google_cloud_platform) shall not contain '_' according to RFC3986.
[2025-11-12T19:17:29.425+0000] {base.py:84} INFO - Using connection ID 'google_cloud_default' for task execution.
[2025-11-12T19:17:29.426+0000] {gcs_to_bigquery.py:380} INFO - Using existing BigQuery table for storing data...
[2025-11-12T19:17:29.468+0000] {gcs_to_bigquery.py:384} INFO - Executing: {'load': {'autodetect': True, 'createDisposition': 'CREATE_IF_NEEDED', 'destinationTable': {'projectId': 'flight-intel-platform', 'datasetId': 'us_flights_dataset', 'tableId': 'flights_raw_usa'}, 'sourceFormat': 'NEWLINE_DELIMITED_JSON', 'sourceUris': ['gs://flight-intel-raw/flights_*.json'], 'writeDisposition': 'WRITE_APPEND', 'ignoreUnknownValues': False}}
[2025-11-12T19:17:29.469+0000] {bigquery.py:1660} INFO - Inserting job ***_ingest_flight_status_usa_load_to_bigquery_2025_11_12T19_17_16_929812_00_00_5ab6e261da6d00143fade6ed3b319edd
[2025-11-12T19:17:31.341+0000] {taskinstance.py:441} INFO - ::group::Post task execution logs
[2025-11-12T19:17:31.342+0000] {taskinstance.py:2905} ERROR - Task failed with exception
Traceback (most recent call last):
  File "/home/airflow/.local/lib/python3.12/site-packages/airflow/models/taskinstance.py", line 465, in _execute_task
    result = _execute_callable(context=context, **execute_callable_kwargs)
             ^^^^^^^^^^^^^^^^^^^^^^^^^^^^^^^^^^^^^^^^^^^^^^^^^^^^^^^^^^^^^
  File "/home/airflow/.local/lib/python3.12/site-packages/airflow/models/taskinstance.py", line 432, in _execute_callable
    return execute_callable(context=context, **execute_callable_kwargs)
           ^^^^^^^^^^^^^^^^^^^^^^^^^^^^^^^^^^^^^^^^^^^^^^^^^^^^^^^^^^^^
  File "/home/airflow/.local/lib/python3.12/site-packages/airflow/models/baseoperator.py", line 400, in wrapper
    return func(self, *args, **kwargs)
           ^^^^^^^^^^^^^^^^^^^^^^^^^^^
  File "/home/airflow/.local/lib/python3.12/site-packages/airflow/providers/google/cloud/transfers/gcs_to_bigquery.py", line 445, in execute
    job.result(timeout=self.result_timeout, retry=self.result_retry)
  File "/home/airflow/.local/lib/python3.12/site-packages/google/cloud/bigquery/job/base.py", line 971, in result
    return super(_AsyncJob, self).result(timeout=timeout, **kwargs)
           ^^^^^^^^^^^^^^^^^^^^^^^^^^^^^^^^^^^^^^^^^^^^^^^^^^^^^^^^
  File "/home/airflow/.local/lib/python3.12/site-packages/google/api_core/future/polling.py", line 261, in result
    raise self._exception
google.api_core.exceptions.BadRequest: 400 Schema has no fields. Table: flights_raw_usa_086d8820_795b_4a9e_8728_a88844a1dbc4_source; reason: invalidQuery, location: query, message: Schema has no fields. Table: flights_raw_usa_086d8820_795b_4a9e_8728_a88844a1dbc4_source
[2025-11-12T19:17:31.357+0000] {taskinstance.py:1206} INFO - Marking task as FAILED. dag_id=ingest_flight_status_usa, task_id=load_to_bigquery, run_id=manual__2025-11-12T19:17:16.929812+00:00, execution_date=20251112T191716, start_date=20251112T191728, end_date=20251112T191731
[2025-11-12T19:17:31.373+0000] {standard_task_runner.py:110} ERROR - Failed to execute job 34 for task load_to_bigquery (400 Schema has no fields. Table: flights_raw_usa_086d8820_795b_4a9e_8728_a88844a1dbc4_source; reason: invalidQuery, location: query, message: Schema has no fields. Table: flights_raw_usa_086d8820_795b_4a9e_8728_a88844a1dbc4_source; 85)
[2025-11-12T19:17:31.394+0000] {local_task_job_runner.py:240} INFO - Task exited with return code 1
[2025-11-12T19:17:31.411+0000] {taskinstance.py:3498} INFO - 0 downstream tasks scheduled from follow-on schedule check
[2025-11-12T19:17:31.415+0000] {local_task_job_runner.py:222} INFO - ::endgroup::
