[2025-11-12T19:06:13.161+0000] {processor.py:161} INFO - Started process (PID=104) to work on /home/airflow/.local/lib/python3.12/site-packages/airflow/example_dags/example_local_kubernetes_executor.py
[2025-11-12T19:06:13.162+0000] {processor.py:830} INFO - Processing file /home/airflow/.local/lib/python3.12/site-packages/airflow/example_dags/example_local_kubernetes_executor.py for tasks to queue
[2025-11-12T19:06:13.165+0000] {logging_mixin.py:188} INFO - [2025-11-12T19:06:13.165+0000] {dagbag.py:545} INFO - Filling up the DagBag from /home/airflow/.local/lib/python3.12/site-packages/airflow/example_dags/example_local_kubernetes_executor.py
[2025-11-12T19:06:13.175+0000] {processor.py:840} INFO - DAG(s) 'example_local_kubernetes_executor' retrieved from /home/airflow/.local/lib/python3.12/site-packages/airflow/example_dags/example_local_kubernetes_executor.py
[2025-11-12T19:06:13.276+0000] {logging_mixin.py:188} INFO - [2025-11-12T19:06:13.276+0000] {dag.py:3096} INFO - Sync 1 DAGs
[2025-11-12T19:06:13.290+0000] {logging_mixin.py:188} INFO - [2025-11-12T19:06:13.290+0000] {dag.py:3954} INFO - Setting next_dagrun for example_local_kubernetes_executor to None, run_after=None
[2025-11-12T19:06:13.324+0000] {processor.py:183} INFO - Processing /home/airflow/.local/lib/python3.12/site-packages/airflow/example_dags/example_local_kubernetes_executor.py took 0.167 seconds
[2025-11-12T19:06:43.761+0000] {processor.py:161} INFO - Started process (PID=165) to work on /home/airflow/.local/lib/python3.12/site-packages/airflow/example_dags/example_local_kubernetes_executor.py
[2025-11-12T19:06:43.762+0000] {processor.py:830} INFO - Processing file /home/airflow/.local/lib/python3.12/site-packages/airflow/example_dags/example_local_kubernetes_executor.py for tasks to queue
[2025-11-12T19:06:43.765+0000] {logging_mixin.py:188} INFO - [2025-11-12T19:06:43.765+0000] {dagbag.py:545} INFO - Filling up the DagBag from /home/airflow/.local/lib/python3.12/site-packages/airflow/example_dags/example_local_kubernetes_executor.py
[2025-11-12T19:06:43.772+0000] {processor.py:840} INFO - DAG(s) 'example_local_kubernetes_executor' retrieved from /home/airflow/.local/lib/python3.12/site-packages/airflow/example_dags/example_local_kubernetes_executor.py
[2025-11-12T19:06:43.806+0000] {logging_mixin.py:188} INFO - [2025-11-12T19:06:43.806+0000] {dag.py:3096} INFO - Sync 1 DAGs
[2025-11-12T19:06:43.819+0000] {logging_mixin.py:188} INFO - [2025-11-12T19:06:43.818+0000] {dag.py:3954} INFO - Setting next_dagrun for example_local_kubernetes_executor to None, run_after=None
[2025-11-12T19:06:43.842+0000] {processor.py:183} INFO - Processing /home/airflow/.local/lib/python3.12/site-packages/airflow/example_dags/example_local_kubernetes_executor.py took 0.086 seconds
[2025-11-12T19:07:14.664+0000] {processor.py:161} INFO - Started process (PID=225) to work on /home/airflow/.local/lib/python3.12/site-packages/airflow/example_dags/example_local_kubernetes_executor.py
[2025-11-12T19:07:14.665+0000] {processor.py:830} INFO - Processing file /home/airflow/.local/lib/python3.12/site-packages/airflow/example_dags/example_local_kubernetes_executor.py for tasks to queue
[2025-11-12T19:07:14.667+0000] {logging_mixin.py:188} INFO - [2025-11-12T19:07:14.667+0000] {dagbag.py:545} INFO - Filling up the DagBag from /home/airflow/.local/lib/python3.12/site-packages/airflow/example_dags/example_local_kubernetes_executor.py
[2025-11-12T19:07:14.673+0000] {processor.py:840} INFO - DAG(s) 'example_local_kubernetes_executor' retrieved from /home/airflow/.local/lib/python3.12/site-packages/airflow/example_dags/example_local_kubernetes_executor.py
[2025-11-12T19:07:14.705+0000] {logging_mixin.py:188} INFO - [2025-11-12T19:07:14.704+0000] {dag.py:3096} INFO - Sync 1 DAGs
[2025-11-12T19:07:14.715+0000] {logging_mixin.py:188} INFO - [2025-11-12T19:07:14.715+0000] {dag.py:3954} INFO - Setting next_dagrun for example_local_kubernetes_executor to None, run_after=None
[2025-11-12T19:07:14.739+0000] {processor.py:183} INFO - Processing /home/airflow/.local/lib/python3.12/site-packages/airflow/example_dags/example_local_kubernetes_executor.py took 0.080 seconds
[2025-11-12T19:07:45.036+0000] {processor.py:161} INFO - Started process (PID=285) to work on /home/airflow/.local/lib/python3.12/site-packages/airflow/example_dags/example_local_kubernetes_executor.py
[2025-11-12T19:07:45.037+0000] {processor.py:830} INFO - Processing file /home/airflow/.local/lib/python3.12/site-packages/airflow/example_dags/example_local_kubernetes_executor.py for tasks to queue
[2025-11-12T19:07:45.039+0000] {logging_mixin.py:188} INFO - [2025-11-12T19:07:45.039+0000] {dagbag.py:545} INFO - Filling up the DagBag from /home/airflow/.local/lib/python3.12/site-packages/airflow/example_dags/example_local_kubernetes_executor.py
[2025-11-12T19:07:45.047+0000] {processor.py:840} INFO - DAG(s) 'example_local_kubernetes_executor' retrieved from /home/airflow/.local/lib/python3.12/site-packages/airflow/example_dags/example_local_kubernetes_executor.py
[2025-11-12T19:07:45.084+0000] {logging_mixin.py:188} INFO - [2025-11-12T19:07:45.084+0000] {dag.py:3096} INFO - Sync 1 DAGs
[2025-11-12T19:07:45.099+0000] {logging_mixin.py:188} INFO - [2025-11-12T19:07:45.098+0000] {dag.py:3954} INFO - Setting next_dagrun for example_local_kubernetes_executor to None, run_after=None
[2025-11-12T19:07:45.137+0000] {processor.py:183} INFO - Processing /home/airflow/.local/lib/python3.12/site-packages/airflow/example_dags/example_local_kubernetes_executor.py took 0.106 seconds
[2025-11-12T19:08:15.785+0000] {processor.py:161} INFO - Started process (PID=345) to work on /home/airflow/.local/lib/python3.12/site-packages/airflow/example_dags/example_local_kubernetes_executor.py
[2025-11-12T19:08:15.786+0000] {processor.py:830} INFO - Processing file /home/airflow/.local/lib/python3.12/site-packages/airflow/example_dags/example_local_kubernetes_executor.py for tasks to queue
[2025-11-12T19:08:15.788+0000] {logging_mixin.py:188} INFO - [2025-11-12T19:08:15.787+0000] {dagbag.py:545} INFO - Filling up the DagBag from /home/airflow/.local/lib/python3.12/site-packages/airflow/example_dags/example_local_kubernetes_executor.py
[2025-11-12T19:08:15.798+0000] {processor.py:840} INFO - DAG(s) 'example_local_kubernetes_executor' retrieved from /home/airflow/.local/lib/python3.12/site-packages/airflow/example_dags/example_local_kubernetes_executor.py
[2025-11-12T19:08:15.836+0000] {logging_mixin.py:188} INFO - [2025-11-12T19:08:15.836+0000] {dag.py:3096} INFO - Sync 1 DAGs
[2025-11-12T19:08:15.847+0000] {logging_mixin.py:188} INFO - [2025-11-12T19:08:15.847+0000] {dag.py:3954} INFO - Setting next_dagrun for example_local_kubernetes_executor to None, run_after=None
[2025-11-12T19:08:15.869+0000] {processor.py:183} INFO - Processing /home/airflow/.local/lib/python3.12/site-packages/airflow/example_dags/example_local_kubernetes_executor.py took 0.091 seconds
[2025-11-12T19:08:46.345+0000] {processor.py:161} INFO - Started process (PID=405) to work on /home/airflow/.local/lib/python3.12/site-packages/airflow/example_dags/example_local_kubernetes_executor.py
[2025-11-12T19:08:46.346+0000] {processor.py:830} INFO - Processing file /home/airflow/.local/lib/python3.12/site-packages/airflow/example_dags/example_local_kubernetes_executor.py for tasks to queue
[2025-11-12T19:08:46.347+0000] {logging_mixin.py:188} INFO - [2025-11-12T19:08:46.347+0000] {dagbag.py:545} INFO - Filling up the DagBag from /home/airflow/.local/lib/python3.12/site-packages/airflow/example_dags/example_local_kubernetes_executor.py
[2025-11-12T19:08:46.354+0000] {processor.py:840} INFO - DAG(s) 'example_local_kubernetes_executor' retrieved from /home/airflow/.local/lib/python3.12/site-packages/airflow/example_dags/example_local_kubernetes_executor.py
[2025-11-12T19:08:46.396+0000] {logging_mixin.py:188} INFO - [2025-11-12T19:08:46.396+0000] {dag.py:3096} INFO - Sync 1 DAGs
[2025-11-12T19:08:46.409+0000] {logging_mixin.py:188} INFO - [2025-11-12T19:08:46.409+0000] {dag.py:3954} INFO - Setting next_dagrun for example_local_kubernetes_executor to None, run_after=None
[2025-11-12T19:08:46.445+0000] {processor.py:183} INFO - Processing /home/airflow/.local/lib/python3.12/site-packages/airflow/example_dags/example_local_kubernetes_executor.py took 0.104 seconds
[2025-11-12T19:09:16.735+0000] {processor.py:161} INFO - Started process (PID=466) to work on /home/airflow/.local/lib/python3.12/site-packages/airflow/example_dags/example_local_kubernetes_executor.py
[2025-11-12T19:09:16.736+0000] {processor.py:830} INFO - Processing file /home/airflow/.local/lib/python3.12/site-packages/airflow/example_dags/example_local_kubernetes_executor.py for tasks to queue
[2025-11-12T19:09:16.738+0000] {logging_mixin.py:188} INFO - [2025-11-12T19:09:16.737+0000] {dagbag.py:545} INFO - Filling up the DagBag from /home/airflow/.local/lib/python3.12/site-packages/airflow/example_dags/example_local_kubernetes_executor.py
[2025-11-12T19:09:16.746+0000] {processor.py:840} INFO - DAG(s) 'example_local_kubernetes_executor' retrieved from /home/airflow/.local/lib/python3.12/site-packages/airflow/example_dags/example_local_kubernetes_executor.py
[2025-11-12T19:09:16.795+0000] {logging_mixin.py:188} INFO - [2025-11-12T19:09:16.795+0000] {dag.py:3096} INFO - Sync 1 DAGs
[2025-11-12T19:09:16.810+0000] {logging_mixin.py:188} INFO - [2025-11-12T19:09:16.810+0000] {dag.py:3954} INFO - Setting next_dagrun for example_local_kubernetes_executor to None, run_after=None
[2025-11-12T19:09:16.842+0000] {processor.py:183} INFO - Processing /home/airflow/.local/lib/python3.12/site-packages/airflow/example_dags/example_local_kubernetes_executor.py took 0.113 seconds
[2025-11-12T19:09:47.726+0000] {processor.py:161} INFO - Started process (PID=527) to work on /home/airflow/.local/lib/python3.12/site-packages/airflow/example_dags/example_local_kubernetes_executor.py
[2025-11-12T19:09:47.728+0000] {processor.py:830} INFO - Processing file /home/airflow/.local/lib/python3.12/site-packages/airflow/example_dags/example_local_kubernetes_executor.py for tasks to queue
[2025-11-12T19:09:47.729+0000] {logging_mixin.py:188} INFO - [2025-11-12T19:09:47.729+0000] {dagbag.py:545} INFO - Filling up the DagBag from /home/airflow/.local/lib/python3.12/site-packages/airflow/example_dags/example_local_kubernetes_executor.py
[2025-11-12T19:09:47.737+0000] {processor.py:840} INFO - DAG(s) 'example_local_kubernetes_executor' retrieved from /home/airflow/.local/lib/python3.12/site-packages/airflow/example_dags/example_local_kubernetes_executor.py
[2025-11-12T19:09:47.772+0000] {logging_mixin.py:188} INFO - [2025-11-12T19:09:47.771+0000] {dag.py:3096} INFO - Sync 1 DAGs
[2025-11-12T19:09:47.788+0000] {logging_mixin.py:188} INFO - [2025-11-12T19:09:47.788+0000] {dag.py:3954} INFO - Setting next_dagrun for example_local_kubernetes_executor to None, run_after=None
[2025-11-12T19:09:47.835+0000] {processor.py:183} INFO - Processing /home/airflow/.local/lib/python3.12/site-packages/airflow/example_dags/example_local_kubernetes_executor.py took 0.112 seconds
[2025-11-12T19:10:18.778+0000] {processor.py:161} INFO - Started process (PID=587) to work on /home/airflow/.local/lib/python3.12/site-packages/airflow/example_dags/example_local_kubernetes_executor.py
[2025-11-12T19:10:18.779+0000] {processor.py:830} INFO - Processing file /home/airflow/.local/lib/python3.12/site-packages/airflow/example_dags/example_local_kubernetes_executor.py for tasks to queue
[2025-11-12T19:10:18.781+0000] {logging_mixin.py:188} INFO - [2025-11-12T19:10:18.780+0000] {dagbag.py:545} INFO - Filling up the DagBag from /home/airflow/.local/lib/python3.12/site-packages/airflow/example_dags/example_local_kubernetes_executor.py
[2025-11-12T19:10:18.788+0000] {processor.py:840} INFO - DAG(s) 'example_local_kubernetes_executor' retrieved from /home/airflow/.local/lib/python3.12/site-packages/airflow/example_dags/example_local_kubernetes_executor.py
[2025-11-12T19:10:18.822+0000] {logging_mixin.py:188} INFO - [2025-11-12T19:10:18.822+0000] {dag.py:3096} INFO - Sync 1 DAGs
[2025-11-12T19:10:18.832+0000] {logging_mixin.py:188} INFO - [2025-11-12T19:10:18.831+0000] {dag.py:3954} INFO - Setting next_dagrun for example_local_kubernetes_executor to None, run_after=None
[2025-11-12T19:10:18.853+0000] {processor.py:183} INFO - Processing /home/airflow/.local/lib/python3.12/site-packages/airflow/example_dags/example_local_kubernetes_executor.py took 0.080 seconds
[2025-11-12T19:10:49.156+0000] {processor.py:161} INFO - Started process (PID=648) to work on /home/airflow/.local/lib/python3.12/site-packages/airflow/example_dags/example_local_kubernetes_executor.py
[2025-11-12T19:10:49.157+0000] {processor.py:830} INFO - Processing file /home/airflow/.local/lib/python3.12/site-packages/airflow/example_dags/example_local_kubernetes_executor.py for tasks to queue
[2025-11-12T19:10:49.159+0000] {logging_mixin.py:188} INFO - [2025-11-12T19:10:49.158+0000] {dagbag.py:545} INFO - Filling up the DagBag from /home/airflow/.local/lib/python3.12/site-packages/airflow/example_dags/example_local_kubernetes_executor.py
[2025-11-12T19:10:49.165+0000] {processor.py:840} INFO - DAG(s) 'example_local_kubernetes_executor' retrieved from /home/airflow/.local/lib/python3.12/site-packages/airflow/example_dags/example_local_kubernetes_executor.py
[2025-11-12T19:10:49.197+0000] {logging_mixin.py:188} INFO - [2025-11-12T19:10:49.196+0000] {dag.py:3096} INFO - Sync 1 DAGs
[2025-11-12T19:10:49.206+0000] {logging_mixin.py:188} INFO - [2025-11-12T19:10:49.206+0000] {dag.py:3954} INFO - Setting next_dagrun for example_local_kubernetes_executor to None, run_after=None
[2025-11-12T19:10:49.225+0000] {processor.py:183} INFO - Processing /home/airflow/.local/lib/python3.12/site-packages/airflow/example_dags/example_local_kubernetes_executor.py took 0.074 seconds
[2025-11-12T19:11:19.495+0000] {processor.py:161} INFO - Started process (PID=708) to work on /home/airflow/.local/lib/python3.12/site-packages/airflow/example_dags/example_local_kubernetes_executor.py
[2025-11-12T19:11:19.496+0000] {processor.py:830} INFO - Processing file /home/airflow/.local/lib/python3.12/site-packages/airflow/example_dags/example_local_kubernetes_executor.py for tasks to queue
[2025-11-12T19:11:19.497+0000] {logging_mixin.py:188} INFO - [2025-11-12T19:11:19.497+0000] {dagbag.py:545} INFO - Filling up the DagBag from /home/airflow/.local/lib/python3.12/site-packages/airflow/example_dags/example_local_kubernetes_executor.py
[2025-11-12T19:11:19.504+0000] {processor.py:840} INFO - DAG(s) 'example_local_kubernetes_executor' retrieved from /home/airflow/.local/lib/python3.12/site-packages/airflow/example_dags/example_local_kubernetes_executor.py
[2025-11-12T19:11:19.535+0000] {logging_mixin.py:188} INFO - [2025-11-12T19:11:19.534+0000] {dag.py:3096} INFO - Sync 1 DAGs
[2025-11-12T19:11:19.544+0000] {logging_mixin.py:188} INFO - [2025-11-12T19:11:19.544+0000] {dag.py:3954} INFO - Setting next_dagrun for example_local_kubernetes_executor to None, run_after=None
[2025-11-12T19:11:19.564+0000] {processor.py:183} INFO - Processing /home/airflow/.local/lib/python3.12/site-packages/airflow/example_dags/example_local_kubernetes_executor.py took 0.074 seconds
[2025-11-12T19:11:49.690+0000] {processor.py:161} INFO - Started process (PID=768) to work on /home/airflow/.local/lib/python3.12/site-packages/airflow/example_dags/example_local_kubernetes_executor.py
[2025-11-12T19:11:49.691+0000] {processor.py:830} INFO - Processing file /home/airflow/.local/lib/python3.12/site-packages/airflow/example_dags/example_local_kubernetes_executor.py for tasks to queue
[2025-11-12T19:11:49.693+0000] {logging_mixin.py:188} INFO - [2025-11-12T19:11:49.692+0000] {dagbag.py:545} INFO - Filling up the DagBag from /home/airflow/.local/lib/python3.12/site-packages/airflow/example_dags/example_local_kubernetes_executor.py
[2025-11-12T19:11:49.701+0000] {processor.py:840} INFO - DAG(s) 'example_local_kubernetes_executor' retrieved from /home/airflow/.local/lib/python3.12/site-packages/airflow/example_dags/example_local_kubernetes_executor.py
[2025-11-12T19:11:49.740+0000] {logging_mixin.py:188} INFO - [2025-11-12T19:11:49.739+0000] {dag.py:3096} INFO - Sync 1 DAGs
[2025-11-12T19:11:49.751+0000] {logging_mixin.py:188} INFO - [2025-11-12T19:11:49.750+0000] {dag.py:3954} INFO - Setting next_dagrun for example_local_kubernetes_executor to None, run_after=None
[2025-11-12T19:11:49.772+0000] {processor.py:183} INFO - Processing /home/airflow/.local/lib/python3.12/site-packages/airflow/example_dags/example_local_kubernetes_executor.py took 0.088 seconds
[2025-11-12T19:12:20.919+0000] {processor.py:161} INFO - Started process (PID=828) to work on /home/airflow/.local/lib/python3.12/site-packages/airflow/example_dags/example_local_kubernetes_executor.py
[2025-11-12T19:12:20.921+0000] {processor.py:830} INFO - Processing file /home/airflow/.local/lib/python3.12/site-packages/airflow/example_dags/example_local_kubernetes_executor.py for tasks to queue
[2025-11-12T19:12:20.922+0000] {logging_mixin.py:188} INFO - [2025-11-12T19:12:20.921+0000] {dagbag.py:545} INFO - Filling up the DagBag from /home/airflow/.local/lib/python3.12/site-packages/airflow/example_dags/example_local_kubernetes_executor.py
[2025-11-12T19:12:20.928+0000] {processor.py:840} INFO - DAG(s) 'example_local_kubernetes_executor' retrieved from /home/airflow/.local/lib/python3.12/site-packages/airflow/example_dags/example_local_kubernetes_executor.py
[2025-11-12T19:12:20.959+0000] {logging_mixin.py:188} INFO - [2025-11-12T19:12:20.959+0000] {dag.py:3096} INFO - Sync 1 DAGs
[2025-11-12T19:12:20.969+0000] {logging_mixin.py:188} INFO - [2025-11-12T19:12:20.969+0000] {dag.py:3954} INFO - Setting next_dagrun for example_local_kubernetes_executor to None, run_after=None
[2025-11-12T19:12:20.990+0000] {processor.py:183} INFO - Processing /home/airflow/.local/lib/python3.12/site-packages/airflow/example_dags/example_local_kubernetes_executor.py took 0.075 seconds
[2025-11-12T19:12:51.285+0000] {processor.py:161} INFO - Started process (PID=888) to work on /home/airflow/.local/lib/python3.12/site-packages/airflow/example_dags/example_local_kubernetes_executor.py
[2025-11-12T19:12:51.287+0000] {processor.py:830} INFO - Processing file /home/airflow/.local/lib/python3.12/site-packages/airflow/example_dags/example_local_kubernetes_executor.py for tasks to queue
[2025-11-12T19:12:51.288+0000] {logging_mixin.py:188} INFO - [2025-11-12T19:12:51.287+0000] {dagbag.py:545} INFO - Filling up the DagBag from /home/airflow/.local/lib/python3.12/site-packages/airflow/example_dags/example_local_kubernetes_executor.py
[2025-11-12T19:12:51.297+0000] {processor.py:840} INFO - DAG(s) 'example_local_kubernetes_executor' retrieved from /home/airflow/.local/lib/python3.12/site-packages/airflow/example_dags/example_local_kubernetes_executor.py
[2025-11-12T19:12:51.338+0000] {logging_mixin.py:188} INFO - [2025-11-12T19:12:51.338+0000] {dag.py:3096} INFO - Sync 1 DAGs
[2025-11-12T19:12:51.351+0000] {logging_mixin.py:188} INFO - [2025-11-12T19:12:51.350+0000] {dag.py:3954} INFO - Setting next_dagrun for example_local_kubernetes_executor to None, run_after=None
[2025-11-12T19:12:51.379+0000] {processor.py:183} INFO - Processing /home/airflow/.local/lib/python3.12/site-packages/airflow/example_dags/example_local_kubernetes_executor.py took 0.100 seconds
[2025-11-12T19:13:21.771+0000] {processor.py:161} INFO - Started process (PID=949) to work on /home/airflow/.local/lib/python3.12/site-packages/airflow/example_dags/example_local_kubernetes_executor.py
[2025-11-12T19:13:21.772+0000] {processor.py:830} INFO - Processing file /home/airflow/.local/lib/python3.12/site-packages/airflow/example_dags/example_local_kubernetes_executor.py for tasks to queue
[2025-11-12T19:13:21.773+0000] {logging_mixin.py:188} INFO - [2025-11-12T19:13:21.773+0000] {dagbag.py:545} INFO - Filling up the DagBag from /home/airflow/.local/lib/python3.12/site-packages/airflow/example_dags/example_local_kubernetes_executor.py
[2025-11-12T19:13:21.782+0000] {processor.py:840} INFO - DAG(s) 'example_local_kubernetes_executor' retrieved from /home/airflow/.local/lib/python3.12/site-packages/airflow/example_dags/example_local_kubernetes_executor.py
[2025-11-12T19:13:21.820+0000] {logging_mixin.py:188} INFO - [2025-11-12T19:13:21.820+0000] {dag.py:3096} INFO - Sync 1 DAGs
[2025-11-12T19:13:21.831+0000] {logging_mixin.py:188} INFO - [2025-11-12T19:13:21.831+0000] {dag.py:3954} INFO - Setting next_dagrun for example_local_kubernetes_executor to None, run_after=None
[2025-11-12T19:13:21.854+0000] {processor.py:183} INFO - Processing /home/airflow/.local/lib/python3.12/site-packages/airflow/example_dags/example_local_kubernetes_executor.py took 0.090 seconds
[2025-11-12T19:13:52.454+0000] {processor.py:161} INFO - Started process (PID=1009) to work on /home/airflow/.local/lib/python3.12/site-packages/airflow/example_dags/example_local_kubernetes_executor.py
[2025-11-12T19:13:52.455+0000] {processor.py:830} INFO - Processing file /home/airflow/.local/lib/python3.12/site-packages/airflow/example_dags/example_local_kubernetes_executor.py for tasks to queue
[2025-11-12T19:13:52.456+0000] {logging_mixin.py:188} INFO - [2025-11-12T19:13:52.456+0000] {dagbag.py:545} INFO - Filling up the DagBag from /home/airflow/.local/lib/python3.12/site-packages/airflow/example_dags/example_local_kubernetes_executor.py
[2025-11-12T19:13:52.463+0000] {processor.py:840} INFO - DAG(s) 'example_local_kubernetes_executor' retrieved from /home/airflow/.local/lib/python3.12/site-packages/airflow/example_dags/example_local_kubernetes_executor.py
[2025-11-12T19:13:52.501+0000] {logging_mixin.py:188} INFO - [2025-11-12T19:13:52.501+0000] {dag.py:3096} INFO - Sync 1 DAGs
[2025-11-12T19:13:52.511+0000] {logging_mixin.py:188} INFO - [2025-11-12T19:13:52.511+0000] {dag.py:3954} INFO - Setting next_dagrun for example_local_kubernetes_executor to None, run_after=None
[2025-11-12T19:13:52.532+0000] {processor.py:183} INFO - Processing /home/airflow/.local/lib/python3.12/site-packages/airflow/example_dags/example_local_kubernetes_executor.py took 0.083 seconds
[2025-11-12T19:14:23.393+0000] {processor.py:161} INFO - Started process (PID=1069) to work on /home/airflow/.local/lib/python3.12/site-packages/airflow/example_dags/example_local_kubernetes_executor.py
[2025-11-12T19:14:23.394+0000] {processor.py:830} INFO - Processing file /home/airflow/.local/lib/python3.12/site-packages/airflow/example_dags/example_local_kubernetes_executor.py for tasks to queue
[2025-11-12T19:14:23.395+0000] {logging_mixin.py:188} INFO - [2025-11-12T19:14:23.395+0000] {dagbag.py:545} INFO - Filling up the DagBag from /home/airflow/.local/lib/python3.12/site-packages/airflow/example_dags/example_local_kubernetes_executor.py
[2025-11-12T19:14:23.401+0000] {processor.py:840} INFO - DAG(s) 'example_local_kubernetes_executor' retrieved from /home/airflow/.local/lib/python3.12/site-packages/airflow/example_dags/example_local_kubernetes_executor.py
[2025-11-12T19:14:23.435+0000] {logging_mixin.py:188} INFO - [2025-11-12T19:14:23.435+0000] {dag.py:3096} INFO - Sync 1 DAGs
[2025-11-12T19:14:23.445+0000] {logging_mixin.py:188} INFO - [2025-11-12T19:14:23.445+0000] {dag.py:3954} INFO - Setting next_dagrun for example_local_kubernetes_executor to None, run_after=None
[2025-11-12T19:14:23.467+0000] {processor.py:183} INFO - Processing /home/airflow/.local/lib/python3.12/site-packages/airflow/example_dags/example_local_kubernetes_executor.py took 0.078 seconds
[2025-11-12T19:14:53.999+0000] {processor.py:161} INFO - Started process (PID=1129) to work on /home/airflow/.local/lib/python3.12/site-packages/airflow/example_dags/example_local_kubernetes_executor.py
[2025-11-12T19:14:54.000+0000] {processor.py:830} INFO - Processing file /home/airflow/.local/lib/python3.12/site-packages/airflow/example_dags/example_local_kubernetes_executor.py for tasks to queue
[2025-11-12T19:14:54.001+0000] {logging_mixin.py:188} INFO - [2025-11-12T19:14:54.001+0000] {dagbag.py:545} INFO - Filling up the DagBag from /home/airflow/.local/lib/python3.12/site-packages/airflow/example_dags/example_local_kubernetes_executor.py
[2025-11-12T19:14:54.010+0000] {processor.py:840} INFO - DAG(s) 'example_local_kubernetes_executor' retrieved from /home/airflow/.local/lib/python3.12/site-packages/airflow/example_dags/example_local_kubernetes_executor.py
[2025-11-12T19:14:54.046+0000] {logging_mixin.py:188} INFO - [2025-11-12T19:14:54.045+0000] {dag.py:3096} INFO - Sync 1 DAGs
[2025-11-12T19:14:54.060+0000] {logging_mixin.py:188} INFO - [2025-11-12T19:14:54.060+0000] {dag.py:3954} INFO - Setting next_dagrun for example_local_kubernetes_executor to None, run_after=None
[2025-11-12T19:14:54.086+0000] {processor.py:183} INFO - Processing /home/airflow/.local/lib/python3.12/site-packages/airflow/example_dags/example_local_kubernetes_executor.py took 0.093 seconds
[2025-11-12T19:15:25.012+0000] {processor.py:161} INFO - Started process (PID=1189) to work on /home/airflow/.local/lib/python3.12/site-packages/airflow/example_dags/example_local_kubernetes_executor.py
[2025-11-12T19:15:25.013+0000] {processor.py:830} INFO - Processing file /home/airflow/.local/lib/python3.12/site-packages/airflow/example_dags/example_local_kubernetes_executor.py for tasks to queue
[2025-11-12T19:15:25.015+0000] {logging_mixin.py:188} INFO - [2025-11-12T19:15:25.015+0000] {dagbag.py:545} INFO - Filling up the DagBag from /home/airflow/.local/lib/python3.12/site-packages/airflow/example_dags/example_local_kubernetes_executor.py
[2025-11-12T19:15:25.027+0000] {processor.py:840} INFO - DAG(s) 'example_local_kubernetes_executor' retrieved from /home/airflow/.local/lib/python3.12/site-packages/airflow/example_dags/example_local_kubernetes_executor.py
[2025-11-12T19:15:25.079+0000] {logging_mixin.py:188} INFO - [2025-11-12T19:15:25.079+0000] {dag.py:3096} INFO - Sync 1 DAGs
[2025-11-12T19:15:25.094+0000] {logging_mixin.py:188} INFO - [2025-11-12T19:15:25.094+0000] {dag.py:3954} INFO - Setting next_dagrun for example_local_kubernetes_executor to None, run_after=None
[2025-11-12T19:15:25.120+0000] {processor.py:183} INFO - Processing /home/airflow/.local/lib/python3.12/site-packages/airflow/example_dags/example_local_kubernetes_executor.py took 0.116 seconds
[2025-11-12T19:15:55.389+0000] {processor.py:161} INFO - Started process (PID=1248) to work on /home/airflow/.local/lib/python3.12/site-packages/airflow/example_dags/example_local_kubernetes_executor.py
[2025-11-12T19:15:55.390+0000] {processor.py:830} INFO - Processing file /home/airflow/.local/lib/python3.12/site-packages/airflow/example_dags/example_local_kubernetes_executor.py for tasks to queue
[2025-11-12T19:15:55.391+0000] {logging_mixin.py:188} INFO - [2025-11-12T19:15:55.391+0000] {dagbag.py:545} INFO - Filling up the DagBag from /home/airflow/.local/lib/python3.12/site-packages/airflow/example_dags/example_local_kubernetes_executor.py
[2025-11-12T19:15:55.401+0000] {processor.py:840} INFO - DAG(s) 'example_local_kubernetes_executor' retrieved from /home/airflow/.local/lib/python3.12/site-packages/airflow/example_dags/example_local_kubernetes_executor.py
[2025-11-12T19:15:55.443+0000] {logging_mixin.py:188} INFO - [2025-11-12T19:15:55.442+0000] {dag.py:3096} INFO - Sync 1 DAGs
[2025-11-12T19:15:55.481+0000] {logging_mixin.py:188} INFO - [2025-11-12T19:15:55.481+0000] {dag.py:3954} INFO - Setting next_dagrun for example_local_kubernetes_executor to None, run_after=None
[2025-11-12T19:15:55.533+0000] {processor.py:183} INFO - Processing /home/airflow/.local/lib/python3.12/site-packages/airflow/example_dags/example_local_kubernetes_executor.py took 0.150 seconds
[2025-11-12T19:16:59.458+0000] {processor.py:161} INFO - Started process (PID=105) to work on /home/airflow/.local/lib/python3.12/site-packages/airflow/example_dags/example_local_kubernetes_executor.py
[2025-11-12T19:16:59.459+0000] {processor.py:830} INFO - Processing file /home/airflow/.local/lib/python3.12/site-packages/airflow/example_dags/example_local_kubernetes_executor.py for tasks to queue
[2025-11-12T19:16:59.461+0000] {logging_mixin.py:188} INFO - [2025-11-12T19:16:59.461+0000] {dagbag.py:545} INFO - Filling up the DagBag from /home/airflow/.local/lib/python3.12/site-packages/airflow/example_dags/example_local_kubernetes_executor.py
[2025-11-12T19:16:59.471+0000] {processor.py:840} INFO - DAG(s) 'example_local_kubernetes_executor' retrieved from /home/airflow/.local/lib/python3.12/site-packages/airflow/example_dags/example_local_kubernetes_executor.py
[2025-11-12T19:16:59.568+0000] {logging_mixin.py:188} INFO - [2025-11-12T19:16:59.568+0000] {dag.py:3096} INFO - Sync 1 DAGs
[2025-11-12T19:16:59.580+0000] {logging_mixin.py:188} INFO - [2025-11-12T19:16:59.580+0000] {dag.py:3954} INFO - Setting next_dagrun for example_local_kubernetes_executor to None, run_after=None
[2025-11-12T19:16:59.605+0000] {processor.py:183} INFO - Processing /home/airflow/.local/lib/python3.12/site-packages/airflow/example_dags/example_local_kubernetes_executor.py took 0.153 seconds
[2025-11-12T19:17:29.855+0000] {processor.py:161} INFO - Started process (PID=165) to work on /home/airflow/.local/lib/python3.12/site-packages/airflow/example_dags/example_local_kubernetes_executor.py
[2025-11-12T19:17:29.856+0000] {processor.py:830} INFO - Processing file /home/airflow/.local/lib/python3.12/site-packages/airflow/example_dags/example_local_kubernetes_executor.py for tasks to queue
[2025-11-12T19:17:29.859+0000] {logging_mixin.py:188} INFO - [2025-11-12T19:17:29.858+0000] {dagbag.py:545} INFO - Filling up the DagBag from /home/airflow/.local/lib/python3.12/site-packages/airflow/example_dags/example_local_kubernetes_executor.py
[2025-11-12T19:17:29.866+0000] {processor.py:840} INFO - DAG(s) 'example_local_kubernetes_executor' retrieved from /home/airflow/.local/lib/python3.12/site-packages/airflow/example_dags/example_local_kubernetes_executor.py
[2025-11-12T19:17:29.909+0000] {logging_mixin.py:188} INFO - [2025-11-12T19:17:29.907+0000] {dag.py:3096} INFO - Sync 1 DAGs
[2025-11-12T19:17:29.926+0000] {logging_mixin.py:188} INFO - [2025-11-12T19:17:29.925+0000] {dag.py:3954} INFO - Setting next_dagrun for example_local_kubernetes_executor to None, run_after=None
[2025-11-12T19:17:29.952+0000] {processor.py:183} INFO - Processing /home/airflow/.local/lib/python3.12/site-packages/airflow/example_dags/example_local_kubernetes_executor.py took 0.101 seconds
[2025-11-12T19:18:00.940+0000] {processor.py:161} INFO - Started process (PID=225) to work on /home/airflow/.local/lib/python3.12/site-packages/airflow/example_dags/example_local_kubernetes_executor.py
[2025-11-12T19:18:00.941+0000] {processor.py:830} INFO - Processing file /home/airflow/.local/lib/python3.12/site-packages/airflow/example_dags/example_local_kubernetes_executor.py for tasks to queue
[2025-11-12T19:18:00.943+0000] {logging_mixin.py:188} INFO - [2025-11-12T19:18:00.942+0000] {dagbag.py:545} INFO - Filling up the DagBag from /home/airflow/.local/lib/python3.12/site-packages/airflow/example_dags/example_local_kubernetes_executor.py
[2025-11-12T19:18:00.951+0000] {processor.py:840} INFO - DAG(s) 'example_local_kubernetes_executor' retrieved from /home/airflow/.local/lib/python3.12/site-packages/airflow/example_dags/example_local_kubernetes_executor.py
[2025-11-12T19:18:00.987+0000] {logging_mixin.py:188} INFO - [2025-11-12T19:18:00.986+0000] {dag.py:3096} INFO - Sync 1 DAGs
[2025-11-12T19:18:01.000+0000] {logging_mixin.py:188} INFO - [2025-11-12T19:18:01.000+0000] {dag.py:3954} INFO - Setting next_dagrun for example_local_kubernetes_executor to None, run_after=None
[2025-11-12T19:18:01.028+0000] {processor.py:183} INFO - Processing /home/airflow/.local/lib/python3.12/site-packages/airflow/example_dags/example_local_kubernetes_executor.py took 0.094 seconds
[2025-11-12T19:18:31.217+0000] {processor.py:161} INFO - Started process (PID=285) to work on /home/airflow/.local/lib/python3.12/site-packages/airflow/example_dags/example_local_kubernetes_executor.py
[2025-11-12T19:18:31.218+0000] {processor.py:830} INFO - Processing file /home/airflow/.local/lib/python3.12/site-packages/airflow/example_dags/example_local_kubernetes_executor.py for tasks to queue
[2025-11-12T19:18:31.221+0000] {logging_mixin.py:188} INFO - [2025-11-12T19:18:31.221+0000] {dagbag.py:545} INFO - Filling up the DagBag from /home/airflow/.local/lib/python3.12/site-packages/airflow/example_dags/example_local_kubernetes_executor.py
[2025-11-12T19:18:31.229+0000] {processor.py:840} INFO - DAG(s) 'example_local_kubernetes_executor' retrieved from /home/airflow/.local/lib/python3.12/site-packages/airflow/example_dags/example_local_kubernetes_executor.py
[2025-11-12T19:18:31.263+0000] {logging_mixin.py:188} INFO - [2025-11-12T19:18:31.262+0000] {dag.py:3096} INFO - Sync 1 DAGs
[2025-11-12T19:18:31.285+0000] {logging_mixin.py:188} INFO - [2025-11-12T19:18:31.285+0000] {dag.py:3954} INFO - Setting next_dagrun for example_local_kubernetes_executor to None, run_after=None
[2025-11-12T19:18:31.306+0000] {processor.py:183} INFO - Processing /home/airflow/.local/lib/python3.12/site-packages/airflow/example_dags/example_local_kubernetes_executor.py took 0.093 seconds
[2025-11-12T19:19:01.708+0000] {processor.py:161} INFO - Started process (PID=346) to work on /home/airflow/.local/lib/python3.12/site-packages/airflow/example_dags/example_local_kubernetes_executor.py
[2025-11-12T19:19:01.709+0000] {processor.py:830} INFO - Processing file /home/airflow/.local/lib/python3.12/site-packages/airflow/example_dags/example_local_kubernetes_executor.py for tasks to queue
[2025-11-12T19:19:01.711+0000] {logging_mixin.py:188} INFO - [2025-11-12T19:19:01.711+0000] {dagbag.py:545} INFO - Filling up the DagBag from /home/airflow/.local/lib/python3.12/site-packages/airflow/example_dags/example_local_kubernetes_executor.py
[2025-11-12T19:19:01.719+0000] {processor.py:840} INFO - DAG(s) 'example_local_kubernetes_executor' retrieved from /home/airflow/.local/lib/python3.12/site-packages/airflow/example_dags/example_local_kubernetes_executor.py
[2025-11-12T19:19:01.762+0000] {logging_mixin.py:188} INFO - [2025-11-12T19:19:01.761+0000] {dag.py:3096} INFO - Sync 1 DAGs
[2025-11-12T19:19:01.781+0000] {logging_mixin.py:188} INFO - [2025-11-12T19:19:01.781+0000] {dag.py:3954} INFO - Setting next_dagrun for example_local_kubernetes_executor to None, run_after=None
[2025-11-12T19:19:01.814+0000] {processor.py:183} INFO - Processing /home/airflow/.local/lib/python3.12/site-packages/airflow/example_dags/example_local_kubernetes_executor.py took 0.112 seconds
[2025-11-12T19:19:32.757+0000] {processor.py:161} INFO - Started process (PID=406) to work on /home/airflow/.local/lib/python3.12/site-packages/airflow/example_dags/example_local_kubernetes_executor.py
[2025-11-12T19:19:32.759+0000] {processor.py:830} INFO - Processing file /home/airflow/.local/lib/python3.12/site-packages/airflow/example_dags/example_local_kubernetes_executor.py for tasks to queue
[2025-11-12T19:19:32.762+0000] {logging_mixin.py:188} INFO - [2025-11-12T19:19:32.761+0000] {dagbag.py:545} INFO - Filling up the DagBag from /home/airflow/.local/lib/python3.12/site-packages/airflow/example_dags/example_local_kubernetes_executor.py
[2025-11-12T19:19:32.772+0000] {processor.py:840} INFO - DAG(s) 'example_local_kubernetes_executor' retrieved from /home/airflow/.local/lib/python3.12/site-packages/airflow/example_dags/example_local_kubernetes_executor.py
[2025-11-12T19:19:32.816+0000] {logging_mixin.py:188} INFO - [2025-11-12T19:19:32.815+0000] {dag.py:3096} INFO - Sync 1 DAGs
[2025-11-12T19:19:32.830+0000] {logging_mixin.py:188} INFO - [2025-11-12T19:19:32.830+0000] {dag.py:3954} INFO - Setting next_dagrun for example_local_kubernetes_executor to None, run_after=None
[2025-11-12T19:19:32.854+0000] {processor.py:183} INFO - Processing /home/airflow/.local/lib/python3.12/site-packages/airflow/example_dags/example_local_kubernetes_executor.py took 0.104 seconds
[2025-11-12T19:20:03.323+0000] {processor.py:161} INFO - Started process (PID=466) to work on /home/airflow/.local/lib/python3.12/site-packages/airflow/example_dags/example_local_kubernetes_executor.py
[2025-11-12T19:20:03.325+0000] {processor.py:830} INFO - Processing file /home/airflow/.local/lib/python3.12/site-packages/airflow/example_dags/example_local_kubernetes_executor.py for tasks to queue
[2025-11-12T19:20:03.326+0000] {logging_mixin.py:188} INFO - [2025-11-12T19:20:03.326+0000] {dagbag.py:545} INFO - Filling up the DagBag from /home/airflow/.local/lib/python3.12/site-packages/airflow/example_dags/example_local_kubernetes_executor.py
[2025-11-12T19:20:03.333+0000] {processor.py:840} INFO - DAG(s) 'example_local_kubernetes_executor' retrieved from /home/airflow/.local/lib/python3.12/site-packages/airflow/example_dags/example_local_kubernetes_executor.py
[2025-11-12T19:20:03.403+0000] {logging_mixin.py:188} INFO - [2025-11-12T19:20:03.402+0000] {dag.py:3096} INFO - Sync 1 DAGs
[2025-11-12T19:20:03.420+0000] {logging_mixin.py:188} INFO - [2025-11-12T19:20:03.420+0000] {dag.py:3954} INFO - Setting next_dagrun for example_local_kubernetes_executor to None, run_after=None
[2025-11-12T19:20:03.450+0000] {processor.py:183} INFO - Processing /home/airflow/.local/lib/python3.12/site-packages/airflow/example_dags/example_local_kubernetes_executor.py took 0.131 seconds
[2025-11-12T19:20:33.771+0000] {processor.py:161} INFO - Started process (PID=527) to work on /home/airflow/.local/lib/python3.12/site-packages/airflow/example_dags/example_local_kubernetes_executor.py
[2025-11-12T19:20:33.772+0000] {processor.py:830} INFO - Processing file /home/airflow/.local/lib/python3.12/site-packages/airflow/example_dags/example_local_kubernetes_executor.py for tasks to queue
[2025-11-12T19:20:33.774+0000] {logging_mixin.py:188} INFO - [2025-11-12T19:20:33.774+0000] {dagbag.py:545} INFO - Filling up the DagBag from /home/airflow/.local/lib/python3.12/site-packages/airflow/example_dags/example_local_kubernetes_executor.py
[2025-11-12T19:20:33.780+0000] {processor.py:840} INFO - DAG(s) 'example_local_kubernetes_executor' retrieved from /home/airflow/.local/lib/python3.12/site-packages/airflow/example_dags/example_local_kubernetes_executor.py
[2025-11-12T19:20:33.813+0000] {logging_mixin.py:188} INFO - [2025-11-12T19:20:33.812+0000] {dag.py:3096} INFO - Sync 1 DAGs
[2025-11-12T19:20:33.822+0000] {logging_mixin.py:188} INFO - [2025-11-12T19:20:33.822+0000] {dag.py:3954} INFO - Setting next_dagrun for example_local_kubernetes_executor to None, run_after=None
[2025-11-12T19:20:33.840+0000] {processor.py:183} INFO - Processing /home/airflow/.local/lib/python3.12/site-packages/airflow/example_dags/example_local_kubernetes_executor.py took 0.073 seconds
[2025-11-12T19:21:04.026+0000] {processor.py:161} INFO - Started process (PID=587) to work on /home/airflow/.local/lib/python3.12/site-packages/airflow/example_dags/example_local_kubernetes_executor.py
[2025-11-12T19:21:04.026+0000] {processor.py:830} INFO - Processing file /home/airflow/.local/lib/python3.12/site-packages/airflow/example_dags/example_local_kubernetes_executor.py for tasks to queue
[2025-11-12T19:21:04.028+0000] {logging_mixin.py:188} INFO - [2025-11-12T19:21:04.028+0000] {dagbag.py:545} INFO - Filling up the DagBag from /home/airflow/.local/lib/python3.12/site-packages/airflow/example_dags/example_local_kubernetes_executor.py
[2025-11-12T19:21:04.035+0000] {processor.py:840} INFO - DAG(s) 'example_local_kubernetes_executor' retrieved from /home/airflow/.local/lib/python3.12/site-packages/airflow/example_dags/example_local_kubernetes_executor.py
[2025-11-12T19:21:04.066+0000] {logging_mixin.py:188} INFO - [2025-11-12T19:21:04.066+0000] {dag.py:3096} INFO - Sync 1 DAGs
[2025-11-12T19:21:04.076+0000] {logging_mixin.py:188} INFO - [2025-11-12T19:21:04.076+0000] {dag.py:3954} INFO - Setting next_dagrun for example_local_kubernetes_executor to None, run_after=None
[2025-11-12T19:21:04.095+0000] {processor.py:183} INFO - Processing /home/airflow/.local/lib/python3.12/site-packages/airflow/example_dags/example_local_kubernetes_executor.py took 0.073 seconds
[2025-11-12T19:21:34.341+0000] {processor.py:161} INFO - Started process (PID=647) to work on /home/airflow/.local/lib/python3.12/site-packages/airflow/example_dags/example_local_kubernetes_executor.py
[2025-11-12T19:21:34.342+0000] {processor.py:830} INFO - Processing file /home/airflow/.local/lib/python3.12/site-packages/airflow/example_dags/example_local_kubernetes_executor.py for tasks to queue
[2025-11-12T19:21:34.344+0000] {logging_mixin.py:188} INFO - [2025-11-12T19:21:34.343+0000] {dagbag.py:545} INFO - Filling up the DagBag from /home/airflow/.local/lib/python3.12/site-packages/airflow/example_dags/example_local_kubernetes_executor.py
[2025-11-12T19:21:34.350+0000] {processor.py:840} INFO - DAG(s) 'example_local_kubernetes_executor' retrieved from /home/airflow/.local/lib/python3.12/site-packages/airflow/example_dags/example_local_kubernetes_executor.py
[2025-11-12T19:21:34.382+0000] {logging_mixin.py:188} INFO - [2025-11-12T19:21:34.380+0000] {dag.py:3096} INFO - Sync 1 DAGs
[2025-11-12T19:21:34.391+0000] {logging_mixin.py:188} INFO - [2025-11-12T19:21:34.391+0000] {dag.py:3954} INFO - Setting next_dagrun for example_local_kubernetes_executor to None, run_after=None
[2025-11-12T19:21:34.410+0000] {processor.py:183} INFO - Processing /home/airflow/.local/lib/python3.12/site-packages/airflow/example_dags/example_local_kubernetes_executor.py took 0.074 seconds
[2025-11-12T19:22:04.668+0000] {processor.py:161} INFO - Started process (PID=707) to work on /home/airflow/.local/lib/python3.12/site-packages/airflow/example_dags/example_local_kubernetes_executor.py
[2025-11-12T19:22:04.669+0000] {processor.py:830} INFO - Processing file /home/airflow/.local/lib/python3.12/site-packages/airflow/example_dags/example_local_kubernetes_executor.py for tasks to queue
[2025-11-12T19:22:04.671+0000] {logging_mixin.py:188} INFO - [2025-11-12T19:22:04.670+0000] {dagbag.py:545} INFO - Filling up the DagBag from /home/airflow/.local/lib/python3.12/site-packages/airflow/example_dags/example_local_kubernetes_executor.py
[2025-11-12T19:22:04.678+0000] {processor.py:840} INFO - DAG(s) 'example_local_kubernetes_executor' retrieved from /home/airflow/.local/lib/python3.12/site-packages/airflow/example_dags/example_local_kubernetes_executor.py
[2025-11-12T19:22:04.710+0000] {logging_mixin.py:188} INFO - [2025-11-12T19:22:04.710+0000] {dag.py:3096} INFO - Sync 1 DAGs
[2025-11-12T19:22:04.721+0000] {logging_mixin.py:188} INFO - [2025-11-12T19:22:04.721+0000] {dag.py:3954} INFO - Setting next_dagrun for example_local_kubernetes_executor to None, run_after=None
[2025-11-12T19:22:04.742+0000] {processor.py:183} INFO - Processing /home/airflow/.local/lib/python3.12/site-packages/airflow/example_dags/example_local_kubernetes_executor.py took 0.080 seconds
[2025-11-12T19:22:34.948+0000] {processor.py:161} INFO - Started process (PID=768) to work on /home/airflow/.local/lib/python3.12/site-packages/airflow/example_dags/example_local_kubernetes_executor.py
[2025-11-12T19:22:34.949+0000] {processor.py:830} INFO - Processing file /home/airflow/.local/lib/python3.12/site-packages/airflow/example_dags/example_local_kubernetes_executor.py for tasks to queue
[2025-11-12T19:22:34.951+0000] {logging_mixin.py:188} INFO - [2025-11-12T19:22:34.951+0000] {dagbag.py:545} INFO - Filling up the DagBag from /home/airflow/.local/lib/python3.12/site-packages/airflow/example_dags/example_local_kubernetes_executor.py
[2025-11-12T19:22:34.957+0000] {processor.py:840} INFO - DAG(s) 'example_local_kubernetes_executor' retrieved from /home/airflow/.local/lib/python3.12/site-packages/airflow/example_dags/example_local_kubernetes_executor.py
[2025-11-12T19:22:34.993+0000] {logging_mixin.py:188} INFO - [2025-11-12T19:22:34.993+0000] {dag.py:3096} INFO - Sync 1 DAGs
[2025-11-12T19:22:35.006+0000] {logging_mixin.py:188} INFO - [2025-11-12T19:22:35.005+0000] {dag.py:3954} INFO - Setting next_dagrun for example_local_kubernetes_executor to None, run_after=None
[2025-11-12T19:22:35.028+0000] {processor.py:183} INFO - Processing /home/airflow/.local/lib/python3.12/site-packages/airflow/example_dags/example_local_kubernetes_executor.py took 0.085 seconds
[2025-11-12T19:23:05.196+0000] {processor.py:161} INFO - Started process (PID=828) to work on /home/airflow/.local/lib/python3.12/site-packages/airflow/example_dags/example_local_kubernetes_executor.py
[2025-11-12T19:23:05.197+0000] {processor.py:830} INFO - Processing file /home/airflow/.local/lib/python3.12/site-packages/airflow/example_dags/example_local_kubernetes_executor.py for tasks to queue
[2025-11-12T19:23:05.199+0000] {logging_mixin.py:188} INFO - [2025-11-12T19:23:05.199+0000] {dagbag.py:545} INFO - Filling up the DagBag from /home/airflow/.local/lib/python3.12/site-packages/airflow/example_dags/example_local_kubernetes_executor.py
[2025-11-12T19:23:05.206+0000] {processor.py:840} INFO - DAG(s) 'example_local_kubernetes_executor' retrieved from /home/airflow/.local/lib/python3.12/site-packages/airflow/example_dags/example_local_kubernetes_executor.py
[2025-11-12T19:23:05.240+0000] {logging_mixin.py:188} INFO - [2025-11-12T19:23:05.239+0000] {dag.py:3096} INFO - Sync 1 DAGs
[2025-11-12T19:23:05.249+0000] {logging_mixin.py:188} INFO - [2025-11-12T19:23:05.249+0000] {dag.py:3954} INFO - Setting next_dagrun for example_local_kubernetes_executor to None, run_after=None
[2025-11-12T19:23:05.271+0000] {processor.py:183} INFO - Processing /home/airflow/.local/lib/python3.12/site-packages/airflow/example_dags/example_local_kubernetes_executor.py took 0.079 seconds
[2025-11-12T19:23:35.388+0000] {processor.py:161} INFO - Started process (PID=887) to work on /home/airflow/.local/lib/python3.12/site-packages/airflow/example_dags/example_local_kubernetes_executor.py
[2025-11-12T19:23:35.389+0000] {processor.py:830} INFO - Processing file /home/airflow/.local/lib/python3.12/site-packages/airflow/example_dags/example_local_kubernetes_executor.py for tasks to queue
[2025-11-12T19:23:35.391+0000] {logging_mixin.py:188} INFO - [2025-11-12T19:23:35.390+0000] {dagbag.py:545} INFO - Filling up the DagBag from /home/airflow/.local/lib/python3.12/site-packages/airflow/example_dags/example_local_kubernetes_executor.py
[2025-11-12T19:23:35.397+0000] {processor.py:840} INFO - DAG(s) 'example_local_kubernetes_executor' retrieved from /home/airflow/.local/lib/python3.12/site-packages/airflow/example_dags/example_local_kubernetes_executor.py
[2025-11-12T19:23:35.431+0000] {logging_mixin.py:188} INFO - [2025-11-12T19:23:35.430+0000] {dag.py:3096} INFO - Sync 1 DAGs
[2025-11-12T19:23:35.440+0000] {logging_mixin.py:188} INFO - [2025-11-12T19:23:35.440+0000] {dag.py:3954} INFO - Setting next_dagrun for example_local_kubernetes_executor to None, run_after=None
[2025-11-12T19:23:35.458+0000] {processor.py:183} INFO - Processing /home/airflow/.local/lib/python3.12/site-packages/airflow/example_dags/example_local_kubernetes_executor.py took 0.074 seconds
[2025-11-12T19:24:05.788+0000] {processor.py:161} INFO - Started process (PID=947) to work on /home/airflow/.local/lib/python3.12/site-packages/airflow/example_dags/example_local_kubernetes_executor.py
[2025-11-12T19:24:05.789+0000] {processor.py:830} INFO - Processing file /home/airflow/.local/lib/python3.12/site-packages/airflow/example_dags/example_local_kubernetes_executor.py for tasks to queue
[2025-11-12T19:24:05.790+0000] {logging_mixin.py:188} INFO - [2025-11-12T19:24:05.790+0000] {dagbag.py:545} INFO - Filling up the DagBag from /home/airflow/.local/lib/python3.12/site-packages/airflow/example_dags/example_local_kubernetes_executor.py
[2025-11-12T19:24:05.797+0000] {processor.py:840} INFO - DAG(s) 'example_local_kubernetes_executor' retrieved from /home/airflow/.local/lib/python3.12/site-packages/airflow/example_dags/example_local_kubernetes_executor.py
[2025-11-12T19:24:05.831+0000] {logging_mixin.py:188} INFO - [2025-11-12T19:24:05.831+0000] {dag.py:3096} INFO - Sync 1 DAGs
[2025-11-12T19:24:05.841+0000] {logging_mixin.py:188} INFO - [2025-11-12T19:24:05.841+0000] {dag.py:3954} INFO - Setting next_dagrun for example_local_kubernetes_executor to None, run_after=None
[2025-11-12T19:24:05.863+0000] {processor.py:183} INFO - Processing /home/airflow/.local/lib/python3.12/site-packages/airflow/example_dags/example_local_kubernetes_executor.py took 0.081 seconds
[2025-11-12T19:24:36.956+0000] {processor.py:161} INFO - Started process (PID=1008) to work on /home/airflow/.local/lib/python3.12/site-packages/airflow/example_dags/example_local_kubernetes_executor.py
[2025-11-12T19:24:36.958+0000] {processor.py:830} INFO - Processing file /home/airflow/.local/lib/python3.12/site-packages/airflow/example_dags/example_local_kubernetes_executor.py for tasks to queue
[2025-11-12T19:24:36.960+0000] {logging_mixin.py:188} INFO - [2025-11-12T19:24:36.959+0000] {dagbag.py:545} INFO - Filling up the DagBag from /home/airflow/.local/lib/python3.12/site-packages/airflow/example_dags/example_local_kubernetes_executor.py
[2025-11-12T19:24:36.966+0000] {processor.py:840} INFO - DAG(s) 'example_local_kubernetes_executor' retrieved from /home/airflow/.local/lib/python3.12/site-packages/airflow/example_dags/example_local_kubernetes_executor.py
[2025-11-12T19:24:36.998+0000] {logging_mixin.py:188} INFO - [2025-11-12T19:24:36.997+0000] {dag.py:3096} INFO - Sync 1 DAGs
[2025-11-12T19:24:37.014+0000] {logging_mixin.py:188} INFO - [2025-11-12T19:24:37.013+0000] {dag.py:3954} INFO - Setting next_dagrun for example_local_kubernetes_executor to None, run_after=None
[2025-11-12T19:24:37.034+0000] {processor.py:183} INFO - Processing /home/airflow/.local/lib/python3.12/site-packages/airflow/example_dags/example_local_kubernetes_executor.py took 0.082 seconds
[2025-11-12T19:25:07.154+0000] {processor.py:161} INFO - Started process (PID=1067) to work on /home/airflow/.local/lib/python3.12/site-packages/airflow/example_dags/example_local_kubernetes_executor.py
[2025-11-12T19:25:07.155+0000] {processor.py:830} INFO - Processing file /home/airflow/.local/lib/python3.12/site-packages/airflow/example_dags/example_local_kubernetes_executor.py for tasks to queue
[2025-11-12T19:25:07.157+0000] {logging_mixin.py:188} INFO - [2025-11-12T19:25:07.157+0000] {dagbag.py:545} INFO - Filling up the DagBag from /home/airflow/.local/lib/python3.12/site-packages/airflow/example_dags/example_local_kubernetes_executor.py
[2025-11-12T19:25:07.164+0000] {processor.py:840} INFO - DAG(s) 'example_local_kubernetes_executor' retrieved from /home/airflow/.local/lib/python3.12/site-packages/airflow/example_dags/example_local_kubernetes_executor.py
[2025-11-12T19:25:07.196+0000] {logging_mixin.py:188} INFO - [2025-11-12T19:25:07.195+0000] {dag.py:3096} INFO - Sync 1 DAGs
[2025-11-12T19:25:07.208+0000] {logging_mixin.py:188} INFO - [2025-11-12T19:25:07.208+0000] {dag.py:3954} INFO - Setting next_dagrun for example_local_kubernetes_executor to None, run_after=None
[2025-11-12T19:25:07.228+0000] {processor.py:183} INFO - Processing /home/airflow/.local/lib/python3.12/site-packages/airflow/example_dags/example_local_kubernetes_executor.py took 0.079 seconds
[2025-11-12T19:25:37.529+0000] {processor.py:161} INFO - Started process (PID=1127) to work on /home/airflow/.local/lib/python3.12/site-packages/airflow/example_dags/example_local_kubernetes_executor.py
[2025-11-12T19:25:37.530+0000] {processor.py:830} INFO - Processing file /home/airflow/.local/lib/python3.12/site-packages/airflow/example_dags/example_local_kubernetes_executor.py for tasks to queue
[2025-11-12T19:25:37.533+0000] {logging_mixin.py:188} INFO - [2025-11-12T19:25:37.532+0000] {dagbag.py:545} INFO - Filling up the DagBag from /home/airflow/.local/lib/python3.12/site-packages/airflow/example_dags/example_local_kubernetes_executor.py
[2025-11-12T19:25:37.540+0000] {processor.py:840} INFO - DAG(s) 'example_local_kubernetes_executor' retrieved from /home/airflow/.local/lib/python3.12/site-packages/airflow/example_dags/example_local_kubernetes_executor.py
[2025-11-12T19:25:37.589+0000] {logging_mixin.py:188} INFO - [2025-11-12T19:25:37.587+0000] {dag.py:3096} INFO - Sync 1 DAGs
[2025-11-12T19:25:37.613+0000] {logging_mixin.py:188} INFO - [2025-11-12T19:25:37.613+0000] {dag.py:3954} INFO - Setting next_dagrun for example_local_kubernetes_executor to None, run_after=None
[2025-11-12T19:25:37.636+0000] {processor.py:183} INFO - Processing /home/airflow/.local/lib/python3.12/site-packages/airflow/example_dags/example_local_kubernetes_executor.py took 0.112 seconds
[2025-11-12T19:26:07.801+0000] {processor.py:161} INFO - Started process (PID=1187) to work on /home/airflow/.local/lib/python3.12/site-packages/airflow/example_dags/example_local_kubernetes_executor.py
[2025-11-12T19:26:07.802+0000] {processor.py:830} INFO - Processing file /home/airflow/.local/lib/python3.12/site-packages/airflow/example_dags/example_local_kubernetes_executor.py for tasks to queue
[2025-11-12T19:26:07.804+0000] {logging_mixin.py:188} INFO - [2025-11-12T19:26:07.804+0000] {dagbag.py:545} INFO - Filling up the DagBag from /home/airflow/.local/lib/python3.12/site-packages/airflow/example_dags/example_local_kubernetes_executor.py
[2025-11-12T19:26:07.811+0000] {processor.py:840} INFO - DAG(s) 'example_local_kubernetes_executor' retrieved from /home/airflow/.local/lib/python3.12/site-packages/airflow/example_dags/example_local_kubernetes_executor.py
[2025-11-12T19:26:07.846+0000] {logging_mixin.py:188} INFO - [2025-11-12T19:26:07.846+0000] {dag.py:3096} INFO - Sync 1 DAGs
[2025-11-12T19:26:07.859+0000] {logging_mixin.py:188} INFO - [2025-11-12T19:26:07.859+0000] {dag.py:3954} INFO - Setting next_dagrun for example_local_kubernetes_executor to None, run_after=None
[2025-11-12T19:26:07.879+0000] {processor.py:183} INFO - Processing /home/airflow/.local/lib/python3.12/site-packages/airflow/example_dags/example_local_kubernetes_executor.py took 0.083 seconds
[2025-11-12T19:26:38.300+0000] {processor.py:161} INFO - Started process (PID=1248) to work on /home/airflow/.local/lib/python3.12/site-packages/airflow/example_dags/example_local_kubernetes_executor.py
[2025-11-12T19:26:38.302+0000] {processor.py:830} INFO - Processing file /home/airflow/.local/lib/python3.12/site-packages/airflow/example_dags/example_local_kubernetes_executor.py for tasks to queue
[2025-11-12T19:26:38.304+0000] {logging_mixin.py:188} INFO - [2025-11-12T19:26:38.303+0000] {dagbag.py:545} INFO - Filling up the DagBag from /home/airflow/.local/lib/python3.12/site-packages/airflow/example_dags/example_local_kubernetes_executor.py
[2025-11-12T19:26:38.312+0000] {processor.py:840} INFO - DAG(s) 'example_local_kubernetes_executor' retrieved from /home/airflow/.local/lib/python3.12/site-packages/airflow/example_dags/example_local_kubernetes_executor.py
[2025-11-12T19:26:38.355+0000] {logging_mixin.py:188} INFO - [2025-11-12T19:26:38.354+0000] {dag.py:3096} INFO - Sync 1 DAGs
[2025-11-12T19:26:38.368+0000] {logging_mixin.py:188} INFO - [2025-11-12T19:26:38.367+0000] {dag.py:3954} INFO - Setting next_dagrun for example_local_kubernetes_executor to None, run_after=None
[2025-11-12T19:26:38.397+0000] {processor.py:183} INFO - Processing /home/airflow/.local/lib/python3.12/site-packages/airflow/example_dags/example_local_kubernetes_executor.py took 0.101 seconds
[2025-11-12T19:27:08.898+0000] {processor.py:161} INFO - Started process (PID=1308) to work on /home/airflow/.local/lib/python3.12/site-packages/airflow/example_dags/example_local_kubernetes_executor.py
[2025-11-12T19:27:08.900+0000] {processor.py:830} INFO - Processing file /home/airflow/.local/lib/python3.12/site-packages/airflow/example_dags/example_local_kubernetes_executor.py for tasks to queue
[2025-11-12T19:27:08.903+0000] {logging_mixin.py:188} INFO - [2025-11-12T19:27:08.903+0000] {dagbag.py:545} INFO - Filling up the DagBag from /home/airflow/.local/lib/python3.12/site-packages/airflow/example_dags/example_local_kubernetes_executor.py
[2025-11-12T19:27:08.915+0000] {processor.py:840} INFO - DAG(s) 'example_local_kubernetes_executor' retrieved from /home/airflow/.local/lib/python3.12/site-packages/airflow/example_dags/example_local_kubernetes_executor.py
[2025-11-12T19:27:08.985+0000] {logging_mixin.py:188} INFO - [2025-11-12T19:27:08.984+0000] {dag.py:3096} INFO - Sync 1 DAGs
[2025-11-12T19:27:09.005+0000] {logging_mixin.py:188} INFO - [2025-11-12T19:27:09.005+0000] {dag.py:3954} INFO - Setting next_dagrun for example_local_kubernetes_executor to None, run_after=None
[2025-11-12T19:27:09.060+0000] {processor.py:183} INFO - Processing /home/airflow/.local/lib/python3.12/site-packages/airflow/example_dags/example_local_kubernetes_executor.py took 0.168 seconds
[2025-11-12T19:27:39.213+0000] {processor.py:161} INFO - Started process (PID=1368) to work on /home/airflow/.local/lib/python3.12/site-packages/airflow/example_dags/example_local_kubernetes_executor.py
[2025-11-12T19:27:39.214+0000] {processor.py:830} INFO - Processing file /home/airflow/.local/lib/python3.12/site-packages/airflow/example_dags/example_local_kubernetes_executor.py for tasks to queue
[2025-11-12T19:27:39.216+0000] {logging_mixin.py:188} INFO - [2025-11-12T19:27:39.215+0000] {dagbag.py:545} INFO - Filling up the DagBag from /home/airflow/.local/lib/python3.12/site-packages/airflow/example_dags/example_local_kubernetes_executor.py
[2025-11-12T19:27:39.225+0000] {processor.py:840} INFO - DAG(s) 'example_local_kubernetes_executor' retrieved from /home/airflow/.local/lib/python3.12/site-packages/airflow/example_dags/example_local_kubernetes_executor.py
[2025-11-12T19:27:39.272+0000] {logging_mixin.py:188} INFO - [2025-11-12T19:27:39.272+0000] {dag.py:3096} INFO - Sync 1 DAGs
[2025-11-12T19:27:39.285+0000] {logging_mixin.py:188} INFO - [2025-11-12T19:27:39.284+0000] {dag.py:3954} INFO - Setting next_dagrun for example_local_kubernetes_executor to None, run_after=None
[2025-11-12T19:27:39.307+0000] {processor.py:183} INFO - Processing /home/airflow/.local/lib/python3.12/site-packages/airflow/example_dags/example_local_kubernetes_executor.py took 0.100 seconds
[2025-11-12T19:28:11.693+0000] {processor.py:161} INFO - Started process (PID=1429) to work on /home/airflow/.local/lib/python3.12/site-packages/airflow/example_dags/example_local_kubernetes_executor.py
[2025-11-12T19:28:11.695+0000] {processor.py:830} INFO - Processing file /home/airflow/.local/lib/python3.12/site-packages/airflow/example_dags/example_local_kubernetes_executor.py for tasks to queue
[2025-11-12T19:28:11.697+0000] {logging_mixin.py:188} INFO - [2025-11-12T19:28:11.697+0000] {dagbag.py:545} INFO - Filling up the DagBag from /home/airflow/.local/lib/python3.12/site-packages/airflow/example_dags/example_local_kubernetes_executor.py
[2025-11-12T19:28:11.705+0000] {processor.py:840} INFO - DAG(s) 'example_local_kubernetes_executor' retrieved from /home/airflow/.local/lib/python3.12/site-packages/airflow/example_dags/example_local_kubernetes_executor.py
[2025-11-12T19:28:11.951+0000] {logging_mixin.py:188} INFO - [2025-11-12T19:28:11.742+0000] {dag.py:3096} INFO - Sync 1 DAGs
[2025-11-12T19:28:11.962+0000] {logging_mixin.py:188} INFO - [2025-11-12T19:28:11.962+0000] {dag.py:3954} INFO - Setting next_dagrun for example_local_kubernetes_executor to None, run_after=None
[2025-11-12T19:28:11.989+0000] {processor.py:183} INFO - Processing /home/airflow/.local/lib/python3.12/site-packages/airflow/example_dags/example_local_kubernetes_executor.py took 0.301 seconds
[2025-11-12T19:28:42.677+0000] {processor.py:161} INFO - Started process (PID=1489) to work on /home/airflow/.local/lib/python3.12/site-packages/airflow/example_dags/example_local_kubernetes_executor.py
[2025-11-12T19:28:42.678+0000] {processor.py:830} INFO - Processing file /home/airflow/.local/lib/python3.12/site-packages/airflow/example_dags/example_local_kubernetes_executor.py for tasks to queue
[2025-11-12T19:28:42.680+0000] {logging_mixin.py:188} INFO - [2025-11-12T19:28:42.680+0000] {dagbag.py:545} INFO - Filling up the DagBag from /home/airflow/.local/lib/python3.12/site-packages/airflow/example_dags/example_local_kubernetes_executor.py
[2025-11-12T19:28:42.686+0000] {processor.py:840} INFO - DAG(s) 'example_local_kubernetes_executor' retrieved from /home/airflow/.local/lib/python3.12/site-packages/airflow/example_dags/example_local_kubernetes_executor.py
[2025-11-12T19:28:42.717+0000] {logging_mixin.py:188} INFO - [2025-11-12T19:28:42.717+0000] {dag.py:3096} INFO - Sync 1 DAGs
[2025-11-12T19:28:42.727+0000] {logging_mixin.py:188} INFO - [2025-11-12T19:28:42.727+0000] {dag.py:3954} INFO - Setting next_dagrun for example_local_kubernetes_executor to None, run_after=None
[2025-11-12T19:28:42.748+0000] {processor.py:183} INFO - Processing /home/airflow/.local/lib/python3.12/site-packages/airflow/example_dags/example_local_kubernetes_executor.py took 0.075 seconds
[2025-11-12T19:29:12.898+0000] {processor.py:161} INFO - Started process (PID=1549) to work on /home/airflow/.local/lib/python3.12/site-packages/airflow/example_dags/example_local_kubernetes_executor.py
[2025-11-12T19:29:12.899+0000] {processor.py:830} INFO - Processing file /home/airflow/.local/lib/python3.12/site-packages/airflow/example_dags/example_local_kubernetes_executor.py for tasks to queue
[2025-11-12T19:29:12.902+0000] {logging_mixin.py:188} INFO - [2025-11-12T19:29:12.901+0000] {dagbag.py:545} INFO - Filling up the DagBag from /home/airflow/.local/lib/python3.12/site-packages/airflow/example_dags/example_local_kubernetes_executor.py
[2025-11-12T19:29:12.910+0000] {processor.py:840} INFO - DAG(s) 'example_local_kubernetes_executor' retrieved from /home/airflow/.local/lib/python3.12/site-packages/airflow/example_dags/example_local_kubernetes_executor.py
[2025-11-12T19:29:12.942+0000] {logging_mixin.py:188} INFO - [2025-11-12T19:29:12.941+0000] {dag.py:3096} INFO - Sync 1 DAGs
[2025-11-12T19:29:12.953+0000] {logging_mixin.py:188} INFO - [2025-11-12T19:29:12.953+0000] {dag.py:3954} INFO - Setting next_dagrun for example_local_kubernetes_executor to None, run_after=None
[2025-11-12T19:29:12.978+0000] {processor.py:183} INFO - Processing /home/airflow/.local/lib/python3.12/site-packages/airflow/example_dags/example_local_kubernetes_executor.py took 0.084 seconds
[2025-11-12T19:29:44.977+0000] {processor.py:161} INFO - Started process (PID=1609) to work on /home/airflow/.local/lib/python3.12/site-packages/airflow/example_dags/example_local_kubernetes_executor.py
[2025-11-12T19:29:44.978+0000] {processor.py:830} INFO - Processing file /home/airflow/.local/lib/python3.12/site-packages/airflow/example_dags/example_local_kubernetes_executor.py for tasks to queue
[2025-11-12T19:29:44.981+0000] {logging_mixin.py:188} INFO - [2025-11-12T19:29:44.980+0000] {dagbag.py:545} INFO - Filling up the DagBag from /home/airflow/.local/lib/python3.12/site-packages/airflow/example_dags/example_local_kubernetes_executor.py
[2025-11-12T19:29:44.990+0000] {processor.py:840} INFO - DAG(s) 'example_local_kubernetes_executor' retrieved from /home/airflow/.local/lib/python3.12/site-packages/airflow/example_dags/example_local_kubernetes_executor.py
[2025-11-12T19:29:45.328+0000] {logging_mixin.py:188} INFO - [2025-11-12T19:29:45.327+0000] {dag.py:3096} INFO - Sync 1 DAGs
[2025-11-12T19:29:45.341+0000] {logging_mixin.py:188} INFO - [2025-11-12T19:29:45.340+0000] {dag.py:3954} INFO - Setting next_dagrun for example_local_kubernetes_executor to None, run_after=None
[2025-11-12T19:29:45.368+0000] {processor.py:183} INFO - Processing /home/airflow/.local/lib/python3.12/site-packages/airflow/example_dags/example_local_kubernetes_executor.py took 0.397 seconds
[2025-11-12T19:30:16.289+0000] {processor.py:161} INFO - Started process (PID=1669) to work on /home/airflow/.local/lib/python3.12/site-packages/airflow/example_dags/example_local_kubernetes_executor.py
[2025-11-12T19:30:16.290+0000] {processor.py:830} INFO - Processing file /home/airflow/.local/lib/python3.12/site-packages/airflow/example_dags/example_local_kubernetes_executor.py for tasks to queue
[2025-11-12T19:30:16.292+0000] {logging_mixin.py:188} INFO - [2025-11-12T19:30:16.292+0000] {dagbag.py:545} INFO - Filling up the DagBag from /home/airflow/.local/lib/python3.12/site-packages/airflow/example_dags/example_local_kubernetes_executor.py
[2025-11-12T19:30:16.300+0000] {processor.py:840} INFO - DAG(s) 'example_local_kubernetes_executor' retrieved from /home/airflow/.local/lib/python3.12/site-packages/airflow/example_dags/example_local_kubernetes_executor.py
[2025-11-12T19:30:16.343+0000] {logging_mixin.py:188} INFO - [2025-11-12T19:30:16.342+0000] {dag.py:3096} INFO - Sync 1 DAGs
[2025-11-12T19:30:16.354+0000] {logging_mixin.py:188} INFO - [2025-11-12T19:30:16.354+0000] {dag.py:3954} INFO - Setting next_dagrun for example_local_kubernetes_executor to None, run_after=None
[2025-11-12T19:30:16.392+0000] {processor.py:183} INFO - Processing /home/airflow/.local/lib/python3.12/site-packages/airflow/example_dags/example_local_kubernetes_executor.py took 0.109 seconds
[2025-11-12T19:30:46.540+0000] {processor.py:161} INFO - Started process (PID=1729) to work on /home/airflow/.local/lib/python3.12/site-packages/airflow/example_dags/example_local_kubernetes_executor.py
[2025-11-12T19:30:46.541+0000] {processor.py:830} INFO - Processing file /home/airflow/.local/lib/python3.12/site-packages/airflow/example_dags/example_local_kubernetes_executor.py for tasks to queue
[2025-11-12T19:30:46.543+0000] {logging_mixin.py:188} INFO - [2025-11-12T19:30:46.543+0000] {dagbag.py:545} INFO - Filling up the DagBag from /home/airflow/.local/lib/python3.12/site-packages/airflow/example_dags/example_local_kubernetes_executor.py
[2025-11-12T19:30:46.551+0000] {processor.py:840} INFO - DAG(s) 'example_local_kubernetes_executor' retrieved from /home/airflow/.local/lib/python3.12/site-packages/airflow/example_dags/example_local_kubernetes_executor.py
[2025-11-12T19:30:46.584+0000] {logging_mixin.py:188} INFO - [2025-11-12T19:30:46.583+0000] {dag.py:3096} INFO - Sync 1 DAGs
[2025-11-12T19:30:46.596+0000] {logging_mixin.py:188} INFO - [2025-11-12T19:30:46.595+0000] {dag.py:3954} INFO - Setting next_dagrun for example_local_kubernetes_executor to None, run_after=None
[2025-11-12T19:30:46.618+0000] {processor.py:183} INFO - Processing /home/airflow/.local/lib/python3.12/site-packages/airflow/example_dags/example_local_kubernetes_executor.py took 0.082 seconds
[2025-11-12T19:31:16.939+0000] {processor.py:161} INFO - Started process (PID=1789) to work on /home/airflow/.local/lib/python3.12/site-packages/airflow/example_dags/example_local_kubernetes_executor.py
[2025-11-12T19:31:16.940+0000] {processor.py:830} INFO - Processing file /home/airflow/.local/lib/python3.12/site-packages/airflow/example_dags/example_local_kubernetes_executor.py for tasks to queue
[2025-11-12T19:31:16.942+0000] {logging_mixin.py:188} INFO - [2025-11-12T19:31:16.942+0000] {dagbag.py:545} INFO - Filling up the DagBag from /home/airflow/.local/lib/python3.12/site-packages/airflow/example_dags/example_local_kubernetes_executor.py
[2025-11-12T19:31:16.948+0000] {processor.py:840} INFO - DAG(s) 'example_local_kubernetes_executor' retrieved from /home/airflow/.local/lib/python3.12/site-packages/airflow/example_dags/example_local_kubernetes_executor.py
[2025-11-12T19:31:16.986+0000] {logging_mixin.py:188} INFO - [2025-11-12T19:31:16.986+0000] {dag.py:3096} INFO - Sync 1 DAGs
[2025-11-12T19:31:17.000+0000] {logging_mixin.py:188} INFO - [2025-11-12T19:31:17.000+0000] {dag.py:3954} INFO - Setting next_dagrun for example_local_kubernetes_executor to None, run_after=None
[2025-11-12T19:31:17.024+0000] {processor.py:183} INFO - Processing /home/airflow/.local/lib/python3.12/site-packages/airflow/example_dags/example_local_kubernetes_executor.py took 0.089 seconds
[2025-11-12T19:31:47.404+0000] {processor.py:161} INFO - Started process (PID=1852) to work on /home/airflow/.local/lib/python3.12/site-packages/airflow/example_dags/example_local_kubernetes_executor.py
[2025-11-12T19:31:47.405+0000] {processor.py:830} INFO - Processing file /home/airflow/.local/lib/python3.12/site-packages/airflow/example_dags/example_local_kubernetes_executor.py for tasks to queue
[2025-11-12T19:31:47.407+0000] {logging_mixin.py:188} INFO - [2025-11-12T19:31:47.406+0000] {dagbag.py:545} INFO - Filling up the DagBag from /home/airflow/.local/lib/python3.12/site-packages/airflow/example_dags/example_local_kubernetes_executor.py
[2025-11-12T19:31:47.414+0000] {processor.py:840} INFO - DAG(s) 'example_local_kubernetes_executor' retrieved from /home/airflow/.local/lib/python3.12/site-packages/airflow/example_dags/example_local_kubernetes_executor.py
[2025-11-12T19:31:47.458+0000] {logging_mixin.py:188} INFO - [2025-11-12T19:31:47.457+0000] {dag.py:3096} INFO - Sync 1 DAGs
[2025-11-12T19:31:47.474+0000] {logging_mixin.py:188} INFO - [2025-11-12T19:31:47.474+0000] {dag.py:3954} INFO - Setting next_dagrun for example_local_kubernetes_executor to None, run_after=None
[2025-11-12T19:31:47.496+0000] {processor.py:183} INFO - Processing /home/airflow/.local/lib/python3.12/site-packages/airflow/example_dags/example_local_kubernetes_executor.py took 0.098 seconds
