[2025-11-12T19:06:11.489+0000] {processor.py:161} INFO - Started process (PID=92) to work on /home/airflow/.local/lib/python3.12/site-packages/airflow/example_dags/example_short_circuit_operator.py
[2025-11-12T19:06:11.491+0000] {processor.py:830} INFO - Processing file /home/airflow/.local/lib/python3.12/site-packages/airflow/example_dags/example_short_circuit_operator.py for tasks to queue
[2025-11-12T19:06:11.493+0000] {logging_mixin.py:188} INFO - [2025-11-12T19:06:11.493+0000] {dagbag.py:545} INFO - Filling up the DagBag from /home/airflow/.local/lib/python3.12/site-packages/airflow/example_dags/example_short_circuit_operator.py
[2025-11-12T19:06:11.505+0000] {processor.py:840} INFO - DAG(s) 'example_short_circuit_operator' retrieved from /home/airflow/.local/lib/python3.12/site-packages/airflow/example_dags/example_short_circuit_operator.py
[2025-11-12T19:06:11.688+0000] {logging_mixin.py:188} INFO - [2025-11-12T19:06:11.687+0000] {dag.py:3096} INFO - Sync 1 DAGs
[2025-11-12T19:06:11.711+0000] {logging_mixin.py:188} INFO - [2025-11-12T19:06:11.711+0000] {dag.py:3954} INFO - Setting next_dagrun for example_short_circuit_operator to 2025-11-11 00:00:00+00:00, run_after=2025-11-12 00:00:00+00:00
[2025-11-12T19:06:11.744+0000] {processor.py:183} INFO - Processing /home/airflow/.local/lib/python3.12/site-packages/airflow/example_dags/example_short_circuit_operator.py took 0.261 seconds
[2025-11-12T19:06:42.672+0000] {processor.py:161} INFO - Started process (PID=153) to work on /home/airflow/.local/lib/python3.12/site-packages/airflow/example_dags/example_short_circuit_operator.py
[2025-11-12T19:06:42.674+0000] {processor.py:830} INFO - Processing file /home/airflow/.local/lib/python3.12/site-packages/airflow/example_dags/example_short_circuit_operator.py for tasks to queue
[2025-11-12T19:06:42.676+0000] {logging_mixin.py:188} INFO - [2025-11-12T19:06:42.675+0000] {dagbag.py:545} INFO - Filling up the DagBag from /home/airflow/.local/lib/python3.12/site-packages/airflow/example_dags/example_short_circuit_operator.py
[2025-11-12T19:06:42.683+0000] {processor.py:840} INFO - DAG(s) 'example_short_circuit_operator' retrieved from /home/airflow/.local/lib/python3.12/site-packages/airflow/example_dags/example_short_circuit_operator.py
[2025-11-12T19:06:42.704+0000] {logging_mixin.py:188} INFO - [2025-11-12T19:06:42.703+0000] {dag.py:3096} INFO - Sync 1 DAGs
[2025-11-12T19:06:42.724+0000] {logging_mixin.py:188} INFO - [2025-11-12T19:06:42.724+0000] {dag.py:3954} INFO - Setting next_dagrun for example_short_circuit_operator to 2025-11-11 00:00:00+00:00, run_after=2025-11-12 00:00:00+00:00
[2025-11-12T19:06:42.749+0000] {processor.py:183} INFO - Processing /home/airflow/.local/lib/python3.12/site-packages/airflow/example_dags/example_short_circuit_operator.py took 0.081 seconds
[2025-11-12T19:07:13.758+0000] {processor.py:161} INFO - Started process (PID=213) to work on /home/airflow/.local/lib/python3.12/site-packages/airflow/example_dags/example_short_circuit_operator.py
[2025-11-12T19:07:13.759+0000] {processor.py:830} INFO - Processing file /home/airflow/.local/lib/python3.12/site-packages/airflow/example_dags/example_short_circuit_operator.py for tasks to queue
[2025-11-12T19:07:13.761+0000] {logging_mixin.py:188} INFO - [2025-11-12T19:07:13.761+0000] {dagbag.py:545} INFO - Filling up the DagBag from /home/airflow/.local/lib/python3.12/site-packages/airflow/example_dags/example_short_circuit_operator.py
[2025-11-12T19:07:13.767+0000] {processor.py:840} INFO - DAG(s) 'example_short_circuit_operator' retrieved from /home/airflow/.local/lib/python3.12/site-packages/airflow/example_dags/example_short_circuit_operator.py
[2025-11-12T19:07:13.787+0000] {logging_mixin.py:188} INFO - [2025-11-12T19:07:13.786+0000] {dag.py:3096} INFO - Sync 1 DAGs
[2025-11-12T19:07:13.805+0000] {logging_mixin.py:188} INFO - [2025-11-12T19:07:13.805+0000] {dag.py:3954} INFO - Setting next_dagrun for example_short_circuit_operator to 2025-11-11 00:00:00+00:00, run_after=2025-11-12 00:00:00+00:00
[2025-11-12T19:07:13.826+0000] {processor.py:183} INFO - Processing /home/airflow/.local/lib/python3.12/site-packages/airflow/example_dags/example_short_circuit_operator.py took 0.073 seconds
[2025-11-12T19:07:43.927+0000] {processor.py:161} INFO - Started process (PID=273) to work on /home/airflow/.local/lib/python3.12/site-packages/airflow/example_dags/example_short_circuit_operator.py
[2025-11-12T19:07:43.928+0000] {processor.py:830} INFO - Processing file /home/airflow/.local/lib/python3.12/site-packages/airflow/example_dags/example_short_circuit_operator.py for tasks to queue
[2025-11-12T19:07:43.930+0000] {logging_mixin.py:188} INFO - [2025-11-12T19:07:43.930+0000] {dagbag.py:545} INFO - Filling up the DagBag from /home/airflow/.local/lib/python3.12/site-packages/airflow/example_dags/example_short_circuit_operator.py
[2025-11-12T19:07:43.936+0000] {processor.py:840} INFO - DAG(s) 'example_short_circuit_operator' retrieved from /home/airflow/.local/lib/python3.12/site-packages/airflow/example_dags/example_short_circuit_operator.py
[2025-11-12T19:07:43.963+0000] {logging_mixin.py:188} INFO - [2025-11-12T19:07:43.962+0000] {dag.py:3096} INFO - Sync 1 DAGs
[2025-11-12T19:07:43.987+0000] {logging_mixin.py:188} INFO - [2025-11-12T19:07:43.987+0000] {dag.py:3954} INFO - Setting next_dagrun for example_short_circuit_operator to 2025-11-11 00:00:00+00:00, run_after=2025-11-12 00:00:00+00:00
[2025-11-12T19:07:44.011+0000] {processor.py:183} INFO - Processing /home/airflow/.local/lib/python3.12/site-packages/airflow/example_dags/example_short_circuit_operator.py took 0.088 seconds
[2025-11-12T19:08:14.914+0000] {processor.py:161} INFO - Started process (PID=333) to work on /home/airflow/.local/lib/python3.12/site-packages/airflow/example_dags/example_short_circuit_operator.py
[2025-11-12T19:08:14.915+0000] {processor.py:830} INFO - Processing file /home/airflow/.local/lib/python3.12/site-packages/airflow/example_dags/example_short_circuit_operator.py for tasks to queue
[2025-11-12T19:08:14.916+0000] {logging_mixin.py:188} INFO - [2025-11-12T19:08:14.916+0000] {dagbag.py:545} INFO - Filling up the DagBag from /home/airflow/.local/lib/python3.12/site-packages/airflow/example_dags/example_short_circuit_operator.py
[2025-11-12T19:08:14.922+0000] {processor.py:840} INFO - DAG(s) 'example_short_circuit_operator' retrieved from /home/airflow/.local/lib/python3.12/site-packages/airflow/example_dags/example_short_circuit_operator.py
[2025-11-12T19:08:14.942+0000] {logging_mixin.py:188} INFO - [2025-11-12T19:08:14.942+0000] {dag.py:3096} INFO - Sync 1 DAGs
[2025-11-12T19:08:14.960+0000] {logging_mixin.py:188} INFO - [2025-11-12T19:08:14.960+0000] {dag.py:3954} INFO - Setting next_dagrun for example_short_circuit_operator to 2025-11-11 00:00:00+00:00, run_after=2025-11-12 00:00:00+00:00
[2025-11-12T19:08:14.980+0000] {processor.py:183} INFO - Processing /home/airflow/.local/lib/python3.12/site-packages/airflow/example_dags/example_short_circuit_operator.py took 0.070 seconds
[2025-11-12T19:08:45.294+0000] {processor.py:161} INFO - Started process (PID=393) to work on /home/airflow/.local/lib/python3.12/site-packages/airflow/example_dags/example_short_circuit_operator.py
[2025-11-12T19:08:45.296+0000] {processor.py:830} INFO - Processing file /home/airflow/.local/lib/python3.12/site-packages/airflow/example_dags/example_short_circuit_operator.py for tasks to queue
[2025-11-12T19:08:45.297+0000] {logging_mixin.py:188} INFO - [2025-11-12T19:08:45.297+0000] {dagbag.py:545} INFO - Filling up the DagBag from /home/airflow/.local/lib/python3.12/site-packages/airflow/example_dags/example_short_circuit_operator.py
[2025-11-12T19:08:45.306+0000] {processor.py:840} INFO - DAG(s) 'example_short_circuit_operator' retrieved from /home/airflow/.local/lib/python3.12/site-packages/airflow/example_dags/example_short_circuit_operator.py
[2025-11-12T19:08:45.334+0000] {logging_mixin.py:188} INFO - [2025-11-12T19:08:45.334+0000] {dag.py:3096} INFO - Sync 1 DAGs
[2025-11-12T19:08:45.363+0000] {logging_mixin.py:188} INFO - [2025-11-12T19:08:45.362+0000] {dag.py:3954} INFO - Setting next_dagrun for example_short_circuit_operator to 2025-11-11 00:00:00+00:00, run_after=2025-11-12 00:00:00+00:00
[2025-11-12T19:08:45.389+0000] {processor.py:183} INFO - Processing /home/airflow/.local/lib/python3.12/site-packages/airflow/example_dags/example_short_circuit_operator.py took 0.102 seconds
[2025-11-12T19:09:15.636+0000] {processor.py:161} INFO - Started process (PID=454) to work on /home/airflow/.local/lib/python3.12/site-packages/airflow/example_dags/example_short_circuit_operator.py
[2025-11-12T19:09:15.637+0000] {processor.py:830} INFO - Processing file /home/airflow/.local/lib/python3.12/site-packages/airflow/example_dags/example_short_circuit_operator.py for tasks to queue
[2025-11-12T19:09:15.638+0000] {logging_mixin.py:188} INFO - [2025-11-12T19:09:15.637+0000] {dagbag.py:545} INFO - Filling up the DagBag from /home/airflow/.local/lib/python3.12/site-packages/airflow/example_dags/example_short_circuit_operator.py
[2025-11-12T19:09:15.644+0000] {processor.py:840} INFO - DAG(s) 'example_short_circuit_operator' retrieved from /home/airflow/.local/lib/python3.12/site-packages/airflow/example_dags/example_short_circuit_operator.py
[2025-11-12T19:09:15.672+0000] {logging_mixin.py:188} INFO - [2025-11-12T19:09:15.671+0000] {dag.py:3096} INFO - Sync 1 DAGs
[2025-11-12T19:09:15.693+0000] {logging_mixin.py:188} INFO - [2025-11-12T19:09:15.693+0000] {dag.py:3954} INFO - Setting next_dagrun for example_short_circuit_operator to 2025-11-11 00:00:00+00:00, run_after=2025-11-12 00:00:00+00:00
[2025-11-12T19:09:15.717+0000] {processor.py:183} INFO - Processing /home/airflow/.local/lib/python3.12/site-packages/airflow/example_dags/example_short_circuit_operator.py took 0.087 seconds
[2025-11-12T19:09:46.670+0000] {processor.py:161} INFO - Started process (PID=515) to work on /home/airflow/.local/lib/python3.12/site-packages/airflow/example_dags/example_short_circuit_operator.py
[2025-11-12T19:09:46.671+0000] {processor.py:830} INFO - Processing file /home/airflow/.local/lib/python3.12/site-packages/airflow/example_dags/example_short_circuit_operator.py for tasks to queue
[2025-11-12T19:09:46.672+0000] {logging_mixin.py:188} INFO - [2025-11-12T19:09:46.672+0000] {dagbag.py:545} INFO - Filling up the DagBag from /home/airflow/.local/lib/python3.12/site-packages/airflow/example_dags/example_short_circuit_operator.py
[2025-11-12T19:09:46.679+0000] {processor.py:840} INFO - DAG(s) 'example_short_circuit_operator' retrieved from /home/airflow/.local/lib/python3.12/site-packages/airflow/example_dags/example_short_circuit_operator.py
[2025-11-12T19:09:46.703+0000] {logging_mixin.py:188} INFO - [2025-11-12T19:09:46.702+0000] {dag.py:3096} INFO - Sync 1 DAGs
[2025-11-12T19:09:46.722+0000] {logging_mixin.py:188} INFO - [2025-11-12T19:09:46.722+0000] {dag.py:3954} INFO - Setting next_dagrun for example_short_circuit_operator to 2025-11-11 00:00:00+00:00, run_after=2025-11-12 00:00:00+00:00
[2025-11-12T19:09:46.748+0000] {processor.py:183} INFO - Processing /home/airflow/.local/lib/python3.12/site-packages/airflow/example_dags/example_short_circuit_operator.py took 0.082 seconds
[2025-11-12T19:10:16.987+0000] {processor.py:161} INFO - Started process (PID=575) to work on /home/airflow/.local/lib/python3.12/site-packages/airflow/example_dags/example_short_circuit_operator.py
[2025-11-12T19:10:16.989+0000] {processor.py:830} INFO - Processing file /home/airflow/.local/lib/python3.12/site-packages/airflow/example_dags/example_short_circuit_operator.py for tasks to queue
[2025-11-12T19:10:16.991+0000] {logging_mixin.py:188} INFO - [2025-11-12T19:10:16.990+0000] {dagbag.py:545} INFO - Filling up the DagBag from /home/airflow/.local/lib/python3.12/site-packages/airflow/example_dags/example_short_circuit_operator.py
[2025-11-12T19:10:17.001+0000] {processor.py:840} INFO - DAG(s) 'example_short_circuit_operator' retrieved from /home/airflow/.local/lib/python3.12/site-packages/airflow/example_dags/example_short_circuit_operator.py
[2025-11-12T19:10:17.035+0000] {logging_mixin.py:188} INFO - [2025-11-12T19:10:17.034+0000] {dag.py:3096} INFO - Sync 1 DAGs
[2025-11-12T19:10:17.063+0000] {logging_mixin.py:188} INFO - [2025-11-12T19:10:17.062+0000] {dag.py:3954} INFO - Setting next_dagrun for example_short_circuit_operator to 2025-11-11 00:00:00+00:00, run_after=2025-11-12 00:00:00+00:00
[2025-11-12T19:10:17.089+0000] {processor.py:183} INFO - Processing /home/airflow/.local/lib/python3.12/site-packages/airflow/example_dags/example_short_circuit_operator.py took 0.109 seconds
[2025-11-12T19:10:47.178+0000] {processor.py:161} INFO - Started process (PID=636) to work on /home/airflow/.local/lib/python3.12/site-packages/airflow/example_dags/example_short_circuit_operator.py
[2025-11-12T19:10:47.179+0000] {processor.py:830} INFO - Processing file /home/airflow/.local/lib/python3.12/site-packages/airflow/example_dags/example_short_circuit_operator.py for tasks to queue
[2025-11-12T19:10:47.180+0000] {logging_mixin.py:188} INFO - [2025-11-12T19:10:47.180+0000] {dagbag.py:545} INFO - Filling up the DagBag from /home/airflow/.local/lib/python3.12/site-packages/airflow/example_dags/example_short_circuit_operator.py
[2025-11-12T19:10:47.186+0000] {processor.py:840} INFO - DAG(s) 'example_short_circuit_operator' retrieved from /home/airflow/.local/lib/python3.12/site-packages/airflow/example_dags/example_short_circuit_operator.py
[2025-11-12T19:10:47.213+0000] {logging_mixin.py:188} INFO - [2025-11-12T19:10:47.212+0000] {dag.py:3096} INFO - Sync 1 DAGs
[2025-11-12T19:10:47.241+0000] {logging_mixin.py:188} INFO - [2025-11-12T19:10:47.241+0000] {dag.py:3954} INFO - Setting next_dagrun for example_short_circuit_operator to 2025-11-11 00:00:00+00:00, run_after=2025-11-12 00:00:00+00:00
[2025-11-12T19:10:47.271+0000] {processor.py:183} INFO - Processing /home/airflow/.local/lib/python3.12/site-packages/airflow/example_dags/example_short_circuit_operator.py took 0.097 seconds
[2025-11-12T19:11:17.488+0000] {processor.py:161} INFO - Started process (PID=695) to work on /home/airflow/.local/lib/python3.12/site-packages/airflow/example_dags/example_short_circuit_operator.py
[2025-11-12T19:11:17.489+0000] {processor.py:830} INFO - Processing file /home/airflow/.local/lib/python3.12/site-packages/airflow/example_dags/example_short_circuit_operator.py for tasks to queue
[2025-11-12T19:11:17.489+0000] {logging_mixin.py:188} INFO - [2025-11-12T19:11:17.489+0000] {dagbag.py:545} INFO - Filling up the DagBag from /home/airflow/.local/lib/python3.12/site-packages/airflow/example_dags/example_short_circuit_operator.py
[2025-11-12T19:11:17.496+0000] {processor.py:840} INFO - DAG(s) 'example_short_circuit_operator' retrieved from /home/airflow/.local/lib/python3.12/site-packages/airflow/example_dags/example_short_circuit_operator.py
[2025-11-12T19:11:17.516+0000] {logging_mixin.py:188} INFO - [2025-11-12T19:11:17.516+0000] {dag.py:3096} INFO - Sync 1 DAGs
[2025-11-12T19:11:17.534+0000] {logging_mixin.py:188} INFO - [2025-11-12T19:11:17.533+0000] {dag.py:3954} INFO - Setting next_dagrun for example_short_circuit_operator to 2025-11-11 00:00:00+00:00, run_after=2025-11-12 00:00:00+00:00
[2025-11-12T19:11:17.553+0000] {processor.py:183} INFO - Processing /home/airflow/.local/lib/python3.12/site-packages/airflow/example_dags/example_short_circuit_operator.py took 0.070 seconds
[2025-11-12T19:11:48.745+0000] {processor.py:161} INFO - Started process (PID=756) to work on /home/airflow/.local/lib/python3.12/site-packages/airflow/example_dags/example_short_circuit_operator.py
[2025-11-12T19:11:48.746+0000] {processor.py:830} INFO - Processing file /home/airflow/.local/lib/python3.12/site-packages/airflow/example_dags/example_short_circuit_operator.py for tasks to queue
[2025-11-12T19:11:48.747+0000] {logging_mixin.py:188} INFO - [2025-11-12T19:11:48.747+0000] {dagbag.py:545} INFO - Filling up the DagBag from /home/airflow/.local/lib/python3.12/site-packages/airflow/example_dags/example_short_circuit_operator.py
[2025-11-12T19:11:48.754+0000] {processor.py:840} INFO - DAG(s) 'example_short_circuit_operator' retrieved from /home/airflow/.local/lib/python3.12/site-packages/airflow/example_dags/example_short_circuit_operator.py
[2025-11-12T19:11:48.775+0000] {logging_mixin.py:188} INFO - [2025-11-12T19:11:48.775+0000] {dag.py:3096} INFO - Sync 1 DAGs
[2025-11-12T19:11:48.793+0000] {logging_mixin.py:188} INFO - [2025-11-12T19:11:48.792+0000] {dag.py:3954} INFO - Setting next_dagrun for example_short_circuit_operator to 2025-11-11 00:00:00+00:00, run_after=2025-11-12 00:00:00+00:00
[2025-11-12T19:11:48.811+0000] {processor.py:183} INFO - Processing /home/airflow/.local/lib/python3.12/site-packages/airflow/example_dags/example_short_circuit_operator.py took 0.070 seconds
[2025-11-12T19:12:19.933+0000] {processor.py:161} INFO - Started process (PID=816) to work on /home/airflow/.local/lib/python3.12/site-packages/airflow/example_dags/example_short_circuit_operator.py
[2025-11-12T19:12:19.934+0000] {processor.py:830} INFO - Processing file /home/airflow/.local/lib/python3.12/site-packages/airflow/example_dags/example_short_circuit_operator.py for tasks to queue
[2025-11-12T19:12:19.935+0000] {logging_mixin.py:188} INFO - [2025-11-12T19:12:19.935+0000] {dagbag.py:545} INFO - Filling up the DagBag from /home/airflow/.local/lib/python3.12/site-packages/airflow/example_dags/example_short_circuit_operator.py
[2025-11-12T19:12:19.942+0000] {processor.py:840} INFO - DAG(s) 'example_short_circuit_operator' retrieved from /home/airflow/.local/lib/python3.12/site-packages/airflow/example_dags/example_short_circuit_operator.py
[2025-11-12T19:12:19.964+0000] {logging_mixin.py:188} INFO - [2025-11-12T19:12:19.964+0000] {dag.py:3096} INFO - Sync 1 DAGs
[2025-11-12T19:12:19.982+0000] {logging_mixin.py:188} INFO - [2025-11-12T19:12:19.982+0000] {dag.py:3954} INFO - Setting next_dagrun for example_short_circuit_operator to 2025-11-11 00:00:00+00:00, run_after=2025-11-12 00:00:00+00:00
[2025-11-12T19:12:20.002+0000] {processor.py:183} INFO - Processing /home/airflow/.local/lib/python3.12/site-packages/airflow/example_dags/example_short_circuit_operator.py took 0.074 seconds
[2025-11-12T19:12:50.277+0000] {processor.py:161} INFO - Started process (PID=876) to work on /home/airflow/.local/lib/python3.12/site-packages/airflow/example_dags/example_short_circuit_operator.py
[2025-11-12T19:12:50.278+0000] {processor.py:830} INFO - Processing file /home/airflow/.local/lib/python3.12/site-packages/airflow/example_dags/example_short_circuit_operator.py for tasks to queue
[2025-11-12T19:12:50.279+0000] {logging_mixin.py:188} INFO - [2025-11-12T19:12:50.279+0000] {dagbag.py:545} INFO - Filling up the DagBag from /home/airflow/.local/lib/python3.12/site-packages/airflow/example_dags/example_short_circuit_operator.py
[2025-11-12T19:12:50.285+0000] {processor.py:840} INFO - DAG(s) 'example_short_circuit_operator' retrieved from /home/airflow/.local/lib/python3.12/site-packages/airflow/example_dags/example_short_circuit_operator.py
[2025-11-12T19:12:50.310+0000] {logging_mixin.py:188} INFO - [2025-11-12T19:12:50.309+0000] {dag.py:3096} INFO - Sync 1 DAGs
[2025-11-12T19:12:50.328+0000] {logging_mixin.py:188} INFO - [2025-11-12T19:12:50.328+0000] {dag.py:3954} INFO - Setting next_dagrun for example_short_circuit_operator to 2025-11-11 00:00:00+00:00, run_after=2025-11-12 00:00:00+00:00
[2025-11-12T19:12:50.350+0000] {processor.py:183} INFO - Processing /home/airflow/.local/lib/python3.12/site-packages/airflow/example_dags/example_short_circuit_operator.py took 0.077 seconds
[2025-11-12T19:13:20.656+0000] {processor.py:161} INFO - Started process (PID=936) to work on /home/airflow/.local/lib/python3.12/site-packages/airflow/example_dags/example_short_circuit_operator.py
[2025-11-12T19:13:20.657+0000] {processor.py:830} INFO - Processing file /home/airflow/.local/lib/python3.12/site-packages/airflow/example_dags/example_short_circuit_operator.py for tasks to queue
[2025-11-12T19:13:20.658+0000] {logging_mixin.py:188} INFO - [2025-11-12T19:13:20.658+0000] {dagbag.py:545} INFO - Filling up the DagBag from /home/airflow/.local/lib/python3.12/site-packages/airflow/example_dags/example_short_circuit_operator.py
[2025-11-12T19:13:20.664+0000] {processor.py:840} INFO - DAG(s) 'example_short_circuit_operator' retrieved from /home/airflow/.local/lib/python3.12/site-packages/airflow/example_dags/example_short_circuit_operator.py
[2025-11-12T19:13:20.686+0000] {logging_mixin.py:188} INFO - [2025-11-12T19:13:20.686+0000] {dag.py:3096} INFO - Sync 1 DAGs
[2025-11-12T19:13:20.703+0000] {logging_mixin.py:188} INFO - [2025-11-12T19:13:20.702+0000] {dag.py:3954} INFO - Setting next_dagrun for example_short_circuit_operator to 2025-11-11 00:00:00+00:00, run_after=2025-11-12 00:00:00+00:00
[2025-11-12T19:13:20.723+0000] {processor.py:183} INFO - Processing /home/airflow/.local/lib/python3.12/site-packages/airflow/example_dags/example_short_circuit_operator.py took 0.072 seconds
[2025-11-12T19:13:51.049+0000] {processor.py:161} INFO - Started process (PID=996) to work on /home/airflow/.local/lib/python3.12/site-packages/airflow/example_dags/example_short_circuit_operator.py
[2025-11-12T19:13:51.050+0000] {processor.py:830} INFO - Processing file /home/airflow/.local/lib/python3.12/site-packages/airflow/example_dags/example_short_circuit_operator.py for tasks to queue
[2025-11-12T19:13:51.051+0000] {logging_mixin.py:188} INFO - [2025-11-12T19:13:51.051+0000] {dagbag.py:545} INFO - Filling up the DagBag from /home/airflow/.local/lib/python3.12/site-packages/airflow/example_dags/example_short_circuit_operator.py
[2025-11-12T19:13:51.058+0000] {processor.py:840} INFO - DAG(s) 'example_short_circuit_operator' retrieved from /home/airflow/.local/lib/python3.12/site-packages/airflow/example_dags/example_short_circuit_operator.py
[2025-11-12T19:13:51.082+0000] {logging_mixin.py:188} INFO - [2025-11-12T19:13:51.082+0000] {dag.py:3096} INFO - Sync 1 DAGs
[2025-11-12T19:13:51.098+0000] {logging_mixin.py:188} INFO - [2025-11-12T19:13:51.098+0000] {dag.py:3954} INFO - Setting next_dagrun for example_short_circuit_operator to 2025-11-11 00:00:00+00:00, run_after=2025-11-12 00:00:00+00:00
[2025-11-12T19:13:51.121+0000] {processor.py:183} INFO - Processing /home/airflow/.local/lib/python3.12/site-packages/airflow/example_dags/example_short_circuit_operator.py took 0.077 seconds
[2025-11-12T19:14:21.269+0000] {processor.py:161} INFO - Started process (PID=1056) to work on /home/airflow/.local/lib/python3.12/site-packages/airflow/example_dags/example_short_circuit_operator.py
[2025-11-12T19:14:21.271+0000] {processor.py:830} INFO - Processing file /home/airflow/.local/lib/python3.12/site-packages/airflow/example_dags/example_short_circuit_operator.py for tasks to queue
[2025-11-12T19:14:21.273+0000] {logging_mixin.py:188} INFO - [2025-11-12T19:14:21.272+0000] {dagbag.py:545} INFO - Filling up the DagBag from /home/airflow/.local/lib/python3.12/site-packages/airflow/example_dags/example_short_circuit_operator.py
[2025-11-12T19:14:21.283+0000] {processor.py:840} INFO - DAG(s) 'example_short_circuit_operator' retrieved from /home/airflow/.local/lib/python3.12/site-packages/airflow/example_dags/example_short_circuit_operator.py
[2025-11-12T19:14:21.306+0000] {logging_mixin.py:188} INFO - [2025-11-12T19:14:21.305+0000] {dag.py:3096} INFO - Sync 1 DAGs
[2025-11-12T19:14:21.326+0000] {logging_mixin.py:188} INFO - [2025-11-12T19:14:21.325+0000] {dag.py:3954} INFO - Setting next_dagrun for example_short_circuit_operator to 2025-11-11 00:00:00+00:00, run_after=2025-11-12 00:00:00+00:00
[2025-11-12T19:14:21.347+0000] {processor.py:183} INFO - Processing /home/airflow/.local/lib/python3.12/site-packages/airflow/example_dags/example_short_circuit_operator.py took 0.083 seconds
[2025-11-12T19:14:52.435+0000] {processor.py:161} INFO - Started process (PID=1116) to work on /home/airflow/.local/lib/python3.12/site-packages/airflow/example_dags/example_short_circuit_operator.py
[2025-11-12T19:14:52.436+0000] {processor.py:830} INFO - Processing file /home/airflow/.local/lib/python3.12/site-packages/airflow/example_dags/example_short_circuit_operator.py for tasks to queue
[2025-11-12T19:14:52.437+0000] {logging_mixin.py:188} INFO - [2025-11-12T19:14:52.437+0000] {dagbag.py:545} INFO - Filling up the DagBag from /home/airflow/.local/lib/python3.12/site-packages/airflow/example_dags/example_short_circuit_operator.py
[2025-11-12T19:14:52.444+0000] {processor.py:840} INFO - DAG(s) 'example_short_circuit_operator' retrieved from /home/airflow/.local/lib/python3.12/site-packages/airflow/example_dags/example_short_circuit_operator.py
[2025-11-12T19:14:52.469+0000] {logging_mixin.py:188} INFO - [2025-11-12T19:14:52.469+0000] {dag.py:3096} INFO - Sync 1 DAGs
[2025-11-12T19:14:52.491+0000] {logging_mixin.py:188} INFO - [2025-11-12T19:14:52.491+0000] {dag.py:3954} INFO - Setting next_dagrun for example_short_circuit_operator to 2025-11-11 00:00:00+00:00, run_after=2025-11-12 00:00:00+00:00
[2025-11-12T19:14:52.519+0000] {processor.py:183} INFO - Processing /home/airflow/.local/lib/python3.12/site-packages/airflow/example_dags/example_short_circuit_operator.py took 0.091 seconds
[2025-11-12T19:15:23.186+0000] {processor.py:161} INFO - Started process (PID=1176) to work on /home/airflow/.local/lib/python3.12/site-packages/airflow/example_dags/example_short_circuit_operator.py
[2025-11-12T19:15:23.187+0000] {processor.py:830} INFO - Processing file /home/airflow/.local/lib/python3.12/site-packages/airflow/example_dags/example_short_circuit_operator.py for tasks to queue
[2025-11-12T19:15:23.188+0000] {logging_mixin.py:188} INFO - [2025-11-12T19:15:23.188+0000] {dagbag.py:545} INFO - Filling up the DagBag from /home/airflow/.local/lib/python3.12/site-packages/airflow/example_dags/example_short_circuit_operator.py
[2025-11-12T19:15:23.195+0000] {processor.py:840} INFO - DAG(s) 'example_short_circuit_operator' retrieved from /home/airflow/.local/lib/python3.12/site-packages/airflow/example_dags/example_short_circuit_operator.py
[2025-11-12T19:15:23.218+0000] {logging_mixin.py:188} INFO - [2025-11-12T19:15:23.218+0000] {dag.py:3096} INFO - Sync 1 DAGs
[2025-11-12T19:15:23.237+0000] {logging_mixin.py:188} INFO - [2025-11-12T19:15:23.237+0000] {dag.py:3954} INFO - Setting next_dagrun for example_short_circuit_operator to 2025-11-11 00:00:00+00:00, run_after=2025-11-12 00:00:00+00:00
[2025-11-12T19:15:23.265+0000] {processor.py:183} INFO - Processing /home/airflow/.local/lib/python3.12/site-packages/airflow/example_dags/example_short_circuit_operator.py took 0.083 seconds
[2025-11-12T19:15:53.645+0000] {processor.py:161} INFO - Started process (PID=1236) to work on /home/airflow/.local/lib/python3.12/site-packages/airflow/example_dags/example_short_circuit_operator.py
[2025-11-12T19:15:53.647+0000] {processor.py:830} INFO - Processing file /home/airflow/.local/lib/python3.12/site-packages/airflow/example_dags/example_short_circuit_operator.py for tasks to queue
[2025-11-12T19:15:53.648+0000] {logging_mixin.py:188} INFO - [2025-11-12T19:15:53.648+0000] {dagbag.py:545} INFO - Filling up the DagBag from /home/airflow/.local/lib/python3.12/site-packages/airflow/example_dags/example_short_circuit_operator.py
[2025-11-12T19:15:53.655+0000] {processor.py:840} INFO - DAG(s) 'example_short_circuit_operator' retrieved from /home/airflow/.local/lib/python3.12/site-packages/airflow/example_dags/example_short_circuit_operator.py
[2025-11-12T19:15:53.686+0000] {logging_mixin.py:188} INFO - [2025-11-12T19:15:53.686+0000] {dag.py:3096} INFO - Sync 1 DAGs
[2025-11-12T19:15:53.716+0000] {logging_mixin.py:188} INFO - [2025-11-12T19:15:53.716+0000] {dag.py:3954} INFO - Setting next_dagrun for example_short_circuit_operator to 2025-11-11 00:00:00+00:00, run_after=2025-11-12 00:00:00+00:00
[2025-11-12T19:15:53.742+0000] {processor.py:183} INFO - Processing /home/airflow/.local/lib/python3.12/site-packages/airflow/example_dags/example_short_circuit_operator.py took 0.101 seconds
[2025-11-12T19:16:57.697+0000] {processor.py:161} INFO - Started process (PID=93) to work on /home/airflow/.local/lib/python3.12/site-packages/airflow/example_dags/example_short_circuit_operator.py
[2025-11-12T19:16:57.699+0000] {processor.py:830} INFO - Processing file /home/airflow/.local/lib/python3.12/site-packages/airflow/example_dags/example_short_circuit_operator.py for tasks to queue
[2025-11-12T19:16:57.702+0000] {logging_mixin.py:188} INFO - [2025-11-12T19:16:57.701+0000] {dagbag.py:545} INFO - Filling up the DagBag from /home/airflow/.local/lib/python3.12/site-packages/airflow/example_dags/example_short_circuit_operator.py
[2025-11-12T19:16:57.714+0000] {processor.py:840} INFO - DAG(s) 'example_short_circuit_operator' retrieved from /home/airflow/.local/lib/python3.12/site-packages/airflow/example_dags/example_short_circuit_operator.py
[2025-11-12T19:16:57.828+0000] {logging_mixin.py:188} INFO - [2025-11-12T19:16:57.827+0000] {dag.py:3096} INFO - Sync 1 DAGs
[2025-11-12T19:16:57.848+0000] {logging_mixin.py:188} INFO - [2025-11-12T19:16:57.848+0000] {dag.py:3954} INFO - Setting next_dagrun for example_short_circuit_operator to 2025-11-11 00:00:00+00:00, run_after=2025-11-12 00:00:00+00:00
[2025-11-12T19:16:57.873+0000] {processor.py:183} INFO - Processing /home/airflow/.local/lib/python3.12/site-packages/airflow/example_dags/example_short_circuit_operator.py took 0.181 seconds
[2025-11-12T19:17:28.002+0000] {processor.py:161} INFO - Started process (PID=153) to work on /home/airflow/.local/lib/python3.12/site-packages/airflow/example_dags/example_short_circuit_operator.py
[2025-11-12T19:17:28.004+0000] {processor.py:830} INFO - Processing file /home/airflow/.local/lib/python3.12/site-packages/airflow/example_dags/example_short_circuit_operator.py for tasks to queue
[2025-11-12T19:17:28.006+0000] {logging_mixin.py:188} INFO - [2025-11-12T19:17:28.005+0000] {dagbag.py:545} INFO - Filling up the DagBag from /home/airflow/.local/lib/python3.12/site-packages/airflow/example_dags/example_short_circuit_operator.py
[2025-11-12T19:17:28.013+0000] {processor.py:840} INFO - DAG(s) 'example_short_circuit_operator' retrieved from /home/airflow/.local/lib/python3.12/site-packages/airflow/example_dags/example_short_circuit_operator.py
[2025-11-12T19:17:28.037+0000] {logging_mixin.py:188} INFO - [2025-11-12T19:17:28.036+0000] {dag.py:3096} INFO - Sync 1 DAGs
[2025-11-12T19:17:28.055+0000] {logging_mixin.py:188} INFO - [2025-11-12T19:17:28.055+0000] {dag.py:3954} INFO - Setting next_dagrun for example_short_circuit_operator to 2025-11-11 00:00:00+00:00, run_after=2025-11-12 00:00:00+00:00
[2025-11-12T19:17:28.077+0000] {processor.py:183} INFO - Processing /home/airflow/.local/lib/python3.12/site-packages/airflow/example_dags/example_short_circuit_operator.py took 0.081 seconds
[2025-11-12T19:17:58.188+0000] {processor.py:161} INFO - Started process (PID=213) to work on /home/airflow/.local/lib/python3.12/site-packages/airflow/example_dags/example_short_circuit_operator.py
[2025-11-12T19:17:58.189+0000] {processor.py:830} INFO - Processing file /home/airflow/.local/lib/python3.12/site-packages/airflow/example_dags/example_short_circuit_operator.py for tasks to queue
[2025-11-12T19:17:58.191+0000] {logging_mixin.py:188} INFO - [2025-11-12T19:17:58.191+0000] {dagbag.py:545} INFO - Filling up the DagBag from /home/airflow/.local/lib/python3.12/site-packages/airflow/example_dags/example_short_circuit_operator.py
[2025-11-12T19:17:58.197+0000] {processor.py:840} INFO - DAG(s) 'example_short_circuit_operator' retrieved from /home/airflow/.local/lib/python3.12/site-packages/airflow/example_dags/example_short_circuit_operator.py
[2025-11-12T19:17:58.219+0000] {logging_mixin.py:188} INFO - [2025-11-12T19:17:58.218+0000] {dag.py:3096} INFO - Sync 1 DAGs
[2025-11-12T19:17:58.238+0000] {logging_mixin.py:188} INFO - [2025-11-12T19:17:58.238+0000] {dag.py:3954} INFO - Setting next_dagrun for example_short_circuit_operator to 2025-11-11 00:00:00+00:00, run_after=2025-11-12 00:00:00+00:00
[2025-11-12T19:17:58.261+0000] {processor.py:183} INFO - Processing /home/airflow/.local/lib/python3.12/site-packages/airflow/example_dags/example_short_circuit_operator.py took 0.077 seconds
[2025-11-12T19:18:29.370+0000] {processor.py:161} INFO - Started process (PID=273) to work on /home/airflow/.local/lib/python3.12/site-packages/airflow/example_dags/example_short_circuit_operator.py
[2025-11-12T19:18:29.371+0000] {processor.py:830} INFO - Processing file /home/airflow/.local/lib/python3.12/site-packages/airflow/example_dags/example_short_circuit_operator.py for tasks to queue
[2025-11-12T19:18:29.373+0000] {logging_mixin.py:188} INFO - [2025-11-12T19:18:29.373+0000] {dagbag.py:545} INFO - Filling up the DagBag from /home/airflow/.local/lib/python3.12/site-packages/airflow/example_dags/example_short_circuit_operator.py
[2025-11-12T19:18:29.380+0000] {processor.py:840} INFO - DAG(s) 'example_short_circuit_operator' retrieved from /home/airflow/.local/lib/python3.12/site-packages/airflow/example_dags/example_short_circuit_operator.py
[2025-11-12T19:18:29.401+0000] {logging_mixin.py:188} INFO - [2025-11-12T19:18:29.400+0000] {dag.py:3096} INFO - Sync 1 DAGs
[2025-11-12T19:18:29.420+0000] {logging_mixin.py:188} INFO - [2025-11-12T19:18:29.420+0000] {dag.py:3954} INFO - Setting next_dagrun for example_short_circuit_operator to 2025-11-11 00:00:00+00:00, run_after=2025-11-12 00:00:00+00:00
[2025-11-12T19:18:29.438+0000] {processor.py:183} INFO - Processing /home/airflow/.local/lib/python3.12/site-packages/airflow/example_dags/example_short_circuit_operator.py took 0.073 seconds
[2025-11-12T19:18:59.858+0000] {processor.py:161} INFO - Started process (PID=334) to work on /home/airflow/.local/lib/python3.12/site-packages/airflow/example_dags/example_short_circuit_operator.py
[2025-11-12T19:18:59.860+0000] {processor.py:830} INFO - Processing file /home/airflow/.local/lib/python3.12/site-packages/airflow/example_dags/example_short_circuit_operator.py for tasks to queue
[2025-11-12T19:18:59.864+0000] {logging_mixin.py:188} INFO - [2025-11-12T19:18:59.863+0000] {dagbag.py:545} INFO - Filling up the DagBag from /home/airflow/.local/lib/python3.12/site-packages/airflow/example_dags/example_short_circuit_operator.py
[2025-11-12T19:18:59.873+0000] {processor.py:840} INFO - DAG(s) 'example_short_circuit_operator' retrieved from /home/airflow/.local/lib/python3.12/site-packages/airflow/example_dags/example_short_circuit_operator.py
[2025-11-12T19:18:59.901+0000] {logging_mixin.py:188} INFO - [2025-11-12T19:18:59.900+0000] {dag.py:3096} INFO - Sync 1 DAGs
[2025-11-12T19:18:59.919+0000] {logging_mixin.py:188} INFO - [2025-11-12T19:18:59.919+0000] {dag.py:3954} INFO - Setting next_dagrun for example_short_circuit_operator to 2025-11-11 00:00:00+00:00, run_after=2025-11-12 00:00:00+00:00
[2025-11-12T19:18:59.945+0000] {processor.py:183} INFO - Processing /home/airflow/.local/lib/python3.12/site-packages/airflow/example_dags/example_short_circuit_operator.py took 0.093 seconds
[2025-11-12T19:19:30.866+0000] {processor.py:161} INFO - Started process (PID=394) to work on /home/airflow/.local/lib/python3.12/site-packages/airflow/example_dags/example_short_circuit_operator.py
[2025-11-12T19:19:30.868+0000] {processor.py:830} INFO - Processing file /home/airflow/.local/lib/python3.12/site-packages/airflow/example_dags/example_short_circuit_operator.py for tasks to queue
[2025-11-12T19:19:30.870+0000] {logging_mixin.py:188} INFO - [2025-11-12T19:19:30.870+0000] {dagbag.py:545} INFO - Filling up the DagBag from /home/airflow/.local/lib/python3.12/site-packages/airflow/example_dags/example_short_circuit_operator.py
[2025-11-12T19:19:30.876+0000] {processor.py:840} INFO - DAG(s) 'example_short_circuit_operator' retrieved from /home/airflow/.local/lib/python3.12/site-packages/airflow/example_dags/example_short_circuit_operator.py
[2025-11-12T19:19:30.901+0000] {logging_mixin.py:188} INFO - [2025-11-12T19:19:30.900+0000] {dag.py:3096} INFO - Sync 1 DAGs
[2025-11-12T19:19:30.919+0000] {logging_mixin.py:188} INFO - [2025-11-12T19:19:30.919+0000] {dag.py:3954} INFO - Setting next_dagrun for example_short_circuit_operator to 2025-11-11 00:00:00+00:00, run_after=2025-11-12 00:00:00+00:00
[2025-11-12T19:19:30.944+0000] {processor.py:183} INFO - Processing /home/airflow/.local/lib/python3.12/site-packages/airflow/example_dags/example_short_circuit_operator.py took 0.083 seconds
[2025-11-12T19:20:01.610+0000] {processor.py:161} INFO - Started process (PID=454) to work on /home/airflow/.local/lib/python3.12/site-packages/airflow/example_dags/example_short_circuit_operator.py
[2025-11-12T19:20:01.612+0000] {processor.py:830} INFO - Processing file /home/airflow/.local/lib/python3.12/site-packages/airflow/example_dags/example_short_circuit_operator.py for tasks to queue
[2025-11-12T19:20:01.614+0000] {logging_mixin.py:188} INFO - [2025-11-12T19:20:01.614+0000] {dagbag.py:545} INFO - Filling up the DagBag from /home/airflow/.local/lib/python3.12/site-packages/airflow/example_dags/example_short_circuit_operator.py
[2025-11-12T19:20:01.622+0000] {processor.py:840} INFO - DAG(s) 'example_short_circuit_operator' retrieved from /home/airflow/.local/lib/python3.12/site-packages/airflow/example_dags/example_short_circuit_operator.py
[2025-11-12T19:20:01.657+0000] {logging_mixin.py:188} INFO - [2025-11-12T19:20:01.656+0000] {dag.py:3096} INFO - Sync 1 DAGs
[2025-11-12T19:20:01.681+0000] {logging_mixin.py:188} INFO - [2025-11-12T19:20:01.681+0000] {dag.py:3954} INFO - Setting next_dagrun for example_short_circuit_operator to 2025-11-11 00:00:00+00:00, run_after=2025-11-12 00:00:00+00:00
[2025-11-12T19:20:01.702+0000] {processor.py:183} INFO - Processing /home/airflow/.local/lib/python3.12/site-packages/airflow/example_dags/example_short_circuit_operator.py took 0.098 seconds
[2025-11-12T19:20:32.802+0000] {processor.py:161} INFO - Started process (PID=515) to work on /home/airflow/.local/lib/python3.12/site-packages/airflow/example_dags/example_short_circuit_operator.py
[2025-11-12T19:20:32.803+0000] {processor.py:830} INFO - Processing file /home/airflow/.local/lib/python3.12/site-packages/airflow/example_dags/example_short_circuit_operator.py for tasks to queue
[2025-11-12T19:20:32.805+0000] {logging_mixin.py:188} INFO - [2025-11-12T19:20:32.805+0000] {dagbag.py:545} INFO - Filling up the DagBag from /home/airflow/.local/lib/python3.12/site-packages/airflow/example_dags/example_short_circuit_operator.py
[2025-11-12T19:20:32.811+0000] {processor.py:840} INFO - DAG(s) 'example_short_circuit_operator' retrieved from /home/airflow/.local/lib/python3.12/site-packages/airflow/example_dags/example_short_circuit_operator.py
[2025-11-12T19:20:32.833+0000] {logging_mixin.py:188} INFO - [2025-11-12T19:20:32.832+0000] {dag.py:3096} INFO - Sync 1 DAGs
[2025-11-12T19:20:32.858+0000] {logging_mixin.py:188} INFO - [2025-11-12T19:20:32.858+0000] {dag.py:3954} INFO - Setting next_dagrun for example_short_circuit_operator to 2025-11-11 00:00:00+00:00, run_after=2025-11-12 00:00:00+00:00
[2025-11-12T19:20:32.880+0000] {processor.py:183} INFO - Processing /home/airflow/.local/lib/python3.12/site-packages/airflow/example_dags/example_short_circuit_operator.py took 0.083 seconds
[2025-11-12T19:21:02.964+0000] {processor.py:161} INFO - Started process (PID=575) to work on /home/airflow/.local/lib/python3.12/site-packages/airflow/example_dags/example_short_circuit_operator.py
[2025-11-12T19:21:02.965+0000] {processor.py:830} INFO - Processing file /home/airflow/.local/lib/python3.12/site-packages/airflow/example_dags/example_short_circuit_operator.py for tasks to queue
[2025-11-12T19:21:02.967+0000] {logging_mixin.py:188} INFO - [2025-11-12T19:21:02.967+0000] {dagbag.py:545} INFO - Filling up the DagBag from /home/airflow/.local/lib/python3.12/site-packages/airflow/example_dags/example_short_circuit_operator.py
[2025-11-12T19:21:02.974+0000] {processor.py:840} INFO - DAG(s) 'example_short_circuit_operator' retrieved from /home/airflow/.local/lib/python3.12/site-packages/airflow/example_dags/example_short_circuit_operator.py
[2025-11-12T19:21:02.997+0000] {logging_mixin.py:188} INFO - [2025-11-12T19:21:02.997+0000] {dag.py:3096} INFO - Sync 1 DAGs
[2025-11-12T19:21:03.014+0000] {logging_mixin.py:188} INFO - [2025-11-12T19:21:03.014+0000] {dag.py:3954} INFO - Setting next_dagrun for example_short_circuit_operator to 2025-11-11 00:00:00+00:00, run_after=2025-11-12 00:00:00+00:00
[2025-11-12T19:21:03.033+0000] {processor.py:183} INFO - Processing /home/airflow/.local/lib/python3.12/site-packages/airflow/example_dags/example_short_circuit_operator.py took 0.073 seconds
[2025-11-12T19:21:33.140+0000] {processor.py:161} INFO - Started process (PID=634) to work on /home/airflow/.local/lib/python3.12/site-packages/airflow/example_dags/example_short_circuit_operator.py
[2025-11-12T19:21:33.141+0000] {processor.py:830} INFO - Processing file /home/airflow/.local/lib/python3.12/site-packages/airflow/example_dags/example_short_circuit_operator.py for tasks to queue
[2025-11-12T19:21:33.143+0000] {logging_mixin.py:188} INFO - [2025-11-12T19:21:33.142+0000] {dagbag.py:545} INFO - Filling up the DagBag from /home/airflow/.local/lib/python3.12/site-packages/airflow/example_dags/example_short_circuit_operator.py
[2025-11-12T19:21:33.149+0000] {processor.py:840} INFO - DAG(s) 'example_short_circuit_operator' retrieved from /home/airflow/.local/lib/python3.12/site-packages/airflow/example_dags/example_short_circuit_operator.py
[2025-11-12T19:21:33.172+0000] {logging_mixin.py:188} INFO - [2025-11-12T19:21:33.172+0000] {dag.py:3096} INFO - Sync 1 DAGs
[2025-11-12T19:21:33.188+0000] {logging_mixin.py:188} INFO - [2025-11-12T19:21:33.188+0000] {dag.py:3954} INFO - Setting next_dagrun for example_short_circuit_operator to 2025-11-11 00:00:00+00:00, run_after=2025-11-12 00:00:00+00:00
[2025-11-12T19:21:33.210+0000] {processor.py:183} INFO - Processing /home/airflow/.local/lib/python3.12/site-packages/airflow/example_dags/example_short_circuit_operator.py took 0.074 seconds
[2025-11-12T19:22:03.494+0000] {processor.py:161} INFO - Started process (PID=694) to work on /home/airflow/.local/lib/python3.12/site-packages/airflow/example_dags/example_short_circuit_operator.py
[2025-11-12T19:22:03.495+0000] {processor.py:830} INFO - Processing file /home/airflow/.local/lib/python3.12/site-packages/airflow/example_dags/example_short_circuit_operator.py for tasks to queue
[2025-11-12T19:22:03.498+0000] {logging_mixin.py:188} INFO - [2025-11-12T19:22:03.498+0000] {dagbag.py:545} INFO - Filling up the DagBag from /home/airflow/.local/lib/python3.12/site-packages/airflow/example_dags/example_short_circuit_operator.py
[2025-11-12T19:22:03.505+0000] {processor.py:840} INFO - DAG(s) 'example_short_circuit_operator' retrieved from /home/airflow/.local/lib/python3.12/site-packages/airflow/example_dags/example_short_circuit_operator.py
[2025-11-12T19:22:03.531+0000] {logging_mixin.py:188} INFO - [2025-11-12T19:22:03.531+0000] {dag.py:3096} INFO - Sync 1 DAGs
[2025-11-12T19:22:03.549+0000] {logging_mixin.py:188} INFO - [2025-11-12T19:22:03.549+0000] {dag.py:3954} INFO - Setting next_dagrun for example_short_circuit_operator to 2025-11-11 00:00:00+00:00, run_after=2025-11-12 00:00:00+00:00
[2025-11-12T19:22:03.571+0000] {processor.py:183} INFO - Processing /home/airflow/.local/lib/python3.12/site-packages/airflow/example_dags/example_short_circuit_operator.py took 0.083 seconds
[2025-11-12T19:22:33.884+0000] {processor.py:161} INFO - Started process (PID=755) to work on /home/airflow/.local/lib/python3.12/site-packages/airflow/example_dags/example_short_circuit_operator.py
[2025-11-12T19:22:33.885+0000] {processor.py:830} INFO - Processing file /home/airflow/.local/lib/python3.12/site-packages/airflow/example_dags/example_short_circuit_operator.py for tasks to queue
[2025-11-12T19:22:33.887+0000] {logging_mixin.py:188} INFO - [2025-11-12T19:22:33.887+0000] {dagbag.py:545} INFO - Filling up the DagBag from /home/airflow/.local/lib/python3.12/site-packages/airflow/example_dags/example_short_circuit_operator.py
[2025-11-12T19:22:33.893+0000] {processor.py:840} INFO - DAG(s) 'example_short_circuit_operator' retrieved from /home/airflow/.local/lib/python3.12/site-packages/airflow/example_dags/example_short_circuit_operator.py
[2025-11-12T19:22:33.912+0000] {logging_mixin.py:188} INFO - [2025-11-12T19:22:33.912+0000] {dag.py:3096} INFO - Sync 1 DAGs
[2025-11-12T19:22:33.930+0000] {logging_mixin.py:188} INFO - [2025-11-12T19:22:33.930+0000] {dag.py:3954} INFO - Setting next_dagrun for example_short_circuit_operator to 2025-11-11 00:00:00+00:00, run_after=2025-11-12 00:00:00+00:00
[2025-11-12T19:22:33.959+0000] {processor.py:183} INFO - Processing /home/airflow/.local/lib/python3.12/site-packages/airflow/example_dags/example_short_circuit_operator.py took 0.079 seconds
[2025-11-12T19:23:04.096+0000] {processor.py:161} INFO - Started process (PID=815) to work on /home/airflow/.local/lib/python3.12/site-packages/airflow/example_dags/example_short_circuit_operator.py
[2025-11-12T19:23:04.097+0000] {processor.py:830} INFO - Processing file /home/airflow/.local/lib/python3.12/site-packages/airflow/example_dags/example_short_circuit_operator.py for tasks to queue
[2025-11-12T19:23:04.099+0000] {logging_mixin.py:188} INFO - [2025-11-12T19:23:04.099+0000] {dagbag.py:545} INFO - Filling up the DagBag from /home/airflow/.local/lib/python3.12/site-packages/airflow/example_dags/example_short_circuit_operator.py
[2025-11-12T19:23:04.106+0000] {processor.py:840} INFO - DAG(s) 'example_short_circuit_operator' retrieved from /home/airflow/.local/lib/python3.12/site-packages/airflow/example_dags/example_short_circuit_operator.py
[2025-11-12T19:23:04.133+0000] {logging_mixin.py:188} INFO - [2025-11-12T19:23:04.133+0000] {dag.py:3096} INFO - Sync 1 DAGs
[2025-11-12T19:23:04.153+0000] {logging_mixin.py:188} INFO - [2025-11-12T19:23:04.153+0000] {dag.py:3954} INFO - Setting next_dagrun for example_short_circuit_operator to 2025-11-11 00:00:00+00:00, run_after=2025-11-12 00:00:00+00:00
[2025-11-12T19:23:04.178+0000] {processor.py:183} INFO - Processing /home/airflow/.local/lib/python3.12/site-packages/airflow/example_dags/example_short_circuit_operator.py took 0.088 seconds
[2025-11-12T19:23:34.454+0000] {processor.py:161} INFO - Started process (PID=875) to work on /home/airflow/.local/lib/python3.12/site-packages/airflow/example_dags/example_short_circuit_operator.py
[2025-11-12T19:23:34.455+0000] {processor.py:830} INFO - Processing file /home/airflow/.local/lib/python3.12/site-packages/airflow/example_dags/example_short_circuit_operator.py for tasks to queue
[2025-11-12T19:23:34.457+0000] {logging_mixin.py:188} INFO - [2025-11-12T19:23:34.456+0000] {dagbag.py:545} INFO - Filling up the DagBag from /home/airflow/.local/lib/python3.12/site-packages/airflow/example_dags/example_short_circuit_operator.py
[2025-11-12T19:23:34.462+0000] {processor.py:840} INFO - DAG(s) 'example_short_circuit_operator' retrieved from /home/airflow/.local/lib/python3.12/site-packages/airflow/example_dags/example_short_circuit_operator.py
[2025-11-12T19:23:34.485+0000] {logging_mixin.py:188} INFO - [2025-11-12T19:23:34.485+0000] {dag.py:3096} INFO - Sync 1 DAGs
[2025-11-12T19:23:34.503+0000] {logging_mixin.py:188} INFO - [2025-11-12T19:23:34.503+0000] {dag.py:3954} INFO - Setting next_dagrun for example_short_circuit_operator to 2025-11-11 00:00:00+00:00, run_after=2025-11-12 00:00:00+00:00
[2025-11-12T19:23:34.523+0000] {processor.py:183} INFO - Processing /home/airflow/.local/lib/python3.12/site-packages/airflow/example_dags/example_short_circuit_operator.py took 0.074 seconds
[2025-11-12T19:24:04.893+0000] {processor.py:161} INFO - Started process (PID=935) to work on /home/airflow/.local/lib/python3.12/site-packages/airflow/example_dags/example_short_circuit_operator.py
[2025-11-12T19:24:04.895+0000] {processor.py:830} INFO - Processing file /home/airflow/.local/lib/python3.12/site-packages/airflow/example_dags/example_short_circuit_operator.py for tasks to queue
[2025-11-12T19:24:04.896+0000] {logging_mixin.py:188} INFO - [2025-11-12T19:24:04.896+0000] {dagbag.py:545} INFO - Filling up the DagBag from /home/airflow/.local/lib/python3.12/site-packages/airflow/example_dags/example_short_circuit_operator.py
[2025-11-12T19:24:04.902+0000] {processor.py:840} INFO - DAG(s) 'example_short_circuit_operator' retrieved from /home/airflow/.local/lib/python3.12/site-packages/airflow/example_dags/example_short_circuit_operator.py
[2025-11-12T19:24:04.922+0000] {logging_mixin.py:188} INFO - [2025-11-12T19:24:04.922+0000] {dag.py:3096} INFO - Sync 1 DAGs
[2025-11-12T19:24:04.939+0000] {logging_mixin.py:188} INFO - [2025-11-12T19:24:04.939+0000] {dag.py:3954} INFO - Setting next_dagrun for example_short_circuit_operator to 2025-11-11 00:00:00+00:00, run_after=2025-11-12 00:00:00+00:00
[2025-11-12T19:24:04.960+0000] {processor.py:183} INFO - Processing /home/airflow/.local/lib/python3.12/site-packages/airflow/example_dags/example_short_circuit_operator.py took 0.071 seconds
[2025-11-12T19:24:35.877+0000] {processor.py:161} INFO - Started process (PID=995) to work on /home/airflow/.local/lib/python3.12/site-packages/airflow/example_dags/example_short_circuit_operator.py
[2025-11-12T19:24:35.878+0000] {processor.py:830} INFO - Processing file /home/airflow/.local/lib/python3.12/site-packages/airflow/example_dags/example_short_circuit_operator.py for tasks to queue
[2025-11-12T19:24:35.880+0000] {logging_mixin.py:188} INFO - [2025-11-12T19:24:35.879+0000] {dagbag.py:545} INFO - Filling up the DagBag from /home/airflow/.local/lib/python3.12/site-packages/airflow/example_dags/example_short_circuit_operator.py
[2025-11-12T19:24:35.886+0000] {processor.py:840} INFO - DAG(s) 'example_short_circuit_operator' retrieved from /home/airflow/.local/lib/python3.12/site-packages/airflow/example_dags/example_short_circuit_operator.py
[2025-11-12T19:24:35.909+0000] {logging_mixin.py:188} INFO - [2025-11-12T19:24:35.909+0000] {dag.py:3096} INFO - Sync 1 DAGs
[2025-11-12T19:24:35.928+0000] {logging_mixin.py:188} INFO - [2025-11-12T19:24:35.927+0000] {dag.py:3954} INFO - Setting next_dagrun for example_short_circuit_operator to 2025-11-11 00:00:00+00:00, run_after=2025-11-12 00:00:00+00:00
[2025-11-12T19:24:35.949+0000] {processor.py:183} INFO - Processing /home/airflow/.local/lib/python3.12/site-packages/airflow/example_dags/example_short_circuit_operator.py took 0.076 seconds
[2025-11-12T19:25:06.259+0000] {processor.py:161} INFO - Started process (PID=1055) to work on /home/airflow/.local/lib/python3.12/site-packages/airflow/example_dags/example_short_circuit_operator.py
[2025-11-12T19:25:06.260+0000] {processor.py:830} INFO - Processing file /home/airflow/.local/lib/python3.12/site-packages/airflow/example_dags/example_short_circuit_operator.py for tasks to queue
[2025-11-12T19:25:06.262+0000] {logging_mixin.py:188} INFO - [2025-11-12T19:25:06.262+0000] {dagbag.py:545} INFO - Filling up the DagBag from /home/airflow/.local/lib/python3.12/site-packages/airflow/example_dags/example_short_circuit_operator.py
[2025-11-12T19:25:06.269+0000] {processor.py:840} INFO - DAG(s) 'example_short_circuit_operator' retrieved from /home/airflow/.local/lib/python3.12/site-packages/airflow/example_dags/example_short_circuit_operator.py
[2025-11-12T19:25:06.295+0000] {logging_mixin.py:188} INFO - [2025-11-12T19:25:06.294+0000] {dag.py:3096} INFO - Sync 1 DAGs
[2025-11-12T19:25:06.314+0000] {logging_mixin.py:188} INFO - [2025-11-12T19:25:06.314+0000] {dag.py:3954} INFO - Setting next_dagrun for example_short_circuit_operator to 2025-11-11 00:00:00+00:00, run_after=2025-11-12 00:00:00+00:00
[2025-11-12T19:25:06.363+0000] {processor.py:183} INFO - Processing /home/airflow/.local/lib/python3.12/site-packages/airflow/example_dags/example_short_circuit_operator.py took 0.109 seconds
[2025-11-12T19:25:36.463+0000] {processor.py:161} INFO - Started process (PID=1115) to work on /home/airflow/.local/lib/python3.12/site-packages/airflow/example_dags/example_short_circuit_operator.py
[2025-11-12T19:25:36.464+0000] {processor.py:830} INFO - Processing file /home/airflow/.local/lib/python3.12/site-packages/airflow/example_dags/example_short_circuit_operator.py for tasks to queue
[2025-11-12T19:25:36.466+0000] {logging_mixin.py:188} INFO - [2025-11-12T19:25:36.466+0000] {dagbag.py:545} INFO - Filling up the DagBag from /home/airflow/.local/lib/python3.12/site-packages/airflow/example_dags/example_short_circuit_operator.py
[2025-11-12T19:25:36.486+0000] {processor.py:840} INFO - DAG(s) 'example_short_circuit_operator' retrieved from /home/airflow/.local/lib/python3.12/site-packages/airflow/example_dags/example_short_circuit_operator.py
[2025-11-12T19:25:36.528+0000] {logging_mixin.py:188} INFO - [2025-11-12T19:25:36.527+0000] {dag.py:3096} INFO - Sync 1 DAGs
[2025-11-12T19:25:36.561+0000] {logging_mixin.py:188} INFO - [2025-11-12T19:25:36.561+0000] {dag.py:3954} INFO - Setting next_dagrun for example_short_circuit_operator to 2025-11-11 00:00:00+00:00, run_after=2025-11-12 00:00:00+00:00
[2025-11-12T19:25:36.601+0000] {processor.py:183} INFO - Processing /home/airflow/.local/lib/python3.12/site-packages/airflow/example_dags/example_short_circuit_operator.py took 0.145 seconds
[2025-11-12T19:26:06.769+0000] {processor.py:161} INFO - Started process (PID=1175) to work on /home/airflow/.local/lib/python3.12/site-packages/airflow/example_dags/example_short_circuit_operator.py
[2025-11-12T19:26:06.770+0000] {processor.py:830} INFO - Processing file /home/airflow/.local/lib/python3.12/site-packages/airflow/example_dags/example_short_circuit_operator.py for tasks to queue
[2025-11-12T19:26:06.772+0000] {logging_mixin.py:188} INFO - [2025-11-12T19:26:06.772+0000] {dagbag.py:545} INFO - Filling up the DagBag from /home/airflow/.local/lib/python3.12/site-packages/airflow/example_dags/example_short_circuit_operator.py
[2025-11-12T19:26:06.783+0000] {processor.py:840} INFO - DAG(s) 'example_short_circuit_operator' retrieved from /home/airflow/.local/lib/python3.12/site-packages/airflow/example_dags/example_short_circuit_operator.py
[2025-11-12T19:26:06.811+0000] {logging_mixin.py:188} INFO - [2025-11-12T19:26:06.810+0000] {dag.py:3096} INFO - Sync 1 DAGs
[2025-11-12T19:26:06.830+0000] {logging_mixin.py:188} INFO - [2025-11-12T19:26:06.830+0000] {dag.py:3954} INFO - Setting next_dagrun for example_short_circuit_operator to 2025-11-11 00:00:00+00:00, run_after=2025-11-12 00:00:00+00:00
[2025-11-12T19:26:06.870+0000] {processor.py:183} INFO - Processing /home/airflow/.local/lib/python3.12/site-packages/airflow/example_dags/example_short_circuit_operator.py took 0.107 seconds
[2025-11-12T19:26:37.350+0000] {processor.py:161} INFO - Started process (PID=1236) to work on /home/airflow/.local/lib/python3.12/site-packages/airflow/example_dags/example_short_circuit_operator.py
[2025-11-12T19:26:37.352+0000] {processor.py:830} INFO - Processing file /home/airflow/.local/lib/python3.12/site-packages/airflow/example_dags/example_short_circuit_operator.py for tasks to queue
[2025-11-12T19:26:37.354+0000] {logging_mixin.py:188} INFO - [2025-11-12T19:26:37.354+0000] {dagbag.py:545} INFO - Filling up the DagBag from /home/airflow/.local/lib/python3.12/site-packages/airflow/example_dags/example_short_circuit_operator.py
[2025-11-12T19:26:37.362+0000] {processor.py:840} INFO - DAG(s) 'example_short_circuit_operator' retrieved from /home/airflow/.local/lib/python3.12/site-packages/airflow/example_dags/example_short_circuit_operator.py
[2025-11-12T19:26:37.394+0000] {logging_mixin.py:188} INFO - [2025-11-12T19:26:37.393+0000] {dag.py:3096} INFO - Sync 1 DAGs
[2025-11-12T19:26:37.417+0000] {logging_mixin.py:188} INFO - [2025-11-12T19:26:37.417+0000] {dag.py:3954} INFO - Setting next_dagrun for example_short_circuit_operator to 2025-11-11 00:00:00+00:00, run_after=2025-11-12 00:00:00+00:00
[2025-11-12T19:26:37.437+0000] {processor.py:183} INFO - Processing /home/airflow/.local/lib/python3.12/site-packages/airflow/example_dags/example_short_circuit_operator.py took 0.092 seconds
[2025-11-12T19:27:07.782+0000] {processor.py:161} INFO - Started process (PID=1296) to work on /home/airflow/.local/lib/python3.12/site-packages/airflow/example_dags/example_short_circuit_operator.py
[2025-11-12T19:27:07.784+0000] {processor.py:830} INFO - Processing file /home/airflow/.local/lib/python3.12/site-packages/airflow/example_dags/example_short_circuit_operator.py for tasks to queue
[2025-11-12T19:27:07.786+0000] {logging_mixin.py:188} INFO - [2025-11-12T19:27:07.786+0000] {dagbag.py:545} INFO - Filling up the DagBag from /home/airflow/.local/lib/python3.12/site-packages/airflow/example_dags/example_short_circuit_operator.py
[2025-11-12T19:27:07.799+0000] {processor.py:840} INFO - DAG(s) 'example_short_circuit_operator' retrieved from /home/airflow/.local/lib/python3.12/site-packages/airflow/example_dags/example_short_circuit_operator.py
[2025-11-12T19:27:07.839+0000] {logging_mixin.py:188} INFO - [2025-11-12T19:27:07.838+0000] {dag.py:3096} INFO - Sync 1 DAGs
[2025-11-12T19:27:07.873+0000] {logging_mixin.py:188} INFO - [2025-11-12T19:27:07.873+0000] {dag.py:3954} INFO - Setting next_dagrun for example_short_circuit_operator to 2025-11-11 00:00:00+00:00, run_after=2025-11-12 00:00:00+00:00
[2025-11-12T19:27:07.910+0000] {processor.py:183} INFO - Processing /home/airflow/.local/lib/python3.12/site-packages/airflow/example_dags/example_short_circuit_operator.py took 0.135 seconds
[2025-11-12T19:27:38.050+0000] {processor.py:161} INFO - Started process (PID=1356) to work on /home/airflow/.local/lib/python3.12/site-packages/airflow/example_dags/example_short_circuit_operator.py
[2025-11-12T19:27:38.052+0000] {processor.py:830} INFO - Processing file /home/airflow/.local/lib/python3.12/site-packages/airflow/example_dags/example_short_circuit_operator.py for tasks to queue
[2025-11-12T19:27:38.055+0000] {logging_mixin.py:188} INFO - [2025-11-12T19:27:38.054+0000] {dagbag.py:545} INFO - Filling up the DagBag from /home/airflow/.local/lib/python3.12/site-packages/airflow/example_dags/example_short_circuit_operator.py
[2025-11-12T19:27:38.062+0000] {processor.py:840} INFO - DAG(s) 'example_short_circuit_operator' retrieved from /home/airflow/.local/lib/python3.12/site-packages/airflow/example_dags/example_short_circuit_operator.py
[2025-11-12T19:27:38.091+0000] {logging_mixin.py:188} INFO - [2025-11-12T19:27:38.090+0000] {dag.py:3096} INFO - Sync 1 DAGs
[2025-11-12T19:27:38.114+0000] {logging_mixin.py:188} INFO - [2025-11-12T19:27:38.113+0000] {dag.py:3954} INFO - Setting next_dagrun for example_short_circuit_operator to 2025-11-11 00:00:00+00:00, run_after=2025-11-12 00:00:00+00:00
[2025-11-12T19:27:38.142+0000] {processor.py:183} INFO - Processing /home/airflow/.local/lib/python3.12/site-packages/airflow/example_dags/example_short_circuit_operator.py took 0.097 seconds
[2025-11-12T19:28:09.668+0000] {processor.py:161} INFO - Started process (PID=1417) to work on /home/airflow/.local/lib/python3.12/site-packages/airflow/example_dags/example_short_circuit_operator.py
[2025-11-12T19:28:09.669+0000] {processor.py:830} INFO - Processing file /home/airflow/.local/lib/python3.12/site-packages/airflow/example_dags/example_short_circuit_operator.py for tasks to queue
[2025-11-12T19:28:09.672+0000] {logging_mixin.py:188} INFO - [2025-11-12T19:28:09.671+0000] {dagbag.py:545} INFO - Filling up the DagBag from /home/airflow/.local/lib/python3.12/site-packages/airflow/example_dags/example_short_circuit_operator.py
[2025-11-12T19:28:09.678+0000] {processor.py:840} INFO - DAG(s) 'example_short_circuit_operator' retrieved from /home/airflow/.local/lib/python3.12/site-packages/airflow/example_dags/example_short_circuit_operator.py
[2025-11-12T19:28:09.702+0000] {logging_mixin.py:188} INFO - [2025-11-12T19:28:09.702+0000] {dag.py:3096} INFO - Sync 1 DAGs
[2025-11-12T19:28:09.938+0000] {logging_mixin.py:188} INFO - [2025-11-12T19:28:09.938+0000] {dag.py:3954} INFO - Setting next_dagrun for example_short_circuit_operator to 2025-11-11 00:00:00+00:00, run_after=2025-11-12 00:00:00+00:00
[2025-11-12T19:28:09.958+0000] {processor.py:183} INFO - Processing /home/airflow/.local/lib/python3.12/site-packages/airflow/example_dags/example_short_circuit_operator.py took 0.295 seconds
[2025-11-12T19:28:40.710+0000] {processor.py:161} INFO - Started process (PID=1477) to work on /home/airflow/.local/lib/python3.12/site-packages/airflow/example_dags/example_short_circuit_operator.py
[2025-11-12T19:28:40.711+0000] {processor.py:830} INFO - Processing file /home/airflow/.local/lib/python3.12/site-packages/airflow/example_dags/example_short_circuit_operator.py for tasks to queue
[2025-11-12T19:28:40.715+0000] {logging_mixin.py:188} INFO - [2025-11-12T19:28:40.714+0000] {dagbag.py:545} INFO - Filling up the DagBag from /home/airflow/.local/lib/python3.12/site-packages/airflow/example_dags/example_short_circuit_operator.py
[2025-11-12T19:28:40.723+0000] {processor.py:840} INFO - DAG(s) 'example_short_circuit_operator' retrieved from /home/airflow/.local/lib/python3.12/site-packages/airflow/example_dags/example_short_circuit_operator.py
[2025-11-12T19:28:40.752+0000] {logging_mixin.py:188} INFO - [2025-11-12T19:28:40.751+0000] {dag.py:3096} INFO - Sync 1 DAGs
[2025-11-12T19:28:40.772+0000] {logging_mixin.py:188} INFO - [2025-11-12T19:28:40.772+0000] {dag.py:3954} INFO - Setting next_dagrun for example_short_circuit_operator to 2025-11-11 00:00:00+00:00, run_after=2025-11-12 00:00:00+00:00
[2025-11-12T19:28:40.796+0000] {processor.py:183} INFO - Processing /home/airflow/.local/lib/python3.12/site-packages/airflow/example_dags/example_short_circuit_operator.py took 0.092 seconds
[2025-11-12T19:29:10.895+0000] {processor.py:161} INFO - Started process (PID=1537) to work on /home/airflow/.local/lib/python3.12/site-packages/airflow/example_dags/example_short_circuit_operator.py
[2025-11-12T19:29:10.897+0000] {processor.py:830} INFO - Processing file /home/airflow/.local/lib/python3.12/site-packages/airflow/example_dags/example_short_circuit_operator.py for tasks to queue
[2025-11-12T19:29:10.899+0000] {logging_mixin.py:188} INFO - [2025-11-12T19:29:10.899+0000] {dagbag.py:545} INFO - Filling up the DagBag from /home/airflow/.local/lib/python3.12/site-packages/airflow/example_dags/example_short_circuit_operator.py
[2025-11-12T19:29:10.906+0000] {processor.py:840} INFO - DAG(s) 'example_short_circuit_operator' retrieved from /home/airflow/.local/lib/python3.12/site-packages/airflow/example_dags/example_short_circuit_operator.py
[2025-11-12T19:29:10.933+0000] {logging_mixin.py:188} INFO - [2025-11-12T19:29:10.932+0000] {dag.py:3096} INFO - Sync 1 DAGs
[2025-11-12T19:29:10.952+0000] {logging_mixin.py:188} INFO - [2025-11-12T19:29:10.952+0000] {dag.py:3954} INFO - Setting next_dagrun for example_short_circuit_operator to 2025-11-11 00:00:00+00:00, run_after=2025-11-12 00:00:00+00:00
[2025-11-12T19:29:10.978+0000] {processor.py:183} INFO - Processing /home/airflow/.local/lib/python3.12/site-packages/airflow/example_dags/example_short_circuit_operator.py took 0.087 seconds
[2025-11-12T19:29:42.806+0000] {processor.py:161} INFO - Started process (PID=1597) to work on /home/airflow/.local/lib/python3.12/site-packages/airflow/example_dags/example_short_circuit_operator.py
[2025-11-12T19:29:42.807+0000] {processor.py:830} INFO - Processing file /home/airflow/.local/lib/python3.12/site-packages/airflow/example_dags/example_short_circuit_operator.py for tasks to queue
[2025-11-12T19:29:42.809+0000] {logging_mixin.py:188} INFO - [2025-11-12T19:29:42.809+0000] {dagbag.py:545} INFO - Filling up the DagBag from /home/airflow/.local/lib/python3.12/site-packages/airflow/example_dags/example_short_circuit_operator.py
[2025-11-12T19:29:42.815+0000] {processor.py:840} INFO - DAG(s) 'example_short_circuit_operator' retrieved from /home/airflow/.local/lib/python3.12/site-packages/airflow/example_dags/example_short_circuit_operator.py
[2025-11-12T19:29:43.043+0000] {logging_mixin.py:188} INFO - [2025-11-12T19:29:43.042+0000] {dag.py:3096} INFO - Sync 1 DAGs
[2025-11-12T19:29:43.062+0000] {logging_mixin.py:188} INFO - [2025-11-12T19:29:43.061+0000] {dag.py:3954} INFO - Setting next_dagrun for example_short_circuit_operator to 2025-11-11 00:00:00+00:00, run_after=2025-11-12 00:00:00+00:00
[2025-11-12T19:29:43.082+0000] {processor.py:183} INFO - Processing /home/airflow/.local/lib/python3.12/site-packages/airflow/example_dags/example_short_circuit_operator.py took 0.282 seconds
[2025-11-12T19:30:13.505+0000] {processor.py:161} INFO - Started process (PID=1657) to work on /home/airflow/.local/lib/python3.12/site-packages/airflow/example_dags/example_short_circuit_operator.py
[2025-11-12T19:30:13.506+0000] {processor.py:830} INFO - Processing file /home/airflow/.local/lib/python3.12/site-packages/airflow/example_dags/example_short_circuit_operator.py for tasks to queue
[2025-11-12T19:30:13.509+0000] {logging_mixin.py:188} INFO - [2025-11-12T19:30:13.509+0000] {dagbag.py:545} INFO - Filling up the DagBag from /home/airflow/.local/lib/python3.12/site-packages/airflow/example_dags/example_short_circuit_operator.py
[2025-11-12T19:30:13.518+0000] {processor.py:840} INFO - DAG(s) 'example_short_circuit_operator' retrieved from /home/airflow/.local/lib/python3.12/site-packages/airflow/example_dags/example_short_circuit_operator.py
[2025-11-12T19:30:13.540+0000] {logging_mixin.py:188} INFO - [2025-11-12T19:30:13.539+0000] {dag.py:3096} INFO - Sync 1 DAGs
[2025-11-12T19:30:13.561+0000] {logging_mixin.py:188} INFO - [2025-11-12T19:30:13.561+0000] {dag.py:3954} INFO - Setting next_dagrun for example_short_circuit_operator to 2025-11-11 00:00:00+00:00, run_after=2025-11-12 00:00:00+00:00
[2025-11-12T19:30:13.579+0000] {processor.py:183} INFO - Processing /home/airflow/.local/lib/python3.12/site-packages/airflow/example_dags/example_short_circuit_operator.py took 0.082 seconds
[2025-11-12T19:30:43.672+0000] {processor.py:161} INFO - Started process (PID=1717) to work on /home/airflow/.local/lib/python3.12/site-packages/airflow/example_dags/example_short_circuit_operator.py
[2025-11-12T19:30:43.673+0000] {processor.py:830} INFO - Processing file /home/airflow/.local/lib/python3.12/site-packages/airflow/example_dags/example_short_circuit_operator.py for tasks to queue
[2025-11-12T19:30:43.677+0000] {logging_mixin.py:188} INFO - [2025-11-12T19:30:43.676+0000] {dagbag.py:545} INFO - Filling up the DagBag from /home/airflow/.local/lib/python3.12/site-packages/airflow/example_dags/example_short_circuit_operator.py
[2025-11-12T19:30:43.684+0000] {processor.py:840} INFO - DAG(s) 'example_short_circuit_operator' retrieved from /home/airflow/.local/lib/python3.12/site-packages/airflow/example_dags/example_short_circuit_operator.py
[2025-11-12T19:30:43.712+0000] {logging_mixin.py:188} INFO - [2025-11-12T19:30:43.711+0000] {dag.py:3096} INFO - Sync 1 DAGs
[2025-11-12T19:30:43.732+0000] {logging_mixin.py:188} INFO - [2025-11-12T19:30:43.732+0000] {dag.py:3954} INFO - Setting next_dagrun for example_short_circuit_operator to 2025-11-11 00:00:00+00:00, run_after=2025-11-12 00:00:00+00:00
[2025-11-12T19:30:43.757+0000] {processor.py:183} INFO - Processing /home/airflow/.local/lib/python3.12/site-packages/airflow/example_dags/example_short_circuit_operator.py took 0.089 seconds
[2025-11-12T19:31:14.195+0000] {processor.py:161} INFO - Started process (PID=1778) to work on /home/airflow/.local/lib/python3.12/site-packages/airflow/example_dags/example_short_circuit_operator.py
[2025-11-12T19:31:14.197+0000] {processor.py:830} INFO - Processing file /home/airflow/.local/lib/python3.12/site-packages/airflow/example_dags/example_short_circuit_operator.py for tasks to queue
[2025-11-12T19:31:14.199+0000] {logging_mixin.py:188} INFO - [2025-11-12T19:31:14.199+0000] {dagbag.py:545} INFO - Filling up the DagBag from /home/airflow/.local/lib/python3.12/site-packages/airflow/example_dags/example_short_circuit_operator.py
[2025-11-12T19:31:14.205+0000] {processor.py:840} INFO - DAG(s) 'example_short_circuit_operator' retrieved from /home/airflow/.local/lib/python3.12/site-packages/airflow/example_dags/example_short_circuit_operator.py
[2025-11-12T19:31:14.227+0000] {logging_mixin.py:188} INFO - [2025-11-12T19:31:14.227+0000] {dag.py:3096} INFO - Sync 1 DAGs
[2025-11-12T19:31:14.252+0000] {logging_mixin.py:188} INFO - [2025-11-12T19:31:14.252+0000] {dag.py:3954} INFO - Setting next_dagrun for example_short_circuit_operator to 2025-11-11 00:00:00+00:00, run_after=2025-11-12 00:00:00+00:00
[2025-11-12T19:31:14.274+0000] {processor.py:183} INFO - Processing /home/airflow/.local/lib/python3.12/site-packages/airflow/example_dags/example_short_circuit_operator.py took 0.084 seconds
[2025-11-12T19:31:44.770+0000] {processor.py:161} INFO - Started process (PID=1840) to work on /home/airflow/.local/lib/python3.12/site-packages/airflow/example_dags/example_short_circuit_operator.py
[2025-11-12T19:31:44.772+0000] {processor.py:830} INFO - Processing file /home/airflow/.local/lib/python3.12/site-packages/airflow/example_dags/example_short_circuit_operator.py for tasks to queue
[2025-11-12T19:31:44.774+0000] {logging_mixin.py:188} INFO - [2025-11-12T19:31:44.773+0000] {dagbag.py:545} INFO - Filling up the DagBag from /home/airflow/.local/lib/python3.12/site-packages/airflow/example_dags/example_short_circuit_operator.py
[2025-11-12T19:31:44.782+0000] {processor.py:840} INFO - DAG(s) 'example_short_circuit_operator' retrieved from /home/airflow/.local/lib/python3.12/site-packages/airflow/example_dags/example_short_circuit_operator.py
[2025-11-12T19:31:44.808+0000] {logging_mixin.py:188} INFO - [2025-11-12T19:31:44.807+0000] {dag.py:3096} INFO - Sync 1 DAGs
[2025-11-12T19:31:44.828+0000] {logging_mixin.py:188} INFO - [2025-11-12T19:31:44.828+0000] {dag.py:3954} INFO - Setting next_dagrun for example_short_circuit_operator to 2025-11-11 00:00:00+00:00, run_after=2025-11-12 00:00:00+00:00
[2025-11-12T19:31:44.852+0000] {processor.py:183} INFO - Processing /home/airflow/.local/lib/python3.12/site-packages/airflow/example_dags/example_short_circuit_operator.py took 0.087 seconds
