[2025-11-12T19:06:09.326+0000] {processor.py:161} INFO - Started process (PID=76) to work on /home/airflow/.local/lib/python3.12/site-packages/airflow/example_dags/example_branch_labels.py
[2025-11-12T19:06:09.328+0000] {processor.py:830} INFO - Processing file /home/airflow/.local/lib/python3.12/site-packages/airflow/example_dags/example_branch_labels.py for tasks to queue
[2025-11-12T19:06:09.330+0000] {logging_mixin.py:188} INFO - [2025-11-12T19:06:09.330+0000] {dagbag.py:545} INFO - Filling up the DagBag from /home/airflow/.local/lib/python3.12/site-packages/airflow/example_dags/example_branch_labels.py
[2025-11-12T19:06:09.341+0000] {processor.py:840} INFO - DAG(s) 'example_branch_labels' retrieved from /home/airflow/.local/lib/python3.12/site-packages/airflow/example_dags/example_branch_labels.py
[2025-11-12T19:06:09.463+0000] {logging_mixin.py:188} INFO - [2025-11-12T19:06:09.463+0000] {dag.py:3096} INFO - Sync 1 DAGs
[2025-11-12T19:06:09.490+0000] {logging_mixin.py:188} INFO - [2025-11-12T19:06:09.489+0000] {dag.py:3954} INFO - Setting next_dagrun for example_branch_labels to 2025-11-11 00:00:00+00:00, run_after=2025-11-12 00:00:00+00:00
[2025-11-12T19:06:09.529+0000] {processor.py:183} INFO - Processing /home/airflow/.local/lib/python3.12/site-packages/airflow/example_dags/example_branch_labels.py took 0.209 seconds
[2025-11-12T19:06:39.864+0000] {processor.py:161} INFO - Started process (PID=136) to work on /home/airflow/.local/lib/python3.12/site-packages/airflow/example_dags/example_branch_labels.py
[2025-11-12T19:06:39.865+0000] {processor.py:830} INFO - Processing file /home/airflow/.local/lib/python3.12/site-packages/airflow/example_dags/example_branch_labels.py for tasks to queue
[2025-11-12T19:06:39.867+0000] {logging_mixin.py:188} INFO - [2025-11-12T19:06:39.867+0000] {dagbag.py:545} INFO - Filling up the DagBag from /home/airflow/.local/lib/python3.12/site-packages/airflow/example_dags/example_branch_labels.py
[2025-11-12T19:06:39.875+0000] {processor.py:840} INFO - DAG(s) 'example_branch_labels' retrieved from /home/airflow/.local/lib/python3.12/site-packages/airflow/example_dags/example_branch_labels.py
[2025-11-12T19:06:39.900+0000] {logging_mixin.py:188} INFO - [2025-11-12T19:06:39.899+0000] {dag.py:3096} INFO - Sync 1 DAGs
[2025-11-12T19:06:39.921+0000] {logging_mixin.py:188} INFO - [2025-11-12T19:06:39.921+0000] {dag.py:3954} INFO - Setting next_dagrun for example_branch_labels to 2025-11-11 00:00:00+00:00, run_after=2025-11-12 00:00:00+00:00
[2025-11-12T19:06:39.954+0000] {processor.py:183} INFO - Processing /home/airflow/.local/lib/python3.12/site-packages/airflow/example_dags/example_branch_labels.py took 0.094 seconds
[2025-11-12T19:07:10.624+0000] {processor.py:161} INFO - Started process (PID=196) to work on /home/airflow/.local/lib/python3.12/site-packages/airflow/example_dags/example_branch_labels.py
[2025-11-12T19:07:10.625+0000] {processor.py:830} INFO - Processing file /home/airflow/.local/lib/python3.12/site-packages/airflow/example_dags/example_branch_labels.py for tasks to queue
[2025-11-12T19:07:10.627+0000] {logging_mixin.py:188} INFO - [2025-11-12T19:07:10.627+0000] {dagbag.py:545} INFO - Filling up the DagBag from /home/airflow/.local/lib/python3.12/site-packages/airflow/example_dags/example_branch_labels.py
[2025-11-12T19:07:10.633+0000] {processor.py:840} INFO - DAG(s) 'example_branch_labels' retrieved from /home/airflow/.local/lib/python3.12/site-packages/airflow/example_dags/example_branch_labels.py
[2025-11-12T19:07:10.656+0000] {logging_mixin.py:188} INFO - [2025-11-12T19:07:10.655+0000] {dag.py:3096} INFO - Sync 1 DAGs
[2025-11-12T19:07:10.675+0000] {logging_mixin.py:188} INFO - [2025-11-12T19:07:10.674+0000] {dag.py:3954} INFO - Setting next_dagrun for example_branch_labels to 2025-11-11 00:00:00+00:00, run_after=2025-11-12 00:00:00+00:00
[2025-11-12T19:07:10.693+0000] {processor.py:183} INFO - Processing /home/airflow/.local/lib/python3.12/site-packages/airflow/example_dags/example_branch_labels.py took 0.073 seconds
[2025-11-12T19:07:41.459+0000] {processor.py:161} INFO - Started process (PID=256) to work on /home/airflow/.local/lib/python3.12/site-packages/airflow/example_dags/example_branch_labels.py
[2025-11-12T19:07:41.460+0000] {processor.py:830} INFO - Processing file /home/airflow/.local/lib/python3.12/site-packages/airflow/example_dags/example_branch_labels.py for tasks to queue
[2025-11-12T19:07:41.462+0000] {logging_mixin.py:188} INFO - [2025-11-12T19:07:41.462+0000] {dagbag.py:545} INFO - Filling up the DagBag from /home/airflow/.local/lib/python3.12/site-packages/airflow/example_dags/example_branch_labels.py
[2025-11-12T19:07:41.467+0000] {processor.py:840} INFO - DAG(s) 'example_branch_labels' retrieved from /home/airflow/.local/lib/python3.12/site-packages/airflow/example_dags/example_branch_labels.py
[2025-11-12T19:07:41.487+0000] {logging_mixin.py:188} INFO - [2025-11-12T19:07:41.487+0000] {dag.py:3096} INFO - Sync 1 DAGs
[2025-11-12T19:07:41.504+0000] {logging_mixin.py:188} INFO - [2025-11-12T19:07:41.504+0000] {dag.py:3954} INFO - Setting next_dagrun for example_branch_labels to 2025-11-11 00:00:00+00:00, run_after=2025-11-12 00:00:00+00:00
[2025-11-12T19:07:41.523+0000] {processor.py:183} INFO - Processing /home/airflow/.local/lib/python3.12/site-packages/airflow/example_dags/example_branch_labels.py took 0.068 seconds
[2025-11-12T19:08:12.111+0000] {processor.py:161} INFO - Started process (PID=316) to work on /home/airflow/.local/lib/python3.12/site-packages/airflow/example_dags/example_branch_labels.py
[2025-11-12T19:08:12.113+0000] {processor.py:830} INFO - Processing file /home/airflow/.local/lib/python3.12/site-packages/airflow/example_dags/example_branch_labels.py for tasks to queue
[2025-11-12T19:08:12.114+0000] {logging_mixin.py:188} INFO - [2025-11-12T19:08:12.113+0000] {dagbag.py:545} INFO - Filling up the DagBag from /home/airflow/.local/lib/python3.12/site-packages/airflow/example_dags/example_branch_labels.py
[2025-11-12T19:08:12.119+0000] {processor.py:840} INFO - DAG(s) 'example_branch_labels' retrieved from /home/airflow/.local/lib/python3.12/site-packages/airflow/example_dags/example_branch_labels.py
[2025-11-12T19:08:12.145+0000] {logging_mixin.py:188} INFO - [2025-11-12T19:08:12.144+0000] {dag.py:3096} INFO - Sync 1 DAGs
[2025-11-12T19:08:12.172+0000] {logging_mixin.py:188} INFO - [2025-11-12T19:08:12.171+0000] {dag.py:3954} INFO - Setting next_dagrun for example_branch_labels to 2025-11-11 00:00:00+00:00, run_after=2025-11-12 00:00:00+00:00
[2025-11-12T19:08:12.199+0000] {processor.py:183} INFO - Processing /home/airflow/.local/lib/python3.12/site-packages/airflow/example_dags/example_branch_labels.py took 0.092 seconds
[2025-11-12T19:08:42.746+0000] {processor.py:161} INFO - Started process (PID=376) to work on /home/airflow/.local/lib/python3.12/site-packages/airflow/example_dags/example_branch_labels.py
[2025-11-12T19:08:42.747+0000] {processor.py:830} INFO - Processing file /home/airflow/.local/lib/python3.12/site-packages/airflow/example_dags/example_branch_labels.py for tasks to queue
[2025-11-12T19:08:42.748+0000] {logging_mixin.py:188} INFO - [2025-11-12T19:08:42.748+0000] {dagbag.py:545} INFO - Filling up the DagBag from /home/airflow/.local/lib/python3.12/site-packages/airflow/example_dags/example_branch_labels.py
[2025-11-12T19:08:42.755+0000] {processor.py:840} INFO - DAG(s) 'example_branch_labels' retrieved from /home/airflow/.local/lib/python3.12/site-packages/airflow/example_dags/example_branch_labels.py
[2025-11-12T19:08:42.780+0000] {logging_mixin.py:188} INFO - [2025-11-12T19:08:42.779+0000] {dag.py:3096} INFO - Sync 1 DAGs
[2025-11-12T19:08:42.799+0000] {logging_mixin.py:188} INFO - [2025-11-12T19:08:42.799+0000] {dag.py:3954} INFO - Setting next_dagrun for example_branch_labels to 2025-11-11 00:00:00+00:00, run_after=2025-11-12 00:00:00+00:00
[2025-11-12T19:08:42.821+0000] {processor.py:183} INFO - Processing /home/airflow/.local/lib/python3.12/site-packages/airflow/example_dags/example_branch_labels.py took 0.080 seconds
[2025-11-12T19:09:13.280+0000] {processor.py:161} INFO - Started process (PID=438) to work on /home/airflow/.local/lib/python3.12/site-packages/airflow/example_dags/example_branch_labels.py
[2025-11-12T19:09:13.281+0000] {processor.py:830} INFO - Processing file /home/airflow/.local/lib/python3.12/site-packages/airflow/example_dags/example_branch_labels.py for tasks to queue
[2025-11-12T19:09:13.282+0000] {logging_mixin.py:188} INFO - [2025-11-12T19:09:13.281+0000] {dagbag.py:545} INFO - Filling up the DagBag from /home/airflow/.local/lib/python3.12/site-packages/airflow/example_dags/example_branch_labels.py
[2025-11-12T19:09:13.287+0000] {processor.py:840} INFO - DAG(s) 'example_branch_labels' retrieved from /home/airflow/.local/lib/python3.12/site-packages/airflow/example_dags/example_branch_labels.py
[2025-11-12T19:09:13.312+0000] {logging_mixin.py:188} INFO - [2025-11-12T19:09:13.311+0000] {dag.py:3096} INFO - Sync 1 DAGs
[2025-11-12T19:09:13.330+0000] {logging_mixin.py:188} INFO - [2025-11-12T19:09:13.330+0000] {dag.py:3954} INFO - Setting next_dagrun for example_branch_labels to 2025-11-11 00:00:00+00:00, run_after=2025-11-12 00:00:00+00:00
[2025-11-12T19:09:13.351+0000] {processor.py:183} INFO - Processing /home/airflow/.local/lib/python3.12/site-packages/airflow/example_dags/example_branch_labels.py took 0.076 seconds
[2025-11-12T19:09:43.758+0000] {processor.py:161} INFO - Started process (PID=499) to work on /home/airflow/.local/lib/python3.12/site-packages/airflow/example_dags/example_branch_labels.py
[2025-11-12T19:09:43.760+0000] {processor.py:830} INFO - Processing file /home/airflow/.local/lib/python3.12/site-packages/airflow/example_dags/example_branch_labels.py for tasks to queue
[2025-11-12T19:09:43.761+0000] {logging_mixin.py:188} INFO - [2025-11-12T19:09:43.760+0000] {dagbag.py:545} INFO - Filling up the DagBag from /home/airflow/.local/lib/python3.12/site-packages/airflow/example_dags/example_branch_labels.py
[2025-11-12T19:09:43.769+0000] {processor.py:840} INFO - DAG(s) 'example_branch_labels' retrieved from /home/airflow/.local/lib/python3.12/site-packages/airflow/example_dags/example_branch_labels.py
[2025-11-12T19:09:43.797+0000] {logging_mixin.py:188} INFO - [2025-11-12T19:09:43.796+0000] {dag.py:3096} INFO - Sync 1 DAGs
[2025-11-12T19:09:43.819+0000] {logging_mixin.py:188} INFO - [2025-11-12T19:09:43.819+0000] {dag.py:3954} INFO - Setting next_dagrun for example_branch_labels to 2025-11-11 00:00:00+00:00, run_after=2025-11-12 00:00:00+00:00
[2025-11-12T19:09:43.844+0000] {processor.py:183} INFO - Processing /home/airflow/.local/lib/python3.12/site-packages/airflow/example_dags/example_branch_labels.py took 0.090 seconds
[2025-11-12T19:10:14.601+0000] {processor.py:161} INFO - Started process (PID=559) to work on /home/airflow/.local/lib/python3.12/site-packages/airflow/example_dags/example_branch_labels.py
[2025-11-12T19:10:14.602+0000] {processor.py:830} INFO - Processing file /home/airflow/.local/lib/python3.12/site-packages/airflow/example_dags/example_branch_labels.py for tasks to queue
[2025-11-12T19:10:14.604+0000] {logging_mixin.py:188} INFO - [2025-11-12T19:10:14.603+0000] {dagbag.py:545} INFO - Filling up the DagBag from /home/airflow/.local/lib/python3.12/site-packages/airflow/example_dags/example_branch_labels.py
[2025-11-12T19:10:14.611+0000] {processor.py:840} INFO - DAG(s) 'example_branch_labels' retrieved from /home/airflow/.local/lib/python3.12/site-packages/airflow/example_dags/example_branch_labels.py
[2025-11-12T19:10:14.637+0000] {logging_mixin.py:188} INFO - [2025-11-12T19:10:14.636+0000] {dag.py:3096} INFO - Sync 1 DAGs
[2025-11-12T19:10:14.658+0000] {logging_mixin.py:188} INFO - [2025-11-12T19:10:14.658+0000] {dag.py:3954} INFO - Setting next_dagrun for example_branch_labels to 2025-11-11 00:00:00+00:00, run_after=2025-11-12 00:00:00+00:00
[2025-11-12T19:10:14.679+0000] {processor.py:183} INFO - Processing /home/airflow/.local/lib/python3.12/site-packages/airflow/example_dags/example_branch_labels.py took 0.083 seconds
[2025-11-12T19:10:44.921+0000] {processor.py:161} INFO - Started process (PID=620) to work on /home/airflow/.local/lib/python3.12/site-packages/airflow/example_dags/example_branch_labels.py
[2025-11-12T19:10:44.922+0000] {processor.py:830} INFO - Processing file /home/airflow/.local/lib/python3.12/site-packages/airflow/example_dags/example_branch_labels.py for tasks to queue
[2025-11-12T19:10:44.923+0000] {logging_mixin.py:188} INFO - [2025-11-12T19:10:44.922+0000] {dagbag.py:545} INFO - Filling up the DagBag from /home/airflow/.local/lib/python3.12/site-packages/airflow/example_dags/example_branch_labels.py
[2025-11-12T19:10:44.929+0000] {processor.py:840} INFO - DAG(s) 'example_branch_labels' retrieved from /home/airflow/.local/lib/python3.12/site-packages/airflow/example_dags/example_branch_labels.py
[2025-11-12T19:10:44.952+0000] {logging_mixin.py:188} INFO - [2025-11-12T19:10:44.952+0000] {dag.py:3096} INFO - Sync 1 DAGs
[2025-11-12T19:10:44.974+0000] {logging_mixin.py:188} INFO - [2025-11-12T19:10:44.974+0000] {dag.py:3954} INFO - Setting next_dagrun for example_branch_labels to 2025-11-11 00:00:00+00:00, run_after=2025-11-12 00:00:00+00:00
[2025-11-12T19:10:44.999+0000] {processor.py:183} INFO - Processing /home/airflow/.local/lib/python3.12/site-packages/airflow/example_dags/example_branch_labels.py took 0.083 seconds
[2025-11-12T19:11:15.170+0000] {processor.py:161} INFO - Started process (PID=680) to work on /home/airflow/.local/lib/python3.12/site-packages/airflow/example_dags/example_branch_labels.py
[2025-11-12T19:11:15.171+0000] {processor.py:830} INFO - Processing file /home/airflow/.local/lib/python3.12/site-packages/airflow/example_dags/example_branch_labels.py for tasks to queue
[2025-11-12T19:11:15.173+0000] {logging_mixin.py:188} INFO - [2025-11-12T19:11:15.172+0000] {dagbag.py:545} INFO - Filling up the DagBag from /home/airflow/.local/lib/python3.12/site-packages/airflow/example_dags/example_branch_labels.py
[2025-11-12T19:11:15.179+0000] {processor.py:840} INFO - DAG(s) 'example_branch_labels' retrieved from /home/airflow/.local/lib/python3.12/site-packages/airflow/example_dags/example_branch_labels.py
[2025-11-12T19:11:15.203+0000] {logging_mixin.py:188} INFO - [2025-11-12T19:11:15.203+0000] {dag.py:3096} INFO - Sync 1 DAGs
[2025-11-12T19:11:15.225+0000] {logging_mixin.py:188} INFO - [2025-11-12T19:11:15.225+0000] {dag.py:3954} INFO - Setting next_dagrun for example_branch_labels to 2025-11-11 00:00:00+00:00, run_after=2025-11-12 00:00:00+00:00
[2025-11-12T19:11:15.244+0000] {processor.py:183} INFO - Processing /home/airflow/.local/lib/python3.12/site-packages/airflow/example_dags/example_branch_labels.py took 0.078 seconds
[2025-11-12T19:11:45.456+0000] {processor.py:161} INFO - Started process (PID=740) to work on /home/airflow/.local/lib/python3.12/site-packages/airflow/example_dags/example_branch_labels.py
[2025-11-12T19:11:45.457+0000] {processor.py:830} INFO - Processing file /home/airflow/.local/lib/python3.12/site-packages/airflow/example_dags/example_branch_labels.py for tasks to queue
[2025-11-12T19:11:45.458+0000] {logging_mixin.py:188} INFO - [2025-11-12T19:11:45.458+0000] {dagbag.py:545} INFO - Filling up the DagBag from /home/airflow/.local/lib/python3.12/site-packages/airflow/example_dags/example_branch_labels.py
[2025-11-12T19:11:45.465+0000] {processor.py:840} INFO - DAG(s) 'example_branch_labels' retrieved from /home/airflow/.local/lib/python3.12/site-packages/airflow/example_dags/example_branch_labels.py
[2025-11-12T19:11:45.491+0000] {logging_mixin.py:188} INFO - [2025-11-12T19:11:45.490+0000] {dag.py:3096} INFO - Sync 1 DAGs
[2025-11-12T19:11:45.508+0000] {logging_mixin.py:188} INFO - [2025-11-12T19:11:45.508+0000] {dag.py:3954} INFO - Setting next_dagrun for example_branch_labels to 2025-11-11 00:00:00+00:00, run_after=2025-11-12 00:00:00+00:00
[2025-11-12T19:11:45.529+0000] {processor.py:183} INFO - Processing /home/airflow/.local/lib/python3.12/site-packages/airflow/example_dags/example_branch_labels.py took 0.077 seconds
[2025-11-12T19:12:15.704+0000] {processor.py:161} INFO - Started process (PID=800) to work on /home/airflow/.local/lib/python3.12/site-packages/airflow/example_dags/example_branch_labels.py
[2025-11-12T19:12:15.705+0000] {processor.py:830} INFO - Processing file /home/airflow/.local/lib/python3.12/site-packages/airflow/example_dags/example_branch_labels.py for tasks to queue
[2025-11-12T19:12:15.706+0000] {logging_mixin.py:188} INFO - [2025-11-12T19:12:15.706+0000] {dagbag.py:545} INFO - Filling up the DagBag from /home/airflow/.local/lib/python3.12/site-packages/airflow/example_dags/example_branch_labels.py
[2025-11-12T19:12:15.712+0000] {processor.py:840} INFO - DAG(s) 'example_branch_labels' retrieved from /home/airflow/.local/lib/python3.12/site-packages/airflow/example_dags/example_branch_labels.py
[2025-11-12T19:12:15.736+0000] {logging_mixin.py:188} INFO - [2025-11-12T19:12:15.736+0000] {dag.py:3096} INFO - Sync 1 DAGs
[2025-11-12T19:12:15.761+0000] {logging_mixin.py:188} INFO - [2025-11-12T19:12:15.761+0000] {dag.py:3954} INFO - Setting next_dagrun for example_branch_labels to 2025-11-11 00:00:00+00:00, run_after=2025-11-12 00:00:00+00:00
[2025-11-12T19:12:15.780+0000] {processor.py:183} INFO - Processing /home/airflow/.local/lib/python3.12/site-packages/airflow/example_dags/example_branch_labels.py took 0.080 seconds
[2025-11-12T19:12:46.111+0000] {processor.py:161} INFO - Started process (PID=860) to work on /home/airflow/.local/lib/python3.12/site-packages/airflow/example_dags/example_branch_labels.py
[2025-11-12T19:12:46.112+0000] {processor.py:830} INFO - Processing file /home/airflow/.local/lib/python3.12/site-packages/airflow/example_dags/example_branch_labels.py for tasks to queue
[2025-11-12T19:12:46.113+0000] {logging_mixin.py:188} INFO - [2025-11-12T19:12:46.113+0000] {dagbag.py:545} INFO - Filling up the DagBag from /home/airflow/.local/lib/python3.12/site-packages/airflow/example_dags/example_branch_labels.py
[2025-11-12T19:12:46.120+0000] {processor.py:840} INFO - DAG(s) 'example_branch_labels' retrieved from /home/airflow/.local/lib/python3.12/site-packages/airflow/example_dags/example_branch_labels.py
[2025-11-12T19:12:46.143+0000] {logging_mixin.py:188} INFO - [2025-11-12T19:12:46.143+0000] {dag.py:3096} INFO - Sync 1 DAGs
[2025-11-12T19:12:46.165+0000] {logging_mixin.py:188} INFO - [2025-11-12T19:12:46.165+0000] {dag.py:3954} INFO - Setting next_dagrun for example_branch_labels to 2025-11-11 00:00:00+00:00, run_after=2025-11-12 00:00:00+00:00
[2025-11-12T19:12:46.198+0000] {processor.py:183} INFO - Processing /home/airflow/.local/lib/python3.12/site-packages/airflow/example_dags/example_branch_labels.py took 0.092 seconds
[2025-11-12T19:13:16.563+0000] {processor.py:161} INFO - Started process (PID=920) to work on /home/airflow/.local/lib/python3.12/site-packages/airflow/example_dags/example_branch_labels.py
[2025-11-12T19:13:16.564+0000] {processor.py:830} INFO - Processing file /home/airflow/.local/lib/python3.12/site-packages/airflow/example_dags/example_branch_labels.py for tasks to queue
[2025-11-12T19:13:16.565+0000] {logging_mixin.py:188} INFO - [2025-11-12T19:13:16.565+0000] {dagbag.py:545} INFO - Filling up the DagBag from /home/airflow/.local/lib/python3.12/site-packages/airflow/example_dags/example_branch_labels.py
[2025-11-12T19:13:16.570+0000] {processor.py:840} INFO - DAG(s) 'example_branch_labels' retrieved from /home/airflow/.local/lib/python3.12/site-packages/airflow/example_dags/example_branch_labels.py
[2025-11-12T19:13:16.594+0000] {logging_mixin.py:188} INFO - [2025-11-12T19:13:16.593+0000] {dag.py:3096} INFO - Sync 1 DAGs
[2025-11-12T19:13:16.616+0000] {logging_mixin.py:188} INFO - [2025-11-12T19:13:16.615+0000] {dag.py:3954} INFO - Setting next_dagrun for example_branch_labels to 2025-11-11 00:00:00+00:00, run_after=2025-11-12 00:00:00+00:00
[2025-11-12T19:13:16.640+0000] {processor.py:183} INFO - Processing /home/airflow/.local/lib/python3.12/site-packages/airflow/example_dags/example_branch_labels.py took 0.081 seconds
[2025-11-12T19:13:46.727+0000] {processor.py:161} INFO - Started process (PID=981) to work on /home/airflow/.local/lib/python3.12/site-packages/airflow/example_dags/example_branch_labels.py
[2025-11-12T19:13:46.728+0000] {processor.py:830} INFO - Processing file /home/airflow/.local/lib/python3.12/site-packages/airflow/example_dags/example_branch_labels.py for tasks to queue
[2025-11-12T19:13:46.730+0000] {logging_mixin.py:188} INFO - [2025-11-12T19:13:46.729+0000] {dagbag.py:545} INFO - Filling up the DagBag from /home/airflow/.local/lib/python3.12/site-packages/airflow/example_dags/example_branch_labels.py
[2025-11-12T19:13:46.736+0000] {processor.py:840} INFO - DAG(s) 'example_branch_labels' retrieved from /home/airflow/.local/lib/python3.12/site-packages/airflow/example_dags/example_branch_labels.py
[2025-11-12T19:13:46.762+0000] {logging_mixin.py:188} INFO - [2025-11-12T19:13:46.761+0000] {dag.py:3096} INFO - Sync 1 DAGs
[2025-11-12T19:13:46.785+0000] {logging_mixin.py:188} INFO - [2025-11-12T19:13:46.785+0000] {dag.py:3954} INFO - Setting next_dagrun for example_branch_labels to 2025-11-11 00:00:00+00:00, run_after=2025-11-12 00:00:00+00:00
[2025-11-12T19:13:46.809+0000] {processor.py:183} INFO - Processing /home/airflow/.local/lib/python3.12/site-packages/airflow/example_dags/example_branch_labels.py took 0.088 seconds
[2025-11-12T19:14:17.354+0000] {processor.py:161} INFO - Started process (PID=1041) to work on /home/airflow/.local/lib/python3.12/site-packages/airflow/example_dags/example_branch_labels.py
[2025-11-12T19:14:17.355+0000] {processor.py:830} INFO - Processing file /home/airflow/.local/lib/python3.12/site-packages/airflow/example_dags/example_branch_labels.py for tasks to queue
[2025-11-12T19:14:17.356+0000] {logging_mixin.py:188} INFO - [2025-11-12T19:14:17.356+0000] {dagbag.py:545} INFO - Filling up the DagBag from /home/airflow/.local/lib/python3.12/site-packages/airflow/example_dags/example_branch_labels.py
[2025-11-12T19:14:17.363+0000] {processor.py:840} INFO - DAG(s) 'example_branch_labels' retrieved from /home/airflow/.local/lib/python3.12/site-packages/airflow/example_dags/example_branch_labels.py
[2025-11-12T19:14:17.385+0000] {logging_mixin.py:188} INFO - [2025-11-12T19:14:17.385+0000] {dag.py:3096} INFO - Sync 1 DAGs
[2025-11-12T19:14:17.404+0000] {logging_mixin.py:188} INFO - [2025-11-12T19:14:17.404+0000] {dag.py:3954} INFO - Setting next_dagrun for example_branch_labels to 2025-11-11 00:00:00+00:00, run_after=2025-11-12 00:00:00+00:00
[2025-11-12T19:14:17.427+0000] {processor.py:183} INFO - Processing /home/airflow/.local/lib/python3.12/site-packages/airflow/example_dags/example_branch_labels.py took 0.078 seconds
[2025-11-12T19:14:48.130+0000] {processor.py:161} INFO - Started process (PID=1101) to work on /home/airflow/.local/lib/python3.12/site-packages/airflow/example_dags/example_branch_labels.py
[2025-11-12T19:14:48.132+0000] {processor.py:830} INFO - Processing file /home/airflow/.local/lib/python3.12/site-packages/airflow/example_dags/example_branch_labels.py for tasks to queue
[2025-11-12T19:14:48.133+0000] {logging_mixin.py:188} INFO - [2025-11-12T19:14:48.132+0000] {dagbag.py:545} INFO - Filling up the DagBag from /home/airflow/.local/lib/python3.12/site-packages/airflow/example_dags/example_branch_labels.py
[2025-11-12T19:14:48.140+0000] {processor.py:840} INFO - DAG(s) 'example_branch_labels' retrieved from /home/airflow/.local/lib/python3.12/site-packages/airflow/example_dags/example_branch_labels.py
[2025-11-12T19:14:48.160+0000] {logging_mixin.py:188} INFO - [2025-11-12T19:14:48.160+0000] {dag.py:3096} INFO - Sync 1 DAGs
[2025-11-12T19:14:48.180+0000] {logging_mixin.py:188} INFO - [2025-11-12T19:14:48.180+0000] {dag.py:3954} INFO - Setting next_dagrun for example_branch_labels to 2025-11-11 00:00:00+00:00, run_after=2025-11-12 00:00:00+00:00
[2025-11-12T19:14:48.205+0000] {processor.py:183} INFO - Processing /home/airflow/.local/lib/python3.12/site-packages/airflow/example_dags/example_branch_labels.py took 0.079 seconds
[2025-11-12T19:15:19.258+0000] {processor.py:161} INFO - Started process (PID=1161) to work on /home/airflow/.local/lib/python3.12/site-packages/airflow/example_dags/example_branch_labels.py
[2025-11-12T19:15:19.260+0000] {processor.py:830} INFO - Processing file /home/airflow/.local/lib/python3.12/site-packages/airflow/example_dags/example_branch_labels.py for tasks to queue
[2025-11-12T19:15:19.261+0000] {logging_mixin.py:188} INFO - [2025-11-12T19:15:19.261+0000] {dagbag.py:545} INFO - Filling up the DagBag from /home/airflow/.local/lib/python3.12/site-packages/airflow/example_dags/example_branch_labels.py
[2025-11-12T19:15:19.267+0000] {processor.py:840} INFO - DAG(s) 'example_branch_labels' retrieved from /home/airflow/.local/lib/python3.12/site-packages/airflow/example_dags/example_branch_labels.py
[2025-11-12T19:15:19.287+0000] {logging_mixin.py:188} INFO - [2025-11-12T19:15:19.287+0000] {dag.py:3096} INFO - Sync 1 DAGs
[2025-11-12T19:15:19.320+0000] {logging_mixin.py:188} INFO - [2025-11-12T19:15:19.320+0000] {dag.py:3954} INFO - Setting next_dagrun for example_branch_labels to 2025-11-11 00:00:00+00:00, run_after=2025-11-12 00:00:00+00:00
[2025-11-12T19:15:19.341+0000] {processor.py:183} INFO - Processing /home/airflow/.local/lib/python3.12/site-packages/airflow/example_dags/example_branch_labels.py took 0.087 seconds
[2025-11-12T19:15:49.565+0000] {processor.py:161} INFO - Started process (PID=1221) to work on /home/airflow/.local/lib/python3.12/site-packages/airflow/example_dags/example_branch_labels.py
[2025-11-12T19:15:49.566+0000] {processor.py:830} INFO - Processing file /home/airflow/.local/lib/python3.12/site-packages/airflow/example_dags/example_branch_labels.py for tasks to queue
[2025-11-12T19:15:49.567+0000] {logging_mixin.py:188} INFO - [2025-11-12T19:15:49.567+0000] {dagbag.py:545} INFO - Filling up the DagBag from /home/airflow/.local/lib/python3.12/site-packages/airflow/example_dags/example_branch_labels.py
[2025-11-12T19:15:49.575+0000] {processor.py:840} INFO - DAG(s) 'example_branch_labels' retrieved from /home/airflow/.local/lib/python3.12/site-packages/airflow/example_dags/example_branch_labels.py
[2025-11-12T19:15:49.598+0000] {logging_mixin.py:188} INFO - [2025-11-12T19:15:49.598+0000] {dag.py:3096} INFO - Sync 1 DAGs
[2025-11-12T19:15:49.616+0000] {logging_mixin.py:188} INFO - [2025-11-12T19:15:49.616+0000] {dag.py:3954} INFO - Setting next_dagrun for example_branch_labels to 2025-11-11 00:00:00+00:00, run_after=2025-11-12 00:00:00+00:00
[2025-11-12T19:15:49.636+0000] {processor.py:183} INFO - Processing /home/airflow/.local/lib/python3.12/site-packages/airflow/example_dags/example_branch_labels.py took 0.076 seconds
[2025-11-12T19:16:55.638+0000] {processor.py:161} INFO - Started process (PID=77) to work on /home/airflow/.local/lib/python3.12/site-packages/airflow/example_dags/example_branch_labels.py
[2025-11-12T19:16:55.640+0000] {processor.py:830} INFO - Processing file /home/airflow/.local/lib/python3.12/site-packages/airflow/example_dags/example_branch_labels.py for tasks to queue
[2025-11-12T19:16:55.642+0000] {logging_mixin.py:188} INFO - [2025-11-12T19:16:55.641+0000] {dagbag.py:545} INFO - Filling up the DagBag from /home/airflow/.local/lib/python3.12/site-packages/airflow/example_dags/example_branch_labels.py
[2025-11-12T19:16:55.652+0000] {processor.py:840} INFO - DAG(s) 'example_branch_labels' retrieved from /home/airflow/.local/lib/python3.12/site-packages/airflow/example_dags/example_branch_labels.py
[2025-11-12T19:16:55.768+0000] {logging_mixin.py:188} INFO - [2025-11-12T19:16:55.767+0000] {dag.py:3096} INFO - Sync 1 DAGs
[2025-11-12T19:16:55.793+0000] {logging_mixin.py:188} INFO - [2025-11-12T19:16:55.793+0000] {dag.py:3954} INFO - Setting next_dagrun for example_branch_labels to 2025-11-11 00:00:00+00:00, run_after=2025-11-12 00:00:00+00:00
[2025-11-12T19:16:55.824+0000] {processor.py:183} INFO - Processing /home/airflow/.local/lib/python3.12/site-packages/airflow/example_dags/example_branch_labels.py took 0.191 seconds
[2025-11-12T19:17:26.424+0000] {processor.py:161} INFO - Started process (PID=137) to work on /home/airflow/.local/lib/python3.12/site-packages/airflow/example_dags/example_branch_labels.py
[2025-11-12T19:17:26.425+0000] {processor.py:830} INFO - Processing file /home/airflow/.local/lib/python3.12/site-packages/airflow/example_dags/example_branch_labels.py for tasks to queue
[2025-11-12T19:17:26.427+0000] {logging_mixin.py:188} INFO - [2025-11-12T19:17:26.426+0000] {dagbag.py:545} INFO - Filling up the DagBag from /home/airflow/.local/lib/python3.12/site-packages/airflow/example_dags/example_branch_labels.py
[2025-11-12T19:17:26.432+0000] {processor.py:840} INFO - DAG(s) 'example_branch_labels' retrieved from /home/airflow/.local/lib/python3.12/site-packages/airflow/example_dags/example_branch_labels.py
[2025-11-12T19:17:26.454+0000] {logging_mixin.py:188} INFO - [2025-11-12T19:17:26.453+0000] {dag.py:3096} INFO - Sync 1 DAGs
[2025-11-12T19:17:26.473+0000] {logging_mixin.py:188} INFO - [2025-11-12T19:17:26.472+0000] {dag.py:3954} INFO - Setting next_dagrun for example_branch_labels to 2025-11-11 00:00:00+00:00, run_after=2025-11-12 00:00:00+00:00
[2025-11-12T19:17:26.493+0000] {processor.py:183} INFO - Processing /home/airflow/.local/lib/python3.12/site-packages/airflow/example_dags/example_branch_labels.py took 0.073 seconds
[2025-11-12T19:17:56.924+0000] {processor.py:161} INFO - Started process (PID=197) to work on /home/airflow/.local/lib/python3.12/site-packages/airflow/example_dags/example_branch_labels.py
[2025-11-12T19:17:56.925+0000] {processor.py:830} INFO - Processing file /home/airflow/.local/lib/python3.12/site-packages/airflow/example_dags/example_branch_labels.py for tasks to queue
[2025-11-12T19:17:56.927+0000] {logging_mixin.py:188} INFO - [2025-11-12T19:17:56.927+0000] {dagbag.py:545} INFO - Filling up the DagBag from /home/airflow/.local/lib/python3.12/site-packages/airflow/example_dags/example_branch_labels.py
[2025-11-12T19:17:56.933+0000] {processor.py:840} INFO - DAG(s) 'example_branch_labels' retrieved from /home/airflow/.local/lib/python3.12/site-packages/airflow/example_dags/example_branch_labels.py
[2025-11-12T19:17:56.954+0000] {logging_mixin.py:188} INFO - [2025-11-12T19:17:56.953+0000] {dag.py:3096} INFO - Sync 1 DAGs
[2025-11-12T19:17:56.975+0000] {logging_mixin.py:188} INFO - [2025-11-12T19:17:56.975+0000] {dag.py:3954} INFO - Setting next_dagrun for example_branch_labels to 2025-11-11 00:00:00+00:00, run_after=2025-11-12 00:00:00+00:00
[2025-11-12T19:17:56.993+0000] {processor.py:183} INFO - Processing /home/airflow/.local/lib/python3.12/site-packages/airflow/example_dags/example_branch_labels.py took 0.074 seconds
[2025-11-12T19:18:28.062+0000] {processor.py:161} INFO - Started process (PID=257) to work on /home/airflow/.local/lib/python3.12/site-packages/airflow/example_dags/example_branch_labels.py
[2025-11-12T19:18:28.063+0000] {processor.py:830} INFO - Processing file /home/airflow/.local/lib/python3.12/site-packages/airflow/example_dags/example_branch_labels.py for tasks to queue
[2025-11-12T19:18:28.065+0000] {logging_mixin.py:188} INFO - [2025-11-12T19:18:28.065+0000] {dagbag.py:545} INFO - Filling up the DagBag from /home/airflow/.local/lib/python3.12/site-packages/airflow/example_dags/example_branch_labels.py
[2025-11-12T19:18:28.071+0000] {processor.py:840} INFO - DAG(s) 'example_branch_labels' retrieved from /home/airflow/.local/lib/python3.12/site-packages/airflow/example_dags/example_branch_labels.py
[2025-11-12T19:18:28.091+0000] {logging_mixin.py:188} INFO - [2025-11-12T19:18:28.091+0000] {dag.py:3096} INFO - Sync 1 DAGs
[2025-11-12T19:18:28.109+0000] {logging_mixin.py:188} INFO - [2025-11-12T19:18:28.109+0000] {dag.py:3954} INFO - Setting next_dagrun for example_branch_labels to 2025-11-11 00:00:00+00:00, run_after=2025-11-12 00:00:00+00:00
[2025-11-12T19:18:28.127+0000] {processor.py:183} INFO - Processing /home/airflow/.local/lib/python3.12/site-packages/airflow/example_dags/example_branch_labels.py took 0.069 seconds
[2025-11-12T19:18:58.583+0000] {processor.py:161} INFO - Started process (PID=318) to work on /home/airflow/.local/lib/python3.12/site-packages/airflow/example_dags/example_branch_labels.py
[2025-11-12T19:18:58.584+0000] {processor.py:830} INFO - Processing file /home/airflow/.local/lib/python3.12/site-packages/airflow/example_dags/example_branch_labels.py for tasks to queue
[2025-11-12T19:18:58.586+0000] {logging_mixin.py:188} INFO - [2025-11-12T19:18:58.586+0000] {dagbag.py:545} INFO - Filling up the DagBag from /home/airflow/.local/lib/python3.12/site-packages/airflow/example_dags/example_branch_labels.py
[2025-11-12T19:18:58.593+0000] {processor.py:840} INFO - DAG(s) 'example_branch_labels' retrieved from /home/airflow/.local/lib/python3.12/site-packages/airflow/example_dags/example_branch_labels.py
[2025-11-12T19:18:58.615+0000] {logging_mixin.py:188} INFO - [2025-11-12T19:18:58.615+0000] {dag.py:3096} INFO - Sync 1 DAGs
[2025-11-12T19:18:58.638+0000] {logging_mixin.py:188} INFO - [2025-11-12T19:18:58.638+0000] {dag.py:3954} INFO - Setting next_dagrun for example_branch_labels to 2025-11-11 00:00:00+00:00, run_after=2025-11-12 00:00:00+00:00
[2025-11-12T19:18:58.672+0000] {processor.py:183} INFO - Processing /home/airflow/.local/lib/python3.12/site-packages/airflow/example_dags/example_branch_labels.py took 0.094 seconds
[2025-11-12T19:19:28.862+0000] {processor.py:161} INFO - Started process (PID=378) to work on /home/airflow/.local/lib/python3.12/site-packages/airflow/example_dags/example_branch_labels.py
[2025-11-12T19:19:28.863+0000] {processor.py:830} INFO - Processing file /home/airflow/.local/lib/python3.12/site-packages/airflow/example_dags/example_branch_labels.py for tasks to queue
[2025-11-12T19:19:28.865+0000] {logging_mixin.py:188} INFO - [2025-11-12T19:19:28.865+0000] {dagbag.py:545} INFO - Filling up the DagBag from /home/airflow/.local/lib/python3.12/site-packages/airflow/example_dags/example_branch_labels.py
[2025-11-12T19:19:28.872+0000] {processor.py:840} INFO - DAG(s) 'example_branch_labels' retrieved from /home/airflow/.local/lib/python3.12/site-packages/airflow/example_dags/example_branch_labels.py
[2025-11-12T19:19:28.895+0000] {logging_mixin.py:188} INFO - [2025-11-12T19:19:28.894+0000] {dag.py:3096} INFO - Sync 1 DAGs
[2025-11-12T19:19:28.938+0000] {logging_mixin.py:188} INFO - [2025-11-12T19:19:28.937+0000] {dag.py:3954} INFO - Setting next_dagrun for example_branch_labels to 2025-11-11 00:00:00+00:00, run_after=2025-11-12 00:00:00+00:00
[2025-11-12T19:19:28.960+0000] {processor.py:183} INFO - Processing /home/airflow/.local/lib/python3.12/site-packages/airflow/example_dags/example_branch_labels.py took 0.103 seconds
[2025-11-12T19:19:59.562+0000] {processor.py:161} INFO - Started process (PID=438) to work on /home/airflow/.local/lib/python3.12/site-packages/airflow/example_dags/example_branch_labels.py
[2025-11-12T19:19:59.563+0000] {processor.py:830} INFO - Processing file /home/airflow/.local/lib/python3.12/site-packages/airflow/example_dags/example_branch_labels.py for tasks to queue
[2025-11-12T19:19:59.565+0000] {logging_mixin.py:188} INFO - [2025-11-12T19:19:59.565+0000] {dagbag.py:545} INFO - Filling up the DagBag from /home/airflow/.local/lib/python3.12/site-packages/airflow/example_dags/example_branch_labels.py
[2025-11-12T19:19:59.572+0000] {processor.py:840} INFO - DAG(s) 'example_branch_labels' retrieved from /home/airflow/.local/lib/python3.12/site-packages/airflow/example_dags/example_branch_labels.py
[2025-11-12T19:19:59.595+0000] {logging_mixin.py:188} INFO - [2025-11-12T19:19:59.595+0000] {dag.py:3096} INFO - Sync 1 DAGs
[2025-11-12T19:19:59.614+0000] {logging_mixin.py:188} INFO - [2025-11-12T19:19:59.614+0000] {dag.py:3954} INFO - Setting next_dagrun for example_branch_labels to 2025-11-11 00:00:00+00:00, run_after=2025-11-12 00:00:00+00:00
[2025-11-12T19:19:59.632+0000] {processor.py:183} INFO - Processing /home/airflow/.local/lib/python3.12/site-packages/airflow/example_dags/example_branch_labels.py took 0.075 seconds
[2025-11-12T19:20:30.386+0000] {processor.py:161} INFO - Started process (PID=499) to work on /home/airflow/.local/lib/python3.12/site-packages/airflow/example_dags/example_branch_labels.py
[2025-11-12T19:20:30.387+0000] {processor.py:830} INFO - Processing file /home/airflow/.local/lib/python3.12/site-packages/airflow/example_dags/example_branch_labels.py for tasks to queue
[2025-11-12T19:20:30.389+0000] {logging_mixin.py:188} INFO - [2025-11-12T19:20:30.389+0000] {dagbag.py:545} INFO - Filling up the DagBag from /home/airflow/.local/lib/python3.12/site-packages/airflow/example_dags/example_branch_labels.py
[2025-11-12T19:20:30.396+0000] {processor.py:840} INFO - DAG(s) 'example_branch_labels' retrieved from /home/airflow/.local/lib/python3.12/site-packages/airflow/example_dags/example_branch_labels.py
[2025-11-12T19:20:30.418+0000] {logging_mixin.py:188} INFO - [2025-11-12T19:20:30.417+0000] {dag.py:3096} INFO - Sync 1 DAGs
[2025-11-12T19:20:30.436+0000] {logging_mixin.py:188} INFO - [2025-11-12T19:20:30.436+0000] {dag.py:3954} INFO - Setting next_dagrun for example_branch_labels to 2025-11-11 00:00:00+00:00, run_after=2025-11-12 00:00:00+00:00
[2025-11-12T19:20:30.456+0000] {processor.py:183} INFO - Processing /home/airflow/.local/lib/python3.12/site-packages/airflow/example_dags/example_branch_labels.py took 0.074 seconds
[2025-11-12T19:21:00.664+0000] {processor.py:161} INFO - Started process (PID=559) to work on /home/airflow/.local/lib/python3.12/site-packages/airflow/example_dags/example_branch_labels.py
[2025-11-12T19:21:00.665+0000] {processor.py:830} INFO - Processing file /home/airflow/.local/lib/python3.12/site-packages/airflow/example_dags/example_branch_labels.py for tasks to queue
[2025-11-12T19:21:00.668+0000] {logging_mixin.py:188} INFO - [2025-11-12T19:21:00.667+0000] {dagbag.py:545} INFO - Filling up the DagBag from /home/airflow/.local/lib/python3.12/site-packages/airflow/example_dags/example_branch_labels.py
[2025-11-12T19:21:00.674+0000] {processor.py:840} INFO - DAG(s) 'example_branch_labels' retrieved from /home/airflow/.local/lib/python3.12/site-packages/airflow/example_dags/example_branch_labels.py
[2025-11-12T19:21:00.695+0000] {logging_mixin.py:188} INFO - [2025-11-12T19:21:00.695+0000] {dag.py:3096} INFO - Sync 1 DAGs
[2025-11-12T19:21:00.715+0000] {logging_mixin.py:188} INFO - [2025-11-12T19:21:00.715+0000] {dag.py:3954} INFO - Setting next_dagrun for example_branch_labels to 2025-11-11 00:00:00+00:00, run_after=2025-11-12 00:00:00+00:00
[2025-11-12T19:21:00.735+0000] {processor.py:183} INFO - Processing /home/airflow/.local/lib/python3.12/site-packages/airflow/example_dags/example_branch_labels.py took 0.075 seconds
[2025-11-12T19:21:31.114+0000] {processor.py:161} INFO - Started process (PID=619) to work on /home/airflow/.local/lib/python3.12/site-packages/airflow/example_dags/example_branch_labels.py
[2025-11-12T19:21:31.115+0000] {processor.py:830} INFO - Processing file /home/airflow/.local/lib/python3.12/site-packages/airflow/example_dags/example_branch_labels.py for tasks to queue
[2025-11-12T19:21:31.117+0000] {logging_mixin.py:188} INFO - [2025-11-12T19:21:31.117+0000] {dagbag.py:545} INFO - Filling up the DagBag from /home/airflow/.local/lib/python3.12/site-packages/airflow/example_dags/example_branch_labels.py
[2025-11-12T19:21:31.123+0000] {processor.py:840} INFO - DAG(s) 'example_branch_labels' retrieved from /home/airflow/.local/lib/python3.12/site-packages/airflow/example_dags/example_branch_labels.py
[2025-11-12T19:21:31.144+0000] {logging_mixin.py:188} INFO - [2025-11-12T19:21:31.144+0000] {dag.py:3096} INFO - Sync 1 DAGs
[2025-11-12T19:21:31.164+0000] {logging_mixin.py:188} INFO - [2025-11-12T19:21:31.164+0000] {dag.py:3954} INFO - Setting next_dagrun for example_branch_labels to 2025-11-11 00:00:00+00:00, run_after=2025-11-12 00:00:00+00:00
[2025-11-12T19:21:31.184+0000] {processor.py:183} INFO - Processing /home/airflow/.local/lib/python3.12/site-packages/airflow/example_dags/example_branch_labels.py took 0.074 seconds
[2025-11-12T19:22:01.447+0000] {processor.py:161} INFO - Started process (PID=679) to work on /home/airflow/.local/lib/python3.12/site-packages/airflow/example_dags/example_branch_labels.py
[2025-11-12T19:22:01.449+0000] {processor.py:830} INFO - Processing file /home/airflow/.local/lib/python3.12/site-packages/airflow/example_dags/example_branch_labels.py for tasks to queue
[2025-11-12T19:22:01.450+0000] {logging_mixin.py:188} INFO - [2025-11-12T19:22:01.450+0000] {dagbag.py:545} INFO - Filling up the DagBag from /home/airflow/.local/lib/python3.12/site-packages/airflow/example_dags/example_branch_labels.py
[2025-11-12T19:22:01.457+0000] {processor.py:840} INFO - DAG(s) 'example_branch_labels' retrieved from /home/airflow/.local/lib/python3.12/site-packages/airflow/example_dags/example_branch_labels.py
[2025-11-12T19:22:01.479+0000] {logging_mixin.py:188} INFO - [2025-11-12T19:22:01.478+0000] {dag.py:3096} INFO - Sync 1 DAGs
[2025-11-12T19:22:01.498+0000] {logging_mixin.py:188} INFO - [2025-11-12T19:22:01.498+0000] {dag.py:3954} INFO - Setting next_dagrun for example_branch_labels to 2025-11-11 00:00:00+00:00, run_after=2025-11-12 00:00:00+00:00
[2025-11-12T19:22:01.519+0000] {processor.py:183} INFO - Processing /home/airflow/.local/lib/python3.12/site-packages/airflow/example_dags/example_branch_labels.py took 0.077 seconds
[2025-11-12T19:22:31.641+0000] {processor.py:161} INFO - Started process (PID=740) to work on /home/airflow/.local/lib/python3.12/site-packages/airflow/example_dags/example_branch_labels.py
[2025-11-12T19:22:31.642+0000] {processor.py:830} INFO - Processing file /home/airflow/.local/lib/python3.12/site-packages/airflow/example_dags/example_branch_labels.py for tasks to queue
[2025-11-12T19:22:31.644+0000] {logging_mixin.py:188} INFO - [2025-11-12T19:22:31.644+0000] {dagbag.py:545} INFO - Filling up the DagBag from /home/airflow/.local/lib/python3.12/site-packages/airflow/example_dags/example_branch_labels.py
[2025-11-12T19:22:31.650+0000] {processor.py:840} INFO - DAG(s) 'example_branch_labels' retrieved from /home/airflow/.local/lib/python3.12/site-packages/airflow/example_dags/example_branch_labels.py
[2025-11-12T19:22:31.670+0000] {logging_mixin.py:188} INFO - [2025-11-12T19:22:31.669+0000] {dag.py:3096} INFO - Sync 1 DAGs
[2025-11-12T19:22:31.688+0000] {logging_mixin.py:188} INFO - [2025-11-12T19:22:31.688+0000] {dag.py:3954} INFO - Setting next_dagrun for example_branch_labels to 2025-11-11 00:00:00+00:00, run_after=2025-11-12 00:00:00+00:00
[2025-11-12T19:22:31.709+0000] {processor.py:183} INFO - Processing /home/airflow/.local/lib/python3.12/site-packages/airflow/example_dags/example_branch_labels.py took 0.073 seconds
[2025-11-12T19:23:01.983+0000] {processor.py:161} INFO - Started process (PID=800) to work on /home/airflow/.local/lib/python3.12/site-packages/airflow/example_dags/example_branch_labels.py
[2025-11-12T19:23:01.984+0000] {processor.py:830} INFO - Processing file /home/airflow/.local/lib/python3.12/site-packages/airflow/example_dags/example_branch_labels.py for tasks to queue
[2025-11-12T19:23:01.987+0000] {logging_mixin.py:188} INFO - [2025-11-12T19:23:01.986+0000] {dagbag.py:545} INFO - Filling up the DagBag from /home/airflow/.local/lib/python3.12/site-packages/airflow/example_dags/example_branch_labels.py
[2025-11-12T19:23:01.993+0000] {processor.py:840} INFO - DAG(s) 'example_branch_labels' retrieved from /home/airflow/.local/lib/python3.12/site-packages/airflow/example_dags/example_branch_labels.py
[2025-11-12T19:23:02.013+0000] {logging_mixin.py:188} INFO - [2025-11-12T19:23:02.013+0000] {dag.py:3096} INFO - Sync 1 DAGs
[2025-11-12T19:23:02.031+0000] {logging_mixin.py:188} INFO - [2025-11-12T19:23:02.031+0000] {dag.py:3954} INFO - Setting next_dagrun for example_branch_labels to 2025-11-11 00:00:00+00:00, run_after=2025-11-12 00:00:00+00:00
[2025-11-12T19:23:02.048+0000] {processor.py:183} INFO - Processing /home/airflow/.local/lib/python3.12/site-packages/airflow/example_dags/example_branch_labels.py took 0.071 seconds
[2025-11-12T19:23:32.431+0000] {processor.py:161} INFO - Started process (PID=860) to work on /home/airflow/.local/lib/python3.12/site-packages/airflow/example_dags/example_branch_labels.py
[2025-11-12T19:23:32.432+0000] {processor.py:830} INFO - Processing file /home/airflow/.local/lib/python3.12/site-packages/airflow/example_dags/example_branch_labels.py for tasks to queue
[2025-11-12T19:23:32.434+0000] {logging_mixin.py:188} INFO - [2025-11-12T19:23:32.434+0000] {dagbag.py:545} INFO - Filling up the DagBag from /home/airflow/.local/lib/python3.12/site-packages/airflow/example_dags/example_branch_labels.py
[2025-11-12T19:23:32.440+0000] {processor.py:840} INFO - DAG(s) 'example_branch_labels' retrieved from /home/airflow/.local/lib/python3.12/site-packages/airflow/example_dags/example_branch_labels.py
[2025-11-12T19:23:32.461+0000] {logging_mixin.py:188} INFO - [2025-11-12T19:23:32.460+0000] {dag.py:3096} INFO - Sync 1 DAGs
[2025-11-12T19:23:32.477+0000] {logging_mixin.py:188} INFO - [2025-11-12T19:23:32.477+0000] {dag.py:3954} INFO - Setting next_dagrun for example_branch_labels to 2025-11-11 00:00:00+00:00, run_after=2025-11-12 00:00:00+00:00
[2025-11-12T19:23:32.497+0000] {processor.py:183} INFO - Processing /home/airflow/.local/lib/python3.12/site-packages/airflow/example_dags/example_branch_labels.py took 0.071 seconds
[2025-11-12T19:24:02.708+0000] {processor.py:161} INFO - Started process (PID=920) to work on /home/airflow/.local/lib/python3.12/site-packages/airflow/example_dags/example_branch_labels.py
[2025-11-12T19:24:02.709+0000] {processor.py:830} INFO - Processing file /home/airflow/.local/lib/python3.12/site-packages/airflow/example_dags/example_branch_labels.py for tasks to queue
[2025-11-12T19:24:02.712+0000] {logging_mixin.py:188} INFO - [2025-11-12T19:24:02.711+0000] {dagbag.py:545} INFO - Filling up the DagBag from /home/airflow/.local/lib/python3.12/site-packages/airflow/example_dags/example_branch_labels.py
[2025-11-12T19:24:02.719+0000] {processor.py:840} INFO - DAG(s) 'example_branch_labels' retrieved from /home/airflow/.local/lib/python3.12/site-packages/airflow/example_dags/example_branch_labels.py
[2025-11-12T19:24:02.742+0000] {logging_mixin.py:188} INFO - [2025-11-12T19:24:02.742+0000] {dag.py:3096} INFO - Sync 1 DAGs
[2025-11-12T19:24:02.765+0000] {logging_mixin.py:188} INFO - [2025-11-12T19:24:02.765+0000] {dag.py:3954} INFO - Setting next_dagrun for example_branch_labels to 2025-11-11 00:00:00+00:00, run_after=2025-11-12 00:00:00+00:00
[2025-11-12T19:24:02.787+0000] {processor.py:183} INFO - Processing /home/airflow/.local/lib/python3.12/site-packages/airflow/example_dags/example_branch_labels.py took 0.085 seconds
[2025-11-12T19:24:33.033+0000] {processor.py:161} INFO - Started process (PID=980) to work on /home/airflow/.local/lib/python3.12/site-packages/airflow/example_dags/example_branch_labels.py
[2025-11-12T19:24:33.034+0000] {processor.py:830} INFO - Processing file /home/airflow/.local/lib/python3.12/site-packages/airflow/example_dags/example_branch_labels.py for tasks to queue
[2025-11-12T19:24:33.036+0000] {logging_mixin.py:188} INFO - [2025-11-12T19:24:33.036+0000] {dagbag.py:545} INFO - Filling up the DagBag from /home/airflow/.local/lib/python3.12/site-packages/airflow/example_dags/example_branch_labels.py
[2025-11-12T19:24:33.042+0000] {processor.py:840} INFO - DAG(s) 'example_branch_labels' retrieved from /home/airflow/.local/lib/python3.12/site-packages/airflow/example_dags/example_branch_labels.py
[2025-11-12T19:24:33.062+0000] {logging_mixin.py:188} INFO - [2025-11-12T19:24:33.062+0000] {dag.py:3096} INFO - Sync 1 DAGs
[2025-11-12T19:24:33.083+0000] {logging_mixin.py:188} INFO - [2025-11-12T19:24:33.082+0000] {dag.py:3954} INFO - Setting next_dagrun for example_branch_labels to 2025-11-11 00:00:00+00:00, run_after=2025-11-12 00:00:00+00:00
[2025-11-12T19:24:33.104+0000] {processor.py:183} INFO - Processing /home/airflow/.local/lib/python3.12/site-packages/airflow/example_dags/example_branch_labels.py took 0.076 seconds
[2025-11-12T19:25:04.041+0000] {processor.py:161} INFO - Started process (PID=1040) to work on /home/airflow/.local/lib/python3.12/site-packages/airflow/example_dags/example_branch_labels.py
[2025-11-12T19:25:04.043+0000] {processor.py:830} INFO - Processing file /home/airflow/.local/lib/python3.12/site-packages/airflow/example_dags/example_branch_labels.py for tasks to queue
[2025-11-12T19:25:04.046+0000] {logging_mixin.py:188} INFO - [2025-11-12T19:25:04.045+0000] {dagbag.py:545} INFO - Filling up the DagBag from /home/airflow/.local/lib/python3.12/site-packages/airflow/example_dags/example_branch_labels.py
[2025-11-12T19:25:04.055+0000] {processor.py:840} INFO - DAG(s) 'example_branch_labels' retrieved from /home/airflow/.local/lib/python3.12/site-packages/airflow/example_dags/example_branch_labels.py
[2025-11-12T19:25:04.082+0000] {logging_mixin.py:188} INFO - [2025-11-12T19:25:04.082+0000] {dag.py:3096} INFO - Sync 1 DAGs
[2025-11-12T19:25:04.104+0000] {logging_mixin.py:188} INFO - [2025-11-12T19:25:04.103+0000] {dag.py:3954} INFO - Setting next_dagrun for example_branch_labels to 2025-11-11 00:00:00+00:00, run_after=2025-11-12 00:00:00+00:00
[2025-11-12T19:25:04.124+0000] {processor.py:183} INFO - Processing /home/airflow/.local/lib/python3.12/site-packages/airflow/example_dags/example_branch_labels.py took 0.089 seconds
[2025-11-12T19:25:34.327+0000] {processor.py:161} INFO - Started process (PID=1100) to work on /home/airflow/.local/lib/python3.12/site-packages/airflow/example_dags/example_branch_labels.py
[2025-11-12T19:25:34.328+0000] {processor.py:830} INFO - Processing file /home/airflow/.local/lib/python3.12/site-packages/airflow/example_dags/example_branch_labels.py for tasks to queue
[2025-11-12T19:25:34.330+0000] {logging_mixin.py:188} INFO - [2025-11-12T19:25:34.330+0000] {dagbag.py:545} INFO - Filling up the DagBag from /home/airflow/.local/lib/python3.12/site-packages/airflow/example_dags/example_branch_labels.py
[2025-11-12T19:25:34.335+0000] {processor.py:840} INFO - DAG(s) 'example_branch_labels' retrieved from /home/airflow/.local/lib/python3.12/site-packages/airflow/example_dags/example_branch_labels.py
[2025-11-12T19:25:34.357+0000] {logging_mixin.py:188} INFO - [2025-11-12T19:25:34.356+0000] {dag.py:3096} INFO - Sync 1 DAGs
[2025-11-12T19:25:34.374+0000] {logging_mixin.py:188} INFO - [2025-11-12T19:25:34.374+0000] {dag.py:3954} INFO - Setting next_dagrun for example_branch_labels to 2025-11-11 00:00:00+00:00, run_after=2025-11-12 00:00:00+00:00
[2025-11-12T19:25:34.392+0000] {processor.py:183} INFO - Processing /home/airflow/.local/lib/python3.12/site-packages/airflow/example_dags/example_branch_labels.py took 0.069 seconds
[2025-11-12T19:26:04.648+0000] {processor.py:161} INFO - Started process (PID=1160) to work on /home/airflow/.local/lib/python3.12/site-packages/airflow/example_dags/example_branch_labels.py
[2025-11-12T19:26:04.650+0000] {processor.py:830} INFO - Processing file /home/airflow/.local/lib/python3.12/site-packages/airflow/example_dags/example_branch_labels.py for tasks to queue
[2025-11-12T19:26:04.651+0000] {logging_mixin.py:188} INFO - [2025-11-12T19:26:04.651+0000] {dagbag.py:545} INFO - Filling up the DagBag from /home/airflow/.local/lib/python3.12/site-packages/airflow/example_dags/example_branch_labels.py
[2025-11-12T19:26:04.658+0000] {processor.py:840} INFO - DAG(s) 'example_branch_labels' retrieved from /home/airflow/.local/lib/python3.12/site-packages/airflow/example_dags/example_branch_labels.py
[2025-11-12T19:26:04.679+0000] {logging_mixin.py:188} INFO - [2025-11-12T19:26:04.679+0000] {dag.py:3096} INFO - Sync 1 DAGs
[2025-11-12T19:26:04.696+0000] {logging_mixin.py:188} INFO - [2025-11-12T19:26:04.695+0000] {dag.py:3954} INFO - Setting next_dagrun for example_branch_labels to 2025-11-11 00:00:00+00:00, run_after=2025-11-12 00:00:00+00:00
[2025-11-12T19:26:04.715+0000] {processor.py:183} INFO - Processing /home/airflow/.local/lib/python3.12/site-packages/airflow/example_dags/example_branch_labels.py took 0.071 seconds
[2025-11-12T19:26:35.257+0000] {processor.py:161} INFO - Started process (PID=1221) to work on /home/airflow/.local/lib/python3.12/site-packages/airflow/example_dags/example_branch_labels.py
[2025-11-12T19:26:35.258+0000] {processor.py:830} INFO - Processing file /home/airflow/.local/lib/python3.12/site-packages/airflow/example_dags/example_branch_labels.py for tasks to queue
[2025-11-12T19:26:35.260+0000] {logging_mixin.py:188} INFO - [2025-11-12T19:26:35.259+0000] {dagbag.py:545} INFO - Filling up the DagBag from /home/airflow/.local/lib/python3.12/site-packages/airflow/example_dags/example_branch_labels.py
[2025-11-12T19:26:35.267+0000] {processor.py:840} INFO - DAG(s) 'example_branch_labels' retrieved from /home/airflow/.local/lib/python3.12/site-packages/airflow/example_dags/example_branch_labels.py
[2025-11-12T19:26:35.288+0000] {logging_mixin.py:188} INFO - [2025-11-12T19:26:35.288+0000] {dag.py:3096} INFO - Sync 1 DAGs
[2025-11-12T19:26:35.313+0000] {logging_mixin.py:188} INFO - [2025-11-12T19:26:35.312+0000] {dag.py:3954} INFO - Setting next_dagrun for example_branch_labels to 2025-11-11 00:00:00+00:00, run_after=2025-11-12 00:00:00+00:00
[2025-11-12T19:26:35.331+0000] {processor.py:183} INFO - Processing /home/airflow/.local/lib/python3.12/site-packages/airflow/example_dags/example_branch_labels.py took 0.080 seconds
[2025-11-12T19:27:05.714+0000] {processor.py:161} INFO - Started process (PID=1281) to work on /home/airflow/.local/lib/python3.12/site-packages/airflow/example_dags/example_branch_labels.py
[2025-11-12T19:27:05.715+0000] {processor.py:830} INFO - Processing file /home/airflow/.local/lib/python3.12/site-packages/airflow/example_dags/example_branch_labels.py for tasks to queue
[2025-11-12T19:27:05.717+0000] {logging_mixin.py:188} INFO - [2025-11-12T19:27:05.716+0000] {dagbag.py:545} INFO - Filling up the DagBag from /home/airflow/.local/lib/python3.12/site-packages/airflow/example_dags/example_branch_labels.py
[2025-11-12T19:27:05.723+0000] {processor.py:840} INFO - DAG(s) 'example_branch_labels' retrieved from /home/airflow/.local/lib/python3.12/site-packages/airflow/example_dags/example_branch_labels.py
[2025-11-12T19:27:05.746+0000] {logging_mixin.py:188} INFO - [2025-11-12T19:27:05.745+0000] {dag.py:3096} INFO - Sync 1 DAGs
[2025-11-12T19:27:05.766+0000] {logging_mixin.py:188} INFO - [2025-11-12T19:27:05.766+0000] {dag.py:3954} INFO - Setting next_dagrun for example_branch_labels to 2025-11-11 00:00:00+00:00, run_after=2025-11-12 00:00:00+00:00
[2025-11-12T19:27:05.785+0000] {processor.py:183} INFO - Processing /home/airflow/.local/lib/python3.12/site-packages/airflow/example_dags/example_branch_labels.py took 0.077 seconds
[2025-11-12T19:27:36.377+0000] {processor.py:161} INFO - Started process (PID=1341) to work on /home/airflow/.local/lib/python3.12/site-packages/airflow/example_dags/example_branch_labels.py
[2025-11-12T19:27:36.378+0000] {processor.py:830} INFO - Processing file /home/airflow/.local/lib/python3.12/site-packages/airflow/example_dags/example_branch_labels.py for tasks to queue
[2025-11-12T19:27:36.380+0000] {logging_mixin.py:188} INFO - [2025-11-12T19:27:36.380+0000] {dagbag.py:545} INFO - Filling up the DagBag from /home/airflow/.local/lib/python3.12/site-packages/airflow/example_dags/example_branch_labels.py
[2025-11-12T19:27:36.388+0000] {processor.py:840} INFO - DAG(s) 'example_branch_labels' retrieved from /home/airflow/.local/lib/python3.12/site-packages/airflow/example_dags/example_branch_labels.py
[2025-11-12T19:27:36.413+0000] {logging_mixin.py:188} INFO - [2025-11-12T19:27:36.412+0000] {dag.py:3096} INFO - Sync 1 DAGs
[2025-11-12T19:27:36.440+0000] {logging_mixin.py:188} INFO - [2025-11-12T19:27:36.439+0000] {dag.py:3954} INFO - Setting next_dagrun for example_branch_labels to 2025-11-11 00:00:00+00:00, run_after=2025-11-12 00:00:00+00:00
[2025-11-12T19:27:36.744+0000] {processor.py:183} INFO - Processing /home/airflow/.local/lib/python3.12/site-packages/airflow/example_dags/example_branch_labels.py took 0.374 seconds
[2025-11-12T19:28:07.468+0000] {processor.py:161} INFO - Started process (PID=1402) to work on /home/airflow/.local/lib/python3.12/site-packages/airflow/example_dags/example_branch_labels.py
[2025-11-12T19:28:07.470+0000] {processor.py:830} INFO - Processing file /home/airflow/.local/lib/python3.12/site-packages/airflow/example_dags/example_branch_labels.py for tasks to queue
[2025-11-12T19:28:07.472+0000] {logging_mixin.py:188} INFO - [2025-11-12T19:28:07.472+0000] {dagbag.py:545} INFO - Filling up the DagBag from /home/airflow/.local/lib/python3.12/site-packages/airflow/example_dags/example_branch_labels.py
[2025-11-12T19:28:07.478+0000] {processor.py:840} INFO - DAG(s) 'example_branch_labels' retrieved from /home/airflow/.local/lib/python3.12/site-packages/airflow/example_dags/example_branch_labels.py
[2025-11-12T19:28:07.502+0000] {logging_mixin.py:188} INFO - [2025-11-12T19:28:07.501+0000] {dag.py:3096} INFO - Sync 1 DAGs
[2025-11-12T19:28:07.520+0000] {logging_mixin.py:188} INFO - [2025-11-12T19:28:07.520+0000] {dag.py:3954} INFO - Setting next_dagrun for example_branch_labels to 2025-11-11 00:00:00+00:00, run_after=2025-11-12 00:00:00+00:00
[2025-11-12T19:28:07.544+0000] {processor.py:183} INFO - Processing /home/airflow/.local/lib/python3.12/site-packages/airflow/example_dags/example_branch_labels.py took 0.080 seconds
[2025-11-12T19:28:37.696+0000] {processor.py:161} INFO - Started process (PID=1462) to work on /home/airflow/.local/lib/python3.12/site-packages/airflow/example_dags/example_branch_labels.py
[2025-11-12T19:28:37.697+0000] {processor.py:830} INFO - Processing file /home/airflow/.local/lib/python3.12/site-packages/airflow/example_dags/example_branch_labels.py for tasks to queue
[2025-11-12T19:28:37.698+0000] {logging_mixin.py:188} INFO - [2025-11-12T19:28:37.698+0000] {dagbag.py:545} INFO - Filling up the DagBag from /home/airflow/.local/lib/python3.12/site-packages/airflow/example_dags/example_branch_labels.py
[2025-11-12T19:28:37.706+0000] {processor.py:840} INFO - DAG(s) 'example_branch_labels' retrieved from /home/airflow/.local/lib/python3.12/site-packages/airflow/example_dags/example_branch_labels.py
[2025-11-12T19:28:37.727+0000] {logging_mixin.py:188} INFO - [2025-11-12T19:28:37.727+0000] {dag.py:3096} INFO - Sync 1 DAGs
[2025-11-12T19:28:37.746+0000] {logging_mixin.py:188} INFO - [2025-11-12T19:28:37.746+0000] {dag.py:3954} INFO - Setting next_dagrun for example_branch_labels to 2025-11-11 00:00:00+00:00, run_after=2025-11-12 00:00:00+00:00
[2025-11-12T19:28:37.764+0000] {processor.py:183} INFO - Processing /home/airflow/.local/lib/python3.12/site-packages/airflow/example_dags/example_branch_labels.py took 0.078 seconds
[2025-11-12T19:29:08.573+0000] {processor.py:161} INFO - Started process (PID=1522) to work on /home/airflow/.local/lib/python3.12/site-packages/airflow/example_dags/example_branch_labels.py
[2025-11-12T19:29:08.574+0000] {processor.py:830} INFO - Processing file /home/airflow/.local/lib/python3.12/site-packages/airflow/example_dags/example_branch_labels.py for tasks to queue
[2025-11-12T19:29:08.576+0000] {logging_mixin.py:188} INFO - [2025-11-12T19:29:08.576+0000] {dagbag.py:545} INFO - Filling up the DagBag from /home/airflow/.local/lib/python3.12/site-packages/airflow/example_dags/example_branch_labels.py
[2025-11-12T19:29:08.583+0000] {processor.py:840} INFO - DAG(s) 'example_branch_labels' retrieved from /home/airflow/.local/lib/python3.12/site-packages/airflow/example_dags/example_branch_labels.py
[2025-11-12T19:29:08.606+0000] {logging_mixin.py:188} INFO - [2025-11-12T19:29:08.605+0000] {dag.py:3096} INFO - Sync 1 DAGs
[2025-11-12T19:29:08.825+0000] {logging_mixin.py:188} INFO - [2025-11-12T19:29:08.825+0000] {dag.py:3954} INFO - Setting next_dagrun for example_branch_labels to 2025-11-11 00:00:00+00:00, run_after=2025-11-12 00:00:00+00:00
[2025-11-12T19:29:08.844+0000] {processor.py:183} INFO - Processing /home/airflow/.local/lib/python3.12/site-packages/airflow/example_dags/example_branch_labels.py took 0.276 seconds
[2025-11-12T19:29:39.912+0000] {processor.py:161} INFO - Started process (PID=1582) to work on /home/airflow/.local/lib/python3.12/site-packages/airflow/example_dags/example_branch_labels.py
[2025-11-12T19:29:39.914+0000] {processor.py:830} INFO - Processing file /home/airflow/.local/lib/python3.12/site-packages/airflow/example_dags/example_branch_labels.py for tasks to queue
[2025-11-12T19:29:39.916+0000] {logging_mixin.py:188} INFO - [2025-11-12T19:29:39.915+0000] {dagbag.py:545} INFO - Filling up the DagBag from /home/airflow/.local/lib/python3.12/site-packages/airflow/example_dags/example_branch_labels.py
[2025-11-12T19:29:39.921+0000] {processor.py:840} INFO - DAG(s) 'example_branch_labels' retrieved from /home/airflow/.local/lib/python3.12/site-packages/airflow/example_dags/example_branch_labels.py
[2025-11-12T19:29:39.942+0000] {logging_mixin.py:188} INFO - [2025-11-12T19:29:39.942+0000] {dag.py:3096} INFO - Sync 1 DAGs
[2025-11-12T19:29:40.177+0000] {logging_mixin.py:188} INFO - [2025-11-12T19:29:40.176+0000] {dag.py:3954} INFO - Setting next_dagrun for example_branch_labels to 2025-11-11 00:00:00+00:00, run_after=2025-11-12 00:00:00+00:00
[2025-11-12T19:29:40.200+0000] {processor.py:183} INFO - Processing /home/airflow/.local/lib/python3.12/site-packages/airflow/example_dags/example_branch_labels.py took 0.293 seconds
[2025-11-12T19:30:11.098+0000] {processor.py:161} INFO - Started process (PID=1642) to work on /home/airflow/.local/lib/python3.12/site-packages/airflow/example_dags/example_branch_labels.py
[2025-11-12T19:30:11.099+0000] {processor.py:830} INFO - Processing file /home/airflow/.local/lib/python3.12/site-packages/airflow/example_dags/example_branch_labels.py for tasks to queue
[2025-11-12T19:30:11.101+0000] {logging_mixin.py:188} INFO - [2025-11-12T19:30:11.101+0000] {dagbag.py:545} INFO - Filling up the DagBag from /home/airflow/.local/lib/python3.12/site-packages/airflow/example_dags/example_branch_labels.py
[2025-11-12T19:30:11.107+0000] {processor.py:840} INFO - DAG(s) 'example_branch_labels' retrieved from /home/airflow/.local/lib/python3.12/site-packages/airflow/example_dags/example_branch_labels.py
[2025-11-12T19:30:11.135+0000] {logging_mixin.py:188} INFO - [2025-11-12T19:30:11.134+0000] {dag.py:3096} INFO - Sync 1 DAGs
[2025-11-12T19:30:11.156+0000] {logging_mixin.py:188} INFO - [2025-11-12T19:30:11.155+0000] {dag.py:3954} INFO - Setting next_dagrun for example_branch_labels to 2025-11-11 00:00:00+00:00, run_after=2025-11-12 00:00:00+00:00
[2025-11-12T19:30:11.178+0000] {processor.py:183} INFO - Processing /home/airflow/.local/lib/python3.12/site-packages/airflow/example_dags/example_branch_labels.py took 0.085 seconds
[2025-11-12T19:30:41.402+0000] {processor.py:161} INFO - Started process (PID=1702) to work on /home/airflow/.local/lib/python3.12/site-packages/airflow/example_dags/example_branch_labels.py
[2025-11-12T19:30:41.403+0000] {processor.py:830} INFO - Processing file /home/airflow/.local/lib/python3.12/site-packages/airflow/example_dags/example_branch_labels.py for tasks to queue
[2025-11-12T19:30:41.405+0000] {logging_mixin.py:188} INFO - [2025-11-12T19:30:41.405+0000] {dagbag.py:545} INFO - Filling up the DagBag from /home/airflow/.local/lib/python3.12/site-packages/airflow/example_dags/example_branch_labels.py
[2025-11-12T19:30:41.411+0000] {processor.py:840} INFO - DAG(s) 'example_branch_labels' retrieved from /home/airflow/.local/lib/python3.12/site-packages/airflow/example_dags/example_branch_labels.py
[2025-11-12T19:30:41.435+0000] {logging_mixin.py:188} INFO - [2025-11-12T19:30:41.435+0000] {dag.py:3096} INFO - Sync 1 DAGs
[2025-11-12T19:30:41.455+0000] {logging_mixin.py:188} INFO - [2025-11-12T19:30:41.455+0000] {dag.py:3954} INFO - Setting next_dagrun for example_branch_labels to 2025-11-11 00:00:00+00:00, run_after=2025-11-12 00:00:00+00:00
[2025-11-12T19:30:41.480+0000] {processor.py:183} INFO - Processing /home/airflow/.local/lib/python3.12/site-packages/airflow/example_dags/example_branch_labels.py took 0.083 seconds
[2025-11-12T19:31:11.847+0000] {processor.py:161} INFO - Started process (PID=1762) to work on /home/airflow/.local/lib/python3.12/site-packages/airflow/example_dags/example_branch_labels.py
[2025-11-12T19:31:11.848+0000] {processor.py:830} INFO - Processing file /home/airflow/.local/lib/python3.12/site-packages/airflow/example_dags/example_branch_labels.py for tasks to queue
[2025-11-12T19:31:11.851+0000] {logging_mixin.py:188} INFO - [2025-11-12T19:31:11.850+0000] {dagbag.py:545} INFO - Filling up the DagBag from /home/airflow/.local/lib/python3.12/site-packages/airflow/example_dags/example_branch_labels.py
[2025-11-12T19:31:11.860+0000] {processor.py:840} INFO - DAG(s) 'example_branch_labels' retrieved from /home/airflow/.local/lib/python3.12/site-packages/airflow/example_dags/example_branch_labels.py
[2025-11-12T19:31:11.888+0000] {logging_mixin.py:188} INFO - [2025-11-12T19:31:11.887+0000] {dag.py:3096} INFO - Sync 1 DAGs
[2025-11-12T19:31:11.916+0000] {logging_mixin.py:188} INFO - [2025-11-12T19:31:11.916+0000] {dag.py:3954} INFO - Setting next_dagrun for example_branch_labels to 2025-11-11 00:00:00+00:00, run_after=2025-11-12 00:00:00+00:00
[2025-11-12T19:31:11.943+0000] {processor.py:183} INFO - Processing /home/airflow/.local/lib/python3.12/site-packages/airflow/example_dags/example_branch_labels.py took 0.102 seconds
[2025-11-12T19:31:42.627+0000] {processor.py:161} INFO - Started process (PID=1825) to work on /home/airflow/.local/lib/python3.12/site-packages/airflow/example_dags/example_branch_labels.py
[2025-11-12T19:31:42.629+0000] {processor.py:830} INFO - Processing file /home/airflow/.local/lib/python3.12/site-packages/airflow/example_dags/example_branch_labels.py for tasks to queue
[2025-11-12T19:31:42.631+0000] {logging_mixin.py:188} INFO - [2025-11-12T19:31:42.631+0000] {dagbag.py:545} INFO - Filling up the DagBag from /home/airflow/.local/lib/python3.12/site-packages/airflow/example_dags/example_branch_labels.py
[2025-11-12T19:31:42.637+0000] {processor.py:840} INFO - DAG(s) 'example_branch_labels' retrieved from /home/airflow/.local/lib/python3.12/site-packages/airflow/example_dags/example_branch_labels.py
[2025-11-12T19:31:42.663+0000] {logging_mixin.py:188} INFO - [2025-11-12T19:31:42.662+0000] {dag.py:3096} INFO - Sync 1 DAGs
[2025-11-12T19:31:42.694+0000] {logging_mixin.py:188} INFO - [2025-11-12T19:31:42.694+0000] {dag.py:3954} INFO - Setting next_dagrun for example_branch_labels to 2025-11-11 00:00:00+00:00, run_after=2025-11-12 00:00:00+00:00
[2025-11-12T19:31:42.723+0000] {processor.py:183} INFO - Processing /home/airflow/.local/lib/python3.12/site-packages/airflow/example_dags/example_branch_labels.py took 0.101 seconds
