[2025-11-12T19:06:10.437+0000] {processor.py:161} INFO - Started process (PID=84) to work on /home/airflow/.local/lib/python3.12/site-packages/airflow/example_dags/example_skip_dag.py
[2025-11-12T19:06:10.439+0000] {processor.py:830} INFO - Processing file /home/airflow/.local/lib/python3.12/site-packages/airflow/example_dags/example_skip_dag.py for tasks to queue
[2025-11-12T19:06:10.441+0000] {logging_mixin.py:188} INFO - [2025-11-12T19:06:10.440+0000] {dagbag.py:545} INFO - Filling up the DagBag from /home/airflow/.local/lib/python3.12/site-packages/airflow/example_dags/example_skip_dag.py
[2025-11-12T19:06:10.449+0000] {processor.py:840} INFO - DAG(s) 'example_skip_dag' retrieved from /home/airflow/.local/lib/python3.12/site-packages/airflow/example_dags/example_skip_dag.py
[2025-11-12T19:06:10.583+0000] {logging_mixin.py:188} INFO - [2025-11-12T19:06:10.582+0000] {dag.py:3096} INFO - Sync 1 DAGs
[2025-11-12T19:06:10.617+0000] {logging_mixin.py:188} INFO - [2025-11-12T19:06:10.617+0000] {dag.py:3954} INFO - Setting next_dagrun for example_skip_dag to 2025-11-11 00:00:00+00:00, run_after=2025-11-12 00:00:00+00:00
[2025-11-12T19:06:10.647+0000] {processor.py:183} INFO - Processing /home/airflow/.local/lib/python3.12/site-packages/airflow/example_dags/example_skip_dag.py took 0.214 seconds
[2025-11-12T19:06:40.702+0000] {processor.py:161} INFO - Started process (PID=144) to work on /home/airflow/.local/lib/python3.12/site-packages/airflow/example_dags/example_skip_dag.py
[2025-11-12T19:06:40.703+0000] {processor.py:830} INFO - Processing file /home/airflow/.local/lib/python3.12/site-packages/airflow/example_dags/example_skip_dag.py for tasks to queue
[2025-11-12T19:06:40.705+0000] {logging_mixin.py:188} INFO - [2025-11-12T19:06:40.705+0000] {dagbag.py:545} INFO - Filling up the DagBag from /home/airflow/.local/lib/python3.12/site-packages/airflow/example_dags/example_skip_dag.py
[2025-11-12T19:06:40.711+0000] {processor.py:840} INFO - DAG(s) 'example_skip_dag' retrieved from /home/airflow/.local/lib/python3.12/site-packages/airflow/example_dags/example_skip_dag.py
[2025-11-12T19:06:40.733+0000] {logging_mixin.py:188} INFO - [2025-11-12T19:06:40.732+0000] {dag.py:3096} INFO - Sync 1 DAGs
[2025-11-12T19:06:40.763+0000] {logging_mixin.py:188} INFO - [2025-11-12T19:06:40.762+0000] {dag.py:3954} INFO - Setting next_dagrun for example_skip_dag to 2025-11-11 00:00:00+00:00, run_after=2025-11-12 00:00:00+00:00
[2025-11-12T19:06:40.785+0000] {processor.py:183} INFO - Processing /home/airflow/.local/lib/python3.12/site-packages/airflow/example_dags/example_skip_dag.py took 0.088 seconds
[2025-11-12T19:07:11.055+0000] {processor.py:161} INFO - Started process (PID=204) to work on /home/airflow/.local/lib/python3.12/site-packages/airflow/example_dags/example_skip_dag.py
[2025-11-12T19:07:11.056+0000] {processor.py:830} INFO - Processing file /home/airflow/.local/lib/python3.12/site-packages/airflow/example_dags/example_skip_dag.py for tasks to queue
[2025-11-12T19:07:11.058+0000] {logging_mixin.py:188} INFO - [2025-11-12T19:07:11.057+0000] {dagbag.py:545} INFO - Filling up the DagBag from /home/airflow/.local/lib/python3.12/site-packages/airflow/example_dags/example_skip_dag.py
[2025-11-12T19:07:11.063+0000] {processor.py:840} INFO - DAG(s) 'example_skip_dag' retrieved from /home/airflow/.local/lib/python3.12/site-packages/airflow/example_dags/example_skip_dag.py
[2025-11-12T19:07:11.088+0000] {logging_mixin.py:188} INFO - [2025-11-12T19:07:11.088+0000] {dag.py:3096} INFO - Sync 1 DAGs
[2025-11-12T19:07:11.112+0000] {logging_mixin.py:188} INFO - [2025-11-12T19:07:11.112+0000] {dag.py:3954} INFO - Setting next_dagrun for example_skip_dag to 2025-11-11 00:00:00+00:00, run_after=2025-11-12 00:00:00+00:00
[2025-11-12T19:07:11.136+0000] {processor.py:183} INFO - Processing /home/airflow/.local/lib/python3.12/site-packages/airflow/example_dags/example_skip_dag.py took 0.085 seconds
[2025-11-12T19:07:42.161+0000] {processor.py:161} INFO - Started process (PID=264) to work on /home/airflow/.local/lib/python3.12/site-packages/airflow/example_dags/example_skip_dag.py
[2025-11-12T19:07:42.162+0000] {processor.py:830} INFO - Processing file /home/airflow/.local/lib/python3.12/site-packages/airflow/example_dags/example_skip_dag.py for tasks to queue
[2025-11-12T19:07:42.164+0000] {logging_mixin.py:188} INFO - [2025-11-12T19:07:42.164+0000] {dagbag.py:545} INFO - Filling up the DagBag from /home/airflow/.local/lib/python3.12/site-packages/airflow/example_dags/example_skip_dag.py
[2025-11-12T19:07:42.170+0000] {processor.py:840} INFO - DAG(s) 'example_skip_dag' retrieved from /home/airflow/.local/lib/python3.12/site-packages/airflow/example_dags/example_skip_dag.py
[2025-11-12T19:07:42.215+0000] {logging_mixin.py:188} INFO - [2025-11-12T19:07:42.215+0000] {dag.py:3096} INFO - Sync 1 DAGs
[2025-11-12T19:07:42.250+0000] {logging_mixin.py:188} INFO - [2025-11-12T19:07:42.250+0000] {dag.py:3954} INFO - Setting next_dagrun for example_skip_dag to 2025-11-11 00:00:00+00:00, run_after=2025-11-12 00:00:00+00:00
[2025-11-12T19:07:42.273+0000] {processor.py:183} INFO - Processing /home/airflow/.local/lib/python3.12/site-packages/airflow/example_dags/example_skip_dag.py took 0.117 seconds
[2025-11-12T19:08:12.725+0000] {processor.py:161} INFO - Started process (PID=324) to work on /home/airflow/.local/lib/python3.12/site-packages/airflow/example_dags/example_skip_dag.py
[2025-11-12T19:08:12.726+0000] {processor.py:830} INFO - Processing file /home/airflow/.local/lib/python3.12/site-packages/airflow/example_dags/example_skip_dag.py for tasks to queue
[2025-11-12T19:08:12.727+0000] {logging_mixin.py:188} INFO - [2025-11-12T19:08:12.726+0000] {dagbag.py:545} INFO - Filling up the DagBag from /home/airflow/.local/lib/python3.12/site-packages/airflow/example_dags/example_skip_dag.py
[2025-11-12T19:08:12.734+0000] {processor.py:840} INFO - DAG(s) 'example_skip_dag' retrieved from /home/airflow/.local/lib/python3.12/site-packages/airflow/example_dags/example_skip_dag.py
[2025-11-12T19:08:12.767+0000] {logging_mixin.py:188} INFO - [2025-11-12T19:08:12.767+0000] {dag.py:3096} INFO - Sync 1 DAGs
[2025-11-12T19:08:12.794+0000] {logging_mixin.py:188} INFO - [2025-11-12T19:08:12.794+0000] {dag.py:3954} INFO - Setting next_dagrun for example_skip_dag to 2025-11-11 00:00:00+00:00, run_after=2025-11-12 00:00:00+00:00
[2025-11-12T19:08:12.829+0000] {processor.py:183} INFO - Processing /home/airflow/.local/lib/python3.12/site-packages/airflow/example_dags/example_skip_dag.py took 0.110 seconds
[2025-11-12T19:08:43.359+0000] {processor.py:161} INFO - Started process (PID=384) to work on /home/airflow/.local/lib/python3.12/site-packages/airflow/example_dags/example_skip_dag.py
[2025-11-12T19:08:43.361+0000] {processor.py:830} INFO - Processing file /home/airflow/.local/lib/python3.12/site-packages/airflow/example_dags/example_skip_dag.py for tasks to queue
[2025-11-12T19:08:43.362+0000] {logging_mixin.py:188} INFO - [2025-11-12T19:08:43.361+0000] {dagbag.py:545} INFO - Filling up the DagBag from /home/airflow/.local/lib/python3.12/site-packages/airflow/example_dags/example_skip_dag.py
[2025-11-12T19:08:43.367+0000] {processor.py:840} INFO - DAG(s) 'example_skip_dag' retrieved from /home/airflow/.local/lib/python3.12/site-packages/airflow/example_dags/example_skip_dag.py
[2025-11-12T19:08:43.390+0000] {logging_mixin.py:188} INFO - [2025-11-12T19:08:43.390+0000] {dag.py:3096} INFO - Sync 1 DAGs
[2025-11-12T19:08:43.409+0000] {logging_mixin.py:188} INFO - [2025-11-12T19:08:43.409+0000] {dag.py:3954} INFO - Setting next_dagrun for example_skip_dag to 2025-11-11 00:00:00+00:00, run_after=2025-11-12 00:00:00+00:00
[2025-11-12T19:08:43.431+0000] {processor.py:183} INFO - Processing /home/airflow/.local/lib/python3.12/site-packages/airflow/example_dags/example_skip_dag.py took 0.076 seconds
[2025-11-12T19:09:13.754+0000] {processor.py:161} INFO - Started process (PID=445) to work on /home/airflow/.local/lib/python3.12/site-packages/airflow/example_dags/example_skip_dag.py
[2025-11-12T19:09:13.755+0000] {processor.py:830} INFO - Processing file /home/airflow/.local/lib/python3.12/site-packages/airflow/example_dags/example_skip_dag.py for tasks to queue
[2025-11-12T19:09:13.756+0000] {logging_mixin.py:188} INFO - [2025-11-12T19:09:13.756+0000] {dagbag.py:545} INFO - Filling up the DagBag from /home/airflow/.local/lib/python3.12/site-packages/airflow/example_dags/example_skip_dag.py
[2025-11-12T19:09:13.764+0000] {processor.py:840} INFO - DAG(s) 'example_skip_dag' retrieved from /home/airflow/.local/lib/python3.12/site-packages/airflow/example_dags/example_skip_dag.py
[2025-11-12T19:09:13.788+0000] {logging_mixin.py:188} INFO - [2025-11-12T19:09:13.787+0000] {dag.py:3096} INFO - Sync 1 DAGs
[2025-11-12T19:09:13.809+0000] {logging_mixin.py:188} INFO - [2025-11-12T19:09:13.809+0000] {dag.py:3954} INFO - Setting next_dagrun for example_skip_dag to 2025-11-11 00:00:00+00:00, run_after=2025-11-12 00:00:00+00:00
[2025-11-12T19:09:13.867+0000] {processor.py:183} INFO - Processing /home/airflow/.local/lib/python3.12/site-packages/airflow/example_dags/example_skip_dag.py took 0.120 seconds
[2025-11-12T19:09:44.195+0000] {processor.py:161} INFO - Started process (PID=506) to work on /home/airflow/.local/lib/python3.12/site-packages/airflow/example_dags/example_skip_dag.py
[2025-11-12T19:09:44.196+0000] {processor.py:830} INFO - Processing file /home/airflow/.local/lib/python3.12/site-packages/airflow/example_dags/example_skip_dag.py for tasks to queue
[2025-11-12T19:09:44.198+0000] {logging_mixin.py:188} INFO - [2025-11-12T19:09:44.197+0000] {dagbag.py:545} INFO - Filling up the DagBag from /home/airflow/.local/lib/python3.12/site-packages/airflow/example_dags/example_skip_dag.py
[2025-11-12T19:09:44.210+0000] {processor.py:840} INFO - DAG(s) 'example_skip_dag' retrieved from /home/airflow/.local/lib/python3.12/site-packages/airflow/example_dags/example_skip_dag.py
[2025-11-12T19:09:44.247+0000] {logging_mixin.py:188} INFO - [2025-11-12T19:09:44.247+0000] {dag.py:3096} INFO - Sync 1 DAGs
[2025-11-12T19:09:44.276+0000] {logging_mixin.py:188} INFO - [2025-11-12T19:09:44.275+0000] {dag.py:3954} INFO - Setting next_dagrun for example_skip_dag to 2025-11-11 00:00:00+00:00, run_after=2025-11-12 00:00:00+00:00
[2025-11-12T19:09:44.305+0000] {processor.py:183} INFO - Processing /home/airflow/.local/lib/python3.12/site-packages/airflow/example_dags/example_skip_dag.py took 0.116 seconds
[2025-11-12T19:10:15.153+0000] {processor.py:161} INFO - Started process (PID=567) to work on /home/airflow/.local/lib/python3.12/site-packages/airflow/example_dags/example_skip_dag.py
[2025-11-12T19:10:15.155+0000] {processor.py:830} INFO - Processing file /home/airflow/.local/lib/python3.12/site-packages/airflow/example_dags/example_skip_dag.py for tasks to queue
[2025-11-12T19:10:15.156+0000] {logging_mixin.py:188} INFO - [2025-11-12T19:10:15.156+0000] {dagbag.py:545} INFO - Filling up the DagBag from /home/airflow/.local/lib/python3.12/site-packages/airflow/example_dags/example_skip_dag.py
[2025-11-12T19:10:15.166+0000] {processor.py:840} INFO - DAG(s) 'example_skip_dag' retrieved from /home/airflow/.local/lib/python3.12/site-packages/airflow/example_dags/example_skip_dag.py
[2025-11-12T19:10:15.197+0000] {logging_mixin.py:188} INFO - [2025-11-12T19:10:15.197+0000] {dag.py:3096} INFO - Sync 1 DAGs
[2025-11-12T19:10:15.228+0000] {logging_mixin.py:188} INFO - [2025-11-12T19:10:15.228+0000] {dag.py:3954} INFO - Setting next_dagrun for example_skip_dag to 2025-11-11 00:00:00+00:00, run_after=2025-11-12 00:00:00+00:00
[2025-11-12T19:10:15.255+0000] {processor.py:183} INFO - Processing /home/airflow/.local/lib/python3.12/site-packages/airflow/example_dags/example_skip_dag.py took 0.108 seconds
[2025-11-12T19:10:45.361+0000] {processor.py:161} INFO - Started process (PID=627) to work on /home/airflow/.local/lib/python3.12/site-packages/airflow/example_dags/example_skip_dag.py
[2025-11-12T19:10:45.363+0000] {processor.py:830} INFO - Processing file /home/airflow/.local/lib/python3.12/site-packages/airflow/example_dags/example_skip_dag.py for tasks to queue
[2025-11-12T19:10:45.365+0000] {logging_mixin.py:188} INFO - [2025-11-12T19:10:45.364+0000] {dagbag.py:545} INFO - Filling up the DagBag from /home/airflow/.local/lib/python3.12/site-packages/airflow/example_dags/example_skip_dag.py
[2025-11-12T19:10:45.374+0000] {processor.py:840} INFO - DAG(s) 'example_skip_dag' retrieved from /home/airflow/.local/lib/python3.12/site-packages/airflow/example_dags/example_skip_dag.py
[2025-11-12T19:10:45.399+0000] {logging_mixin.py:188} INFO - [2025-11-12T19:10:45.398+0000] {dag.py:3096} INFO - Sync 1 DAGs
[2025-11-12T19:10:45.423+0000] {logging_mixin.py:188} INFO - [2025-11-12T19:10:45.422+0000] {dag.py:3954} INFO - Setting next_dagrun for example_skip_dag to 2025-11-11 00:00:00+00:00, run_after=2025-11-12 00:00:00+00:00
[2025-11-12T19:10:45.447+0000] {processor.py:183} INFO - Processing /home/airflow/.local/lib/python3.12/site-packages/airflow/example_dags/example_skip_dag.py took 0.090 seconds
[2025-11-12T19:11:15.581+0000] {processor.py:161} INFO - Started process (PID=687) to work on /home/airflow/.local/lib/python3.12/site-packages/airflow/example_dags/example_skip_dag.py
[2025-11-12T19:11:15.582+0000] {processor.py:830} INFO - Processing file /home/airflow/.local/lib/python3.12/site-packages/airflow/example_dags/example_skip_dag.py for tasks to queue
[2025-11-12T19:11:15.583+0000] {logging_mixin.py:188} INFO - [2025-11-12T19:11:15.583+0000] {dagbag.py:545} INFO - Filling up the DagBag from /home/airflow/.local/lib/python3.12/site-packages/airflow/example_dags/example_skip_dag.py
[2025-11-12T19:11:15.590+0000] {processor.py:840} INFO - DAG(s) 'example_skip_dag' retrieved from /home/airflow/.local/lib/python3.12/site-packages/airflow/example_dags/example_skip_dag.py
[2025-11-12T19:11:15.623+0000] {logging_mixin.py:188} INFO - [2025-11-12T19:11:15.622+0000] {dag.py:3096} INFO - Sync 1 DAGs
[2025-11-12T19:11:15.650+0000] {logging_mixin.py:188} INFO - [2025-11-12T19:11:15.649+0000] {dag.py:3954} INFO - Setting next_dagrun for example_skip_dag to 2025-11-11 00:00:00+00:00, run_after=2025-11-12 00:00:00+00:00
[2025-11-12T19:11:15.675+0000] {processor.py:183} INFO - Processing /home/airflow/.local/lib/python3.12/site-packages/airflow/example_dags/example_skip_dag.py took 0.100 seconds
[2025-11-12T19:11:45.870+0000] {processor.py:161} INFO - Started process (PID=747) to work on /home/airflow/.local/lib/python3.12/site-packages/airflow/example_dags/example_skip_dag.py
[2025-11-12T19:11:45.872+0000] {processor.py:830} INFO - Processing file /home/airflow/.local/lib/python3.12/site-packages/airflow/example_dags/example_skip_dag.py for tasks to queue
[2025-11-12T19:11:45.873+0000] {logging_mixin.py:188} INFO - [2025-11-12T19:11:45.873+0000] {dagbag.py:545} INFO - Filling up the DagBag from /home/airflow/.local/lib/python3.12/site-packages/airflow/example_dags/example_skip_dag.py
[2025-11-12T19:11:45.880+0000] {processor.py:840} INFO - DAG(s) 'example_skip_dag' retrieved from /home/airflow/.local/lib/python3.12/site-packages/airflow/example_dags/example_skip_dag.py
[2025-11-12T19:11:45.904+0000] {logging_mixin.py:188} INFO - [2025-11-12T19:11:45.904+0000] {dag.py:3096} INFO - Sync 1 DAGs
[2025-11-12T19:11:45.929+0000] {logging_mixin.py:188} INFO - [2025-11-12T19:11:45.929+0000] {dag.py:3954} INFO - Setting next_dagrun for example_skip_dag to 2025-11-11 00:00:00+00:00, run_after=2025-11-12 00:00:00+00:00
[2025-11-12T19:11:45.959+0000] {processor.py:183} INFO - Processing /home/airflow/.local/lib/python3.12/site-packages/airflow/example_dags/example_skip_dag.py took 0.093 seconds
[2025-11-12T19:12:16.055+0000] {processor.py:161} INFO - Started process (PID=807) to work on /home/airflow/.local/lib/python3.12/site-packages/airflow/example_dags/example_skip_dag.py
[2025-11-12T19:12:16.056+0000] {processor.py:830} INFO - Processing file /home/airflow/.local/lib/python3.12/site-packages/airflow/example_dags/example_skip_dag.py for tasks to queue
[2025-11-12T19:12:16.057+0000] {logging_mixin.py:188} INFO - [2025-11-12T19:12:16.056+0000] {dagbag.py:545} INFO - Filling up the DagBag from /home/airflow/.local/lib/python3.12/site-packages/airflow/example_dags/example_skip_dag.py
[2025-11-12T19:12:16.062+0000] {processor.py:840} INFO - DAG(s) 'example_skip_dag' retrieved from /home/airflow/.local/lib/python3.12/site-packages/airflow/example_dags/example_skip_dag.py
[2025-11-12T19:12:16.082+0000] {logging_mixin.py:188} INFO - [2025-11-12T19:12:16.082+0000] {dag.py:3096} INFO - Sync 1 DAGs
[2025-11-12T19:12:16.099+0000] {logging_mixin.py:188} INFO - [2025-11-12T19:12:16.099+0000] {dag.py:3954} INFO - Setting next_dagrun for example_skip_dag to 2025-11-11 00:00:00+00:00, run_after=2025-11-12 00:00:00+00:00
[2025-11-12T19:12:16.124+0000] {processor.py:183} INFO - Processing /home/airflow/.local/lib/python3.12/site-packages/airflow/example_dags/example_skip_dag.py took 0.075 seconds
[2025-11-12T19:12:46.637+0000] {processor.py:161} INFO - Started process (PID=867) to work on /home/airflow/.local/lib/python3.12/site-packages/airflow/example_dags/example_skip_dag.py
[2025-11-12T19:12:46.639+0000] {processor.py:830} INFO - Processing file /home/airflow/.local/lib/python3.12/site-packages/airflow/example_dags/example_skip_dag.py for tasks to queue
[2025-11-12T19:12:46.641+0000] {logging_mixin.py:188} INFO - [2025-11-12T19:12:46.640+0000] {dagbag.py:545} INFO - Filling up the DagBag from /home/airflow/.local/lib/python3.12/site-packages/airflow/example_dags/example_skip_dag.py
[2025-11-12T19:12:46.648+0000] {processor.py:840} INFO - DAG(s) 'example_skip_dag' retrieved from /home/airflow/.local/lib/python3.12/site-packages/airflow/example_dags/example_skip_dag.py
[2025-11-12T19:12:46.674+0000] {logging_mixin.py:188} INFO - [2025-11-12T19:12:46.673+0000] {dag.py:3096} INFO - Sync 1 DAGs
[2025-11-12T19:12:46.696+0000] {logging_mixin.py:188} INFO - [2025-11-12T19:12:46.696+0000] {dag.py:3954} INFO - Setting next_dagrun for example_skip_dag to 2025-11-11 00:00:00+00:00, run_after=2025-11-12 00:00:00+00:00
[2025-11-12T19:12:46.722+0000] {processor.py:183} INFO - Processing /home/airflow/.local/lib/python3.12/site-packages/airflow/example_dags/example_skip_dag.py took 0.090 seconds
[2025-11-12T19:13:17.119+0000] {processor.py:161} INFO - Started process (PID=927) to work on /home/airflow/.local/lib/python3.12/site-packages/airflow/example_dags/example_skip_dag.py
[2025-11-12T19:13:17.120+0000] {processor.py:830} INFO - Processing file /home/airflow/.local/lib/python3.12/site-packages/airflow/example_dags/example_skip_dag.py for tasks to queue
[2025-11-12T19:13:17.122+0000] {logging_mixin.py:188} INFO - [2025-11-12T19:13:17.122+0000] {dagbag.py:545} INFO - Filling up the DagBag from /home/airflow/.local/lib/python3.12/site-packages/airflow/example_dags/example_skip_dag.py
[2025-11-12T19:13:17.130+0000] {processor.py:840} INFO - DAG(s) 'example_skip_dag' retrieved from /home/airflow/.local/lib/python3.12/site-packages/airflow/example_dags/example_skip_dag.py
[2025-11-12T19:13:17.155+0000] {logging_mixin.py:188} INFO - [2025-11-12T19:13:17.154+0000] {dag.py:3096} INFO - Sync 1 DAGs
[2025-11-12T19:13:17.179+0000] {logging_mixin.py:188} INFO - [2025-11-12T19:13:17.179+0000] {dag.py:3954} INFO - Setting next_dagrun for example_skip_dag to 2025-11-11 00:00:00+00:00, run_after=2025-11-12 00:00:00+00:00
[2025-11-12T19:13:17.201+0000] {processor.py:183} INFO - Processing /home/airflow/.local/lib/python3.12/site-packages/airflow/example_dags/example_skip_dag.py took 0.089 seconds
[2025-11-12T19:13:47.400+0000] {processor.py:161} INFO - Started process (PID=988) to work on /home/airflow/.local/lib/python3.12/site-packages/airflow/example_dags/example_skip_dag.py
[2025-11-12T19:13:47.401+0000] {processor.py:830} INFO - Processing file /home/airflow/.local/lib/python3.12/site-packages/airflow/example_dags/example_skip_dag.py for tasks to queue
[2025-11-12T19:13:47.404+0000] {logging_mixin.py:188} INFO - [2025-11-12T19:13:47.403+0000] {dagbag.py:545} INFO - Filling up the DagBag from /home/airflow/.local/lib/python3.12/site-packages/airflow/example_dags/example_skip_dag.py
[2025-11-12T19:13:47.419+0000] {processor.py:840} INFO - DAG(s) 'example_skip_dag' retrieved from /home/airflow/.local/lib/python3.12/site-packages/airflow/example_dags/example_skip_dag.py
[2025-11-12T19:13:47.453+0000] {logging_mixin.py:188} INFO - [2025-11-12T19:13:47.453+0000] {dag.py:3096} INFO - Sync 1 DAGs
[2025-11-12T19:13:47.487+0000] {logging_mixin.py:188} INFO - [2025-11-12T19:13:47.486+0000] {dag.py:3954} INFO - Setting next_dagrun for example_skip_dag to 2025-11-11 00:00:00+00:00, run_after=2025-11-12 00:00:00+00:00
[2025-11-12T19:13:47.512+0000] {processor.py:183} INFO - Processing /home/airflow/.local/lib/python3.12/site-packages/airflow/example_dags/example_skip_dag.py took 0.119 seconds
[2025-11-12T19:14:17.758+0000] {processor.py:161} INFO - Started process (PID=1048) to work on /home/airflow/.local/lib/python3.12/site-packages/airflow/example_dags/example_skip_dag.py
[2025-11-12T19:14:17.760+0000] {processor.py:830} INFO - Processing file /home/airflow/.local/lib/python3.12/site-packages/airflow/example_dags/example_skip_dag.py for tasks to queue
[2025-11-12T19:14:17.761+0000] {logging_mixin.py:188} INFO - [2025-11-12T19:14:17.761+0000] {dagbag.py:545} INFO - Filling up the DagBag from /home/airflow/.local/lib/python3.12/site-packages/airflow/example_dags/example_skip_dag.py
[2025-11-12T19:14:17.767+0000] {processor.py:840} INFO - DAG(s) 'example_skip_dag' retrieved from /home/airflow/.local/lib/python3.12/site-packages/airflow/example_dags/example_skip_dag.py
[2025-11-12T19:14:17.789+0000] {logging_mixin.py:188} INFO - [2025-11-12T19:14:17.789+0000] {dag.py:3096} INFO - Sync 1 DAGs
[2025-11-12T19:14:17.806+0000] {logging_mixin.py:188} INFO - [2025-11-12T19:14:17.806+0000] {dag.py:3954} INFO - Setting next_dagrun for example_skip_dag to 2025-11-11 00:00:00+00:00, run_after=2025-11-12 00:00:00+00:00
[2025-11-12T19:14:17.827+0000] {processor.py:183} INFO - Processing /home/airflow/.local/lib/python3.12/site-packages/airflow/example_dags/example_skip_dag.py took 0.075 seconds
[2025-11-12T19:14:48.481+0000] {processor.py:161} INFO - Started process (PID=1108) to work on /home/airflow/.local/lib/python3.12/site-packages/airflow/example_dags/example_skip_dag.py
[2025-11-12T19:14:48.482+0000] {processor.py:830} INFO - Processing file /home/airflow/.local/lib/python3.12/site-packages/airflow/example_dags/example_skip_dag.py for tasks to queue
[2025-11-12T19:14:48.483+0000] {logging_mixin.py:188} INFO - [2025-11-12T19:14:48.482+0000] {dagbag.py:545} INFO - Filling up the DagBag from /home/airflow/.local/lib/python3.12/site-packages/airflow/example_dags/example_skip_dag.py
[2025-11-12T19:14:48.488+0000] {processor.py:840} INFO - DAG(s) 'example_skip_dag' retrieved from /home/airflow/.local/lib/python3.12/site-packages/airflow/example_dags/example_skip_dag.py
[2025-11-12T19:14:48.511+0000] {logging_mixin.py:188} INFO - [2025-11-12T19:14:48.510+0000] {dag.py:3096} INFO - Sync 1 DAGs
[2025-11-12T19:14:48.529+0000] {logging_mixin.py:188} INFO - [2025-11-12T19:14:48.529+0000] {dag.py:3954} INFO - Setting next_dagrun for example_skip_dag to 2025-11-11 00:00:00+00:00, run_after=2025-11-12 00:00:00+00:00
[2025-11-12T19:14:48.551+0000] {processor.py:183} INFO - Processing /home/airflow/.local/lib/python3.12/site-packages/airflow/example_dags/example_skip_dag.py took 0.075 seconds
[2025-11-12T19:15:19.617+0000] {processor.py:161} INFO - Started process (PID=1168) to work on /home/airflow/.local/lib/python3.12/site-packages/airflow/example_dags/example_skip_dag.py
[2025-11-12T19:15:19.618+0000] {processor.py:830} INFO - Processing file /home/airflow/.local/lib/python3.12/site-packages/airflow/example_dags/example_skip_dag.py for tasks to queue
[2025-11-12T19:15:19.619+0000] {logging_mixin.py:188} INFO - [2025-11-12T19:15:19.619+0000] {dagbag.py:545} INFO - Filling up the DagBag from /home/airflow/.local/lib/python3.12/site-packages/airflow/example_dags/example_skip_dag.py
[2025-11-12T19:15:19.625+0000] {processor.py:840} INFO - DAG(s) 'example_skip_dag' retrieved from /home/airflow/.local/lib/python3.12/site-packages/airflow/example_dags/example_skip_dag.py
[2025-11-12T19:15:19.648+0000] {logging_mixin.py:188} INFO - [2025-11-12T19:15:19.648+0000] {dag.py:3096} INFO - Sync 1 DAGs
[2025-11-12T19:15:19.667+0000] {logging_mixin.py:188} INFO - [2025-11-12T19:15:19.666+0000] {dag.py:3954} INFO - Setting next_dagrun for example_skip_dag to 2025-11-11 00:00:00+00:00, run_after=2025-11-12 00:00:00+00:00
[2025-11-12T19:15:19.690+0000] {processor.py:183} INFO - Processing /home/airflow/.local/lib/python3.12/site-packages/airflow/example_dags/example_skip_dag.py took 0.079 seconds
[2025-11-12T19:15:50.161+0000] {processor.py:161} INFO - Started process (PID=1228) to work on /home/airflow/.local/lib/python3.12/site-packages/airflow/example_dags/example_skip_dag.py
[2025-11-12T19:15:50.163+0000] {processor.py:830} INFO - Processing file /home/airflow/.local/lib/python3.12/site-packages/airflow/example_dags/example_skip_dag.py for tasks to queue
[2025-11-12T19:15:50.163+0000] {logging_mixin.py:188} INFO - [2025-11-12T19:15:50.163+0000] {dagbag.py:545} INFO - Filling up the DagBag from /home/airflow/.local/lib/python3.12/site-packages/airflow/example_dags/example_skip_dag.py
[2025-11-12T19:15:50.169+0000] {processor.py:840} INFO - DAG(s) 'example_skip_dag' retrieved from /home/airflow/.local/lib/python3.12/site-packages/airflow/example_dags/example_skip_dag.py
[2025-11-12T19:15:50.190+0000] {logging_mixin.py:188} INFO - [2025-11-12T19:15:50.189+0000] {dag.py:3096} INFO - Sync 1 DAGs
[2025-11-12T19:15:50.208+0000] {logging_mixin.py:188} INFO - [2025-11-12T19:15:50.207+0000] {dag.py:3954} INFO - Setting next_dagrun for example_skip_dag to 2025-11-11 00:00:00+00:00, run_after=2025-11-12 00:00:00+00:00
[2025-11-12T19:15:50.235+0000] {processor.py:183} INFO - Processing /home/airflow/.local/lib/python3.12/site-packages/airflow/example_dags/example_skip_dag.py took 0.078 seconds
[2025-11-12T19:16:56.754+0000] {processor.py:161} INFO - Started process (PID=85) to work on /home/airflow/.local/lib/python3.12/site-packages/airflow/example_dags/example_skip_dag.py
[2025-11-12T19:16:56.755+0000] {processor.py:830} INFO - Processing file /home/airflow/.local/lib/python3.12/site-packages/airflow/example_dags/example_skip_dag.py for tasks to queue
[2025-11-12T19:16:56.758+0000] {logging_mixin.py:188} INFO - [2025-11-12T19:16:56.757+0000] {dagbag.py:545} INFO - Filling up the DagBag from /home/airflow/.local/lib/python3.12/site-packages/airflow/example_dags/example_skip_dag.py
[2025-11-12T19:16:56.768+0000] {processor.py:840} INFO - DAG(s) 'example_skip_dag' retrieved from /home/airflow/.local/lib/python3.12/site-packages/airflow/example_dags/example_skip_dag.py
[2025-11-12T19:16:56.887+0000] {logging_mixin.py:188} INFO - [2025-11-12T19:16:56.886+0000] {dag.py:3096} INFO - Sync 1 DAGs
[2025-11-12T19:16:56.907+0000] {logging_mixin.py:188} INFO - [2025-11-12T19:16:56.907+0000] {dag.py:3954} INFO - Setting next_dagrun for example_skip_dag to 2025-11-11 00:00:00+00:00, run_after=2025-11-12 00:00:00+00:00
[2025-11-12T19:16:56.936+0000] {processor.py:183} INFO - Processing /home/airflow/.local/lib/python3.12/site-packages/airflow/example_dags/example_skip_dag.py took 0.188 seconds
[2025-11-12T19:17:27.125+0000] {processor.py:161} INFO - Started process (PID=145) to work on /home/airflow/.local/lib/python3.12/site-packages/airflow/example_dags/example_skip_dag.py
[2025-11-12T19:17:27.126+0000] {processor.py:830} INFO - Processing file /home/airflow/.local/lib/python3.12/site-packages/airflow/example_dags/example_skip_dag.py for tasks to queue
[2025-11-12T19:17:27.128+0000] {logging_mixin.py:188} INFO - [2025-11-12T19:17:27.128+0000] {dagbag.py:545} INFO - Filling up the DagBag from /home/airflow/.local/lib/python3.12/site-packages/airflow/example_dags/example_skip_dag.py
[2025-11-12T19:17:27.135+0000] {processor.py:840} INFO - DAG(s) 'example_skip_dag' retrieved from /home/airflow/.local/lib/python3.12/site-packages/airflow/example_dags/example_skip_dag.py
[2025-11-12T19:17:27.161+0000] {logging_mixin.py:188} INFO - [2025-11-12T19:17:27.160+0000] {dag.py:3096} INFO - Sync 1 DAGs
[2025-11-12T19:17:27.192+0000] {logging_mixin.py:188} INFO - [2025-11-12T19:17:27.191+0000] {dag.py:3954} INFO - Setting next_dagrun for example_skip_dag to 2025-11-11 00:00:00+00:00, run_after=2025-11-12 00:00:00+00:00
[2025-11-12T19:17:27.218+0000] {processor.py:183} INFO - Processing /home/airflow/.local/lib/python3.12/site-packages/airflow/example_dags/example_skip_dag.py took 0.098 seconds
[2025-11-12T19:17:57.427+0000] {processor.py:161} INFO - Started process (PID=205) to work on /home/airflow/.local/lib/python3.12/site-packages/airflow/example_dags/example_skip_dag.py
[2025-11-12T19:17:57.428+0000] {processor.py:830} INFO - Processing file /home/airflow/.local/lib/python3.12/site-packages/airflow/example_dags/example_skip_dag.py for tasks to queue
[2025-11-12T19:17:57.430+0000] {logging_mixin.py:188} INFO - [2025-11-12T19:17:57.430+0000] {dagbag.py:545} INFO - Filling up the DagBag from /home/airflow/.local/lib/python3.12/site-packages/airflow/example_dags/example_skip_dag.py
[2025-11-12T19:17:57.435+0000] {processor.py:840} INFO - DAG(s) 'example_skip_dag' retrieved from /home/airflow/.local/lib/python3.12/site-packages/airflow/example_dags/example_skip_dag.py
[2025-11-12T19:17:57.455+0000] {logging_mixin.py:188} INFO - [2025-11-12T19:17:57.455+0000] {dag.py:3096} INFO - Sync 1 DAGs
[2025-11-12T19:17:57.472+0000] {logging_mixin.py:188} INFO - [2025-11-12T19:17:57.472+0000] {dag.py:3954} INFO - Setting next_dagrun for example_skip_dag to 2025-11-11 00:00:00+00:00, run_after=2025-11-12 00:00:00+00:00
[2025-11-12T19:17:57.490+0000] {processor.py:183} INFO - Processing /home/airflow/.local/lib/python3.12/site-packages/airflow/example_dags/example_skip_dag.py took 0.068 seconds
[2025-11-12T19:18:28.653+0000] {processor.py:161} INFO - Started process (PID=265) to work on /home/airflow/.local/lib/python3.12/site-packages/airflow/example_dags/example_skip_dag.py
[2025-11-12T19:18:28.654+0000] {processor.py:830} INFO - Processing file /home/airflow/.local/lib/python3.12/site-packages/airflow/example_dags/example_skip_dag.py for tasks to queue
[2025-11-12T19:18:28.655+0000] {logging_mixin.py:188} INFO - [2025-11-12T19:18:28.655+0000] {dagbag.py:545} INFO - Filling up the DagBag from /home/airflow/.local/lib/python3.12/site-packages/airflow/example_dags/example_skip_dag.py
[2025-11-12T19:18:28.661+0000] {processor.py:840} INFO - DAG(s) 'example_skip_dag' retrieved from /home/airflow/.local/lib/python3.12/site-packages/airflow/example_dags/example_skip_dag.py
[2025-11-12T19:18:28.684+0000] {logging_mixin.py:188} INFO - [2025-11-12T19:18:28.683+0000] {dag.py:3096} INFO - Sync 1 DAGs
[2025-11-12T19:18:28.705+0000] {logging_mixin.py:188} INFO - [2025-11-12T19:18:28.705+0000] {dag.py:3954} INFO - Setting next_dagrun for example_skip_dag to 2025-11-11 00:00:00+00:00, run_after=2025-11-12 00:00:00+00:00
[2025-11-12T19:18:28.725+0000] {processor.py:183} INFO - Processing /home/airflow/.local/lib/python3.12/site-packages/airflow/example_dags/example_skip_dag.py took 0.077 seconds
[2025-11-12T19:18:59.081+0000] {processor.py:161} INFO - Started process (PID=325) to work on /home/airflow/.local/lib/python3.12/site-packages/airflow/example_dags/example_skip_dag.py
[2025-11-12T19:18:59.082+0000] {processor.py:830} INFO - Processing file /home/airflow/.local/lib/python3.12/site-packages/airflow/example_dags/example_skip_dag.py for tasks to queue
[2025-11-12T19:18:59.084+0000] {logging_mixin.py:188} INFO - [2025-11-12T19:18:59.084+0000] {dagbag.py:545} INFO - Filling up the DagBag from /home/airflow/.local/lib/python3.12/site-packages/airflow/example_dags/example_skip_dag.py
[2025-11-12T19:18:59.091+0000] {processor.py:840} INFO - DAG(s) 'example_skip_dag' retrieved from /home/airflow/.local/lib/python3.12/site-packages/airflow/example_dags/example_skip_dag.py
[2025-11-12T19:18:59.117+0000] {logging_mixin.py:188} INFO - [2025-11-12T19:18:59.116+0000] {dag.py:3096} INFO - Sync 1 DAGs
[2025-11-12T19:18:59.142+0000] {logging_mixin.py:188} INFO - [2025-11-12T19:18:59.142+0000] {dag.py:3954} INFO - Setting next_dagrun for example_skip_dag to 2025-11-11 00:00:00+00:00, run_after=2025-11-12 00:00:00+00:00
[2025-11-12T19:18:59.168+0000] {processor.py:183} INFO - Processing /home/airflow/.local/lib/python3.12/site-packages/airflow/example_dags/example_skip_dag.py took 0.092 seconds
[2025-11-12T19:19:29.258+0000] {processor.py:161} INFO - Started process (PID=385) to work on /home/airflow/.local/lib/python3.12/site-packages/airflow/example_dags/example_skip_dag.py
[2025-11-12T19:19:29.259+0000] {processor.py:830} INFO - Processing file /home/airflow/.local/lib/python3.12/site-packages/airflow/example_dags/example_skip_dag.py for tasks to queue
[2025-11-12T19:19:29.262+0000] {logging_mixin.py:188} INFO - [2025-11-12T19:19:29.261+0000] {dagbag.py:545} INFO - Filling up the DagBag from /home/airflow/.local/lib/python3.12/site-packages/airflow/example_dags/example_skip_dag.py
[2025-11-12T19:19:29.268+0000] {processor.py:840} INFO - DAG(s) 'example_skip_dag' retrieved from /home/airflow/.local/lib/python3.12/site-packages/airflow/example_dags/example_skip_dag.py
[2025-11-12T19:19:29.289+0000] {logging_mixin.py:188} INFO - [2025-11-12T19:19:29.289+0000] {dag.py:3096} INFO - Sync 1 DAGs
[2025-11-12T19:19:29.309+0000] {logging_mixin.py:188} INFO - [2025-11-12T19:19:29.309+0000] {dag.py:3954} INFO - Setting next_dagrun for example_skip_dag to 2025-11-11 00:00:00+00:00, run_after=2025-11-12 00:00:00+00:00
[2025-11-12T19:19:29.332+0000] {processor.py:183} INFO - Processing /home/airflow/.local/lib/python3.12/site-packages/airflow/example_dags/example_skip_dag.py took 0.079 seconds
[2025-11-12T19:20:00.009+0000] {processor.py:161} INFO - Started process (PID=445) to work on /home/airflow/.local/lib/python3.12/site-packages/airflow/example_dags/example_skip_dag.py
[2025-11-12T19:20:00.010+0000] {processor.py:830} INFO - Processing file /home/airflow/.local/lib/python3.12/site-packages/airflow/example_dags/example_skip_dag.py for tasks to queue
[2025-11-12T19:20:00.016+0000] {logging_mixin.py:188} INFO - [2025-11-12T19:20:00.015+0000] {dagbag.py:545} INFO - Filling up the DagBag from /home/airflow/.local/lib/python3.12/site-packages/airflow/example_dags/example_skip_dag.py
[2025-11-12T19:20:00.023+0000] {processor.py:840} INFO - DAG(s) 'example_skip_dag' retrieved from /home/airflow/.local/lib/python3.12/site-packages/airflow/example_dags/example_skip_dag.py
[2025-11-12T19:20:00.049+0000] {logging_mixin.py:188} INFO - [2025-11-12T19:20:00.048+0000] {dag.py:3096} INFO - Sync 1 DAGs
[2025-11-12T19:20:00.074+0000] {logging_mixin.py:188} INFO - [2025-11-12T19:20:00.073+0000] {dag.py:3954} INFO - Setting next_dagrun for example_skip_dag to 2025-11-11 00:00:00+00:00, run_after=2025-11-12 00:00:00+00:00
[2025-11-12T19:20:00.097+0000] {processor.py:183} INFO - Processing /home/airflow/.local/lib/python3.12/site-packages/airflow/example_dags/example_skip_dag.py took 0.093 seconds
[2025-11-12T19:20:30.985+0000] {processor.py:161} INFO - Started process (PID=506) to work on /home/airflow/.local/lib/python3.12/site-packages/airflow/example_dags/example_skip_dag.py
[2025-11-12T19:20:30.986+0000] {processor.py:830} INFO - Processing file /home/airflow/.local/lib/python3.12/site-packages/airflow/example_dags/example_skip_dag.py for tasks to queue
[2025-11-12T19:20:30.989+0000] {logging_mixin.py:188} INFO - [2025-11-12T19:20:30.988+0000] {dagbag.py:545} INFO - Filling up the DagBag from /home/airflow/.local/lib/python3.12/site-packages/airflow/example_dags/example_skip_dag.py
[2025-11-12T19:20:30.994+0000] {processor.py:840} INFO - DAG(s) 'example_skip_dag' retrieved from /home/airflow/.local/lib/python3.12/site-packages/airflow/example_dags/example_skip_dag.py
[2025-11-12T19:20:31.019+0000] {logging_mixin.py:188} INFO - [2025-11-12T19:20:31.018+0000] {dag.py:3096} INFO - Sync 1 DAGs
[2025-11-12T19:20:31.040+0000] {logging_mixin.py:188} INFO - [2025-11-12T19:20:31.040+0000] {dag.py:3954} INFO - Setting next_dagrun for example_skip_dag to 2025-11-11 00:00:00+00:00, run_after=2025-11-12 00:00:00+00:00
[2025-11-12T19:20:31.065+0000] {processor.py:183} INFO - Processing /home/airflow/.local/lib/python3.12/site-packages/airflow/example_dags/example_skip_dag.py took 0.085 seconds
[2025-11-12T19:21:01.159+0000] {processor.py:161} INFO - Started process (PID=566) to work on /home/airflow/.local/lib/python3.12/site-packages/airflow/example_dags/example_skip_dag.py
[2025-11-12T19:21:01.161+0000] {processor.py:830} INFO - Processing file /home/airflow/.local/lib/python3.12/site-packages/airflow/example_dags/example_skip_dag.py for tasks to queue
[2025-11-12T19:21:01.163+0000] {logging_mixin.py:188} INFO - [2025-11-12T19:21:01.162+0000] {dagbag.py:545} INFO - Filling up the DagBag from /home/airflow/.local/lib/python3.12/site-packages/airflow/example_dags/example_skip_dag.py
[2025-11-12T19:21:01.168+0000] {processor.py:840} INFO - DAG(s) 'example_skip_dag' retrieved from /home/airflow/.local/lib/python3.12/site-packages/airflow/example_dags/example_skip_dag.py
[2025-11-12T19:21:01.188+0000] {logging_mixin.py:188} INFO - [2025-11-12T19:21:01.187+0000] {dag.py:3096} INFO - Sync 1 DAGs
[2025-11-12T19:21:01.207+0000] {logging_mixin.py:188} INFO - [2025-11-12T19:21:01.207+0000] {dag.py:3954} INFO - Setting next_dagrun for example_skip_dag to 2025-11-11 00:00:00+00:00, run_after=2025-11-12 00:00:00+00:00
[2025-11-12T19:21:01.227+0000] {processor.py:183} INFO - Processing /home/airflow/.local/lib/python3.12/site-packages/airflow/example_dags/example_skip_dag.py took 0.074 seconds
[2025-11-12T19:21:31.547+0000] {processor.py:161} INFO - Started process (PID=626) to work on /home/airflow/.local/lib/python3.12/site-packages/airflow/example_dags/example_skip_dag.py
[2025-11-12T19:21:31.548+0000] {processor.py:830} INFO - Processing file /home/airflow/.local/lib/python3.12/site-packages/airflow/example_dags/example_skip_dag.py for tasks to queue
[2025-11-12T19:21:31.550+0000] {logging_mixin.py:188} INFO - [2025-11-12T19:21:31.550+0000] {dagbag.py:545} INFO - Filling up the DagBag from /home/airflow/.local/lib/python3.12/site-packages/airflow/example_dags/example_skip_dag.py
[2025-11-12T19:21:31.555+0000] {processor.py:840} INFO - DAG(s) 'example_skip_dag' retrieved from /home/airflow/.local/lib/python3.12/site-packages/airflow/example_dags/example_skip_dag.py
[2025-11-12T19:21:31.575+0000] {logging_mixin.py:188} INFO - [2025-11-12T19:21:31.575+0000] {dag.py:3096} INFO - Sync 1 DAGs
[2025-11-12T19:21:31.593+0000] {logging_mixin.py:188} INFO - [2025-11-12T19:21:31.593+0000] {dag.py:3954} INFO - Setting next_dagrun for example_skip_dag to 2025-11-11 00:00:00+00:00, run_after=2025-11-12 00:00:00+00:00
[2025-11-12T19:21:31.612+0000] {processor.py:183} INFO - Processing /home/airflow/.local/lib/python3.12/site-packages/airflow/example_dags/example_skip_dag.py took 0.070 seconds
[2025-11-12T19:22:01.896+0000] {processor.py:161} INFO - Started process (PID=686) to work on /home/airflow/.local/lib/python3.12/site-packages/airflow/example_dags/example_skip_dag.py
[2025-11-12T19:22:01.897+0000] {processor.py:830} INFO - Processing file /home/airflow/.local/lib/python3.12/site-packages/airflow/example_dags/example_skip_dag.py for tasks to queue
[2025-11-12T19:22:01.899+0000] {logging_mixin.py:188} INFO - [2025-11-12T19:22:01.898+0000] {dagbag.py:545} INFO - Filling up the DagBag from /home/airflow/.local/lib/python3.12/site-packages/airflow/example_dags/example_skip_dag.py
[2025-11-12T19:22:01.906+0000] {processor.py:840} INFO - DAG(s) 'example_skip_dag' retrieved from /home/airflow/.local/lib/python3.12/site-packages/airflow/example_dags/example_skip_dag.py
[2025-11-12T19:22:01.927+0000] {logging_mixin.py:188} INFO - [2025-11-12T19:22:01.926+0000] {dag.py:3096} INFO - Sync 1 DAGs
[2025-11-12T19:22:01.943+0000] {logging_mixin.py:188} INFO - [2025-11-12T19:22:01.943+0000] {dag.py:3954} INFO - Setting next_dagrun for example_skip_dag to 2025-11-11 00:00:00+00:00, run_after=2025-11-12 00:00:00+00:00
[2025-11-12T19:22:01.964+0000] {processor.py:183} INFO - Processing /home/airflow/.local/lib/python3.12/site-packages/airflow/example_dags/example_skip_dag.py took 0.072 seconds
[2025-11-12T19:22:32.222+0000] {processor.py:161} INFO - Started process (PID=747) to work on /home/airflow/.local/lib/python3.12/site-packages/airflow/example_dags/example_skip_dag.py
[2025-11-12T19:22:32.224+0000] {processor.py:830} INFO - Processing file /home/airflow/.local/lib/python3.12/site-packages/airflow/example_dags/example_skip_dag.py for tasks to queue
[2025-11-12T19:22:32.227+0000] {logging_mixin.py:188} INFO - [2025-11-12T19:22:32.226+0000] {dagbag.py:545} INFO - Filling up the DagBag from /home/airflow/.local/lib/python3.12/site-packages/airflow/example_dags/example_skip_dag.py
[2025-11-12T19:22:32.233+0000] {processor.py:840} INFO - DAG(s) 'example_skip_dag' retrieved from /home/airflow/.local/lib/python3.12/site-packages/airflow/example_dags/example_skip_dag.py
[2025-11-12T19:22:32.254+0000] {logging_mixin.py:188} INFO - [2025-11-12T19:22:32.254+0000] {dag.py:3096} INFO - Sync 1 DAGs
[2025-11-12T19:22:32.270+0000] {logging_mixin.py:188} INFO - [2025-11-12T19:22:32.270+0000] {dag.py:3954} INFO - Setting next_dagrun for example_skip_dag to 2025-11-11 00:00:00+00:00, run_after=2025-11-12 00:00:00+00:00
[2025-11-12T19:22:32.289+0000] {processor.py:183} INFO - Processing /home/airflow/.local/lib/python3.12/site-packages/airflow/example_dags/example_skip_dag.py took 0.071 seconds
[2025-11-12T19:23:02.338+0000] {processor.py:161} INFO - Started process (PID=806) to work on /home/airflow/.local/lib/python3.12/site-packages/airflow/example_dags/example_skip_dag.py
[2025-11-12T19:23:02.339+0000] {processor.py:830} INFO - Processing file /home/airflow/.local/lib/python3.12/site-packages/airflow/example_dags/example_skip_dag.py for tasks to queue
[2025-11-12T19:23:02.341+0000] {logging_mixin.py:188} INFO - [2025-11-12T19:23:02.341+0000] {dagbag.py:545} INFO - Filling up the DagBag from /home/airflow/.local/lib/python3.12/site-packages/airflow/example_dags/example_skip_dag.py
[2025-11-12T19:23:02.346+0000] {processor.py:840} INFO - DAG(s) 'example_skip_dag' retrieved from /home/airflow/.local/lib/python3.12/site-packages/airflow/example_dags/example_skip_dag.py
[2025-11-12T19:23:02.367+0000] {logging_mixin.py:188} INFO - [2025-11-12T19:23:02.366+0000] {dag.py:3096} INFO - Sync 1 DAGs
[2025-11-12T19:23:02.383+0000] {logging_mixin.py:188} INFO - [2025-11-12T19:23:02.383+0000] {dag.py:3954} INFO - Setting next_dagrun for example_skip_dag to 2025-11-11 00:00:00+00:00, run_after=2025-11-12 00:00:00+00:00
[2025-11-12T19:23:02.403+0000] {processor.py:183} INFO - Processing /home/airflow/.local/lib/python3.12/site-packages/airflow/example_dags/example_skip_dag.py took 0.069 seconds
[2025-11-12T19:23:32.849+0000] {processor.py:161} INFO - Started process (PID=867) to work on /home/airflow/.local/lib/python3.12/site-packages/airflow/example_dags/example_skip_dag.py
[2025-11-12T19:23:32.851+0000] {processor.py:830} INFO - Processing file /home/airflow/.local/lib/python3.12/site-packages/airflow/example_dags/example_skip_dag.py for tasks to queue
[2025-11-12T19:23:32.852+0000] {logging_mixin.py:188} INFO - [2025-11-12T19:23:32.852+0000] {dagbag.py:545} INFO - Filling up the DagBag from /home/airflow/.local/lib/python3.12/site-packages/airflow/example_dags/example_skip_dag.py
[2025-11-12T19:23:32.858+0000] {processor.py:840} INFO - DAG(s) 'example_skip_dag' retrieved from /home/airflow/.local/lib/python3.12/site-packages/airflow/example_dags/example_skip_dag.py
[2025-11-12T19:23:32.878+0000] {logging_mixin.py:188} INFO - [2025-11-12T19:23:32.878+0000] {dag.py:3096} INFO - Sync 1 DAGs
[2025-11-12T19:23:32.896+0000] {logging_mixin.py:188} INFO - [2025-11-12T19:23:32.896+0000] {dag.py:3954} INFO - Setting next_dagrun for example_skip_dag to 2025-11-11 00:00:00+00:00, run_after=2025-11-12 00:00:00+00:00
[2025-11-12T19:23:32.917+0000] {processor.py:183} INFO - Processing /home/airflow/.local/lib/python3.12/site-packages/airflow/example_dags/example_skip_dag.py took 0.073 seconds
[2025-11-12T19:24:03.324+0000] {processor.py:161} INFO - Started process (PID=927) to work on /home/airflow/.local/lib/python3.12/site-packages/airflow/example_dags/example_skip_dag.py
[2025-11-12T19:24:03.325+0000] {processor.py:830} INFO - Processing file /home/airflow/.local/lib/python3.12/site-packages/airflow/example_dags/example_skip_dag.py for tasks to queue
[2025-11-12T19:24:03.328+0000] {logging_mixin.py:188} INFO - [2025-11-12T19:24:03.327+0000] {dagbag.py:545} INFO - Filling up the DagBag from /home/airflow/.local/lib/python3.12/site-packages/airflow/example_dags/example_skip_dag.py
[2025-11-12T19:24:03.333+0000] {processor.py:840} INFO - DAG(s) 'example_skip_dag' retrieved from /home/airflow/.local/lib/python3.12/site-packages/airflow/example_dags/example_skip_dag.py
[2025-11-12T19:24:03.353+0000] {logging_mixin.py:188} INFO - [2025-11-12T19:24:03.353+0000] {dag.py:3096} INFO - Sync 1 DAGs
[2025-11-12T19:24:03.372+0000] {logging_mixin.py:188} INFO - [2025-11-12T19:24:03.371+0000] {dag.py:3954} INFO - Setting next_dagrun for example_skip_dag to 2025-11-11 00:00:00+00:00, run_after=2025-11-12 00:00:00+00:00
[2025-11-12T19:24:03.394+0000] {processor.py:183} INFO - Processing /home/airflow/.local/lib/python3.12/site-packages/airflow/example_dags/example_skip_dag.py took 0.074 seconds
[2025-11-12T19:24:33.492+0000] {processor.py:161} INFO - Started process (PID=987) to work on /home/airflow/.local/lib/python3.12/site-packages/airflow/example_dags/example_skip_dag.py
[2025-11-12T19:24:33.493+0000] {processor.py:830} INFO - Processing file /home/airflow/.local/lib/python3.12/site-packages/airflow/example_dags/example_skip_dag.py for tasks to queue
[2025-11-12T19:24:33.495+0000] {logging_mixin.py:188} INFO - [2025-11-12T19:24:33.494+0000] {dagbag.py:545} INFO - Filling up the DagBag from /home/airflow/.local/lib/python3.12/site-packages/airflow/example_dags/example_skip_dag.py
[2025-11-12T19:24:33.500+0000] {processor.py:840} INFO - DAG(s) 'example_skip_dag' retrieved from /home/airflow/.local/lib/python3.12/site-packages/airflow/example_dags/example_skip_dag.py
[2025-11-12T19:24:33.523+0000] {logging_mixin.py:188} INFO - [2025-11-12T19:24:33.522+0000] {dag.py:3096} INFO - Sync 1 DAGs
[2025-11-12T19:24:33.540+0000] {logging_mixin.py:188} INFO - [2025-11-12T19:24:33.540+0000] {dag.py:3954} INFO - Setting next_dagrun for example_skip_dag to 2025-11-11 00:00:00+00:00, run_after=2025-11-12 00:00:00+00:00
[2025-11-12T19:24:33.561+0000] {processor.py:183} INFO - Processing /home/airflow/.local/lib/python3.12/site-packages/airflow/example_dags/example_skip_dag.py took 0.074 seconds
[2025-11-12T19:25:04.656+0000] {processor.py:161} INFO - Started process (PID=1047) to work on /home/airflow/.local/lib/python3.12/site-packages/airflow/example_dags/example_skip_dag.py
[2025-11-12T19:25:04.658+0000] {processor.py:830} INFO - Processing file /home/airflow/.local/lib/python3.12/site-packages/airflow/example_dags/example_skip_dag.py for tasks to queue
[2025-11-12T19:25:04.660+0000] {logging_mixin.py:188} INFO - [2025-11-12T19:25:04.660+0000] {dagbag.py:545} INFO - Filling up the DagBag from /home/airflow/.local/lib/python3.12/site-packages/airflow/example_dags/example_skip_dag.py
[2025-11-12T19:25:04.666+0000] {processor.py:840} INFO - DAG(s) 'example_skip_dag' retrieved from /home/airflow/.local/lib/python3.12/site-packages/airflow/example_dags/example_skip_dag.py
[2025-11-12T19:25:04.701+0000] {logging_mixin.py:188} INFO - [2025-11-12T19:25:04.700+0000] {dag.py:3096} INFO - Sync 1 DAGs
[2025-11-12T19:25:04.726+0000] {logging_mixin.py:188} INFO - [2025-11-12T19:25:04.726+0000] {dag.py:3954} INFO - Setting next_dagrun for example_skip_dag to 2025-11-11 00:00:00+00:00, run_after=2025-11-12 00:00:00+00:00
[2025-11-12T19:25:04.749+0000] {processor.py:183} INFO - Processing /home/airflow/.local/lib/python3.12/site-packages/airflow/example_dags/example_skip_dag.py took 0.098 seconds
[2025-11-12T19:25:34.930+0000] {processor.py:161} INFO - Started process (PID=1107) to work on /home/airflow/.local/lib/python3.12/site-packages/airflow/example_dags/example_skip_dag.py
[2025-11-12T19:25:34.931+0000] {processor.py:830} INFO - Processing file /home/airflow/.local/lib/python3.12/site-packages/airflow/example_dags/example_skip_dag.py for tasks to queue
[2025-11-12T19:25:34.933+0000] {logging_mixin.py:188} INFO - [2025-11-12T19:25:34.933+0000] {dagbag.py:545} INFO - Filling up the DagBag from /home/airflow/.local/lib/python3.12/site-packages/airflow/example_dags/example_skip_dag.py
[2025-11-12T19:25:34.938+0000] {processor.py:840} INFO - DAG(s) 'example_skip_dag' retrieved from /home/airflow/.local/lib/python3.12/site-packages/airflow/example_dags/example_skip_dag.py
[2025-11-12T19:25:34.961+0000] {logging_mixin.py:188} INFO - [2025-11-12T19:25:34.960+0000] {dag.py:3096} INFO - Sync 1 DAGs
[2025-11-12T19:25:34.979+0000] {logging_mixin.py:188} INFO - [2025-11-12T19:25:34.979+0000] {dag.py:3954} INFO - Setting next_dagrun for example_skip_dag to 2025-11-11 00:00:00+00:00, run_after=2025-11-12 00:00:00+00:00
[2025-11-12T19:25:34.999+0000] {processor.py:183} INFO - Processing /home/airflow/.local/lib/python3.12/site-packages/airflow/example_dags/example_skip_dag.py took 0.073 seconds
[2025-11-12T19:26:05.157+0000] {processor.py:161} INFO - Started process (PID=1167) to work on /home/airflow/.local/lib/python3.12/site-packages/airflow/example_dags/example_skip_dag.py
[2025-11-12T19:26:05.158+0000] {processor.py:830} INFO - Processing file /home/airflow/.local/lib/python3.12/site-packages/airflow/example_dags/example_skip_dag.py for tasks to queue
[2025-11-12T19:26:05.160+0000] {logging_mixin.py:188} INFO - [2025-11-12T19:26:05.159+0000] {dagbag.py:545} INFO - Filling up the DagBag from /home/airflow/.local/lib/python3.12/site-packages/airflow/example_dags/example_skip_dag.py
[2025-11-12T19:26:05.165+0000] {processor.py:840} INFO - DAG(s) 'example_skip_dag' retrieved from /home/airflow/.local/lib/python3.12/site-packages/airflow/example_dags/example_skip_dag.py
[2025-11-12T19:26:05.183+0000] {logging_mixin.py:188} INFO - [2025-11-12T19:26:05.183+0000] {dag.py:3096} INFO - Sync 1 DAGs
[2025-11-12T19:26:05.201+0000] {logging_mixin.py:188} INFO - [2025-11-12T19:26:05.200+0000] {dag.py:3954} INFO - Setting next_dagrun for example_skip_dag to 2025-11-11 00:00:00+00:00, run_after=2025-11-12 00:00:00+00:00
[2025-11-12T19:26:05.220+0000] {processor.py:183} INFO - Processing /home/airflow/.local/lib/python3.12/site-packages/airflow/example_dags/example_skip_dag.py took 0.068 seconds
[2025-11-12T19:26:35.815+0000] {processor.py:161} INFO - Started process (PID=1228) to work on /home/airflow/.local/lib/python3.12/site-packages/airflow/example_dags/example_skip_dag.py
[2025-11-12T19:26:35.817+0000] {processor.py:830} INFO - Processing file /home/airflow/.local/lib/python3.12/site-packages/airflow/example_dags/example_skip_dag.py for tasks to queue
[2025-11-12T19:26:35.819+0000] {logging_mixin.py:188} INFO - [2025-11-12T19:26:35.818+0000] {dagbag.py:545} INFO - Filling up the DagBag from /home/airflow/.local/lib/python3.12/site-packages/airflow/example_dags/example_skip_dag.py
[2025-11-12T19:26:35.825+0000] {processor.py:840} INFO - DAG(s) 'example_skip_dag' retrieved from /home/airflow/.local/lib/python3.12/site-packages/airflow/example_dags/example_skip_dag.py
[2025-11-12T19:26:35.853+0000] {logging_mixin.py:188} INFO - [2025-11-12T19:26:35.852+0000] {dag.py:3096} INFO - Sync 1 DAGs
[2025-11-12T19:26:35.870+0000] {logging_mixin.py:188} INFO - [2025-11-12T19:26:35.870+0000] {dag.py:3954} INFO - Setting next_dagrun for example_skip_dag to 2025-11-11 00:00:00+00:00, run_after=2025-11-12 00:00:00+00:00
[2025-11-12T19:26:35.892+0000] {processor.py:183} INFO - Processing /home/airflow/.local/lib/python3.12/site-packages/airflow/example_dags/example_skip_dag.py took 0.081 seconds
[2025-11-12T19:27:06.171+0000] {processor.py:161} INFO - Started process (PID=1288) to work on /home/airflow/.local/lib/python3.12/site-packages/airflow/example_dags/example_skip_dag.py
[2025-11-12T19:27:06.172+0000] {processor.py:830} INFO - Processing file /home/airflow/.local/lib/python3.12/site-packages/airflow/example_dags/example_skip_dag.py for tasks to queue
[2025-11-12T19:27:06.173+0000] {logging_mixin.py:188} INFO - [2025-11-12T19:27:06.173+0000] {dagbag.py:545} INFO - Filling up the DagBag from /home/airflow/.local/lib/python3.12/site-packages/airflow/example_dags/example_skip_dag.py
[2025-11-12T19:27:06.179+0000] {processor.py:840} INFO - DAG(s) 'example_skip_dag' retrieved from /home/airflow/.local/lib/python3.12/site-packages/airflow/example_dags/example_skip_dag.py
[2025-11-12T19:27:06.198+0000] {logging_mixin.py:188} INFO - [2025-11-12T19:27:06.198+0000] {dag.py:3096} INFO - Sync 1 DAGs
[2025-11-12T19:27:06.215+0000] {logging_mixin.py:188} INFO - [2025-11-12T19:27:06.214+0000] {dag.py:3954} INFO - Setting next_dagrun for example_skip_dag to 2025-11-11 00:00:00+00:00, run_after=2025-11-12 00:00:00+00:00
[2025-11-12T19:27:06.233+0000] {processor.py:183} INFO - Processing /home/airflow/.local/lib/python3.12/site-packages/airflow/example_dags/example_skip_dag.py took 0.067 seconds
[2025-11-12T19:27:37.183+0000] {processor.py:161} INFO - Started process (PID=1348) to work on /home/airflow/.local/lib/python3.12/site-packages/airflow/example_dags/example_skip_dag.py
[2025-11-12T19:27:37.184+0000] {processor.py:830} INFO - Processing file /home/airflow/.local/lib/python3.12/site-packages/airflow/example_dags/example_skip_dag.py for tasks to queue
[2025-11-12T19:27:37.186+0000] {logging_mixin.py:188} INFO - [2025-11-12T19:27:37.186+0000] {dagbag.py:545} INFO - Filling up the DagBag from /home/airflow/.local/lib/python3.12/site-packages/airflow/example_dags/example_skip_dag.py
[2025-11-12T19:27:37.192+0000] {processor.py:840} INFO - DAG(s) 'example_skip_dag' retrieved from /home/airflow/.local/lib/python3.12/site-packages/airflow/example_dags/example_skip_dag.py
[2025-11-12T19:27:37.223+0000] {logging_mixin.py:188} INFO - [2025-11-12T19:27:37.222+0000] {dag.py:3096} INFO - Sync 1 DAGs
[2025-11-12T19:27:37.252+0000] {logging_mixin.py:188} INFO - [2025-11-12T19:27:37.251+0000] {dag.py:3954} INFO - Setting next_dagrun for example_skip_dag to 2025-11-11 00:00:00+00:00, run_after=2025-11-12 00:00:00+00:00
[2025-11-12T19:27:37.275+0000] {processor.py:183} INFO - Processing /home/airflow/.local/lib/python3.12/site-packages/airflow/example_dags/example_skip_dag.py took 0.098 seconds
[2025-11-12T19:28:08.263+0000] {processor.py:161} INFO - Started process (PID=1409) to work on /home/airflow/.local/lib/python3.12/site-packages/airflow/example_dags/example_skip_dag.py
[2025-11-12T19:28:08.264+0000] {processor.py:830} INFO - Processing file /home/airflow/.local/lib/python3.12/site-packages/airflow/example_dags/example_skip_dag.py for tasks to queue
[2025-11-12T19:28:08.266+0000] {logging_mixin.py:188} INFO - [2025-11-12T19:28:08.266+0000] {dagbag.py:545} INFO - Filling up the DagBag from /home/airflow/.local/lib/python3.12/site-packages/airflow/example_dags/example_skip_dag.py
[2025-11-12T19:28:08.271+0000] {processor.py:840} INFO - DAG(s) 'example_skip_dag' retrieved from /home/airflow/.local/lib/python3.12/site-packages/airflow/example_dags/example_skip_dag.py
[2025-11-12T19:28:08.293+0000] {logging_mixin.py:188} INFO - [2025-11-12T19:28:08.293+0000] {dag.py:3096} INFO - Sync 1 DAGs
[2025-11-12T19:28:08.310+0000] {logging_mixin.py:188} INFO - [2025-11-12T19:28:08.310+0000] {dag.py:3954} INFO - Setting next_dagrun for example_skip_dag to 2025-11-11 00:00:00+00:00, run_after=2025-11-12 00:00:00+00:00
[2025-11-12T19:28:08.530+0000] {processor.py:183} INFO - Processing /home/airflow/.local/lib/python3.12/site-packages/airflow/example_dags/example_skip_dag.py took 0.271 seconds
[2025-11-12T19:28:39.048+0000] {processor.py:161} INFO - Started process (PID=1469) to work on /home/airflow/.local/lib/python3.12/site-packages/airflow/example_dags/example_skip_dag.py
[2025-11-12T19:28:39.050+0000] {processor.py:830} INFO - Processing file /home/airflow/.local/lib/python3.12/site-packages/airflow/example_dags/example_skip_dag.py for tasks to queue
[2025-11-12T19:28:39.051+0000] {logging_mixin.py:188} INFO - [2025-11-12T19:28:39.051+0000] {dagbag.py:545} INFO - Filling up the DagBag from /home/airflow/.local/lib/python3.12/site-packages/airflow/example_dags/example_skip_dag.py
[2025-11-12T19:28:39.057+0000] {processor.py:840} INFO - DAG(s) 'example_skip_dag' retrieved from /home/airflow/.local/lib/python3.12/site-packages/airflow/example_dags/example_skip_dag.py
[2025-11-12T19:28:39.080+0000] {logging_mixin.py:188} INFO - [2025-11-12T19:28:39.079+0000] {dag.py:3096} INFO - Sync 1 DAGs
[2025-11-12T19:28:39.097+0000] {logging_mixin.py:188} INFO - [2025-11-12T19:28:39.096+0000] {dag.py:3954} INFO - Setting next_dagrun for example_skip_dag to 2025-11-11 00:00:00+00:00, run_after=2025-11-12 00:00:00+00:00
[2025-11-12T19:28:39.118+0000] {processor.py:183} INFO - Processing /home/airflow/.local/lib/python3.12/site-packages/airflow/example_dags/example_skip_dag.py took 0.075 seconds
[2025-11-12T19:29:09.334+0000] {processor.py:161} INFO - Started process (PID=1529) to work on /home/airflow/.local/lib/python3.12/site-packages/airflow/example_dags/example_skip_dag.py
[2025-11-12T19:29:09.335+0000] {processor.py:830} INFO - Processing file /home/airflow/.local/lib/python3.12/site-packages/airflow/example_dags/example_skip_dag.py for tasks to queue
[2025-11-12T19:29:09.337+0000] {logging_mixin.py:188} INFO - [2025-11-12T19:29:09.336+0000] {dagbag.py:545} INFO - Filling up the DagBag from /home/airflow/.local/lib/python3.12/site-packages/airflow/example_dags/example_skip_dag.py
[2025-11-12T19:29:09.342+0000] {processor.py:840} INFO - DAG(s) 'example_skip_dag' retrieved from /home/airflow/.local/lib/python3.12/site-packages/airflow/example_dags/example_skip_dag.py
[2025-11-12T19:29:09.362+0000] {logging_mixin.py:188} INFO - [2025-11-12T19:29:09.362+0000] {dag.py:3096} INFO - Sync 1 DAGs
[2025-11-12T19:29:09.380+0000] {logging_mixin.py:188} INFO - [2025-11-12T19:29:09.380+0000] {dag.py:3954} INFO - Setting next_dagrun for example_skip_dag to 2025-11-11 00:00:00+00:00, run_after=2025-11-12 00:00:00+00:00
[2025-11-12T19:29:09.416+0000] {processor.py:183} INFO - Processing /home/airflow/.local/lib/python3.12/site-packages/airflow/example_dags/example_skip_dag.py took 0.088 seconds
[2025-11-12T19:29:41.005+0000] {processor.py:161} INFO - Started process (PID=1589) to work on /home/airflow/.local/lib/python3.12/site-packages/airflow/example_dags/example_skip_dag.py
[2025-11-12T19:29:41.006+0000] {processor.py:830} INFO - Processing file /home/airflow/.local/lib/python3.12/site-packages/airflow/example_dags/example_skip_dag.py for tasks to queue
[2025-11-12T19:29:41.008+0000] {logging_mixin.py:188} INFO - [2025-11-12T19:29:41.008+0000] {dagbag.py:545} INFO - Filling up the DagBag from /home/airflow/.local/lib/python3.12/site-packages/airflow/example_dags/example_skip_dag.py
[2025-11-12T19:29:41.014+0000] {processor.py:840} INFO - DAG(s) 'example_skip_dag' retrieved from /home/airflow/.local/lib/python3.12/site-packages/airflow/example_dags/example_skip_dag.py
[2025-11-12T19:29:41.037+0000] {logging_mixin.py:188} INFO - [2025-11-12T19:29:41.036+0000] {dag.py:3096} INFO - Sync 1 DAGs
[2025-11-12T19:29:41.270+0000] {logging_mixin.py:188} INFO - [2025-11-12T19:29:41.269+0000] {dag.py:3954} INFO - Setting next_dagrun for example_skip_dag to 2025-11-11 00:00:00+00:00, run_after=2025-11-12 00:00:00+00:00
[2025-11-12T19:29:41.291+0000] {processor.py:183} INFO - Processing /home/airflow/.local/lib/python3.12/site-packages/airflow/example_dags/example_skip_dag.py took 0.291 seconds
[2025-11-12T19:30:11.626+0000] {processor.py:161} INFO - Started process (PID=1649) to work on /home/airflow/.local/lib/python3.12/site-packages/airflow/example_dags/example_skip_dag.py
[2025-11-12T19:30:11.628+0000] {processor.py:830} INFO - Processing file /home/airflow/.local/lib/python3.12/site-packages/airflow/example_dags/example_skip_dag.py for tasks to queue
[2025-11-12T19:30:11.630+0000] {logging_mixin.py:188} INFO - [2025-11-12T19:30:11.630+0000] {dagbag.py:545} INFO - Filling up the DagBag from /home/airflow/.local/lib/python3.12/site-packages/airflow/example_dags/example_skip_dag.py
[2025-11-12T19:30:11.637+0000] {processor.py:840} INFO - DAG(s) 'example_skip_dag' retrieved from /home/airflow/.local/lib/python3.12/site-packages/airflow/example_dags/example_skip_dag.py
[2025-11-12T19:30:11.661+0000] {logging_mixin.py:188} INFO - [2025-11-12T19:30:11.660+0000] {dag.py:3096} INFO - Sync 1 DAGs
[2025-11-12T19:30:11.680+0000] {logging_mixin.py:188} INFO - [2025-11-12T19:30:11.680+0000] {dag.py:3954} INFO - Setting next_dagrun for example_skip_dag to 2025-11-11 00:00:00+00:00, run_after=2025-11-12 00:00:00+00:00
[2025-11-12T19:30:11.702+0000] {processor.py:183} INFO - Processing /home/airflow/.local/lib/python3.12/site-packages/airflow/example_dags/example_skip_dag.py took 0.083 seconds
[2025-11-12T19:30:41.894+0000] {processor.py:161} INFO - Started process (PID=1709) to work on /home/airflow/.local/lib/python3.12/site-packages/airflow/example_dags/example_skip_dag.py
[2025-11-12T19:30:41.895+0000] {processor.py:830} INFO - Processing file /home/airflow/.local/lib/python3.12/site-packages/airflow/example_dags/example_skip_dag.py for tasks to queue
[2025-11-12T19:30:41.897+0000] {logging_mixin.py:188} INFO - [2025-11-12T19:30:41.897+0000] {dagbag.py:545} INFO - Filling up the DagBag from /home/airflow/.local/lib/python3.12/site-packages/airflow/example_dags/example_skip_dag.py
[2025-11-12T19:30:41.903+0000] {processor.py:840} INFO - DAG(s) 'example_skip_dag' retrieved from /home/airflow/.local/lib/python3.12/site-packages/airflow/example_dags/example_skip_dag.py
[2025-11-12T19:30:41.929+0000] {logging_mixin.py:188} INFO - [2025-11-12T19:30:41.928+0000] {dag.py:3096} INFO - Sync 1 DAGs
[2025-11-12T19:30:41.948+0000] {logging_mixin.py:188} INFO - [2025-11-12T19:30:41.948+0000] {dag.py:3954} INFO - Setting next_dagrun for example_skip_dag to 2025-11-11 00:00:00+00:00, run_after=2025-11-12 00:00:00+00:00
[2025-11-12T19:30:41.977+0000] {processor.py:183} INFO - Processing /home/airflow/.local/lib/python3.12/site-packages/airflow/example_dags/example_skip_dag.py took 0.088 seconds
[2025-11-12T19:31:12.355+0000] {processor.py:161} INFO - Started process (PID=1769) to work on /home/airflow/.local/lib/python3.12/site-packages/airflow/example_dags/example_skip_dag.py
[2025-11-12T19:31:12.356+0000] {processor.py:830} INFO - Processing file /home/airflow/.local/lib/python3.12/site-packages/airflow/example_dags/example_skip_dag.py for tasks to queue
[2025-11-12T19:31:12.358+0000] {logging_mixin.py:188} INFO - [2025-11-12T19:31:12.357+0000] {dagbag.py:545} INFO - Filling up the DagBag from /home/airflow/.local/lib/python3.12/site-packages/airflow/example_dags/example_skip_dag.py
[2025-11-12T19:31:12.363+0000] {processor.py:840} INFO - DAG(s) 'example_skip_dag' retrieved from /home/airflow/.local/lib/python3.12/site-packages/airflow/example_dags/example_skip_dag.py
[2025-11-12T19:31:12.392+0000] {logging_mixin.py:188} INFO - [2025-11-12T19:31:12.391+0000] {dag.py:3096} INFO - Sync 1 DAGs
[2025-11-12T19:31:12.418+0000] {logging_mixin.py:188} INFO - [2025-11-12T19:31:12.418+0000] {dag.py:3954} INFO - Setting next_dagrun for example_skip_dag to 2025-11-11 00:00:00+00:00, run_after=2025-11-12 00:00:00+00:00
[2025-11-12T19:31:12.442+0000] {processor.py:183} INFO - Processing /home/airflow/.local/lib/python3.12/site-packages/airflow/example_dags/example_skip_dag.py took 0.091 seconds
[2025-11-12T19:31:43.102+0000] {processor.py:161} INFO - Started process (PID=1832) to work on /home/airflow/.local/lib/python3.12/site-packages/airflow/example_dags/example_skip_dag.py
[2025-11-12T19:31:43.103+0000] {processor.py:830} INFO - Processing file /home/airflow/.local/lib/python3.12/site-packages/airflow/example_dags/example_skip_dag.py for tasks to queue
[2025-11-12T19:31:43.105+0000] {logging_mixin.py:188} INFO - [2025-11-12T19:31:43.105+0000] {dagbag.py:545} INFO - Filling up the DagBag from /home/airflow/.local/lib/python3.12/site-packages/airflow/example_dags/example_skip_dag.py
[2025-11-12T19:31:43.110+0000] {processor.py:840} INFO - DAG(s) 'example_skip_dag' retrieved from /home/airflow/.local/lib/python3.12/site-packages/airflow/example_dags/example_skip_dag.py
[2025-11-12T19:31:43.133+0000] {logging_mixin.py:188} INFO - [2025-11-12T19:31:43.132+0000] {dag.py:3096} INFO - Sync 1 DAGs
[2025-11-12T19:31:43.154+0000] {logging_mixin.py:188} INFO - [2025-11-12T19:31:43.154+0000] {dag.py:3954} INFO - Setting next_dagrun for example_skip_dag to 2025-11-11 00:00:00+00:00, run_after=2025-11-12 00:00:00+00:00
[2025-11-12T19:31:43.175+0000] {processor.py:183} INFO - Processing /home/airflow/.local/lib/python3.12/site-packages/airflow/example_dags/example_skip_dag.py took 0.077 seconds
