[2025-11-12T19:06:09.841+0000] {processor.py:161} INFO - Started process (PID=80) to work on /home/airflow/.local/lib/python3.12/site-packages/airflow/example_dags/example_short_circuit_decorator.py
[2025-11-12T19:06:09.842+0000] {processor.py:830} INFO - Processing file /home/airflow/.local/lib/python3.12/site-packages/airflow/example_dags/example_short_circuit_decorator.py for tasks to queue
[2025-11-12T19:06:09.845+0000] {logging_mixin.py:188} INFO - [2025-11-12T19:06:09.844+0000] {dagbag.py:545} INFO - Filling up the DagBag from /home/airflow/.local/lib/python3.12/site-packages/airflow/example_dags/example_short_circuit_decorator.py
[2025-11-12T19:06:09.859+0000] {processor.py:840} INFO - DAG(s) 'example_short_circuit_decorator' retrieved from /home/airflow/.local/lib/python3.12/site-packages/airflow/example_dags/example_short_circuit_decorator.py
[2025-11-12T19:06:09.960+0000] {logging_mixin.py:188} INFO - [2025-11-12T19:06:09.959+0000] {dag.py:3096} INFO - Sync 1 DAGs
[2025-11-12T19:06:09.984+0000] {logging_mixin.py:188} INFO - [2025-11-12T19:06:09.983+0000] {dag.py:3954} INFO - Setting next_dagrun for example_short_circuit_decorator to 2025-11-11 00:00:00+00:00, run_after=2025-11-12 00:00:00+00:00
[2025-11-12T19:06:10.015+0000] {processor.py:183} INFO - Processing /home/airflow/.local/lib/python3.12/site-packages/airflow/example_dags/example_short_circuit_decorator.py took 0.180 seconds
[2025-11-12T19:06:40.238+0000] {processor.py:161} INFO - Started process (PID=140) to work on /home/airflow/.local/lib/python3.12/site-packages/airflow/example_dags/example_short_circuit_decorator.py
[2025-11-12T19:06:40.239+0000] {processor.py:830} INFO - Processing file /home/airflow/.local/lib/python3.12/site-packages/airflow/example_dags/example_short_circuit_decorator.py for tasks to queue
[2025-11-12T19:06:40.241+0000] {logging_mixin.py:188} INFO - [2025-11-12T19:06:40.240+0000] {dagbag.py:545} INFO - Filling up the DagBag from /home/airflow/.local/lib/python3.12/site-packages/airflow/example_dags/example_short_circuit_decorator.py
[2025-11-12T19:06:40.247+0000] {processor.py:840} INFO - DAG(s) 'example_short_circuit_decorator' retrieved from /home/airflow/.local/lib/python3.12/site-packages/airflow/example_dags/example_short_circuit_decorator.py
[2025-11-12T19:06:40.268+0000] {logging_mixin.py:188} INFO - [2025-11-12T19:06:40.268+0000] {dag.py:3096} INFO - Sync 1 DAGs
[2025-11-12T19:06:40.285+0000] {logging_mixin.py:188} INFO - [2025-11-12T19:06:40.285+0000] {dag.py:3954} INFO - Setting next_dagrun for example_short_circuit_decorator to 2025-11-11 00:00:00+00:00, run_after=2025-11-12 00:00:00+00:00
[2025-11-12T19:06:40.318+0000] {processor.py:183} INFO - Processing /home/airflow/.local/lib/python3.12/site-packages/airflow/example_dags/example_short_circuit_decorator.py took 0.085 seconds
[2025-11-12T19:07:10.830+0000] {processor.py:161} INFO - Started process (PID=200) to work on /home/airflow/.local/lib/python3.12/site-packages/airflow/example_dags/example_short_circuit_decorator.py
[2025-11-12T19:07:10.831+0000] {processor.py:830} INFO - Processing file /home/airflow/.local/lib/python3.12/site-packages/airflow/example_dags/example_short_circuit_decorator.py for tasks to queue
[2025-11-12T19:07:10.833+0000] {logging_mixin.py:188} INFO - [2025-11-12T19:07:10.833+0000] {dagbag.py:545} INFO - Filling up the DagBag from /home/airflow/.local/lib/python3.12/site-packages/airflow/example_dags/example_short_circuit_decorator.py
[2025-11-12T19:07:10.841+0000] {processor.py:840} INFO - DAG(s) 'example_short_circuit_decorator' retrieved from /home/airflow/.local/lib/python3.12/site-packages/airflow/example_dags/example_short_circuit_decorator.py
[2025-11-12T19:07:10.866+0000] {logging_mixin.py:188} INFO - [2025-11-12T19:07:10.865+0000] {dag.py:3096} INFO - Sync 1 DAGs
[2025-11-12T19:07:10.884+0000] {logging_mixin.py:188} INFO - [2025-11-12T19:07:10.884+0000] {dag.py:3954} INFO - Setting next_dagrun for example_short_circuit_decorator to 2025-11-11 00:00:00+00:00, run_after=2025-11-12 00:00:00+00:00
[2025-11-12T19:07:10.905+0000] {processor.py:183} INFO - Processing /home/airflow/.local/lib/python3.12/site-packages/airflow/example_dags/example_short_circuit_decorator.py took 0.079 seconds
[2025-11-12T19:07:41.801+0000] {processor.py:161} INFO - Started process (PID=260) to work on /home/airflow/.local/lib/python3.12/site-packages/airflow/example_dags/example_short_circuit_decorator.py
[2025-11-12T19:07:41.803+0000] {processor.py:830} INFO - Processing file /home/airflow/.local/lib/python3.12/site-packages/airflow/example_dags/example_short_circuit_decorator.py for tasks to queue
[2025-11-12T19:07:41.804+0000] {logging_mixin.py:188} INFO - [2025-11-12T19:07:41.804+0000] {dagbag.py:545} INFO - Filling up the DagBag from /home/airflow/.local/lib/python3.12/site-packages/airflow/example_dags/example_short_circuit_decorator.py
[2025-11-12T19:07:41.811+0000] {processor.py:840} INFO - DAG(s) 'example_short_circuit_decorator' retrieved from /home/airflow/.local/lib/python3.12/site-packages/airflow/example_dags/example_short_circuit_decorator.py
[2025-11-12T19:07:41.831+0000] {logging_mixin.py:188} INFO - [2025-11-12T19:07:41.831+0000] {dag.py:3096} INFO - Sync 1 DAGs
[2025-11-12T19:07:41.849+0000] {logging_mixin.py:188} INFO - [2025-11-12T19:07:41.848+0000] {dag.py:3954} INFO - Setting next_dagrun for example_short_circuit_decorator to 2025-11-11 00:00:00+00:00, run_after=2025-11-12 00:00:00+00:00
[2025-11-12T19:07:41.870+0000] {processor.py:183} INFO - Processing /home/airflow/.local/lib/python3.12/site-packages/airflow/example_dags/example_short_circuit_decorator.py took 0.073 seconds
[2025-11-12T19:08:12.369+0000] {processor.py:161} INFO - Started process (PID=320) to work on /home/airflow/.local/lib/python3.12/site-packages/airflow/example_dags/example_short_circuit_decorator.py
[2025-11-12T19:08:12.371+0000] {processor.py:830} INFO - Processing file /home/airflow/.local/lib/python3.12/site-packages/airflow/example_dags/example_short_circuit_decorator.py for tasks to queue
[2025-11-12T19:08:12.372+0000] {logging_mixin.py:188} INFO - [2025-11-12T19:08:12.372+0000] {dagbag.py:545} INFO - Filling up the DagBag from /home/airflow/.local/lib/python3.12/site-packages/airflow/example_dags/example_short_circuit_decorator.py
[2025-11-12T19:08:12.384+0000] {processor.py:840} INFO - DAG(s) 'example_short_circuit_decorator' retrieved from /home/airflow/.local/lib/python3.12/site-packages/airflow/example_dags/example_short_circuit_decorator.py
[2025-11-12T19:08:12.412+0000] {logging_mixin.py:188} INFO - [2025-11-12T19:08:12.412+0000] {dag.py:3096} INFO - Sync 1 DAGs
[2025-11-12T19:08:12.440+0000] {logging_mixin.py:188} INFO - [2025-11-12T19:08:12.439+0000] {dag.py:3954} INFO - Setting next_dagrun for example_short_circuit_decorator to 2025-11-11 00:00:00+00:00, run_after=2025-11-12 00:00:00+00:00
[2025-11-12T19:08:12.470+0000] {processor.py:183} INFO - Processing /home/airflow/.local/lib/python3.12/site-packages/airflow/example_dags/example_short_circuit_decorator.py took 0.107 seconds
[2025-11-12T19:08:43.111+0000] {processor.py:161} INFO - Started process (PID=380) to work on /home/airflow/.local/lib/python3.12/site-packages/airflow/example_dags/example_short_circuit_decorator.py
[2025-11-12T19:08:43.112+0000] {processor.py:830} INFO - Processing file /home/airflow/.local/lib/python3.12/site-packages/airflow/example_dags/example_short_circuit_decorator.py for tasks to queue
[2025-11-12T19:08:43.113+0000] {logging_mixin.py:188} INFO - [2025-11-12T19:08:43.113+0000] {dagbag.py:545} INFO - Filling up the DagBag from /home/airflow/.local/lib/python3.12/site-packages/airflow/example_dags/example_short_circuit_decorator.py
[2025-11-12T19:08:43.123+0000] {processor.py:840} INFO - DAG(s) 'example_short_circuit_decorator' retrieved from /home/airflow/.local/lib/python3.12/site-packages/airflow/example_dags/example_short_circuit_decorator.py
[2025-11-12T19:08:43.148+0000] {logging_mixin.py:188} INFO - [2025-11-12T19:08:43.147+0000] {dag.py:3096} INFO - Sync 1 DAGs
[2025-11-12T19:08:43.165+0000] {logging_mixin.py:188} INFO - [2025-11-12T19:08:43.165+0000] {dag.py:3954} INFO - Setting next_dagrun for example_short_circuit_decorator to 2025-11-11 00:00:00+00:00, run_after=2025-11-12 00:00:00+00:00
[2025-11-12T19:08:43.187+0000] {processor.py:183} INFO - Processing /home/airflow/.local/lib/python3.12/site-packages/airflow/example_dags/example_short_circuit_decorator.py took 0.080 seconds
[2025-11-12T19:09:13.626+0000] {processor.py:161} INFO - Started process (PID=442) to work on /home/airflow/.local/lib/python3.12/site-packages/airflow/example_dags/example_short_circuit_decorator.py
[2025-11-12T19:09:13.628+0000] {processor.py:830} INFO - Processing file /home/airflow/.local/lib/python3.12/site-packages/airflow/example_dags/example_short_circuit_decorator.py for tasks to queue
[2025-11-12T19:09:13.629+0000] {logging_mixin.py:188} INFO - [2025-11-12T19:09:13.629+0000] {dagbag.py:545} INFO - Filling up the DagBag from /home/airflow/.local/lib/python3.12/site-packages/airflow/example_dags/example_short_circuit_decorator.py
[2025-11-12T19:09:13.636+0000] {processor.py:840} INFO - DAG(s) 'example_short_circuit_decorator' retrieved from /home/airflow/.local/lib/python3.12/site-packages/airflow/example_dags/example_short_circuit_decorator.py
[2025-11-12T19:09:13.657+0000] {logging_mixin.py:188} INFO - [2025-11-12T19:09:13.657+0000] {dag.py:3096} INFO - Sync 1 DAGs
[2025-11-12T19:09:13.674+0000] {logging_mixin.py:188} INFO - [2025-11-12T19:09:13.674+0000] {dag.py:3954} INFO - Setting next_dagrun for example_short_circuit_decorator to 2025-11-11 00:00:00+00:00, run_after=2025-11-12 00:00:00+00:00
[2025-11-12T19:09:13.702+0000] {processor.py:183} INFO - Processing /home/airflow/.local/lib/python3.12/site-packages/airflow/example_dags/example_short_circuit_decorator.py took 0.081 seconds
[2025-11-12T19:09:44.013+0000] {processor.py:161} INFO - Started process (PID=503) to work on /home/airflow/.local/lib/python3.12/site-packages/airflow/example_dags/example_short_circuit_decorator.py
[2025-11-12T19:09:44.014+0000] {processor.py:830} INFO - Processing file /home/airflow/.local/lib/python3.12/site-packages/airflow/example_dags/example_short_circuit_decorator.py for tasks to queue
[2025-11-12T19:09:44.015+0000] {logging_mixin.py:188} INFO - [2025-11-12T19:09:44.015+0000] {dagbag.py:545} INFO - Filling up the DagBag from /home/airflow/.local/lib/python3.12/site-packages/airflow/example_dags/example_short_circuit_decorator.py
[2025-11-12T19:09:44.024+0000] {processor.py:840} INFO - DAG(s) 'example_short_circuit_decorator' retrieved from /home/airflow/.local/lib/python3.12/site-packages/airflow/example_dags/example_short_circuit_decorator.py
[2025-11-12T19:09:44.051+0000] {logging_mixin.py:188} INFO - [2025-11-12T19:09:44.051+0000] {dag.py:3096} INFO - Sync 1 DAGs
[2025-11-12T19:09:44.072+0000] {logging_mixin.py:188} INFO - [2025-11-12T19:09:44.072+0000] {dag.py:3954} INFO - Setting next_dagrun for example_short_circuit_decorator to 2025-11-11 00:00:00+00:00, run_after=2025-11-12 00:00:00+00:00
[2025-11-12T19:09:44.100+0000] {processor.py:183} INFO - Processing /home/airflow/.local/lib/python3.12/site-packages/airflow/example_dags/example_short_circuit_decorator.py took 0.092 seconds
[2025-11-12T19:10:14.830+0000] {processor.py:161} INFO - Started process (PID=563) to work on /home/airflow/.local/lib/python3.12/site-packages/airflow/example_dags/example_short_circuit_decorator.py
[2025-11-12T19:10:14.832+0000] {processor.py:830} INFO - Processing file /home/airflow/.local/lib/python3.12/site-packages/airflow/example_dags/example_short_circuit_decorator.py for tasks to queue
[2025-11-12T19:10:14.833+0000] {logging_mixin.py:188} INFO - [2025-11-12T19:10:14.832+0000] {dagbag.py:545} INFO - Filling up the DagBag from /home/airflow/.local/lib/python3.12/site-packages/airflow/example_dags/example_short_circuit_decorator.py
[2025-11-12T19:10:14.842+0000] {processor.py:840} INFO - DAG(s) 'example_short_circuit_decorator' retrieved from /home/airflow/.local/lib/python3.12/site-packages/airflow/example_dags/example_short_circuit_decorator.py
[2025-11-12T19:10:14.864+0000] {logging_mixin.py:188} INFO - [2025-11-12T19:10:14.863+0000] {dag.py:3096} INFO - Sync 1 DAGs
[2025-11-12T19:10:14.885+0000] {logging_mixin.py:188} INFO - [2025-11-12T19:10:14.884+0000] {dag.py:3954} INFO - Setting next_dagrun for example_short_circuit_decorator to 2025-11-11 00:00:00+00:00, run_after=2025-11-12 00:00:00+00:00
[2025-11-12T19:10:14.905+0000] {processor.py:183} INFO - Processing /home/airflow/.local/lib/python3.12/site-packages/airflow/example_dags/example_short_circuit_decorator.py took 0.081 seconds
[2025-11-12T19:10:45.159+0000] {processor.py:161} INFO - Started process (PID=624) to work on /home/airflow/.local/lib/python3.12/site-packages/airflow/example_dags/example_short_circuit_decorator.py
[2025-11-12T19:10:45.160+0000] {processor.py:830} INFO - Processing file /home/airflow/.local/lib/python3.12/site-packages/airflow/example_dags/example_short_circuit_decorator.py for tasks to queue
[2025-11-12T19:10:45.161+0000] {logging_mixin.py:188} INFO - [2025-11-12T19:10:45.161+0000] {dagbag.py:545} INFO - Filling up the DagBag from /home/airflow/.local/lib/python3.12/site-packages/airflow/example_dags/example_short_circuit_decorator.py
[2025-11-12T19:10:45.170+0000] {processor.py:840} INFO - DAG(s) 'example_short_circuit_decorator' retrieved from /home/airflow/.local/lib/python3.12/site-packages/airflow/example_dags/example_short_circuit_decorator.py
[2025-11-12T19:10:45.201+0000] {logging_mixin.py:188} INFO - [2025-11-12T19:10:45.201+0000] {dag.py:3096} INFO - Sync 1 DAGs
[2025-11-12T19:10:45.221+0000] {logging_mixin.py:188} INFO - [2025-11-12T19:10:45.221+0000] {dag.py:3954} INFO - Setting next_dagrun for example_short_circuit_decorator to 2025-11-11 00:00:00+00:00, run_after=2025-11-12 00:00:00+00:00
[2025-11-12T19:10:45.242+0000] {processor.py:183} INFO - Processing /home/airflow/.local/lib/python3.12/site-packages/airflow/example_dags/example_short_circuit_decorator.py took 0.088 seconds
[2025-11-12T19:11:15.394+0000] {processor.py:161} INFO - Started process (PID=684) to work on /home/airflow/.local/lib/python3.12/site-packages/airflow/example_dags/example_short_circuit_decorator.py
[2025-11-12T19:11:15.395+0000] {processor.py:830} INFO - Processing file /home/airflow/.local/lib/python3.12/site-packages/airflow/example_dags/example_short_circuit_decorator.py for tasks to queue
[2025-11-12T19:11:15.396+0000] {logging_mixin.py:188} INFO - [2025-11-12T19:11:15.396+0000] {dagbag.py:545} INFO - Filling up the DagBag from /home/airflow/.local/lib/python3.12/site-packages/airflow/example_dags/example_short_circuit_decorator.py
[2025-11-12T19:11:15.405+0000] {processor.py:840} INFO - DAG(s) 'example_short_circuit_decorator' retrieved from /home/airflow/.local/lib/python3.12/site-packages/airflow/example_dags/example_short_circuit_decorator.py
[2025-11-12T19:11:15.428+0000] {logging_mixin.py:188} INFO - [2025-11-12T19:11:15.427+0000] {dag.py:3096} INFO - Sync 1 DAGs
[2025-11-12T19:11:15.451+0000] {logging_mixin.py:188} INFO - [2025-11-12T19:11:15.450+0000] {dag.py:3954} INFO - Setting next_dagrun for example_short_circuit_decorator to 2025-11-11 00:00:00+00:00, run_after=2025-11-12 00:00:00+00:00
[2025-11-12T19:11:15.474+0000] {processor.py:183} INFO - Processing /home/airflow/.local/lib/python3.12/site-packages/airflow/example_dags/example_short_circuit_decorator.py took 0.084 seconds
[2025-11-12T19:11:45.702+0000] {processor.py:161} INFO - Started process (PID=744) to work on /home/airflow/.local/lib/python3.12/site-packages/airflow/example_dags/example_short_circuit_decorator.py
[2025-11-12T19:11:45.703+0000] {processor.py:830} INFO - Processing file /home/airflow/.local/lib/python3.12/site-packages/airflow/example_dags/example_short_circuit_decorator.py for tasks to queue
[2025-11-12T19:11:45.704+0000] {logging_mixin.py:188} INFO - [2025-11-12T19:11:45.704+0000] {dagbag.py:545} INFO - Filling up the DagBag from /home/airflow/.local/lib/python3.12/site-packages/airflow/example_dags/example_short_circuit_decorator.py
[2025-11-12T19:11:45.712+0000] {processor.py:840} INFO - DAG(s) 'example_short_circuit_decorator' retrieved from /home/airflow/.local/lib/python3.12/site-packages/airflow/example_dags/example_short_circuit_decorator.py
[2025-11-12T19:11:45.739+0000] {logging_mixin.py:188} INFO - [2025-11-12T19:11:45.738+0000] {dag.py:3096} INFO - Sync 1 DAGs
[2025-11-12T19:11:45.765+0000] {logging_mixin.py:188} INFO - [2025-11-12T19:11:45.765+0000] {dag.py:3954} INFO - Setting next_dagrun for example_short_circuit_decorator to 2025-11-11 00:00:00+00:00, run_after=2025-11-12 00:00:00+00:00
[2025-11-12T19:11:45.786+0000] {processor.py:183} INFO - Processing /home/airflow/.local/lib/python3.12/site-packages/airflow/example_dags/example_short_circuit_decorator.py took 0.088 seconds
[2025-11-12T19:12:15.927+0000] {processor.py:161} INFO - Started process (PID=804) to work on /home/airflow/.local/lib/python3.12/site-packages/airflow/example_dags/example_short_circuit_decorator.py
[2025-11-12T19:12:15.929+0000] {processor.py:830} INFO - Processing file /home/airflow/.local/lib/python3.12/site-packages/airflow/example_dags/example_short_circuit_decorator.py for tasks to queue
[2025-11-12T19:12:15.930+0000] {logging_mixin.py:188} INFO - [2025-11-12T19:12:15.929+0000] {dagbag.py:545} INFO - Filling up the DagBag from /home/airflow/.local/lib/python3.12/site-packages/airflow/example_dags/example_short_circuit_decorator.py
[2025-11-12T19:12:15.938+0000] {processor.py:840} INFO - DAG(s) 'example_short_circuit_decorator' retrieved from /home/airflow/.local/lib/python3.12/site-packages/airflow/example_dags/example_short_circuit_decorator.py
[2025-11-12T19:12:15.959+0000] {logging_mixin.py:188} INFO - [2025-11-12T19:12:15.959+0000] {dag.py:3096} INFO - Sync 1 DAGs
[2025-11-12T19:12:15.978+0000] {logging_mixin.py:188} INFO - [2025-11-12T19:12:15.978+0000] {dag.py:3954} INFO - Setting next_dagrun for example_short_circuit_decorator to 2025-11-11 00:00:00+00:00, run_after=2025-11-12 00:00:00+00:00
[2025-11-12T19:12:15.998+0000] {processor.py:183} INFO - Processing /home/airflow/.local/lib/python3.12/site-packages/airflow/example_dags/example_short_circuit_decorator.py took 0.076 seconds
[2025-11-12T19:12:46.357+0000] {processor.py:161} INFO - Started process (PID=864) to work on /home/airflow/.local/lib/python3.12/site-packages/airflow/example_dags/example_short_circuit_decorator.py
[2025-11-12T19:12:46.358+0000] {processor.py:830} INFO - Processing file /home/airflow/.local/lib/python3.12/site-packages/airflow/example_dags/example_short_circuit_decorator.py for tasks to queue
[2025-11-12T19:12:46.360+0000] {logging_mixin.py:188} INFO - [2025-11-12T19:12:46.359+0000] {dagbag.py:545} INFO - Filling up the DagBag from /home/airflow/.local/lib/python3.12/site-packages/airflow/example_dags/example_short_circuit_decorator.py
[2025-11-12T19:12:46.373+0000] {processor.py:840} INFO - DAG(s) 'example_short_circuit_decorator' retrieved from /home/airflow/.local/lib/python3.12/site-packages/airflow/example_dags/example_short_circuit_decorator.py
[2025-11-12T19:12:46.399+0000] {logging_mixin.py:188} INFO - [2025-11-12T19:12:46.399+0000] {dag.py:3096} INFO - Sync 1 DAGs
[2025-11-12T19:12:46.423+0000] {logging_mixin.py:188} INFO - [2025-11-12T19:12:46.422+0000] {dag.py:3954} INFO - Setting next_dagrun for example_short_circuit_decorator to 2025-11-11 00:00:00+00:00, run_after=2025-11-12 00:00:00+00:00
[2025-11-12T19:12:46.445+0000] {processor.py:183} INFO - Processing /home/airflow/.local/lib/python3.12/site-packages/airflow/example_dags/example_short_circuit_decorator.py took 0.096 seconds
[2025-11-12T19:13:16.822+0000] {processor.py:161} INFO - Started process (PID=924) to work on /home/airflow/.local/lib/python3.12/site-packages/airflow/example_dags/example_short_circuit_decorator.py
[2025-11-12T19:13:16.823+0000] {processor.py:830} INFO - Processing file /home/airflow/.local/lib/python3.12/site-packages/airflow/example_dags/example_short_circuit_decorator.py for tasks to queue
[2025-11-12T19:13:16.825+0000] {logging_mixin.py:188} INFO - [2025-11-12T19:13:16.824+0000] {dagbag.py:545} INFO - Filling up the DagBag from /home/airflow/.local/lib/python3.12/site-packages/airflow/example_dags/example_short_circuit_decorator.py
[2025-11-12T19:13:16.834+0000] {processor.py:840} INFO - DAG(s) 'example_short_circuit_decorator' retrieved from /home/airflow/.local/lib/python3.12/site-packages/airflow/example_dags/example_short_circuit_decorator.py
[2025-11-12T19:13:16.867+0000] {logging_mixin.py:188} INFO - [2025-11-12T19:13:16.867+0000] {dag.py:3096} INFO - Sync 1 DAGs
[2025-11-12T19:13:16.893+0000] {logging_mixin.py:188} INFO - [2025-11-12T19:13:16.893+0000] {dag.py:3954} INFO - Setting next_dagrun for example_short_circuit_decorator to 2025-11-11 00:00:00+00:00, run_after=2025-11-12 00:00:00+00:00
[2025-11-12T19:13:16.915+0000] {processor.py:183} INFO - Processing /home/airflow/.local/lib/python3.12/site-packages/airflow/example_dags/example_short_circuit_decorator.py took 0.099 seconds
[2025-11-12T19:13:47.063+0000] {processor.py:161} INFO - Started process (PID=985) to work on /home/airflow/.local/lib/python3.12/site-packages/airflow/example_dags/example_short_circuit_decorator.py
[2025-11-12T19:13:47.065+0000] {processor.py:830} INFO - Processing file /home/airflow/.local/lib/python3.12/site-packages/airflow/example_dags/example_short_circuit_decorator.py for tasks to queue
[2025-11-12T19:13:47.067+0000] {logging_mixin.py:188} INFO - [2025-11-12T19:13:47.066+0000] {dagbag.py:545} INFO - Filling up the DagBag from /home/airflow/.local/lib/python3.12/site-packages/airflow/example_dags/example_short_circuit_decorator.py
[2025-11-12T19:13:47.079+0000] {processor.py:840} INFO - DAG(s) 'example_short_circuit_decorator' retrieved from /home/airflow/.local/lib/python3.12/site-packages/airflow/example_dags/example_short_circuit_decorator.py
[2025-11-12T19:13:47.121+0000] {logging_mixin.py:188} INFO - [2025-11-12T19:13:47.120+0000] {dag.py:3096} INFO - Sync 1 DAGs
[2025-11-12T19:13:47.152+0000] {logging_mixin.py:188} INFO - [2025-11-12T19:13:47.151+0000] {dag.py:3954} INFO - Setting next_dagrun for example_short_circuit_decorator to 2025-11-11 00:00:00+00:00, run_after=2025-11-12 00:00:00+00:00
[2025-11-12T19:13:47.190+0000] {processor.py:183} INFO - Processing /home/airflow/.local/lib/python3.12/site-packages/airflow/example_dags/example_short_circuit_decorator.py took 0.137 seconds
[2025-11-12T19:14:17.592+0000] {processor.py:161} INFO - Started process (PID=1045) to work on /home/airflow/.local/lib/python3.12/site-packages/airflow/example_dags/example_short_circuit_decorator.py
[2025-11-12T19:14:17.594+0000] {processor.py:830} INFO - Processing file /home/airflow/.local/lib/python3.12/site-packages/airflow/example_dags/example_short_circuit_decorator.py for tasks to queue
[2025-11-12T19:14:17.595+0000] {logging_mixin.py:188} INFO - [2025-11-12T19:14:17.595+0000] {dagbag.py:545} INFO - Filling up the DagBag from /home/airflow/.local/lib/python3.12/site-packages/airflow/example_dags/example_short_circuit_decorator.py
[2025-11-12T19:14:17.604+0000] {processor.py:840} INFO - DAG(s) 'example_short_circuit_decorator' retrieved from /home/airflow/.local/lib/python3.12/site-packages/airflow/example_dags/example_short_circuit_decorator.py
[2025-11-12T19:14:17.627+0000] {logging_mixin.py:188} INFO - [2025-11-12T19:14:17.627+0000] {dag.py:3096} INFO - Sync 1 DAGs
[2025-11-12T19:14:17.657+0000] {logging_mixin.py:188} INFO - [2025-11-12T19:14:17.656+0000] {dag.py:3954} INFO - Setting next_dagrun for example_short_circuit_decorator to 2025-11-11 00:00:00+00:00, run_after=2025-11-12 00:00:00+00:00
[2025-11-12T19:14:17.688+0000] {processor.py:183} INFO - Processing /home/airflow/.local/lib/python3.12/site-packages/airflow/example_dags/example_short_circuit_decorator.py took 0.101 seconds
[2025-11-12T19:14:48.355+0000] {processor.py:161} INFO - Started process (PID=1105) to work on /home/airflow/.local/lib/python3.12/site-packages/airflow/example_dags/example_short_circuit_decorator.py
[2025-11-12T19:14:48.356+0000] {processor.py:830} INFO - Processing file /home/airflow/.local/lib/python3.12/site-packages/airflow/example_dags/example_short_circuit_decorator.py for tasks to queue
[2025-11-12T19:14:48.357+0000] {logging_mixin.py:188} INFO - [2025-11-12T19:14:48.357+0000] {dagbag.py:545} INFO - Filling up the DagBag from /home/airflow/.local/lib/python3.12/site-packages/airflow/example_dags/example_short_circuit_decorator.py
[2025-11-12T19:14:48.367+0000] {processor.py:840} INFO - DAG(s) 'example_short_circuit_decorator' retrieved from /home/airflow/.local/lib/python3.12/site-packages/airflow/example_dags/example_short_circuit_decorator.py
[2025-11-12T19:14:48.389+0000] {logging_mixin.py:188} INFO - [2025-11-12T19:14:48.389+0000] {dag.py:3096} INFO - Sync 1 DAGs
[2025-11-12T19:14:48.409+0000] {logging_mixin.py:188} INFO - [2025-11-12T19:14:48.408+0000] {dag.py:3954} INFO - Setting next_dagrun for example_short_circuit_decorator to 2025-11-11 00:00:00+00:00, run_after=2025-11-12 00:00:00+00:00
[2025-11-12T19:14:48.428+0000] {processor.py:183} INFO - Processing /home/airflow/.local/lib/python3.12/site-packages/airflow/example_dags/example_short_circuit_decorator.py took 0.078 seconds
[2025-11-12T19:15:19.485+0000] {processor.py:161} INFO - Started process (PID=1165) to work on /home/airflow/.local/lib/python3.12/site-packages/airflow/example_dags/example_short_circuit_decorator.py
[2025-11-12T19:15:19.486+0000] {processor.py:830} INFO - Processing file /home/airflow/.local/lib/python3.12/site-packages/airflow/example_dags/example_short_circuit_decorator.py for tasks to queue
[2025-11-12T19:15:19.487+0000] {logging_mixin.py:188} INFO - [2025-11-12T19:15:19.487+0000] {dagbag.py:545} INFO - Filling up the DagBag from /home/airflow/.local/lib/python3.12/site-packages/airflow/example_dags/example_short_circuit_decorator.py
[2025-11-12T19:15:19.496+0000] {processor.py:840} INFO - DAG(s) 'example_short_circuit_decorator' retrieved from /home/airflow/.local/lib/python3.12/site-packages/airflow/example_dags/example_short_circuit_decorator.py
[2025-11-12T19:15:19.518+0000] {logging_mixin.py:188} INFO - [2025-11-12T19:15:19.518+0000] {dag.py:3096} INFO - Sync 1 DAGs
[2025-11-12T19:15:19.538+0000] {logging_mixin.py:188} INFO - [2025-11-12T19:15:19.538+0000] {dag.py:3954} INFO - Setting next_dagrun for example_short_circuit_decorator to 2025-11-11 00:00:00+00:00, run_after=2025-11-12 00:00:00+00:00
[2025-11-12T19:15:19.559+0000] {processor.py:183} INFO - Processing /home/airflow/.local/lib/python3.12/site-packages/airflow/example_dags/example_short_circuit_decorator.py took 0.078 seconds
[2025-11-12T19:15:49.925+0000] {processor.py:161} INFO - Started process (PID=1225) to work on /home/airflow/.local/lib/python3.12/site-packages/airflow/example_dags/example_short_circuit_decorator.py
[2025-11-12T19:15:49.926+0000] {processor.py:830} INFO - Processing file /home/airflow/.local/lib/python3.12/site-packages/airflow/example_dags/example_short_circuit_decorator.py for tasks to queue
[2025-11-12T19:15:49.928+0000] {logging_mixin.py:188} INFO - [2025-11-12T19:15:49.927+0000] {dagbag.py:545} INFO - Filling up the DagBag from /home/airflow/.local/lib/python3.12/site-packages/airflow/example_dags/example_short_circuit_decorator.py
[2025-11-12T19:15:49.940+0000] {processor.py:840} INFO - DAG(s) 'example_short_circuit_decorator' retrieved from /home/airflow/.local/lib/python3.12/site-packages/airflow/example_dags/example_short_circuit_decorator.py
[2025-11-12T19:15:49.960+0000] {logging_mixin.py:188} INFO - [2025-11-12T19:15:49.960+0000] {dag.py:3096} INFO - Sync 1 DAGs
[2025-11-12T19:15:49.977+0000] {logging_mixin.py:188} INFO - [2025-11-12T19:15:49.977+0000] {dag.py:3954} INFO - Setting next_dagrun for example_short_circuit_decorator to 2025-11-11 00:00:00+00:00, run_after=2025-11-12 00:00:00+00:00
[2025-11-12T19:15:49.997+0000] {processor.py:183} INFO - Processing /home/airflow/.local/lib/python3.12/site-packages/airflow/example_dags/example_short_circuit_decorator.py took 0.079 seconds
[2025-11-12T19:16:56.142+0000] {processor.py:161} INFO - Started process (PID=81) to work on /home/airflow/.local/lib/python3.12/site-packages/airflow/example_dags/example_short_circuit_decorator.py
[2025-11-12T19:16:56.144+0000] {processor.py:830} INFO - Processing file /home/airflow/.local/lib/python3.12/site-packages/airflow/example_dags/example_short_circuit_decorator.py for tasks to queue
[2025-11-12T19:16:56.147+0000] {logging_mixin.py:188} INFO - [2025-11-12T19:16:56.146+0000] {dagbag.py:545} INFO - Filling up the DagBag from /home/airflow/.local/lib/python3.12/site-packages/airflow/example_dags/example_short_circuit_decorator.py
[2025-11-12T19:16:56.169+0000] {processor.py:840} INFO - DAG(s) 'example_short_circuit_decorator' retrieved from /home/airflow/.local/lib/python3.12/site-packages/airflow/example_dags/example_short_circuit_decorator.py
[2025-11-12T19:16:56.319+0000] {logging_mixin.py:188} INFO - [2025-11-12T19:16:56.318+0000] {dag.py:3096} INFO - Sync 1 DAGs
[2025-11-12T19:16:56.342+0000] {logging_mixin.py:188} INFO - [2025-11-12T19:16:56.342+0000] {dag.py:3954} INFO - Setting next_dagrun for example_short_circuit_decorator to 2025-11-11 00:00:00+00:00, run_after=2025-11-12 00:00:00+00:00
[2025-11-12T19:16:56.374+0000] {processor.py:183} INFO - Processing /home/airflow/.local/lib/python3.12/site-packages/airflow/example_dags/example_short_circuit_decorator.py took 0.241 seconds
[2025-11-12T19:17:26.645+0000] {processor.py:161} INFO - Started process (PID=141) to work on /home/airflow/.local/lib/python3.12/site-packages/airflow/example_dags/example_short_circuit_decorator.py
[2025-11-12T19:17:26.646+0000] {processor.py:830} INFO - Processing file /home/airflow/.local/lib/python3.12/site-packages/airflow/example_dags/example_short_circuit_decorator.py for tasks to queue
[2025-11-12T19:17:26.648+0000] {logging_mixin.py:188} INFO - [2025-11-12T19:17:26.648+0000] {dagbag.py:545} INFO - Filling up the DagBag from /home/airflow/.local/lib/python3.12/site-packages/airflow/example_dags/example_short_circuit_decorator.py
[2025-11-12T19:17:26.655+0000] {processor.py:840} INFO - DAG(s) 'example_short_circuit_decorator' retrieved from /home/airflow/.local/lib/python3.12/site-packages/airflow/example_dags/example_short_circuit_decorator.py
[2025-11-12T19:17:26.675+0000] {logging_mixin.py:188} INFO - [2025-11-12T19:17:26.675+0000] {dag.py:3096} INFO - Sync 1 DAGs
[2025-11-12T19:17:26.695+0000] {logging_mixin.py:188} INFO - [2025-11-12T19:17:26.694+0000] {dag.py:3954} INFO - Setting next_dagrun for example_short_circuit_decorator to 2025-11-11 00:00:00+00:00, run_after=2025-11-12 00:00:00+00:00
[2025-11-12T19:17:26.715+0000] {processor.py:183} INFO - Processing /home/airflow/.local/lib/python3.12/site-packages/airflow/example_dags/example_short_circuit_decorator.py took 0.075 seconds
[2025-11-12T19:17:57.152+0000] {processor.py:161} INFO - Started process (PID=201) to work on /home/airflow/.local/lib/python3.12/site-packages/airflow/example_dags/example_short_circuit_decorator.py
[2025-11-12T19:17:57.153+0000] {processor.py:830} INFO - Processing file /home/airflow/.local/lib/python3.12/site-packages/airflow/example_dags/example_short_circuit_decorator.py for tasks to queue
[2025-11-12T19:17:57.156+0000] {logging_mixin.py:188} INFO - [2025-11-12T19:17:57.155+0000] {dagbag.py:545} INFO - Filling up the DagBag from /home/airflow/.local/lib/python3.12/site-packages/airflow/example_dags/example_short_circuit_decorator.py
[2025-11-12T19:17:57.165+0000] {processor.py:840} INFO - DAG(s) 'example_short_circuit_decorator' retrieved from /home/airflow/.local/lib/python3.12/site-packages/airflow/example_dags/example_short_circuit_decorator.py
[2025-11-12T19:17:57.188+0000] {logging_mixin.py:188} INFO - [2025-11-12T19:17:57.187+0000] {dag.py:3096} INFO - Sync 1 DAGs
[2025-11-12T19:17:57.207+0000] {logging_mixin.py:188} INFO - [2025-11-12T19:17:57.207+0000] {dag.py:3954} INFO - Setting next_dagrun for example_short_circuit_decorator to 2025-11-11 00:00:00+00:00, run_after=2025-11-12 00:00:00+00:00
[2025-11-12T19:17:57.229+0000] {processor.py:183} INFO - Processing /home/airflow/.local/lib/python3.12/site-packages/airflow/example_dags/example_short_circuit_decorator.py took 0.082 seconds
[2025-11-12T19:18:28.421+0000] {processor.py:161} INFO - Started process (PID=261) to work on /home/airflow/.local/lib/python3.12/site-packages/airflow/example_dags/example_short_circuit_decorator.py
[2025-11-12T19:18:28.422+0000] {processor.py:830} INFO - Processing file /home/airflow/.local/lib/python3.12/site-packages/airflow/example_dags/example_short_circuit_decorator.py for tasks to queue
[2025-11-12T19:18:28.425+0000] {logging_mixin.py:188} INFO - [2025-11-12T19:18:28.424+0000] {dagbag.py:545} INFO - Filling up the DagBag from /home/airflow/.local/lib/python3.12/site-packages/airflow/example_dags/example_short_circuit_decorator.py
[2025-11-12T19:18:28.432+0000] {processor.py:840} INFO - DAG(s) 'example_short_circuit_decorator' retrieved from /home/airflow/.local/lib/python3.12/site-packages/airflow/example_dags/example_short_circuit_decorator.py
[2025-11-12T19:18:28.454+0000] {logging_mixin.py:188} INFO - [2025-11-12T19:18:28.454+0000] {dag.py:3096} INFO - Sync 1 DAGs
[2025-11-12T19:18:28.472+0000] {logging_mixin.py:188} INFO - [2025-11-12T19:18:28.471+0000] {dag.py:3954} INFO - Setting next_dagrun for example_short_circuit_decorator to 2025-11-11 00:00:00+00:00, run_after=2025-11-12 00:00:00+00:00
[2025-11-12T19:18:28.492+0000] {processor.py:183} INFO - Processing /home/airflow/.local/lib/python3.12/site-packages/airflow/example_dags/example_short_circuit_decorator.py took 0.075 seconds
[2025-11-12T19:18:58.869+0000] {processor.py:161} INFO - Started process (PID=322) to work on /home/airflow/.local/lib/python3.12/site-packages/airflow/example_dags/example_short_circuit_decorator.py
[2025-11-12T19:18:58.870+0000] {processor.py:830} INFO - Processing file /home/airflow/.local/lib/python3.12/site-packages/airflow/example_dags/example_short_circuit_decorator.py for tasks to queue
[2025-11-12T19:18:58.872+0000] {logging_mixin.py:188} INFO - [2025-11-12T19:18:58.872+0000] {dagbag.py:545} INFO - Filling up the DagBag from /home/airflow/.local/lib/python3.12/site-packages/airflow/example_dags/example_short_circuit_decorator.py
[2025-11-12T19:18:58.879+0000] {processor.py:840} INFO - DAG(s) 'example_short_circuit_decorator' retrieved from /home/airflow/.local/lib/python3.12/site-packages/airflow/example_dags/example_short_circuit_decorator.py
[2025-11-12T19:18:58.907+0000] {logging_mixin.py:188} INFO - [2025-11-12T19:18:58.907+0000] {dag.py:3096} INFO - Sync 1 DAGs
[2025-11-12T19:18:58.931+0000] {logging_mixin.py:188} INFO - [2025-11-12T19:18:58.931+0000] {dag.py:3954} INFO - Setting next_dagrun for example_short_circuit_decorator to 2025-11-11 00:00:00+00:00, run_after=2025-11-12 00:00:00+00:00
[2025-11-12T19:18:58.957+0000] {processor.py:183} INFO - Processing /home/airflow/.local/lib/python3.12/site-packages/airflow/example_dags/example_short_circuit_decorator.py took 0.093 seconds
[2025-11-12T19:19:29.131+0000] {processor.py:161} INFO - Started process (PID=382) to work on /home/airflow/.local/lib/python3.12/site-packages/airflow/example_dags/example_short_circuit_decorator.py
[2025-11-12T19:19:29.132+0000] {processor.py:830} INFO - Processing file /home/airflow/.local/lib/python3.12/site-packages/airflow/example_dags/example_short_circuit_decorator.py for tasks to queue
[2025-11-12T19:19:29.134+0000] {logging_mixin.py:188} INFO - [2025-11-12T19:19:29.133+0000] {dagbag.py:545} INFO - Filling up the DagBag from /home/airflow/.local/lib/python3.12/site-packages/airflow/example_dags/example_short_circuit_decorator.py
[2025-11-12T19:19:29.142+0000] {processor.py:840} INFO - DAG(s) 'example_short_circuit_decorator' retrieved from /home/airflow/.local/lib/python3.12/site-packages/airflow/example_dags/example_short_circuit_decorator.py
[2025-11-12T19:19:29.163+0000] {logging_mixin.py:188} INFO - [2025-11-12T19:19:29.163+0000] {dag.py:3096} INFO - Sync 1 DAGs
[2025-11-12T19:19:29.186+0000] {logging_mixin.py:188} INFO - [2025-11-12T19:19:29.186+0000] {dag.py:3954} INFO - Setting next_dagrun for example_short_circuit_decorator to 2025-11-11 00:00:00+00:00, run_after=2025-11-12 00:00:00+00:00
[2025-11-12T19:19:29.205+0000] {processor.py:183} INFO - Processing /home/airflow/.local/lib/python3.12/site-packages/airflow/example_dags/example_short_circuit_decorator.py took 0.078 seconds
[2025-11-12T19:19:59.796+0000] {processor.py:161} INFO - Started process (PID=442) to work on /home/airflow/.local/lib/python3.12/site-packages/airflow/example_dags/example_short_circuit_decorator.py
[2025-11-12T19:19:59.797+0000] {processor.py:830} INFO - Processing file /home/airflow/.local/lib/python3.12/site-packages/airflow/example_dags/example_short_circuit_decorator.py for tasks to queue
[2025-11-12T19:19:59.799+0000] {logging_mixin.py:188} INFO - [2025-11-12T19:19:59.799+0000] {dagbag.py:545} INFO - Filling up the DagBag from /home/airflow/.local/lib/python3.12/site-packages/airflow/example_dags/example_short_circuit_decorator.py
[2025-11-12T19:19:59.806+0000] {processor.py:840} INFO - DAG(s) 'example_short_circuit_decorator' retrieved from /home/airflow/.local/lib/python3.12/site-packages/airflow/example_dags/example_short_circuit_decorator.py
[2025-11-12T19:19:59.827+0000] {logging_mixin.py:188} INFO - [2025-11-12T19:19:59.827+0000] {dag.py:3096} INFO - Sync 1 DAGs
[2025-11-12T19:19:59.845+0000] {logging_mixin.py:188} INFO - [2025-11-12T19:19:59.845+0000] {dag.py:3954} INFO - Setting next_dagrun for example_short_circuit_decorator to 2025-11-11 00:00:00+00:00, run_after=2025-11-12 00:00:00+00:00
[2025-11-12T19:19:59.863+0000] {processor.py:183} INFO - Processing /home/airflow/.local/lib/python3.12/site-packages/airflow/example_dags/example_short_circuit_decorator.py took 0.072 seconds
[2025-11-12T19:20:30.732+0000] {processor.py:161} INFO - Started process (PID=503) to work on /home/airflow/.local/lib/python3.12/site-packages/airflow/example_dags/example_short_circuit_decorator.py
[2025-11-12T19:20:30.733+0000] {processor.py:830} INFO - Processing file /home/airflow/.local/lib/python3.12/site-packages/airflow/example_dags/example_short_circuit_decorator.py for tasks to queue
[2025-11-12T19:20:30.735+0000] {logging_mixin.py:188} INFO - [2025-11-12T19:20:30.735+0000] {dagbag.py:545} INFO - Filling up the DagBag from /home/airflow/.local/lib/python3.12/site-packages/airflow/example_dags/example_short_circuit_decorator.py
[2025-11-12T19:20:30.745+0000] {processor.py:840} INFO - DAG(s) 'example_short_circuit_decorator' retrieved from /home/airflow/.local/lib/python3.12/site-packages/airflow/example_dags/example_short_circuit_decorator.py
[2025-11-12T19:20:30.768+0000] {logging_mixin.py:188} INFO - [2025-11-12T19:20:30.767+0000] {dag.py:3096} INFO - Sync 1 DAGs
[2025-11-12T19:20:30.787+0000] {logging_mixin.py:188} INFO - [2025-11-12T19:20:30.787+0000] {dag.py:3954} INFO - Setting next_dagrun for example_short_circuit_decorator to 2025-11-11 00:00:00+00:00, run_after=2025-11-12 00:00:00+00:00
[2025-11-12T19:20:30.808+0000] {processor.py:183} INFO - Processing /home/airflow/.local/lib/python3.12/site-packages/airflow/example_dags/example_short_circuit_decorator.py took 0.081 seconds
[2025-11-12T19:21:00.879+0000] {processor.py:161} INFO - Started process (PID=563) to work on /home/airflow/.local/lib/python3.12/site-packages/airflow/example_dags/example_short_circuit_decorator.py
[2025-11-12T19:21:00.880+0000] {processor.py:830} INFO - Processing file /home/airflow/.local/lib/python3.12/site-packages/airflow/example_dags/example_short_circuit_decorator.py for tasks to queue
[2025-11-12T19:21:00.882+0000] {logging_mixin.py:188} INFO - [2025-11-12T19:21:00.882+0000] {dagbag.py:545} INFO - Filling up the DagBag from /home/airflow/.local/lib/python3.12/site-packages/airflow/example_dags/example_short_circuit_decorator.py
[2025-11-12T19:21:00.892+0000] {processor.py:840} INFO - DAG(s) 'example_short_circuit_decorator' retrieved from /home/airflow/.local/lib/python3.12/site-packages/airflow/example_dags/example_short_circuit_decorator.py
[2025-11-12T19:21:00.914+0000] {logging_mixin.py:188} INFO - [2025-11-12T19:21:00.913+0000] {dag.py:3096} INFO - Sync 1 DAGs
[2025-11-12T19:21:00.932+0000] {logging_mixin.py:188} INFO - [2025-11-12T19:21:00.932+0000] {dag.py:3954} INFO - Setting next_dagrun for example_short_circuit_decorator to 2025-11-11 00:00:00+00:00, run_after=2025-11-12 00:00:00+00:00
[2025-11-12T19:21:00.951+0000] {processor.py:183} INFO - Processing /home/airflow/.local/lib/python3.12/site-packages/airflow/example_dags/example_short_circuit_decorator.py took 0.077 seconds
[2025-11-12T19:21:31.353+0000] {processor.py:161} INFO - Started process (PID=623) to work on /home/airflow/.local/lib/python3.12/site-packages/airflow/example_dags/example_short_circuit_decorator.py
[2025-11-12T19:21:31.355+0000] {processor.py:830} INFO - Processing file /home/airflow/.local/lib/python3.12/site-packages/airflow/example_dags/example_short_circuit_decorator.py for tasks to queue
[2025-11-12T19:21:31.356+0000] {logging_mixin.py:188} INFO - [2025-11-12T19:21:31.356+0000] {dagbag.py:545} INFO - Filling up the DagBag from /home/airflow/.local/lib/python3.12/site-packages/airflow/example_dags/example_short_circuit_decorator.py
[2025-11-12T19:21:31.363+0000] {processor.py:840} INFO - DAG(s) 'example_short_circuit_decorator' retrieved from /home/airflow/.local/lib/python3.12/site-packages/airflow/example_dags/example_short_circuit_decorator.py
[2025-11-12T19:21:31.385+0000] {logging_mixin.py:188} INFO - [2025-11-12T19:21:31.385+0000] {dag.py:3096} INFO - Sync 1 DAGs
[2025-11-12T19:21:31.404+0000] {logging_mixin.py:188} INFO - [2025-11-12T19:21:31.404+0000] {dag.py:3954} INFO - Setting next_dagrun for example_short_circuit_decorator to 2025-11-11 00:00:00+00:00, run_after=2025-11-12 00:00:00+00:00
[2025-11-12T19:21:31.443+0000] {processor.py:183} INFO - Processing /home/airflow/.local/lib/python3.12/site-packages/airflow/example_dags/example_short_circuit_decorator.py took 0.093 seconds
[2025-11-12T19:22:01.662+0000] {processor.py:161} INFO - Started process (PID=683) to work on /home/airflow/.local/lib/python3.12/site-packages/airflow/example_dags/example_short_circuit_decorator.py
[2025-11-12T19:22:01.663+0000] {processor.py:830} INFO - Processing file /home/airflow/.local/lib/python3.12/site-packages/airflow/example_dags/example_short_circuit_decorator.py for tasks to queue
[2025-11-12T19:22:01.665+0000] {logging_mixin.py:188} INFO - [2025-11-12T19:22:01.665+0000] {dagbag.py:545} INFO - Filling up the DagBag from /home/airflow/.local/lib/python3.12/site-packages/airflow/example_dags/example_short_circuit_decorator.py
[2025-11-12T19:22:01.672+0000] {processor.py:840} INFO - DAG(s) 'example_short_circuit_decorator' retrieved from /home/airflow/.local/lib/python3.12/site-packages/airflow/example_dags/example_short_circuit_decorator.py
[2025-11-12T19:22:01.692+0000] {logging_mixin.py:188} INFO - [2025-11-12T19:22:01.692+0000] {dag.py:3096} INFO - Sync 1 DAGs
[2025-11-12T19:22:01.709+0000] {logging_mixin.py:188} INFO - [2025-11-12T19:22:01.709+0000] {dag.py:3954} INFO - Setting next_dagrun for example_short_circuit_decorator to 2025-11-11 00:00:00+00:00, run_after=2025-11-12 00:00:00+00:00
[2025-11-12T19:22:01.730+0000] {processor.py:183} INFO - Processing /home/airflow/.local/lib/python3.12/site-packages/airflow/example_dags/example_short_circuit_decorator.py took 0.073 seconds
[2025-11-12T19:22:31.996+0000] {processor.py:161} INFO - Started process (PID=744) to work on /home/airflow/.local/lib/python3.12/site-packages/airflow/example_dags/example_short_circuit_decorator.py
[2025-11-12T19:22:31.996+0000] {processor.py:830} INFO - Processing file /home/airflow/.local/lib/python3.12/site-packages/airflow/example_dags/example_short_circuit_decorator.py for tasks to queue
[2025-11-12T19:22:31.999+0000] {logging_mixin.py:188} INFO - [2025-11-12T19:22:31.998+0000] {dagbag.py:545} INFO - Filling up the DagBag from /home/airflow/.local/lib/python3.12/site-packages/airflow/example_dags/example_short_circuit_decorator.py
[2025-11-12T19:22:32.005+0000] {processor.py:840} INFO - DAG(s) 'example_short_circuit_decorator' retrieved from /home/airflow/.local/lib/python3.12/site-packages/airflow/example_dags/example_short_circuit_decorator.py
[2025-11-12T19:22:32.026+0000] {logging_mixin.py:188} INFO - [2025-11-12T19:22:32.025+0000] {dag.py:3096} INFO - Sync 1 DAGs
[2025-11-12T19:22:32.042+0000] {logging_mixin.py:188} INFO - [2025-11-12T19:22:32.042+0000] {dag.py:3954} INFO - Setting next_dagrun for example_short_circuit_decorator to 2025-11-11 00:00:00+00:00, run_after=2025-11-12 00:00:00+00:00
[2025-11-12T19:22:32.064+0000] {processor.py:183} INFO - Processing /home/airflow/.local/lib/python3.12/site-packages/airflow/example_dags/example_short_circuit_decorator.py took 0.073 seconds
[2025-11-12T19:23:02.203+0000] {processor.py:161} INFO - Started process (PID=804) to work on /home/airflow/.local/lib/python3.12/site-packages/airflow/example_dags/example_short_circuit_decorator.py
[2025-11-12T19:23:02.204+0000] {processor.py:830} INFO - Processing file /home/airflow/.local/lib/python3.12/site-packages/airflow/example_dags/example_short_circuit_decorator.py for tasks to queue
[2025-11-12T19:23:02.206+0000] {logging_mixin.py:188} INFO - [2025-11-12T19:23:02.206+0000] {dagbag.py:545} INFO - Filling up the DagBag from /home/airflow/.local/lib/python3.12/site-packages/airflow/example_dags/example_short_circuit_decorator.py
[2025-11-12T19:23:02.214+0000] {processor.py:840} INFO - DAG(s) 'example_short_circuit_decorator' retrieved from /home/airflow/.local/lib/python3.12/site-packages/airflow/example_dags/example_short_circuit_decorator.py
[2025-11-12T19:23:02.236+0000] {logging_mixin.py:188} INFO - [2025-11-12T19:23:02.235+0000] {dag.py:3096} INFO - Sync 1 DAGs
[2025-11-12T19:23:02.254+0000] {logging_mixin.py:188} INFO - [2025-11-12T19:23:02.253+0000] {dag.py:3954} INFO - Setting next_dagrun for example_short_circuit_decorator to 2025-11-11 00:00:00+00:00, run_after=2025-11-12 00:00:00+00:00
[2025-11-12T19:23:02.274+0000] {processor.py:183} INFO - Processing /home/airflow/.local/lib/python3.12/site-packages/airflow/example_dags/example_short_circuit_decorator.py took 0.078 seconds
[2025-11-12T19:23:32.691+0000] {processor.py:161} INFO - Started process (PID=864) to work on /home/airflow/.local/lib/python3.12/site-packages/airflow/example_dags/example_short_circuit_decorator.py
[2025-11-12T19:23:32.692+0000] {processor.py:830} INFO - Processing file /home/airflow/.local/lib/python3.12/site-packages/airflow/example_dags/example_short_circuit_decorator.py for tasks to queue
[2025-11-12T19:23:32.694+0000] {logging_mixin.py:188} INFO - [2025-11-12T19:23:32.693+0000] {dagbag.py:545} INFO - Filling up the DagBag from /home/airflow/.local/lib/python3.12/site-packages/airflow/example_dags/example_short_circuit_decorator.py
[2025-11-12T19:23:32.702+0000] {processor.py:840} INFO - DAG(s) 'example_short_circuit_decorator' retrieved from /home/airflow/.local/lib/python3.12/site-packages/airflow/example_dags/example_short_circuit_decorator.py
[2025-11-12T19:23:32.724+0000] {logging_mixin.py:188} INFO - [2025-11-12T19:23:32.723+0000] {dag.py:3096} INFO - Sync 1 DAGs
[2025-11-12T19:23:32.745+0000] {logging_mixin.py:188} INFO - [2025-11-12T19:23:32.745+0000] {dag.py:3954} INFO - Setting next_dagrun for example_short_circuit_decorator to 2025-11-11 00:00:00+00:00, run_after=2025-11-12 00:00:00+00:00
[2025-11-12T19:23:32.765+0000] {processor.py:183} INFO - Processing /home/airflow/.local/lib/python3.12/site-packages/airflow/example_dags/example_short_circuit_decorator.py took 0.078 seconds
[2025-11-12T19:24:03.065+0000] {processor.py:161} INFO - Started process (PID=924) to work on /home/airflow/.local/lib/python3.12/site-packages/airflow/example_dags/example_short_circuit_decorator.py
[2025-11-12T19:24:03.066+0000] {processor.py:830} INFO - Processing file /home/airflow/.local/lib/python3.12/site-packages/airflow/example_dags/example_short_circuit_decorator.py for tasks to queue
[2025-11-12T19:24:03.068+0000] {logging_mixin.py:188} INFO - [2025-11-12T19:24:03.068+0000] {dagbag.py:545} INFO - Filling up the DagBag from /home/airflow/.local/lib/python3.12/site-packages/airflow/example_dags/example_short_circuit_decorator.py
[2025-11-12T19:24:03.077+0000] {processor.py:840} INFO - DAG(s) 'example_short_circuit_decorator' retrieved from /home/airflow/.local/lib/python3.12/site-packages/airflow/example_dags/example_short_circuit_decorator.py
[2025-11-12T19:24:03.099+0000] {logging_mixin.py:188} INFO - [2025-11-12T19:24:03.098+0000] {dag.py:3096} INFO - Sync 1 DAGs
[2025-11-12T19:24:03.115+0000] {logging_mixin.py:188} INFO - [2025-11-12T19:24:03.115+0000] {dag.py:3954} INFO - Setting next_dagrun for example_short_circuit_decorator to 2025-11-11 00:00:00+00:00, run_after=2025-11-12 00:00:00+00:00
[2025-11-12T19:24:03.136+0000] {processor.py:183} INFO - Processing /home/airflow/.local/lib/python3.12/site-packages/airflow/example_dags/example_short_circuit_decorator.py took 0.076 seconds
[2025-11-12T19:24:33.294+0000] {processor.py:161} INFO - Started process (PID=985) to work on /home/airflow/.local/lib/python3.12/site-packages/airflow/example_dags/example_short_circuit_decorator.py
[2025-11-12T19:24:33.295+0000] {processor.py:830} INFO - Processing file /home/airflow/.local/lib/python3.12/site-packages/airflow/example_dags/example_short_circuit_decorator.py for tasks to queue
[2025-11-12T19:24:33.297+0000] {logging_mixin.py:188} INFO - [2025-11-12T19:24:33.297+0000] {dagbag.py:545} INFO - Filling up the DagBag from /home/airflow/.local/lib/python3.12/site-packages/airflow/example_dags/example_short_circuit_decorator.py
[2025-11-12T19:24:33.306+0000] {processor.py:840} INFO - DAG(s) 'example_short_circuit_decorator' retrieved from /home/airflow/.local/lib/python3.12/site-packages/airflow/example_dags/example_short_circuit_decorator.py
[2025-11-12T19:24:33.331+0000] {logging_mixin.py:188} INFO - [2025-11-12T19:24:33.330+0000] {dag.py:3096} INFO - Sync 1 DAGs
[2025-11-12T19:24:33.351+0000] {logging_mixin.py:188} INFO - [2025-11-12T19:24:33.351+0000] {dag.py:3954} INFO - Setting next_dagrun for example_short_circuit_decorator to 2025-11-11 00:00:00+00:00, run_after=2025-11-12 00:00:00+00:00
[2025-11-12T19:24:33.372+0000] {processor.py:183} INFO - Processing /home/airflow/.local/lib/python3.12/site-packages/airflow/example_dags/example_short_circuit_decorator.py took 0.084 seconds
[2025-11-12T19:25:04.293+0000] {processor.py:161} INFO - Started process (PID=1044) to work on /home/airflow/.local/lib/python3.12/site-packages/airflow/example_dags/example_short_circuit_decorator.py
[2025-11-12T19:25:04.294+0000] {processor.py:830} INFO - Processing file /home/airflow/.local/lib/python3.12/site-packages/airflow/example_dags/example_short_circuit_decorator.py for tasks to queue
[2025-11-12T19:25:04.295+0000] {logging_mixin.py:188} INFO - [2025-11-12T19:25:04.295+0000] {dagbag.py:545} INFO - Filling up the DagBag from /home/airflow/.local/lib/python3.12/site-packages/airflow/example_dags/example_short_circuit_decorator.py
[2025-11-12T19:25:04.303+0000] {processor.py:840} INFO - DAG(s) 'example_short_circuit_decorator' retrieved from /home/airflow/.local/lib/python3.12/site-packages/airflow/example_dags/example_short_circuit_decorator.py
[2025-11-12T19:25:04.325+0000] {logging_mixin.py:188} INFO - [2025-11-12T19:25:04.324+0000] {dag.py:3096} INFO - Sync 1 DAGs
[2025-11-12T19:25:04.345+0000] {logging_mixin.py:188} INFO - [2025-11-12T19:25:04.345+0000] {dag.py:3954} INFO - Setting next_dagrun for example_short_circuit_decorator to 2025-11-11 00:00:00+00:00, run_after=2025-11-12 00:00:00+00:00
[2025-11-12T19:25:04.363+0000] {processor.py:183} INFO - Processing /home/airflow/.local/lib/python3.12/site-packages/airflow/example_dags/example_short_circuit_decorator.py took 0.075 seconds
[2025-11-12T19:25:34.672+0000] {processor.py:161} INFO - Started process (PID=1104) to work on /home/airflow/.local/lib/python3.12/site-packages/airflow/example_dags/example_short_circuit_decorator.py
[2025-11-12T19:25:34.673+0000] {processor.py:830} INFO - Processing file /home/airflow/.local/lib/python3.12/site-packages/airflow/example_dags/example_short_circuit_decorator.py for tasks to queue
[2025-11-12T19:25:34.675+0000] {logging_mixin.py:188} INFO - [2025-11-12T19:25:34.675+0000] {dagbag.py:545} INFO - Filling up the DagBag from /home/airflow/.local/lib/python3.12/site-packages/airflow/example_dags/example_short_circuit_decorator.py
[2025-11-12T19:25:34.685+0000] {processor.py:840} INFO - DAG(s) 'example_short_circuit_decorator' retrieved from /home/airflow/.local/lib/python3.12/site-packages/airflow/example_dags/example_short_circuit_decorator.py
[2025-11-12T19:25:34.705+0000] {logging_mixin.py:188} INFO - [2025-11-12T19:25:34.704+0000] {dag.py:3096} INFO - Sync 1 DAGs
[2025-11-12T19:25:34.722+0000] {logging_mixin.py:188} INFO - [2025-11-12T19:25:34.722+0000] {dag.py:3954} INFO - Setting next_dagrun for example_short_circuit_decorator to 2025-11-11 00:00:00+00:00, run_after=2025-11-12 00:00:00+00:00
[2025-11-12T19:25:34.742+0000] {processor.py:183} INFO - Processing /home/airflow/.local/lib/python3.12/site-packages/airflow/example_dags/example_short_circuit_decorator.py took 0.075 seconds
[2025-11-12T19:26:05.025+0000] {processor.py:161} INFO - Started process (PID=1164) to work on /home/airflow/.local/lib/python3.12/site-packages/airflow/example_dags/example_short_circuit_decorator.py
[2025-11-12T19:26:05.027+0000] {processor.py:830} INFO - Processing file /home/airflow/.local/lib/python3.12/site-packages/airflow/example_dags/example_short_circuit_decorator.py for tasks to queue
[2025-11-12T19:26:05.029+0000] {logging_mixin.py:188} INFO - [2025-11-12T19:26:05.028+0000] {dagbag.py:545} INFO - Filling up the DagBag from /home/airflow/.local/lib/python3.12/site-packages/airflow/example_dags/example_short_circuit_decorator.py
[2025-11-12T19:26:05.046+0000] {processor.py:840} INFO - DAG(s) 'example_short_circuit_decorator' retrieved from /home/airflow/.local/lib/python3.12/site-packages/airflow/example_dags/example_short_circuit_decorator.py
[2025-11-12T19:26:05.075+0000] {logging_mixin.py:188} INFO - [2025-11-12T19:26:05.074+0000] {dag.py:3096} INFO - Sync 1 DAGs
[2025-11-12T19:26:05.098+0000] {logging_mixin.py:188} INFO - [2025-11-12T19:26:05.098+0000] {dag.py:3954} INFO - Setting next_dagrun for example_short_circuit_decorator to 2025-11-11 00:00:00+00:00, run_after=2025-11-12 00:00:00+00:00
[2025-11-12T19:26:05.121+0000] {processor.py:183} INFO - Processing /home/airflow/.local/lib/python3.12/site-packages/airflow/example_dags/example_short_circuit_decorator.py took 0.099 seconds
[2025-11-12T19:26:35.666+0000] {processor.py:161} INFO - Started process (PID=1225) to work on /home/airflow/.local/lib/python3.12/site-packages/airflow/example_dags/example_short_circuit_decorator.py
[2025-11-12T19:26:35.667+0000] {processor.py:830} INFO - Processing file /home/airflow/.local/lib/python3.12/site-packages/airflow/example_dags/example_short_circuit_decorator.py for tasks to queue
[2025-11-12T19:26:35.671+0000] {logging_mixin.py:188} INFO - [2025-11-12T19:26:35.670+0000] {dagbag.py:545} INFO - Filling up the DagBag from /home/airflow/.local/lib/python3.12/site-packages/airflow/example_dags/example_short_circuit_decorator.py
[2025-11-12T19:26:35.683+0000] {processor.py:840} INFO - DAG(s) 'example_short_circuit_decorator' retrieved from /home/airflow/.local/lib/python3.12/site-packages/airflow/example_dags/example_short_circuit_decorator.py
[2025-11-12T19:26:35.714+0000] {logging_mixin.py:188} INFO - [2025-11-12T19:26:35.713+0000] {dag.py:3096} INFO - Sync 1 DAGs
[2025-11-12T19:26:35.748+0000] {logging_mixin.py:188} INFO - [2025-11-12T19:26:35.748+0000] {dag.py:3954} INFO - Setting next_dagrun for example_short_circuit_decorator to 2025-11-11 00:00:00+00:00, run_after=2025-11-12 00:00:00+00:00
[2025-11-12T19:26:35.778+0000] {processor.py:183} INFO - Processing /home/airflow/.local/lib/python3.12/site-packages/airflow/example_dags/example_short_circuit_decorator.py took 0.119 seconds
[2025-11-12T19:27:06.070+0000] {processor.py:161} INFO - Started process (PID=1285) to work on /home/airflow/.local/lib/python3.12/site-packages/airflow/example_dags/example_short_circuit_decorator.py
[2025-11-12T19:27:06.072+0000] {processor.py:830} INFO - Processing file /home/airflow/.local/lib/python3.12/site-packages/airflow/example_dags/example_short_circuit_decorator.py for tasks to queue
[2025-11-12T19:27:06.073+0000] {logging_mixin.py:188} INFO - [2025-11-12T19:27:06.073+0000] {dagbag.py:545} INFO - Filling up the DagBag from /home/airflow/.local/lib/python3.12/site-packages/airflow/example_dags/example_short_circuit_decorator.py
[2025-11-12T19:27:06.080+0000] {processor.py:840} INFO - DAG(s) 'example_short_circuit_decorator' retrieved from /home/airflow/.local/lib/python3.12/site-packages/airflow/example_dags/example_short_circuit_decorator.py
[2025-11-12T19:27:06.102+0000] {logging_mixin.py:188} INFO - [2025-11-12T19:27:06.101+0000] {dag.py:3096} INFO - Sync 1 DAGs
[2025-11-12T19:27:06.118+0000] {logging_mixin.py:188} INFO - [2025-11-12T19:27:06.118+0000] {dag.py:3954} INFO - Setting next_dagrun for example_short_circuit_decorator to 2025-11-11 00:00:00+00:00, run_after=2025-11-12 00:00:00+00:00
[2025-11-12T19:27:06.137+0000] {processor.py:183} INFO - Processing /home/airflow/.local/lib/python3.12/site-packages/airflow/example_dags/example_short_circuit_decorator.py took 0.071 seconds
[2025-11-12T19:27:36.915+0000] {processor.py:161} INFO - Started process (PID=1345) to work on /home/airflow/.local/lib/python3.12/site-packages/airflow/example_dags/example_short_circuit_decorator.py
[2025-11-12T19:27:36.917+0000] {processor.py:830} INFO - Processing file /home/airflow/.local/lib/python3.12/site-packages/airflow/example_dags/example_short_circuit_decorator.py for tasks to queue
[2025-11-12T19:27:36.919+0000] {logging_mixin.py:188} INFO - [2025-11-12T19:27:36.919+0000] {dagbag.py:545} INFO - Filling up the DagBag from /home/airflow/.local/lib/python3.12/site-packages/airflow/example_dags/example_short_circuit_decorator.py
[2025-11-12T19:27:36.929+0000] {processor.py:840} INFO - DAG(s) 'example_short_circuit_decorator' retrieved from /home/airflow/.local/lib/python3.12/site-packages/airflow/example_dags/example_short_circuit_decorator.py
[2025-11-12T19:27:36.961+0000] {logging_mixin.py:188} INFO - [2025-11-12T19:27:36.960+0000] {dag.py:3096} INFO - Sync 1 DAGs
[2025-11-12T19:27:36.985+0000] {logging_mixin.py:188} INFO - [2025-11-12T19:27:36.985+0000] {dag.py:3954} INFO - Setting next_dagrun for example_short_circuit_decorator to 2025-11-11 00:00:00+00:00, run_after=2025-11-12 00:00:00+00:00
[2025-11-12T19:27:37.008+0000] {processor.py:183} INFO - Processing /home/airflow/.local/lib/python3.12/site-packages/airflow/example_dags/example_short_circuit_decorator.py took 0.098 seconds
[2025-11-12T19:28:07.720+0000] {processor.py:161} INFO - Started process (PID=1406) to work on /home/airflow/.local/lib/python3.12/site-packages/airflow/example_dags/example_short_circuit_decorator.py
[2025-11-12T19:28:07.721+0000] {processor.py:830} INFO - Processing file /home/airflow/.local/lib/python3.12/site-packages/airflow/example_dags/example_short_circuit_decorator.py for tasks to queue
[2025-11-12T19:28:07.723+0000] {logging_mixin.py:188} INFO - [2025-11-12T19:28:07.722+0000] {dagbag.py:545} INFO - Filling up the DagBag from /home/airflow/.local/lib/python3.12/site-packages/airflow/example_dags/example_short_circuit_decorator.py
[2025-11-12T19:28:07.731+0000] {processor.py:840} INFO - DAG(s) 'example_short_circuit_decorator' retrieved from /home/airflow/.local/lib/python3.12/site-packages/airflow/example_dags/example_short_circuit_decorator.py
[2025-11-12T19:28:07.753+0000] {logging_mixin.py:188} INFO - [2025-11-12T19:28:07.753+0000] {dag.py:3096} INFO - Sync 1 DAGs
[2025-11-12T19:28:07.771+0000] {logging_mixin.py:188} INFO - [2025-11-12T19:28:07.771+0000] {dag.py:3954} INFO - Setting next_dagrun for example_short_circuit_decorator to 2025-11-11 00:00:00+00:00, run_after=2025-11-12 00:00:00+00:00
[2025-11-12T19:28:08.101+0000] {processor.py:183} INFO - Processing /home/airflow/.local/lib/python3.12/site-packages/airflow/example_dags/example_short_circuit_decorator.py took 0.386 seconds
[2025-11-12T19:28:38.831+0000] {processor.py:161} INFO - Started process (PID=1466) to work on /home/airflow/.local/lib/python3.12/site-packages/airflow/example_dags/example_short_circuit_decorator.py
[2025-11-12T19:28:38.832+0000] {processor.py:830} INFO - Processing file /home/airflow/.local/lib/python3.12/site-packages/airflow/example_dags/example_short_circuit_decorator.py for tasks to queue
[2025-11-12T19:28:38.834+0000] {logging_mixin.py:188} INFO - [2025-11-12T19:28:38.834+0000] {dagbag.py:545} INFO - Filling up the DagBag from /home/airflow/.local/lib/python3.12/site-packages/airflow/example_dags/example_short_circuit_decorator.py
[2025-11-12T19:28:38.844+0000] {processor.py:840} INFO - DAG(s) 'example_short_circuit_decorator' retrieved from /home/airflow/.local/lib/python3.12/site-packages/airflow/example_dags/example_short_circuit_decorator.py
[2025-11-12T19:28:38.866+0000] {logging_mixin.py:188} INFO - [2025-11-12T19:28:38.865+0000] {dag.py:3096} INFO - Sync 1 DAGs
[2025-11-12T19:28:38.882+0000] {logging_mixin.py:188} INFO - [2025-11-12T19:28:38.882+0000] {dag.py:3954} INFO - Setting next_dagrun for example_short_circuit_decorator to 2025-11-11 00:00:00+00:00, run_after=2025-11-12 00:00:00+00:00
[2025-11-12T19:28:38.902+0000] {processor.py:183} INFO - Processing /home/airflow/.local/lib/python3.12/site-packages/airflow/example_dags/example_short_circuit_decorator.py took 0.075 seconds
[2025-11-12T19:29:09.117+0000] {processor.py:161} INFO - Started process (PID=1526) to work on /home/airflow/.local/lib/python3.12/site-packages/airflow/example_dags/example_short_circuit_decorator.py
[2025-11-12T19:29:09.118+0000] {processor.py:830} INFO - Processing file /home/airflow/.local/lib/python3.12/site-packages/airflow/example_dags/example_short_circuit_decorator.py for tasks to queue
[2025-11-12T19:29:09.120+0000] {logging_mixin.py:188} INFO - [2025-11-12T19:29:09.120+0000] {dagbag.py:545} INFO - Filling up the DagBag from /home/airflow/.local/lib/python3.12/site-packages/airflow/example_dags/example_short_circuit_decorator.py
[2025-11-12T19:29:09.127+0000] {processor.py:840} INFO - DAG(s) 'example_short_circuit_decorator' retrieved from /home/airflow/.local/lib/python3.12/site-packages/airflow/example_dags/example_short_circuit_decorator.py
[2025-11-12T19:29:09.148+0000] {logging_mixin.py:188} INFO - [2025-11-12T19:29:09.148+0000] {dag.py:3096} INFO - Sync 1 DAGs
[2025-11-12T19:29:09.166+0000] {logging_mixin.py:188} INFO - [2025-11-12T19:29:09.166+0000] {dag.py:3954} INFO - Setting next_dagrun for example_short_circuit_decorator to 2025-11-11 00:00:00+00:00, run_after=2025-11-12 00:00:00+00:00
[2025-11-12T19:29:09.191+0000] {processor.py:183} INFO - Processing /home/airflow/.local/lib/python3.12/site-packages/airflow/example_dags/example_short_circuit_decorator.py took 0.079 seconds
[2025-11-12T19:29:40.586+0000] {processor.py:161} INFO - Started process (PID=1586) to work on /home/airflow/.local/lib/python3.12/site-packages/airflow/example_dags/example_short_circuit_decorator.py
[2025-11-12T19:29:40.587+0000] {processor.py:830} INFO - Processing file /home/airflow/.local/lib/python3.12/site-packages/airflow/example_dags/example_short_circuit_decorator.py for tasks to queue
[2025-11-12T19:29:40.590+0000] {logging_mixin.py:188} INFO - [2025-11-12T19:29:40.589+0000] {dagbag.py:545} INFO - Filling up the DagBag from /home/airflow/.local/lib/python3.12/site-packages/airflow/example_dags/example_short_circuit_decorator.py
[2025-11-12T19:29:40.597+0000] {processor.py:840} INFO - DAG(s) 'example_short_circuit_decorator' retrieved from /home/airflow/.local/lib/python3.12/site-packages/airflow/example_dags/example_short_circuit_decorator.py
[2025-11-12T19:29:40.620+0000] {logging_mixin.py:188} INFO - [2025-11-12T19:29:40.619+0000] {dag.py:3096} INFO - Sync 1 DAGs
[2025-11-12T19:29:40.860+0000] {logging_mixin.py:188} INFO - [2025-11-12T19:29:40.860+0000] {dag.py:3954} INFO - Setting next_dagrun for example_short_circuit_decorator to 2025-11-11 00:00:00+00:00, run_after=2025-11-12 00:00:00+00:00
[2025-11-12T19:29:40.889+0000] {processor.py:183} INFO - Processing /home/airflow/.local/lib/python3.12/site-packages/airflow/example_dags/example_short_circuit_decorator.py took 0.309 seconds
[2025-11-12T19:30:11.361+0000] {processor.py:161} INFO - Started process (PID=1646) to work on /home/airflow/.local/lib/python3.12/site-packages/airflow/example_dags/example_short_circuit_decorator.py
[2025-11-12T19:30:11.363+0000] {processor.py:830} INFO - Processing file /home/airflow/.local/lib/python3.12/site-packages/airflow/example_dags/example_short_circuit_decorator.py for tasks to queue
[2025-11-12T19:30:11.365+0000] {logging_mixin.py:188} INFO - [2025-11-12T19:30:11.364+0000] {dagbag.py:545} INFO - Filling up the DagBag from /home/airflow/.local/lib/python3.12/site-packages/airflow/example_dags/example_short_circuit_decorator.py
[2025-11-12T19:30:11.372+0000] {processor.py:840} INFO - DAG(s) 'example_short_circuit_decorator' retrieved from /home/airflow/.local/lib/python3.12/site-packages/airflow/example_dags/example_short_circuit_decorator.py
[2025-11-12T19:30:11.398+0000] {logging_mixin.py:188} INFO - [2025-11-12T19:30:11.397+0000] {dag.py:3096} INFO - Sync 1 DAGs
[2025-11-12T19:30:11.428+0000] {logging_mixin.py:188} INFO - [2025-11-12T19:30:11.428+0000] {dag.py:3954} INFO - Setting next_dagrun for example_short_circuit_decorator to 2025-11-11 00:00:00+00:00, run_after=2025-11-12 00:00:00+00:00
[2025-11-12T19:30:11.458+0000] {processor.py:183} INFO - Processing /home/airflow/.local/lib/python3.12/site-packages/airflow/example_dags/example_short_circuit_decorator.py took 0.101 seconds
[2025-11-12T19:30:41.664+0000] {processor.py:161} INFO - Started process (PID=1706) to work on /home/airflow/.local/lib/python3.12/site-packages/airflow/example_dags/example_short_circuit_decorator.py
[2025-11-12T19:30:41.665+0000] {processor.py:830} INFO - Processing file /home/airflow/.local/lib/python3.12/site-packages/airflow/example_dags/example_short_circuit_decorator.py for tasks to queue
[2025-11-12T19:30:41.668+0000] {logging_mixin.py:188} INFO - [2025-11-12T19:30:41.667+0000] {dagbag.py:545} INFO - Filling up the DagBag from /home/airflow/.local/lib/python3.12/site-packages/airflow/example_dags/example_short_circuit_decorator.py
[2025-11-12T19:30:41.675+0000] {processor.py:840} INFO - DAG(s) 'example_short_circuit_decorator' retrieved from /home/airflow/.local/lib/python3.12/site-packages/airflow/example_dags/example_short_circuit_decorator.py
[2025-11-12T19:30:41.698+0000] {logging_mixin.py:188} INFO - [2025-11-12T19:30:41.697+0000] {dag.py:3096} INFO - Sync 1 DAGs
[2025-11-12T19:30:41.718+0000] {logging_mixin.py:188} INFO - [2025-11-12T19:30:41.717+0000] {dag.py:3954} INFO - Setting next_dagrun for example_short_circuit_decorator to 2025-11-11 00:00:00+00:00, run_after=2025-11-12 00:00:00+00:00
[2025-11-12T19:30:41.740+0000] {processor.py:183} INFO - Processing /home/airflow/.local/lib/python3.12/site-packages/airflow/example_dags/example_short_circuit_decorator.py took 0.083 seconds
[2025-11-12T19:31:12.111+0000] {processor.py:161} INFO - Started process (PID=1766) to work on /home/airflow/.local/lib/python3.12/site-packages/airflow/example_dags/example_short_circuit_decorator.py
[2025-11-12T19:31:12.112+0000] {processor.py:830} INFO - Processing file /home/airflow/.local/lib/python3.12/site-packages/airflow/example_dags/example_short_circuit_decorator.py for tasks to queue
[2025-11-12T19:31:12.114+0000] {logging_mixin.py:188} INFO - [2025-11-12T19:31:12.113+0000] {dagbag.py:545} INFO - Filling up the DagBag from /home/airflow/.local/lib/python3.12/site-packages/airflow/example_dags/example_short_circuit_decorator.py
[2025-11-12T19:31:12.124+0000] {processor.py:840} INFO - DAG(s) 'example_short_circuit_decorator' retrieved from /home/airflow/.local/lib/python3.12/site-packages/airflow/example_dags/example_short_circuit_decorator.py
[2025-11-12T19:31:12.154+0000] {logging_mixin.py:188} INFO - [2025-11-12T19:31:12.153+0000] {dag.py:3096} INFO - Sync 1 DAGs
[2025-11-12T19:31:12.177+0000] {logging_mixin.py:188} INFO - [2025-11-12T19:31:12.176+0000] {dag.py:3954} INFO - Setting next_dagrun for example_short_circuit_decorator to 2025-11-11 00:00:00+00:00, run_after=2025-11-12 00:00:00+00:00
[2025-11-12T19:31:12.197+0000] {processor.py:183} INFO - Processing /home/airflow/.local/lib/python3.12/site-packages/airflow/example_dags/example_short_circuit_decorator.py took 0.091 seconds
[2025-11-12T19:31:42.892+0000] {processor.py:161} INFO - Started process (PID=1829) to work on /home/airflow/.local/lib/python3.12/site-packages/airflow/example_dags/example_short_circuit_decorator.py
[2025-11-12T19:31:42.893+0000] {processor.py:830} INFO - Processing file /home/airflow/.local/lib/python3.12/site-packages/airflow/example_dags/example_short_circuit_decorator.py for tasks to queue
[2025-11-12T19:31:42.895+0000] {logging_mixin.py:188} INFO - [2025-11-12T19:31:42.894+0000] {dagbag.py:545} INFO - Filling up the DagBag from /home/airflow/.local/lib/python3.12/site-packages/airflow/example_dags/example_short_circuit_decorator.py
[2025-11-12T19:31:42.904+0000] {processor.py:840} INFO - DAG(s) 'example_short_circuit_decorator' retrieved from /home/airflow/.local/lib/python3.12/site-packages/airflow/example_dags/example_short_circuit_decorator.py
[2025-11-12T19:31:42.926+0000] {logging_mixin.py:188} INFO - [2025-11-12T19:31:42.925+0000] {dag.py:3096} INFO - Sync 1 DAGs
[2025-11-12T19:31:42.943+0000] {logging_mixin.py:188} INFO - [2025-11-12T19:31:42.942+0000] {dag.py:3954} INFO - Setting next_dagrun for example_short_circuit_decorator to 2025-11-11 00:00:00+00:00, run_after=2025-11-12 00:00:00+00:00
[2025-11-12T19:31:42.966+0000] {processor.py:183} INFO - Processing /home/airflow/.local/lib/python3.12/site-packages/airflow/example_dags/example_short_circuit_decorator.py took 0.078 seconds
