[2025-11-12T19:06:12.482+0000] {processor.py:161} INFO - Started process (PID=98) to work on /home/airflow/.local/lib/python3.12/site-packages/airflow/example_dags/example_nested_branch_dag.py
[2025-11-12T19:06:12.484+0000] {processor.py:830} INFO - Processing file /home/airflow/.local/lib/python3.12/site-packages/airflow/example_dags/example_nested_branch_dag.py for tasks to queue
[2025-11-12T19:06:12.487+0000] {logging_mixin.py:188} INFO - [2025-11-12T19:06:12.486+0000] {dagbag.py:545} INFO - Filling up the DagBag from /home/airflow/.local/lib/python3.12/site-packages/airflow/example_dags/example_nested_branch_dag.py
[2025-11-12T19:06:12.504+0000] {processor.py:840} INFO - DAG(s) 'example_nested_branch_dag' retrieved from /home/airflow/.local/lib/python3.12/site-packages/airflow/example_dags/example_nested_branch_dag.py
[2025-11-12T19:06:12.630+0000] {logging_mixin.py:188} INFO - [2025-11-12T19:06:12.630+0000] {dag.py:3096} INFO - Sync 1 DAGs
[2025-11-12T19:06:12.655+0000] {logging_mixin.py:188} INFO - [2025-11-12T19:06:12.655+0000] {dag.py:3954} INFO - Setting next_dagrun for example_nested_branch_dag to 2025-11-11 00:00:00+00:00, run_after=2025-11-12 00:00:00+00:00
[2025-11-12T19:06:12.684+0000] {processor.py:183} INFO - Processing /home/airflow/.local/lib/python3.12/site-packages/airflow/example_dags/example_nested_branch_dag.py took 0.208 seconds
[2025-11-12T19:06:43.195+0000] {processor.py:161} INFO - Started process (PID=159) to work on /home/airflow/.local/lib/python3.12/site-packages/airflow/example_dags/example_nested_branch_dag.py
[2025-11-12T19:06:43.196+0000] {processor.py:830} INFO - Processing file /home/airflow/.local/lib/python3.12/site-packages/airflow/example_dags/example_nested_branch_dag.py for tasks to queue
[2025-11-12T19:06:43.198+0000] {logging_mixin.py:188} INFO - [2025-11-12T19:06:43.198+0000] {dagbag.py:545} INFO - Filling up the DagBag from /home/airflow/.local/lib/python3.12/site-packages/airflow/example_dags/example_nested_branch_dag.py
[2025-11-12T19:06:43.208+0000] {processor.py:840} INFO - DAG(s) 'example_nested_branch_dag' retrieved from /home/airflow/.local/lib/python3.12/site-packages/airflow/example_dags/example_nested_branch_dag.py
[2025-11-12T19:06:43.231+0000] {logging_mixin.py:188} INFO - [2025-11-12T19:06:43.231+0000] {dag.py:3096} INFO - Sync 1 DAGs
[2025-11-12T19:06:43.251+0000] {logging_mixin.py:188} INFO - [2025-11-12T19:06:43.251+0000] {dag.py:3954} INFO - Setting next_dagrun for example_nested_branch_dag to 2025-11-11 00:00:00+00:00, run_after=2025-11-12 00:00:00+00:00
[2025-11-12T19:06:43.270+0000] {processor.py:183} INFO - Processing /home/airflow/.local/lib/python3.12/site-packages/airflow/example_dags/example_nested_branch_dag.py took 0.080 seconds
[2025-11-12T19:07:14.196+0000] {processor.py:161} INFO - Started process (PID=219) to work on /home/airflow/.local/lib/python3.12/site-packages/airflow/example_dags/example_nested_branch_dag.py
[2025-11-12T19:07:14.197+0000] {processor.py:830} INFO - Processing file /home/airflow/.local/lib/python3.12/site-packages/airflow/example_dags/example_nested_branch_dag.py for tasks to queue
[2025-11-12T19:07:14.200+0000] {logging_mixin.py:188} INFO - [2025-11-12T19:07:14.199+0000] {dagbag.py:545} INFO - Filling up the DagBag from /home/airflow/.local/lib/python3.12/site-packages/airflow/example_dags/example_nested_branch_dag.py
[2025-11-12T19:07:14.207+0000] {processor.py:840} INFO - DAG(s) 'example_nested_branch_dag' retrieved from /home/airflow/.local/lib/python3.12/site-packages/airflow/example_dags/example_nested_branch_dag.py
[2025-11-12T19:07:14.227+0000] {logging_mixin.py:188} INFO - [2025-11-12T19:07:14.226+0000] {dag.py:3096} INFO - Sync 1 DAGs
[2025-11-12T19:07:14.244+0000] {logging_mixin.py:188} INFO - [2025-11-12T19:07:14.244+0000] {dag.py:3954} INFO - Setting next_dagrun for example_nested_branch_dag to 2025-11-11 00:00:00+00:00, run_after=2025-11-12 00:00:00+00:00
[2025-11-12T19:07:14.265+0000] {processor.py:183} INFO - Processing /home/airflow/.local/lib/python3.12/site-packages/airflow/example_dags/example_nested_branch_dag.py took 0.074 seconds
[2025-11-12T19:07:44.506+0000] {processor.py:161} INFO - Started process (PID=279) to work on /home/airflow/.local/lib/python3.12/site-packages/airflow/example_dags/example_nested_branch_dag.py
[2025-11-12T19:07:44.507+0000] {processor.py:830} INFO - Processing file /home/airflow/.local/lib/python3.12/site-packages/airflow/example_dags/example_nested_branch_dag.py for tasks to queue
[2025-11-12T19:07:44.509+0000] {logging_mixin.py:188} INFO - [2025-11-12T19:07:44.509+0000] {dagbag.py:545} INFO - Filling up the DagBag from /home/airflow/.local/lib/python3.12/site-packages/airflow/example_dags/example_nested_branch_dag.py
[2025-11-12T19:07:44.520+0000] {processor.py:840} INFO - DAG(s) 'example_nested_branch_dag' retrieved from /home/airflow/.local/lib/python3.12/site-packages/airflow/example_dags/example_nested_branch_dag.py
[2025-11-12T19:07:44.548+0000] {logging_mixin.py:188} INFO - [2025-11-12T19:07:44.547+0000] {dag.py:3096} INFO - Sync 1 DAGs
[2025-11-12T19:07:44.572+0000] {logging_mixin.py:188} INFO - [2025-11-12T19:07:44.572+0000] {dag.py:3954} INFO - Setting next_dagrun for example_nested_branch_dag to 2025-11-11 00:00:00+00:00, run_after=2025-11-12 00:00:00+00:00
[2025-11-12T19:07:44.597+0000] {processor.py:183} INFO - Processing /home/airflow/.local/lib/python3.12/site-packages/airflow/example_dags/example_nested_branch_dag.py took 0.096 seconds
[2025-11-12T19:08:15.404+0000] {processor.py:161} INFO - Started process (PID=339) to work on /home/airflow/.local/lib/python3.12/site-packages/airflow/example_dags/example_nested_branch_dag.py
[2025-11-12T19:08:15.406+0000] {processor.py:830} INFO - Processing file /home/airflow/.local/lib/python3.12/site-packages/airflow/example_dags/example_nested_branch_dag.py for tasks to queue
[2025-11-12T19:08:15.407+0000] {logging_mixin.py:188} INFO - [2025-11-12T19:08:15.407+0000] {dagbag.py:545} INFO - Filling up the DagBag from /home/airflow/.local/lib/python3.12/site-packages/airflow/example_dags/example_nested_branch_dag.py
[2025-11-12T19:08:15.423+0000] {processor.py:840} INFO - DAG(s) 'example_nested_branch_dag' retrieved from /home/airflow/.local/lib/python3.12/site-packages/airflow/example_dags/example_nested_branch_dag.py
[2025-11-12T19:08:15.453+0000] {logging_mixin.py:188} INFO - [2025-11-12T19:08:15.453+0000] {dag.py:3096} INFO - Sync 1 DAGs
[2025-11-12T19:08:15.474+0000] {logging_mixin.py:188} INFO - [2025-11-12T19:08:15.474+0000] {dag.py:3954} INFO - Setting next_dagrun for example_nested_branch_dag to 2025-11-11 00:00:00+00:00, run_after=2025-11-12 00:00:00+00:00
[2025-11-12T19:08:15.499+0000] {processor.py:183} INFO - Processing /home/airflow/.local/lib/python3.12/site-packages/airflow/example_dags/example_nested_branch_dag.py took 0.102 seconds
[2025-11-12T19:08:45.817+0000] {processor.py:161} INFO - Started process (PID=399) to work on /home/airflow/.local/lib/python3.12/site-packages/airflow/example_dags/example_nested_branch_dag.py
[2025-11-12T19:08:45.818+0000] {processor.py:830} INFO - Processing file /home/airflow/.local/lib/python3.12/site-packages/airflow/example_dags/example_nested_branch_dag.py for tasks to queue
[2025-11-12T19:08:45.819+0000] {logging_mixin.py:188} INFO - [2025-11-12T19:08:45.819+0000] {dagbag.py:545} INFO - Filling up the DagBag from /home/airflow/.local/lib/python3.12/site-packages/airflow/example_dags/example_nested_branch_dag.py
[2025-11-12T19:08:45.828+0000] {processor.py:840} INFO - DAG(s) 'example_nested_branch_dag' retrieved from /home/airflow/.local/lib/python3.12/site-packages/airflow/example_dags/example_nested_branch_dag.py
[2025-11-12T19:08:45.850+0000] {logging_mixin.py:188} INFO - [2025-11-12T19:08:45.850+0000] {dag.py:3096} INFO - Sync 1 DAGs
[2025-11-12T19:08:45.870+0000] {logging_mixin.py:188} INFO - [2025-11-12T19:08:45.870+0000] {dag.py:3954} INFO - Setting next_dagrun for example_nested_branch_dag to 2025-11-11 00:00:00+00:00, run_after=2025-11-12 00:00:00+00:00
[2025-11-12T19:08:45.894+0000] {processor.py:183} INFO - Processing /home/airflow/.local/lib/python3.12/site-packages/airflow/example_dags/example_nested_branch_dag.py took 0.082 seconds
[2025-11-12T19:09:16.216+0000] {processor.py:161} INFO - Started process (PID=460) to work on /home/airflow/.local/lib/python3.12/site-packages/airflow/example_dags/example_nested_branch_dag.py
[2025-11-12T19:09:16.217+0000] {processor.py:830} INFO - Processing file /home/airflow/.local/lib/python3.12/site-packages/airflow/example_dags/example_nested_branch_dag.py for tasks to queue
[2025-11-12T19:09:16.218+0000] {logging_mixin.py:188} INFO - [2025-11-12T19:09:16.218+0000] {dagbag.py:545} INFO - Filling up the DagBag from /home/airflow/.local/lib/python3.12/site-packages/airflow/example_dags/example_nested_branch_dag.py
[2025-11-12T19:09:16.227+0000] {processor.py:840} INFO - DAG(s) 'example_nested_branch_dag' retrieved from /home/airflow/.local/lib/python3.12/site-packages/airflow/example_dags/example_nested_branch_dag.py
[2025-11-12T19:09:16.248+0000] {logging_mixin.py:188} INFO - [2025-11-12T19:09:16.247+0000] {dag.py:3096} INFO - Sync 1 DAGs
[2025-11-12T19:09:16.267+0000] {logging_mixin.py:188} INFO - [2025-11-12T19:09:16.267+0000] {dag.py:3954} INFO - Setting next_dagrun for example_nested_branch_dag to 2025-11-11 00:00:00+00:00, run_after=2025-11-12 00:00:00+00:00
[2025-11-12T19:09:16.292+0000] {processor.py:183} INFO - Processing /home/airflow/.local/lib/python3.12/site-packages/airflow/example_dags/example_nested_branch_dag.py took 0.082 seconds
[2025-11-12T19:09:47.194+0000] {processor.py:161} INFO - Started process (PID=521) to work on /home/airflow/.local/lib/python3.12/site-packages/airflow/example_dags/example_nested_branch_dag.py
[2025-11-12T19:09:47.195+0000] {processor.py:830} INFO - Processing file /home/airflow/.local/lib/python3.12/site-packages/airflow/example_dags/example_nested_branch_dag.py for tasks to queue
[2025-11-12T19:09:47.196+0000] {logging_mixin.py:188} INFO - [2025-11-12T19:09:47.196+0000] {dagbag.py:545} INFO - Filling up the DagBag from /home/airflow/.local/lib/python3.12/site-packages/airflow/example_dags/example_nested_branch_dag.py
[2025-11-12T19:09:47.204+0000] {processor.py:840} INFO - DAG(s) 'example_nested_branch_dag' retrieved from /home/airflow/.local/lib/python3.12/site-packages/airflow/example_dags/example_nested_branch_dag.py
[2025-11-12T19:09:47.234+0000] {logging_mixin.py:188} INFO - [2025-11-12T19:09:47.233+0000] {dag.py:3096} INFO - Sync 1 DAGs
[2025-11-12T19:09:47.262+0000] {logging_mixin.py:188} INFO - [2025-11-12T19:09:47.262+0000] {dag.py:3954} INFO - Setting next_dagrun for example_nested_branch_dag to 2025-11-11 00:00:00+00:00, run_after=2025-11-12 00:00:00+00:00
[2025-11-12T19:09:47.293+0000] {processor.py:183} INFO - Processing /home/airflow/.local/lib/python3.12/site-packages/airflow/example_dags/example_nested_branch_dag.py took 0.104 seconds
[2025-11-12T19:10:17.403+0000] {processor.py:161} INFO - Started process (PID=581) to work on /home/airflow/.local/lib/python3.12/site-packages/airflow/example_dags/example_nested_branch_dag.py
[2025-11-12T19:10:17.404+0000] {processor.py:830} INFO - Processing file /home/airflow/.local/lib/python3.12/site-packages/airflow/example_dags/example_nested_branch_dag.py for tasks to queue
[2025-11-12T19:10:17.405+0000] {logging_mixin.py:188} INFO - [2025-11-12T19:10:17.405+0000] {dagbag.py:545} INFO - Filling up the DagBag from /home/airflow/.local/lib/python3.12/site-packages/airflow/example_dags/example_nested_branch_dag.py
[2025-11-12T19:10:17.413+0000] {processor.py:840} INFO - DAG(s) 'example_nested_branch_dag' retrieved from /home/airflow/.local/lib/python3.12/site-packages/airflow/example_dags/example_nested_branch_dag.py
[2025-11-12T19:10:17.436+0000] {logging_mixin.py:188} INFO - [2025-11-12T19:10:17.435+0000] {dag.py:3096} INFO - Sync 1 DAGs
[2025-11-12T19:10:17.456+0000] {logging_mixin.py:188} INFO - [2025-11-12T19:10:17.456+0000] {dag.py:3954} INFO - Setting next_dagrun for example_nested_branch_dag to 2025-11-11 00:00:00+00:00, run_after=2025-11-12 00:00:00+00:00
[2025-11-12T19:10:17.476+0000] {processor.py:183} INFO - Processing /home/airflow/.local/lib/python3.12/site-packages/airflow/example_dags/example_nested_branch_dag.py took 0.077 seconds
[2025-11-12T19:10:47.763+0000] {processor.py:161} INFO - Started process (PID=642) to work on /home/airflow/.local/lib/python3.12/site-packages/airflow/example_dags/example_nested_branch_dag.py
[2025-11-12T19:10:47.764+0000] {processor.py:830} INFO - Processing file /home/airflow/.local/lib/python3.12/site-packages/airflow/example_dags/example_nested_branch_dag.py for tasks to queue
[2025-11-12T19:10:47.765+0000] {logging_mixin.py:188} INFO - [2025-11-12T19:10:47.765+0000] {dagbag.py:545} INFO - Filling up the DagBag from /home/airflow/.local/lib/python3.12/site-packages/airflow/example_dags/example_nested_branch_dag.py
[2025-11-12T19:10:47.776+0000] {processor.py:840} INFO - DAG(s) 'example_nested_branch_dag' retrieved from /home/airflow/.local/lib/python3.12/site-packages/airflow/example_dags/example_nested_branch_dag.py
[2025-11-12T19:10:47.797+0000] {logging_mixin.py:188} INFO - [2025-11-12T19:10:47.796+0000] {dag.py:3096} INFO - Sync 1 DAGs
[2025-11-12T19:10:47.815+0000] {logging_mixin.py:188} INFO - [2025-11-12T19:10:47.815+0000] {dag.py:3954} INFO - Setting next_dagrun for example_nested_branch_dag to 2025-11-11 00:00:00+00:00, run_after=2025-11-12 00:00:00+00:00
[2025-11-12T19:10:47.835+0000] {processor.py:183} INFO - Processing /home/airflow/.local/lib/python3.12/site-packages/airflow/example_dags/example_nested_branch_dag.py took 0.076 seconds
[2025-11-12T19:11:18.079+0000] {processor.py:161} INFO - Started process (PID=702) to work on /home/airflow/.local/lib/python3.12/site-packages/airflow/example_dags/example_nested_branch_dag.py
[2025-11-12T19:11:18.081+0000] {processor.py:830} INFO - Processing file /home/airflow/.local/lib/python3.12/site-packages/airflow/example_dags/example_nested_branch_dag.py for tasks to queue
[2025-11-12T19:11:18.082+0000] {logging_mixin.py:188} INFO - [2025-11-12T19:11:18.081+0000] {dagbag.py:545} INFO - Filling up the DagBag from /home/airflow/.local/lib/python3.12/site-packages/airflow/example_dags/example_nested_branch_dag.py
[2025-11-12T19:11:18.089+0000] {processor.py:840} INFO - DAG(s) 'example_nested_branch_dag' retrieved from /home/airflow/.local/lib/python3.12/site-packages/airflow/example_dags/example_nested_branch_dag.py
[2025-11-12T19:11:18.111+0000] {logging_mixin.py:188} INFO - [2025-11-12T19:11:18.111+0000] {dag.py:3096} INFO - Sync 1 DAGs
[2025-11-12T19:11:18.135+0000] {logging_mixin.py:188} INFO - [2025-11-12T19:11:18.134+0000] {dag.py:3954} INFO - Setting next_dagrun for example_nested_branch_dag to 2025-11-11 00:00:00+00:00, run_after=2025-11-12 00:00:00+00:00
[2025-11-12T19:11:18.160+0000] {processor.py:183} INFO - Processing /home/airflow/.local/lib/python3.12/site-packages/airflow/example_dags/example_nested_branch_dag.py took 0.085 seconds
[2025-11-12T19:11:49.222+0000] {processor.py:161} INFO - Started process (PID=762) to work on /home/airflow/.local/lib/python3.12/site-packages/airflow/example_dags/example_nested_branch_dag.py
[2025-11-12T19:11:49.223+0000] {processor.py:830} INFO - Processing file /home/airflow/.local/lib/python3.12/site-packages/airflow/example_dags/example_nested_branch_dag.py for tasks to queue
[2025-11-12T19:11:49.224+0000] {logging_mixin.py:188} INFO - [2025-11-12T19:11:49.224+0000] {dagbag.py:545} INFO - Filling up the DagBag from /home/airflow/.local/lib/python3.12/site-packages/airflow/example_dags/example_nested_branch_dag.py
[2025-11-12T19:11:49.235+0000] {processor.py:840} INFO - DAG(s) 'example_nested_branch_dag' retrieved from /home/airflow/.local/lib/python3.12/site-packages/airflow/example_dags/example_nested_branch_dag.py
[2025-11-12T19:11:49.257+0000] {logging_mixin.py:188} INFO - [2025-11-12T19:11:49.257+0000] {dag.py:3096} INFO - Sync 1 DAGs
[2025-11-12T19:11:49.277+0000] {logging_mixin.py:188} INFO - [2025-11-12T19:11:49.277+0000] {dag.py:3954} INFO - Setting next_dagrun for example_nested_branch_dag to 2025-11-11 00:00:00+00:00, run_after=2025-11-12 00:00:00+00:00
[2025-11-12T19:11:49.298+0000] {processor.py:183} INFO - Processing /home/airflow/.local/lib/python3.12/site-packages/airflow/example_dags/example_nested_branch_dag.py took 0.083 seconds
[2025-11-12T19:12:20.397+0000] {processor.py:161} INFO - Started process (PID=822) to work on /home/airflow/.local/lib/python3.12/site-packages/airflow/example_dags/example_nested_branch_dag.py
[2025-11-12T19:12:20.398+0000] {processor.py:830} INFO - Processing file /home/airflow/.local/lib/python3.12/site-packages/airflow/example_dags/example_nested_branch_dag.py for tasks to queue
[2025-11-12T19:12:20.399+0000] {logging_mixin.py:188} INFO - [2025-11-12T19:12:20.399+0000] {dagbag.py:545} INFO - Filling up the DagBag from /home/airflow/.local/lib/python3.12/site-packages/airflow/example_dags/example_nested_branch_dag.py
[2025-11-12T19:12:20.408+0000] {processor.py:840} INFO - DAG(s) 'example_nested_branch_dag' retrieved from /home/airflow/.local/lib/python3.12/site-packages/airflow/example_dags/example_nested_branch_dag.py
[2025-11-12T19:12:20.428+0000] {logging_mixin.py:188} INFO - [2025-11-12T19:12:20.428+0000] {dag.py:3096} INFO - Sync 1 DAGs
[2025-11-12T19:12:20.445+0000] {logging_mixin.py:188} INFO - [2025-11-12T19:12:20.445+0000] {dag.py:3954} INFO - Setting next_dagrun for example_nested_branch_dag to 2025-11-11 00:00:00+00:00, run_after=2025-11-12 00:00:00+00:00
[2025-11-12T19:12:20.472+0000] {processor.py:183} INFO - Processing /home/airflow/.local/lib/python3.12/site-packages/airflow/example_dags/example_nested_branch_dag.py took 0.079 seconds
[2025-11-12T19:12:50.838+0000] {processor.py:161} INFO - Started process (PID=882) to work on /home/airflow/.local/lib/python3.12/site-packages/airflow/example_dags/example_nested_branch_dag.py
[2025-11-12T19:12:50.839+0000] {processor.py:830} INFO - Processing file /home/airflow/.local/lib/python3.12/site-packages/airflow/example_dags/example_nested_branch_dag.py for tasks to queue
[2025-11-12T19:12:50.840+0000] {logging_mixin.py:188} INFO - [2025-11-12T19:12:50.840+0000] {dagbag.py:545} INFO - Filling up the DagBag from /home/airflow/.local/lib/python3.12/site-packages/airflow/example_dags/example_nested_branch_dag.py
[2025-11-12T19:12:50.849+0000] {processor.py:840} INFO - DAG(s) 'example_nested_branch_dag' retrieved from /home/airflow/.local/lib/python3.12/site-packages/airflow/example_dags/example_nested_branch_dag.py
[2025-11-12T19:12:50.871+0000] {logging_mixin.py:188} INFO - [2025-11-12T19:12:50.870+0000] {dag.py:3096} INFO - Sync 1 DAGs
[2025-11-12T19:12:50.894+0000] {logging_mixin.py:188} INFO - [2025-11-12T19:12:50.894+0000] {dag.py:3954} INFO - Setting next_dagrun for example_nested_branch_dag to 2025-11-11 00:00:00+00:00, run_after=2025-11-12 00:00:00+00:00
[2025-11-12T19:12:50.919+0000] {processor.py:183} INFO - Processing /home/airflow/.local/lib/python3.12/site-packages/airflow/example_dags/example_nested_branch_dag.py took 0.085 seconds
[2025-11-12T19:13:21.283+0000] {processor.py:161} INFO - Started process (PID=943) to work on /home/airflow/.local/lib/python3.12/site-packages/airflow/example_dags/example_nested_branch_dag.py
[2025-11-12T19:13:21.284+0000] {processor.py:830} INFO - Processing file /home/airflow/.local/lib/python3.12/site-packages/airflow/example_dags/example_nested_branch_dag.py for tasks to queue
[2025-11-12T19:13:21.285+0000] {logging_mixin.py:188} INFO - [2025-11-12T19:13:21.285+0000] {dagbag.py:545} INFO - Filling up the DagBag from /home/airflow/.local/lib/python3.12/site-packages/airflow/example_dags/example_nested_branch_dag.py
[2025-11-12T19:13:21.295+0000] {processor.py:840} INFO - DAG(s) 'example_nested_branch_dag' retrieved from /home/airflow/.local/lib/python3.12/site-packages/airflow/example_dags/example_nested_branch_dag.py
[2025-11-12T19:13:21.323+0000] {logging_mixin.py:188} INFO - [2025-11-12T19:13:21.322+0000] {dag.py:3096} INFO - Sync 1 DAGs
[2025-11-12T19:13:21.348+0000] {logging_mixin.py:188} INFO - [2025-11-12T19:13:21.347+0000] {dag.py:3954} INFO - Setting next_dagrun for example_nested_branch_dag to 2025-11-11 00:00:00+00:00, run_after=2025-11-12 00:00:00+00:00
[2025-11-12T19:13:21.370+0000] {processor.py:183} INFO - Processing /home/airflow/.local/lib/python3.12/site-packages/airflow/example_dags/example_nested_branch_dag.py took 0.091 seconds
[2025-11-12T19:13:51.514+0000] {processor.py:161} INFO - Started process (PID=1002) to work on /home/airflow/.local/lib/python3.12/site-packages/airflow/example_dags/example_nested_branch_dag.py
[2025-11-12T19:13:51.515+0000] {processor.py:830} INFO - Processing file /home/airflow/.local/lib/python3.12/site-packages/airflow/example_dags/example_nested_branch_dag.py for tasks to queue
[2025-11-12T19:13:51.516+0000] {logging_mixin.py:188} INFO - [2025-11-12T19:13:51.515+0000] {dagbag.py:545} INFO - Filling up the DagBag from /home/airflow/.local/lib/python3.12/site-packages/airflow/example_dags/example_nested_branch_dag.py
[2025-11-12T19:13:51.524+0000] {processor.py:840} INFO - DAG(s) 'example_nested_branch_dag' retrieved from /home/airflow/.local/lib/python3.12/site-packages/airflow/example_dags/example_nested_branch_dag.py
[2025-11-12T19:13:51.544+0000] {logging_mixin.py:188} INFO - [2025-11-12T19:13:51.544+0000] {dag.py:3096} INFO - Sync 1 DAGs
[2025-11-12T19:13:51.563+0000] {logging_mixin.py:188} INFO - [2025-11-12T19:13:51.563+0000] {dag.py:3954} INFO - Setting next_dagrun for example_nested_branch_dag to 2025-11-11 00:00:00+00:00, run_after=2025-11-12 00:00:00+00:00
[2025-11-12T19:13:51.582+0000] {processor.py:183} INFO - Processing /home/airflow/.local/lib/python3.12/site-packages/airflow/example_dags/example_nested_branch_dag.py took 0.073 seconds
[2025-11-12T19:14:21.869+0000] {processor.py:161} INFO - Started process (PID=1062) to work on /home/airflow/.local/lib/python3.12/site-packages/airflow/example_dags/example_nested_branch_dag.py
[2025-11-12T19:14:21.870+0000] {processor.py:830} INFO - Processing file /home/airflow/.local/lib/python3.12/site-packages/airflow/example_dags/example_nested_branch_dag.py for tasks to queue
[2025-11-12T19:14:21.871+0000] {logging_mixin.py:188} INFO - [2025-11-12T19:14:21.870+0000] {dagbag.py:545} INFO - Filling up the DagBag from /home/airflow/.local/lib/python3.12/site-packages/airflow/example_dags/example_nested_branch_dag.py
[2025-11-12T19:14:21.878+0000] {processor.py:840} INFO - DAG(s) 'example_nested_branch_dag' retrieved from /home/airflow/.local/lib/python3.12/site-packages/airflow/example_dags/example_nested_branch_dag.py
[2025-11-12T19:14:21.899+0000] {logging_mixin.py:188} INFO - [2025-11-12T19:14:21.898+0000] {dag.py:3096} INFO - Sync 1 DAGs
[2025-11-12T19:14:21.916+0000] {logging_mixin.py:188} INFO - [2025-11-12T19:14:21.916+0000] {dag.py:3954} INFO - Setting next_dagrun for example_nested_branch_dag to 2025-11-11 00:00:00+00:00, run_after=2025-11-12 00:00:00+00:00
[2025-11-12T19:14:21.937+0000] {processor.py:183} INFO - Processing /home/airflow/.local/lib/python3.12/site-packages/airflow/example_dags/example_nested_branch_dag.py took 0.072 seconds
[2025-11-12T19:14:52.897+0000] {processor.py:161} INFO - Started process (PID=1122) to work on /home/airflow/.local/lib/python3.12/site-packages/airflow/example_dags/example_nested_branch_dag.py
[2025-11-12T19:14:52.898+0000] {processor.py:830} INFO - Processing file /home/airflow/.local/lib/python3.12/site-packages/airflow/example_dags/example_nested_branch_dag.py for tasks to queue
[2025-11-12T19:14:52.899+0000] {logging_mixin.py:188} INFO - [2025-11-12T19:14:52.899+0000] {dagbag.py:545} INFO - Filling up the DagBag from /home/airflow/.local/lib/python3.12/site-packages/airflow/example_dags/example_nested_branch_dag.py
[2025-11-12T19:14:52.909+0000] {processor.py:840} INFO - DAG(s) 'example_nested_branch_dag' retrieved from /home/airflow/.local/lib/python3.12/site-packages/airflow/example_dags/example_nested_branch_dag.py
[2025-11-12T19:14:52.931+0000] {logging_mixin.py:188} INFO - [2025-11-12T19:14:52.931+0000] {dag.py:3096} INFO - Sync 1 DAGs
[2025-11-12T19:14:52.950+0000] {logging_mixin.py:188} INFO - [2025-11-12T19:14:52.950+0000] {dag.py:3954} INFO - Setting next_dagrun for example_nested_branch_dag to 2025-11-11 00:00:00+00:00, run_after=2025-11-12 00:00:00+00:00
[2025-11-12T19:14:52.969+0000] {processor.py:183} INFO - Processing /home/airflow/.local/lib/python3.12/site-packages/airflow/example_dags/example_nested_branch_dag.py took 0.076 seconds
[2025-11-12T19:15:23.633+0000] {processor.py:161} INFO - Started process (PID=1182) to work on /home/airflow/.local/lib/python3.12/site-packages/airflow/example_dags/example_nested_branch_dag.py
[2025-11-12T19:15:23.634+0000] {processor.py:830} INFO - Processing file /home/airflow/.local/lib/python3.12/site-packages/airflow/example_dags/example_nested_branch_dag.py for tasks to queue
[2025-11-12T19:15:23.635+0000] {logging_mixin.py:188} INFO - [2025-11-12T19:15:23.635+0000] {dagbag.py:545} INFO - Filling up the DagBag from /home/airflow/.local/lib/python3.12/site-packages/airflow/example_dags/example_nested_branch_dag.py
[2025-11-12T19:15:23.645+0000] {processor.py:840} INFO - DAG(s) 'example_nested_branch_dag' retrieved from /home/airflow/.local/lib/python3.12/site-packages/airflow/example_dags/example_nested_branch_dag.py
[2025-11-12T19:15:23.670+0000] {logging_mixin.py:188} INFO - [2025-11-12T19:15:23.670+0000] {dag.py:3096} INFO - Sync 1 DAGs
[2025-11-12T19:15:23.686+0000] {logging_mixin.py:188} INFO - [2025-11-12T19:15:23.686+0000] {dag.py:3954} INFO - Setting next_dagrun for example_nested_branch_dag to 2025-11-11 00:00:00+00:00, run_after=2025-11-12 00:00:00+00:00
[2025-11-12T19:15:23.709+0000] {processor.py:183} INFO - Processing /home/airflow/.local/lib/python3.12/site-packages/airflow/example_dags/example_nested_branch_dag.py took 0.082 seconds
[2025-11-12T19:15:54.116+0000] {processor.py:161} INFO - Started process (PID=1242) to work on /home/airflow/.local/lib/python3.12/site-packages/airflow/example_dags/example_nested_branch_dag.py
[2025-11-12T19:15:54.117+0000] {processor.py:830} INFO - Processing file /home/airflow/.local/lib/python3.12/site-packages/airflow/example_dags/example_nested_branch_dag.py for tasks to queue
[2025-11-12T19:15:54.118+0000] {logging_mixin.py:188} INFO - [2025-11-12T19:15:54.118+0000] {dagbag.py:545} INFO - Filling up the DagBag from /home/airflow/.local/lib/python3.12/site-packages/airflow/example_dags/example_nested_branch_dag.py
[2025-11-12T19:15:54.127+0000] {processor.py:840} INFO - DAG(s) 'example_nested_branch_dag' retrieved from /home/airflow/.local/lib/python3.12/site-packages/airflow/example_dags/example_nested_branch_dag.py
[2025-11-12T19:15:54.147+0000] {logging_mixin.py:188} INFO - [2025-11-12T19:15:54.147+0000] {dag.py:3096} INFO - Sync 1 DAGs
[2025-11-12T19:15:54.165+0000] {logging_mixin.py:188} INFO - [2025-11-12T19:15:54.165+0000] {dag.py:3954} INFO - Setting next_dagrun for example_nested_branch_dag to 2025-11-11 00:00:00+00:00, run_after=2025-11-12 00:00:00+00:00
[2025-11-12T19:15:54.184+0000] {processor.py:183} INFO - Processing /home/airflow/.local/lib/python3.12/site-packages/airflow/example_dags/example_nested_branch_dag.py took 0.072 seconds
[2025-11-12T19:16:58.769+0000] {processor.py:161} INFO - Started process (PID=99) to work on /home/airflow/.local/lib/python3.12/site-packages/airflow/example_dags/example_nested_branch_dag.py
[2025-11-12T19:16:58.771+0000] {processor.py:830} INFO - Processing file /home/airflow/.local/lib/python3.12/site-packages/airflow/example_dags/example_nested_branch_dag.py for tasks to queue
[2025-11-12T19:16:58.774+0000] {logging_mixin.py:188} INFO - [2025-11-12T19:16:58.774+0000] {dagbag.py:545} INFO - Filling up the DagBag from /home/airflow/.local/lib/python3.12/site-packages/airflow/example_dags/example_nested_branch_dag.py
[2025-11-12T19:16:58.794+0000] {processor.py:840} INFO - DAG(s) 'example_nested_branch_dag' retrieved from /home/airflow/.local/lib/python3.12/site-packages/airflow/example_dags/example_nested_branch_dag.py
[2025-11-12T19:16:58.953+0000] {logging_mixin.py:188} INFO - [2025-11-12T19:16:58.953+0000] {dag.py:3096} INFO - Sync 1 DAGs
[2025-11-12T19:16:58.989+0000] {logging_mixin.py:188} INFO - [2025-11-12T19:16:58.988+0000] {dag.py:3954} INFO - Setting next_dagrun for example_nested_branch_dag to 2025-11-11 00:00:00+00:00, run_after=2025-11-12 00:00:00+00:00
[2025-11-12T19:16:59.021+0000] {processor.py:183} INFO - Processing /home/airflow/.local/lib/python3.12/site-packages/airflow/example_dags/example_nested_branch_dag.py took 0.258 seconds
[2025-11-12T19:17:29.433+0000] {processor.py:161} INFO - Started process (PID=159) to work on /home/airflow/.local/lib/python3.12/site-packages/airflow/example_dags/example_nested_branch_dag.py
[2025-11-12T19:17:29.434+0000] {processor.py:830} INFO - Processing file /home/airflow/.local/lib/python3.12/site-packages/airflow/example_dags/example_nested_branch_dag.py for tasks to queue
[2025-11-12T19:17:29.436+0000] {logging_mixin.py:188} INFO - [2025-11-12T19:17:29.435+0000] {dagbag.py:545} INFO - Filling up the DagBag from /home/airflow/.local/lib/python3.12/site-packages/airflow/example_dags/example_nested_branch_dag.py
[2025-11-12T19:17:29.446+0000] {processor.py:840} INFO - DAG(s) 'example_nested_branch_dag' retrieved from /home/airflow/.local/lib/python3.12/site-packages/airflow/example_dags/example_nested_branch_dag.py
[2025-11-12T19:17:29.468+0000] {logging_mixin.py:188} INFO - [2025-11-12T19:17:29.467+0000] {dag.py:3096} INFO - Sync 1 DAGs
[2025-11-12T19:17:29.494+0000] {logging_mixin.py:188} INFO - [2025-11-12T19:17:29.493+0000] {dag.py:3954} INFO - Setting next_dagrun for example_nested_branch_dag to 2025-11-11 00:00:00+00:00, run_after=2025-11-12 00:00:00+00:00
[2025-11-12T19:17:29.517+0000] {processor.py:183} INFO - Processing /home/airflow/.local/lib/python3.12/site-packages/airflow/example_dags/example_nested_branch_dag.py took 0.090 seconds
[2025-11-12T19:17:59.543+0000] {processor.py:161} INFO - Started process (PID=219) to work on /home/airflow/.local/lib/python3.12/site-packages/airflow/example_dags/example_nested_branch_dag.py
[2025-11-12T19:17:59.544+0000] {processor.py:830} INFO - Processing file /home/airflow/.local/lib/python3.12/site-packages/airflow/example_dags/example_nested_branch_dag.py for tasks to queue
[2025-11-12T19:17:59.546+0000] {logging_mixin.py:188} INFO - [2025-11-12T19:17:59.546+0000] {dagbag.py:545} INFO - Filling up the DagBag from /home/airflow/.local/lib/python3.12/site-packages/airflow/example_dags/example_nested_branch_dag.py
[2025-11-12T19:17:59.555+0000] {processor.py:840} INFO - DAG(s) 'example_nested_branch_dag' retrieved from /home/airflow/.local/lib/python3.12/site-packages/airflow/example_dags/example_nested_branch_dag.py
[2025-11-12T19:17:59.580+0000] {logging_mixin.py:188} INFO - [2025-11-12T19:17:59.579+0000] {dag.py:3096} INFO - Sync 1 DAGs
[2025-11-12T19:17:59.601+0000] {logging_mixin.py:188} INFO - [2025-11-12T19:17:59.601+0000] {dag.py:3954} INFO - Setting next_dagrun for example_nested_branch_dag to 2025-11-11 00:00:00+00:00, run_after=2025-11-12 00:00:00+00:00
[2025-11-12T19:17:59.625+0000] {processor.py:183} INFO - Processing /home/airflow/.local/lib/python3.12/site-packages/airflow/example_dags/example_nested_branch_dag.py took 0.087 seconds
[2025-11-12T19:18:29.747+0000] {processor.py:161} INFO - Started process (PID=279) to work on /home/airflow/.local/lib/python3.12/site-packages/airflow/example_dags/example_nested_branch_dag.py
[2025-11-12T19:18:29.749+0000] {processor.py:830} INFO - Processing file /home/airflow/.local/lib/python3.12/site-packages/airflow/example_dags/example_nested_branch_dag.py for tasks to queue
[2025-11-12T19:18:29.751+0000] {logging_mixin.py:188} INFO - [2025-11-12T19:18:29.750+0000] {dagbag.py:545} INFO - Filling up the DagBag from /home/airflow/.local/lib/python3.12/site-packages/airflow/example_dags/example_nested_branch_dag.py
[2025-11-12T19:18:29.761+0000] {processor.py:840} INFO - DAG(s) 'example_nested_branch_dag' retrieved from /home/airflow/.local/lib/python3.12/site-packages/airflow/example_dags/example_nested_branch_dag.py
[2025-11-12T19:18:29.786+0000] {logging_mixin.py:188} INFO - [2025-11-12T19:18:29.786+0000] {dag.py:3096} INFO - Sync 1 DAGs
[2025-11-12T19:18:29.805+0000] {logging_mixin.py:188} INFO - [2025-11-12T19:18:29.805+0000] {dag.py:3954} INFO - Setting next_dagrun for example_nested_branch_dag to 2025-11-11 00:00:00+00:00, run_after=2025-11-12 00:00:00+00:00
[2025-11-12T19:18:29.824+0000] {processor.py:183} INFO - Processing /home/airflow/.local/lib/python3.12/site-packages/airflow/example_dags/example_nested_branch_dag.py took 0.082 seconds
[2025-11-12T19:19:00.215+0000] {processor.py:161} INFO - Started process (PID=340) to work on /home/airflow/.local/lib/python3.12/site-packages/airflow/example_dags/example_nested_branch_dag.py
[2025-11-12T19:19:00.216+0000] {processor.py:830} INFO - Processing file /home/airflow/.local/lib/python3.12/site-packages/airflow/example_dags/example_nested_branch_dag.py for tasks to queue
[2025-11-12T19:19:00.219+0000] {logging_mixin.py:188} INFO - [2025-11-12T19:19:00.218+0000] {dagbag.py:545} INFO - Filling up the DagBag from /home/airflow/.local/lib/python3.12/site-packages/airflow/example_dags/example_nested_branch_dag.py
[2025-11-12T19:19:00.228+0000] {processor.py:840} INFO - DAG(s) 'example_nested_branch_dag' retrieved from /home/airflow/.local/lib/python3.12/site-packages/airflow/example_dags/example_nested_branch_dag.py
[2025-11-12T19:19:00.250+0000] {logging_mixin.py:188} INFO - [2025-11-12T19:19:00.250+0000] {dag.py:3096} INFO - Sync 1 DAGs
[2025-11-12T19:19:00.279+0000] {logging_mixin.py:188} INFO - [2025-11-12T19:19:00.279+0000] {dag.py:3954} INFO - Setting next_dagrun for example_nested_branch_dag to 2025-11-11 00:00:00+00:00, run_after=2025-11-12 00:00:00+00:00
[2025-11-12T19:19:00.301+0000] {processor.py:183} INFO - Processing /home/airflow/.local/lib/python3.12/site-packages/airflow/example_dags/example_nested_branch_dag.py took 0.092 seconds
[2025-11-12T19:19:31.348+0000] {processor.py:161} INFO - Started process (PID=400) to work on /home/airflow/.local/lib/python3.12/site-packages/airflow/example_dags/example_nested_branch_dag.py
[2025-11-12T19:19:31.349+0000] {processor.py:830} INFO - Processing file /home/airflow/.local/lib/python3.12/site-packages/airflow/example_dags/example_nested_branch_dag.py for tasks to queue
[2025-11-12T19:19:31.355+0000] {logging_mixin.py:188} INFO - [2025-11-12T19:19:31.355+0000] {dagbag.py:545} INFO - Filling up the DagBag from /home/airflow/.local/lib/python3.12/site-packages/airflow/example_dags/example_nested_branch_dag.py
[2025-11-12T19:19:31.364+0000] {processor.py:840} INFO - DAG(s) 'example_nested_branch_dag' retrieved from /home/airflow/.local/lib/python3.12/site-packages/airflow/example_dags/example_nested_branch_dag.py
[2025-11-12T19:19:31.388+0000] {logging_mixin.py:188} INFO - [2025-11-12T19:19:31.387+0000] {dag.py:3096} INFO - Sync 1 DAGs
[2025-11-12T19:19:31.411+0000] {logging_mixin.py:188} INFO - [2025-11-12T19:19:31.411+0000] {dag.py:3954} INFO - Setting next_dagrun for example_nested_branch_dag to 2025-11-11 00:00:00+00:00, run_after=2025-11-12 00:00:00+00:00
[2025-11-12T19:19:31.430+0000] {processor.py:183} INFO - Processing /home/airflow/.local/lib/python3.12/site-packages/airflow/example_dags/example_nested_branch_dag.py took 0.086 seconds
[2025-11-12T19:20:01.972+0000] {processor.py:161} INFO - Started process (PID=460) to work on /home/airflow/.local/lib/python3.12/site-packages/airflow/example_dags/example_nested_branch_dag.py
[2025-11-12T19:20:01.973+0000] {processor.py:830} INFO - Processing file /home/airflow/.local/lib/python3.12/site-packages/airflow/example_dags/example_nested_branch_dag.py for tasks to queue
[2025-11-12T19:20:01.976+0000] {logging_mixin.py:188} INFO - [2025-11-12T19:20:01.975+0000] {dagbag.py:545} INFO - Filling up the DagBag from /home/airflow/.local/lib/python3.12/site-packages/airflow/example_dags/example_nested_branch_dag.py
[2025-11-12T19:20:01.984+0000] {processor.py:840} INFO - DAG(s) 'example_nested_branch_dag' retrieved from /home/airflow/.local/lib/python3.12/site-packages/airflow/example_dags/example_nested_branch_dag.py
[2025-11-12T19:20:02.006+0000] {logging_mixin.py:188} INFO - [2025-11-12T19:20:02.005+0000] {dag.py:3096} INFO - Sync 1 DAGs
[2025-11-12T19:20:02.026+0000] {logging_mixin.py:188} INFO - [2025-11-12T19:20:02.026+0000] {dag.py:3954} INFO - Setting next_dagrun for example_nested_branch_dag to 2025-11-11 00:00:00+00:00, run_after=2025-11-12 00:00:00+00:00
[2025-11-12T19:20:02.045+0000] {processor.py:183} INFO - Processing /home/airflow/.local/lib/python3.12/site-packages/airflow/example_dags/example_nested_branch_dag.py took 0.079 seconds
[2025-11-12T19:20:33.256+0000] {processor.py:161} INFO - Started process (PID=521) to work on /home/airflow/.local/lib/python3.12/site-packages/airflow/example_dags/example_nested_branch_dag.py
[2025-11-12T19:20:33.257+0000] {processor.py:830} INFO - Processing file /home/airflow/.local/lib/python3.12/site-packages/airflow/example_dags/example_nested_branch_dag.py for tasks to queue
[2025-11-12T19:20:33.260+0000] {logging_mixin.py:188} INFO - [2025-11-12T19:20:33.259+0000] {dagbag.py:545} INFO - Filling up the DagBag from /home/airflow/.local/lib/python3.12/site-packages/airflow/example_dags/example_nested_branch_dag.py
[2025-11-12T19:20:33.267+0000] {processor.py:840} INFO - DAG(s) 'example_nested_branch_dag' retrieved from /home/airflow/.local/lib/python3.12/site-packages/airflow/example_dags/example_nested_branch_dag.py
[2025-11-12T19:20:33.286+0000] {logging_mixin.py:188} INFO - [2025-11-12T19:20:33.286+0000] {dag.py:3096} INFO - Sync 1 DAGs
[2025-11-12T19:20:33.307+0000] {logging_mixin.py:188} INFO - [2025-11-12T19:20:33.307+0000] {dag.py:3954} INFO - Setting next_dagrun for example_nested_branch_dag to 2025-11-11 00:00:00+00:00, run_after=2025-11-12 00:00:00+00:00
[2025-11-12T19:20:33.329+0000] {processor.py:183} INFO - Processing /home/airflow/.local/lib/python3.12/site-packages/airflow/example_dags/example_nested_branch_dag.py took 0.077 seconds
[2025-11-12T19:21:03.580+0000] {processor.py:161} INFO - Started process (PID=581) to work on /home/airflow/.local/lib/python3.12/site-packages/airflow/example_dags/example_nested_branch_dag.py
[2025-11-12T19:21:03.581+0000] {processor.py:830} INFO - Processing file /home/airflow/.local/lib/python3.12/site-packages/airflow/example_dags/example_nested_branch_dag.py for tasks to queue
[2025-11-12T19:21:03.583+0000] {logging_mixin.py:188} INFO - [2025-11-12T19:21:03.582+0000] {dagbag.py:545} INFO - Filling up the DagBag from /home/airflow/.local/lib/python3.12/site-packages/airflow/example_dags/example_nested_branch_dag.py
[2025-11-12T19:21:03.592+0000] {processor.py:840} INFO - DAG(s) 'example_nested_branch_dag' retrieved from /home/airflow/.local/lib/python3.12/site-packages/airflow/example_dags/example_nested_branch_dag.py
[2025-11-12T19:21:03.617+0000] {logging_mixin.py:188} INFO - [2025-11-12T19:21:03.617+0000] {dag.py:3096} INFO - Sync 1 DAGs
[2025-11-12T19:21:03.637+0000] {logging_mixin.py:188} INFO - [2025-11-12T19:21:03.636+0000] {dag.py:3954} INFO - Setting next_dagrun for example_nested_branch_dag to 2025-11-11 00:00:00+00:00, run_after=2025-11-12 00:00:00+00:00
[2025-11-12T19:21:03.658+0000] {processor.py:183} INFO - Processing /home/airflow/.local/lib/python3.12/site-packages/airflow/example_dags/example_nested_branch_dag.py took 0.082 seconds
[2025-11-12T19:21:33.854+0000] {processor.py:161} INFO - Started process (PID=641) to work on /home/airflow/.local/lib/python3.12/site-packages/airflow/example_dags/example_nested_branch_dag.py
[2025-11-12T19:21:33.855+0000] {processor.py:830} INFO - Processing file /home/airflow/.local/lib/python3.12/site-packages/airflow/example_dags/example_nested_branch_dag.py for tasks to queue
[2025-11-12T19:21:33.857+0000] {logging_mixin.py:188} INFO - [2025-11-12T19:21:33.857+0000] {dagbag.py:545} INFO - Filling up the DagBag from /home/airflow/.local/lib/python3.12/site-packages/airflow/example_dags/example_nested_branch_dag.py
[2025-11-12T19:21:33.865+0000] {processor.py:840} INFO - DAG(s) 'example_nested_branch_dag' retrieved from /home/airflow/.local/lib/python3.12/site-packages/airflow/example_dags/example_nested_branch_dag.py
[2025-11-12T19:21:33.889+0000] {logging_mixin.py:188} INFO - [2025-11-12T19:21:33.889+0000] {dag.py:3096} INFO - Sync 1 DAGs
[2025-11-12T19:21:33.913+0000] {logging_mixin.py:188} INFO - [2025-11-12T19:21:33.913+0000] {dag.py:3954} INFO - Setting next_dagrun for example_nested_branch_dag to 2025-11-11 00:00:00+00:00, run_after=2025-11-12 00:00:00+00:00
[2025-11-12T19:21:33.938+0000] {processor.py:183} INFO - Processing /home/airflow/.local/lib/python3.12/site-packages/airflow/example_dags/example_nested_branch_dag.py took 0.088 seconds
[2025-11-12T19:22:04.085+0000] {processor.py:161} INFO - Started process (PID=701) to work on /home/airflow/.local/lib/python3.12/site-packages/airflow/example_dags/example_nested_branch_dag.py
[2025-11-12T19:22:04.086+0000] {processor.py:830} INFO - Processing file /home/airflow/.local/lib/python3.12/site-packages/airflow/example_dags/example_nested_branch_dag.py for tasks to queue
[2025-11-12T19:22:04.088+0000] {logging_mixin.py:188} INFO - [2025-11-12T19:22:04.087+0000] {dagbag.py:545} INFO - Filling up the DagBag from /home/airflow/.local/lib/python3.12/site-packages/airflow/example_dags/example_nested_branch_dag.py
[2025-11-12T19:22:04.096+0000] {processor.py:840} INFO - DAG(s) 'example_nested_branch_dag' retrieved from /home/airflow/.local/lib/python3.12/site-packages/airflow/example_dags/example_nested_branch_dag.py
[2025-11-12T19:22:04.119+0000] {logging_mixin.py:188} INFO - [2025-11-12T19:22:04.118+0000] {dag.py:3096} INFO - Sync 1 DAGs
[2025-11-12T19:22:04.139+0000] {logging_mixin.py:188} INFO - [2025-11-12T19:22:04.139+0000] {dag.py:3954} INFO - Setting next_dagrun for example_nested_branch_dag to 2025-11-11 00:00:00+00:00, run_after=2025-11-12 00:00:00+00:00
[2025-11-12T19:22:04.162+0000] {processor.py:183} INFO - Processing /home/airflow/.local/lib/python3.12/site-packages/airflow/example_dags/example_nested_branch_dag.py took 0.081 seconds
[2025-11-12T19:22:34.359+0000] {processor.py:161} INFO - Started process (PID=761) to work on /home/airflow/.local/lib/python3.12/site-packages/airflow/example_dags/example_nested_branch_dag.py
[2025-11-12T19:22:34.360+0000] {processor.py:830} INFO - Processing file /home/airflow/.local/lib/python3.12/site-packages/airflow/example_dags/example_nested_branch_dag.py for tasks to queue
[2025-11-12T19:22:34.362+0000] {logging_mixin.py:188} INFO - [2025-11-12T19:22:34.361+0000] {dagbag.py:545} INFO - Filling up the DagBag from /home/airflow/.local/lib/python3.12/site-packages/airflow/example_dags/example_nested_branch_dag.py
[2025-11-12T19:22:34.370+0000] {processor.py:840} INFO - DAG(s) 'example_nested_branch_dag' retrieved from /home/airflow/.local/lib/python3.12/site-packages/airflow/example_dags/example_nested_branch_dag.py
[2025-11-12T19:22:34.391+0000] {logging_mixin.py:188} INFO - [2025-11-12T19:22:34.391+0000] {dag.py:3096} INFO - Sync 1 DAGs
[2025-11-12T19:22:34.408+0000] {logging_mixin.py:188} INFO - [2025-11-12T19:22:34.408+0000] {dag.py:3954} INFO - Setting next_dagrun for example_nested_branch_dag to 2025-11-11 00:00:00+00:00, run_after=2025-11-12 00:00:00+00:00
[2025-11-12T19:22:34.435+0000] {processor.py:183} INFO - Processing /home/airflow/.local/lib/python3.12/site-packages/airflow/example_dags/example_nested_branch_dag.py took 0.081 seconds
[2025-11-12T19:23:04.580+0000] {processor.py:161} INFO - Started process (PID=821) to work on /home/airflow/.local/lib/python3.12/site-packages/airflow/example_dags/example_nested_branch_dag.py
[2025-11-12T19:23:04.581+0000] {processor.py:830} INFO - Processing file /home/airflow/.local/lib/python3.12/site-packages/airflow/example_dags/example_nested_branch_dag.py for tasks to queue
[2025-11-12T19:23:04.584+0000] {logging_mixin.py:188} INFO - [2025-11-12T19:23:04.583+0000] {dagbag.py:545} INFO - Filling up the DagBag from /home/airflow/.local/lib/python3.12/site-packages/airflow/example_dags/example_nested_branch_dag.py
[2025-11-12T19:23:04.594+0000] {processor.py:840} INFO - DAG(s) 'example_nested_branch_dag' retrieved from /home/airflow/.local/lib/python3.12/site-packages/airflow/example_dags/example_nested_branch_dag.py
[2025-11-12T19:23:04.614+0000] {logging_mixin.py:188} INFO - [2025-11-12T19:23:04.614+0000] {dag.py:3096} INFO - Sync 1 DAGs
[2025-11-12T19:23:04.632+0000] {logging_mixin.py:188} INFO - [2025-11-12T19:23:04.632+0000] {dag.py:3954} INFO - Setting next_dagrun for example_nested_branch_dag to 2025-11-11 00:00:00+00:00, run_after=2025-11-12 00:00:00+00:00
[2025-11-12T19:23:04.654+0000] {processor.py:183} INFO - Processing /home/airflow/.local/lib/python3.12/site-packages/airflow/example_dags/example_nested_branch_dag.py took 0.079 seconds
[2025-11-12T19:23:34.915+0000] {processor.py:161} INFO - Started process (PID=881) to work on /home/airflow/.local/lib/python3.12/site-packages/airflow/example_dags/example_nested_branch_dag.py
[2025-11-12T19:23:34.917+0000] {processor.py:830} INFO - Processing file /home/airflow/.local/lib/python3.12/site-packages/airflow/example_dags/example_nested_branch_dag.py for tasks to queue
[2025-11-12T19:23:34.919+0000] {logging_mixin.py:188} INFO - [2025-11-12T19:23:34.919+0000] {dagbag.py:545} INFO - Filling up the DagBag from /home/airflow/.local/lib/python3.12/site-packages/airflow/example_dags/example_nested_branch_dag.py
[2025-11-12T19:23:34.927+0000] {processor.py:840} INFO - DAG(s) 'example_nested_branch_dag' retrieved from /home/airflow/.local/lib/python3.12/site-packages/airflow/example_dags/example_nested_branch_dag.py
[2025-11-12T19:23:34.951+0000] {logging_mixin.py:188} INFO - [2025-11-12T19:23:34.951+0000] {dag.py:3096} INFO - Sync 1 DAGs
[2025-11-12T19:23:34.969+0000] {logging_mixin.py:188} INFO - [2025-11-12T19:23:34.969+0000] {dag.py:3954} INFO - Setting next_dagrun for example_nested_branch_dag to 2025-11-11 00:00:00+00:00, run_after=2025-11-12 00:00:00+00:00
[2025-11-12T19:23:34.988+0000] {processor.py:183} INFO - Processing /home/airflow/.local/lib/python3.12/site-packages/airflow/example_dags/example_nested_branch_dag.py took 0.079 seconds
[2025-11-12T19:24:05.330+0000] {processor.py:161} INFO - Started process (PID=941) to work on /home/airflow/.local/lib/python3.12/site-packages/airflow/example_dags/example_nested_branch_dag.py
[2025-11-12T19:24:05.331+0000] {processor.py:830} INFO - Processing file /home/airflow/.local/lib/python3.12/site-packages/airflow/example_dags/example_nested_branch_dag.py for tasks to queue
[2025-11-12T19:24:05.333+0000] {logging_mixin.py:188} INFO - [2025-11-12T19:24:05.332+0000] {dagbag.py:545} INFO - Filling up the DagBag from /home/airflow/.local/lib/python3.12/site-packages/airflow/example_dags/example_nested_branch_dag.py
[2025-11-12T19:24:05.342+0000] {processor.py:840} INFO - DAG(s) 'example_nested_branch_dag' retrieved from /home/airflow/.local/lib/python3.12/site-packages/airflow/example_dags/example_nested_branch_dag.py
[2025-11-12T19:24:05.361+0000] {logging_mixin.py:188} INFO - [2025-11-12T19:24:05.361+0000] {dag.py:3096} INFO - Sync 1 DAGs
[2025-11-12T19:24:05.378+0000] {logging_mixin.py:188} INFO - [2025-11-12T19:24:05.378+0000] {dag.py:3954} INFO - Setting next_dagrun for example_nested_branch_dag to 2025-11-11 00:00:00+00:00, run_after=2025-11-12 00:00:00+00:00
[2025-11-12T19:24:05.399+0000] {processor.py:183} INFO - Processing /home/airflow/.local/lib/python3.12/site-packages/airflow/example_dags/example_nested_branch_dag.py took 0.074 seconds
[2025-11-12T19:24:36.389+0000] {processor.py:161} INFO - Started process (PID=1001) to work on /home/airflow/.local/lib/python3.12/site-packages/airflow/example_dags/example_nested_branch_dag.py
[2025-11-12T19:24:36.391+0000] {processor.py:830} INFO - Processing file /home/airflow/.local/lib/python3.12/site-packages/airflow/example_dags/example_nested_branch_dag.py for tasks to queue
[2025-11-12T19:24:36.394+0000] {logging_mixin.py:188} INFO - [2025-11-12T19:24:36.393+0000] {dagbag.py:545} INFO - Filling up the DagBag from /home/airflow/.local/lib/python3.12/site-packages/airflow/example_dags/example_nested_branch_dag.py
[2025-11-12T19:24:36.414+0000] {processor.py:840} INFO - DAG(s) 'example_nested_branch_dag' retrieved from /home/airflow/.local/lib/python3.12/site-packages/airflow/example_dags/example_nested_branch_dag.py
[2025-11-12T19:24:36.449+0000] {logging_mixin.py:188} INFO - [2025-11-12T19:24:36.448+0000] {dag.py:3096} INFO - Sync 1 DAGs
[2025-11-12T19:24:36.478+0000] {logging_mixin.py:188} INFO - [2025-11-12T19:24:36.477+0000] {dag.py:3954} INFO - Setting next_dagrun for example_nested_branch_dag to 2025-11-11 00:00:00+00:00, run_after=2025-11-12 00:00:00+00:00
[2025-11-12T19:24:36.505+0000] {processor.py:183} INFO - Processing /home/airflow/.local/lib/python3.12/site-packages/airflow/example_dags/example_nested_branch_dag.py took 0.122 seconds
[2025-11-12T19:25:06.836+0000] {processor.py:161} INFO - Started process (PID=1061) to work on /home/airflow/.local/lib/python3.12/site-packages/airflow/example_dags/example_nested_branch_dag.py
[2025-11-12T19:25:06.838+0000] {processor.py:830} INFO - Processing file /home/airflow/.local/lib/python3.12/site-packages/airflow/example_dags/example_nested_branch_dag.py for tasks to queue
[2025-11-12T19:25:06.842+0000] {logging_mixin.py:188} INFO - [2025-11-12T19:25:06.841+0000] {dagbag.py:545} INFO - Filling up the DagBag from /home/airflow/.local/lib/python3.12/site-packages/airflow/example_dags/example_nested_branch_dag.py
[2025-11-12T19:25:06.856+0000] {processor.py:840} INFO - DAG(s) 'example_nested_branch_dag' retrieved from /home/airflow/.local/lib/python3.12/site-packages/airflow/example_dags/example_nested_branch_dag.py
[2025-11-12T19:25:06.877+0000] {logging_mixin.py:188} INFO - [2025-11-12T19:25:06.877+0000] {dag.py:3096} INFO - Sync 1 DAGs
[2025-11-12T19:25:06.896+0000] {logging_mixin.py:188} INFO - [2025-11-12T19:25:06.895+0000] {dag.py:3954} INFO - Setting next_dagrun for example_nested_branch_dag to 2025-11-11 00:00:00+00:00, run_after=2025-11-12 00:00:00+00:00
[2025-11-12T19:25:06.913+0000] {processor.py:183} INFO - Processing /home/airflow/.local/lib/python3.12/site-packages/airflow/example_dags/example_nested_branch_dag.py took 0.084 seconds
[2025-11-12T19:25:37.152+0000] {processor.py:161} INFO - Started process (PID=1121) to work on /home/airflow/.local/lib/python3.12/site-packages/airflow/example_dags/example_nested_branch_dag.py
[2025-11-12T19:25:37.153+0000] {processor.py:830} INFO - Processing file /home/airflow/.local/lib/python3.12/site-packages/airflow/example_dags/example_nested_branch_dag.py for tasks to queue
[2025-11-12T19:25:37.155+0000] {logging_mixin.py:188} INFO - [2025-11-12T19:25:37.155+0000] {dagbag.py:545} INFO - Filling up the DagBag from /home/airflow/.local/lib/python3.12/site-packages/airflow/example_dags/example_nested_branch_dag.py
[2025-11-12T19:25:37.168+0000] {processor.py:840} INFO - DAG(s) 'example_nested_branch_dag' retrieved from /home/airflow/.local/lib/python3.12/site-packages/airflow/example_dags/example_nested_branch_dag.py
[2025-11-12T19:25:37.193+0000] {logging_mixin.py:188} INFO - [2025-11-12T19:25:37.192+0000] {dag.py:3096} INFO - Sync 1 DAGs
[2025-11-12T19:25:37.218+0000] {logging_mixin.py:188} INFO - [2025-11-12T19:25:37.218+0000] {dag.py:3954} INFO - Setting next_dagrun for example_nested_branch_dag to 2025-11-11 00:00:00+00:00, run_after=2025-11-12 00:00:00+00:00
[2025-11-12T19:25:37.243+0000] {processor.py:183} INFO - Processing /home/airflow/.local/lib/python3.12/site-packages/airflow/example_dags/example_nested_branch_dag.py took 0.097 seconds
[2025-11-12T19:26:07.409+0000] {processor.py:161} INFO - Started process (PID=1181) to work on /home/airflow/.local/lib/python3.12/site-packages/airflow/example_dags/example_nested_branch_dag.py
[2025-11-12T19:26:07.411+0000] {processor.py:830} INFO - Processing file /home/airflow/.local/lib/python3.12/site-packages/airflow/example_dags/example_nested_branch_dag.py for tasks to queue
[2025-11-12T19:26:07.413+0000] {logging_mixin.py:188} INFO - [2025-11-12T19:26:07.413+0000] {dagbag.py:545} INFO - Filling up the DagBag from /home/airflow/.local/lib/python3.12/site-packages/airflow/example_dags/example_nested_branch_dag.py
[2025-11-12T19:26:07.422+0000] {processor.py:840} INFO - DAG(s) 'example_nested_branch_dag' retrieved from /home/airflow/.local/lib/python3.12/site-packages/airflow/example_dags/example_nested_branch_dag.py
[2025-11-12T19:26:07.447+0000] {logging_mixin.py:188} INFO - [2025-11-12T19:26:07.446+0000] {dag.py:3096} INFO - Sync 1 DAGs
[2025-11-12T19:26:07.468+0000] {logging_mixin.py:188} INFO - [2025-11-12T19:26:07.468+0000] {dag.py:3954} INFO - Setting next_dagrun for example_nested_branch_dag to 2025-11-11 00:00:00+00:00, run_after=2025-11-12 00:00:00+00:00
[2025-11-12T19:26:07.487+0000] {processor.py:183} INFO - Processing /home/airflow/.local/lib/python3.12/site-packages/airflow/example_dags/example_nested_branch_dag.py took 0.085 seconds
[2025-11-12T19:26:37.827+0000] {processor.py:161} INFO - Started process (PID=1242) to work on /home/airflow/.local/lib/python3.12/site-packages/airflow/example_dags/example_nested_branch_dag.py
[2025-11-12T19:26:37.828+0000] {processor.py:830} INFO - Processing file /home/airflow/.local/lib/python3.12/site-packages/airflow/example_dags/example_nested_branch_dag.py for tasks to queue
[2025-11-12T19:26:37.830+0000] {logging_mixin.py:188} INFO - [2025-11-12T19:26:37.830+0000] {dagbag.py:545} INFO - Filling up the DagBag from /home/airflow/.local/lib/python3.12/site-packages/airflow/example_dags/example_nested_branch_dag.py
[2025-11-12T19:26:37.838+0000] {processor.py:840} INFO - DAG(s) 'example_nested_branch_dag' retrieved from /home/airflow/.local/lib/python3.12/site-packages/airflow/example_dags/example_nested_branch_dag.py
[2025-11-12T19:26:37.860+0000] {logging_mixin.py:188} INFO - [2025-11-12T19:26:37.859+0000] {dag.py:3096} INFO - Sync 1 DAGs
[2025-11-12T19:26:37.878+0000] {logging_mixin.py:188} INFO - [2025-11-12T19:26:37.877+0000] {dag.py:3954} INFO - Setting next_dagrun for example_nested_branch_dag to 2025-11-11 00:00:00+00:00, run_after=2025-11-12 00:00:00+00:00
[2025-11-12T19:26:37.897+0000] {processor.py:183} INFO - Processing /home/airflow/.local/lib/python3.12/site-packages/airflow/example_dags/example_nested_branch_dag.py took 0.076 seconds
[2025-11-12T19:27:08.327+0000] {processor.py:161} INFO - Started process (PID=1302) to work on /home/airflow/.local/lib/python3.12/site-packages/airflow/example_dags/example_nested_branch_dag.py
[2025-11-12T19:27:08.329+0000] {processor.py:830} INFO - Processing file /home/airflow/.local/lib/python3.12/site-packages/airflow/example_dags/example_nested_branch_dag.py for tasks to queue
[2025-11-12T19:27:08.332+0000] {logging_mixin.py:188} INFO - [2025-11-12T19:27:08.331+0000] {dagbag.py:545} INFO - Filling up the DagBag from /home/airflow/.local/lib/python3.12/site-packages/airflow/example_dags/example_nested_branch_dag.py
[2025-11-12T19:27:08.343+0000] {processor.py:840} INFO - DAG(s) 'example_nested_branch_dag' retrieved from /home/airflow/.local/lib/python3.12/site-packages/airflow/example_dags/example_nested_branch_dag.py
[2025-11-12T19:27:08.378+0000] {logging_mixin.py:188} INFO - [2025-11-12T19:27:08.377+0000] {dag.py:3096} INFO - Sync 1 DAGs
[2025-11-12T19:27:08.418+0000] {logging_mixin.py:188} INFO - [2025-11-12T19:27:08.418+0000] {dag.py:3954} INFO - Setting next_dagrun for example_nested_branch_dag to 2025-11-11 00:00:00+00:00, run_after=2025-11-12 00:00:00+00:00
[2025-11-12T19:27:08.459+0000] {processor.py:183} INFO - Processing /home/airflow/.local/lib/python3.12/site-packages/airflow/example_dags/example_nested_branch_dag.py took 0.138 seconds
[2025-11-12T19:27:38.698+0000] {processor.py:161} INFO - Started process (PID=1362) to work on /home/airflow/.local/lib/python3.12/site-packages/airflow/example_dags/example_nested_branch_dag.py
[2025-11-12T19:27:38.702+0000] {processor.py:830} INFO - Processing file /home/airflow/.local/lib/python3.12/site-packages/airflow/example_dags/example_nested_branch_dag.py for tasks to queue
[2025-11-12T19:27:38.705+0000] {logging_mixin.py:188} INFO - [2025-11-12T19:27:38.705+0000] {dagbag.py:545} INFO - Filling up the DagBag from /home/airflow/.local/lib/python3.12/site-packages/airflow/example_dags/example_nested_branch_dag.py
[2025-11-12T19:27:38.723+0000] {processor.py:840} INFO - DAG(s) 'example_nested_branch_dag' retrieved from /home/airflow/.local/lib/python3.12/site-packages/airflow/example_dags/example_nested_branch_dag.py
[2025-11-12T19:27:38.748+0000] {logging_mixin.py:188} INFO - [2025-11-12T19:27:38.748+0000] {dag.py:3096} INFO - Sync 1 DAGs
[2025-11-12T19:27:38.767+0000] {logging_mixin.py:188} INFO - [2025-11-12T19:27:38.767+0000] {dag.py:3954} INFO - Setting next_dagrun for example_nested_branch_dag to 2025-11-11 00:00:00+00:00, run_after=2025-11-12 00:00:00+00:00
[2025-11-12T19:27:38.790+0000] {processor.py:183} INFO - Processing /home/airflow/.local/lib/python3.12/site-packages/airflow/example_dags/example_nested_branch_dag.py took 0.098 seconds
[2025-11-12T19:28:10.706+0000] {processor.py:161} INFO - Started process (PID=1423) to work on /home/airflow/.local/lib/python3.12/site-packages/airflow/example_dags/example_nested_branch_dag.py
[2025-11-12T19:28:10.707+0000] {processor.py:830} INFO - Processing file /home/airflow/.local/lib/python3.12/site-packages/airflow/example_dags/example_nested_branch_dag.py for tasks to queue
[2025-11-12T19:28:10.709+0000] {logging_mixin.py:188} INFO - [2025-11-12T19:28:10.709+0000] {dagbag.py:545} INFO - Filling up the DagBag from /home/airflow/.local/lib/python3.12/site-packages/airflow/example_dags/example_nested_branch_dag.py
[2025-11-12T19:28:10.717+0000] {processor.py:840} INFO - DAG(s) 'example_nested_branch_dag' retrieved from /home/airflow/.local/lib/python3.12/site-packages/airflow/example_dags/example_nested_branch_dag.py
[2025-11-12T19:28:10.739+0000] {logging_mixin.py:188} INFO - [2025-11-12T19:28:10.739+0000] {dag.py:3096} INFO - Sync 1 DAGs
[2025-11-12T19:28:10.960+0000] {logging_mixin.py:188} INFO - [2025-11-12T19:28:10.959+0000] {dag.py:3954} INFO - Setting next_dagrun for example_nested_branch_dag to 2025-11-11 00:00:00+00:00, run_after=2025-11-12 00:00:00+00:00
[2025-11-12T19:28:10.978+0000] {processor.py:183} INFO - Processing /home/airflow/.local/lib/python3.12/site-packages/airflow/example_dags/example_nested_branch_dag.py took 0.277 seconds
[2025-11-12T19:28:41.174+0000] {processor.py:161} INFO - Started process (PID=1483) to work on /home/airflow/.local/lib/python3.12/site-packages/airflow/example_dags/example_nested_branch_dag.py
[2025-11-12T19:28:41.175+0000] {processor.py:830} INFO - Processing file /home/airflow/.local/lib/python3.12/site-packages/airflow/example_dags/example_nested_branch_dag.py for tasks to queue
[2025-11-12T19:28:41.178+0000] {logging_mixin.py:188} INFO - [2025-11-12T19:28:41.177+0000] {dagbag.py:545} INFO - Filling up the DagBag from /home/airflow/.local/lib/python3.12/site-packages/airflow/example_dags/example_nested_branch_dag.py
[2025-11-12T19:28:41.187+0000] {processor.py:840} INFO - DAG(s) 'example_nested_branch_dag' retrieved from /home/airflow/.local/lib/python3.12/site-packages/airflow/example_dags/example_nested_branch_dag.py
[2025-11-12T19:28:41.214+0000] {logging_mixin.py:188} INFO - [2025-11-12T19:28:41.214+0000] {dag.py:3096} INFO - Sync 1 DAGs
[2025-11-12T19:28:41.237+0000] {logging_mixin.py:188} INFO - [2025-11-12T19:28:41.236+0000] {dag.py:3954} INFO - Setting next_dagrun for example_nested_branch_dag to 2025-11-11 00:00:00+00:00, run_after=2025-11-12 00:00:00+00:00
[2025-11-12T19:28:41.256+0000] {processor.py:183} INFO - Processing /home/airflow/.local/lib/python3.12/site-packages/airflow/example_dags/example_nested_branch_dag.py took 0.088 seconds
[2025-11-12T19:29:11.431+0000] {processor.py:161} INFO - Started process (PID=1543) to work on /home/airflow/.local/lib/python3.12/site-packages/airflow/example_dags/example_nested_branch_dag.py
[2025-11-12T19:29:11.432+0000] {processor.py:830} INFO - Processing file /home/airflow/.local/lib/python3.12/site-packages/airflow/example_dags/example_nested_branch_dag.py for tasks to queue
[2025-11-12T19:29:11.435+0000] {logging_mixin.py:188} INFO - [2025-11-12T19:29:11.434+0000] {dagbag.py:545} INFO - Filling up the DagBag from /home/airflow/.local/lib/python3.12/site-packages/airflow/example_dags/example_nested_branch_dag.py
[2025-11-12T19:29:11.446+0000] {processor.py:840} INFO - DAG(s) 'example_nested_branch_dag' retrieved from /home/airflow/.local/lib/python3.12/site-packages/airflow/example_dags/example_nested_branch_dag.py
[2025-11-12T19:29:11.468+0000] {logging_mixin.py:188} INFO - [2025-11-12T19:29:11.468+0000] {dag.py:3096} INFO - Sync 1 DAGs
[2025-11-12T19:29:11.495+0000] {logging_mixin.py:188} INFO - [2025-11-12T19:29:11.495+0000] {dag.py:3954} INFO - Setting next_dagrun for example_nested_branch_dag to 2025-11-11 00:00:00+00:00, run_after=2025-11-12 00:00:00+00:00
[2025-11-12T19:29:11.529+0000] {processor.py:183} INFO - Processing /home/airflow/.local/lib/python3.12/site-packages/airflow/example_dags/example_nested_branch_dag.py took 0.104 seconds
[2025-11-12T19:29:43.781+0000] {processor.py:161} INFO - Started process (PID=1603) to work on /home/airflow/.local/lib/python3.12/site-packages/airflow/example_dags/example_nested_branch_dag.py
[2025-11-12T19:29:43.782+0000] {processor.py:830} INFO - Processing file /home/airflow/.local/lib/python3.12/site-packages/airflow/example_dags/example_nested_branch_dag.py for tasks to queue
[2025-11-12T19:29:43.784+0000] {logging_mixin.py:188} INFO - [2025-11-12T19:29:43.784+0000] {dagbag.py:545} INFO - Filling up the DagBag from /home/airflow/.local/lib/python3.12/site-packages/airflow/example_dags/example_nested_branch_dag.py
[2025-11-12T19:29:43.793+0000] {processor.py:840} INFO - DAG(s) 'example_nested_branch_dag' retrieved from /home/airflow/.local/lib/python3.12/site-packages/airflow/example_dags/example_nested_branch_dag.py
[2025-11-12T19:29:44.022+0000] {logging_mixin.py:188} INFO - [2025-11-12T19:29:44.021+0000] {dag.py:3096} INFO - Sync 1 DAGs
[2025-11-12T19:29:44.039+0000] {logging_mixin.py:188} INFO - [2025-11-12T19:29:44.039+0000] {dag.py:3954} INFO - Setting next_dagrun for example_nested_branch_dag to 2025-11-11 00:00:00+00:00, run_after=2025-11-12 00:00:00+00:00
[2025-11-12T19:29:44.063+0000] {processor.py:183} INFO - Processing /home/airflow/.local/lib/python3.12/site-packages/airflow/example_dags/example_nested_branch_dag.py took 0.287 seconds
[2025-11-12T19:30:14.848+0000] {processor.py:161} INFO - Started process (PID=1663) to work on /home/airflow/.local/lib/python3.12/site-packages/airflow/example_dags/example_nested_branch_dag.py
[2025-11-12T19:30:14.850+0000] {processor.py:830} INFO - Processing file /home/airflow/.local/lib/python3.12/site-packages/airflow/example_dags/example_nested_branch_dag.py for tasks to queue
[2025-11-12T19:30:14.853+0000] {logging_mixin.py:188} INFO - [2025-11-12T19:30:14.853+0000] {dagbag.py:545} INFO - Filling up the DagBag from /home/airflow/.local/lib/python3.12/site-packages/airflow/example_dags/example_nested_branch_dag.py
[2025-11-12T19:30:14.866+0000] {processor.py:840} INFO - DAG(s) 'example_nested_branch_dag' retrieved from /home/airflow/.local/lib/python3.12/site-packages/airflow/example_dags/example_nested_branch_dag.py
[2025-11-12T19:30:14.891+0000] {logging_mixin.py:188} INFO - [2025-11-12T19:30:14.891+0000] {dag.py:3096} INFO - Sync 1 DAGs
[2025-11-12T19:30:14.921+0000] {logging_mixin.py:188} INFO - [2025-11-12T19:30:14.921+0000] {dag.py:3954} INFO - Setting next_dagrun for example_nested_branch_dag to 2025-11-11 00:00:00+00:00, run_after=2025-11-12 00:00:00+00:00
[2025-11-12T19:30:14.952+0000] {processor.py:183} INFO - Processing /home/airflow/.local/lib/python3.12/site-packages/airflow/example_dags/example_nested_branch_dag.py took 0.110 seconds
[2025-11-12T19:30:45.043+0000] {processor.py:161} INFO - Started process (PID=1723) to work on /home/airflow/.local/lib/python3.12/site-packages/airflow/example_dags/example_nested_branch_dag.py
[2025-11-12T19:30:45.044+0000] {processor.py:830} INFO - Processing file /home/airflow/.local/lib/python3.12/site-packages/airflow/example_dags/example_nested_branch_dag.py for tasks to queue
[2025-11-12T19:30:45.046+0000] {logging_mixin.py:188} INFO - [2025-11-12T19:30:45.046+0000] {dagbag.py:545} INFO - Filling up the DagBag from /home/airflow/.local/lib/python3.12/site-packages/airflow/example_dags/example_nested_branch_dag.py
[2025-11-12T19:30:45.056+0000] {processor.py:840} INFO - DAG(s) 'example_nested_branch_dag' retrieved from /home/airflow/.local/lib/python3.12/site-packages/airflow/example_dags/example_nested_branch_dag.py
[2025-11-12T19:30:45.077+0000] {logging_mixin.py:188} INFO - [2025-11-12T19:30:45.076+0000] {dag.py:3096} INFO - Sync 1 DAGs
[2025-11-12T19:30:45.096+0000] {logging_mixin.py:188} INFO - [2025-11-12T19:30:45.096+0000] {dag.py:3954} INFO - Setting next_dagrun for example_nested_branch_dag to 2025-11-11 00:00:00+00:00, run_after=2025-11-12 00:00:00+00:00
[2025-11-12T19:30:45.118+0000] {processor.py:183} INFO - Processing /home/airflow/.local/lib/python3.12/site-packages/airflow/example_dags/example_nested_branch_dag.py took 0.079 seconds
[2025-11-12T19:31:15.598+0000] {processor.py:161} INFO - Started process (PID=1783) to work on /home/airflow/.local/lib/python3.12/site-packages/airflow/example_dags/example_nested_branch_dag.py
[2025-11-12T19:31:15.599+0000] {processor.py:830} INFO - Processing file /home/airflow/.local/lib/python3.12/site-packages/airflow/example_dags/example_nested_branch_dag.py for tasks to queue
[2025-11-12T19:31:15.601+0000] {logging_mixin.py:188} INFO - [2025-11-12T19:31:15.601+0000] {dagbag.py:545} INFO - Filling up the DagBag from /home/airflow/.local/lib/python3.12/site-packages/airflow/example_dags/example_nested_branch_dag.py
[2025-11-12T19:31:15.613+0000] {processor.py:840} INFO - DAG(s) 'example_nested_branch_dag' retrieved from /home/airflow/.local/lib/python3.12/site-packages/airflow/example_dags/example_nested_branch_dag.py
[2025-11-12T19:31:15.636+0000] {logging_mixin.py:188} INFO - [2025-11-12T19:31:15.636+0000] {dag.py:3096} INFO - Sync 1 DAGs
[2025-11-12T19:31:15.655+0000] {logging_mixin.py:188} INFO - [2025-11-12T19:31:15.655+0000] {dag.py:3954} INFO - Setting next_dagrun for example_nested_branch_dag to 2025-11-11 00:00:00+00:00, run_after=2025-11-12 00:00:00+00:00
[2025-11-12T19:31:15.705+0000] {processor.py:183} INFO - Processing /home/airflow/.local/lib/python3.12/site-packages/airflow/example_dags/example_nested_branch_dag.py took 0.113 seconds
[2025-11-12T19:31:46.134+0000] {processor.py:161} INFO - Started process (PID=1846) to work on /home/airflow/.local/lib/python3.12/site-packages/airflow/example_dags/example_nested_branch_dag.py
[2025-11-12T19:31:46.136+0000] {processor.py:830} INFO - Processing file /home/airflow/.local/lib/python3.12/site-packages/airflow/example_dags/example_nested_branch_dag.py for tasks to queue
[2025-11-12T19:31:46.137+0000] {logging_mixin.py:188} INFO - [2025-11-12T19:31:46.137+0000] {dagbag.py:545} INFO - Filling up the DagBag from /home/airflow/.local/lib/python3.12/site-packages/airflow/example_dags/example_nested_branch_dag.py
[2025-11-12T19:31:46.145+0000] {processor.py:840} INFO - DAG(s) 'example_nested_branch_dag' retrieved from /home/airflow/.local/lib/python3.12/site-packages/airflow/example_dags/example_nested_branch_dag.py
[2025-11-12T19:31:46.166+0000] {logging_mixin.py:188} INFO - [2025-11-12T19:31:46.166+0000] {dag.py:3096} INFO - Sync 1 DAGs
[2025-11-12T19:31:46.183+0000] {logging_mixin.py:188} INFO - [2025-11-12T19:31:46.183+0000] {dag.py:3954} INFO - Setting next_dagrun for example_nested_branch_dag to 2025-11-11 00:00:00+00:00, run_after=2025-11-12 00:00:00+00:00
[2025-11-12T19:31:46.203+0000] {processor.py:183} INFO - Processing /home/airflow/.local/lib/python3.12/site-packages/airflow/example_dags/example_nested_branch_dag.py took 0.072 seconds
