[2025-11-12T19:06:10.698+0000] {processor.py:161} INFO - Started process (PID=86) to work on /home/airflow/.local/lib/python3.12/site-packages/airflow/example_dags/example_xcom.py
[2025-11-12T19:06:10.700+0000] {processor.py:830} INFO - Processing file /home/airflow/.local/lib/python3.12/site-packages/airflow/example_dags/example_xcom.py for tasks to queue
[2025-11-12T19:06:10.703+0000] {logging_mixin.py:188} INFO - [2025-11-12T19:06:10.702+0000] {dagbag.py:545} INFO - Filling up the DagBag from /home/airflow/.local/lib/python3.12/site-packages/airflow/example_dags/example_xcom.py
[2025-11-12T19:06:10.717+0000] {processor.py:840} INFO - DAG(s) 'example_xcom' retrieved from /home/airflow/.local/lib/python3.12/site-packages/airflow/example_dags/example_xcom.py
[2025-11-12T19:06:10.822+0000] {logging_mixin.py:188} INFO - [2025-11-12T19:06:10.822+0000] {dag.py:3096} INFO - Sync 1 DAGs
[2025-11-12T19:06:10.849+0000] {logging_mixin.py:188} INFO - [2025-11-12T19:06:10.849+0000] {dag.py:3954} INFO - Setting next_dagrun for example_xcom to 2021-01-01 00:00:00+00:00, run_after=2021-01-01 00:00:00+00:00
[2025-11-12T19:06:10.885+0000] {processor.py:183} INFO - Processing /home/airflow/.local/lib/python3.12/site-packages/airflow/example_dags/example_xcom.py took 0.193 seconds
[2025-11-12T19:06:40.950+0000] {processor.py:161} INFO - Started process (PID=146) to work on /home/airflow/.local/lib/python3.12/site-packages/airflow/example_dags/example_xcom.py
[2025-11-12T19:06:40.952+0000] {processor.py:830} INFO - Processing file /home/airflow/.local/lib/python3.12/site-packages/airflow/example_dags/example_xcom.py for tasks to queue
[2025-11-12T19:06:40.954+0000] {logging_mixin.py:188} INFO - [2025-11-12T19:06:40.953+0000] {dagbag.py:545} INFO - Filling up the DagBag from /home/airflow/.local/lib/python3.12/site-packages/airflow/example_dags/example_xcom.py
[2025-11-12T19:06:40.961+0000] {processor.py:840} INFO - DAG(s) 'example_xcom' retrieved from /home/airflow/.local/lib/python3.12/site-packages/airflow/example_dags/example_xcom.py
[2025-11-12T19:06:40.983+0000] {logging_mixin.py:188} INFO - [2025-11-12T19:06:40.982+0000] {dag.py:3096} INFO - Sync 1 DAGs
[2025-11-12T19:06:41.000+0000] {logging_mixin.py:188} INFO - [2025-11-12T19:06:41.000+0000] {dag.py:3954} INFO - Setting next_dagrun for example_xcom to 2021-01-01 00:00:00+00:00, run_after=2021-01-01 00:00:00+00:00
[2025-11-12T19:06:41.018+0000] {processor.py:183} INFO - Processing /home/airflow/.local/lib/python3.12/site-packages/airflow/example_dags/example_xcom.py took 0.072 seconds
[2025-11-12T19:07:11.237+0000] {processor.py:161} INFO - Started process (PID=206) to work on /home/airflow/.local/lib/python3.12/site-packages/airflow/example_dags/example_xcom.py
[2025-11-12T19:07:11.238+0000] {processor.py:830} INFO - Processing file /home/airflow/.local/lib/python3.12/site-packages/airflow/example_dags/example_xcom.py for tasks to queue
[2025-11-12T19:07:11.240+0000] {logging_mixin.py:188} INFO - [2025-11-12T19:07:11.240+0000] {dagbag.py:545} INFO - Filling up the DagBag from /home/airflow/.local/lib/python3.12/site-packages/airflow/example_dags/example_xcom.py
[2025-11-12T19:07:11.250+0000] {processor.py:840} INFO - DAG(s) 'example_xcom' retrieved from /home/airflow/.local/lib/python3.12/site-packages/airflow/example_dags/example_xcom.py
[2025-11-12T19:07:11.284+0000] {logging_mixin.py:188} INFO - [2025-11-12T19:07:11.283+0000] {dag.py:3096} INFO - Sync 1 DAGs
[2025-11-12T19:07:11.302+0000] {logging_mixin.py:188} INFO - [2025-11-12T19:07:11.301+0000] {dag.py:3954} INFO - Setting next_dagrun for example_xcom to 2021-01-01 00:00:00+00:00, run_after=2021-01-01 00:00:00+00:00
[2025-11-12T19:07:11.319+0000] {processor.py:183} INFO - Processing /home/airflow/.local/lib/python3.12/site-packages/airflow/example_dags/example_xcom.py took 0.086 seconds
[2025-11-12T19:07:42.309+0000] {processor.py:161} INFO - Started process (PID=266) to work on /home/airflow/.local/lib/python3.12/site-packages/airflow/example_dags/example_xcom.py
[2025-11-12T19:07:42.310+0000] {processor.py:830} INFO - Processing file /home/airflow/.local/lib/python3.12/site-packages/airflow/example_dags/example_xcom.py for tasks to queue
[2025-11-12T19:07:42.312+0000] {logging_mixin.py:188} INFO - [2025-11-12T19:07:42.311+0000] {dagbag.py:545} INFO - Filling up the DagBag from /home/airflow/.local/lib/python3.12/site-packages/airflow/example_dags/example_xcom.py
[2025-11-12T19:07:42.318+0000] {processor.py:840} INFO - DAG(s) 'example_xcom' retrieved from /home/airflow/.local/lib/python3.12/site-packages/airflow/example_dags/example_xcom.py
[2025-11-12T19:07:42.336+0000] {logging_mixin.py:188} INFO - [2025-11-12T19:07:42.336+0000] {dag.py:3096} INFO - Sync 1 DAGs
[2025-11-12T19:07:42.352+0000] {logging_mixin.py:188} INFO - [2025-11-12T19:07:42.352+0000] {dag.py:3954} INFO - Setting next_dagrun for example_xcom to 2021-01-01 00:00:00+00:00, run_after=2021-01-01 00:00:00+00:00
[2025-11-12T19:07:42.371+0000] {processor.py:183} INFO - Processing /home/airflow/.local/lib/python3.12/site-packages/airflow/example_dags/example_xcom.py took 0.068 seconds
[2025-11-12T19:08:13.084+0000] {processor.py:161} INFO - Started process (PID=326) to work on /home/airflow/.local/lib/python3.12/site-packages/airflow/example_dags/example_xcom.py
[2025-11-12T19:08:13.087+0000] {processor.py:830} INFO - Processing file /home/airflow/.local/lib/python3.12/site-packages/airflow/example_dags/example_xcom.py for tasks to queue
[2025-11-12T19:08:13.088+0000] {logging_mixin.py:188} INFO - [2025-11-12T19:08:13.088+0000] {dagbag.py:545} INFO - Filling up the DagBag from /home/airflow/.local/lib/python3.12/site-packages/airflow/example_dags/example_xcom.py
[2025-11-12T19:08:13.106+0000] {processor.py:840} INFO - DAG(s) 'example_xcom' retrieved from /home/airflow/.local/lib/python3.12/site-packages/airflow/example_dags/example_xcom.py
[2025-11-12T19:08:13.150+0000] {logging_mixin.py:188} INFO - [2025-11-12T19:08:13.150+0000] {dag.py:3096} INFO - Sync 1 DAGs
[2025-11-12T19:08:13.189+0000] {logging_mixin.py:188} INFO - [2025-11-12T19:08:13.189+0000] {dag.py:3954} INFO - Setting next_dagrun for example_xcom to 2021-01-01 00:00:00+00:00, run_after=2021-01-01 00:00:00+00:00
[2025-11-12T19:08:13.221+0000] {processor.py:183} INFO - Processing /home/airflow/.local/lib/python3.12/site-packages/airflow/example_dags/example_xcom.py took 0.154 seconds
[2025-11-12T19:08:43.606+0000] {processor.py:161} INFO - Started process (PID=386) to work on /home/airflow/.local/lib/python3.12/site-packages/airflow/example_dags/example_xcom.py
[2025-11-12T19:08:43.608+0000] {processor.py:830} INFO - Processing file /home/airflow/.local/lib/python3.12/site-packages/airflow/example_dags/example_xcom.py for tasks to queue
[2025-11-12T19:08:43.610+0000] {logging_mixin.py:188} INFO - [2025-11-12T19:08:43.610+0000] {dagbag.py:545} INFO - Filling up the DagBag from /home/airflow/.local/lib/python3.12/site-packages/airflow/example_dags/example_xcom.py
[2025-11-12T19:08:43.623+0000] {processor.py:840} INFO - DAG(s) 'example_xcom' retrieved from /home/airflow/.local/lib/python3.12/site-packages/airflow/example_dags/example_xcom.py
[2025-11-12T19:08:43.653+0000] {logging_mixin.py:188} INFO - [2025-11-12T19:08:43.653+0000] {dag.py:3096} INFO - Sync 1 DAGs
[2025-11-12T19:08:43.685+0000] {logging_mixin.py:188} INFO - [2025-11-12T19:08:43.684+0000] {dag.py:3954} INFO - Setting next_dagrun for example_xcom to 2021-01-01 00:00:00+00:00, run_after=2021-01-01 00:00:00+00:00
[2025-11-12T19:08:43.712+0000] {processor.py:183} INFO - Processing /home/airflow/.local/lib/python3.12/site-packages/airflow/example_dags/example_xcom.py took 0.114 seconds
[2025-11-12T19:09:14.036+0000] {processor.py:161} INFO - Started process (PID=448) to work on /home/airflow/.local/lib/python3.12/site-packages/airflow/example_dags/example_xcom.py
[2025-11-12T19:09:14.037+0000] {processor.py:830} INFO - Processing file /home/airflow/.local/lib/python3.12/site-packages/airflow/example_dags/example_xcom.py for tasks to queue
[2025-11-12T19:09:14.038+0000] {logging_mixin.py:188} INFO - [2025-11-12T19:09:14.038+0000] {dagbag.py:545} INFO - Filling up the DagBag from /home/airflow/.local/lib/python3.12/site-packages/airflow/example_dags/example_xcom.py
[2025-11-12T19:09:14.045+0000] {processor.py:840} INFO - DAG(s) 'example_xcom' retrieved from /home/airflow/.local/lib/python3.12/site-packages/airflow/example_dags/example_xcom.py
[2025-11-12T19:09:14.067+0000] {logging_mixin.py:188} INFO - [2025-11-12T19:09:14.067+0000] {dag.py:3096} INFO - Sync 1 DAGs
[2025-11-12T19:09:14.085+0000] {logging_mixin.py:188} INFO - [2025-11-12T19:09:14.085+0000] {dag.py:3954} INFO - Setting next_dagrun for example_xcom to 2021-01-01 00:00:00+00:00, run_after=2021-01-01 00:00:00+00:00
[2025-11-12T19:09:14.152+0000] {processor.py:183} INFO - Processing /home/airflow/.local/lib/python3.12/site-packages/airflow/example_dags/example_xcom.py took 0.120 seconds
[2025-11-12T19:09:44.351+0000] {processor.py:161} INFO - Started process (PID=508) to work on /home/airflow/.local/lib/python3.12/site-packages/airflow/example_dags/example_xcom.py
[2025-11-12T19:09:44.352+0000] {processor.py:830} INFO - Processing file /home/airflow/.local/lib/python3.12/site-packages/airflow/example_dags/example_xcom.py for tasks to queue
[2025-11-12T19:09:44.355+0000] {logging_mixin.py:188} INFO - [2025-11-12T19:09:44.354+0000] {dagbag.py:545} INFO - Filling up the DagBag from /home/airflow/.local/lib/python3.12/site-packages/airflow/example_dags/example_xcom.py
[2025-11-12T19:09:44.365+0000] {processor.py:840} INFO - DAG(s) 'example_xcom' retrieved from /home/airflow/.local/lib/python3.12/site-packages/airflow/example_dags/example_xcom.py
[2025-11-12T19:09:44.394+0000] {logging_mixin.py:188} INFO - [2025-11-12T19:09:44.394+0000] {dag.py:3096} INFO - Sync 1 DAGs
[2025-11-12T19:09:44.416+0000] {logging_mixin.py:188} INFO - [2025-11-12T19:09:44.416+0000] {dag.py:3954} INFO - Setting next_dagrun for example_xcom to 2021-01-01 00:00:00+00:00, run_after=2021-01-01 00:00:00+00:00
[2025-11-12T19:09:44.439+0000] {processor.py:183} INFO - Processing /home/airflow/.local/lib/python3.12/site-packages/airflow/example_dags/example_xcom.py took 0.095 seconds
[2025-11-12T19:10:15.417+0000] {processor.py:161} INFO - Started process (PID=569) to work on /home/airflow/.local/lib/python3.12/site-packages/airflow/example_dags/example_xcom.py
[2025-11-12T19:10:15.419+0000] {processor.py:830} INFO - Processing file /home/airflow/.local/lib/python3.12/site-packages/airflow/example_dags/example_xcom.py for tasks to queue
[2025-11-12T19:10:15.420+0000] {logging_mixin.py:188} INFO - [2025-11-12T19:10:15.419+0000] {dagbag.py:545} INFO - Filling up the DagBag from /home/airflow/.local/lib/python3.12/site-packages/airflow/example_dags/example_xcom.py
[2025-11-12T19:10:15.428+0000] {processor.py:840} INFO - DAG(s) 'example_xcom' retrieved from /home/airflow/.local/lib/python3.12/site-packages/airflow/example_dags/example_xcom.py
[2025-11-12T19:10:15.451+0000] {logging_mixin.py:188} INFO - [2025-11-12T19:10:15.451+0000] {dag.py:3096} INFO - Sync 1 DAGs
[2025-11-12T19:10:15.473+0000] {logging_mixin.py:188} INFO - [2025-11-12T19:10:15.473+0000] {dag.py:3954} INFO - Setting next_dagrun for example_xcom to 2021-01-01 00:00:00+00:00, run_after=2021-01-01 00:00:00+00:00
[2025-11-12T19:10:15.498+0000] {processor.py:183} INFO - Processing /home/airflow/.local/lib/python3.12/site-packages/airflow/example_dags/example_xcom.py took 0.085 seconds
[2025-11-12T19:10:45.612+0000] {processor.py:161} INFO - Started process (PID=630) to work on /home/airflow/.local/lib/python3.12/site-packages/airflow/example_dags/example_xcom.py
[2025-11-12T19:10:45.613+0000] {processor.py:830} INFO - Processing file /home/airflow/.local/lib/python3.12/site-packages/airflow/example_dags/example_xcom.py for tasks to queue
[2025-11-12T19:10:45.614+0000] {logging_mixin.py:188} INFO - [2025-11-12T19:10:45.614+0000] {dagbag.py:545} INFO - Filling up the DagBag from /home/airflow/.local/lib/python3.12/site-packages/airflow/example_dags/example_xcom.py
[2025-11-12T19:10:45.621+0000] {processor.py:840} INFO - DAG(s) 'example_xcom' retrieved from /home/airflow/.local/lib/python3.12/site-packages/airflow/example_dags/example_xcom.py
[2025-11-12T19:10:45.644+0000] {logging_mixin.py:188} INFO - [2025-11-12T19:10:45.644+0000] {dag.py:3096} INFO - Sync 1 DAGs
[2025-11-12T19:10:45.663+0000] {logging_mixin.py:188} INFO - [2025-11-12T19:10:45.663+0000] {dag.py:3954} INFO - Setting next_dagrun for example_xcom to 2021-01-01 00:00:00+00:00, run_after=2021-01-01 00:00:00+00:00
[2025-11-12T19:10:45.683+0000] {processor.py:183} INFO - Processing /home/airflow/.local/lib/python3.12/site-packages/airflow/example_dags/example_xcom.py took 0.075 seconds
[2025-11-12T19:11:15.803+0000] {processor.py:161} INFO - Started process (PID=689) to work on /home/airflow/.local/lib/python3.12/site-packages/airflow/example_dags/example_xcom.py
[2025-11-12T19:11:15.805+0000] {processor.py:830} INFO - Processing file /home/airflow/.local/lib/python3.12/site-packages/airflow/example_dags/example_xcom.py for tasks to queue
[2025-11-12T19:11:15.806+0000] {logging_mixin.py:188} INFO - [2025-11-12T19:11:15.805+0000] {dagbag.py:545} INFO - Filling up the DagBag from /home/airflow/.local/lib/python3.12/site-packages/airflow/example_dags/example_xcom.py
[2025-11-12T19:11:15.812+0000] {processor.py:840} INFO - DAG(s) 'example_xcom' retrieved from /home/airflow/.local/lib/python3.12/site-packages/airflow/example_dags/example_xcom.py
[2025-11-12T19:11:15.834+0000] {logging_mixin.py:188} INFO - [2025-11-12T19:11:15.834+0000] {dag.py:3096} INFO - Sync 1 DAGs
[2025-11-12T19:11:15.851+0000] {logging_mixin.py:188} INFO - [2025-11-12T19:11:15.851+0000] {dag.py:3954} INFO - Setting next_dagrun for example_xcom to 2021-01-01 00:00:00+00:00, run_after=2021-01-01 00:00:00+00:00
[2025-11-12T19:11:15.873+0000] {processor.py:183} INFO - Processing /home/airflow/.local/lib/python3.12/site-packages/airflow/example_dags/example_xcom.py took 0.075 seconds
[2025-11-12T19:11:46.007+0000] {processor.py:161} INFO - Started process (PID=749) to work on /home/airflow/.local/lib/python3.12/site-packages/airflow/example_dags/example_xcom.py
[2025-11-12T19:11:46.008+0000] {processor.py:830} INFO - Processing file /home/airflow/.local/lib/python3.12/site-packages/airflow/example_dags/example_xcom.py for tasks to queue
[2025-11-12T19:11:46.009+0000] {logging_mixin.py:188} INFO - [2025-11-12T19:11:46.009+0000] {dagbag.py:545} INFO - Filling up the DagBag from /home/airflow/.local/lib/python3.12/site-packages/airflow/example_dags/example_xcom.py
[2025-11-12T19:11:46.016+0000] {processor.py:840} INFO - DAG(s) 'example_xcom' retrieved from /home/airflow/.local/lib/python3.12/site-packages/airflow/example_dags/example_xcom.py
[2025-11-12T19:11:46.038+0000] {logging_mixin.py:188} INFO - [2025-11-12T19:11:46.038+0000] {dag.py:3096} INFO - Sync 1 DAGs
[2025-11-12T19:11:46.056+0000] {logging_mixin.py:188} INFO - [2025-11-12T19:11:46.056+0000] {dag.py:3954} INFO - Setting next_dagrun for example_xcom to 2021-01-01 00:00:00+00:00, run_after=2021-01-01 00:00:00+00:00
[2025-11-12T19:11:46.078+0000] {processor.py:183} INFO - Processing /home/airflow/.local/lib/python3.12/site-packages/airflow/example_dags/example_xcom.py took 0.076 seconds
[2025-11-12T19:12:16.329+0000] {processor.py:161} INFO - Started process (PID=809) to work on /home/airflow/.local/lib/python3.12/site-packages/airflow/example_dags/example_xcom.py
[2025-11-12T19:12:16.330+0000] {processor.py:830} INFO - Processing file /home/airflow/.local/lib/python3.12/site-packages/airflow/example_dags/example_xcom.py for tasks to queue
[2025-11-12T19:12:16.331+0000] {logging_mixin.py:188} INFO - [2025-11-12T19:12:16.331+0000] {dagbag.py:545} INFO - Filling up the DagBag from /home/airflow/.local/lib/python3.12/site-packages/airflow/example_dags/example_xcom.py
[2025-11-12T19:12:16.340+0000] {processor.py:840} INFO - DAG(s) 'example_xcom' retrieved from /home/airflow/.local/lib/python3.12/site-packages/airflow/example_dags/example_xcom.py
[2025-11-12T19:12:16.359+0000] {logging_mixin.py:188} INFO - [2025-11-12T19:12:16.359+0000] {dag.py:3096} INFO - Sync 1 DAGs
[2025-11-12T19:12:16.378+0000] {logging_mixin.py:188} INFO - [2025-11-12T19:12:16.377+0000] {dag.py:3954} INFO - Setting next_dagrun for example_xcom to 2021-01-01 00:00:00+00:00, run_after=2021-01-01 00:00:00+00:00
[2025-11-12T19:12:16.400+0000] {processor.py:183} INFO - Processing /home/airflow/.local/lib/python3.12/site-packages/airflow/example_dags/example_xcom.py took 0.076 seconds
[2025-11-12T19:12:46.769+0000] {processor.py:161} INFO - Started process (PID=869) to work on /home/airflow/.local/lib/python3.12/site-packages/airflow/example_dags/example_xcom.py
[2025-11-12T19:12:46.771+0000] {processor.py:830} INFO - Processing file /home/airflow/.local/lib/python3.12/site-packages/airflow/example_dags/example_xcom.py for tasks to queue
[2025-11-12T19:12:46.772+0000] {logging_mixin.py:188} INFO - [2025-11-12T19:12:46.772+0000] {dagbag.py:545} INFO - Filling up the DagBag from /home/airflow/.local/lib/python3.12/site-packages/airflow/example_dags/example_xcom.py
[2025-11-12T19:12:46.783+0000] {processor.py:840} INFO - DAG(s) 'example_xcom' retrieved from /home/airflow/.local/lib/python3.12/site-packages/airflow/example_dags/example_xcom.py
[2025-11-12T19:12:46.807+0000] {logging_mixin.py:188} INFO - [2025-11-12T19:12:46.807+0000] {dag.py:3096} INFO - Sync 1 DAGs
[2025-11-12T19:12:46.827+0000] {logging_mixin.py:188} INFO - [2025-11-12T19:12:46.826+0000] {dag.py:3954} INFO - Setting next_dagrun for example_xcom to 2021-01-01 00:00:00+00:00, run_after=2021-01-01 00:00:00+00:00
[2025-11-12T19:12:46.850+0000] {processor.py:183} INFO - Processing /home/airflow/.local/lib/python3.12/site-packages/airflow/example_dags/example_xcom.py took 0.085 seconds
[2025-11-12T19:13:17.238+0000] {processor.py:161} INFO - Started process (PID=929) to work on /home/airflow/.local/lib/python3.12/site-packages/airflow/example_dags/example_xcom.py
[2025-11-12T19:13:17.239+0000] {processor.py:830} INFO - Processing file /home/airflow/.local/lib/python3.12/site-packages/airflow/example_dags/example_xcom.py for tasks to queue
[2025-11-12T19:13:17.240+0000] {logging_mixin.py:188} INFO - [2025-11-12T19:13:17.240+0000] {dagbag.py:545} INFO - Filling up the DagBag from /home/airflow/.local/lib/python3.12/site-packages/airflow/example_dags/example_xcom.py
[2025-11-12T19:13:17.247+0000] {processor.py:840} INFO - DAG(s) 'example_xcom' retrieved from /home/airflow/.local/lib/python3.12/site-packages/airflow/example_dags/example_xcom.py
[2025-11-12T19:13:17.270+0000] {logging_mixin.py:188} INFO - [2025-11-12T19:13:17.269+0000] {dag.py:3096} INFO - Sync 1 DAGs
[2025-11-12T19:13:17.292+0000] {logging_mixin.py:188} INFO - [2025-11-12T19:13:17.292+0000] {dag.py:3954} INFO - Setting next_dagrun for example_xcom to 2021-01-01 00:00:00+00:00, run_after=2021-01-01 00:00:00+00:00
[2025-11-12T19:13:17.314+0000] {processor.py:183} INFO - Processing /home/airflow/.local/lib/python3.12/site-packages/airflow/example_dags/example_xcom.py took 0.083 seconds
[2025-11-12T19:13:47.547+0000] {processor.py:161} INFO - Started process (PID=990) to work on /home/airflow/.local/lib/python3.12/site-packages/airflow/example_dags/example_xcom.py
[2025-11-12T19:13:47.548+0000] {processor.py:830} INFO - Processing file /home/airflow/.local/lib/python3.12/site-packages/airflow/example_dags/example_xcom.py for tasks to queue
[2025-11-12T19:13:47.549+0000] {logging_mixin.py:188} INFO - [2025-11-12T19:13:47.548+0000] {dagbag.py:545} INFO - Filling up the DagBag from /home/airflow/.local/lib/python3.12/site-packages/airflow/example_dags/example_xcom.py
[2025-11-12T19:13:47.555+0000] {processor.py:840} INFO - DAG(s) 'example_xcom' retrieved from /home/airflow/.local/lib/python3.12/site-packages/airflow/example_dags/example_xcom.py
[2025-11-12T19:13:47.576+0000] {logging_mixin.py:188} INFO - [2025-11-12T19:13:47.576+0000] {dag.py:3096} INFO - Sync 1 DAGs
[2025-11-12T19:13:47.597+0000] {logging_mixin.py:188} INFO - [2025-11-12T19:13:47.597+0000] {dag.py:3954} INFO - Setting next_dagrun for example_xcom to 2021-01-01 00:00:00+00:00, run_after=2021-01-01 00:00:00+00:00
[2025-11-12T19:13:47.621+0000] {processor.py:183} INFO - Processing /home/airflow/.local/lib/python3.12/site-packages/airflow/example_dags/example_xcom.py took 0.079 seconds
[2025-11-12T19:14:17.871+0000] {processor.py:161} INFO - Started process (PID=1050) to work on /home/airflow/.local/lib/python3.12/site-packages/airflow/example_dags/example_xcom.py
[2025-11-12T19:14:17.872+0000] {processor.py:830} INFO - Processing file /home/airflow/.local/lib/python3.12/site-packages/airflow/example_dags/example_xcom.py for tasks to queue
[2025-11-12T19:14:17.873+0000] {logging_mixin.py:188} INFO - [2025-11-12T19:14:17.873+0000] {dagbag.py:545} INFO - Filling up the DagBag from /home/airflow/.local/lib/python3.12/site-packages/airflow/example_dags/example_xcom.py
[2025-11-12T19:14:17.880+0000] {processor.py:840} INFO - DAG(s) 'example_xcom' retrieved from /home/airflow/.local/lib/python3.12/site-packages/airflow/example_dags/example_xcom.py
[2025-11-12T19:14:17.900+0000] {logging_mixin.py:188} INFO - [2025-11-12T19:14:17.900+0000] {dag.py:3096} INFO - Sync 1 DAGs
[2025-11-12T19:14:17.918+0000] {logging_mixin.py:188} INFO - [2025-11-12T19:14:17.918+0000] {dag.py:3954} INFO - Setting next_dagrun for example_xcom to 2021-01-01 00:00:00+00:00, run_after=2021-01-01 00:00:00+00:00
[2025-11-12T19:14:17.944+0000] {processor.py:183} INFO - Processing /home/airflow/.local/lib/python3.12/site-packages/airflow/example_dags/example_xcom.py took 0.077 seconds
[2025-11-12T19:14:48.748+0000] {processor.py:161} INFO - Started process (PID=1110) to work on /home/airflow/.local/lib/python3.12/site-packages/airflow/example_dags/example_xcom.py
[2025-11-12T19:14:48.749+0000] {processor.py:830} INFO - Processing file /home/airflow/.local/lib/python3.12/site-packages/airflow/example_dags/example_xcom.py for tasks to queue
[2025-11-12T19:14:48.750+0000] {logging_mixin.py:188} INFO - [2025-11-12T19:14:48.750+0000] {dagbag.py:545} INFO - Filling up the DagBag from /home/airflow/.local/lib/python3.12/site-packages/airflow/example_dags/example_xcom.py
[2025-11-12T19:14:48.757+0000] {processor.py:840} INFO - DAG(s) 'example_xcom' retrieved from /home/airflow/.local/lib/python3.12/site-packages/airflow/example_dags/example_xcom.py
[2025-11-12T19:14:48.780+0000] {logging_mixin.py:188} INFO - [2025-11-12T19:14:48.779+0000] {dag.py:3096} INFO - Sync 1 DAGs
[2025-11-12T19:14:48.798+0000] {logging_mixin.py:188} INFO - [2025-11-12T19:14:48.798+0000] {dag.py:3954} INFO - Setting next_dagrun for example_xcom to 2021-01-01 00:00:00+00:00, run_after=2021-01-01 00:00:00+00:00
[2025-11-12T19:14:48.818+0000] {processor.py:183} INFO - Processing /home/airflow/.local/lib/python3.12/site-packages/airflow/example_dags/example_xcom.py took 0.076 seconds
[2025-11-12T19:15:19.872+0000] {processor.py:161} INFO - Started process (PID=1170) to work on /home/airflow/.local/lib/python3.12/site-packages/airflow/example_dags/example_xcom.py
[2025-11-12T19:15:19.874+0000] {processor.py:830} INFO - Processing file /home/airflow/.local/lib/python3.12/site-packages/airflow/example_dags/example_xcom.py for tasks to queue
[2025-11-12T19:15:19.875+0000] {logging_mixin.py:188} INFO - [2025-11-12T19:15:19.874+0000] {dagbag.py:545} INFO - Filling up the DagBag from /home/airflow/.local/lib/python3.12/site-packages/airflow/example_dags/example_xcom.py
[2025-11-12T19:15:19.882+0000] {processor.py:840} INFO - DAG(s) 'example_xcom' retrieved from /home/airflow/.local/lib/python3.12/site-packages/airflow/example_dags/example_xcom.py
[2025-11-12T19:15:19.906+0000] {logging_mixin.py:188} INFO - [2025-11-12T19:15:19.906+0000] {dag.py:3096} INFO - Sync 1 DAGs
[2025-11-12T19:15:19.928+0000] {logging_mixin.py:188} INFO - [2025-11-12T19:15:19.927+0000] {dag.py:3954} INFO - Setting next_dagrun for example_xcom to 2021-01-01 00:00:00+00:00, run_after=2021-01-01 00:00:00+00:00
[2025-11-12T19:15:19.949+0000] {processor.py:183} INFO - Processing /home/airflow/.local/lib/python3.12/site-packages/airflow/example_dags/example_xcom.py took 0.082 seconds
[2025-11-12T19:15:50.285+0000] {processor.py:161} INFO - Started process (PID=1230) to work on /home/airflow/.local/lib/python3.12/site-packages/airflow/example_dags/example_xcom.py
[2025-11-12T19:15:50.286+0000] {processor.py:830} INFO - Processing file /home/airflow/.local/lib/python3.12/site-packages/airflow/example_dags/example_xcom.py for tasks to queue
[2025-11-12T19:15:50.287+0000] {logging_mixin.py:188} INFO - [2025-11-12T19:15:50.287+0000] {dagbag.py:545} INFO - Filling up the DagBag from /home/airflow/.local/lib/python3.12/site-packages/airflow/example_dags/example_xcom.py
[2025-11-12T19:15:50.294+0000] {processor.py:840} INFO - DAG(s) 'example_xcom' retrieved from /home/airflow/.local/lib/python3.12/site-packages/airflow/example_dags/example_xcom.py
[2025-11-12T19:15:50.314+0000] {logging_mixin.py:188} INFO - [2025-11-12T19:15:50.314+0000] {dag.py:3096} INFO - Sync 1 DAGs
[2025-11-12T19:15:50.331+0000] {logging_mixin.py:188} INFO - [2025-11-12T19:15:50.331+0000] {dag.py:3954} INFO - Setting next_dagrun for example_xcom to 2021-01-01 00:00:00+00:00, run_after=2021-01-01 00:00:00+00:00
[2025-11-12T19:15:50.349+0000] {processor.py:183} INFO - Processing /home/airflow/.local/lib/python3.12/site-packages/airflow/example_dags/example_xcom.py took 0.070 seconds
[2025-11-12T19:16:56.974+0000] {processor.py:161} INFO - Started process (PID=87) to work on /home/airflow/.local/lib/python3.12/site-packages/airflow/example_dags/example_xcom.py
[2025-11-12T19:16:56.975+0000] {processor.py:830} INFO - Processing file /home/airflow/.local/lib/python3.12/site-packages/airflow/example_dags/example_xcom.py for tasks to queue
[2025-11-12T19:16:56.977+0000] {logging_mixin.py:188} INFO - [2025-11-12T19:16:56.977+0000] {dagbag.py:545} INFO - Filling up the DagBag from /home/airflow/.local/lib/python3.12/site-packages/airflow/example_dags/example_xcom.py
[2025-11-12T19:16:56.989+0000] {processor.py:840} INFO - DAG(s) 'example_xcom' retrieved from /home/airflow/.local/lib/python3.12/site-packages/airflow/example_dags/example_xcom.py
[2025-11-12T19:16:57.106+0000] {logging_mixin.py:188} INFO - [2025-11-12T19:16:57.105+0000] {dag.py:3096} INFO - Sync 1 DAGs
[2025-11-12T19:16:57.127+0000] {logging_mixin.py:188} INFO - [2025-11-12T19:16:57.126+0000] {dag.py:3954} INFO - Setting next_dagrun for example_xcom to 2021-01-01 00:00:00+00:00, run_after=2021-01-01 00:00:00+00:00
[2025-11-12T19:16:57.154+0000] {processor.py:183} INFO - Processing /home/airflow/.local/lib/python3.12/site-packages/airflow/example_dags/example_xcom.py took 0.185 seconds
[2025-11-12T19:17:27.274+0000] {processor.py:161} INFO - Started process (PID=147) to work on /home/airflow/.local/lib/python3.12/site-packages/airflow/example_dags/example_xcom.py
[2025-11-12T19:17:27.275+0000] {processor.py:830} INFO - Processing file /home/airflow/.local/lib/python3.12/site-packages/airflow/example_dags/example_xcom.py for tasks to queue
[2025-11-12T19:17:27.277+0000] {logging_mixin.py:188} INFO - [2025-11-12T19:17:27.277+0000] {dagbag.py:545} INFO - Filling up the DagBag from /home/airflow/.local/lib/python3.12/site-packages/airflow/example_dags/example_xcom.py
[2025-11-12T19:17:27.285+0000] {processor.py:840} INFO - DAG(s) 'example_xcom' retrieved from /home/airflow/.local/lib/python3.12/site-packages/airflow/example_dags/example_xcom.py
[2025-11-12T19:17:27.311+0000] {logging_mixin.py:188} INFO - [2025-11-12T19:17:27.311+0000] {dag.py:3096} INFO - Sync 1 DAGs
[2025-11-12T19:17:27.334+0000] {logging_mixin.py:188} INFO - [2025-11-12T19:17:27.334+0000] {dag.py:3954} INFO - Setting next_dagrun for example_xcom to 2021-01-01 00:00:00+00:00, run_after=2021-01-01 00:00:00+00:00
[2025-11-12T19:17:27.355+0000] {processor.py:183} INFO - Processing /home/airflow/.local/lib/python3.12/site-packages/airflow/example_dags/example_xcom.py took 0.086 seconds
[2025-11-12T19:17:57.531+0000] {processor.py:161} INFO - Started process (PID=207) to work on /home/airflow/.local/lib/python3.12/site-packages/airflow/example_dags/example_xcom.py
[2025-11-12T19:17:57.532+0000] {processor.py:830} INFO - Processing file /home/airflow/.local/lib/python3.12/site-packages/airflow/example_dags/example_xcom.py for tasks to queue
[2025-11-12T19:17:57.534+0000] {logging_mixin.py:188} INFO - [2025-11-12T19:17:57.534+0000] {dagbag.py:545} INFO - Filling up the DagBag from /home/airflow/.local/lib/python3.12/site-packages/airflow/example_dags/example_xcom.py
[2025-11-12T19:17:57.541+0000] {processor.py:840} INFO - DAG(s) 'example_xcom' retrieved from /home/airflow/.local/lib/python3.12/site-packages/airflow/example_dags/example_xcom.py
[2025-11-12T19:17:57.563+0000] {logging_mixin.py:188} INFO - [2025-11-12T19:17:57.562+0000] {dag.py:3096} INFO - Sync 1 DAGs
[2025-11-12T19:17:57.583+0000] {logging_mixin.py:188} INFO - [2025-11-12T19:17:57.583+0000] {dag.py:3954} INFO - Setting next_dagrun for example_xcom to 2021-01-01 00:00:00+00:00, run_after=2021-01-01 00:00:00+00:00
[2025-11-12T19:17:57.603+0000] {processor.py:183} INFO - Processing /home/airflow/.local/lib/python3.12/site-packages/airflow/example_dags/example_xcom.py took 0.076 seconds
[2025-11-12T19:18:28.885+0000] {processor.py:161} INFO - Started process (PID=267) to work on /home/airflow/.local/lib/python3.12/site-packages/airflow/example_dags/example_xcom.py
[2025-11-12T19:18:28.886+0000] {processor.py:830} INFO - Processing file /home/airflow/.local/lib/python3.12/site-packages/airflow/example_dags/example_xcom.py for tasks to queue
[2025-11-12T19:18:28.888+0000] {logging_mixin.py:188} INFO - [2025-11-12T19:18:28.888+0000] {dagbag.py:545} INFO - Filling up the DagBag from /home/airflow/.local/lib/python3.12/site-packages/airflow/example_dags/example_xcom.py
[2025-11-12T19:18:28.895+0000] {processor.py:840} INFO - DAG(s) 'example_xcom' retrieved from /home/airflow/.local/lib/python3.12/site-packages/airflow/example_dags/example_xcom.py
[2025-11-12T19:18:28.918+0000] {logging_mixin.py:188} INFO - [2025-11-12T19:18:28.918+0000] {dag.py:3096} INFO - Sync 1 DAGs
[2025-11-12T19:18:28.941+0000] {logging_mixin.py:188} INFO - [2025-11-12T19:18:28.940+0000] {dag.py:3954} INFO - Setting next_dagrun for example_xcom to 2021-01-01 00:00:00+00:00, run_after=2021-01-01 00:00:00+00:00
[2025-11-12T19:18:28.967+0000] {processor.py:183} INFO - Processing /home/airflow/.local/lib/python3.12/site-packages/airflow/example_dags/example_xcom.py took 0.087 seconds
[2025-11-12T19:18:59.208+0000] {processor.py:161} INFO - Started process (PID=327) to work on /home/airflow/.local/lib/python3.12/site-packages/airflow/example_dags/example_xcom.py
[2025-11-12T19:18:59.210+0000] {processor.py:830} INFO - Processing file /home/airflow/.local/lib/python3.12/site-packages/airflow/example_dags/example_xcom.py for tasks to queue
[2025-11-12T19:18:59.211+0000] {logging_mixin.py:188} INFO - [2025-11-12T19:18:59.211+0000] {dagbag.py:545} INFO - Filling up the DagBag from /home/airflow/.local/lib/python3.12/site-packages/airflow/example_dags/example_xcom.py
[2025-11-12T19:18:59.219+0000] {processor.py:840} INFO - DAG(s) 'example_xcom' retrieved from /home/airflow/.local/lib/python3.12/site-packages/airflow/example_dags/example_xcom.py
[2025-11-12T19:18:59.244+0000] {logging_mixin.py:188} INFO - [2025-11-12T19:18:59.244+0000] {dag.py:3096} INFO - Sync 1 DAGs
[2025-11-12T19:18:59.263+0000] {logging_mixin.py:188} INFO - [2025-11-12T19:18:59.263+0000] {dag.py:3954} INFO - Setting next_dagrun for example_xcom to 2021-01-01 00:00:00+00:00, run_after=2021-01-01 00:00:00+00:00
[2025-11-12T19:18:59.285+0000] {processor.py:183} INFO - Processing /home/airflow/.local/lib/python3.12/site-packages/airflow/example_dags/example_xcom.py took 0.081 seconds
[2025-11-12T19:19:29.451+0000] {processor.py:161} INFO - Started process (PID=387) to work on /home/airflow/.local/lib/python3.12/site-packages/airflow/example_dags/example_xcom.py
[2025-11-12T19:19:29.452+0000] {processor.py:830} INFO - Processing file /home/airflow/.local/lib/python3.12/site-packages/airflow/example_dags/example_xcom.py for tasks to queue
[2025-11-12T19:19:29.454+0000] {logging_mixin.py:188} INFO - [2025-11-12T19:19:29.454+0000] {dagbag.py:545} INFO - Filling up the DagBag from /home/airflow/.local/lib/python3.12/site-packages/airflow/example_dags/example_xcom.py
[2025-11-12T19:19:29.460+0000] {processor.py:840} INFO - DAG(s) 'example_xcom' retrieved from /home/airflow/.local/lib/python3.12/site-packages/airflow/example_dags/example_xcom.py
[2025-11-12T19:19:29.484+0000] {logging_mixin.py:188} INFO - [2025-11-12T19:19:29.484+0000] {dag.py:3096} INFO - Sync 1 DAGs
[2025-11-12T19:19:29.503+0000] {logging_mixin.py:188} INFO - [2025-11-12T19:19:29.503+0000] {dag.py:3954} INFO - Setting next_dagrun for example_xcom to 2021-01-01 00:00:00+00:00, run_after=2021-01-01 00:00:00+00:00
[2025-11-12T19:19:29.524+0000] {processor.py:183} INFO - Processing /home/airflow/.local/lib/python3.12/site-packages/airflow/example_dags/example_xcom.py took 0.077 seconds
[2025-11-12T19:20:00.135+0000] {processor.py:161} INFO - Started process (PID=447) to work on /home/airflow/.local/lib/python3.12/site-packages/airflow/example_dags/example_xcom.py
[2025-11-12T19:20:00.136+0000] {processor.py:830} INFO - Processing file /home/airflow/.local/lib/python3.12/site-packages/airflow/example_dags/example_xcom.py for tasks to queue
[2025-11-12T19:20:00.138+0000] {logging_mixin.py:188} INFO - [2025-11-12T19:20:00.138+0000] {dagbag.py:545} INFO - Filling up the DagBag from /home/airflow/.local/lib/python3.12/site-packages/airflow/example_dags/example_xcom.py
[2025-11-12T19:20:00.145+0000] {processor.py:840} INFO - DAG(s) 'example_xcom' retrieved from /home/airflow/.local/lib/python3.12/site-packages/airflow/example_dags/example_xcom.py
[2025-11-12T19:20:00.167+0000] {logging_mixin.py:188} INFO - [2025-11-12T19:20:00.167+0000] {dag.py:3096} INFO - Sync 1 DAGs
[2025-11-12T19:20:00.188+0000] {logging_mixin.py:188} INFO - [2025-11-12T19:20:00.188+0000] {dag.py:3954} INFO - Setting next_dagrun for example_xcom to 2021-01-01 00:00:00+00:00, run_after=2021-01-01 00:00:00+00:00
[2025-11-12T19:20:00.207+0000] {processor.py:183} INFO - Processing /home/airflow/.local/lib/python3.12/site-packages/airflow/example_dags/example_xcom.py took 0.077 seconds
[2025-11-12T19:20:31.117+0000] {processor.py:161} INFO - Started process (PID=508) to work on /home/airflow/.local/lib/python3.12/site-packages/airflow/example_dags/example_xcom.py
[2025-11-12T19:20:31.119+0000] {processor.py:830} INFO - Processing file /home/airflow/.local/lib/python3.12/site-packages/airflow/example_dags/example_xcom.py for tasks to queue
[2025-11-12T19:20:31.120+0000] {logging_mixin.py:188} INFO - [2025-11-12T19:20:31.120+0000] {dagbag.py:545} INFO - Filling up the DagBag from /home/airflow/.local/lib/python3.12/site-packages/airflow/example_dags/example_xcom.py
[2025-11-12T19:20:31.126+0000] {processor.py:840} INFO - DAG(s) 'example_xcom' retrieved from /home/airflow/.local/lib/python3.12/site-packages/airflow/example_dags/example_xcom.py
[2025-11-12T19:20:31.151+0000] {logging_mixin.py:188} INFO - [2025-11-12T19:20:31.150+0000] {dag.py:3096} INFO - Sync 1 DAGs
[2025-11-12T19:20:31.168+0000] {logging_mixin.py:188} INFO - [2025-11-12T19:20:31.167+0000] {dag.py:3954} INFO - Setting next_dagrun for example_xcom to 2021-01-01 00:00:00+00:00, run_after=2021-01-01 00:00:00+00:00
[2025-11-12T19:20:31.190+0000] {processor.py:183} INFO - Processing /home/airflow/.local/lib/python3.12/site-packages/airflow/example_dags/example_xcom.py took 0.078 seconds
[2025-11-12T19:21:01.275+0000] {processor.py:161} INFO - Started process (PID=568) to work on /home/airflow/.local/lib/python3.12/site-packages/airflow/example_dags/example_xcom.py
[2025-11-12T19:21:01.276+0000] {processor.py:830} INFO - Processing file /home/airflow/.local/lib/python3.12/site-packages/airflow/example_dags/example_xcom.py for tasks to queue
[2025-11-12T19:21:01.277+0000] {logging_mixin.py:188} INFO - [2025-11-12T19:21:01.277+0000] {dagbag.py:545} INFO - Filling up the DagBag from /home/airflow/.local/lib/python3.12/site-packages/airflow/example_dags/example_xcom.py
[2025-11-12T19:21:01.283+0000] {processor.py:840} INFO - DAG(s) 'example_xcom' retrieved from /home/airflow/.local/lib/python3.12/site-packages/airflow/example_dags/example_xcom.py
[2025-11-12T19:21:01.303+0000] {logging_mixin.py:188} INFO - [2025-11-12T19:21:01.303+0000] {dag.py:3096} INFO - Sync 1 DAGs
[2025-11-12T19:21:01.319+0000] {logging_mixin.py:188} INFO - [2025-11-12T19:21:01.319+0000] {dag.py:3954} INFO - Setting next_dagrun for example_xcom to 2021-01-01 00:00:00+00:00, run_after=2021-01-01 00:00:00+00:00
[2025-11-12T19:21:01.338+0000] {processor.py:183} INFO - Processing /home/airflow/.local/lib/python3.12/site-packages/airflow/example_dags/example_xcom.py took 0.068 seconds
[2025-11-12T19:21:31.645+0000] {processor.py:161} INFO - Started process (PID=628) to work on /home/airflow/.local/lib/python3.12/site-packages/airflow/example_dags/example_xcom.py
[2025-11-12T19:21:31.647+0000] {processor.py:830} INFO - Processing file /home/airflow/.local/lib/python3.12/site-packages/airflow/example_dags/example_xcom.py for tasks to queue
[2025-11-12T19:21:31.649+0000] {logging_mixin.py:188} INFO - [2025-11-12T19:21:31.648+0000] {dagbag.py:545} INFO - Filling up the DagBag from /home/airflow/.local/lib/python3.12/site-packages/airflow/example_dags/example_xcom.py
[2025-11-12T19:21:31.657+0000] {processor.py:840} INFO - DAG(s) 'example_xcom' retrieved from /home/airflow/.local/lib/python3.12/site-packages/airflow/example_dags/example_xcom.py
[2025-11-12T19:21:31.680+0000] {logging_mixin.py:188} INFO - [2025-11-12T19:21:31.680+0000] {dag.py:3096} INFO - Sync 1 DAGs
[2025-11-12T19:21:31.702+0000] {logging_mixin.py:188} INFO - [2025-11-12T19:21:31.702+0000] {dag.py:3954} INFO - Setting next_dagrun for example_xcom to 2021-01-01 00:00:00+00:00, run_after=2021-01-01 00:00:00+00:00
[2025-11-12T19:21:31.721+0000] {processor.py:183} INFO - Processing /home/airflow/.local/lib/python3.12/site-packages/airflow/example_dags/example_xcom.py took 0.080 seconds
[2025-11-12T19:22:02.012+0000] {processor.py:161} INFO - Started process (PID=688) to work on /home/airflow/.local/lib/python3.12/site-packages/airflow/example_dags/example_xcom.py
[2025-11-12T19:22:02.013+0000] {processor.py:830} INFO - Processing file /home/airflow/.local/lib/python3.12/site-packages/airflow/example_dags/example_xcom.py for tasks to queue
[2025-11-12T19:22:02.015+0000] {logging_mixin.py:188} INFO - [2025-11-12T19:22:02.015+0000] {dagbag.py:545} INFO - Filling up the DagBag from /home/airflow/.local/lib/python3.12/site-packages/airflow/example_dags/example_xcom.py
[2025-11-12T19:22:02.022+0000] {processor.py:840} INFO - DAG(s) 'example_xcom' retrieved from /home/airflow/.local/lib/python3.12/site-packages/airflow/example_dags/example_xcom.py
[2025-11-12T19:22:02.048+0000] {logging_mixin.py:188} INFO - [2025-11-12T19:22:02.048+0000] {dag.py:3096} INFO - Sync 1 DAGs
[2025-11-12T19:22:02.065+0000] {logging_mixin.py:188} INFO - [2025-11-12T19:22:02.064+0000] {dag.py:3954} INFO - Setting next_dagrun for example_xcom to 2021-01-01 00:00:00+00:00, run_after=2021-01-01 00:00:00+00:00
[2025-11-12T19:22:02.085+0000] {processor.py:183} INFO - Processing /home/airflow/.local/lib/python3.12/site-packages/airflow/example_dags/example_xcom.py took 0.077 seconds
[2025-11-12T19:22:32.343+0000] {processor.py:161} INFO - Started process (PID=749) to work on /home/airflow/.local/lib/python3.12/site-packages/airflow/example_dags/example_xcom.py
[2025-11-12T19:22:32.344+0000] {processor.py:830} INFO - Processing file /home/airflow/.local/lib/python3.12/site-packages/airflow/example_dags/example_xcom.py for tasks to queue
[2025-11-12T19:22:32.346+0000] {logging_mixin.py:188} INFO - [2025-11-12T19:22:32.346+0000] {dagbag.py:545} INFO - Filling up the DagBag from /home/airflow/.local/lib/python3.12/site-packages/airflow/example_dags/example_xcom.py
[2025-11-12T19:22:32.353+0000] {processor.py:840} INFO - DAG(s) 'example_xcom' retrieved from /home/airflow/.local/lib/python3.12/site-packages/airflow/example_dags/example_xcom.py
[2025-11-12T19:22:32.375+0000] {logging_mixin.py:188} INFO - [2025-11-12T19:22:32.375+0000] {dag.py:3096} INFO - Sync 1 DAGs
[2025-11-12T19:22:32.390+0000] {logging_mixin.py:188} INFO - [2025-11-12T19:22:32.390+0000] {dag.py:3954} INFO - Setting next_dagrun for example_xcom to 2021-01-01 00:00:00+00:00, run_after=2021-01-01 00:00:00+00:00
[2025-11-12T19:22:32.409+0000] {processor.py:183} INFO - Processing /home/airflow/.local/lib/python3.12/site-packages/airflow/example_dags/example_xcom.py took 0.071 seconds
[2025-11-12T19:23:02.574+0000] {processor.py:161} INFO - Started process (PID=809) to work on /home/airflow/.local/lib/python3.12/site-packages/airflow/example_dags/example_xcom.py
[2025-11-12T19:23:02.575+0000] {processor.py:830} INFO - Processing file /home/airflow/.local/lib/python3.12/site-packages/airflow/example_dags/example_xcom.py for tasks to queue
[2025-11-12T19:23:02.577+0000] {logging_mixin.py:188} INFO - [2025-11-12T19:23:02.577+0000] {dagbag.py:545} INFO - Filling up the DagBag from /home/airflow/.local/lib/python3.12/site-packages/airflow/example_dags/example_xcom.py
[2025-11-12T19:23:02.584+0000] {processor.py:840} INFO - DAG(s) 'example_xcom' retrieved from /home/airflow/.local/lib/python3.12/site-packages/airflow/example_dags/example_xcom.py
[2025-11-12T19:23:02.604+0000] {logging_mixin.py:188} INFO - [2025-11-12T19:23:02.603+0000] {dag.py:3096} INFO - Sync 1 DAGs
[2025-11-12T19:23:02.619+0000] {logging_mixin.py:188} INFO - [2025-11-12T19:23:02.619+0000] {dag.py:3954} INFO - Setting next_dagrun for example_xcom to 2021-01-01 00:00:00+00:00, run_after=2021-01-01 00:00:00+00:00
[2025-11-12T19:23:02.638+0000] {processor.py:183} INFO - Processing /home/airflow/.local/lib/python3.12/site-packages/airflow/example_dags/example_xcom.py took 0.068 seconds
[2025-11-12T19:23:32.957+0000] {processor.py:161} INFO - Started process (PID=869) to work on /home/airflow/.local/lib/python3.12/site-packages/airflow/example_dags/example_xcom.py
[2025-11-12T19:23:32.958+0000] {processor.py:830} INFO - Processing file /home/airflow/.local/lib/python3.12/site-packages/airflow/example_dags/example_xcom.py for tasks to queue
[2025-11-12T19:23:32.960+0000] {logging_mixin.py:188} INFO - [2025-11-12T19:23:32.960+0000] {dagbag.py:545} INFO - Filling up the DagBag from /home/airflow/.local/lib/python3.12/site-packages/airflow/example_dags/example_xcom.py
[2025-11-12T19:23:32.966+0000] {processor.py:840} INFO - DAG(s) 'example_xcom' retrieved from /home/airflow/.local/lib/python3.12/site-packages/airflow/example_dags/example_xcom.py
[2025-11-12T19:23:32.987+0000] {logging_mixin.py:188} INFO - [2025-11-12T19:23:32.987+0000] {dag.py:3096} INFO - Sync 1 DAGs
[2025-11-12T19:23:33.004+0000] {logging_mixin.py:188} INFO - [2025-11-12T19:23:33.004+0000] {dag.py:3954} INFO - Setting next_dagrun for example_xcom to 2021-01-01 00:00:00+00:00, run_after=2021-01-01 00:00:00+00:00
[2025-11-12T19:23:33.024+0000] {processor.py:183} INFO - Processing /home/airflow/.local/lib/python3.12/site-packages/airflow/example_dags/example_xcom.py took 0.071 seconds
[2025-11-12T19:24:03.434+0000] {processor.py:161} INFO - Started process (PID=929) to work on /home/airflow/.local/lib/python3.12/site-packages/airflow/example_dags/example_xcom.py
[2025-11-12T19:24:03.435+0000] {processor.py:830} INFO - Processing file /home/airflow/.local/lib/python3.12/site-packages/airflow/example_dags/example_xcom.py for tasks to queue
[2025-11-12T19:24:03.437+0000] {logging_mixin.py:188} INFO - [2025-11-12T19:24:03.437+0000] {dagbag.py:545} INFO - Filling up the DagBag from /home/airflow/.local/lib/python3.12/site-packages/airflow/example_dags/example_xcom.py
[2025-11-12T19:24:03.443+0000] {processor.py:840} INFO - DAG(s) 'example_xcom' retrieved from /home/airflow/.local/lib/python3.12/site-packages/airflow/example_dags/example_xcom.py
[2025-11-12T19:24:03.465+0000] {logging_mixin.py:188} INFO - [2025-11-12T19:24:03.464+0000] {dag.py:3096} INFO - Sync 1 DAGs
[2025-11-12T19:24:03.483+0000] {logging_mixin.py:188} INFO - [2025-11-12T19:24:03.483+0000] {dag.py:3954} INFO - Setting next_dagrun for example_xcom to 2021-01-01 00:00:00+00:00, run_after=2021-01-01 00:00:00+00:00
[2025-11-12T19:24:03.503+0000] {processor.py:183} INFO - Processing /home/airflow/.local/lib/python3.12/site-packages/airflow/example_dags/example_xcom.py took 0.074 seconds
[2025-11-12T19:24:33.613+0000] {processor.py:161} INFO - Started process (PID=989) to work on /home/airflow/.local/lib/python3.12/site-packages/airflow/example_dags/example_xcom.py
[2025-11-12T19:24:33.614+0000] {processor.py:830} INFO - Processing file /home/airflow/.local/lib/python3.12/site-packages/airflow/example_dags/example_xcom.py for tasks to queue
[2025-11-12T19:24:33.616+0000] {logging_mixin.py:188} INFO - [2025-11-12T19:24:33.616+0000] {dagbag.py:545} INFO - Filling up the DagBag from /home/airflow/.local/lib/python3.12/site-packages/airflow/example_dags/example_xcom.py
[2025-11-12T19:24:33.624+0000] {processor.py:840} INFO - DAG(s) 'example_xcom' retrieved from /home/airflow/.local/lib/python3.12/site-packages/airflow/example_dags/example_xcom.py
[2025-11-12T19:24:33.648+0000] {logging_mixin.py:188} INFO - [2025-11-12T19:24:33.648+0000] {dag.py:3096} INFO - Sync 1 DAGs
[2025-11-12T19:24:33.666+0000] {logging_mixin.py:188} INFO - [2025-11-12T19:24:33.666+0000] {dag.py:3954} INFO - Setting next_dagrun for example_xcom to 2021-01-01 00:00:00+00:00, run_after=2021-01-01 00:00:00+00:00
[2025-11-12T19:24:33.686+0000] {processor.py:183} INFO - Processing /home/airflow/.local/lib/python3.12/site-packages/airflow/example_dags/example_xcom.py took 0.078 seconds
[2025-11-12T19:25:04.799+0000] {processor.py:161} INFO - Started process (PID=1049) to work on /home/airflow/.local/lib/python3.12/site-packages/airflow/example_dags/example_xcom.py
[2025-11-12T19:25:04.801+0000] {processor.py:830} INFO - Processing file /home/airflow/.local/lib/python3.12/site-packages/airflow/example_dags/example_xcom.py for tasks to queue
[2025-11-12T19:25:04.803+0000] {logging_mixin.py:188} INFO - [2025-11-12T19:25:04.803+0000] {dagbag.py:545} INFO - Filling up the DagBag from /home/airflow/.local/lib/python3.12/site-packages/airflow/example_dags/example_xcom.py
[2025-11-12T19:25:04.815+0000] {processor.py:840} INFO - DAG(s) 'example_xcom' retrieved from /home/airflow/.local/lib/python3.12/site-packages/airflow/example_dags/example_xcom.py
[2025-11-12T19:25:04.844+0000] {logging_mixin.py:188} INFO - [2025-11-12T19:25:04.844+0000] {dag.py:3096} INFO - Sync 1 DAGs
[2025-11-12T19:25:04.869+0000] {logging_mixin.py:188} INFO - [2025-11-12T19:25:04.869+0000] {dag.py:3954} INFO - Setting next_dagrun for example_xcom to 2021-01-01 00:00:00+00:00, run_after=2021-01-01 00:00:00+00:00
[2025-11-12T19:25:04.889+0000] {processor.py:183} INFO - Processing /home/airflow/.local/lib/python3.12/site-packages/airflow/example_dags/example_xcom.py took 0.096 seconds
[2025-11-12T19:25:35.048+0000] {processor.py:161} INFO - Started process (PID=1109) to work on /home/airflow/.local/lib/python3.12/site-packages/airflow/example_dags/example_xcom.py
[2025-11-12T19:25:35.049+0000] {processor.py:830} INFO - Processing file /home/airflow/.local/lib/python3.12/site-packages/airflow/example_dags/example_xcom.py for tasks to queue
[2025-11-12T19:25:35.051+0000] {logging_mixin.py:188} INFO - [2025-11-12T19:25:35.051+0000] {dagbag.py:545} INFO - Filling up the DagBag from /home/airflow/.local/lib/python3.12/site-packages/airflow/example_dags/example_xcom.py
[2025-11-12T19:25:35.058+0000] {processor.py:840} INFO - DAG(s) 'example_xcom' retrieved from /home/airflow/.local/lib/python3.12/site-packages/airflow/example_dags/example_xcom.py
[2025-11-12T19:25:35.078+0000] {logging_mixin.py:188} INFO - [2025-11-12T19:25:35.077+0000] {dag.py:3096} INFO - Sync 1 DAGs
[2025-11-12T19:25:35.095+0000] {logging_mixin.py:188} INFO - [2025-11-12T19:25:35.095+0000] {dag.py:3954} INFO - Setting next_dagrun for example_xcom to 2021-01-01 00:00:00+00:00, run_after=2021-01-01 00:00:00+00:00
[2025-11-12T19:25:35.116+0000] {processor.py:183} INFO - Processing /home/airflow/.local/lib/python3.12/site-packages/airflow/example_dags/example_xcom.py took 0.072 seconds
[2025-11-12T19:26:05.388+0000] {processor.py:161} INFO - Started process (PID=1169) to work on /home/airflow/.local/lib/python3.12/site-packages/airflow/example_dags/example_xcom.py
[2025-11-12T19:26:05.389+0000] {processor.py:830} INFO - Processing file /home/airflow/.local/lib/python3.12/site-packages/airflow/example_dags/example_xcom.py for tasks to queue
[2025-11-12T19:26:05.392+0000] {logging_mixin.py:188} INFO - [2025-11-12T19:26:05.391+0000] {dagbag.py:545} INFO - Filling up the DagBag from /home/airflow/.local/lib/python3.12/site-packages/airflow/example_dags/example_xcom.py
[2025-11-12T19:26:05.398+0000] {processor.py:840} INFO - DAG(s) 'example_xcom' retrieved from /home/airflow/.local/lib/python3.12/site-packages/airflow/example_dags/example_xcom.py
[2025-11-12T19:26:05.422+0000] {logging_mixin.py:188} INFO - [2025-11-12T19:26:05.422+0000] {dag.py:3096} INFO - Sync 1 DAGs
[2025-11-12T19:26:05.442+0000] {logging_mixin.py:188} INFO - [2025-11-12T19:26:05.442+0000] {dag.py:3954} INFO - Setting next_dagrun for example_xcom to 2021-01-01 00:00:00+00:00, run_after=2021-01-01 00:00:00+00:00
[2025-11-12T19:26:05.468+0000] {processor.py:183} INFO - Processing /home/airflow/.local/lib/python3.12/site-packages/airflow/example_dags/example_xcom.py took 0.085 seconds
[2025-11-12T19:26:36.056+0000] {processor.py:161} INFO - Started process (PID=1230) to work on /home/airflow/.local/lib/python3.12/site-packages/airflow/example_dags/example_xcom.py
[2025-11-12T19:26:36.057+0000] {processor.py:830} INFO - Processing file /home/airflow/.local/lib/python3.12/site-packages/airflow/example_dags/example_xcom.py for tasks to queue
[2025-11-12T19:26:36.059+0000] {logging_mixin.py:188} INFO - [2025-11-12T19:26:36.059+0000] {dagbag.py:545} INFO - Filling up the DagBag from /home/airflow/.local/lib/python3.12/site-packages/airflow/example_dags/example_xcom.py
[2025-11-12T19:26:36.066+0000] {processor.py:840} INFO - DAG(s) 'example_xcom' retrieved from /home/airflow/.local/lib/python3.12/site-packages/airflow/example_dags/example_xcom.py
[2025-11-12T19:26:36.093+0000] {logging_mixin.py:188} INFO - [2025-11-12T19:26:36.093+0000] {dag.py:3096} INFO - Sync 1 DAGs
[2025-11-12T19:26:36.115+0000] {logging_mixin.py:188} INFO - [2025-11-12T19:26:36.115+0000] {dag.py:3954} INFO - Setting next_dagrun for example_xcom to 2021-01-01 00:00:00+00:00, run_after=2021-01-01 00:00:00+00:00
[2025-11-12T19:26:36.149+0000] {processor.py:183} INFO - Processing /home/airflow/.local/lib/python3.12/site-packages/airflow/example_dags/example_xcom.py took 0.098 seconds
[2025-11-12T19:27:06.412+0000] {processor.py:161} INFO - Started process (PID=1290) to work on /home/airflow/.local/lib/python3.12/site-packages/airflow/example_dags/example_xcom.py
[2025-11-12T19:27:06.413+0000] {processor.py:830} INFO - Processing file /home/airflow/.local/lib/python3.12/site-packages/airflow/example_dags/example_xcom.py for tasks to queue
[2025-11-12T19:27:06.416+0000] {logging_mixin.py:188} INFO - [2025-11-12T19:27:06.415+0000] {dagbag.py:545} INFO - Filling up the DagBag from /home/airflow/.local/lib/python3.12/site-packages/airflow/example_dags/example_xcom.py
[2025-11-12T19:27:06.423+0000] {processor.py:840} INFO - DAG(s) 'example_xcom' retrieved from /home/airflow/.local/lib/python3.12/site-packages/airflow/example_dags/example_xcom.py
[2025-11-12T19:27:06.458+0000] {logging_mixin.py:188} INFO - [2025-11-12T19:27:06.458+0000] {dag.py:3096} INFO - Sync 1 DAGs
[2025-11-12T19:27:06.484+0000] {logging_mixin.py:188} INFO - [2025-11-12T19:27:06.483+0000] {dag.py:3954} INFO - Setting next_dagrun for example_xcom to 2021-01-01 00:00:00+00:00, run_after=2021-01-01 00:00:00+00:00
[2025-11-12T19:27:06.507+0000] {processor.py:183} INFO - Processing /home/airflow/.local/lib/python3.12/site-packages/airflow/example_dags/example_xcom.py took 0.101 seconds
[2025-11-12T19:27:37.480+0000] {processor.py:161} INFO - Started process (PID=1350) to work on /home/airflow/.local/lib/python3.12/site-packages/airflow/example_dags/example_xcom.py
[2025-11-12T19:27:37.481+0000] {processor.py:830} INFO - Processing file /home/airflow/.local/lib/python3.12/site-packages/airflow/example_dags/example_xcom.py for tasks to queue
[2025-11-12T19:27:37.483+0000] {logging_mixin.py:188} INFO - [2025-11-12T19:27:37.483+0000] {dagbag.py:545} INFO - Filling up the DagBag from /home/airflow/.local/lib/python3.12/site-packages/airflow/example_dags/example_xcom.py
[2025-11-12T19:27:37.491+0000] {processor.py:840} INFO - DAG(s) 'example_xcom' retrieved from /home/airflow/.local/lib/python3.12/site-packages/airflow/example_dags/example_xcom.py
[2025-11-12T19:27:37.518+0000] {logging_mixin.py:188} INFO - [2025-11-12T19:27:37.518+0000] {dag.py:3096} INFO - Sync 1 DAGs
[2025-11-12T19:27:37.811+0000] {logging_mixin.py:188} INFO - [2025-11-12T19:27:37.810+0000] {dag.py:3954} INFO - Setting next_dagrun for example_xcom to 2021-01-01 00:00:00+00:00, run_after=2021-01-01 00:00:00+00:00
[2025-11-12T19:27:37.833+0000] {processor.py:183} INFO - Processing /home/airflow/.local/lib/python3.12/site-packages/airflow/example_dags/example_xcom.py took 0.358 seconds
[2025-11-12T19:28:08.610+0000] {processor.py:161} INFO - Started process (PID=1411) to work on /home/airflow/.local/lib/python3.12/site-packages/airflow/example_dags/example_xcom.py
[2025-11-12T19:28:08.612+0000] {processor.py:830} INFO - Processing file /home/airflow/.local/lib/python3.12/site-packages/airflow/example_dags/example_xcom.py for tasks to queue
[2025-11-12T19:28:08.614+0000] {logging_mixin.py:188} INFO - [2025-11-12T19:28:08.614+0000] {dagbag.py:545} INFO - Filling up the DagBag from /home/airflow/.local/lib/python3.12/site-packages/airflow/example_dags/example_xcom.py
[2025-11-12T19:28:08.622+0000] {processor.py:840} INFO - DAG(s) 'example_xcom' retrieved from /home/airflow/.local/lib/python3.12/site-packages/airflow/example_dags/example_xcom.py
[2025-11-12T19:28:08.662+0000] {logging_mixin.py:188} INFO - [2025-11-12T19:28:08.662+0000] {dag.py:3096} INFO - Sync 1 DAGs
[2025-11-12T19:28:08.683+0000] {logging_mixin.py:188} INFO - [2025-11-12T19:28:08.683+0000] {dag.py:3954} INFO - Setting next_dagrun for example_xcom to 2021-01-01 00:00:00+00:00, run_after=2021-01-01 00:00:00+00:00
[2025-11-12T19:28:08.914+0000] {processor.py:183} INFO - Processing /home/airflow/.local/lib/python3.12/site-packages/airflow/example_dags/example_xcom.py took 0.312 seconds
[2025-11-12T19:28:39.298+0000] {processor.py:161} INFO - Started process (PID=1471) to work on /home/airflow/.local/lib/python3.12/site-packages/airflow/example_dags/example_xcom.py
[2025-11-12T19:28:39.300+0000] {processor.py:830} INFO - Processing file /home/airflow/.local/lib/python3.12/site-packages/airflow/example_dags/example_xcom.py for tasks to queue
[2025-11-12T19:28:39.303+0000] {logging_mixin.py:188} INFO - [2025-11-12T19:28:39.302+0000] {dagbag.py:545} INFO - Filling up the DagBag from /home/airflow/.local/lib/python3.12/site-packages/airflow/example_dags/example_xcom.py
[2025-11-12T19:28:39.311+0000] {processor.py:840} INFO - DAG(s) 'example_xcom' retrieved from /home/airflow/.local/lib/python3.12/site-packages/airflow/example_dags/example_xcom.py
[2025-11-12T19:28:39.335+0000] {logging_mixin.py:188} INFO - [2025-11-12T19:28:39.334+0000] {dag.py:3096} INFO - Sync 1 DAGs
[2025-11-12T19:28:39.354+0000] {logging_mixin.py:188} INFO - [2025-11-12T19:28:39.353+0000] {dag.py:3954} INFO - Setting next_dagrun for example_xcom to 2021-01-01 00:00:00+00:00, run_after=2021-01-01 00:00:00+00:00
[2025-11-12T19:28:39.375+0000] {processor.py:183} INFO - Processing /home/airflow/.local/lib/python3.12/site-packages/airflow/example_dags/example_xcom.py took 0.083 seconds
[2025-11-12T19:29:09.468+0000] {processor.py:161} INFO - Started process (PID=1531) to work on /home/airflow/.local/lib/python3.12/site-packages/airflow/example_dags/example_xcom.py
[2025-11-12T19:29:09.469+0000] {processor.py:830} INFO - Processing file /home/airflow/.local/lib/python3.12/site-packages/airflow/example_dags/example_xcom.py for tasks to queue
[2025-11-12T19:29:09.471+0000] {logging_mixin.py:188} INFO - [2025-11-12T19:29:09.471+0000] {dagbag.py:545} INFO - Filling up the DagBag from /home/airflow/.local/lib/python3.12/site-packages/airflow/example_dags/example_xcom.py
[2025-11-12T19:29:09.477+0000] {processor.py:840} INFO - DAG(s) 'example_xcom' retrieved from /home/airflow/.local/lib/python3.12/site-packages/airflow/example_dags/example_xcom.py
[2025-11-12T19:29:09.498+0000] {logging_mixin.py:188} INFO - [2025-11-12T19:29:09.498+0000] {dag.py:3096} INFO - Sync 1 DAGs
[2025-11-12T19:29:09.515+0000] {logging_mixin.py:188} INFO - [2025-11-12T19:29:09.515+0000] {dag.py:3954} INFO - Setting next_dagrun for example_xcom to 2021-01-01 00:00:00+00:00, run_after=2021-01-01 00:00:00+00:00
[2025-11-12T19:29:09.546+0000] {processor.py:183} INFO - Processing /home/airflow/.local/lib/python3.12/site-packages/airflow/example_dags/example_xcom.py took 0.083 seconds
[2025-11-12T19:29:41.335+0000] {processor.py:161} INFO - Started process (PID=1591) to work on /home/airflow/.local/lib/python3.12/site-packages/airflow/example_dags/example_xcom.py
[2025-11-12T19:29:41.336+0000] {processor.py:830} INFO - Processing file /home/airflow/.local/lib/python3.12/site-packages/airflow/example_dags/example_xcom.py for tasks to queue
[2025-11-12T19:29:41.339+0000] {logging_mixin.py:188} INFO - [2025-11-12T19:29:41.338+0000] {dagbag.py:545} INFO - Filling up the DagBag from /home/airflow/.local/lib/python3.12/site-packages/airflow/example_dags/example_xcom.py
[2025-11-12T19:29:41.347+0000] {processor.py:840} INFO - DAG(s) 'example_xcom' retrieved from /home/airflow/.local/lib/python3.12/site-packages/airflow/example_dags/example_xcom.py
[2025-11-12T19:29:41.379+0000] {logging_mixin.py:188} INFO - [2025-11-12T19:29:41.379+0000] {dag.py:3096} INFO - Sync 1 DAGs
[2025-11-12T19:29:41.614+0000] {logging_mixin.py:188} INFO - [2025-11-12T19:29:41.614+0000] {dag.py:3954} INFO - Setting next_dagrun for example_xcom to 2021-01-01 00:00:00+00:00, run_after=2021-01-01 00:00:00+00:00
[2025-11-12T19:29:41.634+0000] {processor.py:183} INFO - Processing /home/airflow/.local/lib/python3.12/site-packages/airflow/example_dags/example_xcom.py took 0.304 seconds
[2025-11-12T19:30:11.921+0000] {processor.py:161} INFO - Started process (PID=1651) to work on /home/airflow/.local/lib/python3.12/site-packages/airflow/example_dags/example_xcom.py
[2025-11-12T19:30:11.922+0000] {processor.py:830} INFO - Processing file /home/airflow/.local/lib/python3.12/site-packages/airflow/example_dags/example_xcom.py for tasks to queue
[2025-11-12T19:30:11.924+0000] {logging_mixin.py:188} INFO - [2025-11-12T19:30:11.924+0000] {dagbag.py:545} INFO - Filling up the DagBag from /home/airflow/.local/lib/python3.12/site-packages/airflow/example_dags/example_xcom.py
[2025-11-12T19:30:11.931+0000] {processor.py:840} INFO - DAG(s) 'example_xcom' retrieved from /home/airflow/.local/lib/python3.12/site-packages/airflow/example_dags/example_xcom.py
[2025-11-12T19:30:11.957+0000] {logging_mixin.py:188} INFO - [2025-11-12T19:30:11.957+0000] {dag.py:3096} INFO - Sync 1 DAGs
[2025-11-12T19:30:11.978+0000] {logging_mixin.py:188} INFO - [2025-11-12T19:30:11.978+0000] {dag.py:3954} INFO - Setting next_dagrun for example_xcom to 2021-01-01 00:00:00+00:00, run_after=2021-01-01 00:00:00+00:00
[2025-11-12T19:30:12.003+0000] {processor.py:183} INFO - Processing /home/airflow/.local/lib/python3.12/site-packages/airflow/example_dags/example_xcom.py took 0.086 seconds
[2025-11-12T19:30:42.164+0000] {processor.py:161} INFO - Started process (PID=1711) to work on /home/airflow/.local/lib/python3.12/site-packages/airflow/example_dags/example_xcom.py
[2025-11-12T19:30:42.165+0000] {processor.py:830} INFO - Processing file /home/airflow/.local/lib/python3.12/site-packages/airflow/example_dags/example_xcom.py for tasks to queue
[2025-11-12T19:30:42.166+0000] {logging_mixin.py:188} INFO - [2025-11-12T19:30:42.166+0000] {dagbag.py:545} INFO - Filling up the DagBag from /home/airflow/.local/lib/python3.12/site-packages/airflow/example_dags/example_xcom.py
[2025-11-12T19:30:42.173+0000] {processor.py:840} INFO - DAG(s) 'example_xcom' retrieved from /home/airflow/.local/lib/python3.12/site-packages/airflow/example_dags/example_xcom.py
[2025-11-12T19:30:42.196+0000] {logging_mixin.py:188} INFO - [2025-11-12T19:30:42.195+0000] {dag.py:3096} INFO - Sync 1 DAGs
[2025-11-12T19:30:42.213+0000] {logging_mixin.py:188} INFO - [2025-11-12T19:30:42.212+0000] {dag.py:3954} INFO - Setting next_dagrun for example_xcom to 2021-01-01 00:00:00+00:00, run_after=2021-01-01 00:00:00+00:00
[2025-11-12T19:30:42.233+0000] {processor.py:183} INFO - Processing /home/airflow/.local/lib/python3.12/site-packages/airflow/example_dags/example_xcom.py took 0.075 seconds
[2025-11-12T19:31:12.622+0000] {processor.py:161} INFO - Started process (PID=1771) to work on /home/airflow/.local/lib/python3.12/site-packages/airflow/example_dags/example_xcom.py
[2025-11-12T19:31:12.624+0000] {processor.py:830} INFO - Processing file /home/airflow/.local/lib/python3.12/site-packages/airflow/example_dags/example_xcom.py for tasks to queue
[2025-11-12T19:31:12.626+0000] {logging_mixin.py:188} INFO - [2025-11-12T19:31:12.625+0000] {dagbag.py:545} INFO - Filling up the DagBag from /home/airflow/.local/lib/python3.12/site-packages/airflow/example_dags/example_xcom.py
[2025-11-12T19:31:12.633+0000] {processor.py:840} INFO - DAG(s) 'example_xcom' retrieved from /home/airflow/.local/lib/python3.12/site-packages/airflow/example_dags/example_xcom.py
[2025-11-12T19:31:12.659+0000] {logging_mixin.py:188} INFO - [2025-11-12T19:31:12.659+0000] {dag.py:3096} INFO - Sync 1 DAGs
[2025-11-12T19:31:12.684+0000] {logging_mixin.py:188} INFO - [2025-11-12T19:31:12.684+0000] {dag.py:3954} INFO - Setting next_dagrun for example_xcom to 2021-01-01 00:00:00+00:00, run_after=2021-01-01 00:00:00+00:00
[2025-11-12T19:31:12.706+0000] {processor.py:183} INFO - Processing /home/airflow/.local/lib/python3.12/site-packages/airflow/example_dags/example_xcom.py took 0.089 seconds
[2025-11-12T19:31:43.342+0000] {processor.py:161} INFO - Started process (PID=1834) to work on /home/airflow/.local/lib/python3.12/site-packages/airflow/example_dags/example_xcom.py
[2025-11-12T19:31:43.343+0000] {processor.py:830} INFO - Processing file /home/airflow/.local/lib/python3.12/site-packages/airflow/example_dags/example_xcom.py for tasks to queue
[2025-11-12T19:31:43.345+0000] {logging_mixin.py:188} INFO - [2025-11-12T19:31:43.344+0000] {dagbag.py:545} INFO - Filling up the DagBag from /home/airflow/.local/lib/python3.12/site-packages/airflow/example_dags/example_xcom.py
[2025-11-12T19:31:43.351+0000] {processor.py:840} INFO - DAG(s) 'example_xcom' retrieved from /home/airflow/.local/lib/python3.12/site-packages/airflow/example_dags/example_xcom.py
[2025-11-12T19:31:43.373+0000] {logging_mixin.py:188} INFO - [2025-11-12T19:31:43.373+0000] {dag.py:3096} INFO - Sync 1 DAGs
[2025-11-12T19:31:43.390+0000] {logging_mixin.py:188} INFO - [2025-11-12T19:31:43.390+0000] {dag.py:3954} INFO - Setting next_dagrun for example_xcom to 2021-01-01 00:00:00+00:00, run_after=2021-01-01 00:00:00+00:00
[2025-11-12T19:31:43.411+0000] {processor.py:183} INFO - Processing /home/airflow/.local/lib/python3.12/site-packages/airflow/example_dags/example_xcom.py took 0.074 seconds
