[2025-11-12T19:06:12.955+0000] {processor.py:161} INFO - Started process (PID=102) to work on /home/airflow/.local/lib/python3.12/site-packages/airflow/example_dags/example_python_operator.py
[2025-11-12T19:06:12.956+0000] {processor.py:830} INFO - Processing file /home/airflow/.local/lib/python3.12/site-packages/airflow/example_dags/example_python_operator.py for tasks to queue
[2025-11-12T19:06:12.958+0000] {logging_mixin.py:188} INFO - [2025-11-12T19:06:12.958+0000] {dagbag.py:545} INFO - Filling up the DagBag from /home/airflow/.local/lib/python3.12/site-packages/airflow/example_dags/example_python_operator.py
[2025-11-12T19:06:12.970+0000] {processor.py:840} INFO - DAG(s) 'example_python_operator' retrieved from /home/airflow/.local/lib/python3.12/site-packages/airflow/example_dags/example_python_operator.py
[2025-11-12T19:06:13.073+0000] {logging_mixin.py:188} INFO - [2025-11-12T19:06:13.073+0000] {dag.py:3096} INFO - Sync 1 DAGs
[2025-11-12T19:06:13.084+0000] {logging_mixin.py:188} INFO - [2025-11-12T19:06:13.084+0000] {dag.py:3954} INFO - Setting next_dagrun for example_python_operator to None, run_after=None
[2025-11-12T19:06:13.106+0000] {processor.py:183} INFO - Processing /home/airflow/.local/lib/python3.12/site-packages/airflow/example_dags/example_python_operator.py took 0.156 seconds
[2025-11-12T19:06:43.639+0000] {processor.py:161} INFO - Started process (PID=163) to work on /home/airflow/.local/lib/python3.12/site-packages/airflow/example_dags/example_python_operator.py
[2025-11-12T19:06:43.640+0000] {processor.py:830} INFO - Processing file /home/airflow/.local/lib/python3.12/site-packages/airflow/example_dags/example_python_operator.py for tasks to queue
[2025-11-12T19:06:43.643+0000] {logging_mixin.py:188} INFO - [2025-11-12T19:06:43.642+0000] {dagbag.py:545} INFO - Filling up the DagBag from /home/airflow/.local/lib/python3.12/site-packages/airflow/example_dags/example_python_operator.py
[2025-11-12T19:06:43.652+0000] {processor.py:840} INFO - DAG(s) 'example_python_operator' retrieved from /home/airflow/.local/lib/python3.12/site-packages/airflow/example_dags/example_python_operator.py
[2025-11-12T19:06:43.676+0000] {logging_mixin.py:188} INFO - [2025-11-12T19:06:43.675+0000] {dag.py:3096} INFO - Sync 1 DAGs
[2025-11-12T19:06:43.688+0000] {logging_mixin.py:188} INFO - [2025-11-12T19:06:43.688+0000] {dag.py:3954} INFO - Setting next_dagrun for example_python_operator to None, run_after=None
[2025-11-12T19:06:43.710+0000] {processor.py:183} INFO - Processing /home/airflow/.local/lib/python3.12/site-packages/airflow/example_dags/example_python_operator.py took 0.075 seconds
[2025-11-12T19:07:14.548+0000] {processor.py:161} INFO - Started process (PID=223) to work on /home/airflow/.local/lib/python3.12/site-packages/airflow/example_dags/example_python_operator.py
[2025-11-12T19:07:14.549+0000] {processor.py:830} INFO - Processing file /home/airflow/.local/lib/python3.12/site-packages/airflow/example_dags/example_python_operator.py for tasks to queue
[2025-11-12T19:07:14.551+0000] {logging_mixin.py:188} INFO - [2025-11-12T19:07:14.550+0000] {dagbag.py:545} INFO - Filling up the DagBag from /home/airflow/.local/lib/python3.12/site-packages/airflow/example_dags/example_python_operator.py
[2025-11-12T19:07:14.559+0000] {processor.py:840} INFO - DAG(s) 'example_python_operator' retrieved from /home/airflow/.local/lib/python3.12/site-packages/airflow/example_dags/example_python_operator.py
[2025-11-12T19:07:14.581+0000] {logging_mixin.py:188} INFO - [2025-11-12T19:07:14.580+0000] {dag.py:3096} INFO - Sync 1 DAGs
[2025-11-12T19:07:14.592+0000] {logging_mixin.py:188} INFO - [2025-11-12T19:07:14.591+0000] {dag.py:3954} INFO - Setting next_dagrun for example_python_operator to None, run_after=None
[2025-11-12T19:07:14.615+0000] {processor.py:183} INFO - Processing /home/airflow/.local/lib/python3.12/site-packages/airflow/example_dags/example_python_operator.py took 0.072 seconds
[2025-11-12T19:07:44.915+0000] {processor.py:161} INFO - Started process (PID=283) to work on /home/airflow/.local/lib/python3.12/site-packages/airflow/example_dags/example_python_operator.py
[2025-11-12T19:07:44.916+0000] {processor.py:830} INFO - Processing file /home/airflow/.local/lib/python3.12/site-packages/airflow/example_dags/example_python_operator.py for tasks to queue
[2025-11-12T19:07:44.919+0000] {logging_mixin.py:188} INFO - [2025-11-12T19:07:44.918+0000] {dagbag.py:545} INFO - Filling up the DagBag from /home/airflow/.local/lib/python3.12/site-packages/airflow/example_dags/example_python_operator.py
[2025-11-12T19:07:44.928+0000] {processor.py:840} INFO - DAG(s) 'example_python_operator' retrieved from /home/airflow/.local/lib/python3.12/site-packages/airflow/example_dags/example_python_operator.py
[2025-11-12T19:07:44.954+0000] {logging_mixin.py:188} INFO - [2025-11-12T19:07:44.953+0000] {dag.py:3096} INFO - Sync 1 DAGs
[2025-11-12T19:07:44.968+0000] {logging_mixin.py:188} INFO - [2025-11-12T19:07:44.968+0000] {dag.py:3954} INFO - Setting next_dagrun for example_python_operator to None, run_after=None
[2025-11-12T19:07:44.991+0000] {processor.py:183} INFO - Processing /home/airflow/.local/lib/python3.12/site-packages/airflow/example_dags/example_python_operator.py took 0.081 seconds
[2025-11-12T19:08:15.653+0000] {processor.py:161} INFO - Started process (PID=343) to work on /home/airflow/.local/lib/python3.12/site-packages/airflow/example_dags/example_python_operator.py
[2025-11-12T19:08:15.654+0000] {processor.py:830} INFO - Processing file /home/airflow/.local/lib/python3.12/site-packages/airflow/example_dags/example_python_operator.py for tasks to queue
[2025-11-12T19:08:15.655+0000] {logging_mixin.py:188} INFO - [2025-11-12T19:08:15.655+0000] {dagbag.py:545} INFO - Filling up the DagBag from /home/airflow/.local/lib/python3.12/site-packages/airflow/example_dags/example_python_operator.py
[2025-11-12T19:08:15.667+0000] {processor.py:840} INFO - DAG(s) 'example_python_operator' retrieved from /home/airflow/.local/lib/python3.12/site-packages/airflow/example_dags/example_python_operator.py
[2025-11-12T19:08:15.695+0000] {logging_mixin.py:188} INFO - [2025-11-12T19:08:15.694+0000] {dag.py:3096} INFO - Sync 1 DAGs
[2025-11-12T19:08:15.705+0000] {logging_mixin.py:188} INFO - [2025-11-12T19:08:15.705+0000] {dag.py:3954} INFO - Setting next_dagrun for example_python_operator to None, run_after=None
[2025-11-12T19:08:15.725+0000] {processor.py:183} INFO - Processing /home/airflow/.local/lib/python3.12/site-packages/airflow/example_dags/example_python_operator.py took 0.077 seconds
[2025-11-12T19:08:46.229+0000] {processor.py:161} INFO - Started process (PID=403) to work on /home/airflow/.local/lib/python3.12/site-packages/airflow/example_dags/example_python_operator.py
[2025-11-12T19:08:46.231+0000] {processor.py:830} INFO - Processing file /home/airflow/.local/lib/python3.12/site-packages/airflow/example_dags/example_python_operator.py for tasks to queue
[2025-11-12T19:08:46.232+0000] {logging_mixin.py:188} INFO - [2025-11-12T19:08:46.231+0000] {dagbag.py:545} INFO - Filling up the DagBag from /home/airflow/.local/lib/python3.12/site-packages/airflow/example_dags/example_python_operator.py
[2025-11-12T19:08:46.241+0000] {processor.py:840} INFO - DAG(s) 'example_python_operator' retrieved from /home/airflow/.local/lib/python3.12/site-packages/airflow/example_dags/example_python_operator.py
[2025-11-12T19:08:46.266+0000] {logging_mixin.py:188} INFO - [2025-11-12T19:08:46.265+0000] {dag.py:3096} INFO - Sync 1 DAGs
[2025-11-12T19:08:46.277+0000] {logging_mixin.py:188} INFO - [2025-11-12T19:08:46.277+0000] {dag.py:3954} INFO - Setting next_dagrun for example_python_operator to None, run_after=None
[2025-11-12T19:08:46.299+0000] {processor.py:183} INFO - Processing /home/airflow/.local/lib/python3.12/site-packages/airflow/example_dags/example_python_operator.py took 0.076 seconds
[2025-11-12T19:09:16.606+0000] {processor.py:161} INFO - Started process (PID=464) to work on /home/airflow/.local/lib/python3.12/site-packages/airflow/example_dags/example_python_operator.py
[2025-11-12T19:09:16.607+0000] {processor.py:830} INFO - Processing file /home/airflow/.local/lib/python3.12/site-packages/airflow/example_dags/example_python_operator.py for tasks to queue
[2025-11-12T19:09:16.608+0000] {logging_mixin.py:188} INFO - [2025-11-12T19:09:16.608+0000] {dagbag.py:545} INFO - Filling up the DagBag from /home/airflow/.local/lib/python3.12/site-packages/airflow/example_dags/example_python_operator.py
[2025-11-12T19:09:16.617+0000] {processor.py:840} INFO - DAG(s) 'example_python_operator' retrieved from /home/airflow/.local/lib/python3.12/site-packages/airflow/example_dags/example_python_operator.py
[2025-11-12T19:09:16.643+0000] {logging_mixin.py:188} INFO - [2025-11-12T19:09:16.643+0000] {dag.py:3096} INFO - Sync 1 DAGs
[2025-11-12T19:09:16.655+0000] {logging_mixin.py:188} INFO - [2025-11-12T19:09:16.655+0000] {dag.py:3954} INFO - Setting next_dagrun for example_python_operator to None, run_after=None
[2025-11-12T19:09:16.678+0000] {processor.py:183} INFO - Processing /home/airflow/.local/lib/python3.12/site-packages/airflow/example_dags/example_python_operator.py took 0.077 seconds
[2025-11-12T19:09:47.604+0000] {processor.py:161} INFO - Started process (PID=525) to work on /home/airflow/.local/lib/python3.12/site-packages/airflow/example_dags/example_python_operator.py
[2025-11-12T19:09:47.605+0000] {processor.py:830} INFO - Processing file /home/airflow/.local/lib/python3.12/site-packages/airflow/example_dags/example_python_operator.py for tasks to queue
[2025-11-12T19:09:47.606+0000] {logging_mixin.py:188} INFO - [2025-11-12T19:09:47.606+0000] {dagbag.py:545} INFO - Filling up the DagBag from /home/airflow/.local/lib/python3.12/site-packages/airflow/example_dags/example_python_operator.py
[2025-11-12T19:09:47.616+0000] {processor.py:840} INFO - DAG(s) 'example_python_operator' retrieved from /home/airflow/.local/lib/python3.12/site-packages/airflow/example_dags/example_python_operator.py
[2025-11-12T19:09:47.640+0000] {logging_mixin.py:188} INFO - [2025-11-12T19:09:47.639+0000] {dag.py:3096} INFO - Sync 1 DAGs
[2025-11-12T19:09:47.652+0000] {logging_mixin.py:188} INFO - [2025-11-12T19:09:47.652+0000] {dag.py:3954} INFO - Setting next_dagrun for example_python_operator to None, run_after=None
[2025-11-12T19:09:47.676+0000] {processor.py:183} INFO - Processing /home/airflow/.local/lib/python3.12/site-packages/airflow/example_dags/example_python_operator.py took 0.078 seconds
[2025-11-12T19:10:18.664+0000] {processor.py:161} INFO - Started process (PID=585) to work on /home/airflow/.local/lib/python3.12/site-packages/airflow/example_dags/example_python_operator.py
[2025-11-12T19:10:18.665+0000] {processor.py:830} INFO - Processing file /home/airflow/.local/lib/python3.12/site-packages/airflow/example_dags/example_python_operator.py for tasks to queue
[2025-11-12T19:10:18.667+0000] {logging_mixin.py:188} INFO - [2025-11-12T19:10:18.666+0000] {dagbag.py:545} INFO - Filling up the DagBag from /home/airflow/.local/lib/python3.12/site-packages/airflow/example_dags/example_python_operator.py
[2025-11-12T19:10:18.676+0000] {processor.py:840} INFO - DAG(s) 'example_python_operator' retrieved from /home/airflow/.local/lib/python3.12/site-packages/airflow/example_dags/example_python_operator.py
[2025-11-12T19:10:18.700+0000] {logging_mixin.py:188} INFO - [2025-11-12T19:10:18.700+0000] {dag.py:3096} INFO - Sync 1 DAGs
[2025-11-12T19:10:18.710+0000] {logging_mixin.py:188} INFO - [2025-11-12T19:10:18.710+0000] {dag.py:3954} INFO - Setting next_dagrun for example_python_operator to None, run_after=None
[2025-11-12T19:10:18.738+0000] {processor.py:183} INFO - Processing /home/airflow/.local/lib/python3.12/site-packages/airflow/example_dags/example_python_operator.py took 0.079 seconds
[2025-11-12T19:10:49.015+0000] {processor.py:161} INFO - Started process (PID=646) to work on /home/airflow/.local/lib/python3.12/site-packages/airflow/example_dags/example_python_operator.py
[2025-11-12T19:10:49.016+0000] {processor.py:830} INFO - Processing file /home/airflow/.local/lib/python3.12/site-packages/airflow/example_dags/example_python_operator.py for tasks to queue
[2025-11-12T19:10:49.018+0000] {logging_mixin.py:188} INFO - [2025-11-12T19:10:49.017+0000] {dagbag.py:545} INFO - Filling up the DagBag from /home/airflow/.local/lib/python3.12/site-packages/airflow/example_dags/example_python_operator.py
[2025-11-12T19:10:49.027+0000] {processor.py:840} INFO - DAG(s) 'example_python_operator' retrieved from /home/airflow/.local/lib/python3.12/site-packages/airflow/example_dags/example_python_operator.py
[2025-11-12T19:10:49.051+0000] {logging_mixin.py:188} INFO - [2025-11-12T19:10:49.051+0000] {dag.py:3096} INFO - Sync 1 DAGs
[2025-11-12T19:10:49.067+0000] {logging_mixin.py:188} INFO - [2025-11-12T19:10:49.066+0000] {dag.py:3954} INFO - Setting next_dagrun for example_python_operator to None, run_after=None
[2025-11-12T19:10:49.094+0000] {processor.py:183} INFO - Processing /home/airflow/.local/lib/python3.12/site-packages/airflow/example_dags/example_python_operator.py took 0.083 seconds
[2025-11-12T19:11:19.363+0000] {processor.py:161} INFO - Started process (PID=706) to work on /home/airflow/.local/lib/python3.12/site-packages/airflow/example_dags/example_python_operator.py
[2025-11-12T19:11:19.365+0000] {processor.py:830} INFO - Processing file /home/airflow/.local/lib/python3.12/site-packages/airflow/example_dags/example_python_operator.py for tasks to queue
[2025-11-12T19:11:19.366+0000] {logging_mixin.py:188} INFO - [2025-11-12T19:11:19.366+0000] {dagbag.py:545} INFO - Filling up the DagBag from /home/airflow/.local/lib/python3.12/site-packages/airflow/example_dags/example_python_operator.py
[2025-11-12T19:11:19.379+0000] {processor.py:840} INFO - DAG(s) 'example_python_operator' retrieved from /home/airflow/.local/lib/python3.12/site-packages/airflow/example_dags/example_python_operator.py
[2025-11-12T19:11:19.408+0000] {logging_mixin.py:188} INFO - [2025-11-12T19:11:19.408+0000] {dag.py:3096} INFO - Sync 1 DAGs
[2025-11-12T19:11:19.419+0000] {logging_mixin.py:188} INFO - [2025-11-12T19:11:19.419+0000] {dag.py:3954} INFO - Setting next_dagrun for example_python_operator to None, run_after=None
[2025-11-12T19:11:19.445+0000] {processor.py:183} INFO - Processing /home/airflow/.local/lib/python3.12/site-packages/airflow/example_dags/example_python_operator.py took 0.087 seconds
[2025-11-12T19:11:49.577+0000] {processor.py:161} INFO - Started process (PID=766) to work on /home/airflow/.local/lib/python3.12/site-packages/airflow/example_dags/example_python_operator.py
[2025-11-12T19:11:49.578+0000] {processor.py:830} INFO - Processing file /home/airflow/.local/lib/python3.12/site-packages/airflow/example_dags/example_python_operator.py for tasks to queue
[2025-11-12T19:11:49.580+0000] {logging_mixin.py:188} INFO - [2025-11-12T19:11:49.579+0000] {dagbag.py:545} INFO - Filling up the DagBag from /home/airflow/.local/lib/python3.12/site-packages/airflow/example_dags/example_python_operator.py
[2025-11-12T19:11:49.590+0000] {processor.py:840} INFO - DAG(s) 'example_python_operator' retrieved from /home/airflow/.local/lib/python3.12/site-packages/airflow/example_dags/example_python_operator.py
[2025-11-12T19:11:49.611+0000] {logging_mixin.py:188} INFO - [2025-11-12T19:11:49.611+0000] {dag.py:3096} INFO - Sync 1 DAGs
[2025-11-12T19:11:49.621+0000] {logging_mixin.py:188} INFO - [2025-11-12T19:11:49.621+0000] {dag.py:3954} INFO - Setting next_dagrun for example_python_operator to None, run_after=None
[2025-11-12T19:11:49.641+0000] {processor.py:183} INFO - Processing /home/airflow/.local/lib/python3.12/site-packages/airflow/example_dags/example_python_operator.py took 0.070 seconds
[2025-11-12T19:12:20.800+0000] {processor.py:161} INFO - Started process (PID=826) to work on /home/airflow/.local/lib/python3.12/site-packages/airflow/example_dags/example_python_operator.py
[2025-11-12T19:12:20.801+0000] {processor.py:830} INFO - Processing file /home/airflow/.local/lib/python3.12/site-packages/airflow/example_dags/example_python_operator.py for tasks to queue
[2025-11-12T19:12:20.802+0000] {logging_mixin.py:188} INFO - [2025-11-12T19:12:20.801+0000] {dagbag.py:545} INFO - Filling up the DagBag from /home/airflow/.local/lib/python3.12/site-packages/airflow/example_dags/example_python_operator.py
[2025-11-12T19:12:20.811+0000] {processor.py:840} INFO - DAG(s) 'example_python_operator' retrieved from /home/airflow/.local/lib/python3.12/site-packages/airflow/example_dags/example_python_operator.py
[2025-11-12T19:12:20.830+0000] {logging_mixin.py:188} INFO - [2025-11-12T19:12:20.830+0000] {dag.py:3096} INFO - Sync 1 DAGs
[2025-11-12T19:12:20.841+0000] {logging_mixin.py:188} INFO - [2025-11-12T19:12:20.840+0000] {dag.py:3954} INFO - Setting next_dagrun for example_python_operator to None, run_after=None
[2025-11-12T19:12:20.871+0000] {processor.py:183} INFO - Processing /home/airflow/.local/lib/python3.12/site-packages/airflow/example_dags/example_python_operator.py took 0.076 seconds
[2025-11-12T19:12:51.169+0000] {processor.py:161} INFO - Started process (PID=886) to work on /home/airflow/.local/lib/python3.12/site-packages/airflow/example_dags/example_python_operator.py
[2025-11-12T19:12:51.171+0000] {processor.py:830} INFO - Processing file /home/airflow/.local/lib/python3.12/site-packages/airflow/example_dags/example_python_operator.py for tasks to queue
[2025-11-12T19:12:51.172+0000] {logging_mixin.py:188} INFO - [2025-11-12T19:12:51.171+0000] {dagbag.py:545} INFO - Filling up the DagBag from /home/airflow/.local/lib/python3.12/site-packages/airflow/example_dags/example_python_operator.py
[2025-11-12T19:12:51.180+0000] {processor.py:840} INFO - DAG(s) 'example_python_operator' retrieved from /home/airflow/.local/lib/python3.12/site-packages/airflow/example_dags/example_python_operator.py
[2025-11-12T19:12:51.201+0000] {logging_mixin.py:188} INFO - [2025-11-12T19:12:51.200+0000] {dag.py:3096} INFO - Sync 1 DAGs
[2025-11-12T19:12:51.211+0000] {logging_mixin.py:188} INFO - [2025-11-12T19:12:51.211+0000] {dag.py:3954} INFO - Setting next_dagrun for example_python_operator to None, run_after=None
[2025-11-12T19:12:51.235+0000] {processor.py:183} INFO - Processing /home/airflow/.local/lib/python3.12/site-packages/airflow/example_dags/example_python_operator.py took 0.070 seconds
[2025-11-12T19:13:21.658+0000] {processor.py:161} INFO - Started process (PID=947) to work on /home/airflow/.local/lib/python3.12/site-packages/airflow/example_dags/example_python_operator.py
[2025-11-12T19:13:21.659+0000] {processor.py:830} INFO - Processing file /home/airflow/.local/lib/python3.12/site-packages/airflow/example_dags/example_python_operator.py for tasks to queue
[2025-11-12T19:13:21.661+0000] {logging_mixin.py:188} INFO - [2025-11-12T19:13:21.660+0000] {dagbag.py:545} INFO - Filling up the DagBag from /home/airflow/.local/lib/python3.12/site-packages/airflow/example_dags/example_python_operator.py
[2025-11-12T19:13:21.674+0000] {processor.py:840} INFO - DAG(s) 'example_python_operator' retrieved from /home/airflow/.local/lib/python3.12/site-packages/airflow/example_dags/example_python_operator.py
[2025-11-12T19:13:21.695+0000] {logging_mixin.py:188} INFO - [2025-11-12T19:13:21.694+0000] {dag.py:3096} INFO - Sync 1 DAGs
[2025-11-12T19:13:21.705+0000] {logging_mixin.py:188} INFO - [2025-11-12T19:13:21.704+0000] {dag.py:3954} INFO - Setting next_dagrun for example_python_operator to None, run_after=None
[2025-11-12T19:13:21.725+0000] {processor.py:183} INFO - Processing /home/airflow/.local/lib/python3.12/site-packages/airflow/example_dags/example_python_operator.py took 0.075 seconds
[2025-11-12T19:13:52.341+0000] {processor.py:161} INFO - Started process (PID=1007) to work on /home/airflow/.local/lib/python3.12/site-packages/airflow/example_dags/example_python_operator.py
[2025-11-12T19:13:52.343+0000] {processor.py:830} INFO - Processing file /home/airflow/.local/lib/python3.12/site-packages/airflow/example_dags/example_python_operator.py for tasks to queue
[2025-11-12T19:13:52.345+0000] {logging_mixin.py:188} INFO - [2025-11-12T19:13:52.344+0000] {dagbag.py:545} INFO - Filling up the DagBag from /home/airflow/.local/lib/python3.12/site-packages/airflow/example_dags/example_python_operator.py
[2025-11-12T19:13:52.357+0000] {processor.py:840} INFO - DAG(s) 'example_python_operator' retrieved from /home/airflow/.local/lib/python3.12/site-packages/airflow/example_dags/example_python_operator.py
[2025-11-12T19:13:52.379+0000] {logging_mixin.py:188} INFO - [2025-11-12T19:13:52.379+0000] {dag.py:3096} INFO - Sync 1 DAGs
[2025-11-12T19:13:52.388+0000] {logging_mixin.py:188} INFO - [2025-11-12T19:13:52.388+0000] {dag.py:3954} INFO - Setting next_dagrun for example_python_operator to None, run_after=None
[2025-11-12T19:13:52.408+0000] {processor.py:183} INFO - Processing /home/airflow/.local/lib/python3.12/site-packages/airflow/example_dags/example_python_operator.py took 0.074 seconds
[2025-11-12T19:14:23.260+0000] {processor.py:161} INFO - Started process (PID=1067) to work on /home/airflow/.local/lib/python3.12/site-packages/airflow/example_dags/example_python_operator.py
[2025-11-12T19:14:23.261+0000] {processor.py:830} INFO - Processing file /home/airflow/.local/lib/python3.12/site-packages/airflow/example_dags/example_python_operator.py for tasks to queue
[2025-11-12T19:14:23.263+0000] {logging_mixin.py:188} INFO - [2025-11-12T19:14:23.262+0000] {dagbag.py:545} INFO - Filling up the DagBag from /home/airflow/.local/lib/python3.12/site-packages/airflow/example_dags/example_python_operator.py
[2025-11-12T19:14:23.271+0000] {processor.py:840} INFO - DAG(s) 'example_python_operator' retrieved from /home/airflow/.local/lib/python3.12/site-packages/airflow/example_dags/example_python_operator.py
[2025-11-12T19:14:23.294+0000] {logging_mixin.py:188} INFO - [2025-11-12T19:14:23.294+0000] {dag.py:3096} INFO - Sync 1 DAGs
[2025-11-12T19:14:23.305+0000] {logging_mixin.py:188} INFO - [2025-11-12T19:14:23.305+0000] {dag.py:3954} INFO - Setting next_dagrun for example_python_operator to None, run_after=None
[2025-11-12T19:14:23.338+0000] {processor.py:183} INFO - Processing /home/airflow/.local/lib/python3.12/site-packages/airflow/example_dags/example_python_operator.py took 0.082 seconds
[2025-11-12T19:14:53.413+0000] {processor.py:161} INFO - Started process (PID=1127) to work on /home/airflow/.local/lib/python3.12/site-packages/airflow/example_dags/example_python_operator.py
[2025-11-12T19:14:53.415+0000] {processor.py:830} INFO - Processing file /home/airflow/.local/lib/python3.12/site-packages/airflow/example_dags/example_python_operator.py for tasks to queue
[2025-11-12T19:14:53.416+0000] {logging_mixin.py:188} INFO - [2025-11-12T19:14:53.415+0000] {dagbag.py:545} INFO - Filling up the DagBag from /home/airflow/.local/lib/python3.12/site-packages/airflow/example_dags/example_python_operator.py
[2025-11-12T19:14:53.424+0000] {processor.py:840} INFO - DAG(s) 'example_python_operator' retrieved from /home/airflow/.local/lib/python3.12/site-packages/airflow/example_dags/example_python_operator.py
[2025-11-12T19:14:53.460+0000] {logging_mixin.py:188} INFO - [2025-11-12T19:14:53.460+0000] {dag.py:3096} INFO - Sync 1 DAGs
[2025-11-12T19:14:53.479+0000] {logging_mixin.py:188} INFO - [2025-11-12T19:14:53.479+0000] {dag.py:3954} INFO - Setting next_dagrun for example_python_operator to None, run_after=None
[2025-11-12T19:14:53.507+0000] {processor.py:183} INFO - Processing /home/airflow/.local/lib/python3.12/site-packages/airflow/example_dags/example_python_operator.py took 0.098 seconds
[2025-11-12T19:15:23.848+0000] {processor.py:161} INFO - Started process (PID=1186) to work on /home/airflow/.local/lib/python3.12/site-packages/airflow/example_dags/example_python_operator.py
[2025-11-12T19:15:23.849+0000] {processor.py:830} INFO - Processing file /home/airflow/.local/lib/python3.12/site-packages/airflow/example_dags/example_python_operator.py for tasks to queue
[2025-11-12T19:15:23.850+0000] {logging_mixin.py:188} INFO - [2025-11-12T19:15:23.850+0000] {dagbag.py:545} INFO - Filling up the DagBag from /home/airflow/.local/lib/python3.12/site-packages/airflow/example_dags/example_python_operator.py
[2025-11-12T19:15:23.860+0000] {processor.py:840} INFO - DAG(s) 'example_python_operator' retrieved from /home/airflow/.local/lib/python3.12/site-packages/airflow/example_dags/example_python_operator.py
[2025-11-12T19:15:23.880+0000] {logging_mixin.py:188} INFO - [2025-11-12T19:15:23.880+0000] {dag.py:3096} INFO - Sync 1 DAGs
[2025-11-12T19:15:23.890+0000] {logging_mixin.py:188} INFO - [2025-11-12T19:15:23.890+0000] {dag.py:3954} INFO - Setting next_dagrun for example_python_operator to None, run_after=None
[2025-11-12T19:15:23.907+0000] {processor.py:183} INFO - Processing /home/airflow/.local/lib/python3.12/site-packages/airflow/example_dags/example_python_operator.py took 0.063 seconds
[2025-11-12T19:15:54.343+0000] {processor.py:161} INFO - Started process (PID=1246) to work on /home/airflow/.local/lib/python3.12/site-packages/airflow/example_dags/example_python_operator.py
[2025-11-12T19:15:54.344+0000] {processor.py:830} INFO - Processing file /home/airflow/.local/lib/python3.12/site-packages/airflow/example_dags/example_python_operator.py for tasks to queue
[2025-11-12T19:15:54.345+0000] {logging_mixin.py:188} INFO - [2025-11-12T19:15:54.345+0000] {dagbag.py:545} INFO - Filling up the DagBag from /home/airflow/.local/lib/python3.12/site-packages/airflow/example_dags/example_python_operator.py
[2025-11-12T19:15:54.356+0000] {processor.py:840} INFO - DAG(s) 'example_python_operator' retrieved from /home/airflow/.local/lib/python3.12/site-packages/airflow/example_dags/example_python_operator.py
[2025-11-12T19:15:54.384+0000] {logging_mixin.py:188} INFO - [2025-11-12T19:15:54.384+0000] {dag.py:3096} INFO - Sync 1 DAGs
[2025-11-12T19:15:54.396+0000] {logging_mixin.py:188} INFO - [2025-11-12T19:15:54.395+0000] {dag.py:3954} INFO - Setting next_dagrun for example_python_operator to None, run_after=None
[2025-11-12T19:15:54.416+0000] {processor.py:183} INFO - Processing /home/airflow/.local/lib/python3.12/site-packages/airflow/example_dags/example_python_operator.py took 0.077 seconds
[2025-11-12T19:16:59.262+0000] {processor.py:161} INFO - Started process (PID=103) to work on /home/airflow/.local/lib/python3.12/site-packages/airflow/example_dags/example_python_operator.py
[2025-11-12T19:16:59.263+0000] {processor.py:830} INFO - Processing file /home/airflow/.local/lib/python3.12/site-packages/airflow/example_dags/example_python_operator.py for tasks to queue
[2025-11-12T19:16:59.265+0000] {logging_mixin.py:188} INFO - [2025-11-12T19:16:59.265+0000] {dagbag.py:545} INFO - Filling up the DagBag from /home/airflow/.local/lib/python3.12/site-packages/airflow/example_dags/example_python_operator.py
[2025-11-12T19:16:59.275+0000] {processor.py:840} INFO - DAG(s) 'example_python_operator' retrieved from /home/airflow/.local/lib/python3.12/site-packages/airflow/example_dags/example_python_operator.py
[2025-11-12T19:16:59.362+0000] {logging_mixin.py:188} INFO - [2025-11-12T19:16:59.361+0000] {dag.py:3096} INFO - Sync 1 DAGs
[2025-11-12T19:16:59.377+0000] {logging_mixin.py:188} INFO - [2025-11-12T19:16:59.377+0000] {dag.py:3954} INFO - Setting next_dagrun for example_python_operator to None, run_after=None
[2025-11-12T19:16:59.398+0000] {processor.py:183} INFO - Processing /home/airflow/.local/lib/python3.12/site-packages/airflow/example_dags/example_python_operator.py took 0.141 seconds
[2025-11-12T19:17:29.737+0000] {processor.py:161} INFO - Started process (PID=163) to work on /home/airflow/.local/lib/python3.12/site-packages/airflow/example_dags/example_python_operator.py
[2025-11-12T19:17:29.738+0000] {processor.py:830} INFO - Processing file /home/airflow/.local/lib/python3.12/site-packages/airflow/example_dags/example_python_operator.py for tasks to queue
[2025-11-12T19:17:29.742+0000] {logging_mixin.py:188} INFO - [2025-11-12T19:17:29.741+0000] {dagbag.py:545} INFO - Filling up the DagBag from /home/airflow/.local/lib/python3.12/site-packages/airflow/example_dags/example_python_operator.py
[2025-11-12T19:17:29.751+0000] {processor.py:840} INFO - DAG(s) 'example_python_operator' retrieved from /home/airflow/.local/lib/python3.12/site-packages/airflow/example_dags/example_python_operator.py
[2025-11-12T19:17:29.775+0000] {logging_mixin.py:188} INFO - [2025-11-12T19:17:29.775+0000] {dag.py:3096} INFO - Sync 1 DAGs
[2025-11-12T19:17:29.787+0000] {logging_mixin.py:188} INFO - [2025-11-12T19:17:29.787+0000] {dag.py:3954} INFO - Setting next_dagrun for example_python_operator to None, run_after=None
[2025-11-12T19:17:29.806+0000] {processor.py:183} INFO - Processing /home/airflow/.local/lib/python3.12/site-packages/airflow/example_dags/example_python_operator.py took 0.074 seconds
[2025-11-12T19:18:00.702+0000] {processor.py:161} INFO - Started process (PID=223) to work on /home/airflow/.local/lib/python3.12/site-packages/airflow/example_dags/example_python_operator.py
[2025-11-12T19:18:00.703+0000] {processor.py:830} INFO - Processing file /home/airflow/.local/lib/python3.12/site-packages/airflow/example_dags/example_python_operator.py for tasks to queue
[2025-11-12T19:18:00.705+0000] {logging_mixin.py:188} INFO - [2025-11-12T19:18:00.705+0000] {dagbag.py:545} INFO - Filling up the DagBag from /home/airflow/.local/lib/python3.12/site-packages/airflow/example_dags/example_python_operator.py
[2025-11-12T19:18:00.714+0000] {processor.py:840} INFO - DAG(s) 'example_python_operator' retrieved from /home/airflow/.local/lib/python3.12/site-packages/airflow/example_dags/example_python_operator.py
[2025-11-12T19:18:00.737+0000] {logging_mixin.py:188} INFO - [2025-11-12T19:18:00.736+0000] {dag.py:3096} INFO - Sync 1 DAGs
[2025-11-12T19:18:00.746+0000] {logging_mixin.py:188} INFO - [2025-11-12T19:18:00.746+0000] {dag.py:3954} INFO - Setting next_dagrun for example_python_operator to None, run_after=None
[2025-11-12T19:18:00.767+0000] {processor.py:183} INFO - Processing /home/airflow/.local/lib/python3.12/site-packages/airflow/example_dags/example_python_operator.py took 0.070 seconds
[2025-11-12T19:18:31.096+0000] {processor.py:161} INFO - Started process (PID=283) to work on /home/airflow/.local/lib/python3.12/site-packages/airflow/example_dags/example_python_operator.py
[2025-11-12T19:18:31.097+0000] {processor.py:830} INFO - Processing file /home/airflow/.local/lib/python3.12/site-packages/airflow/example_dags/example_python_operator.py for tasks to queue
[2025-11-12T19:18:31.099+0000] {logging_mixin.py:188} INFO - [2025-11-12T19:18:31.099+0000] {dagbag.py:545} INFO - Filling up the DagBag from /home/airflow/.local/lib/python3.12/site-packages/airflow/example_dags/example_python_operator.py
[2025-11-12T19:18:31.108+0000] {processor.py:840} INFO - DAG(s) 'example_python_operator' retrieved from /home/airflow/.local/lib/python3.12/site-packages/airflow/example_dags/example_python_operator.py
[2025-11-12T19:18:31.132+0000] {logging_mixin.py:188} INFO - [2025-11-12T19:18:31.132+0000] {dag.py:3096} INFO - Sync 1 DAGs
[2025-11-12T19:18:31.143+0000] {logging_mixin.py:188} INFO - [2025-11-12T19:18:31.143+0000] {dag.py:3954} INFO - Setting next_dagrun for example_python_operator to None, run_after=None
[2025-11-12T19:18:31.164+0000] {processor.py:183} INFO - Processing /home/airflow/.local/lib/python3.12/site-packages/airflow/example_dags/example_python_operator.py took 0.073 seconds
[2025-11-12T19:19:01.578+0000] {processor.py:161} INFO - Started process (PID=344) to work on /home/airflow/.local/lib/python3.12/site-packages/airflow/example_dags/example_python_operator.py
[2025-11-12T19:19:01.579+0000] {processor.py:830} INFO - Processing file /home/airflow/.local/lib/python3.12/site-packages/airflow/example_dags/example_python_operator.py for tasks to queue
[2025-11-12T19:19:01.581+0000] {logging_mixin.py:188} INFO - [2025-11-12T19:19:01.581+0000] {dagbag.py:545} INFO - Filling up the DagBag from /home/airflow/.local/lib/python3.12/site-packages/airflow/example_dags/example_python_operator.py
[2025-11-12T19:19:01.590+0000] {processor.py:840} INFO - DAG(s) 'example_python_operator' retrieved from /home/airflow/.local/lib/python3.12/site-packages/airflow/example_dags/example_python_operator.py
[2025-11-12T19:19:01.613+0000] {logging_mixin.py:188} INFO - [2025-11-12T19:19:01.612+0000] {dag.py:3096} INFO - Sync 1 DAGs
[2025-11-12T19:19:01.623+0000] {logging_mixin.py:188} INFO - [2025-11-12T19:19:01.623+0000] {dag.py:3954} INFO - Setting next_dagrun for example_python_operator to None, run_after=None
[2025-11-12T19:19:01.656+0000] {processor.py:183} INFO - Processing /home/airflow/.local/lib/python3.12/site-packages/airflow/example_dags/example_python_operator.py took 0.083 seconds
[2025-11-12T19:19:31.723+0000] {processor.py:161} INFO - Started process (PID=404) to work on /home/airflow/.local/lib/python3.12/site-packages/airflow/example_dags/example_python_operator.py
[2025-11-12T19:19:31.725+0000] {processor.py:830} INFO - Processing file /home/airflow/.local/lib/python3.12/site-packages/airflow/example_dags/example_python_operator.py for tasks to queue
[2025-11-12T19:19:31.726+0000] {logging_mixin.py:188} INFO - [2025-11-12T19:19:31.726+0000] {dagbag.py:545} INFO - Filling up the DagBag from /home/airflow/.local/lib/python3.12/site-packages/airflow/example_dags/example_python_operator.py
[2025-11-12T19:19:31.736+0000] {processor.py:840} INFO - DAG(s) 'example_python_operator' retrieved from /home/airflow/.local/lib/python3.12/site-packages/airflow/example_dags/example_python_operator.py
[2025-11-12T19:19:31.758+0000] {logging_mixin.py:188} INFO - [2025-11-12T19:19:31.758+0000] {dag.py:3096} INFO - Sync 1 DAGs
[2025-11-12T19:19:31.770+0000] {logging_mixin.py:188} INFO - [2025-11-12T19:19:31.770+0000] {dag.py:3954} INFO - Setting next_dagrun for example_python_operator to None, run_after=None
[2025-11-12T19:19:31.792+0000] {processor.py:183} INFO - Processing /home/airflow/.local/lib/python3.12/site-packages/airflow/example_dags/example_python_operator.py took 0.076 seconds
[2025-11-12T19:20:02.222+0000] {processor.py:161} INFO - Started process (PID=464) to work on /home/airflow/.local/lib/python3.12/site-packages/airflow/example_dags/example_python_operator.py
[2025-11-12T19:20:02.223+0000] {processor.py:830} INFO - Processing file /home/airflow/.local/lib/python3.12/site-packages/airflow/example_dags/example_python_operator.py for tasks to queue
[2025-11-12T19:20:02.226+0000] {logging_mixin.py:188} INFO - [2025-11-12T19:20:02.225+0000] {dagbag.py:545} INFO - Filling up the DagBag from /home/airflow/.local/lib/python3.12/site-packages/airflow/example_dags/example_python_operator.py
[2025-11-12T19:20:02.235+0000] {processor.py:840} INFO - DAG(s) 'example_python_operator' retrieved from /home/airflow/.local/lib/python3.12/site-packages/airflow/example_dags/example_python_operator.py
[2025-11-12T19:20:02.258+0000] {logging_mixin.py:188} INFO - [2025-11-12T19:20:02.258+0000] {dag.py:3096} INFO - Sync 1 DAGs
[2025-11-12T19:20:02.270+0000] {logging_mixin.py:188} INFO - [2025-11-12T19:20:02.270+0000] {dag.py:3954} INFO - Setting next_dagrun for example_python_operator to None, run_after=None
[2025-11-12T19:20:02.289+0000] {processor.py:183} INFO - Processing /home/airflow/.local/lib/python3.12/site-packages/airflow/example_dags/example_python_operator.py took 0.075 seconds
[2025-11-12T19:20:33.649+0000] {processor.py:161} INFO - Started process (PID=525) to work on /home/airflow/.local/lib/python3.12/site-packages/airflow/example_dags/example_python_operator.py
[2025-11-12T19:20:33.650+0000] {processor.py:830} INFO - Processing file /home/airflow/.local/lib/python3.12/site-packages/airflow/example_dags/example_python_operator.py for tasks to queue
[2025-11-12T19:20:33.652+0000] {logging_mixin.py:188} INFO - [2025-11-12T19:20:33.652+0000] {dagbag.py:545} INFO - Filling up the DagBag from /home/airflow/.local/lib/python3.12/site-packages/airflow/example_dags/example_python_operator.py
[2025-11-12T19:20:33.662+0000] {processor.py:840} INFO - DAG(s) 'example_python_operator' retrieved from /home/airflow/.local/lib/python3.12/site-packages/airflow/example_dags/example_python_operator.py
[2025-11-12T19:20:33.686+0000] {logging_mixin.py:188} INFO - [2025-11-12T19:20:33.686+0000] {dag.py:3096} INFO - Sync 1 DAGs
[2025-11-12T19:20:33.699+0000] {logging_mixin.py:188} INFO - [2025-11-12T19:20:33.699+0000] {dag.py:3954} INFO - Setting next_dagrun for example_python_operator to None, run_after=None
[2025-11-12T19:20:33.722+0000] {processor.py:183} INFO - Processing /home/airflow/.local/lib/python3.12/site-packages/airflow/example_dags/example_python_operator.py took 0.078 seconds
[2025-11-12T19:21:03.924+0000] {processor.py:161} INFO - Started process (PID=585) to work on /home/airflow/.local/lib/python3.12/site-packages/airflow/example_dags/example_python_operator.py
[2025-11-12T19:21:03.925+0000] {processor.py:830} INFO - Processing file /home/airflow/.local/lib/python3.12/site-packages/airflow/example_dags/example_python_operator.py for tasks to queue
[2025-11-12T19:21:03.927+0000] {logging_mixin.py:188} INFO - [2025-11-12T19:21:03.927+0000] {dagbag.py:545} INFO - Filling up the DagBag from /home/airflow/.local/lib/python3.12/site-packages/airflow/example_dags/example_python_operator.py
[2025-11-12T19:21:03.935+0000] {processor.py:840} INFO - DAG(s) 'example_python_operator' retrieved from /home/airflow/.local/lib/python3.12/site-packages/airflow/example_dags/example_python_operator.py
[2025-11-12T19:21:03.957+0000] {logging_mixin.py:188} INFO - [2025-11-12T19:21:03.956+0000] {dag.py:3096} INFO - Sync 1 DAGs
[2025-11-12T19:21:03.967+0000] {logging_mixin.py:188} INFO - [2025-11-12T19:21:03.967+0000] {dag.py:3954} INFO - Setting next_dagrun for example_python_operator to None, run_after=None
[2025-11-12T19:21:03.984+0000] {processor.py:183} INFO - Processing /home/airflow/.local/lib/python3.12/site-packages/airflow/example_dags/example_python_operator.py took 0.065 seconds
[2025-11-12T19:21:34.227+0000] {processor.py:161} INFO - Started process (PID=645) to work on /home/airflow/.local/lib/python3.12/site-packages/airflow/example_dags/example_python_operator.py
[2025-11-12T19:21:34.228+0000] {processor.py:830} INFO - Processing file /home/airflow/.local/lib/python3.12/site-packages/airflow/example_dags/example_python_operator.py for tasks to queue
[2025-11-12T19:21:34.230+0000] {logging_mixin.py:188} INFO - [2025-11-12T19:21:34.230+0000] {dagbag.py:545} INFO - Filling up the DagBag from /home/airflow/.local/lib/python3.12/site-packages/airflow/example_dags/example_python_operator.py
[2025-11-12T19:21:34.241+0000] {processor.py:840} INFO - DAG(s) 'example_python_operator' retrieved from /home/airflow/.local/lib/python3.12/site-packages/airflow/example_dags/example_python_operator.py
[2025-11-12T19:21:34.263+0000] {logging_mixin.py:188} INFO - [2025-11-12T19:21:34.263+0000] {dag.py:3096} INFO - Sync 1 DAGs
[2025-11-12T19:21:34.274+0000] {logging_mixin.py:188} INFO - [2025-11-12T19:21:34.274+0000] {dag.py:3954} INFO - Setting next_dagrun for example_python_operator to None, run_after=None
[2025-11-12T19:21:34.294+0000] {processor.py:183} INFO - Processing /home/airflow/.local/lib/python3.12/site-packages/airflow/example_dags/example_python_operator.py took 0.072 seconds
[2025-11-12T19:22:04.547+0000] {processor.py:161} INFO - Started process (PID=705) to work on /home/airflow/.local/lib/python3.12/site-packages/airflow/example_dags/example_python_operator.py
[2025-11-12T19:22:04.548+0000] {processor.py:830} INFO - Processing file /home/airflow/.local/lib/python3.12/site-packages/airflow/example_dags/example_python_operator.py for tasks to queue
[2025-11-12T19:22:04.551+0000] {logging_mixin.py:188} INFO - [2025-11-12T19:22:04.550+0000] {dagbag.py:545} INFO - Filling up the DagBag from /home/airflow/.local/lib/python3.12/site-packages/airflow/example_dags/example_python_operator.py
[2025-11-12T19:22:04.561+0000] {processor.py:840} INFO - DAG(s) 'example_python_operator' retrieved from /home/airflow/.local/lib/python3.12/site-packages/airflow/example_dags/example_python_operator.py
[2025-11-12T19:22:04.584+0000] {logging_mixin.py:188} INFO - [2025-11-12T19:22:04.583+0000] {dag.py:3096} INFO - Sync 1 DAGs
[2025-11-12T19:22:04.594+0000] {logging_mixin.py:188} INFO - [2025-11-12T19:22:04.594+0000] {dag.py:3954} INFO - Setting next_dagrun for example_python_operator to None, run_after=None
[2025-11-12T19:22:04.628+0000] {processor.py:183} INFO - Processing /home/airflow/.local/lib/python3.12/site-packages/airflow/example_dags/example_python_operator.py took 0.087 seconds
[2025-11-12T19:22:34.712+0000] {processor.py:161} INFO - Started process (PID=766) to work on /home/airflow/.local/lib/python3.12/site-packages/airflow/example_dags/example_python_operator.py
[2025-11-12T19:22:34.714+0000] {processor.py:830} INFO - Processing file /home/airflow/.local/lib/python3.12/site-packages/airflow/example_dags/example_python_operator.py for tasks to queue
[2025-11-12T19:22:34.716+0000] {logging_mixin.py:188} INFO - [2025-11-12T19:22:34.715+0000] {dagbag.py:545} INFO - Filling up the DagBag from /home/airflow/.local/lib/python3.12/site-packages/airflow/example_dags/example_python_operator.py
[2025-11-12T19:22:34.724+0000] {processor.py:840} INFO - DAG(s) 'example_python_operator' retrieved from /home/airflow/.local/lib/python3.12/site-packages/airflow/example_dags/example_python_operator.py
[2025-11-12T19:22:34.748+0000] {logging_mixin.py:188} INFO - [2025-11-12T19:22:34.747+0000] {dag.py:3096} INFO - Sync 1 DAGs
[2025-11-12T19:22:34.757+0000] {logging_mixin.py:188} INFO - [2025-11-12T19:22:34.757+0000] {dag.py:3954} INFO - Setting next_dagrun for example_python_operator to None, run_after=None
[2025-11-12T19:22:34.778+0000] {processor.py:183} INFO - Processing /home/airflow/.local/lib/python3.12/site-packages/airflow/example_dags/example_python_operator.py took 0.070 seconds
[2025-11-12T19:23:04.980+0000] {processor.py:161} INFO - Started process (PID=825) to work on /home/airflow/.local/lib/python3.12/site-packages/airflow/example_dags/example_python_operator.py
[2025-11-12T19:23:04.981+0000] {processor.py:830} INFO - Processing file /home/airflow/.local/lib/python3.12/site-packages/airflow/example_dags/example_python_operator.py for tasks to queue
[2025-11-12T19:23:04.983+0000] {logging_mixin.py:188} INFO - [2025-11-12T19:23:04.983+0000] {dagbag.py:545} INFO - Filling up the DagBag from /home/airflow/.local/lib/python3.12/site-packages/airflow/example_dags/example_python_operator.py
[2025-11-12T19:23:04.991+0000] {processor.py:840} INFO - DAG(s) 'example_python_operator' retrieved from /home/airflow/.local/lib/python3.12/site-packages/airflow/example_dags/example_python_operator.py
[2025-11-12T19:23:05.013+0000] {logging_mixin.py:188} INFO - [2025-11-12T19:23:05.012+0000] {dag.py:3096} INFO - Sync 1 DAGs
[2025-11-12T19:23:05.023+0000] {logging_mixin.py:188} INFO - [2025-11-12T19:23:05.023+0000] {dag.py:3954} INFO - Setting next_dagrun for example_python_operator to None, run_after=None
[2025-11-12T19:23:05.044+0000] {processor.py:183} INFO - Processing /home/airflow/.local/lib/python3.12/site-packages/airflow/example_dags/example_python_operator.py took 0.068 seconds
[2025-11-12T19:23:35.266+0000] {processor.py:161} INFO - Started process (PID=885) to work on /home/airflow/.local/lib/python3.12/site-packages/airflow/example_dags/example_python_operator.py
[2025-11-12T19:23:35.268+0000] {processor.py:830} INFO - Processing file /home/airflow/.local/lib/python3.12/site-packages/airflow/example_dags/example_python_operator.py for tasks to queue
[2025-11-12T19:23:35.269+0000] {logging_mixin.py:188} INFO - [2025-11-12T19:23:35.269+0000] {dagbag.py:545} INFO - Filling up the DagBag from /home/airflow/.local/lib/python3.12/site-packages/airflow/example_dags/example_python_operator.py
[2025-11-12T19:23:35.278+0000] {processor.py:840} INFO - DAG(s) 'example_python_operator' retrieved from /home/airflow/.local/lib/python3.12/site-packages/airflow/example_dags/example_python_operator.py
[2025-11-12T19:23:35.301+0000] {logging_mixin.py:188} INFO - [2025-11-12T19:23:35.300+0000] {dag.py:3096} INFO - Sync 1 DAGs
[2025-11-12T19:23:35.313+0000] {logging_mixin.py:188} INFO - [2025-11-12T19:23:35.313+0000] {dag.py:3954} INFO - Setting next_dagrun for example_python_operator to None, run_after=None
[2025-11-12T19:23:35.335+0000] {processor.py:183} INFO - Processing /home/airflow/.local/lib/python3.12/site-packages/airflow/example_dags/example_python_operator.py took 0.073 seconds
[2025-11-12T19:24:05.683+0000] {processor.py:161} INFO - Started process (PID=945) to work on /home/airflow/.local/lib/python3.12/site-packages/airflow/example_dags/example_python_operator.py
[2025-11-12T19:24:05.684+0000] {processor.py:830} INFO - Processing file /home/airflow/.local/lib/python3.12/site-packages/airflow/example_dags/example_python_operator.py for tasks to queue
[2025-11-12T19:24:05.686+0000] {logging_mixin.py:188} INFO - [2025-11-12T19:24:05.686+0000] {dagbag.py:545} INFO - Filling up the DagBag from /home/airflow/.local/lib/python3.12/site-packages/airflow/example_dags/example_python_operator.py
[2025-11-12T19:24:05.695+0000] {processor.py:840} INFO - DAG(s) 'example_python_operator' retrieved from /home/airflow/.local/lib/python3.12/site-packages/airflow/example_dags/example_python_operator.py
[2025-11-12T19:24:05.716+0000] {logging_mixin.py:188} INFO - [2025-11-12T19:24:05.716+0000] {dag.py:3096} INFO - Sync 1 DAGs
[2025-11-12T19:24:05.725+0000] {logging_mixin.py:188} INFO - [2025-11-12T19:24:05.725+0000] {dag.py:3954} INFO - Setting next_dagrun for example_python_operator to None, run_after=None
[2025-11-12T19:24:05.745+0000] {processor.py:183} INFO - Processing /home/airflow/.local/lib/python3.12/site-packages/airflow/example_dags/example_python_operator.py took 0.067 seconds
[2025-11-12T19:24:36.801+0000] {processor.py:161} INFO - Started process (PID=1005) to work on /home/airflow/.local/lib/python3.12/site-packages/airflow/example_dags/example_python_operator.py
[2025-11-12T19:24:36.802+0000] {processor.py:830} INFO - Processing file /home/airflow/.local/lib/python3.12/site-packages/airflow/example_dags/example_python_operator.py for tasks to queue
[2025-11-12T19:24:36.804+0000] {logging_mixin.py:188} INFO - [2025-11-12T19:24:36.803+0000] {dagbag.py:545} INFO - Filling up the DagBag from /home/airflow/.local/lib/python3.12/site-packages/airflow/example_dags/example_python_operator.py
[2025-11-12T19:24:36.812+0000] {processor.py:840} INFO - DAG(s) 'example_python_operator' retrieved from /home/airflow/.local/lib/python3.12/site-packages/airflow/example_dags/example_python_operator.py
[2025-11-12T19:24:36.832+0000] {logging_mixin.py:188} INFO - [2025-11-12T19:24:36.831+0000] {dag.py:3096} INFO - Sync 1 DAGs
[2025-11-12T19:24:36.843+0000] {logging_mixin.py:188} INFO - [2025-11-12T19:24:36.843+0000] {dag.py:3954} INFO - Setting next_dagrun for example_python_operator to None, run_after=None
[2025-11-12T19:24:36.871+0000] {processor.py:183} INFO - Processing /home/airflow/.local/lib/python3.12/site-packages/airflow/example_dags/example_python_operator.py took 0.074 seconds
[2025-11-12T19:25:07.051+0000] {processor.py:161} INFO - Started process (PID=1065) to work on /home/airflow/.local/lib/python3.12/site-packages/airflow/example_dags/example_python_operator.py
[2025-11-12T19:25:07.052+0000] {processor.py:830} INFO - Processing file /home/airflow/.local/lib/python3.12/site-packages/airflow/example_dags/example_python_operator.py for tasks to queue
[2025-11-12T19:25:07.054+0000] {logging_mixin.py:188} INFO - [2025-11-12T19:25:07.054+0000] {dagbag.py:545} INFO - Filling up the DagBag from /home/airflow/.local/lib/python3.12/site-packages/airflow/example_dags/example_python_operator.py
[2025-11-12T19:25:07.065+0000] {processor.py:840} INFO - DAG(s) 'example_python_operator' retrieved from /home/airflow/.local/lib/python3.12/site-packages/airflow/example_dags/example_python_operator.py
[2025-11-12T19:25:07.089+0000] {logging_mixin.py:188} INFO - [2025-11-12T19:25:07.088+0000] {dag.py:3096} INFO - Sync 1 DAGs
[2025-11-12T19:25:07.100+0000] {logging_mixin.py:188} INFO - [2025-11-12T19:25:07.100+0000] {dag.py:3954} INFO - Setting next_dagrun for example_python_operator to None, run_after=None
[2025-11-12T19:25:07.120+0000] {processor.py:183} INFO - Processing /home/airflow/.local/lib/python3.12/site-packages/airflow/example_dags/example_python_operator.py took 0.074 seconds
[2025-11-12T19:25:37.401+0000] {processor.py:161} INFO - Started process (PID=1125) to work on /home/airflow/.local/lib/python3.12/site-packages/airflow/example_dags/example_python_operator.py
[2025-11-12T19:25:37.402+0000] {processor.py:830} INFO - Processing file /home/airflow/.local/lib/python3.12/site-packages/airflow/example_dags/example_python_operator.py for tasks to queue
[2025-11-12T19:25:37.404+0000] {logging_mixin.py:188} INFO - [2025-11-12T19:25:37.404+0000] {dagbag.py:545} INFO - Filling up the DagBag from /home/airflow/.local/lib/python3.12/site-packages/airflow/example_dags/example_python_operator.py
[2025-11-12T19:25:37.417+0000] {processor.py:840} INFO - DAG(s) 'example_python_operator' retrieved from /home/airflow/.local/lib/python3.12/site-packages/airflow/example_dags/example_python_operator.py
[2025-11-12T19:25:37.447+0000] {logging_mixin.py:188} INFO - [2025-11-12T19:25:37.446+0000] {dag.py:3096} INFO - Sync 1 DAGs
[2025-11-12T19:25:37.459+0000] {logging_mixin.py:188} INFO - [2025-11-12T19:25:37.459+0000] {dag.py:3954} INFO - Setting next_dagrun for example_python_operator to None, run_after=None
[2025-11-12T19:25:37.482+0000] {processor.py:183} INFO - Processing /home/airflow/.local/lib/python3.12/site-packages/airflow/example_dags/example_python_operator.py took 0.085 seconds
[2025-11-12T19:26:07.664+0000] {processor.py:161} INFO - Started process (PID=1185) to work on /home/airflow/.local/lib/python3.12/site-packages/airflow/example_dags/example_python_operator.py
[2025-11-12T19:26:07.666+0000] {processor.py:830} INFO - Processing file /home/airflow/.local/lib/python3.12/site-packages/airflow/example_dags/example_python_operator.py for tasks to queue
[2025-11-12T19:26:07.668+0000] {logging_mixin.py:188} INFO - [2025-11-12T19:26:07.667+0000] {dagbag.py:545} INFO - Filling up the DagBag from /home/airflow/.local/lib/python3.12/site-packages/airflow/example_dags/example_python_operator.py
[2025-11-12T19:26:07.679+0000] {processor.py:840} INFO - DAG(s) 'example_python_operator' retrieved from /home/airflow/.local/lib/python3.12/site-packages/airflow/example_dags/example_python_operator.py
[2025-11-12T19:26:07.706+0000] {logging_mixin.py:188} INFO - [2025-11-12T19:26:07.705+0000] {dag.py:3096} INFO - Sync 1 DAGs
[2025-11-12T19:26:07.720+0000] {logging_mixin.py:188} INFO - [2025-11-12T19:26:07.720+0000] {dag.py:3954} INFO - Setting next_dagrun for example_python_operator to None, run_after=None
[2025-11-12T19:26:07.760+0000] {processor.py:183} INFO - Processing /home/airflow/.local/lib/python3.12/site-packages/airflow/example_dags/example_python_operator.py took 0.100 seconds
[2025-11-12T19:26:38.182+0000] {processor.py:161} INFO - Started process (PID=1246) to work on /home/airflow/.local/lib/python3.12/site-packages/airflow/example_dags/example_python_operator.py
[2025-11-12T19:26:38.183+0000] {processor.py:830} INFO - Processing file /home/airflow/.local/lib/python3.12/site-packages/airflow/example_dags/example_python_operator.py for tasks to queue
[2025-11-12T19:26:38.185+0000] {logging_mixin.py:188} INFO - [2025-11-12T19:26:38.185+0000] {dagbag.py:545} INFO - Filling up the DagBag from /home/airflow/.local/lib/python3.12/site-packages/airflow/example_dags/example_python_operator.py
[2025-11-12T19:26:38.194+0000] {processor.py:840} INFO - DAG(s) 'example_python_operator' retrieved from /home/airflow/.local/lib/python3.12/site-packages/airflow/example_dags/example_python_operator.py
[2025-11-12T19:26:38.216+0000] {logging_mixin.py:188} INFO - [2025-11-12T19:26:38.215+0000] {dag.py:3096} INFO - Sync 1 DAGs
[2025-11-12T19:26:38.226+0000] {logging_mixin.py:188} INFO - [2025-11-12T19:26:38.226+0000] {dag.py:3954} INFO - Setting next_dagrun for example_python_operator to None, run_after=None
[2025-11-12T19:26:38.247+0000] {processor.py:183} INFO - Processing /home/airflow/.local/lib/python3.12/site-packages/airflow/example_dags/example_python_operator.py took 0.071 seconds
[2025-11-12T19:27:08.742+0000] {processor.py:161} INFO - Started process (PID=1306) to work on /home/airflow/.local/lib/python3.12/site-packages/airflow/example_dags/example_python_operator.py
[2025-11-12T19:27:08.743+0000] {processor.py:830} INFO - Processing file /home/airflow/.local/lib/python3.12/site-packages/airflow/example_dags/example_python_operator.py for tasks to queue
[2025-11-12T19:27:08.746+0000] {logging_mixin.py:188} INFO - [2025-11-12T19:27:08.746+0000] {dagbag.py:545} INFO - Filling up the DagBag from /home/airflow/.local/lib/python3.12/site-packages/airflow/example_dags/example_python_operator.py
[2025-11-12T19:27:08.759+0000] {processor.py:840} INFO - DAG(s) 'example_python_operator' retrieved from /home/airflow/.local/lib/python3.12/site-packages/airflow/example_dags/example_python_operator.py
[2025-11-12T19:27:08.791+0000] {logging_mixin.py:188} INFO - [2025-11-12T19:27:08.790+0000] {dag.py:3096} INFO - Sync 1 DAGs
[2025-11-12T19:27:08.808+0000] {logging_mixin.py:188} INFO - [2025-11-12T19:27:08.807+0000] {dag.py:3954} INFO - Setting next_dagrun for example_python_operator to None, run_after=None
[2025-11-12T19:27:08.842+0000] {processor.py:183} INFO - Processing /home/airflow/.local/lib/python3.12/site-packages/airflow/example_dags/example_python_operator.py took 0.106 seconds
[2025-11-12T19:27:39.086+0000] {processor.py:161} INFO - Started process (PID=1366) to work on /home/airflow/.local/lib/python3.12/site-packages/airflow/example_dags/example_python_operator.py
[2025-11-12T19:27:39.088+0000] {processor.py:830} INFO - Processing file /home/airflow/.local/lib/python3.12/site-packages/airflow/example_dags/example_python_operator.py for tasks to queue
[2025-11-12T19:27:39.090+0000] {logging_mixin.py:188} INFO - [2025-11-12T19:27:39.090+0000] {dagbag.py:545} INFO - Filling up the DagBag from /home/airflow/.local/lib/python3.12/site-packages/airflow/example_dags/example_python_operator.py
[2025-11-12T19:27:39.099+0000] {processor.py:840} INFO - DAG(s) 'example_python_operator' retrieved from /home/airflow/.local/lib/python3.12/site-packages/airflow/example_dags/example_python_operator.py
[2025-11-12T19:27:39.125+0000] {logging_mixin.py:188} INFO - [2025-11-12T19:27:39.124+0000] {dag.py:3096} INFO - Sync 1 DAGs
[2025-11-12T19:27:39.135+0000] {logging_mixin.py:188} INFO - [2025-11-12T19:27:39.135+0000] {dag.py:3954} INFO - Setting next_dagrun for example_python_operator to None, run_after=None
[2025-11-12T19:27:39.162+0000] {processor.py:183} INFO - Processing /home/airflow/.local/lib/python3.12/site-packages/airflow/example_dags/example_python_operator.py took 0.080 seconds
[2025-11-12T19:28:11.366+0000] {processor.py:161} INFO - Started process (PID=1427) to work on /home/airflow/.local/lib/python3.12/site-packages/airflow/example_dags/example_python_operator.py
[2025-11-12T19:28:11.367+0000] {processor.py:830} INFO - Processing file /home/airflow/.local/lib/python3.12/site-packages/airflow/example_dags/example_python_operator.py for tasks to queue
[2025-11-12T19:28:11.369+0000] {logging_mixin.py:188} INFO - [2025-11-12T19:28:11.369+0000] {dagbag.py:545} INFO - Filling up the DagBag from /home/airflow/.local/lib/python3.12/site-packages/airflow/example_dags/example_python_operator.py
[2025-11-12T19:28:11.379+0000] {processor.py:840} INFO - DAG(s) 'example_python_operator' retrieved from /home/airflow/.local/lib/python3.12/site-packages/airflow/example_dags/example_python_operator.py
[2025-11-12T19:28:11.408+0000] {logging_mixin.py:188} INFO - [2025-11-12T19:28:11.407+0000] {dag.py:3096} INFO - Sync 1 DAGs
[2025-11-12T19:28:11.627+0000] {logging_mixin.py:188} INFO - [2025-11-12T19:28:11.627+0000] {dag.py:3954} INFO - Setting next_dagrun for example_python_operator to None, run_after=None
[2025-11-12T19:28:11.648+0000] {processor.py:183} INFO - Processing /home/airflow/.local/lib/python3.12/site-packages/airflow/example_dags/example_python_operator.py took 0.288 seconds
[2025-11-12T19:28:42.550+0000] {processor.py:161} INFO - Started process (PID=1487) to work on /home/airflow/.local/lib/python3.12/site-packages/airflow/example_dags/example_python_operator.py
[2025-11-12T19:28:42.552+0000] {processor.py:830} INFO - Processing file /home/airflow/.local/lib/python3.12/site-packages/airflow/example_dags/example_python_operator.py for tasks to queue
[2025-11-12T19:28:42.554+0000] {logging_mixin.py:188} INFO - [2025-11-12T19:28:42.554+0000] {dagbag.py:545} INFO - Filling up the DagBag from /home/airflow/.local/lib/python3.12/site-packages/airflow/example_dags/example_python_operator.py
[2025-11-12T19:28:42.564+0000] {processor.py:840} INFO - DAG(s) 'example_python_operator' retrieved from /home/airflow/.local/lib/python3.12/site-packages/airflow/example_dags/example_python_operator.py
[2025-11-12T19:28:42.592+0000] {logging_mixin.py:188} INFO - [2025-11-12T19:28:42.591+0000] {dag.py:3096} INFO - Sync 1 DAGs
[2025-11-12T19:28:42.605+0000] {logging_mixin.py:188} INFO - [2025-11-12T19:28:42.604+0000] {dag.py:3954} INFO - Setting next_dagrun for example_python_operator to None, run_after=None
[2025-11-12T19:28:42.630+0000] {processor.py:183} INFO - Processing /home/airflow/.local/lib/python3.12/site-packages/airflow/example_dags/example_python_operator.py took 0.084 seconds
[2025-11-12T19:29:12.725+0000] {processor.py:161} INFO - Started process (PID=1547) to work on /home/airflow/.local/lib/python3.12/site-packages/airflow/example_dags/example_python_operator.py
[2025-11-12T19:29:12.726+0000] {processor.py:830} INFO - Processing file /home/airflow/.local/lib/python3.12/site-packages/airflow/example_dags/example_python_operator.py for tasks to queue
[2025-11-12T19:29:12.729+0000] {logging_mixin.py:188} INFO - [2025-11-12T19:29:12.728+0000] {dagbag.py:545} INFO - Filling up the DagBag from /home/airflow/.local/lib/python3.12/site-packages/airflow/example_dags/example_python_operator.py
[2025-11-12T19:29:12.738+0000] {processor.py:840} INFO - DAG(s) 'example_python_operator' retrieved from /home/airflow/.local/lib/python3.12/site-packages/airflow/example_dags/example_python_operator.py
[2025-11-12T19:29:12.766+0000] {logging_mixin.py:188} INFO - [2025-11-12T19:29:12.766+0000] {dag.py:3096} INFO - Sync 1 DAGs
[2025-11-12T19:29:12.800+0000] {logging_mixin.py:188} INFO - [2025-11-12T19:29:12.799+0000] {dag.py:3954} INFO - Setting next_dagrun for example_python_operator to None, run_after=None
[2025-11-12T19:29:12.850+0000] {processor.py:183} INFO - Processing /home/airflow/.local/lib/python3.12/site-packages/airflow/example_dags/example_python_operator.py took 0.133 seconds
[2025-11-12T19:29:44.522+0000] {processor.py:161} INFO - Started process (PID=1607) to work on /home/airflow/.local/lib/python3.12/site-packages/airflow/example_dags/example_python_operator.py
[2025-11-12T19:29:44.523+0000] {processor.py:830} INFO - Processing file /home/airflow/.local/lib/python3.12/site-packages/airflow/example_dags/example_python_operator.py for tasks to queue
[2025-11-12T19:29:44.525+0000] {logging_mixin.py:188} INFO - [2025-11-12T19:29:44.525+0000] {dagbag.py:545} INFO - Filling up the DagBag from /home/airflow/.local/lib/python3.12/site-packages/airflow/example_dags/example_python_operator.py
[2025-11-12T19:29:44.858+0000] {processor.py:840} INFO - DAG(s) 'example_python_operator' retrieved from /home/airflow/.local/lib/python3.12/site-packages/airflow/example_dags/example_python_operator.py
[2025-11-12T19:29:44.892+0000] {logging_mixin.py:188} INFO - [2025-11-12T19:29:44.891+0000] {dag.py:3096} INFO - Sync 1 DAGs
[2025-11-12T19:29:44.909+0000] {logging_mixin.py:188} INFO - [2025-11-12T19:29:44.909+0000] {dag.py:3954} INFO - Setting next_dagrun for example_python_operator to None, run_after=None
[2025-11-12T19:29:44.933+0000] {processor.py:183} INFO - Processing /home/airflow/.local/lib/python3.12/site-packages/airflow/example_dags/example_python_operator.py took 0.416 seconds
[2025-11-12T19:30:15.146+0000] {processor.py:161} INFO - Started process (PID=1667) to work on /home/airflow/.local/lib/python3.12/site-packages/airflow/example_dags/example_python_operator.py
[2025-11-12T19:30:15.149+0000] {processor.py:830} INFO - Processing file /home/airflow/.local/lib/python3.12/site-packages/airflow/example_dags/example_python_operator.py for tasks to queue
[2025-11-12T19:30:15.152+0000] {logging_mixin.py:188} INFO - [2025-11-12T19:30:15.151+0000] {dagbag.py:545} INFO - Filling up the DagBag from /home/airflow/.local/lib/python3.12/site-packages/airflow/example_dags/example_python_operator.py
[2025-11-12T19:30:15.161+0000] {processor.py:840} INFO - DAG(s) 'example_python_operator' retrieved from /home/airflow/.local/lib/python3.12/site-packages/airflow/example_dags/example_python_operator.py
[2025-11-12T19:30:15.190+0000] {logging_mixin.py:188} INFO - [2025-11-12T19:30:15.189+0000] {dag.py:3096} INFO - Sync 1 DAGs
[2025-11-12T19:30:15.207+0000] {logging_mixin.py:188} INFO - [2025-11-12T19:30:15.206+0000] {dag.py:3954} INFO - Setting next_dagrun for example_python_operator to None, run_after=None
[2025-11-12T19:30:15.238+0000] {processor.py:183} INFO - Processing /home/airflow/.local/lib/python3.12/site-packages/airflow/example_dags/example_python_operator.py took 0.098 seconds
[2025-11-12T19:30:45.403+0000] {processor.py:161} INFO - Started process (PID=1727) to work on /home/airflow/.local/lib/python3.12/site-packages/airflow/example_dags/example_python_operator.py
[2025-11-12T19:30:45.404+0000] {processor.py:830} INFO - Processing file /home/airflow/.local/lib/python3.12/site-packages/airflow/example_dags/example_python_operator.py for tasks to queue
[2025-11-12T19:30:45.407+0000] {logging_mixin.py:188} INFO - [2025-11-12T19:30:45.406+0000] {dagbag.py:545} INFO - Filling up the DagBag from /home/airflow/.local/lib/python3.12/site-packages/airflow/example_dags/example_python_operator.py
[2025-11-12T19:30:45.417+0000] {processor.py:840} INFO - DAG(s) 'example_python_operator' retrieved from /home/airflow/.local/lib/python3.12/site-packages/airflow/example_dags/example_python_operator.py
[2025-11-12T19:30:45.442+0000] {logging_mixin.py:188} INFO - [2025-11-12T19:30:45.441+0000] {dag.py:3096} INFO - Sync 1 DAGs
[2025-11-12T19:30:45.455+0000] {logging_mixin.py:188} INFO - [2025-11-12T19:30:45.454+0000] {dag.py:3954} INFO - Setting next_dagrun for example_python_operator to None, run_after=None
[2025-11-12T19:30:45.475+0000] {processor.py:183} INFO - Processing /home/airflow/.local/lib/python3.12/site-packages/airflow/example_dags/example_python_operator.py took 0.078 seconds
[2025-11-12T19:31:15.919+0000] {processor.py:161} INFO - Started process (PID=1787) to work on /home/airflow/.local/lib/python3.12/site-packages/airflow/example_dags/example_python_operator.py
[2025-11-12T19:31:15.921+0000] {processor.py:830} INFO - Processing file /home/airflow/.local/lib/python3.12/site-packages/airflow/example_dags/example_python_operator.py for tasks to queue
[2025-11-12T19:31:15.923+0000] {logging_mixin.py:188} INFO - [2025-11-12T19:31:15.922+0000] {dagbag.py:545} INFO - Filling up the DagBag from /home/airflow/.local/lib/python3.12/site-packages/airflow/example_dags/example_python_operator.py
[2025-11-12T19:31:15.934+0000] {processor.py:840} INFO - DAG(s) 'example_python_operator' retrieved from /home/airflow/.local/lib/python3.12/site-packages/airflow/example_dags/example_python_operator.py
[2025-11-12T19:31:15.960+0000] {logging_mixin.py:188} INFO - [2025-11-12T19:31:15.960+0000] {dag.py:3096} INFO - Sync 1 DAGs
[2025-11-12T19:31:15.972+0000] {logging_mixin.py:188} INFO - [2025-11-12T19:31:15.971+0000] {dag.py:3954} INFO - Setting next_dagrun for example_python_operator to None, run_after=None
[2025-11-12T19:31:16.004+0000] {processor.py:183} INFO - Processing /home/airflow/.local/lib/python3.12/site-packages/airflow/example_dags/example_python_operator.py took 0.093 seconds
[2025-11-12T19:31:46.378+0000] {processor.py:161} INFO - Started process (PID=1850) to work on /home/airflow/.local/lib/python3.12/site-packages/airflow/example_dags/example_python_operator.py
[2025-11-12T19:31:46.379+0000] {processor.py:830} INFO - Processing file /home/airflow/.local/lib/python3.12/site-packages/airflow/example_dags/example_python_operator.py for tasks to queue
[2025-11-12T19:31:46.382+0000] {logging_mixin.py:188} INFO - [2025-11-12T19:31:46.382+0000] {dagbag.py:545} INFO - Filling up the DagBag from /home/airflow/.local/lib/python3.12/site-packages/airflow/example_dags/example_python_operator.py
[2025-11-12T19:31:46.393+0000] {processor.py:840} INFO - DAG(s) 'example_python_operator' retrieved from /home/airflow/.local/lib/python3.12/site-packages/airflow/example_dags/example_python_operator.py
[2025-11-12T19:31:46.417+0000] {logging_mixin.py:188} INFO - [2025-11-12T19:31:46.416+0000] {dag.py:3096} INFO - Sync 1 DAGs
[2025-11-12T19:31:46.426+0000] {logging_mixin.py:188} INFO - [2025-11-12T19:31:46.426+0000] {dag.py:3954} INFO - Setting next_dagrun for example_python_operator to None, run_after=None
[2025-11-12T19:31:46.445+0000] {processor.py:183} INFO - Processing /home/airflow/.local/lib/python3.12/site-packages/airflow/example_dags/example_python_operator.py took 0.072 seconds
