[2025-11-12T19:06:14.426+0000] {processor.py:161} INFO - Started process (PID=115) to work on /home/airflow/.local/lib/python3.12/site-packages/airflow/example_dags/example_branch_datetime_operator.py
[2025-11-12T19:06:14.428+0000] {processor.py:830} INFO - Processing file /home/airflow/.local/lib/python3.12/site-packages/airflow/example_dags/example_branch_datetime_operator.py for tasks to queue
[2025-11-12T19:06:14.433+0000] {logging_mixin.py:188} INFO - [2025-11-12T19:06:14.432+0000] {dagbag.py:545} INFO - Filling up the DagBag from /home/airflow/.local/lib/python3.12/site-packages/airflow/example_dags/example_branch_datetime_operator.py
[2025-11-12T19:06:14.445+0000] {processor.py:840} INFO - DAG(s) 'example_branch_datetime_operator', 'example_branch_datetime_operator_2', 'example_branch_datetime_operator_3' retrieved from /home/airflow/.local/lib/python3.12/site-packages/airflow/example_dags/example_branch_datetime_operator.py
[2025-11-12T19:06:14.596+0000] {logging_mixin.py:188} INFO - [2025-11-12T19:06:14.595+0000] {dag.py:3096} INFO - Sync 3 DAGs
[2025-11-12T19:06:14.623+0000] {logging_mixin.py:188} INFO - [2025-11-12T19:06:14.623+0000] {dag.py:3954} INFO - Setting next_dagrun for example_branch_datetime_operator to 2025-11-11 00:00:00+00:00, run_after=2025-11-12 00:00:00+00:00
[2025-11-12T19:06:14.629+0000] {logging_mixin.py:188} INFO - [2025-11-12T19:06:14.629+0000] {dag.py:3954} INFO - Setting next_dagrun for example_branch_datetime_operator_2 to 2025-11-11 00:00:00+00:00, run_after=2025-11-12 00:00:00+00:00
[2025-11-12T19:06:14.632+0000] {logging_mixin.py:188} INFO - [2025-11-12T19:06:14.631+0000] {dag.py:3954} INFO - Setting next_dagrun for example_branch_datetime_operator_3 to 2025-11-11 00:00:00+00:00, run_after=2025-11-12 00:00:00+00:00
[2025-11-12T19:06:14.656+0000] {processor.py:183} INFO - Processing /home/airflow/.local/lib/python3.12/site-packages/airflow/example_dags/example_branch_datetime_operator.py took 0.239 seconds
[2025-11-12T19:06:45.562+0000] {processor.py:161} INFO - Started process (PID=176) to work on /home/airflow/.local/lib/python3.12/site-packages/airflow/example_dags/example_branch_datetime_operator.py
[2025-11-12T19:06:45.564+0000] {processor.py:830} INFO - Processing file /home/airflow/.local/lib/python3.12/site-packages/airflow/example_dags/example_branch_datetime_operator.py for tasks to queue
[2025-11-12T19:06:45.566+0000] {logging_mixin.py:188} INFO - [2025-11-12T19:06:45.566+0000] {dagbag.py:545} INFO - Filling up the DagBag from /home/airflow/.local/lib/python3.12/site-packages/airflow/example_dags/example_branch_datetime_operator.py
[2025-11-12T19:06:45.575+0000] {processor.py:840} INFO - DAG(s) 'example_branch_datetime_operator_2', 'example_branch_datetime_operator', 'example_branch_datetime_operator_3' retrieved from /home/airflow/.local/lib/python3.12/site-packages/airflow/example_dags/example_branch_datetime_operator.py
[2025-11-12T19:06:45.603+0000] {logging_mixin.py:188} INFO - [2025-11-12T19:06:45.602+0000] {dag.py:3096} INFO - Sync 3 DAGs
[2025-11-12T19:06:45.623+0000] {logging_mixin.py:188} INFO - [2025-11-12T19:06:45.623+0000] {dag.py:3954} INFO - Setting next_dagrun for example_branch_datetime_operator to 2025-11-11 00:00:00+00:00, run_after=2025-11-12 00:00:00+00:00
[2025-11-12T19:06:45.628+0000] {logging_mixin.py:188} INFO - [2025-11-12T19:06:45.627+0000] {dag.py:3954} INFO - Setting next_dagrun for example_branch_datetime_operator_2 to 2025-11-11 00:00:00+00:00, run_after=2025-11-12 00:00:00+00:00
[2025-11-12T19:06:45.630+0000] {logging_mixin.py:188} INFO - [2025-11-12T19:06:45.630+0000] {dag.py:3954} INFO - Setting next_dagrun for example_branch_datetime_operator_3 to 2025-11-11 00:00:00+00:00, run_after=2025-11-12 00:00:00+00:00
[2025-11-12T19:06:45.653+0000] {processor.py:183} INFO - Processing /home/airflow/.local/lib/python3.12/site-packages/airflow/example_dags/example_branch_datetime_operator.py took 0.098 seconds
[2025-11-12T19:07:16.288+0000] {processor.py:161} INFO - Started process (PID=236) to work on /home/airflow/.local/lib/python3.12/site-packages/airflow/example_dags/example_branch_datetime_operator.py
[2025-11-12T19:07:16.289+0000] {processor.py:830} INFO - Processing file /home/airflow/.local/lib/python3.12/site-packages/airflow/example_dags/example_branch_datetime_operator.py for tasks to queue
[2025-11-12T19:07:16.291+0000] {logging_mixin.py:188} INFO - [2025-11-12T19:07:16.291+0000] {dagbag.py:545} INFO - Filling up the DagBag from /home/airflow/.local/lib/python3.12/site-packages/airflow/example_dags/example_branch_datetime_operator.py
[2025-11-12T19:07:16.302+0000] {processor.py:840} INFO - DAG(s) 'example_branch_datetime_operator_2', 'example_branch_datetime_operator', 'example_branch_datetime_operator_3' retrieved from /home/airflow/.local/lib/python3.12/site-packages/airflow/example_dags/example_branch_datetime_operator.py
[2025-11-12T19:07:16.339+0000] {logging_mixin.py:188} INFO - [2025-11-12T19:07:16.338+0000] {dag.py:3096} INFO - Sync 3 DAGs
[2025-11-12T19:07:16.362+0000] {logging_mixin.py:188} INFO - [2025-11-12T19:07:16.362+0000] {dag.py:3954} INFO - Setting next_dagrun for example_branch_datetime_operator to 2025-11-11 00:00:00+00:00, run_after=2025-11-12 00:00:00+00:00
[2025-11-12T19:07:16.367+0000] {logging_mixin.py:188} INFO - [2025-11-12T19:07:16.367+0000] {dag.py:3954} INFO - Setting next_dagrun for example_branch_datetime_operator_2 to 2025-11-11 00:00:00+00:00, run_after=2025-11-12 00:00:00+00:00
[2025-11-12T19:07:16.371+0000] {logging_mixin.py:188} INFO - [2025-11-12T19:07:16.371+0000] {dag.py:3954} INFO - Setting next_dagrun for example_branch_datetime_operator_3 to 2025-11-11 00:00:00+00:00, run_after=2025-11-12 00:00:00+00:00
[2025-11-12T19:07:16.403+0000] {processor.py:183} INFO - Processing /home/airflow/.local/lib/python3.12/site-packages/airflow/example_dags/example_branch_datetime_operator.py took 0.121 seconds
[2025-11-12T19:07:46.780+0000] {processor.py:161} INFO - Started process (PID=296) to work on /home/airflow/.local/lib/python3.12/site-packages/airflow/example_dags/example_branch_datetime_operator.py
[2025-11-12T19:07:46.781+0000] {processor.py:830} INFO - Processing file /home/airflow/.local/lib/python3.12/site-packages/airflow/example_dags/example_branch_datetime_operator.py for tasks to queue
[2025-11-12T19:07:46.783+0000] {logging_mixin.py:188} INFO - [2025-11-12T19:07:46.782+0000] {dagbag.py:545} INFO - Filling up the DagBag from /home/airflow/.local/lib/python3.12/site-packages/airflow/example_dags/example_branch_datetime_operator.py
[2025-11-12T19:07:46.796+0000] {processor.py:840} INFO - DAG(s) 'example_branch_datetime_operator', 'example_branch_datetime_operator_3', 'example_branch_datetime_operator_2' retrieved from /home/airflow/.local/lib/python3.12/site-packages/airflow/example_dags/example_branch_datetime_operator.py
[2025-11-12T19:07:46.840+0000] {logging_mixin.py:188} INFO - [2025-11-12T19:07:46.839+0000] {dag.py:3096} INFO - Sync 3 DAGs
[2025-11-12T19:07:46.877+0000] {logging_mixin.py:188} INFO - [2025-11-12T19:07:46.877+0000] {dag.py:3954} INFO - Setting next_dagrun for example_branch_datetime_operator to 2025-11-11 00:00:00+00:00, run_after=2025-11-12 00:00:00+00:00
[2025-11-12T19:07:46.886+0000] {logging_mixin.py:188} INFO - [2025-11-12T19:07:46.886+0000] {dag.py:3954} INFO - Setting next_dagrun for example_branch_datetime_operator_2 to 2025-11-11 00:00:00+00:00, run_after=2025-11-12 00:00:00+00:00
[2025-11-12T19:07:46.896+0000] {logging_mixin.py:188} INFO - [2025-11-12T19:07:46.895+0000] {dag.py:3954} INFO - Setting next_dagrun for example_branch_datetime_operator_3 to 2025-11-11 00:00:00+00:00, run_after=2025-11-12 00:00:00+00:00
[2025-11-12T19:07:46.927+0000] {processor.py:183} INFO - Processing /home/airflow/.local/lib/python3.12/site-packages/airflow/example_dags/example_branch_datetime_operator.py took 0.153 seconds
[2025-11-12T19:08:17.551+0000] {processor.py:161} INFO - Started process (PID=356) to work on /home/airflow/.local/lib/python3.12/site-packages/airflow/example_dags/example_branch_datetime_operator.py
[2025-11-12T19:08:17.553+0000] {processor.py:830} INFO - Processing file /home/airflow/.local/lib/python3.12/site-packages/airflow/example_dags/example_branch_datetime_operator.py for tasks to queue
[2025-11-12T19:08:17.554+0000] {logging_mixin.py:188} INFO - [2025-11-12T19:08:17.553+0000] {dagbag.py:545} INFO - Filling up the DagBag from /home/airflow/.local/lib/python3.12/site-packages/airflow/example_dags/example_branch_datetime_operator.py
[2025-11-12T19:08:17.562+0000] {processor.py:840} INFO - DAG(s) 'example_branch_datetime_operator', 'example_branch_datetime_operator_3', 'example_branch_datetime_operator_2' retrieved from /home/airflow/.local/lib/python3.12/site-packages/airflow/example_dags/example_branch_datetime_operator.py
[2025-11-12T19:08:17.591+0000] {logging_mixin.py:188} INFO - [2025-11-12T19:08:17.590+0000] {dag.py:3096} INFO - Sync 3 DAGs
[2025-11-12T19:08:17.610+0000] {logging_mixin.py:188} INFO - [2025-11-12T19:08:17.609+0000] {dag.py:3954} INFO - Setting next_dagrun for example_branch_datetime_operator to 2025-11-11 00:00:00+00:00, run_after=2025-11-12 00:00:00+00:00
[2025-11-12T19:08:17.614+0000] {logging_mixin.py:188} INFO - [2025-11-12T19:08:17.614+0000] {dag.py:3954} INFO - Setting next_dagrun for example_branch_datetime_operator_2 to 2025-11-11 00:00:00+00:00, run_after=2025-11-12 00:00:00+00:00
[2025-11-12T19:08:17.616+0000] {logging_mixin.py:188} INFO - [2025-11-12T19:08:17.616+0000] {dag.py:3954} INFO - Setting next_dagrun for example_branch_datetime_operator_3 to 2025-11-11 00:00:00+00:00, run_after=2025-11-12 00:00:00+00:00
[2025-11-12T19:08:17.635+0000] {processor.py:183} INFO - Processing /home/airflow/.local/lib/python3.12/site-packages/airflow/example_dags/example_branch_datetime_operator.py took 0.088 seconds
[2025-11-12T19:08:47.988+0000] {processor.py:161} INFO - Started process (PID=416) to work on /home/airflow/.local/lib/python3.12/site-packages/airflow/example_dags/example_branch_datetime_operator.py
[2025-11-12T19:08:47.989+0000] {processor.py:830} INFO - Processing file /home/airflow/.local/lib/python3.12/site-packages/airflow/example_dags/example_branch_datetime_operator.py for tasks to queue
[2025-11-12T19:08:47.990+0000] {logging_mixin.py:188} INFO - [2025-11-12T19:08:47.989+0000] {dagbag.py:545} INFO - Filling up the DagBag from /home/airflow/.local/lib/python3.12/site-packages/airflow/example_dags/example_branch_datetime_operator.py
[2025-11-12T19:08:47.998+0000] {processor.py:840} INFO - DAG(s) 'example_branch_datetime_operator_3', 'example_branch_datetime_operator_2', 'example_branch_datetime_operator' retrieved from /home/airflow/.local/lib/python3.12/site-packages/airflow/example_dags/example_branch_datetime_operator.py
[2025-11-12T19:08:48.040+0000] {logging_mixin.py:188} INFO - [2025-11-12T19:08:48.040+0000] {dag.py:3096} INFO - Sync 3 DAGs
[2025-11-12T19:08:48.059+0000] {logging_mixin.py:188} INFO - [2025-11-12T19:08:48.059+0000] {dag.py:3954} INFO - Setting next_dagrun for example_branch_datetime_operator to 2025-11-11 00:00:00+00:00, run_after=2025-11-12 00:00:00+00:00
[2025-11-12T19:08:48.064+0000] {logging_mixin.py:188} INFO - [2025-11-12T19:08:48.064+0000] {dag.py:3954} INFO - Setting next_dagrun for example_branch_datetime_operator_2 to 2025-11-11 00:00:00+00:00, run_after=2025-11-12 00:00:00+00:00
[2025-11-12T19:08:48.066+0000] {logging_mixin.py:188} INFO - [2025-11-12T19:08:48.066+0000] {dag.py:3954} INFO - Setting next_dagrun for example_branch_datetime_operator_3 to 2025-11-11 00:00:00+00:00, run_after=2025-11-12 00:00:00+00:00
[2025-11-12T19:08:48.090+0000] {processor.py:183} INFO - Processing /home/airflow/.local/lib/python3.12/site-packages/airflow/example_dags/example_branch_datetime_operator.py took 0.107 seconds
[2025-11-12T19:09:18.627+0000] {processor.py:161} INFO - Started process (PID=477) to work on /home/airflow/.local/lib/python3.12/site-packages/airflow/example_dags/example_branch_datetime_operator.py
[2025-11-12T19:09:18.629+0000] {processor.py:830} INFO - Processing file /home/airflow/.local/lib/python3.12/site-packages/airflow/example_dags/example_branch_datetime_operator.py for tasks to queue
[2025-11-12T19:09:18.630+0000] {logging_mixin.py:188} INFO - [2025-11-12T19:09:18.629+0000] {dagbag.py:545} INFO - Filling up the DagBag from /home/airflow/.local/lib/python3.12/site-packages/airflow/example_dags/example_branch_datetime_operator.py
[2025-11-12T19:09:18.640+0000] {processor.py:840} INFO - DAG(s) 'example_branch_datetime_operator_2', 'example_branch_datetime_operator', 'example_branch_datetime_operator_3' retrieved from /home/airflow/.local/lib/python3.12/site-packages/airflow/example_dags/example_branch_datetime_operator.py
[2025-11-12T19:09:18.682+0000] {logging_mixin.py:188} INFO - [2025-11-12T19:09:18.682+0000] {dag.py:3096} INFO - Sync 3 DAGs
[2025-11-12T19:09:18.710+0000] {logging_mixin.py:188} INFO - [2025-11-12T19:09:18.709+0000] {dag.py:3954} INFO - Setting next_dagrun for example_branch_datetime_operator to 2025-11-11 00:00:00+00:00, run_after=2025-11-12 00:00:00+00:00
[2025-11-12T19:09:18.716+0000] {logging_mixin.py:188} INFO - [2025-11-12T19:09:18.715+0000] {dag.py:3954} INFO - Setting next_dagrun for example_branch_datetime_operator_2 to 2025-11-11 00:00:00+00:00, run_after=2025-11-12 00:00:00+00:00
[2025-11-12T19:09:18.718+0000] {logging_mixin.py:188} INFO - [2025-11-12T19:09:18.718+0000] {dag.py:3954} INFO - Setting next_dagrun for example_branch_datetime_operator_3 to 2025-11-11 00:00:00+00:00, run_after=2025-11-12 00:00:00+00:00
[2025-11-12T19:09:18.744+0000] {processor.py:183} INFO - Processing /home/airflow/.local/lib/python3.12/site-packages/airflow/example_dags/example_branch_datetime_operator.py took 0.126 seconds
[2025-11-12T19:09:49.437+0000] {processor.py:161} INFO - Started process (PID=538) to work on /home/airflow/.local/lib/python3.12/site-packages/airflow/example_dags/example_branch_datetime_operator.py
[2025-11-12T19:09:49.438+0000] {processor.py:830} INFO - Processing file /home/airflow/.local/lib/python3.12/site-packages/airflow/example_dags/example_branch_datetime_operator.py for tasks to queue
[2025-11-12T19:09:49.439+0000] {logging_mixin.py:188} INFO - [2025-11-12T19:09:49.438+0000] {dagbag.py:545} INFO - Filling up the DagBag from /home/airflow/.local/lib/python3.12/site-packages/airflow/example_dags/example_branch_datetime_operator.py
[2025-11-12T19:09:49.448+0000] {processor.py:840} INFO - DAG(s) 'example_branch_datetime_operator_2', 'example_branch_datetime_operator_3', 'example_branch_datetime_operator' retrieved from /home/airflow/.local/lib/python3.12/site-packages/airflow/example_dags/example_branch_datetime_operator.py
[2025-11-12T19:09:49.492+0000] {logging_mixin.py:188} INFO - [2025-11-12T19:09:49.492+0000] {dag.py:3096} INFO - Sync 3 DAGs
[2025-11-12T19:09:49.523+0000] {logging_mixin.py:188} INFO - [2025-11-12T19:09:49.523+0000] {dag.py:3954} INFO - Setting next_dagrun for example_branch_datetime_operator to 2025-11-11 00:00:00+00:00, run_after=2025-11-12 00:00:00+00:00
[2025-11-12T19:09:49.529+0000] {logging_mixin.py:188} INFO - [2025-11-12T19:09:49.529+0000] {dag.py:3954} INFO - Setting next_dagrun for example_branch_datetime_operator_2 to 2025-11-11 00:00:00+00:00, run_after=2025-11-12 00:00:00+00:00
[2025-11-12T19:09:49.534+0000] {logging_mixin.py:188} INFO - [2025-11-12T19:09:49.533+0000] {dag.py:3954} INFO - Setting next_dagrun for example_branch_datetime_operator_3 to 2025-11-11 00:00:00+00:00, run_after=2025-11-12 00:00:00+00:00
[2025-11-12T19:09:49.572+0000] {processor.py:183} INFO - Processing /home/airflow/.local/lib/python3.12/site-packages/airflow/example_dags/example_branch_datetime_operator.py took 0.140 seconds
[2025-11-12T19:10:20.519+0000] {processor.py:161} INFO - Started process (PID=598) to work on /home/airflow/.local/lib/python3.12/site-packages/airflow/example_dags/example_branch_datetime_operator.py
[2025-11-12T19:10:20.520+0000] {processor.py:830} INFO - Processing file /home/airflow/.local/lib/python3.12/site-packages/airflow/example_dags/example_branch_datetime_operator.py for tasks to queue
[2025-11-12T19:10:20.521+0000] {logging_mixin.py:188} INFO - [2025-11-12T19:10:20.521+0000] {dagbag.py:545} INFO - Filling up the DagBag from /home/airflow/.local/lib/python3.12/site-packages/airflow/example_dags/example_branch_datetime_operator.py
[2025-11-12T19:10:20.529+0000] {processor.py:840} INFO - DAG(s) 'example_branch_datetime_operator_2', 'example_branch_datetime_operator_3', 'example_branch_datetime_operator' retrieved from /home/airflow/.local/lib/python3.12/site-packages/airflow/example_dags/example_branch_datetime_operator.py
[2025-11-12T19:10:20.556+0000] {logging_mixin.py:188} INFO - [2025-11-12T19:10:20.556+0000] {dag.py:3096} INFO - Sync 3 DAGs
[2025-11-12T19:10:20.577+0000] {logging_mixin.py:188} INFO - [2025-11-12T19:10:20.577+0000] {dag.py:3954} INFO - Setting next_dagrun for example_branch_datetime_operator to 2025-11-11 00:00:00+00:00, run_after=2025-11-12 00:00:00+00:00
[2025-11-12T19:10:20.582+0000] {logging_mixin.py:188} INFO - [2025-11-12T19:10:20.582+0000] {dag.py:3954} INFO - Setting next_dagrun for example_branch_datetime_operator_2 to 2025-11-11 00:00:00+00:00, run_after=2025-11-12 00:00:00+00:00
[2025-11-12T19:10:20.585+0000] {logging_mixin.py:188} INFO - [2025-11-12T19:10:20.585+0000] {dag.py:3954} INFO - Setting next_dagrun for example_branch_datetime_operator_3 to 2025-11-11 00:00:00+00:00, run_after=2025-11-12 00:00:00+00:00
[2025-11-12T19:10:20.612+0000] {processor.py:183} INFO - Processing /home/airflow/.local/lib/python3.12/site-packages/airflow/example_dags/example_branch_datetime_operator.py took 0.097 seconds
[2025-11-12T19:10:50.922+0000] {processor.py:161} INFO - Started process (PID=659) to work on /home/airflow/.local/lib/python3.12/site-packages/airflow/example_dags/example_branch_datetime_operator.py
[2025-11-12T19:10:50.924+0000] {processor.py:830} INFO - Processing file /home/airflow/.local/lib/python3.12/site-packages/airflow/example_dags/example_branch_datetime_operator.py for tasks to queue
[2025-11-12T19:10:50.925+0000] {logging_mixin.py:188} INFO - [2025-11-12T19:10:50.924+0000] {dagbag.py:545} INFO - Filling up the DagBag from /home/airflow/.local/lib/python3.12/site-packages/airflow/example_dags/example_branch_datetime_operator.py
[2025-11-12T19:10:50.932+0000] {processor.py:840} INFO - DAG(s) 'example_branch_datetime_operator_2', 'example_branch_datetime_operator_3', 'example_branch_datetime_operator' retrieved from /home/airflow/.local/lib/python3.12/site-packages/airflow/example_dags/example_branch_datetime_operator.py
[2025-11-12T19:10:50.966+0000] {logging_mixin.py:188} INFO - [2025-11-12T19:10:50.966+0000] {dag.py:3096} INFO - Sync 3 DAGs
[2025-11-12T19:10:50.985+0000] {logging_mixin.py:188} INFO - [2025-11-12T19:10:50.985+0000] {dag.py:3954} INFO - Setting next_dagrun for example_branch_datetime_operator to 2025-11-11 00:00:00+00:00, run_after=2025-11-12 00:00:00+00:00
[2025-11-12T19:10:50.990+0000] {logging_mixin.py:188} INFO - [2025-11-12T19:10:50.989+0000] {dag.py:3954} INFO - Setting next_dagrun for example_branch_datetime_operator_2 to 2025-11-11 00:00:00+00:00, run_after=2025-11-12 00:00:00+00:00
[2025-11-12T19:10:50.992+0000] {logging_mixin.py:188} INFO - [2025-11-12T19:10:50.992+0000] {dag.py:3954} INFO - Setting next_dagrun for example_branch_datetime_operator_3 to 2025-11-11 00:00:00+00:00, run_after=2025-11-12 00:00:00+00:00
[2025-11-12T19:10:51.011+0000] {processor.py:183} INFO - Processing /home/airflow/.local/lib/python3.12/site-packages/airflow/example_dags/example_branch_datetime_operator.py took 0.094 seconds
[2025-11-12T19:11:21.265+0000] {processor.py:161} INFO - Started process (PID=719) to work on /home/airflow/.local/lib/python3.12/site-packages/airflow/example_dags/example_branch_datetime_operator.py
[2025-11-12T19:11:21.266+0000] {processor.py:830} INFO - Processing file /home/airflow/.local/lib/python3.12/site-packages/airflow/example_dags/example_branch_datetime_operator.py for tasks to queue
[2025-11-12T19:11:21.268+0000] {logging_mixin.py:188} INFO - [2025-11-12T19:11:21.268+0000] {dagbag.py:545} INFO - Filling up the DagBag from /home/airflow/.local/lib/python3.12/site-packages/airflow/example_dags/example_branch_datetime_operator.py
[2025-11-12T19:11:21.278+0000] {processor.py:840} INFO - DAG(s) 'example_branch_datetime_operator', 'example_branch_datetime_operator_2', 'example_branch_datetime_operator_3' retrieved from /home/airflow/.local/lib/python3.12/site-packages/airflow/example_dags/example_branch_datetime_operator.py
[2025-11-12T19:11:21.309+0000] {logging_mixin.py:188} INFO - [2025-11-12T19:11:21.309+0000] {dag.py:3096} INFO - Sync 3 DAGs
[2025-11-12T19:11:21.331+0000] {logging_mixin.py:188} INFO - [2025-11-12T19:11:21.330+0000] {dag.py:3954} INFO - Setting next_dagrun for example_branch_datetime_operator to 2025-11-11 00:00:00+00:00, run_after=2025-11-12 00:00:00+00:00
[2025-11-12T19:11:21.335+0000] {logging_mixin.py:188} INFO - [2025-11-12T19:11:21.335+0000] {dag.py:3954} INFO - Setting next_dagrun for example_branch_datetime_operator_2 to 2025-11-11 00:00:00+00:00, run_after=2025-11-12 00:00:00+00:00
[2025-11-12T19:11:21.339+0000] {logging_mixin.py:188} INFO - [2025-11-12T19:11:21.339+0000] {dag.py:3954} INFO - Setting next_dagrun for example_branch_datetime_operator_3 to 2025-11-11 00:00:00+00:00, run_after=2025-11-12 00:00:00+00:00
[2025-11-12T19:11:21.363+0000] {processor.py:183} INFO - Processing /home/airflow/.local/lib/python3.12/site-packages/airflow/example_dags/example_branch_datetime_operator.py took 0.105 seconds
[2025-11-12T19:11:51.475+0000] {processor.py:161} INFO - Started process (PID=778) to work on /home/airflow/.local/lib/python3.12/site-packages/airflow/example_dags/example_branch_datetime_operator.py
[2025-11-12T19:11:51.476+0000] {processor.py:830} INFO - Processing file /home/airflow/.local/lib/python3.12/site-packages/airflow/example_dags/example_branch_datetime_operator.py for tasks to queue
[2025-11-12T19:11:51.478+0000] {logging_mixin.py:188} INFO - [2025-11-12T19:11:51.477+0000] {dagbag.py:545} INFO - Filling up the DagBag from /home/airflow/.local/lib/python3.12/site-packages/airflow/example_dags/example_branch_datetime_operator.py
[2025-11-12T19:11:51.490+0000] {processor.py:840} INFO - DAG(s) 'example_branch_datetime_operator_3', 'example_branch_datetime_operator_2', 'example_branch_datetime_operator' retrieved from /home/airflow/.local/lib/python3.12/site-packages/airflow/example_dags/example_branch_datetime_operator.py
[2025-11-12T19:11:51.525+0000] {logging_mixin.py:188} INFO - [2025-11-12T19:11:51.525+0000] {dag.py:3096} INFO - Sync 3 DAGs
[2025-11-12T19:11:51.545+0000] {logging_mixin.py:188} INFO - [2025-11-12T19:11:51.545+0000] {dag.py:3954} INFO - Setting next_dagrun for example_branch_datetime_operator to 2025-11-11 00:00:00+00:00, run_after=2025-11-12 00:00:00+00:00
[2025-11-12T19:11:51.550+0000] {logging_mixin.py:188} INFO - [2025-11-12T19:11:51.550+0000] {dag.py:3954} INFO - Setting next_dagrun for example_branch_datetime_operator_2 to 2025-11-11 00:00:00+00:00, run_after=2025-11-12 00:00:00+00:00
[2025-11-12T19:11:51.552+0000] {logging_mixin.py:188} INFO - [2025-11-12T19:11:51.552+0000] {dag.py:3954} INFO - Setting next_dagrun for example_branch_datetime_operator_3 to 2025-11-11 00:00:00+00:00, run_after=2025-11-12 00:00:00+00:00
[2025-11-12T19:11:51.574+0000] {processor.py:183} INFO - Processing /home/airflow/.local/lib/python3.12/site-packages/airflow/example_dags/example_branch_datetime_operator.py took 0.105 seconds
[2025-11-12T19:12:21.739+0000] {processor.py:161} INFO - Started process (PID=838) to work on /home/airflow/.local/lib/python3.12/site-packages/airflow/example_dags/example_branch_datetime_operator.py
[2025-11-12T19:12:21.741+0000] {processor.py:830} INFO - Processing file /home/airflow/.local/lib/python3.12/site-packages/airflow/example_dags/example_branch_datetime_operator.py for tasks to queue
[2025-11-12T19:12:21.742+0000] {logging_mixin.py:188} INFO - [2025-11-12T19:12:21.742+0000] {dagbag.py:545} INFO - Filling up the DagBag from /home/airflow/.local/lib/python3.12/site-packages/airflow/example_dags/example_branch_datetime_operator.py
[2025-11-12T19:12:21.749+0000] {processor.py:840} INFO - DAG(s) 'example_branch_datetime_operator_2', 'example_branch_datetime_operator_3', 'example_branch_datetime_operator' retrieved from /home/airflow/.local/lib/python3.12/site-packages/airflow/example_dags/example_branch_datetime_operator.py
[2025-11-12T19:12:21.779+0000] {logging_mixin.py:188} INFO - [2025-11-12T19:12:21.779+0000] {dag.py:3096} INFO - Sync 3 DAGs
[2025-11-12T19:12:21.797+0000] {logging_mixin.py:188} INFO - [2025-11-12T19:12:21.796+0000] {dag.py:3954} INFO - Setting next_dagrun for example_branch_datetime_operator to 2025-11-11 00:00:00+00:00, run_after=2025-11-12 00:00:00+00:00
[2025-11-12T19:12:21.800+0000] {logging_mixin.py:188} INFO - [2025-11-12T19:12:21.800+0000] {dag.py:3954} INFO - Setting next_dagrun for example_branch_datetime_operator_2 to 2025-11-11 00:00:00+00:00, run_after=2025-11-12 00:00:00+00:00
[2025-11-12T19:12:21.803+0000] {logging_mixin.py:188} INFO - [2025-11-12T19:12:21.802+0000] {dag.py:3954} INFO - Setting next_dagrun for example_branch_datetime_operator_3 to 2025-11-11 00:00:00+00:00, run_after=2025-11-12 00:00:00+00:00
[2025-11-12T19:12:21.822+0000] {processor.py:183} INFO - Processing /home/airflow/.local/lib/python3.12/site-packages/airflow/example_dags/example_branch_datetime_operator.py took 0.086 seconds
[2025-11-12T19:12:51.914+0000] {processor.py:161} INFO - Started process (PID=898) to work on /home/airflow/.local/lib/python3.12/site-packages/airflow/example_dags/example_branch_datetime_operator.py
[2025-11-12T19:12:51.915+0000] {processor.py:830} INFO - Processing file /home/airflow/.local/lib/python3.12/site-packages/airflow/example_dags/example_branch_datetime_operator.py for tasks to queue
[2025-11-12T19:12:51.916+0000] {logging_mixin.py:188} INFO - [2025-11-12T19:12:51.916+0000] {dagbag.py:545} INFO - Filling up the DagBag from /home/airflow/.local/lib/python3.12/site-packages/airflow/example_dags/example_branch_datetime_operator.py
[2025-11-12T19:12:51.924+0000] {processor.py:840} INFO - DAG(s) 'example_branch_datetime_operator_2', 'example_branch_datetime_operator', 'example_branch_datetime_operator_3' retrieved from /home/airflow/.local/lib/python3.12/site-packages/airflow/example_dags/example_branch_datetime_operator.py
[2025-11-12T19:12:51.951+0000] {logging_mixin.py:188} INFO - [2025-11-12T19:12:51.950+0000] {dag.py:3096} INFO - Sync 3 DAGs
[2025-11-12T19:12:51.971+0000] {logging_mixin.py:188} INFO - [2025-11-12T19:12:51.971+0000] {dag.py:3954} INFO - Setting next_dagrun for example_branch_datetime_operator to 2025-11-11 00:00:00+00:00, run_after=2025-11-12 00:00:00+00:00
[2025-11-12T19:12:51.976+0000] {logging_mixin.py:188} INFO - [2025-11-12T19:12:51.976+0000] {dag.py:3954} INFO - Setting next_dagrun for example_branch_datetime_operator_2 to 2025-11-11 00:00:00+00:00, run_after=2025-11-12 00:00:00+00:00
[2025-11-12T19:12:51.978+0000] {logging_mixin.py:188} INFO - [2025-11-12T19:12:51.978+0000] {dag.py:3954} INFO - Setting next_dagrun for example_branch_datetime_operator_3 to 2025-11-11 00:00:00+00:00, run_after=2025-11-12 00:00:00+00:00
[2025-11-12T19:12:51.997+0000] {processor.py:183} INFO - Processing /home/airflow/.local/lib/python3.12/site-packages/airflow/example_dags/example_branch_datetime_operator.py took 0.088 seconds
[2025-11-12T19:13:22.329+0000] {processor.py:161} INFO - Started process (PID=959) to work on /home/airflow/.local/lib/python3.12/site-packages/airflow/example_dags/example_branch_datetime_operator.py
[2025-11-12T19:13:22.330+0000] {processor.py:830} INFO - Processing file /home/airflow/.local/lib/python3.12/site-packages/airflow/example_dags/example_branch_datetime_operator.py for tasks to queue
[2025-11-12T19:13:22.331+0000] {logging_mixin.py:188} INFO - [2025-11-12T19:13:22.331+0000] {dagbag.py:545} INFO - Filling up the DagBag from /home/airflow/.local/lib/python3.12/site-packages/airflow/example_dags/example_branch_datetime_operator.py
[2025-11-12T19:13:22.340+0000] {processor.py:840} INFO - DAG(s) 'example_branch_datetime_operator', 'example_branch_datetime_operator_2', 'example_branch_datetime_operator_3' retrieved from /home/airflow/.local/lib/python3.12/site-packages/airflow/example_dags/example_branch_datetime_operator.py
[2025-11-12T19:13:22.368+0000] {logging_mixin.py:188} INFO - [2025-11-12T19:13:22.368+0000] {dag.py:3096} INFO - Sync 3 DAGs
[2025-11-12T19:13:22.388+0000] {logging_mixin.py:188} INFO - [2025-11-12T19:13:22.387+0000] {dag.py:3954} INFO - Setting next_dagrun for example_branch_datetime_operator to 2025-11-11 00:00:00+00:00, run_after=2025-11-12 00:00:00+00:00
[2025-11-12T19:13:22.392+0000] {logging_mixin.py:188} INFO - [2025-11-12T19:13:22.392+0000] {dag.py:3954} INFO - Setting next_dagrun for example_branch_datetime_operator_2 to 2025-11-11 00:00:00+00:00, run_after=2025-11-12 00:00:00+00:00
[2025-11-12T19:13:22.394+0000] {logging_mixin.py:188} INFO - [2025-11-12T19:13:22.394+0000] {dag.py:3954} INFO - Setting next_dagrun for example_branch_datetime_operator_3 to 2025-11-11 00:00:00+00:00, run_after=2025-11-12 00:00:00+00:00
[2025-11-12T19:13:22.412+0000] {processor.py:183} INFO - Processing /home/airflow/.local/lib/python3.12/site-packages/airflow/example_dags/example_branch_datetime_operator.py took 0.089 seconds
[2025-11-12T19:13:53.141+0000] {processor.py:161} INFO - Started process (PID=1020) to work on /home/airflow/.local/lib/python3.12/site-packages/airflow/example_dags/example_branch_datetime_operator.py
[2025-11-12T19:13:53.143+0000] {processor.py:830} INFO - Processing file /home/airflow/.local/lib/python3.12/site-packages/airflow/example_dags/example_branch_datetime_operator.py for tasks to queue
[2025-11-12T19:13:53.144+0000] {logging_mixin.py:188} INFO - [2025-11-12T19:13:53.144+0000] {dagbag.py:545} INFO - Filling up the DagBag from /home/airflow/.local/lib/python3.12/site-packages/airflow/example_dags/example_branch_datetime_operator.py
[2025-11-12T19:13:53.154+0000] {processor.py:840} INFO - DAG(s) 'example_branch_datetime_operator_3', 'example_branch_datetime_operator', 'example_branch_datetime_operator_2' retrieved from /home/airflow/.local/lib/python3.12/site-packages/airflow/example_dags/example_branch_datetime_operator.py
[2025-11-12T19:13:53.184+0000] {logging_mixin.py:188} INFO - [2025-11-12T19:13:53.184+0000] {dag.py:3096} INFO - Sync 3 DAGs
[2025-11-12T19:13:53.204+0000] {logging_mixin.py:188} INFO - [2025-11-12T19:13:53.204+0000] {dag.py:3954} INFO - Setting next_dagrun for example_branch_datetime_operator to 2025-11-11 00:00:00+00:00, run_after=2025-11-12 00:00:00+00:00
[2025-11-12T19:13:53.208+0000] {logging_mixin.py:188} INFO - [2025-11-12T19:13:53.208+0000] {dag.py:3954} INFO - Setting next_dagrun for example_branch_datetime_operator_2 to 2025-11-11 00:00:00+00:00, run_after=2025-11-12 00:00:00+00:00
[2025-11-12T19:13:53.211+0000] {logging_mixin.py:188} INFO - [2025-11-12T19:13:53.210+0000] {dag.py:3954} INFO - Setting next_dagrun for example_branch_datetime_operator_3 to 2025-11-11 00:00:00+00:00, run_after=2025-11-12 00:00:00+00:00
[2025-11-12T19:13:53.233+0000] {processor.py:183} INFO - Processing /home/airflow/.local/lib/python3.12/site-packages/airflow/example_dags/example_branch_datetime_operator.py took 0.099 seconds
[2025-11-12T19:14:24.063+0000] {processor.py:161} INFO - Started process (PID=1080) to work on /home/airflow/.local/lib/python3.12/site-packages/airflow/example_dags/example_branch_datetime_operator.py
[2025-11-12T19:14:24.064+0000] {processor.py:830} INFO - Processing file /home/airflow/.local/lib/python3.12/site-packages/airflow/example_dags/example_branch_datetime_operator.py for tasks to queue
[2025-11-12T19:14:24.065+0000] {logging_mixin.py:188} INFO - [2025-11-12T19:14:24.065+0000] {dagbag.py:545} INFO - Filling up the DagBag from /home/airflow/.local/lib/python3.12/site-packages/airflow/example_dags/example_branch_datetime_operator.py
[2025-11-12T19:14:24.075+0000] {processor.py:840} INFO - DAG(s) 'example_branch_datetime_operator', 'example_branch_datetime_operator_3', 'example_branch_datetime_operator_2' retrieved from /home/airflow/.local/lib/python3.12/site-packages/airflow/example_dags/example_branch_datetime_operator.py
[2025-11-12T19:14:24.103+0000] {logging_mixin.py:188} INFO - [2025-11-12T19:14:24.103+0000] {dag.py:3096} INFO - Sync 3 DAGs
[2025-11-12T19:14:24.124+0000] {logging_mixin.py:188} INFO - [2025-11-12T19:14:24.124+0000] {dag.py:3954} INFO - Setting next_dagrun for example_branch_datetime_operator to 2025-11-11 00:00:00+00:00, run_after=2025-11-12 00:00:00+00:00
[2025-11-12T19:14:24.128+0000] {logging_mixin.py:188} INFO - [2025-11-12T19:14:24.128+0000] {dag.py:3954} INFO - Setting next_dagrun for example_branch_datetime_operator_2 to 2025-11-11 00:00:00+00:00, run_after=2025-11-12 00:00:00+00:00
[2025-11-12T19:14:24.131+0000] {logging_mixin.py:188} INFO - [2025-11-12T19:14:24.131+0000] {dag.py:3954} INFO - Setting next_dagrun for example_branch_datetime_operator_3 to 2025-11-11 00:00:00+00:00, run_after=2025-11-12 00:00:00+00:00
[2025-11-12T19:14:24.155+0000] {processor.py:183} INFO - Processing /home/airflow/.local/lib/python3.12/site-packages/airflow/example_dags/example_branch_datetime_operator.py took 0.097 seconds
[2025-11-12T19:14:54.993+0000] {processor.py:161} INFO - Started process (PID=1140) to work on /home/airflow/.local/lib/python3.12/site-packages/airflow/example_dags/example_branch_datetime_operator.py
[2025-11-12T19:14:54.994+0000] {processor.py:830} INFO - Processing file /home/airflow/.local/lib/python3.12/site-packages/airflow/example_dags/example_branch_datetime_operator.py for tasks to queue
[2025-11-12T19:14:54.995+0000] {logging_mixin.py:188} INFO - [2025-11-12T19:14:54.994+0000] {dagbag.py:545} INFO - Filling up the DagBag from /home/airflow/.local/lib/python3.12/site-packages/airflow/example_dags/example_branch_datetime_operator.py
[2025-11-12T19:14:55.003+0000] {processor.py:840} INFO - DAG(s) 'example_branch_datetime_operator', 'example_branch_datetime_operator_2', 'example_branch_datetime_operator_3' retrieved from /home/airflow/.local/lib/python3.12/site-packages/airflow/example_dags/example_branch_datetime_operator.py
[2025-11-12T19:14:55.031+0000] {logging_mixin.py:188} INFO - [2025-11-12T19:14:55.031+0000] {dag.py:3096} INFO - Sync 3 DAGs
[2025-11-12T19:14:55.053+0000] {logging_mixin.py:188} INFO - [2025-11-12T19:14:55.053+0000] {dag.py:3954} INFO - Setting next_dagrun for example_branch_datetime_operator to 2025-11-11 00:00:00+00:00, run_after=2025-11-12 00:00:00+00:00
[2025-11-12T19:14:55.058+0000] {logging_mixin.py:188} INFO - [2025-11-12T19:14:55.058+0000] {dag.py:3954} INFO - Setting next_dagrun for example_branch_datetime_operator_2 to 2025-11-11 00:00:00+00:00, run_after=2025-11-12 00:00:00+00:00
[2025-11-12T19:14:55.061+0000] {logging_mixin.py:188} INFO - [2025-11-12T19:14:55.061+0000] {dag.py:3954} INFO - Setting next_dagrun for example_branch_datetime_operator_3 to 2025-11-11 00:00:00+00:00, run_after=2025-11-12 00:00:00+00:00
[2025-11-12T19:14:55.309+0000] {processor.py:183} INFO - Processing /home/airflow/.local/lib/python3.12/site-packages/airflow/example_dags/example_branch_datetime_operator.py took 0.321 seconds
[2025-11-12T19:15:25.870+0000] {processor.py:161} INFO - Started process (PID=1200) to work on /home/airflow/.local/lib/python3.12/site-packages/airflow/example_dags/example_branch_datetime_operator.py
[2025-11-12T19:15:25.871+0000] {processor.py:830} INFO - Processing file /home/airflow/.local/lib/python3.12/site-packages/airflow/example_dags/example_branch_datetime_operator.py for tasks to queue
[2025-11-12T19:15:25.873+0000] {logging_mixin.py:188} INFO - [2025-11-12T19:15:25.872+0000] {dagbag.py:545} INFO - Filling up the DagBag from /home/airflow/.local/lib/python3.12/site-packages/airflow/example_dags/example_branch_datetime_operator.py
[2025-11-12T19:15:25.882+0000] {processor.py:840} INFO - DAG(s) 'example_branch_datetime_operator_3', 'example_branch_datetime_operator_2', 'example_branch_datetime_operator' retrieved from /home/airflow/.local/lib/python3.12/site-packages/airflow/example_dags/example_branch_datetime_operator.py
[2025-11-12T19:15:25.918+0000] {logging_mixin.py:188} INFO - [2025-11-12T19:15:25.917+0000] {dag.py:3096} INFO - Sync 3 DAGs
[2025-11-12T19:15:25.945+0000] {logging_mixin.py:188} INFO - [2025-11-12T19:15:25.945+0000] {dag.py:3954} INFO - Setting next_dagrun for example_branch_datetime_operator to 2025-11-11 00:00:00+00:00, run_after=2025-11-12 00:00:00+00:00
[2025-11-12T19:15:25.951+0000] {logging_mixin.py:188} INFO - [2025-11-12T19:15:25.951+0000] {dag.py:3954} INFO - Setting next_dagrun for example_branch_datetime_operator_2 to 2025-11-11 00:00:00+00:00, run_after=2025-11-12 00:00:00+00:00
[2025-11-12T19:15:25.953+0000] {logging_mixin.py:188} INFO - [2025-11-12T19:15:25.953+0000] {dag.py:3954} INFO - Setting next_dagrun for example_branch_datetime_operator_3 to 2025-11-11 00:00:00+00:00, run_after=2025-11-12 00:00:00+00:00
[2025-11-12T19:15:25.980+0000] {processor.py:183} INFO - Processing /home/airflow/.local/lib/python3.12/site-packages/airflow/example_dags/example_branch_datetime_operator.py took 0.116 seconds
[2025-11-12T19:17:00.935+0000] {processor.py:161} INFO - Started process (PID=116) to work on /home/airflow/.local/lib/python3.12/site-packages/airflow/example_dags/example_branch_datetime_operator.py
[2025-11-12T19:17:00.936+0000] {processor.py:830} INFO - Processing file /home/airflow/.local/lib/python3.12/site-packages/airflow/example_dags/example_branch_datetime_operator.py for tasks to queue
[2025-11-12T19:17:00.938+0000] {logging_mixin.py:188} INFO - [2025-11-12T19:17:00.938+0000] {dagbag.py:545} INFO - Filling up the DagBag from /home/airflow/.local/lib/python3.12/site-packages/airflow/example_dags/example_branch_datetime_operator.py
[2025-11-12T19:17:00.946+0000] {processor.py:840} INFO - DAG(s) 'example_branch_datetime_operator_3', 'example_branch_datetime_operator', 'example_branch_datetime_operator_2' retrieved from /home/airflow/.local/lib/python3.12/site-packages/airflow/example_dags/example_branch_datetime_operator.py
[2025-11-12T19:17:01.082+0000] {logging_mixin.py:188} INFO - [2025-11-12T19:17:01.081+0000] {dag.py:3096} INFO - Sync 3 DAGs
[2025-11-12T19:17:01.101+0000] {logging_mixin.py:188} INFO - [2025-11-12T19:17:01.100+0000] {dag.py:3954} INFO - Setting next_dagrun for example_branch_datetime_operator to 2025-11-11 00:00:00+00:00, run_after=2025-11-12 00:00:00+00:00
[2025-11-12T19:17:01.106+0000] {logging_mixin.py:188} INFO - [2025-11-12T19:17:01.106+0000] {dag.py:3954} INFO - Setting next_dagrun for example_branch_datetime_operator_2 to 2025-11-11 00:00:00+00:00, run_after=2025-11-12 00:00:00+00:00
[2025-11-12T19:17:01.109+0000] {logging_mixin.py:188} INFO - [2025-11-12T19:17:01.109+0000] {dag.py:3954} INFO - Setting next_dagrun for example_branch_datetime_operator_3 to 2025-11-11 00:00:00+00:00, run_after=2025-11-12 00:00:00+00:00
[2025-11-12T19:17:01.135+0000] {processor.py:183} INFO - Processing /home/airflow/.local/lib/python3.12/site-packages/airflow/example_dags/example_branch_datetime_operator.py took 0.204 seconds
[2025-11-12T19:17:31.810+0000] {processor.py:161} INFO - Started process (PID=176) to work on /home/airflow/.local/lib/python3.12/site-packages/airflow/example_dags/example_branch_datetime_operator.py
[2025-11-12T19:17:31.812+0000] {processor.py:830} INFO - Processing file /home/airflow/.local/lib/python3.12/site-packages/airflow/example_dags/example_branch_datetime_operator.py for tasks to queue
[2025-11-12T19:17:31.815+0000] {logging_mixin.py:188} INFO - [2025-11-12T19:17:31.815+0000] {dagbag.py:545} INFO - Filling up the DagBag from /home/airflow/.local/lib/python3.12/site-packages/airflow/example_dags/example_branch_datetime_operator.py
[2025-11-12T19:17:31.824+0000] {processor.py:840} INFO - DAG(s) 'example_branch_datetime_operator_3', 'example_branch_datetime_operator', 'example_branch_datetime_operator_2' retrieved from /home/airflow/.local/lib/python3.12/site-packages/airflow/example_dags/example_branch_datetime_operator.py
[2025-11-12T19:17:31.849+0000] {logging_mixin.py:188} INFO - [2025-11-12T19:17:31.849+0000] {dag.py:3096} INFO - Sync 3 DAGs
[2025-11-12T19:17:31.869+0000] {logging_mixin.py:188} INFO - [2025-11-12T19:17:31.869+0000] {dag.py:3954} INFO - Setting next_dagrun for example_branch_datetime_operator to 2025-11-11 00:00:00+00:00, run_after=2025-11-12 00:00:00+00:00
[2025-11-12T19:17:31.873+0000] {logging_mixin.py:188} INFO - [2025-11-12T19:17:31.872+0000] {dag.py:3954} INFO - Setting next_dagrun for example_branch_datetime_operator_2 to 2025-11-11 00:00:00+00:00, run_after=2025-11-12 00:00:00+00:00
[2025-11-12T19:17:31.875+0000] {logging_mixin.py:188} INFO - [2025-11-12T19:17:31.875+0000] {dag.py:3954} INFO - Setting next_dagrun for example_branch_datetime_operator_3 to 2025-11-11 00:00:00+00:00, run_after=2025-11-12 00:00:00+00:00
[2025-11-12T19:17:31.894+0000] {processor.py:183} INFO - Processing /home/airflow/.local/lib/python3.12/site-packages/airflow/example_dags/example_branch_datetime_operator.py took 0.090 seconds
[2025-11-12T19:18:02.718+0000] {processor.py:161} INFO - Started process (PID=236) to work on /home/airflow/.local/lib/python3.12/site-packages/airflow/example_dags/example_branch_datetime_operator.py
[2025-11-12T19:18:02.719+0000] {processor.py:830} INFO - Processing file /home/airflow/.local/lib/python3.12/site-packages/airflow/example_dags/example_branch_datetime_operator.py for tasks to queue
[2025-11-12T19:18:02.721+0000] {logging_mixin.py:188} INFO - [2025-11-12T19:18:02.720+0000] {dagbag.py:545} INFO - Filling up the DagBag from /home/airflow/.local/lib/python3.12/site-packages/airflow/example_dags/example_branch_datetime_operator.py
[2025-11-12T19:18:02.729+0000] {processor.py:840} INFO - DAG(s) 'example_branch_datetime_operator', 'example_branch_datetime_operator_2', 'example_branch_datetime_operator_3' retrieved from /home/airflow/.local/lib/python3.12/site-packages/airflow/example_dags/example_branch_datetime_operator.py
[2025-11-12T19:18:02.763+0000] {logging_mixin.py:188} INFO - [2025-11-12T19:18:02.762+0000] {dag.py:3096} INFO - Sync 3 DAGs
[2025-11-12T19:18:02.787+0000] {logging_mixin.py:188} INFO - [2025-11-12T19:18:02.786+0000] {dag.py:3954} INFO - Setting next_dagrun for example_branch_datetime_operator to 2025-11-11 00:00:00+00:00, run_after=2025-11-12 00:00:00+00:00
[2025-11-12T19:18:02.792+0000] {logging_mixin.py:188} INFO - [2025-11-12T19:18:02.792+0000] {dag.py:3954} INFO - Setting next_dagrun for example_branch_datetime_operator_2 to 2025-11-11 00:00:00+00:00, run_after=2025-11-12 00:00:00+00:00
[2025-11-12T19:18:02.796+0000] {logging_mixin.py:188} INFO - [2025-11-12T19:18:02.796+0000] {dag.py:3954} INFO - Setting next_dagrun for example_branch_datetime_operator_3 to 2025-11-11 00:00:00+00:00, run_after=2025-11-12 00:00:00+00:00
[2025-11-12T19:18:02.821+0000] {processor.py:183} INFO - Processing /home/airflow/.local/lib/python3.12/site-packages/airflow/example_dags/example_branch_datetime_operator.py took 0.108 seconds
[2025-11-12T19:18:33.105+0000] {processor.py:161} INFO - Started process (PID=296) to work on /home/airflow/.local/lib/python3.12/site-packages/airflow/example_dags/example_branch_datetime_operator.py
[2025-11-12T19:18:33.106+0000] {processor.py:830} INFO - Processing file /home/airflow/.local/lib/python3.12/site-packages/airflow/example_dags/example_branch_datetime_operator.py for tasks to queue
[2025-11-12T19:18:33.110+0000] {logging_mixin.py:188} INFO - [2025-11-12T19:18:33.109+0000] {dagbag.py:545} INFO - Filling up the DagBag from /home/airflow/.local/lib/python3.12/site-packages/airflow/example_dags/example_branch_datetime_operator.py
[2025-11-12T19:18:33.118+0000] {processor.py:840} INFO - DAG(s) 'example_branch_datetime_operator', 'example_branch_datetime_operator_2', 'example_branch_datetime_operator_3' retrieved from /home/airflow/.local/lib/python3.12/site-packages/airflow/example_dags/example_branch_datetime_operator.py
[2025-11-12T19:18:33.148+0000] {logging_mixin.py:188} INFO - [2025-11-12T19:18:33.147+0000] {dag.py:3096} INFO - Sync 3 DAGs
[2025-11-12T19:18:33.167+0000] {logging_mixin.py:188} INFO - [2025-11-12T19:18:33.167+0000] {dag.py:3954} INFO - Setting next_dagrun for example_branch_datetime_operator to 2025-11-11 00:00:00+00:00, run_after=2025-11-12 00:00:00+00:00
[2025-11-12T19:18:33.171+0000] {logging_mixin.py:188} INFO - [2025-11-12T19:18:33.171+0000] {dag.py:3954} INFO - Setting next_dagrun for example_branch_datetime_operator_2 to 2025-11-11 00:00:00+00:00, run_after=2025-11-12 00:00:00+00:00
[2025-11-12T19:18:33.174+0000] {logging_mixin.py:188} INFO - [2025-11-12T19:18:33.174+0000] {dag.py:3954} INFO - Setting next_dagrun for example_branch_datetime_operator_3 to 2025-11-11 00:00:00+00:00, run_after=2025-11-12 00:00:00+00:00
[2025-11-12T19:18:33.195+0000] {processor.py:183} INFO - Processing /home/airflow/.local/lib/python3.12/site-packages/airflow/example_dags/example_branch_datetime_operator.py took 0.094 seconds
[2025-11-12T19:19:03.546+0000] {processor.py:161} INFO - Started process (PID=356) to work on /home/airflow/.local/lib/python3.12/site-packages/airflow/example_dags/example_branch_datetime_operator.py
[2025-11-12T19:19:03.547+0000] {processor.py:830} INFO - Processing file /home/airflow/.local/lib/python3.12/site-packages/airflow/example_dags/example_branch_datetime_operator.py for tasks to queue
[2025-11-12T19:19:03.549+0000] {logging_mixin.py:188} INFO - [2025-11-12T19:19:03.549+0000] {dagbag.py:545} INFO - Filling up the DagBag from /home/airflow/.local/lib/python3.12/site-packages/airflow/example_dags/example_branch_datetime_operator.py
[2025-11-12T19:19:03.557+0000] {processor.py:840} INFO - DAG(s) 'example_branch_datetime_operator_3', 'example_branch_datetime_operator_2', 'example_branch_datetime_operator' retrieved from /home/airflow/.local/lib/python3.12/site-packages/airflow/example_dags/example_branch_datetime_operator.py
[2025-11-12T19:19:03.589+0000] {logging_mixin.py:188} INFO - [2025-11-12T19:19:03.588+0000] {dag.py:3096} INFO - Sync 3 DAGs
[2025-11-12T19:19:03.621+0000] {logging_mixin.py:188} INFO - [2025-11-12T19:19:03.620+0000] {dag.py:3954} INFO - Setting next_dagrun for example_branch_datetime_operator to 2025-11-11 00:00:00+00:00, run_after=2025-11-12 00:00:00+00:00
[2025-11-12T19:19:03.628+0000] {logging_mixin.py:188} INFO - [2025-11-12T19:19:03.628+0000] {dag.py:3954} INFO - Setting next_dagrun for example_branch_datetime_operator_2 to 2025-11-11 00:00:00+00:00, run_after=2025-11-12 00:00:00+00:00
[2025-11-12T19:19:03.632+0000] {logging_mixin.py:188} INFO - [2025-11-12T19:19:03.632+0000] {dag.py:3954} INFO - Setting next_dagrun for example_branch_datetime_operator_3 to 2025-11-11 00:00:00+00:00, run_after=2025-11-12 00:00:00+00:00
[2025-11-12T19:19:03.658+0000] {processor.py:183} INFO - Processing /home/airflow/.local/lib/python3.12/site-packages/airflow/example_dags/example_branch_datetime_operator.py took 0.117 seconds
[2025-11-12T19:19:34.539+0000] {processor.py:161} INFO - Started process (PID=417) to work on /home/airflow/.local/lib/python3.12/site-packages/airflow/example_dags/example_branch_datetime_operator.py
[2025-11-12T19:19:34.540+0000] {processor.py:830} INFO - Processing file /home/airflow/.local/lib/python3.12/site-packages/airflow/example_dags/example_branch_datetime_operator.py for tasks to queue
[2025-11-12T19:19:34.542+0000] {logging_mixin.py:188} INFO - [2025-11-12T19:19:34.542+0000] {dagbag.py:545} INFO - Filling up the DagBag from /home/airflow/.local/lib/python3.12/site-packages/airflow/example_dags/example_branch_datetime_operator.py
[2025-11-12T19:19:34.550+0000] {processor.py:840} INFO - DAG(s) 'example_branch_datetime_operator', 'example_branch_datetime_operator_2', 'example_branch_datetime_operator_3' retrieved from /home/airflow/.local/lib/python3.12/site-packages/airflow/example_dags/example_branch_datetime_operator.py
[2025-11-12T19:19:34.580+0000] {logging_mixin.py:188} INFO - [2025-11-12T19:19:34.579+0000] {dag.py:3096} INFO - Sync 3 DAGs
[2025-11-12T19:19:34.606+0000] {logging_mixin.py:188} INFO - [2025-11-12T19:19:34.606+0000] {dag.py:3954} INFO - Setting next_dagrun for example_branch_datetime_operator to 2025-11-11 00:00:00+00:00, run_after=2025-11-12 00:00:00+00:00
[2025-11-12T19:19:34.610+0000] {logging_mixin.py:188} INFO - [2025-11-12T19:19:34.610+0000] {dag.py:3954} INFO - Setting next_dagrun for example_branch_datetime_operator_2 to 2025-11-11 00:00:00+00:00, run_after=2025-11-12 00:00:00+00:00
[2025-11-12T19:19:34.613+0000] {logging_mixin.py:188} INFO - [2025-11-12T19:19:34.613+0000] {dag.py:3954} INFO - Setting next_dagrun for example_branch_datetime_operator_3 to 2025-11-11 00:00:00+00:00, run_after=2025-11-12 00:00:00+00:00
[2025-11-12T19:19:34.636+0000] {processor.py:183} INFO - Processing /home/airflow/.local/lib/python3.12/site-packages/airflow/example_dags/example_branch_datetime_operator.py took 0.101 seconds
[2025-11-12T19:20:05.165+0000] {processor.py:161} INFO - Started process (PID=477) to work on /home/airflow/.local/lib/python3.12/site-packages/airflow/example_dags/example_branch_datetime_operator.py
[2025-11-12T19:20:05.166+0000] {processor.py:830} INFO - Processing file /home/airflow/.local/lib/python3.12/site-packages/airflow/example_dags/example_branch_datetime_operator.py for tasks to queue
[2025-11-12T19:20:05.169+0000] {logging_mixin.py:188} INFO - [2025-11-12T19:20:05.168+0000] {dagbag.py:545} INFO - Filling up the DagBag from /home/airflow/.local/lib/python3.12/site-packages/airflow/example_dags/example_branch_datetime_operator.py
[2025-11-12T19:20:05.178+0000] {processor.py:840} INFO - DAG(s) 'example_branch_datetime_operator_3', 'example_branch_datetime_operator', 'example_branch_datetime_operator_2' retrieved from /home/airflow/.local/lib/python3.12/site-packages/airflow/example_dags/example_branch_datetime_operator.py
[2025-11-12T19:20:05.207+0000] {logging_mixin.py:188} INFO - [2025-11-12T19:20:05.206+0000] {dag.py:3096} INFO - Sync 3 DAGs
[2025-11-12T19:20:05.229+0000] {logging_mixin.py:188} INFO - [2025-11-12T19:20:05.229+0000] {dag.py:3954} INFO - Setting next_dagrun for example_branch_datetime_operator to 2025-11-11 00:00:00+00:00, run_after=2025-11-12 00:00:00+00:00
[2025-11-12T19:20:05.235+0000] {logging_mixin.py:188} INFO - [2025-11-12T19:20:05.235+0000] {dag.py:3954} INFO - Setting next_dagrun for example_branch_datetime_operator_2 to 2025-11-11 00:00:00+00:00, run_after=2025-11-12 00:00:00+00:00
[2025-11-12T19:20:05.241+0000] {logging_mixin.py:188} INFO - [2025-11-12T19:20:05.240+0000] {dag.py:3954} INFO - Setting next_dagrun for example_branch_datetime_operator_3 to 2025-11-11 00:00:00+00:00, run_after=2025-11-12 00:00:00+00:00
[2025-11-12T19:20:05.266+0000] {processor.py:183} INFO - Processing /home/airflow/.local/lib/python3.12/site-packages/airflow/example_dags/example_branch_datetime_operator.py took 0.107 seconds
[2025-11-12T19:20:35.553+0000] {processor.py:161} INFO - Started process (PID=538) to work on /home/airflow/.local/lib/python3.12/site-packages/airflow/example_dags/example_branch_datetime_operator.py
[2025-11-12T19:20:35.554+0000] {processor.py:830} INFO - Processing file /home/airflow/.local/lib/python3.12/site-packages/airflow/example_dags/example_branch_datetime_operator.py for tasks to queue
[2025-11-12T19:20:35.557+0000] {logging_mixin.py:188} INFO - [2025-11-12T19:20:35.556+0000] {dagbag.py:545} INFO - Filling up the DagBag from /home/airflow/.local/lib/python3.12/site-packages/airflow/example_dags/example_branch_datetime_operator.py
[2025-11-12T19:20:35.580+0000] {processor.py:840} INFO - DAG(s) 'example_branch_datetime_operator', 'example_branch_datetime_operator_2', 'example_branch_datetime_operator_3' retrieved from /home/airflow/.local/lib/python3.12/site-packages/airflow/example_dags/example_branch_datetime_operator.py
[2025-11-12T19:20:35.623+0000] {logging_mixin.py:188} INFO - [2025-11-12T19:20:35.622+0000] {dag.py:3096} INFO - Sync 3 DAGs
[2025-11-12T19:20:35.658+0000] {logging_mixin.py:188} INFO - [2025-11-12T19:20:35.657+0000] {dag.py:3954} INFO - Setting next_dagrun for example_branch_datetime_operator to 2025-11-11 00:00:00+00:00, run_after=2025-11-12 00:00:00+00:00
[2025-11-12T19:20:35.665+0000] {logging_mixin.py:188} INFO - [2025-11-12T19:20:35.665+0000] {dag.py:3954} INFO - Setting next_dagrun for example_branch_datetime_operator_2 to 2025-11-11 00:00:00+00:00, run_after=2025-11-12 00:00:00+00:00
[2025-11-12T19:20:35.669+0000] {logging_mixin.py:188} INFO - [2025-11-12T19:20:35.669+0000] {dag.py:3954} INFO - Setting next_dagrun for example_branch_datetime_operator_3 to 2025-11-11 00:00:00+00:00, run_after=2025-11-12 00:00:00+00:00
[2025-11-12T19:20:35.694+0000] {processor.py:183} INFO - Processing /home/airflow/.local/lib/python3.12/site-packages/airflow/example_dags/example_branch_datetime_operator.py took 0.145 seconds
[2025-11-12T19:21:05.768+0000] {processor.py:161} INFO - Started process (PID=598) to work on /home/airflow/.local/lib/python3.12/site-packages/airflow/example_dags/example_branch_datetime_operator.py
[2025-11-12T19:21:05.769+0000] {processor.py:830} INFO - Processing file /home/airflow/.local/lib/python3.12/site-packages/airflow/example_dags/example_branch_datetime_operator.py for tasks to queue
[2025-11-12T19:21:05.771+0000] {logging_mixin.py:188} INFO - [2025-11-12T19:21:05.771+0000] {dagbag.py:545} INFO - Filling up the DagBag from /home/airflow/.local/lib/python3.12/site-packages/airflow/example_dags/example_branch_datetime_operator.py
[2025-11-12T19:21:05.779+0000] {processor.py:840} INFO - DAG(s) 'example_branch_datetime_operator', 'example_branch_datetime_operator_3', 'example_branch_datetime_operator_2' retrieved from /home/airflow/.local/lib/python3.12/site-packages/airflow/example_dags/example_branch_datetime_operator.py
[2025-11-12T19:21:05.812+0000] {logging_mixin.py:188} INFO - [2025-11-12T19:21:05.811+0000] {dag.py:3096} INFO - Sync 3 DAGs
[2025-11-12T19:21:05.839+0000] {logging_mixin.py:188} INFO - [2025-11-12T19:21:05.839+0000] {dag.py:3954} INFO - Setting next_dagrun for example_branch_datetime_operator to 2025-11-11 00:00:00+00:00, run_after=2025-11-12 00:00:00+00:00
[2025-11-12T19:21:05.851+0000] {logging_mixin.py:188} INFO - [2025-11-12T19:21:05.850+0000] {dag.py:3954} INFO - Setting next_dagrun for example_branch_datetime_operator_2 to 2025-11-11 00:00:00+00:00, run_after=2025-11-12 00:00:00+00:00
[2025-11-12T19:21:05.858+0000] {logging_mixin.py:188} INFO - [2025-11-12T19:21:05.858+0000] {dag.py:3954} INFO - Setting next_dagrun for example_branch_datetime_operator_3 to 2025-11-11 00:00:00+00:00, run_after=2025-11-12 00:00:00+00:00
[2025-11-12T19:21:05.878+0000] {processor.py:183} INFO - Processing /home/airflow/.local/lib/python3.12/site-packages/airflow/example_dags/example_branch_datetime_operator.py took 0.116 seconds
[2025-11-12T19:21:36.159+0000] {processor.py:161} INFO - Started process (PID=658) to work on /home/airflow/.local/lib/python3.12/site-packages/airflow/example_dags/example_branch_datetime_operator.py
[2025-11-12T19:21:36.160+0000] {processor.py:830} INFO - Processing file /home/airflow/.local/lib/python3.12/site-packages/airflow/example_dags/example_branch_datetime_operator.py for tasks to queue
[2025-11-12T19:21:36.163+0000] {logging_mixin.py:188} INFO - [2025-11-12T19:21:36.162+0000] {dagbag.py:545} INFO - Filling up the DagBag from /home/airflow/.local/lib/python3.12/site-packages/airflow/example_dags/example_branch_datetime_operator.py
[2025-11-12T19:21:36.174+0000] {processor.py:840} INFO - DAG(s) 'example_branch_datetime_operator_2', 'example_branch_datetime_operator', 'example_branch_datetime_operator_3' retrieved from /home/airflow/.local/lib/python3.12/site-packages/airflow/example_dags/example_branch_datetime_operator.py
[2025-11-12T19:21:36.214+0000] {logging_mixin.py:188} INFO - [2025-11-12T19:21:36.213+0000] {dag.py:3096} INFO - Sync 3 DAGs
[2025-11-12T19:21:36.255+0000] {logging_mixin.py:188} INFO - [2025-11-12T19:21:36.254+0000] {dag.py:3954} INFO - Setting next_dagrun for example_branch_datetime_operator to 2025-11-11 00:00:00+00:00, run_after=2025-11-12 00:00:00+00:00
[2025-11-12T19:21:36.262+0000] {logging_mixin.py:188} INFO - [2025-11-12T19:21:36.261+0000] {dag.py:3954} INFO - Setting next_dagrun for example_branch_datetime_operator_2 to 2025-11-11 00:00:00+00:00, run_after=2025-11-12 00:00:00+00:00
[2025-11-12T19:21:36.265+0000] {logging_mixin.py:188} INFO - [2025-11-12T19:21:36.265+0000] {dag.py:3954} INFO - Setting next_dagrun for example_branch_datetime_operator_3 to 2025-11-11 00:00:00+00:00, run_after=2025-11-12 00:00:00+00:00
[2025-11-12T19:21:36.282+0000] {processor.py:183} INFO - Processing /home/airflow/.local/lib/python3.12/site-packages/airflow/example_dags/example_branch_datetime_operator.py took 0.127 seconds
[2025-11-12T19:22:06.422+0000] {processor.py:161} INFO - Started process (PID=718) to work on /home/airflow/.local/lib/python3.12/site-packages/airflow/example_dags/example_branch_datetime_operator.py
[2025-11-12T19:22:06.423+0000] {processor.py:830} INFO - Processing file /home/airflow/.local/lib/python3.12/site-packages/airflow/example_dags/example_branch_datetime_operator.py for tasks to queue
[2025-11-12T19:22:06.425+0000] {logging_mixin.py:188} INFO - [2025-11-12T19:22:06.425+0000] {dagbag.py:545} INFO - Filling up the DagBag from /home/airflow/.local/lib/python3.12/site-packages/airflow/example_dags/example_branch_datetime_operator.py
[2025-11-12T19:22:06.433+0000] {processor.py:840} INFO - DAG(s) 'example_branch_datetime_operator_2', 'example_branch_datetime_operator', 'example_branch_datetime_operator_3' retrieved from /home/airflow/.local/lib/python3.12/site-packages/airflow/example_dags/example_branch_datetime_operator.py
[2025-11-12T19:22:06.461+0000] {logging_mixin.py:188} INFO - [2025-11-12T19:22:06.461+0000] {dag.py:3096} INFO - Sync 3 DAGs
[2025-11-12T19:22:06.480+0000] {logging_mixin.py:188} INFO - [2025-11-12T19:22:06.480+0000] {dag.py:3954} INFO - Setting next_dagrun for example_branch_datetime_operator to 2025-11-11 00:00:00+00:00, run_after=2025-11-12 00:00:00+00:00
[2025-11-12T19:22:06.484+0000] {logging_mixin.py:188} INFO - [2025-11-12T19:22:06.484+0000] {dag.py:3954} INFO - Setting next_dagrun for example_branch_datetime_operator_2 to 2025-11-11 00:00:00+00:00, run_after=2025-11-12 00:00:00+00:00
[2025-11-12T19:22:06.486+0000] {logging_mixin.py:188} INFO - [2025-11-12T19:22:06.486+0000] {dag.py:3954} INFO - Setting next_dagrun for example_branch_datetime_operator_3 to 2025-11-11 00:00:00+00:00, run_after=2025-11-12 00:00:00+00:00
[2025-11-12T19:22:06.503+0000] {processor.py:183} INFO - Processing /home/airflow/.local/lib/python3.12/site-packages/airflow/example_dags/example_branch_datetime_operator.py took 0.086 seconds
[2025-11-12T19:22:36.690+0000] {processor.py:161} INFO - Started process (PID=778) to work on /home/airflow/.local/lib/python3.12/site-packages/airflow/example_dags/example_branch_datetime_operator.py
[2025-11-12T19:22:36.691+0000] {processor.py:830} INFO - Processing file /home/airflow/.local/lib/python3.12/site-packages/airflow/example_dags/example_branch_datetime_operator.py for tasks to queue
[2025-11-12T19:22:36.693+0000] {logging_mixin.py:188} INFO - [2025-11-12T19:22:36.692+0000] {dagbag.py:545} INFO - Filling up the DagBag from /home/airflow/.local/lib/python3.12/site-packages/airflow/example_dags/example_branch_datetime_operator.py
[2025-11-12T19:22:36.700+0000] {processor.py:840} INFO - DAG(s) 'example_branch_datetime_operator_2', 'example_branch_datetime_operator', 'example_branch_datetime_operator_3' retrieved from /home/airflow/.local/lib/python3.12/site-packages/airflow/example_dags/example_branch_datetime_operator.py
[2025-11-12T19:22:36.725+0000] {logging_mixin.py:188} INFO - [2025-11-12T19:22:36.724+0000] {dag.py:3096} INFO - Sync 3 DAGs
[2025-11-12T19:22:36.742+0000] {logging_mixin.py:188} INFO - [2025-11-12T19:22:36.742+0000] {dag.py:3954} INFO - Setting next_dagrun for example_branch_datetime_operator to 2025-11-11 00:00:00+00:00, run_after=2025-11-12 00:00:00+00:00
[2025-11-12T19:22:36.747+0000] {logging_mixin.py:188} INFO - [2025-11-12T19:22:36.747+0000] {dag.py:3954} INFO - Setting next_dagrun for example_branch_datetime_operator_2 to 2025-11-11 00:00:00+00:00, run_after=2025-11-12 00:00:00+00:00
[2025-11-12T19:22:36.750+0000] {logging_mixin.py:188} INFO - [2025-11-12T19:22:36.749+0000] {dag.py:3954} INFO - Setting next_dagrun for example_branch_datetime_operator_3 to 2025-11-11 00:00:00+00:00, run_after=2025-11-12 00:00:00+00:00
[2025-11-12T19:22:36.774+0000] {processor.py:183} INFO - Processing /home/airflow/.local/lib/python3.12/site-packages/airflow/example_dags/example_branch_datetime_operator.py took 0.088 seconds
[2025-11-12T19:23:07.138+0000] {processor.py:161} INFO - Started process (PID=838) to work on /home/airflow/.local/lib/python3.12/site-packages/airflow/example_dags/example_branch_datetime_operator.py
[2025-11-12T19:23:07.140+0000] {processor.py:830} INFO - Processing file /home/airflow/.local/lib/python3.12/site-packages/airflow/example_dags/example_branch_datetime_operator.py for tasks to queue
[2025-11-12T19:23:07.141+0000] {logging_mixin.py:188} INFO - [2025-11-12T19:23:07.141+0000] {dagbag.py:545} INFO - Filling up the DagBag from /home/airflow/.local/lib/python3.12/site-packages/airflow/example_dags/example_branch_datetime_operator.py
[2025-11-12T19:23:07.150+0000] {processor.py:840} INFO - DAG(s) 'example_branch_datetime_operator_3', 'example_branch_datetime_operator_2', 'example_branch_datetime_operator' retrieved from /home/airflow/.local/lib/python3.12/site-packages/airflow/example_dags/example_branch_datetime_operator.py
[2025-11-12T19:23:07.176+0000] {logging_mixin.py:188} INFO - [2025-11-12T19:23:07.175+0000] {dag.py:3096} INFO - Sync 3 DAGs
[2025-11-12T19:23:07.201+0000] {logging_mixin.py:188} INFO - [2025-11-12T19:23:07.201+0000] {dag.py:3954} INFO - Setting next_dagrun for example_branch_datetime_operator to 2025-11-11 00:00:00+00:00, run_after=2025-11-12 00:00:00+00:00
[2025-11-12T19:23:07.206+0000] {logging_mixin.py:188} INFO - [2025-11-12T19:23:07.206+0000] {dag.py:3954} INFO - Setting next_dagrun for example_branch_datetime_operator_2 to 2025-11-11 00:00:00+00:00, run_after=2025-11-12 00:00:00+00:00
[2025-11-12T19:23:07.209+0000] {logging_mixin.py:188} INFO - [2025-11-12T19:23:07.208+0000] {dag.py:3954} INFO - Setting next_dagrun for example_branch_datetime_operator_3 to 2025-11-11 00:00:00+00:00, run_after=2025-11-12 00:00:00+00:00
[2025-11-12T19:23:07.231+0000] {processor.py:183} INFO - Processing /home/airflow/.local/lib/python3.12/site-packages/airflow/example_dags/example_branch_datetime_operator.py took 0.097 seconds
[2025-11-12T19:23:37.486+0000] {processor.py:161} INFO - Started process (PID=898) to work on /home/airflow/.local/lib/python3.12/site-packages/airflow/example_dags/example_branch_datetime_operator.py
[2025-11-12T19:23:37.488+0000] {processor.py:830} INFO - Processing file /home/airflow/.local/lib/python3.12/site-packages/airflow/example_dags/example_branch_datetime_operator.py for tasks to queue
[2025-11-12T19:23:37.490+0000] {logging_mixin.py:188} INFO - [2025-11-12T19:23:37.489+0000] {dagbag.py:545} INFO - Filling up the DagBag from /home/airflow/.local/lib/python3.12/site-packages/airflow/example_dags/example_branch_datetime_operator.py
[2025-11-12T19:23:37.498+0000] {processor.py:840} INFO - DAG(s) 'example_branch_datetime_operator_2', 'example_branch_datetime_operator', 'example_branch_datetime_operator_3' retrieved from /home/airflow/.local/lib/python3.12/site-packages/airflow/example_dags/example_branch_datetime_operator.py
[2025-11-12T19:23:37.521+0000] {logging_mixin.py:188} INFO - [2025-11-12T19:23:37.520+0000] {dag.py:3096} INFO - Sync 3 DAGs
[2025-11-12T19:23:37.539+0000] {logging_mixin.py:188} INFO - [2025-11-12T19:23:37.539+0000] {dag.py:3954} INFO - Setting next_dagrun for example_branch_datetime_operator to 2025-11-11 00:00:00+00:00, run_after=2025-11-12 00:00:00+00:00
[2025-11-12T19:23:37.543+0000] {logging_mixin.py:188} INFO - [2025-11-12T19:23:37.543+0000] {dag.py:3954} INFO - Setting next_dagrun for example_branch_datetime_operator_2 to 2025-11-11 00:00:00+00:00, run_after=2025-11-12 00:00:00+00:00
[2025-11-12T19:23:37.545+0000] {logging_mixin.py:188} INFO - [2025-11-12T19:23:37.545+0000] {dag.py:3954} INFO - Setting next_dagrun for example_branch_datetime_operator_3 to 2025-11-11 00:00:00+00:00, run_after=2025-11-12 00:00:00+00:00
[2025-11-12T19:23:37.564+0000] {processor.py:183} INFO - Processing /home/airflow/.local/lib/python3.12/site-packages/airflow/example_dags/example_branch_datetime_operator.py took 0.082 seconds
[2025-11-12T19:24:07.857+0000] {processor.py:161} INFO - Started process (PID=958) to work on /home/airflow/.local/lib/python3.12/site-packages/airflow/example_dags/example_branch_datetime_operator.py
[2025-11-12T19:24:07.858+0000] {processor.py:830} INFO - Processing file /home/airflow/.local/lib/python3.12/site-packages/airflow/example_dags/example_branch_datetime_operator.py for tasks to queue
[2025-11-12T19:24:07.860+0000] {logging_mixin.py:188} INFO - [2025-11-12T19:24:07.860+0000] {dagbag.py:545} INFO - Filling up the DagBag from /home/airflow/.local/lib/python3.12/site-packages/airflow/example_dags/example_branch_datetime_operator.py
[2025-11-12T19:24:07.868+0000] {processor.py:840} INFO - DAG(s) 'example_branch_datetime_operator_2', 'example_branch_datetime_operator', 'example_branch_datetime_operator_3' retrieved from /home/airflow/.local/lib/python3.12/site-packages/airflow/example_dags/example_branch_datetime_operator.py
[2025-11-12T19:24:07.896+0000] {logging_mixin.py:188} INFO - [2025-11-12T19:24:07.895+0000] {dag.py:3096} INFO - Sync 3 DAGs
[2025-11-12T19:24:07.916+0000] {logging_mixin.py:188} INFO - [2025-11-12T19:24:07.915+0000] {dag.py:3954} INFO - Setting next_dagrun for example_branch_datetime_operator to 2025-11-11 00:00:00+00:00, run_after=2025-11-12 00:00:00+00:00
[2025-11-12T19:24:07.921+0000] {logging_mixin.py:188} INFO - [2025-11-12T19:24:07.921+0000] {dag.py:3954} INFO - Setting next_dagrun for example_branch_datetime_operator_2 to 2025-11-11 00:00:00+00:00, run_after=2025-11-12 00:00:00+00:00
[2025-11-12T19:24:07.923+0000] {logging_mixin.py:188} INFO - [2025-11-12T19:24:07.923+0000] {dag.py:3954} INFO - Setting next_dagrun for example_branch_datetime_operator_3 to 2025-11-11 00:00:00+00:00, run_after=2025-11-12 00:00:00+00:00
[2025-11-12T19:24:07.942+0000] {processor.py:183} INFO - Processing /home/airflow/.local/lib/python3.12/site-packages/airflow/example_dags/example_branch_datetime_operator.py took 0.089 seconds
[2025-11-12T19:24:38.795+0000] {processor.py:161} INFO - Started process (PID=1019) to work on /home/airflow/.local/lib/python3.12/site-packages/airflow/example_dags/example_branch_datetime_operator.py
[2025-11-12T19:24:38.796+0000] {processor.py:830} INFO - Processing file /home/airflow/.local/lib/python3.12/site-packages/airflow/example_dags/example_branch_datetime_operator.py for tasks to queue
[2025-11-12T19:24:38.798+0000] {logging_mixin.py:188} INFO - [2025-11-12T19:24:38.797+0000] {dagbag.py:545} INFO - Filling up the DagBag from /home/airflow/.local/lib/python3.12/site-packages/airflow/example_dags/example_branch_datetime_operator.py
[2025-11-12T19:24:38.807+0000] {processor.py:840} INFO - DAG(s) 'example_branch_datetime_operator', 'example_branch_datetime_operator_3', 'example_branch_datetime_operator_2' retrieved from /home/airflow/.local/lib/python3.12/site-packages/airflow/example_dags/example_branch_datetime_operator.py
[2025-11-12T19:24:38.835+0000] {logging_mixin.py:188} INFO - [2025-11-12T19:24:38.835+0000] {dag.py:3096} INFO - Sync 3 DAGs
[2025-11-12T19:24:38.858+0000] {logging_mixin.py:188} INFO - [2025-11-12T19:24:38.857+0000] {dag.py:3954} INFO - Setting next_dagrun for example_branch_datetime_operator to 2025-11-11 00:00:00+00:00, run_after=2025-11-12 00:00:00+00:00
[2025-11-12T19:24:38.863+0000] {logging_mixin.py:188} INFO - [2025-11-12T19:24:38.863+0000] {dag.py:3954} INFO - Setting next_dagrun for example_branch_datetime_operator_2 to 2025-11-11 00:00:00+00:00, run_after=2025-11-12 00:00:00+00:00
[2025-11-12T19:24:38.865+0000] {logging_mixin.py:188} INFO - [2025-11-12T19:24:38.865+0000] {dag.py:3954} INFO - Setting next_dagrun for example_branch_datetime_operator_3 to 2025-11-11 00:00:00+00:00, run_after=2025-11-12 00:00:00+00:00
[2025-11-12T19:24:38.887+0000] {processor.py:183} INFO - Processing /home/airflow/.local/lib/python3.12/site-packages/airflow/example_dags/example_branch_datetime_operator.py took 0.098 seconds
[2025-11-12T19:25:09.087+0000] {processor.py:161} INFO - Started process (PID=1078) to work on /home/airflow/.local/lib/python3.12/site-packages/airflow/example_dags/example_branch_datetime_operator.py
[2025-11-12T19:25:09.088+0000] {processor.py:830} INFO - Processing file /home/airflow/.local/lib/python3.12/site-packages/airflow/example_dags/example_branch_datetime_operator.py for tasks to queue
[2025-11-12T19:25:09.090+0000] {logging_mixin.py:188} INFO - [2025-11-12T19:25:09.090+0000] {dagbag.py:545} INFO - Filling up the DagBag from /home/airflow/.local/lib/python3.12/site-packages/airflow/example_dags/example_branch_datetime_operator.py
[2025-11-12T19:25:09.100+0000] {processor.py:840} INFO - DAG(s) 'example_branch_datetime_operator_3', 'example_branch_datetime_operator', 'example_branch_datetime_operator_2' retrieved from /home/airflow/.local/lib/python3.12/site-packages/airflow/example_dags/example_branch_datetime_operator.py
[2025-11-12T19:25:09.134+0000] {logging_mixin.py:188} INFO - [2025-11-12T19:25:09.133+0000] {dag.py:3096} INFO - Sync 3 DAGs
[2025-11-12T19:25:09.151+0000] {logging_mixin.py:188} INFO - [2025-11-12T19:25:09.151+0000] {dag.py:3954} INFO - Setting next_dagrun for example_branch_datetime_operator to 2025-11-11 00:00:00+00:00, run_after=2025-11-12 00:00:00+00:00
[2025-11-12T19:25:09.155+0000] {logging_mixin.py:188} INFO - [2025-11-12T19:25:09.155+0000] {dag.py:3954} INFO - Setting next_dagrun for example_branch_datetime_operator_2 to 2025-11-11 00:00:00+00:00, run_after=2025-11-12 00:00:00+00:00
[2025-11-12T19:25:09.158+0000] {logging_mixin.py:188} INFO - [2025-11-12T19:25:09.157+0000] {dag.py:3954} INFO - Setting next_dagrun for example_branch_datetime_operator_3 to 2025-11-11 00:00:00+00:00, run_after=2025-11-12 00:00:00+00:00
[2025-11-12T19:25:09.173+0000] {processor.py:183} INFO - Processing /home/airflow/.local/lib/python3.12/site-packages/airflow/example_dags/example_branch_datetime_operator.py took 0.091 seconds
[2025-11-12T19:25:39.441+0000] {processor.py:161} INFO - Started process (PID=1138) to work on /home/airflow/.local/lib/python3.12/site-packages/airflow/example_dags/example_branch_datetime_operator.py
[2025-11-12T19:25:39.442+0000] {processor.py:830} INFO - Processing file /home/airflow/.local/lib/python3.12/site-packages/airflow/example_dags/example_branch_datetime_operator.py for tasks to queue
[2025-11-12T19:25:39.444+0000] {logging_mixin.py:188} INFO - [2025-11-12T19:25:39.444+0000] {dagbag.py:545} INFO - Filling up the DagBag from /home/airflow/.local/lib/python3.12/site-packages/airflow/example_dags/example_branch_datetime_operator.py
[2025-11-12T19:25:39.452+0000] {processor.py:840} INFO - DAG(s) 'example_branch_datetime_operator_3', 'example_branch_datetime_operator', 'example_branch_datetime_operator_2' retrieved from /home/airflow/.local/lib/python3.12/site-packages/airflow/example_dags/example_branch_datetime_operator.py
[2025-11-12T19:25:39.477+0000] {logging_mixin.py:188} INFO - [2025-11-12T19:25:39.476+0000] {dag.py:3096} INFO - Sync 3 DAGs
[2025-11-12T19:25:39.494+0000] {logging_mixin.py:188} INFO - [2025-11-12T19:25:39.494+0000] {dag.py:3954} INFO - Setting next_dagrun for example_branch_datetime_operator to 2025-11-11 00:00:00+00:00, run_after=2025-11-12 00:00:00+00:00
[2025-11-12T19:25:39.498+0000] {logging_mixin.py:188} INFO - [2025-11-12T19:25:39.498+0000] {dag.py:3954} INFO - Setting next_dagrun for example_branch_datetime_operator_2 to 2025-11-11 00:00:00+00:00, run_after=2025-11-12 00:00:00+00:00
[2025-11-12T19:25:39.500+0000] {logging_mixin.py:188} INFO - [2025-11-12T19:25:39.500+0000] {dag.py:3954} INFO - Setting next_dagrun for example_branch_datetime_operator_3 to 2025-11-11 00:00:00+00:00, run_after=2025-11-12 00:00:00+00:00
[2025-11-12T19:25:39.518+0000] {processor.py:183} INFO - Processing /home/airflow/.local/lib/python3.12/site-packages/airflow/example_dags/example_branch_datetime_operator.py took 0.082 seconds
[2025-11-12T19:26:10.090+0000] {processor.py:161} INFO - Started process (PID=1199) to work on /home/airflow/.local/lib/python3.12/site-packages/airflow/example_dags/example_branch_datetime_operator.py
[2025-11-12T19:26:10.091+0000] {processor.py:830} INFO - Processing file /home/airflow/.local/lib/python3.12/site-packages/airflow/example_dags/example_branch_datetime_operator.py for tasks to queue
[2025-11-12T19:26:10.094+0000] {logging_mixin.py:188} INFO - [2025-11-12T19:26:10.094+0000] {dagbag.py:545} INFO - Filling up the DagBag from /home/airflow/.local/lib/python3.12/site-packages/airflow/example_dags/example_branch_datetime_operator.py
[2025-11-12T19:26:10.103+0000] {processor.py:840} INFO - DAG(s) 'example_branch_datetime_operator', 'example_branch_datetime_operator_3', 'example_branch_datetime_operator_2' retrieved from /home/airflow/.local/lib/python3.12/site-packages/airflow/example_dags/example_branch_datetime_operator.py
[2025-11-12T19:26:10.135+0000] {logging_mixin.py:188} INFO - [2025-11-12T19:26:10.135+0000] {dag.py:3096} INFO - Sync 3 DAGs
[2025-11-12T19:26:10.156+0000] {logging_mixin.py:188} INFO - [2025-11-12T19:26:10.156+0000] {dag.py:3954} INFO - Setting next_dagrun for example_branch_datetime_operator to 2025-11-11 00:00:00+00:00, run_after=2025-11-12 00:00:00+00:00
[2025-11-12T19:26:10.162+0000] {logging_mixin.py:188} INFO - [2025-11-12T19:26:10.162+0000] {dag.py:3954} INFO - Setting next_dagrun for example_branch_datetime_operator_2 to 2025-11-11 00:00:00+00:00, run_after=2025-11-12 00:00:00+00:00
[2025-11-12T19:26:10.165+0000] {logging_mixin.py:188} INFO - [2025-11-12T19:26:10.165+0000] {dag.py:3954} INFO - Setting next_dagrun for example_branch_datetime_operator_3 to 2025-11-11 00:00:00+00:00, run_after=2025-11-12 00:00:00+00:00
[2025-11-12T19:26:10.186+0000] {processor.py:183} INFO - Processing /home/airflow/.local/lib/python3.12/site-packages/airflow/example_dags/example_branch_datetime_operator.py took 0.102 seconds
[2025-11-12T19:26:40.390+0000] {processor.py:161} INFO - Started process (PID=1260) to work on /home/airflow/.local/lib/python3.12/site-packages/airflow/example_dags/example_branch_datetime_operator.py
[2025-11-12T19:26:40.391+0000] {processor.py:830} INFO - Processing file /home/airflow/.local/lib/python3.12/site-packages/airflow/example_dags/example_branch_datetime_operator.py for tasks to queue
[2025-11-12T19:26:40.393+0000] {logging_mixin.py:188} INFO - [2025-11-12T19:26:40.393+0000] {dagbag.py:545} INFO - Filling up the DagBag from /home/airflow/.local/lib/python3.12/site-packages/airflow/example_dags/example_branch_datetime_operator.py
[2025-11-12T19:26:40.402+0000] {processor.py:840} INFO - DAG(s) 'example_branch_datetime_operator_2', 'example_branch_datetime_operator', 'example_branch_datetime_operator_3' retrieved from /home/airflow/.local/lib/python3.12/site-packages/airflow/example_dags/example_branch_datetime_operator.py
[2025-11-12T19:26:40.429+0000] {logging_mixin.py:188} INFO - [2025-11-12T19:26:40.429+0000] {dag.py:3096} INFO - Sync 3 DAGs
[2025-11-12T19:26:40.449+0000] {logging_mixin.py:188} INFO - [2025-11-12T19:26:40.449+0000] {dag.py:3954} INFO - Setting next_dagrun for example_branch_datetime_operator to 2025-11-11 00:00:00+00:00, run_after=2025-11-12 00:00:00+00:00
[2025-11-12T19:26:40.454+0000] {logging_mixin.py:188} INFO - [2025-11-12T19:26:40.454+0000] {dag.py:3954} INFO - Setting next_dagrun for example_branch_datetime_operator_2 to 2025-11-11 00:00:00+00:00, run_after=2025-11-12 00:00:00+00:00
[2025-11-12T19:26:40.457+0000] {logging_mixin.py:188} INFO - [2025-11-12T19:26:40.457+0000] {dag.py:3954} INFO - Setting next_dagrun for example_branch_datetime_operator_3 to 2025-11-11 00:00:00+00:00, run_after=2025-11-12 00:00:00+00:00
[2025-11-12T19:26:40.478+0000] {processor.py:183} INFO - Processing /home/airflow/.local/lib/python3.12/site-packages/airflow/example_dags/example_branch_datetime_operator.py took 0.094 seconds
[2025-11-12T19:27:11.260+0000] {processor.py:161} INFO - Started process (PID=1319) to work on /home/airflow/.local/lib/python3.12/site-packages/airflow/example_dags/example_branch_datetime_operator.py
[2025-11-12T19:27:11.262+0000] {processor.py:830} INFO - Processing file /home/airflow/.local/lib/python3.12/site-packages/airflow/example_dags/example_branch_datetime_operator.py for tasks to queue
[2025-11-12T19:27:11.265+0000] {logging_mixin.py:188} INFO - [2025-11-12T19:27:11.264+0000] {dagbag.py:545} INFO - Filling up the DagBag from /home/airflow/.local/lib/python3.12/site-packages/airflow/example_dags/example_branch_datetime_operator.py
[2025-11-12T19:27:11.277+0000] {processor.py:840} INFO - DAG(s) 'example_branch_datetime_operator_2', 'example_branch_datetime_operator_3', 'example_branch_datetime_operator' retrieved from /home/airflow/.local/lib/python3.12/site-packages/airflow/example_dags/example_branch_datetime_operator.py
[2025-11-12T19:27:11.329+0000] {logging_mixin.py:188} INFO - [2025-11-12T19:27:11.328+0000] {dag.py:3096} INFO - Sync 3 DAGs
[2025-11-12T19:27:11.370+0000] {logging_mixin.py:188} INFO - [2025-11-12T19:27:11.369+0000] {dag.py:3954} INFO - Setting next_dagrun for example_branch_datetime_operator to 2025-11-11 00:00:00+00:00, run_after=2025-11-12 00:00:00+00:00
[2025-11-12T19:27:11.377+0000] {logging_mixin.py:188} INFO - [2025-11-12T19:27:11.376+0000] {dag.py:3954} INFO - Setting next_dagrun for example_branch_datetime_operator_2 to 2025-11-11 00:00:00+00:00, run_after=2025-11-12 00:00:00+00:00
[2025-11-12T19:27:11.382+0000] {logging_mixin.py:188} INFO - [2025-11-12T19:27:11.381+0000] {dag.py:3954} INFO - Setting next_dagrun for example_branch_datetime_operator_3 to 2025-11-11 00:00:00+00:00, run_after=2025-11-12 00:00:00+00:00
[2025-11-12T19:27:11.418+0000] {processor.py:183} INFO - Processing /home/airflow/.local/lib/python3.12/site-packages/airflow/example_dags/example_branch_datetime_operator.py took 0.164 seconds
[2025-11-12T19:27:42.170+0000] {processor.py:161} INFO - Started process (PID=1379) to work on /home/airflow/.local/lib/python3.12/site-packages/airflow/example_dags/example_branch_datetime_operator.py
[2025-11-12T19:27:42.172+0000] {processor.py:830} INFO - Processing file /home/airflow/.local/lib/python3.12/site-packages/airflow/example_dags/example_branch_datetime_operator.py for tasks to queue
[2025-11-12T19:27:42.174+0000] {logging_mixin.py:188} INFO - [2025-11-12T19:27:42.174+0000] {dagbag.py:545} INFO - Filling up the DagBag from /home/airflow/.local/lib/python3.12/site-packages/airflow/example_dags/example_branch_datetime_operator.py
[2025-11-12T19:27:42.188+0000] {processor.py:840} INFO - DAG(s) 'example_branch_datetime_operator_2', 'example_branch_datetime_operator_3', 'example_branch_datetime_operator' retrieved from /home/airflow/.local/lib/python3.12/site-packages/airflow/example_dags/example_branch_datetime_operator.py
[2025-11-12T19:27:42.227+0000] {logging_mixin.py:188} INFO - [2025-11-12T19:27:42.226+0000] {dag.py:3096} INFO - Sync 3 DAGs
[2025-11-12T19:27:42.258+0000] {logging_mixin.py:188} INFO - [2025-11-12T19:27:42.258+0000] {dag.py:3954} INFO - Setting next_dagrun for example_branch_datetime_operator to 2025-11-11 00:00:00+00:00, run_after=2025-11-12 00:00:00+00:00
[2025-11-12T19:27:42.264+0000] {logging_mixin.py:188} INFO - [2025-11-12T19:27:42.263+0000] {dag.py:3954} INFO - Setting next_dagrun for example_branch_datetime_operator_2 to 2025-11-11 00:00:00+00:00, run_after=2025-11-12 00:00:00+00:00
[2025-11-12T19:27:42.266+0000] {logging_mixin.py:188} INFO - [2025-11-12T19:27:42.266+0000] {dag.py:3954} INFO - Setting next_dagrun for example_branch_datetime_operator_3 to 2025-11-11 00:00:00+00:00, run_after=2025-11-12 00:00:00+00:00
[2025-11-12T19:27:42.291+0000] {processor.py:183} INFO - Processing /home/airflow/.local/lib/python3.12/site-packages/airflow/example_dags/example_branch_datetime_operator.py took 0.129 seconds
[2025-11-12T19:28:13.497+0000] {processor.py:161} INFO - Started process (PID=1441) to work on /home/airflow/.local/lib/python3.12/site-packages/airflow/example_dags/example_branch_datetime_operator.py
[2025-11-12T19:28:13.499+0000] {processor.py:830} INFO - Processing file /home/airflow/.local/lib/python3.12/site-packages/airflow/example_dags/example_branch_datetime_operator.py for tasks to queue
[2025-11-12T19:28:13.501+0000] {logging_mixin.py:188} INFO - [2025-11-12T19:28:13.500+0000] {dagbag.py:545} INFO - Filling up the DagBag from /home/airflow/.local/lib/python3.12/site-packages/airflow/example_dags/example_branch_datetime_operator.py
[2025-11-12T19:28:13.509+0000] {processor.py:840} INFO - DAG(s) 'example_branch_datetime_operator_2', 'example_branch_datetime_operator', 'example_branch_datetime_operator_3' retrieved from /home/airflow/.local/lib/python3.12/site-packages/airflow/example_dags/example_branch_datetime_operator.py
[2025-11-12T19:28:13.535+0000] {logging_mixin.py:188} INFO - [2025-11-12T19:28:13.534+0000] {dag.py:3096} INFO - Sync 3 DAGs
[2025-11-12T19:28:13.553+0000] {logging_mixin.py:188} INFO - [2025-11-12T19:28:13.553+0000] {dag.py:3954} INFO - Setting next_dagrun for example_branch_datetime_operator to 2025-11-11 00:00:00+00:00, run_after=2025-11-12 00:00:00+00:00
[2025-11-12T19:28:13.557+0000] {logging_mixin.py:188} INFO - [2025-11-12T19:28:13.557+0000] {dag.py:3954} INFO - Setting next_dagrun for example_branch_datetime_operator_2 to 2025-11-11 00:00:00+00:00, run_after=2025-11-12 00:00:00+00:00
[2025-11-12T19:28:13.559+0000] {logging_mixin.py:188} INFO - [2025-11-12T19:28:13.559+0000] {dag.py:3954} INFO - Setting next_dagrun for example_branch_datetime_operator_3 to 2025-11-11 00:00:00+00:00, run_after=2025-11-12 00:00:00+00:00
[2025-11-12T19:28:13.574+0000] {processor.py:183} INFO - Processing /home/airflow/.local/lib/python3.12/site-packages/airflow/example_dags/example_branch_datetime_operator.py took 0.082 seconds
[2025-11-12T19:28:44.071+0000] {processor.py:161} INFO - Started process (PID=1501) to work on /home/airflow/.local/lib/python3.12/site-packages/airflow/example_dags/example_branch_datetime_operator.py
[2025-11-12T19:28:44.072+0000] {processor.py:830} INFO - Processing file /home/airflow/.local/lib/python3.12/site-packages/airflow/example_dags/example_branch_datetime_operator.py for tasks to queue
[2025-11-12T19:28:44.074+0000] {logging_mixin.py:188} INFO - [2025-11-12T19:28:44.074+0000] {dagbag.py:545} INFO - Filling up the DagBag from /home/airflow/.local/lib/python3.12/site-packages/airflow/example_dags/example_branch_datetime_operator.py
[2025-11-12T19:28:44.083+0000] {processor.py:840} INFO - DAG(s) 'example_branch_datetime_operator_3', 'example_branch_datetime_operator_2', 'example_branch_datetime_operator' retrieved from /home/airflow/.local/lib/python3.12/site-packages/airflow/example_dags/example_branch_datetime_operator.py
[2025-11-12T19:28:44.114+0000] {logging_mixin.py:188} INFO - [2025-11-12T19:28:44.113+0000] {dag.py:3096} INFO - Sync 3 DAGs
[2025-11-12T19:28:44.139+0000] {logging_mixin.py:188} INFO - [2025-11-12T19:28:44.138+0000] {dag.py:3954} INFO - Setting next_dagrun for example_branch_datetime_operator to 2025-11-11 00:00:00+00:00, run_after=2025-11-12 00:00:00+00:00
[2025-11-12T19:28:44.144+0000] {logging_mixin.py:188} INFO - [2025-11-12T19:28:44.144+0000] {dag.py:3954} INFO - Setting next_dagrun for example_branch_datetime_operator_2 to 2025-11-11 00:00:00+00:00, run_after=2025-11-12 00:00:00+00:00
[2025-11-12T19:28:44.147+0000] {logging_mixin.py:188} INFO - [2025-11-12T19:28:44.147+0000] {dag.py:3954} INFO - Setting next_dagrun for example_branch_datetime_operator_3 to 2025-11-11 00:00:00+00:00, run_after=2025-11-12 00:00:00+00:00
[2025-11-12T19:28:44.168+0000] {processor.py:183} INFO - Processing /home/airflow/.local/lib/python3.12/site-packages/airflow/example_dags/example_branch_datetime_operator.py took 0.102 seconds
[2025-11-12T19:29:15.389+0000] {processor.py:161} INFO - Started process (PID=1561) to work on /home/airflow/.local/lib/python3.12/site-packages/airflow/example_dags/example_branch_datetime_operator.py
[2025-11-12T19:29:15.391+0000] {processor.py:830} INFO - Processing file /home/airflow/.local/lib/python3.12/site-packages/airflow/example_dags/example_branch_datetime_operator.py for tasks to queue
[2025-11-12T19:29:15.393+0000] {logging_mixin.py:188} INFO - [2025-11-12T19:29:15.392+0000] {dagbag.py:545} INFO - Filling up the DagBag from /home/airflow/.local/lib/python3.12/site-packages/airflow/example_dags/example_branch_datetime_operator.py
[2025-11-12T19:29:15.403+0000] {processor.py:840} INFO - DAG(s) 'example_branch_datetime_operator', 'example_branch_datetime_operator_3', 'example_branch_datetime_operator_2' retrieved from /home/airflow/.local/lib/python3.12/site-packages/airflow/example_dags/example_branch_datetime_operator.py
[2025-11-12T19:29:15.441+0000] {logging_mixin.py:188} INFO - [2025-11-12T19:29:15.441+0000] {dag.py:3096} INFO - Sync 3 DAGs
[2025-11-12T19:29:15.463+0000] {logging_mixin.py:188} INFO - [2025-11-12T19:29:15.463+0000] {dag.py:3954} INFO - Setting next_dagrun for example_branch_datetime_operator to 2025-11-11 00:00:00+00:00, run_after=2025-11-12 00:00:00+00:00
[2025-11-12T19:29:15.469+0000] {logging_mixin.py:188} INFO - [2025-11-12T19:29:15.468+0000] {dag.py:3954} INFO - Setting next_dagrun for example_branch_datetime_operator_2 to 2025-11-11 00:00:00+00:00, run_after=2025-11-12 00:00:00+00:00
[2025-11-12T19:29:15.471+0000] {logging_mixin.py:188} INFO - [2025-11-12T19:29:15.471+0000] {dag.py:3954} INFO - Setting next_dagrun for example_branch_datetime_operator_3 to 2025-11-11 00:00:00+00:00, run_after=2025-11-12 00:00:00+00:00
[2025-11-12T19:29:15.501+0000] {processor.py:183} INFO - Processing /home/airflow/.local/lib/python3.12/site-packages/airflow/example_dags/example_branch_datetime_operator.py took 0.118 seconds
[2025-11-12T19:29:48.055+0000] {processor.py:161} INFO - Started process (PID=1621) to work on /home/airflow/.local/lib/python3.12/site-packages/airflow/example_dags/example_branch_datetime_operator.py
[2025-11-12T19:29:48.057+0000] {processor.py:830} INFO - Processing file /home/airflow/.local/lib/python3.12/site-packages/airflow/example_dags/example_branch_datetime_operator.py for tasks to queue
[2025-11-12T19:29:48.059+0000] {logging_mixin.py:188} INFO - [2025-11-12T19:29:48.058+0000] {dagbag.py:545} INFO - Filling up the DagBag from /home/airflow/.local/lib/python3.12/site-packages/airflow/example_dags/example_branch_datetime_operator.py
[2025-11-12T19:29:48.067+0000] {processor.py:840} INFO - DAG(s) 'example_branch_datetime_operator', 'example_branch_datetime_operator_3', 'example_branch_datetime_operator_2' retrieved from /home/airflow/.local/lib/python3.12/site-packages/airflow/example_dags/example_branch_datetime_operator.py
[2025-11-12T19:29:48.304+0000] {logging_mixin.py:188} INFO - [2025-11-12T19:29:48.304+0000] {dag.py:3096} INFO - Sync 3 DAGs
[2025-11-12T19:29:48.322+0000] {logging_mixin.py:188} INFO - [2025-11-12T19:29:48.322+0000] {dag.py:3954} INFO - Setting next_dagrun for example_branch_datetime_operator to 2025-11-11 00:00:00+00:00, run_after=2025-11-12 00:00:00+00:00
[2025-11-12T19:29:48.327+0000] {logging_mixin.py:188} INFO - [2025-11-12T19:29:48.327+0000] {dag.py:3954} INFO - Setting next_dagrun for example_branch_datetime_operator_2 to 2025-11-11 00:00:00+00:00, run_after=2025-11-12 00:00:00+00:00
[2025-11-12T19:29:48.330+0000] {logging_mixin.py:188} INFO - [2025-11-12T19:29:48.330+0000] {dag.py:3954} INFO - Setting next_dagrun for example_branch_datetime_operator_3 to 2025-11-11 00:00:00+00:00, run_after=2025-11-12 00:00:00+00:00
[2025-11-12T19:29:48.348+0000] {processor.py:183} INFO - Processing /home/airflow/.local/lib/python3.12/site-packages/airflow/example_dags/example_branch_datetime_operator.py took 0.299 seconds
[2025-11-12T19:30:18.438+0000] {processor.py:161} INFO - Started process (PID=1680) to work on /home/airflow/.local/lib/python3.12/site-packages/airflow/example_dags/example_branch_datetime_operator.py
[2025-11-12T19:30:18.439+0000] {processor.py:830} INFO - Processing file /home/airflow/.local/lib/python3.12/site-packages/airflow/example_dags/example_branch_datetime_operator.py for tasks to queue
[2025-11-12T19:30:18.441+0000] {logging_mixin.py:188} INFO - [2025-11-12T19:30:18.441+0000] {dagbag.py:545} INFO - Filling up the DagBag from /home/airflow/.local/lib/python3.12/site-packages/airflow/example_dags/example_branch_datetime_operator.py
[2025-11-12T19:30:18.448+0000] {processor.py:840} INFO - DAG(s) 'example_branch_datetime_operator', 'example_branch_datetime_operator_2', 'example_branch_datetime_operator_3' retrieved from /home/airflow/.local/lib/python3.12/site-packages/airflow/example_dags/example_branch_datetime_operator.py
[2025-11-12T19:30:18.473+0000] {logging_mixin.py:188} INFO - [2025-11-12T19:30:18.473+0000] {dag.py:3096} INFO - Sync 3 DAGs
[2025-11-12T19:30:18.491+0000] {logging_mixin.py:188} INFO - [2025-11-12T19:30:18.491+0000] {dag.py:3954} INFO - Setting next_dagrun for example_branch_datetime_operator to 2025-11-11 00:00:00+00:00, run_after=2025-11-12 00:00:00+00:00
[2025-11-12T19:30:18.497+0000] {logging_mixin.py:188} INFO - [2025-11-12T19:30:18.497+0000] {dag.py:3954} INFO - Setting next_dagrun for example_branch_datetime_operator_2 to 2025-11-11 00:00:00+00:00, run_after=2025-11-12 00:00:00+00:00
[2025-11-12T19:30:18.500+0000] {logging_mixin.py:188} INFO - [2025-11-12T19:30:18.500+0000] {dag.py:3954} INFO - Setting next_dagrun for example_branch_datetime_operator_3 to 2025-11-11 00:00:00+00:00, run_after=2025-11-12 00:00:00+00:00
[2025-11-12T19:30:18.528+0000] {processor.py:183} INFO - Processing /home/airflow/.local/lib/python3.12/site-packages/airflow/example_dags/example_branch_datetime_operator.py took 0.096 seconds
[2025-11-12T19:30:48.798+0000] {processor.py:161} INFO - Started process (PID=1741) to work on /home/airflow/.local/lib/python3.12/site-packages/airflow/example_dags/example_branch_datetime_operator.py
[2025-11-12T19:30:48.799+0000] {processor.py:830} INFO - Processing file /home/airflow/.local/lib/python3.12/site-packages/airflow/example_dags/example_branch_datetime_operator.py for tasks to queue
[2025-11-12T19:30:48.801+0000] {logging_mixin.py:188} INFO - [2025-11-12T19:30:48.801+0000] {dagbag.py:545} INFO - Filling up the DagBag from /home/airflow/.local/lib/python3.12/site-packages/airflow/example_dags/example_branch_datetime_operator.py
[2025-11-12T19:30:48.811+0000] {processor.py:840} INFO - DAG(s) 'example_branch_datetime_operator_2', 'example_branch_datetime_operator_3', 'example_branch_datetime_operator' retrieved from /home/airflow/.local/lib/python3.12/site-packages/airflow/example_dags/example_branch_datetime_operator.py
[2025-11-12T19:30:48.841+0000] {logging_mixin.py:188} INFO - [2025-11-12T19:30:48.840+0000] {dag.py:3096} INFO - Sync 3 DAGs
[2025-11-12T19:30:48.862+0000] {logging_mixin.py:188} INFO - [2025-11-12T19:30:48.862+0000] {dag.py:3954} INFO - Setting next_dagrun for example_branch_datetime_operator to 2025-11-11 00:00:00+00:00, run_after=2025-11-12 00:00:00+00:00
[2025-11-12T19:30:48.866+0000] {logging_mixin.py:188} INFO - [2025-11-12T19:30:48.866+0000] {dag.py:3954} INFO - Setting next_dagrun for example_branch_datetime_operator_2 to 2025-11-11 00:00:00+00:00, run_after=2025-11-12 00:00:00+00:00
[2025-11-12T19:30:48.869+0000] {logging_mixin.py:188} INFO - [2025-11-12T19:30:48.869+0000] {dag.py:3954} INFO - Setting next_dagrun for example_branch_datetime_operator_3 to 2025-11-11 00:00:00+00:00, run_after=2025-11-12 00:00:00+00:00
[2025-11-12T19:30:48.891+0000] {processor.py:183} INFO - Processing /home/airflow/.local/lib/python3.12/site-packages/airflow/example_dags/example_branch_datetime_operator.py took 0.101 seconds
[2025-11-12T19:31:18.990+0000] {processor.py:161} INFO - Started process (PID=1800) to work on /home/airflow/.local/lib/python3.12/site-packages/airflow/example_dags/example_branch_datetime_operator.py
[2025-11-12T19:31:18.991+0000] {processor.py:830} INFO - Processing file /home/airflow/.local/lib/python3.12/site-packages/airflow/example_dags/example_branch_datetime_operator.py for tasks to queue
[2025-11-12T19:31:18.994+0000] {logging_mixin.py:188} INFO - [2025-11-12T19:31:18.993+0000] {dagbag.py:545} INFO - Filling up the DagBag from /home/airflow/.local/lib/python3.12/site-packages/airflow/example_dags/example_branch_datetime_operator.py
[2025-11-12T19:31:19.002+0000] {processor.py:840} INFO - DAG(s) 'example_branch_datetime_operator', 'example_branch_datetime_operator_2', 'example_branch_datetime_operator_3' retrieved from /home/airflow/.local/lib/python3.12/site-packages/airflow/example_dags/example_branch_datetime_operator.py
[2025-11-12T19:31:19.044+0000] {logging_mixin.py:188} INFO - [2025-11-12T19:31:19.043+0000] {dag.py:3096} INFO - Sync 3 DAGs
[2025-11-12T19:31:19.072+0000] {logging_mixin.py:188} INFO - [2025-11-12T19:31:19.071+0000] {dag.py:3954} INFO - Setting next_dagrun for example_branch_datetime_operator to 2025-11-11 00:00:00+00:00, run_after=2025-11-12 00:00:00+00:00
[2025-11-12T19:31:19.077+0000] {logging_mixin.py:188} INFO - [2025-11-12T19:31:19.077+0000] {dag.py:3954} INFO - Setting next_dagrun for example_branch_datetime_operator_2 to 2025-11-11 00:00:00+00:00, run_after=2025-11-12 00:00:00+00:00
[2025-11-12T19:31:19.080+0000] {logging_mixin.py:188} INFO - [2025-11-12T19:31:19.080+0000] {dag.py:3954} INFO - Setting next_dagrun for example_branch_datetime_operator_3 to 2025-11-11 00:00:00+00:00, run_after=2025-11-12 00:00:00+00:00
[2025-11-12T19:31:19.106+0000] {processor.py:183} INFO - Processing /home/airflow/.local/lib/python3.12/site-packages/airflow/example_dags/example_branch_datetime_operator.py took 0.122 seconds
[2025-11-12T19:31:49.363+0000] {processor.py:161} INFO - Started process (PID=1863) to work on /home/airflow/.local/lib/python3.12/site-packages/airflow/example_dags/example_branch_datetime_operator.py
[2025-11-12T19:31:49.364+0000] {processor.py:830} INFO - Processing file /home/airflow/.local/lib/python3.12/site-packages/airflow/example_dags/example_branch_datetime_operator.py for tasks to queue
[2025-11-12T19:31:49.366+0000] {logging_mixin.py:188} INFO - [2025-11-12T19:31:49.366+0000] {dagbag.py:545} INFO - Filling up the DagBag from /home/airflow/.local/lib/python3.12/site-packages/airflow/example_dags/example_branch_datetime_operator.py
[2025-11-12T19:31:49.374+0000] {processor.py:840} INFO - DAG(s) 'example_branch_datetime_operator', 'example_branch_datetime_operator_3', 'example_branch_datetime_operator_2' retrieved from /home/airflow/.local/lib/python3.12/site-packages/airflow/example_dags/example_branch_datetime_operator.py
[2025-11-12T19:31:49.401+0000] {logging_mixin.py:188} INFO - [2025-11-12T19:31:49.401+0000] {dag.py:3096} INFO - Sync 3 DAGs
[2025-11-12T19:31:49.425+0000] {logging_mixin.py:188} INFO - [2025-11-12T19:31:49.425+0000] {dag.py:3954} INFO - Setting next_dagrun for example_branch_datetime_operator to 2025-11-11 00:00:00+00:00, run_after=2025-11-12 00:00:00+00:00
[2025-11-12T19:31:49.430+0000] {logging_mixin.py:188} INFO - [2025-11-12T19:31:49.430+0000] {dag.py:3954} INFO - Setting next_dagrun for example_branch_datetime_operator_2 to 2025-11-11 00:00:00+00:00, run_after=2025-11-12 00:00:00+00:00
[2025-11-12T19:31:49.432+0000] {logging_mixin.py:188} INFO - [2025-11-12T19:31:49.432+0000] {dag.py:3954} INFO - Setting next_dagrun for example_branch_datetime_operator_3 to 2025-11-11 00:00:00+00:00, run_after=2025-11-12 00:00:00+00:00
[2025-11-12T19:31:49.452+0000] {processor.py:183} INFO - Processing /home/airflow/.local/lib/python3.12/site-packages/airflow/example_dags/example_branch_datetime_operator.py took 0.094 seconds
