[2025-11-12T19:06:13.385+0000] {processor.py:161} INFO - Started process (PID=105) to work on /home/airflow/.local/lib/python3.12/site-packages/airflow/example_dags/example_task_group.py
[2025-11-12T19:06:13.386+0000] {processor.py:830} INFO - Processing file /home/airflow/.local/lib/python3.12/site-packages/airflow/example_dags/example_task_group.py for tasks to queue
[2025-11-12T19:06:13.389+0000] {logging_mixin.py:188} INFO - [2025-11-12T19:06:13.389+0000] {dagbag.py:545} INFO - Filling up the DagBag from /home/airflow/.local/lib/python3.12/site-packages/airflow/example_dags/example_task_group.py
[2025-11-12T19:06:13.399+0000] {processor.py:840} INFO - DAG(s) 'example_task_group' retrieved from /home/airflow/.local/lib/python3.12/site-packages/airflow/example_dags/example_task_group.py
[2025-11-12T19:06:13.505+0000] {logging_mixin.py:188} INFO - [2025-11-12T19:06:13.505+0000] {dag.py:3096} INFO - Sync 1 DAGs
[2025-11-12T19:06:13.527+0000] {logging_mixin.py:188} INFO - [2025-11-12T19:06:13.526+0000] {dag.py:3954} INFO - Setting next_dagrun for example_task_group to 2025-11-11 00:00:00+00:00, run_after=2025-11-12 00:00:00+00:00
[2025-11-12T19:06:13.550+0000] {processor.py:183} INFO - Processing /home/airflow/.local/lib/python3.12/site-packages/airflow/example_dags/example_task_group.py took 0.170 seconds
[2025-11-12T19:06:43.896+0000] {processor.py:161} INFO - Started process (PID=166) to work on /home/airflow/.local/lib/python3.12/site-packages/airflow/example_dags/example_task_group.py
[2025-11-12T19:06:43.897+0000] {processor.py:830} INFO - Processing file /home/airflow/.local/lib/python3.12/site-packages/airflow/example_dags/example_task_group.py for tasks to queue
[2025-11-12T19:06:43.899+0000] {logging_mixin.py:188} INFO - [2025-11-12T19:06:43.899+0000] {dagbag.py:545} INFO - Filling up the DagBag from /home/airflow/.local/lib/python3.12/site-packages/airflow/example_dags/example_task_group.py
[2025-11-12T19:06:43.907+0000] {processor.py:840} INFO - DAG(s) 'example_task_group' retrieved from /home/airflow/.local/lib/python3.12/site-packages/airflow/example_dags/example_task_group.py
[2025-11-12T19:06:43.929+0000] {logging_mixin.py:188} INFO - [2025-11-12T19:06:43.928+0000] {dag.py:3096} INFO - Sync 1 DAGs
[2025-11-12T19:06:43.948+0000] {logging_mixin.py:188} INFO - [2025-11-12T19:06:43.948+0000] {dag.py:3954} INFO - Setting next_dagrun for example_task_group to 2025-11-11 00:00:00+00:00, run_after=2025-11-12 00:00:00+00:00
[2025-11-12T19:06:43.969+0000] {processor.py:183} INFO - Processing /home/airflow/.local/lib/python3.12/site-packages/airflow/example_dags/example_task_group.py took 0.078 seconds
[2025-11-12T19:07:14.788+0000] {processor.py:161} INFO - Started process (PID=226) to work on /home/airflow/.local/lib/python3.12/site-packages/airflow/example_dags/example_task_group.py
[2025-11-12T19:07:14.789+0000] {processor.py:830} INFO - Processing file /home/airflow/.local/lib/python3.12/site-packages/airflow/example_dags/example_task_group.py for tasks to queue
[2025-11-12T19:07:14.791+0000] {logging_mixin.py:188} INFO - [2025-11-12T19:07:14.791+0000] {dagbag.py:545} INFO - Filling up the DagBag from /home/airflow/.local/lib/python3.12/site-packages/airflow/example_dags/example_task_group.py
[2025-11-12T19:07:14.798+0000] {processor.py:840} INFO - DAG(s) 'example_task_group' retrieved from /home/airflow/.local/lib/python3.12/site-packages/airflow/example_dags/example_task_group.py
[2025-11-12T19:07:14.822+0000] {logging_mixin.py:188} INFO - [2025-11-12T19:07:14.822+0000] {dag.py:3096} INFO - Sync 1 DAGs
[2025-11-12T19:07:14.841+0000] {logging_mixin.py:188} INFO - [2025-11-12T19:07:14.841+0000] {dag.py:3954} INFO - Setting next_dagrun for example_task_group to 2025-11-11 00:00:00+00:00, run_after=2025-11-12 00:00:00+00:00
[2025-11-12T19:07:14.862+0000] {processor.py:183} INFO - Processing /home/airflow/.local/lib/python3.12/site-packages/airflow/example_dags/example_task_group.py took 0.078 seconds
[2025-11-12T19:07:45.046+0000] {processor.py:161} INFO - Started process (PID=286) to work on /home/airflow/.local/lib/python3.12/site-packages/airflow/example_dags/example_task_group.py
[2025-11-12T19:07:45.048+0000] {processor.py:830} INFO - Processing file /home/airflow/.local/lib/python3.12/site-packages/airflow/example_dags/example_task_group.py for tasks to queue
[2025-11-12T19:07:45.050+0000] {logging_mixin.py:188} INFO - [2025-11-12T19:07:45.050+0000] {dagbag.py:545} INFO - Filling up the DagBag from /home/airflow/.local/lib/python3.12/site-packages/airflow/example_dags/example_task_group.py
[2025-11-12T19:07:45.057+0000] {processor.py:840} INFO - DAG(s) 'example_task_group' retrieved from /home/airflow/.local/lib/python3.12/site-packages/airflow/example_dags/example_task_group.py
[2025-11-12T19:07:45.083+0000] {logging_mixin.py:188} INFO - [2025-11-12T19:07:45.083+0000] {dag.py:3096} INFO - Sync 1 DAGs
[2025-11-12T19:07:45.115+0000] {logging_mixin.py:188} INFO - [2025-11-12T19:07:45.115+0000] {dag.py:3954} INFO - Setting next_dagrun for example_task_group to 2025-11-11 00:00:00+00:00, run_after=2025-11-12 00:00:00+00:00
[2025-11-12T19:07:45.156+0000] {processor.py:183} INFO - Processing /home/airflow/.local/lib/python3.12/site-packages/airflow/example_dags/example_task_group.py took 0.115 seconds
[2025-11-12T19:08:15.910+0000] {processor.py:161} INFO - Started process (PID=346) to work on /home/airflow/.local/lib/python3.12/site-packages/airflow/example_dags/example_task_group.py
[2025-11-12T19:08:15.912+0000] {processor.py:830} INFO - Processing file /home/airflow/.local/lib/python3.12/site-packages/airflow/example_dags/example_task_group.py for tasks to queue
[2025-11-12T19:08:15.913+0000] {logging_mixin.py:188} INFO - [2025-11-12T19:08:15.913+0000] {dagbag.py:545} INFO - Filling up the DagBag from /home/airflow/.local/lib/python3.12/site-packages/airflow/example_dags/example_task_group.py
[2025-11-12T19:08:15.920+0000] {processor.py:840} INFO - DAG(s) 'example_task_group' retrieved from /home/airflow/.local/lib/python3.12/site-packages/airflow/example_dags/example_task_group.py
[2025-11-12T19:08:15.942+0000] {logging_mixin.py:188} INFO - [2025-11-12T19:08:15.942+0000] {dag.py:3096} INFO - Sync 1 DAGs
[2025-11-12T19:08:15.968+0000] {logging_mixin.py:188} INFO - [2025-11-12T19:08:15.968+0000] {dag.py:3954} INFO - Setting next_dagrun for example_task_group to 2025-11-11 00:00:00+00:00, run_after=2025-11-12 00:00:00+00:00
[2025-11-12T19:08:15.993+0000] {processor.py:183} INFO - Processing /home/airflow/.local/lib/python3.12/site-packages/airflow/example_dags/example_task_group.py took 0.087 seconds
[2025-11-12T19:08:46.465+0000] {processor.py:161} INFO - Started process (PID=406) to work on /home/airflow/.local/lib/python3.12/site-packages/airflow/example_dags/example_task_group.py
[2025-11-12T19:08:46.466+0000] {processor.py:830} INFO - Processing file /home/airflow/.local/lib/python3.12/site-packages/airflow/example_dags/example_task_group.py for tasks to queue
[2025-11-12T19:08:46.467+0000] {logging_mixin.py:188} INFO - [2025-11-12T19:08:46.467+0000] {dagbag.py:545} INFO - Filling up the DagBag from /home/airflow/.local/lib/python3.12/site-packages/airflow/example_dags/example_task_group.py
[2025-11-12T19:08:46.475+0000] {processor.py:840} INFO - DAG(s) 'example_task_group' retrieved from /home/airflow/.local/lib/python3.12/site-packages/airflow/example_dags/example_task_group.py
[2025-11-12T19:08:46.499+0000] {logging_mixin.py:188} INFO - [2025-11-12T19:08:46.499+0000] {dag.py:3096} INFO - Sync 1 DAGs
[2025-11-12T19:08:46.526+0000] {logging_mixin.py:188} INFO - [2025-11-12T19:08:46.525+0000] {dag.py:3954} INFO - Setting next_dagrun for example_task_group to 2025-11-11 00:00:00+00:00, run_after=2025-11-12 00:00:00+00:00
[2025-11-12T19:08:46.549+0000] {processor.py:183} INFO - Processing /home/airflow/.local/lib/python3.12/site-packages/airflow/example_dags/example_task_group.py took 0.090 seconds
[2025-11-12T19:09:16.887+0000] {processor.py:161} INFO - Started process (PID=467) to work on /home/airflow/.local/lib/python3.12/site-packages/airflow/example_dags/example_task_group.py
[2025-11-12T19:09:16.888+0000] {processor.py:830} INFO - Processing file /home/airflow/.local/lib/python3.12/site-packages/airflow/example_dags/example_task_group.py for tasks to queue
[2025-11-12T19:09:16.890+0000] {logging_mixin.py:188} INFO - [2025-11-12T19:09:16.889+0000] {dagbag.py:545} INFO - Filling up the DagBag from /home/airflow/.local/lib/python3.12/site-packages/airflow/example_dags/example_task_group.py
[2025-11-12T19:09:16.899+0000] {processor.py:840} INFO - DAG(s) 'example_task_group' retrieved from /home/airflow/.local/lib/python3.12/site-packages/airflow/example_dags/example_task_group.py
[2025-11-12T19:09:16.931+0000] {logging_mixin.py:188} INFO - [2025-11-12T19:09:16.931+0000] {dag.py:3096} INFO - Sync 1 DAGs
[2025-11-12T19:09:16.960+0000] {logging_mixin.py:188} INFO - [2025-11-12T19:09:16.959+0000] {dag.py:3954} INFO - Setting next_dagrun for example_task_group to 2025-11-11 00:00:00+00:00, run_after=2025-11-12 00:00:00+00:00
[2025-11-12T19:09:16.993+0000] {processor.py:183} INFO - Processing /home/airflow/.local/lib/python3.12/site-packages/airflow/example_dags/example_task_group.py took 0.111 seconds
[2025-11-12T19:09:47.887+0000] {processor.py:161} INFO - Started process (PID=528) to work on /home/airflow/.local/lib/python3.12/site-packages/airflow/example_dags/example_task_group.py
[2025-11-12T19:09:47.888+0000] {processor.py:830} INFO - Processing file /home/airflow/.local/lib/python3.12/site-packages/airflow/example_dags/example_task_group.py for tasks to queue
[2025-11-12T19:09:47.889+0000] {logging_mixin.py:188} INFO - [2025-11-12T19:09:47.889+0000] {dagbag.py:545} INFO - Filling up the DagBag from /home/airflow/.local/lib/python3.12/site-packages/airflow/example_dags/example_task_group.py
[2025-11-12T19:09:47.896+0000] {processor.py:840} INFO - DAG(s) 'example_task_group' retrieved from /home/airflow/.local/lib/python3.12/site-packages/airflow/example_dags/example_task_group.py
[2025-11-12T19:09:47.918+0000] {logging_mixin.py:188} INFO - [2025-11-12T19:09:47.918+0000] {dag.py:3096} INFO - Sync 1 DAGs
[2025-11-12T19:09:47.941+0000] {logging_mixin.py:188} INFO - [2025-11-12T19:09:47.941+0000] {dag.py:3954} INFO - Setting next_dagrun for example_task_group to 2025-11-11 00:00:00+00:00, run_after=2025-11-12 00:00:00+00:00
[2025-11-12T19:09:47.978+0000] {processor.py:183} INFO - Processing /home/airflow/.local/lib/python3.12/site-packages/airflow/example_dags/example_task_group.py took 0.095 seconds
[2025-11-12T19:10:18.900+0000] {processor.py:161} INFO - Started process (PID=588) to work on /home/airflow/.local/lib/python3.12/site-packages/airflow/example_dags/example_task_group.py
[2025-11-12T19:10:18.901+0000] {processor.py:830} INFO - Processing file /home/airflow/.local/lib/python3.12/site-packages/airflow/example_dags/example_task_group.py for tasks to queue
[2025-11-12T19:10:18.902+0000] {logging_mixin.py:188} INFO - [2025-11-12T19:10:18.902+0000] {dagbag.py:545} INFO - Filling up the DagBag from /home/airflow/.local/lib/python3.12/site-packages/airflow/example_dags/example_task_group.py
[2025-11-12T19:10:18.910+0000] {processor.py:840} INFO - DAG(s) 'example_task_group' retrieved from /home/airflow/.local/lib/python3.12/site-packages/airflow/example_dags/example_task_group.py
[2025-11-12T19:10:18.940+0000] {logging_mixin.py:188} INFO - [2025-11-12T19:10:18.940+0000] {dag.py:3096} INFO - Sync 1 DAGs
[2025-11-12T19:10:18.958+0000] {logging_mixin.py:188} INFO - [2025-11-12T19:10:18.958+0000] {dag.py:3954} INFO - Setting next_dagrun for example_task_group to 2025-11-11 00:00:00+00:00, run_after=2025-11-12 00:00:00+00:00
[2025-11-12T19:10:18.977+0000] {processor.py:183} INFO - Processing /home/airflow/.local/lib/python3.12/site-packages/airflow/example_dags/example_task_group.py took 0.084 seconds
[2025-11-12T19:10:49.280+0000] {processor.py:161} INFO - Started process (PID=649) to work on /home/airflow/.local/lib/python3.12/site-packages/airflow/example_dags/example_task_group.py
[2025-11-12T19:10:49.281+0000] {processor.py:830} INFO - Processing file /home/airflow/.local/lib/python3.12/site-packages/airflow/example_dags/example_task_group.py for tasks to queue
[2025-11-12T19:10:49.283+0000] {logging_mixin.py:188} INFO - [2025-11-12T19:10:49.283+0000] {dagbag.py:545} INFO - Filling up the DagBag from /home/airflow/.local/lib/python3.12/site-packages/airflow/example_dags/example_task_group.py
[2025-11-12T19:10:49.290+0000] {processor.py:840} INFO - DAG(s) 'example_task_group' retrieved from /home/airflow/.local/lib/python3.12/site-packages/airflow/example_dags/example_task_group.py
[2025-11-12T19:10:49.309+0000] {logging_mixin.py:188} INFO - [2025-11-12T19:10:49.309+0000] {dag.py:3096} INFO - Sync 1 DAGs
[2025-11-12T19:10:49.326+0000] {logging_mixin.py:188} INFO - [2025-11-12T19:10:49.326+0000] {dag.py:3954} INFO - Setting next_dagrun for example_task_group to 2025-11-11 00:00:00+00:00, run_after=2025-11-12 00:00:00+00:00
[2025-11-12T19:10:49.347+0000] {processor.py:183} INFO - Processing /home/airflow/.local/lib/python3.12/site-packages/airflow/example_dags/example_task_group.py took 0.073 seconds
[2025-11-12T19:11:19.610+0000] {processor.py:161} INFO - Started process (PID=709) to work on /home/airflow/.local/lib/python3.12/site-packages/airflow/example_dags/example_task_group.py
[2025-11-12T19:11:19.611+0000] {processor.py:830} INFO - Processing file /home/airflow/.local/lib/python3.12/site-packages/airflow/example_dags/example_task_group.py for tasks to queue
[2025-11-12T19:11:19.613+0000] {logging_mixin.py:188} INFO - [2025-11-12T19:11:19.612+0000] {dagbag.py:545} INFO - Filling up the DagBag from /home/airflow/.local/lib/python3.12/site-packages/airflow/example_dags/example_task_group.py
[2025-11-12T19:11:19.619+0000] {processor.py:840} INFO - DAG(s) 'example_task_group' retrieved from /home/airflow/.local/lib/python3.12/site-packages/airflow/example_dags/example_task_group.py
[2025-11-12T19:11:19.647+0000] {logging_mixin.py:188} INFO - [2025-11-12T19:11:19.647+0000] {dag.py:3096} INFO - Sync 1 DAGs
[2025-11-12T19:11:19.677+0000] {logging_mixin.py:188} INFO - [2025-11-12T19:11:19.677+0000] {dag.py:3954} INFO - Setting next_dagrun for example_task_group to 2025-11-11 00:00:00+00:00, run_after=2025-11-12 00:00:00+00:00
[2025-11-12T19:11:19.700+0000] {processor.py:183} INFO - Processing /home/airflow/.local/lib/python3.12/site-packages/airflow/example_dags/example_task_group.py took 0.094 seconds
[2025-11-12T19:11:49.819+0000] {processor.py:161} INFO - Started process (PID=769) to work on /home/airflow/.local/lib/python3.12/site-packages/airflow/example_dags/example_task_group.py
[2025-11-12T19:11:49.820+0000] {processor.py:830} INFO - Processing file /home/airflow/.local/lib/python3.12/site-packages/airflow/example_dags/example_task_group.py for tasks to queue
[2025-11-12T19:11:49.821+0000] {logging_mixin.py:188} INFO - [2025-11-12T19:11:49.820+0000] {dagbag.py:545} INFO - Filling up the DagBag from /home/airflow/.local/lib/python3.12/site-packages/airflow/example_dags/example_task_group.py
[2025-11-12T19:11:49.827+0000] {processor.py:840} INFO - DAG(s) 'example_task_group' retrieved from /home/airflow/.local/lib/python3.12/site-packages/airflow/example_dags/example_task_group.py
[2025-11-12T19:11:49.848+0000] {logging_mixin.py:188} INFO - [2025-11-12T19:11:49.848+0000] {dag.py:3096} INFO - Sync 1 DAGs
[2025-11-12T19:11:49.868+0000] {logging_mixin.py:188} INFO - [2025-11-12T19:11:49.867+0000] {dag.py:3954} INFO - Setting next_dagrun for example_task_group to 2025-11-11 00:00:00+00:00, run_after=2025-11-12 00:00:00+00:00
[2025-11-12T19:11:49.893+0000] {processor.py:183} INFO - Processing /home/airflow/.local/lib/python3.12/site-packages/airflow/example_dags/example_task_group.py took 0.078 seconds
[2025-11-12T19:12:21.034+0000] {processor.py:161} INFO - Started process (PID=829) to work on /home/airflow/.local/lib/python3.12/site-packages/airflow/example_dags/example_task_group.py
[2025-11-12T19:12:21.035+0000] {processor.py:830} INFO - Processing file /home/airflow/.local/lib/python3.12/site-packages/airflow/example_dags/example_task_group.py for tasks to queue
[2025-11-12T19:12:21.036+0000] {logging_mixin.py:188} INFO - [2025-11-12T19:12:21.036+0000] {dagbag.py:545} INFO - Filling up the DagBag from /home/airflow/.local/lib/python3.12/site-packages/airflow/example_dags/example_task_group.py
[2025-11-12T19:12:21.043+0000] {processor.py:840} INFO - DAG(s) 'example_task_group' retrieved from /home/airflow/.local/lib/python3.12/site-packages/airflow/example_dags/example_task_group.py
[2025-11-12T19:12:21.066+0000] {logging_mixin.py:188} INFO - [2025-11-12T19:12:21.066+0000] {dag.py:3096} INFO - Sync 1 DAGs
[2025-11-12T19:12:21.083+0000] {logging_mixin.py:188} INFO - [2025-11-12T19:12:21.083+0000] {dag.py:3954} INFO - Setting next_dagrun for example_task_group to 2025-11-11 00:00:00+00:00, run_after=2025-11-12 00:00:00+00:00
[2025-11-12T19:12:21.103+0000] {processor.py:183} INFO - Processing /home/airflow/.local/lib/python3.12/site-packages/airflow/example_dags/example_task_group.py took 0.074 seconds
[2025-11-12T19:12:51.423+0000] {processor.py:161} INFO - Started process (PID=889) to work on /home/airflow/.local/lib/python3.12/site-packages/airflow/example_dags/example_task_group.py
[2025-11-12T19:12:51.424+0000] {processor.py:830} INFO - Processing file /home/airflow/.local/lib/python3.12/site-packages/airflow/example_dags/example_task_group.py for tasks to queue
[2025-11-12T19:12:51.425+0000] {logging_mixin.py:188} INFO - [2025-11-12T19:12:51.425+0000] {dagbag.py:545} INFO - Filling up the DagBag from /home/airflow/.local/lib/python3.12/site-packages/airflow/example_dags/example_task_group.py
[2025-11-12T19:12:51.434+0000] {processor.py:840} INFO - DAG(s) 'example_task_group' retrieved from /home/airflow/.local/lib/python3.12/site-packages/airflow/example_dags/example_task_group.py
[2025-11-12T19:12:51.454+0000] {logging_mixin.py:188} INFO - [2025-11-12T19:12:51.454+0000] {dag.py:3096} INFO - Sync 1 DAGs
[2025-11-12T19:12:51.475+0000] {logging_mixin.py:188} INFO - [2025-11-12T19:12:51.474+0000] {dag.py:3954} INFO - Setting next_dagrun for example_task_group to 2025-11-11 00:00:00+00:00, run_after=2025-11-12 00:00:00+00:00
[2025-11-12T19:12:51.497+0000] {processor.py:183} INFO - Processing /home/airflow/.local/lib/python3.12/site-packages/airflow/example_dags/example_task_group.py took 0.078 seconds
[2025-11-12T19:13:21.803+0000] {processor.py:161} INFO - Started process (PID=950) to work on /home/airflow/.local/lib/python3.12/site-packages/airflow/example_dags/example_task_group.py
[2025-11-12T19:13:21.805+0000] {processor.py:830} INFO - Processing file /home/airflow/.local/lib/python3.12/site-packages/airflow/example_dags/example_task_group.py for tasks to queue
[2025-11-12T19:13:21.806+0000] {logging_mixin.py:188} INFO - [2025-11-12T19:13:21.806+0000] {dagbag.py:545} INFO - Filling up the DagBag from /home/airflow/.local/lib/python3.12/site-packages/airflow/example_dags/example_task_group.py
[2025-11-12T19:13:21.815+0000] {processor.py:840} INFO - DAG(s) 'example_task_group' retrieved from /home/airflow/.local/lib/python3.12/site-packages/airflow/example_dags/example_task_group.py
[2025-11-12T19:13:21.840+0000] {logging_mixin.py:188} INFO - [2025-11-12T19:13:21.839+0000] {dag.py:3096} INFO - Sync 1 DAGs
[2025-11-12T19:13:21.859+0000] {logging_mixin.py:188} INFO - [2025-11-12T19:13:21.859+0000] {dag.py:3954} INFO - Setting next_dagrun for example_task_group to 2025-11-11 00:00:00+00:00, run_after=2025-11-12 00:00:00+00:00
[2025-11-12T19:13:21.880+0000] {processor.py:183} INFO - Processing /home/airflow/.local/lib/python3.12/site-packages/airflow/example_dags/example_task_group.py took 0.085 seconds
[2025-11-12T19:13:52.580+0000] {processor.py:161} INFO - Started process (PID=1010) to work on /home/airflow/.local/lib/python3.12/site-packages/airflow/example_dags/example_task_group.py
[2025-11-12T19:13:52.581+0000] {processor.py:830} INFO - Processing file /home/airflow/.local/lib/python3.12/site-packages/airflow/example_dags/example_task_group.py for tasks to queue
[2025-11-12T19:13:52.582+0000] {logging_mixin.py:188} INFO - [2025-11-12T19:13:52.581+0000] {dagbag.py:545} INFO - Filling up the DagBag from /home/airflow/.local/lib/python3.12/site-packages/airflow/example_dags/example_task_group.py
[2025-11-12T19:13:52.589+0000] {processor.py:840} INFO - DAG(s) 'example_task_group' retrieved from /home/airflow/.local/lib/python3.12/site-packages/airflow/example_dags/example_task_group.py
[2025-11-12T19:13:52.610+0000] {logging_mixin.py:188} INFO - [2025-11-12T19:13:52.610+0000] {dag.py:3096} INFO - Sync 1 DAGs
[2025-11-12T19:13:52.630+0000] {logging_mixin.py:188} INFO - [2025-11-12T19:13:52.630+0000] {dag.py:3954} INFO - Setting next_dagrun for example_task_group to 2025-11-11 00:00:00+00:00, run_after=2025-11-12 00:00:00+00:00
[2025-11-12T19:13:52.657+0000] {processor.py:183} INFO - Processing /home/airflow/.local/lib/python3.12/site-packages/airflow/example_dags/example_task_group.py took 0.082 seconds
[2025-11-12T19:14:23.483+0000] {processor.py:161} INFO - Started process (PID=1070) to work on /home/airflow/.local/lib/python3.12/site-packages/airflow/example_dags/example_task_group.py
[2025-11-12T19:14:23.484+0000] {processor.py:830} INFO - Processing file /home/airflow/.local/lib/python3.12/site-packages/airflow/example_dags/example_task_group.py for tasks to queue
[2025-11-12T19:14:23.485+0000] {logging_mixin.py:188} INFO - [2025-11-12T19:14:23.485+0000] {dagbag.py:545} INFO - Filling up the DagBag from /home/airflow/.local/lib/python3.12/site-packages/airflow/example_dags/example_task_group.py
[2025-11-12T19:14:23.492+0000] {processor.py:840} INFO - DAG(s) 'example_task_group' retrieved from /home/airflow/.local/lib/python3.12/site-packages/airflow/example_dags/example_task_group.py
[2025-11-12T19:14:23.516+0000] {logging_mixin.py:188} INFO - [2025-11-12T19:14:23.516+0000] {dag.py:3096} INFO - Sync 1 DAGs
[2025-11-12T19:14:23.537+0000] {logging_mixin.py:188} INFO - [2025-11-12T19:14:23.537+0000] {dag.py:3954} INFO - Setting next_dagrun for example_task_group to 2025-11-11 00:00:00+00:00, run_after=2025-11-12 00:00:00+00:00
[2025-11-12T19:14:23.560+0000] {processor.py:183} INFO - Processing /home/airflow/.local/lib/python3.12/site-packages/airflow/example_dags/example_task_group.py took 0.081 seconds
[2025-11-12T19:14:54.022+0000] {processor.py:161} INFO - Started process (PID=1130) to work on /home/airflow/.local/lib/python3.12/site-packages/airflow/example_dags/example_task_group.py
[2025-11-12T19:14:54.023+0000] {processor.py:830} INFO - Processing file /home/airflow/.local/lib/python3.12/site-packages/airflow/example_dags/example_task_group.py for tasks to queue
[2025-11-12T19:14:54.024+0000] {logging_mixin.py:188} INFO - [2025-11-12T19:14:54.023+0000] {dagbag.py:545} INFO - Filling up the DagBag from /home/airflow/.local/lib/python3.12/site-packages/airflow/example_dags/example_task_group.py
[2025-11-12T19:14:54.032+0000] {processor.py:840} INFO - DAG(s) 'example_task_group' retrieved from /home/airflow/.local/lib/python3.12/site-packages/airflow/example_dags/example_task_group.py
[2025-11-12T19:14:54.058+0000] {logging_mixin.py:188} INFO - [2025-11-12T19:14:54.058+0000] {dag.py:3096} INFO - Sync 1 DAGs
[2025-11-12T19:14:54.079+0000] {logging_mixin.py:188} INFO - [2025-11-12T19:14:54.079+0000] {dag.py:3954} INFO - Setting next_dagrun for example_task_group to 2025-11-11 00:00:00+00:00, run_after=2025-11-12 00:00:00+00:00
[2025-11-12T19:14:54.312+0000] {processor.py:183} INFO - Processing /home/airflow/.local/lib/python3.12/site-packages/airflow/example_dags/example_task_group.py took 0.296 seconds
[2025-11-12T19:15:25.157+0000] {processor.py:161} INFO - Started process (PID=1190) to work on /home/airflow/.local/lib/python3.12/site-packages/airflow/example_dags/example_task_group.py
[2025-11-12T19:15:25.158+0000] {processor.py:830} INFO - Processing file /home/airflow/.local/lib/python3.12/site-packages/airflow/example_dags/example_task_group.py for tasks to queue
[2025-11-12T19:15:25.159+0000] {logging_mixin.py:188} INFO - [2025-11-12T19:15:25.159+0000] {dagbag.py:545} INFO - Filling up the DagBag from /home/airflow/.local/lib/python3.12/site-packages/airflow/example_dags/example_task_group.py
[2025-11-12T19:15:25.166+0000] {processor.py:840} INFO - DAG(s) 'example_task_group' retrieved from /home/airflow/.local/lib/python3.12/site-packages/airflow/example_dags/example_task_group.py
[2025-11-12T19:15:25.187+0000] {logging_mixin.py:188} INFO - [2025-11-12T19:15:25.187+0000] {dag.py:3096} INFO - Sync 1 DAGs
[2025-11-12T19:15:25.209+0000] {logging_mixin.py:188} INFO - [2025-11-12T19:15:25.209+0000] {dag.py:3954} INFO - Setting next_dagrun for example_task_group to 2025-11-11 00:00:00+00:00, run_after=2025-11-12 00:00:00+00:00
[2025-11-12T19:15:25.233+0000] {processor.py:183} INFO - Processing /home/airflow/.local/lib/python3.12/site-packages/airflow/example_dags/example_task_group.py took 0.080 seconds
[2025-11-12T19:15:55.583+0000] {processor.py:161} INFO - Started process (PID=1249) to work on /home/airflow/.local/lib/python3.12/site-packages/airflow/example_dags/example_task_group.py
[2025-11-12T19:15:55.584+0000] {processor.py:830} INFO - Processing file /home/airflow/.local/lib/python3.12/site-packages/airflow/example_dags/example_task_group.py for tasks to queue
[2025-11-12T19:15:55.585+0000] {logging_mixin.py:188} INFO - [2025-11-12T19:15:55.585+0000] {dagbag.py:545} INFO - Filling up the DagBag from /home/airflow/.local/lib/python3.12/site-packages/airflow/example_dags/example_task_group.py
[2025-11-12T19:15:55.597+0000] {processor.py:840} INFO - DAG(s) 'example_task_group' retrieved from /home/airflow/.local/lib/python3.12/site-packages/airflow/example_dags/example_task_group.py
[2025-11-12T19:15:55.626+0000] {logging_mixin.py:188} INFO - [2025-11-12T19:15:55.625+0000] {dag.py:3096} INFO - Sync 1 DAGs
[2025-11-12T19:15:55.684+0000] {logging_mixin.py:188} INFO - [2025-11-12T19:15:55.684+0000] {dag.py:3954} INFO - Setting next_dagrun for example_task_group to 2025-11-11 00:00:00+00:00, run_after=2025-11-12 00:00:00+00:00
[2025-11-12T19:15:55.731+0000] {processor.py:183} INFO - Processing /home/airflow/.local/lib/python3.12/site-packages/airflow/example_dags/example_task_group.py took 0.155 seconds
[2025-11-12T19:16:59.650+0000] {processor.py:161} INFO - Started process (PID=106) to work on /home/airflow/.local/lib/python3.12/site-packages/airflow/example_dags/example_task_group.py
[2025-11-12T19:16:59.651+0000] {processor.py:830} INFO - Processing file /home/airflow/.local/lib/python3.12/site-packages/airflow/example_dags/example_task_group.py for tasks to queue
[2025-11-12T19:16:59.653+0000] {logging_mixin.py:188} INFO - [2025-11-12T19:16:59.653+0000] {dagbag.py:545} INFO - Filling up the DagBag from /home/airflow/.local/lib/python3.12/site-packages/airflow/example_dags/example_task_group.py
[2025-11-12T19:16:59.661+0000] {processor.py:840} INFO - DAG(s) 'example_task_group' retrieved from /home/airflow/.local/lib/python3.12/site-packages/airflow/example_dags/example_task_group.py
[2025-11-12T19:16:59.728+0000] {logging_mixin.py:188} INFO - [2025-11-12T19:16:59.728+0000] {dag.py:3096} INFO - Sync 1 DAGs
[2025-11-12T19:16:59.746+0000] {logging_mixin.py:188} INFO - [2025-11-12T19:16:59.746+0000] {dag.py:3954} INFO - Setting next_dagrun for example_task_group to 2025-11-11 00:00:00+00:00, run_after=2025-11-12 00:00:00+00:00
[2025-11-12T19:16:59.770+0000] {processor.py:183} INFO - Processing /home/airflow/.local/lib/python3.12/site-packages/airflow/example_dags/example_task_group.py took 0.165 seconds
[2025-11-12T19:17:30.006+0000] {processor.py:161} INFO - Started process (PID=166) to work on /home/airflow/.local/lib/python3.12/site-packages/airflow/example_dags/example_task_group.py
[2025-11-12T19:17:30.007+0000] {processor.py:830} INFO - Processing file /home/airflow/.local/lib/python3.12/site-packages/airflow/example_dags/example_task_group.py for tasks to queue
[2025-11-12T19:17:30.010+0000] {logging_mixin.py:188} INFO - [2025-11-12T19:17:30.010+0000] {dagbag.py:545} INFO - Filling up the DagBag from /home/airflow/.local/lib/python3.12/site-packages/airflow/example_dags/example_task_group.py
[2025-11-12T19:17:30.017+0000] {processor.py:840} INFO - DAG(s) 'example_task_group' retrieved from /home/airflow/.local/lib/python3.12/site-packages/airflow/example_dags/example_task_group.py
[2025-11-12T19:17:30.037+0000] {logging_mixin.py:188} INFO - [2025-11-12T19:17:30.037+0000] {dag.py:3096} INFO - Sync 1 DAGs
[2025-11-12T19:17:30.055+0000] {logging_mixin.py:188} INFO - [2025-11-12T19:17:30.055+0000] {dag.py:3954} INFO - Setting next_dagrun for example_task_group to 2025-11-11 00:00:00+00:00, run_after=2025-11-12 00:00:00+00:00
[2025-11-12T19:17:30.078+0000] {processor.py:183} INFO - Processing /home/airflow/.local/lib/python3.12/site-packages/airflow/example_dags/example_task_group.py took 0.077 seconds
[2025-11-12T19:18:00.938+0000] {processor.py:161} INFO - Started process (PID=226) to work on /home/airflow/.local/lib/python3.12/site-packages/airflow/example_dags/example_task_group.py
[2025-11-12T19:18:00.939+0000] {processor.py:830} INFO - Processing file /home/airflow/.local/lib/python3.12/site-packages/airflow/example_dags/example_task_group.py for tasks to queue
[2025-11-12T19:18:00.942+0000] {logging_mixin.py:188} INFO - [2025-11-12T19:18:00.941+0000] {dagbag.py:545} INFO - Filling up the DagBag from /home/airflow/.local/lib/python3.12/site-packages/airflow/example_dags/example_task_group.py
[2025-11-12T19:18:00.950+0000] {processor.py:840} INFO - DAG(s) 'example_task_group' retrieved from /home/airflow/.local/lib/python3.12/site-packages/airflow/example_dags/example_task_group.py
[2025-11-12T19:18:00.972+0000] {logging_mixin.py:188} INFO - [2025-11-12T19:18:00.971+0000] {dag.py:3096} INFO - Sync 1 DAGs
[2025-11-12T19:18:00.995+0000] {logging_mixin.py:188} INFO - [2025-11-12T19:18:00.995+0000] {dag.py:3954} INFO - Setting next_dagrun for example_task_group to 2025-11-11 00:00:00+00:00, run_after=2025-11-12 00:00:00+00:00
[2025-11-12T19:18:01.020+0000] {processor.py:183} INFO - Processing /home/airflow/.local/lib/python3.12/site-packages/airflow/example_dags/example_task_group.py took 0.086 seconds
[2025-11-12T19:18:31.342+0000] {processor.py:161} INFO - Started process (PID=286) to work on /home/airflow/.local/lib/python3.12/site-packages/airflow/example_dags/example_task_group.py
[2025-11-12T19:18:31.343+0000] {processor.py:830} INFO - Processing file /home/airflow/.local/lib/python3.12/site-packages/airflow/example_dags/example_task_group.py for tasks to queue
[2025-11-12T19:18:31.345+0000] {logging_mixin.py:188} INFO - [2025-11-12T19:18:31.345+0000] {dagbag.py:545} INFO - Filling up the DagBag from /home/airflow/.local/lib/python3.12/site-packages/airflow/example_dags/example_task_group.py
[2025-11-12T19:18:31.351+0000] {processor.py:840} INFO - DAG(s) 'example_task_group' retrieved from /home/airflow/.local/lib/python3.12/site-packages/airflow/example_dags/example_task_group.py
[2025-11-12T19:18:31.371+0000] {logging_mixin.py:188} INFO - [2025-11-12T19:18:31.371+0000] {dag.py:3096} INFO - Sync 1 DAGs
[2025-11-12T19:18:31.389+0000] {logging_mixin.py:188} INFO - [2025-11-12T19:18:31.389+0000] {dag.py:3954} INFO - Setting next_dagrun for example_task_group to 2025-11-11 00:00:00+00:00, run_after=2025-11-12 00:00:00+00:00
[2025-11-12T19:18:31.420+0000] {processor.py:183} INFO - Processing /home/airflow/.local/lib/python3.12/site-packages/airflow/example_dags/example_task_group.py took 0.082 seconds
[2025-11-12T19:19:01.862+0000] {processor.py:161} INFO - Started process (PID=347) to work on /home/airflow/.local/lib/python3.12/site-packages/airflow/example_dags/example_task_group.py
[2025-11-12T19:19:01.863+0000] {processor.py:830} INFO - Processing file /home/airflow/.local/lib/python3.12/site-packages/airflow/example_dags/example_task_group.py for tasks to queue
[2025-11-12T19:19:01.866+0000] {logging_mixin.py:188} INFO - [2025-11-12T19:19:01.865+0000] {dagbag.py:545} INFO - Filling up the DagBag from /home/airflow/.local/lib/python3.12/site-packages/airflow/example_dags/example_task_group.py
[2025-11-12T19:19:01.872+0000] {processor.py:840} INFO - DAG(s) 'example_task_group' retrieved from /home/airflow/.local/lib/python3.12/site-packages/airflow/example_dags/example_task_group.py
[2025-11-12T19:19:01.895+0000] {logging_mixin.py:188} INFO - [2025-11-12T19:19:01.895+0000] {dag.py:3096} INFO - Sync 1 DAGs
[2025-11-12T19:19:01.912+0000] {logging_mixin.py:188} INFO - [2025-11-12T19:19:01.912+0000] {dag.py:3954} INFO - Setting next_dagrun for example_task_group to 2025-11-11 00:00:00+00:00, run_after=2025-11-12 00:00:00+00:00
[2025-11-12T19:19:01.931+0000] {processor.py:183} INFO - Processing /home/airflow/.local/lib/python3.12/site-packages/airflow/example_dags/example_task_group.py took 0.074 seconds
[2025-11-12T19:19:32.900+0000] {processor.py:161} INFO - Started process (PID=407) to work on /home/airflow/.local/lib/python3.12/site-packages/airflow/example_dags/example_task_group.py
[2025-11-12T19:19:32.902+0000] {processor.py:830} INFO - Processing file /home/airflow/.local/lib/python3.12/site-packages/airflow/example_dags/example_task_group.py for tasks to queue
[2025-11-12T19:19:32.904+0000] {logging_mixin.py:188} INFO - [2025-11-12T19:19:32.903+0000] {dagbag.py:545} INFO - Filling up the DagBag from /home/airflow/.local/lib/python3.12/site-packages/airflow/example_dags/example_task_group.py
[2025-11-12T19:19:32.910+0000] {processor.py:840} INFO - DAG(s) 'example_task_group' retrieved from /home/airflow/.local/lib/python3.12/site-packages/airflow/example_dags/example_task_group.py
[2025-11-12T19:19:32.932+0000] {logging_mixin.py:188} INFO - [2025-11-12T19:19:32.931+0000] {dag.py:3096} INFO - Sync 1 DAGs
[2025-11-12T19:19:32.949+0000] {logging_mixin.py:188} INFO - [2025-11-12T19:19:32.949+0000] {dag.py:3954} INFO - Setting next_dagrun for example_task_group to 2025-11-11 00:00:00+00:00, run_after=2025-11-12 00:00:00+00:00
[2025-11-12T19:19:32.975+0000] {processor.py:183} INFO - Processing /home/airflow/.local/lib/python3.12/site-packages/airflow/example_dags/example_task_group.py took 0.079 seconds
[2025-11-12T19:20:03.471+0000] {processor.py:161} INFO - Started process (PID=467) to work on /home/airflow/.local/lib/python3.12/site-packages/airflow/example_dags/example_task_group.py
[2025-11-12T19:20:03.472+0000] {processor.py:830} INFO - Processing file /home/airflow/.local/lib/python3.12/site-packages/airflow/example_dags/example_task_group.py for tasks to queue
[2025-11-12T19:20:03.476+0000] {logging_mixin.py:188} INFO - [2025-11-12T19:20:03.475+0000] {dagbag.py:545} INFO - Filling up the DagBag from /home/airflow/.local/lib/python3.12/site-packages/airflow/example_dags/example_task_group.py
[2025-11-12T19:20:03.487+0000] {processor.py:840} INFO - DAG(s) 'example_task_group' retrieved from /home/airflow/.local/lib/python3.12/site-packages/airflow/example_dags/example_task_group.py
[2025-11-12T19:20:03.513+0000] {logging_mixin.py:188} INFO - [2025-11-12T19:20:03.513+0000] {dag.py:3096} INFO - Sync 1 DAGs
[2025-11-12T19:20:03.540+0000] {logging_mixin.py:188} INFO - [2025-11-12T19:20:03.539+0000] {dag.py:3954} INFO - Setting next_dagrun for example_task_group to 2025-11-11 00:00:00+00:00, run_after=2025-11-12 00:00:00+00:00
[2025-11-12T19:20:03.564+0000] {processor.py:183} INFO - Processing /home/airflow/.local/lib/python3.12/site-packages/airflow/example_dags/example_task_group.py took 0.099 seconds
[2025-11-12T19:20:33.884+0000] {processor.py:161} INFO - Started process (PID=528) to work on /home/airflow/.local/lib/python3.12/site-packages/airflow/example_dags/example_task_group.py
[2025-11-12T19:20:33.885+0000] {processor.py:830} INFO - Processing file /home/airflow/.local/lib/python3.12/site-packages/airflow/example_dags/example_task_group.py for tasks to queue
[2025-11-12T19:20:33.887+0000] {logging_mixin.py:188} INFO - [2025-11-12T19:20:33.887+0000] {dagbag.py:545} INFO - Filling up the DagBag from /home/airflow/.local/lib/python3.12/site-packages/airflow/example_dags/example_task_group.py
[2025-11-12T19:20:33.894+0000] {processor.py:840} INFO - DAG(s) 'example_task_group' retrieved from /home/airflow/.local/lib/python3.12/site-packages/airflow/example_dags/example_task_group.py
[2025-11-12T19:20:33.913+0000] {logging_mixin.py:188} INFO - [2025-11-12T19:20:33.913+0000] {dag.py:3096} INFO - Sync 1 DAGs
[2025-11-12T19:20:33.931+0000] {logging_mixin.py:188} INFO - [2025-11-12T19:20:33.931+0000] {dag.py:3954} INFO - Setting next_dagrun for example_task_group to 2025-11-11 00:00:00+00:00, run_after=2025-11-12 00:00:00+00:00
[2025-11-12T19:20:33.953+0000] {processor.py:183} INFO - Processing /home/airflow/.local/lib/python3.12/site-packages/airflow/example_dags/example_task_group.py took 0.074 seconds
[2025-11-12T19:21:04.144+0000] {processor.py:161} INFO - Started process (PID=588) to work on /home/airflow/.local/lib/python3.12/site-packages/airflow/example_dags/example_task_group.py
[2025-11-12T19:21:04.145+0000] {processor.py:830} INFO - Processing file /home/airflow/.local/lib/python3.12/site-packages/airflow/example_dags/example_task_group.py for tasks to queue
[2025-11-12T19:21:04.146+0000] {logging_mixin.py:188} INFO - [2025-11-12T19:21:04.146+0000] {dagbag.py:545} INFO - Filling up the DagBag from /home/airflow/.local/lib/python3.12/site-packages/airflow/example_dags/example_task_group.py
[2025-11-12T19:21:04.152+0000] {processor.py:840} INFO - DAG(s) 'example_task_group' retrieved from /home/airflow/.local/lib/python3.12/site-packages/airflow/example_dags/example_task_group.py
[2025-11-12T19:21:04.172+0000] {logging_mixin.py:188} INFO - [2025-11-12T19:21:04.171+0000] {dag.py:3096} INFO - Sync 1 DAGs
[2025-11-12T19:21:04.189+0000] {logging_mixin.py:188} INFO - [2025-11-12T19:21:04.189+0000] {dag.py:3954} INFO - Setting next_dagrun for example_task_group to 2025-11-11 00:00:00+00:00, run_after=2025-11-12 00:00:00+00:00
[2025-11-12T19:21:04.218+0000] {processor.py:183} INFO - Processing /home/airflow/.local/lib/python3.12/site-packages/airflow/example_dags/example_task_group.py took 0.079 seconds
[2025-11-12T19:21:34.462+0000] {processor.py:161} INFO - Started process (PID=648) to work on /home/airflow/.local/lib/python3.12/site-packages/airflow/example_dags/example_task_group.py
[2025-11-12T19:21:34.463+0000] {processor.py:830} INFO - Processing file /home/airflow/.local/lib/python3.12/site-packages/airflow/example_dags/example_task_group.py for tasks to queue
[2025-11-12T19:21:34.466+0000] {logging_mixin.py:188} INFO - [2025-11-12T19:21:34.465+0000] {dagbag.py:545} INFO - Filling up the DagBag from /home/airflow/.local/lib/python3.12/site-packages/airflow/example_dags/example_task_group.py
[2025-11-12T19:21:34.472+0000] {processor.py:840} INFO - DAG(s) 'example_task_group' retrieved from /home/airflow/.local/lib/python3.12/site-packages/airflow/example_dags/example_task_group.py
[2025-11-12T19:21:34.492+0000] {logging_mixin.py:188} INFO - [2025-11-12T19:21:34.492+0000] {dag.py:3096} INFO - Sync 1 DAGs
[2025-11-12T19:21:34.509+0000] {logging_mixin.py:188} INFO - [2025-11-12T19:21:34.509+0000] {dag.py:3954} INFO - Setting next_dagrun for example_task_group to 2025-11-11 00:00:00+00:00, run_after=2025-11-12 00:00:00+00:00
[2025-11-12T19:21:34.527+0000] {processor.py:183} INFO - Processing /home/airflow/.local/lib/python3.12/site-packages/airflow/example_dags/example_task_group.py took 0.069 seconds
[2025-11-12T19:22:04.691+0000] {processor.py:161} INFO - Started process (PID=708) to work on /home/airflow/.local/lib/python3.12/site-packages/airflow/example_dags/example_task_group.py
[2025-11-12T19:22:04.692+0000] {processor.py:830} INFO - Processing file /home/airflow/.local/lib/python3.12/site-packages/airflow/example_dags/example_task_group.py for tasks to queue
[2025-11-12T19:22:04.694+0000] {logging_mixin.py:188} INFO - [2025-11-12T19:22:04.694+0000] {dagbag.py:545} INFO - Filling up the DagBag from /home/airflow/.local/lib/python3.12/site-packages/airflow/example_dags/example_task_group.py
[2025-11-12T19:22:04.700+0000] {processor.py:840} INFO - DAG(s) 'example_task_group' retrieved from /home/airflow/.local/lib/python3.12/site-packages/airflow/example_dags/example_task_group.py
[2025-11-12T19:22:04.720+0000] {logging_mixin.py:188} INFO - [2025-11-12T19:22:04.720+0000] {dag.py:3096} INFO - Sync 1 DAGs
[2025-11-12T19:22:04.737+0000] {logging_mixin.py:188} INFO - [2025-11-12T19:22:04.737+0000] {dag.py:3954} INFO - Setting next_dagrun for example_task_group to 2025-11-11 00:00:00+00:00, run_after=2025-11-12 00:00:00+00:00
[2025-11-12T19:22:04.756+0000] {processor.py:183} INFO - Processing /home/airflow/.local/lib/python3.12/site-packages/airflow/example_dags/example_task_group.py took 0.071 seconds
[2025-11-12T19:22:35.075+0000] {processor.py:161} INFO - Started process (PID=769) to work on /home/airflow/.local/lib/python3.12/site-packages/airflow/example_dags/example_task_group.py
[2025-11-12T19:22:35.076+0000] {processor.py:830} INFO - Processing file /home/airflow/.local/lib/python3.12/site-packages/airflow/example_dags/example_task_group.py for tasks to queue
[2025-11-12T19:22:35.077+0000] {logging_mixin.py:188} INFO - [2025-11-12T19:22:35.077+0000] {dagbag.py:545} INFO - Filling up the DagBag from /home/airflow/.local/lib/python3.12/site-packages/airflow/example_dags/example_task_group.py
[2025-11-12T19:22:35.083+0000] {processor.py:840} INFO - DAG(s) 'example_task_group' retrieved from /home/airflow/.local/lib/python3.12/site-packages/airflow/example_dags/example_task_group.py
[2025-11-12T19:22:35.103+0000] {logging_mixin.py:188} INFO - [2025-11-12T19:22:35.103+0000] {dag.py:3096} INFO - Sync 1 DAGs
[2025-11-12T19:22:35.121+0000] {logging_mixin.py:188} INFO - [2025-11-12T19:22:35.121+0000] {dag.py:3954} INFO - Setting next_dagrun for example_task_group to 2025-11-11 00:00:00+00:00, run_after=2025-11-12 00:00:00+00:00
[2025-11-12T19:22:35.141+0000] {processor.py:183} INFO - Processing /home/airflow/.local/lib/python3.12/site-packages/airflow/example_dags/example_task_group.py took 0.071 seconds
[2025-11-12T19:23:05.319+0000] {processor.py:161} INFO - Started process (PID=829) to work on /home/airflow/.local/lib/python3.12/site-packages/airflow/example_dags/example_task_group.py
[2025-11-12T19:23:05.321+0000] {processor.py:830} INFO - Processing file /home/airflow/.local/lib/python3.12/site-packages/airflow/example_dags/example_task_group.py for tasks to queue
[2025-11-12T19:23:05.324+0000] {logging_mixin.py:188} INFO - [2025-11-12T19:23:05.324+0000] {dagbag.py:545} INFO - Filling up the DagBag from /home/airflow/.local/lib/python3.12/site-packages/airflow/example_dags/example_task_group.py
[2025-11-12T19:23:05.334+0000] {processor.py:840} INFO - DAG(s) 'example_task_group' retrieved from /home/airflow/.local/lib/python3.12/site-packages/airflow/example_dags/example_task_group.py
[2025-11-12T19:23:05.362+0000] {logging_mixin.py:188} INFO - [2025-11-12T19:23:05.361+0000] {dag.py:3096} INFO - Sync 1 DAGs
[2025-11-12T19:23:05.384+0000] {logging_mixin.py:188} INFO - [2025-11-12T19:23:05.384+0000] {dag.py:3954} INFO - Setting next_dagrun for example_task_group to 2025-11-11 00:00:00+00:00, run_after=2025-11-12 00:00:00+00:00
[2025-11-12T19:23:05.408+0000] {processor.py:183} INFO - Processing /home/airflow/.local/lib/python3.12/site-packages/airflow/example_dags/example_task_group.py took 0.098 seconds
[2025-11-12T19:23:35.507+0000] {processor.py:161} INFO - Started process (PID=888) to work on /home/airflow/.local/lib/python3.12/site-packages/airflow/example_dags/example_task_group.py
[2025-11-12T19:23:35.509+0000] {processor.py:830} INFO - Processing file /home/airflow/.local/lib/python3.12/site-packages/airflow/example_dags/example_task_group.py for tasks to queue
[2025-11-12T19:23:35.511+0000] {logging_mixin.py:188} INFO - [2025-11-12T19:23:35.511+0000] {dagbag.py:545} INFO - Filling up the DagBag from /home/airflow/.local/lib/python3.12/site-packages/airflow/example_dags/example_task_group.py
[2025-11-12T19:23:35.519+0000] {processor.py:840} INFO - DAG(s) 'example_task_group' retrieved from /home/airflow/.local/lib/python3.12/site-packages/airflow/example_dags/example_task_group.py
[2025-11-12T19:23:35.541+0000] {logging_mixin.py:188} INFO - [2025-11-12T19:23:35.541+0000] {dag.py:3096} INFO - Sync 1 DAGs
[2025-11-12T19:23:35.559+0000] {logging_mixin.py:188} INFO - [2025-11-12T19:23:35.559+0000] {dag.py:3954} INFO - Setting next_dagrun for example_task_group to 2025-11-11 00:00:00+00:00, run_after=2025-11-12 00:00:00+00:00
[2025-11-12T19:23:35.609+0000] {processor.py:183} INFO - Processing /home/airflow/.local/lib/python3.12/site-packages/airflow/example_dags/example_task_group.py took 0.108 seconds
[2025-11-12T19:24:05.799+0000] {processor.py:161} INFO - Started process (PID=948) to work on /home/airflow/.local/lib/python3.12/site-packages/airflow/example_dags/example_task_group.py
[2025-11-12T19:24:05.800+0000] {processor.py:830} INFO - Processing file /home/airflow/.local/lib/python3.12/site-packages/airflow/example_dags/example_task_group.py for tasks to queue
[2025-11-12T19:24:05.803+0000] {logging_mixin.py:188} INFO - [2025-11-12T19:24:05.803+0000] {dagbag.py:545} INFO - Filling up the DagBag from /home/airflow/.local/lib/python3.12/site-packages/airflow/example_dags/example_task_group.py
[2025-11-12T19:24:05.810+0000] {processor.py:840} INFO - DAG(s) 'example_task_group' retrieved from /home/airflow/.local/lib/python3.12/site-packages/airflow/example_dags/example_task_group.py
[2025-11-12T19:24:05.831+0000] {logging_mixin.py:188} INFO - [2025-11-12T19:24:05.831+0000] {dag.py:3096} INFO - Sync 1 DAGs
[2025-11-12T19:24:05.849+0000] {logging_mixin.py:188} INFO - [2025-11-12T19:24:05.849+0000] {dag.py:3954} INFO - Setting next_dagrun for example_task_group to 2025-11-11 00:00:00+00:00, run_after=2025-11-12 00:00:00+00:00
[2025-11-12T19:24:05.869+0000] {processor.py:183} INFO - Processing /home/airflow/.local/lib/python3.12/site-packages/airflow/example_dags/example_task_group.py took 0.077 seconds
[2025-11-12T19:24:37.070+0000] {processor.py:161} INFO - Started process (PID=1009) to work on /home/airflow/.local/lib/python3.12/site-packages/airflow/example_dags/example_task_group.py
[2025-11-12T19:24:37.071+0000] {processor.py:830} INFO - Processing file /home/airflow/.local/lib/python3.12/site-packages/airflow/example_dags/example_task_group.py for tasks to queue
[2025-11-12T19:24:37.073+0000] {logging_mixin.py:188} INFO - [2025-11-12T19:24:37.073+0000] {dagbag.py:545} INFO - Filling up the DagBag from /home/airflow/.local/lib/python3.12/site-packages/airflow/example_dags/example_task_group.py
[2025-11-12T19:24:37.082+0000] {processor.py:840} INFO - DAG(s) 'example_task_group' retrieved from /home/airflow/.local/lib/python3.12/site-packages/airflow/example_dags/example_task_group.py
[2025-11-12T19:24:37.105+0000] {logging_mixin.py:188} INFO - [2025-11-12T19:24:37.105+0000] {dag.py:3096} INFO - Sync 1 DAGs
[2025-11-12T19:24:37.123+0000] {logging_mixin.py:188} INFO - [2025-11-12T19:24:37.123+0000] {dag.py:3954} INFO - Setting next_dagrun for example_task_group to 2025-11-11 00:00:00+00:00, run_after=2025-11-12 00:00:00+00:00
[2025-11-12T19:24:37.142+0000] {processor.py:183} INFO - Processing /home/airflow/.local/lib/python3.12/site-packages/airflow/example_dags/example_task_group.py took 0.078 seconds
[2025-11-12T19:25:07.234+0000] {processor.py:161} INFO - Started process (PID=1068) to work on /home/airflow/.local/lib/python3.12/site-packages/airflow/example_dags/example_task_group.py
[2025-11-12T19:25:07.235+0000] {processor.py:830} INFO - Processing file /home/airflow/.local/lib/python3.12/site-packages/airflow/example_dags/example_task_group.py for tasks to queue
[2025-11-12T19:25:07.237+0000] {logging_mixin.py:188} INFO - [2025-11-12T19:25:07.237+0000] {dagbag.py:545} INFO - Filling up the DagBag from /home/airflow/.local/lib/python3.12/site-packages/airflow/example_dags/example_task_group.py
[2025-11-12T19:25:07.245+0000] {processor.py:840} INFO - DAG(s) 'example_task_group' retrieved from /home/airflow/.local/lib/python3.12/site-packages/airflow/example_dags/example_task_group.py
[2025-11-12T19:25:07.265+0000] {logging_mixin.py:188} INFO - [2025-11-12T19:25:07.265+0000] {dag.py:3096} INFO - Sync 1 DAGs
[2025-11-12T19:25:07.286+0000] {logging_mixin.py:188} INFO - [2025-11-12T19:25:07.285+0000] {dag.py:3954} INFO - Setting next_dagrun for example_task_group to 2025-11-11 00:00:00+00:00, run_after=2025-11-12 00:00:00+00:00
[2025-11-12T19:25:07.305+0000] {processor.py:183} INFO - Processing /home/airflow/.local/lib/python3.12/site-packages/airflow/example_dags/example_task_group.py took 0.076 seconds
[2025-11-12T19:25:37.672+0000] {processor.py:161} INFO - Started process (PID=1128) to work on /home/airflow/.local/lib/python3.12/site-packages/airflow/example_dags/example_task_group.py
[2025-11-12T19:25:37.674+0000] {processor.py:830} INFO - Processing file /home/airflow/.local/lib/python3.12/site-packages/airflow/example_dags/example_task_group.py for tasks to queue
[2025-11-12T19:25:37.676+0000] {logging_mixin.py:188} INFO - [2025-11-12T19:25:37.676+0000] {dagbag.py:545} INFO - Filling up the DagBag from /home/airflow/.local/lib/python3.12/site-packages/airflow/example_dags/example_task_group.py
[2025-11-12T19:25:37.682+0000] {processor.py:840} INFO - DAG(s) 'example_task_group' retrieved from /home/airflow/.local/lib/python3.12/site-packages/airflow/example_dags/example_task_group.py
[2025-11-12T19:25:37.704+0000] {logging_mixin.py:188} INFO - [2025-11-12T19:25:37.704+0000] {dag.py:3096} INFO - Sync 1 DAGs
[2025-11-12T19:25:37.720+0000] {logging_mixin.py:188} INFO - [2025-11-12T19:25:37.720+0000] {dag.py:3954} INFO - Setting next_dagrun for example_task_group to 2025-11-11 00:00:00+00:00, run_after=2025-11-12 00:00:00+00:00
[2025-11-12T19:25:37.753+0000] {processor.py:183} INFO - Processing /home/airflow/.local/lib/python3.12/site-packages/airflow/example_dags/example_task_group.py took 0.085 seconds
[2025-11-12T19:26:07.899+0000] {processor.py:161} INFO - Started process (PID=1188) to work on /home/airflow/.local/lib/python3.12/site-packages/airflow/example_dags/example_task_group.py
[2025-11-12T19:26:07.900+0000] {processor.py:830} INFO - Processing file /home/airflow/.local/lib/python3.12/site-packages/airflow/example_dags/example_task_group.py for tasks to queue
[2025-11-12T19:26:07.902+0000] {logging_mixin.py:188} INFO - [2025-11-12T19:26:07.902+0000] {dagbag.py:545} INFO - Filling up the DagBag from /home/airflow/.local/lib/python3.12/site-packages/airflow/example_dags/example_task_group.py
[2025-11-12T19:26:07.909+0000] {processor.py:840} INFO - DAG(s) 'example_task_group' retrieved from /home/airflow/.local/lib/python3.12/site-packages/airflow/example_dags/example_task_group.py
[2025-11-12T19:26:07.931+0000] {logging_mixin.py:188} INFO - [2025-11-12T19:26:07.931+0000] {dag.py:3096} INFO - Sync 1 DAGs
[2025-11-12T19:26:07.953+0000] {logging_mixin.py:188} INFO - [2025-11-12T19:26:07.952+0000] {dag.py:3954} INFO - Setting next_dagrun for example_task_group to 2025-11-11 00:00:00+00:00, run_after=2025-11-12 00:00:00+00:00
[2025-11-12T19:26:07.975+0000] {processor.py:183} INFO - Processing /home/airflow/.local/lib/python3.12/site-packages/airflow/example_dags/example_task_group.py took 0.081 seconds
[2025-11-12T19:26:38.452+0000] {processor.py:161} INFO - Started process (PID=1249) to work on /home/airflow/.local/lib/python3.12/site-packages/airflow/example_dags/example_task_group.py
[2025-11-12T19:26:38.453+0000] {processor.py:830} INFO - Processing file /home/airflow/.local/lib/python3.12/site-packages/airflow/example_dags/example_task_group.py for tasks to queue
[2025-11-12T19:26:38.455+0000] {logging_mixin.py:188} INFO - [2025-11-12T19:26:38.455+0000] {dagbag.py:545} INFO - Filling up the DagBag from /home/airflow/.local/lib/python3.12/site-packages/airflow/example_dags/example_task_group.py
[2025-11-12T19:26:38.462+0000] {processor.py:840} INFO - DAG(s) 'example_task_group' retrieved from /home/airflow/.local/lib/python3.12/site-packages/airflow/example_dags/example_task_group.py
[2025-11-12T19:26:38.485+0000] {logging_mixin.py:188} INFO - [2025-11-12T19:26:38.485+0000] {dag.py:3096} INFO - Sync 1 DAGs
[2025-11-12T19:26:38.506+0000] {logging_mixin.py:188} INFO - [2025-11-12T19:26:38.506+0000] {dag.py:3954} INFO - Setting next_dagrun for example_task_group to 2025-11-11 00:00:00+00:00, run_after=2025-11-12 00:00:00+00:00
[2025-11-12T19:26:38.533+0000] {processor.py:183} INFO - Processing /home/airflow/.local/lib/python3.12/site-packages/airflow/example_dags/example_task_group.py took 0.087 seconds
[2025-11-12T19:27:09.034+0000] {processor.py:161} INFO - Started process (PID=1309) to work on /home/airflow/.local/lib/python3.12/site-packages/airflow/example_dags/example_task_group.py
[2025-11-12T19:27:09.036+0000] {processor.py:830} INFO - Processing file /home/airflow/.local/lib/python3.12/site-packages/airflow/example_dags/example_task_group.py for tasks to queue
[2025-11-12T19:27:09.039+0000] {logging_mixin.py:188} INFO - [2025-11-12T19:27:09.038+0000] {dagbag.py:545} INFO - Filling up the DagBag from /home/airflow/.local/lib/python3.12/site-packages/airflow/example_dags/example_task_group.py
[2025-11-12T19:27:09.052+0000] {processor.py:840} INFO - DAG(s) 'example_task_group' retrieved from /home/airflow/.local/lib/python3.12/site-packages/airflow/example_dags/example_task_group.py
[2025-11-12T19:27:09.096+0000] {logging_mixin.py:188} INFO - [2025-11-12T19:27:09.095+0000] {dag.py:3096} INFO - Sync 1 DAGs
[2025-11-12T19:27:09.127+0000] {logging_mixin.py:188} INFO - [2025-11-12T19:27:09.127+0000] {dag.py:3954} INFO - Setting next_dagrun for example_task_group to 2025-11-11 00:00:00+00:00, run_after=2025-11-12 00:00:00+00:00
[2025-11-12T19:27:09.161+0000] {processor.py:183} INFO - Processing /home/airflow/.local/lib/python3.12/site-packages/airflow/example_dags/example_task_group.py took 0.133 seconds
[2025-11-12T19:27:39.332+0000] {processor.py:161} INFO - Started process (PID=1369) to work on /home/airflow/.local/lib/python3.12/site-packages/airflow/example_dags/example_task_group.py
[2025-11-12T19:27:39.333+0000] {processor.py:830} INFO - Processing file /home/airflow/.local/lib/python3.12/site-packages/airflow/example_dags/example_task_group.py for tasks to queue
[2025-11-12T19:27:39.336+0000] {logging_mixin.py:188} INFO - [2025-11-12T19:27:39.336+0000] {dagbag.py:545} INFO - Filling up the DagBag from /home/airflow/.local/lib/python3.12/site-packages/airflow/example_dags/example_task_group.py
[2025-11-12T19:27:39.344+0000] {processor.py:840} INFO - DAG(s) 'example_task_group' retrieved from /home/airflow/.local/lib/python3.12/site-packages/airflow/example_dags/example_task_group.py
[2025-11-12T19:27:39.367+0000] {logging_mixin.py:188} INFO - [2025-11-12T19:27:39.367+0000] {dag.py:3096} INFO - Sync 1 DAGs
[2025-11-12T19:27:39.393+0000] {logging_mixin.py:188} INFO - [2025-11-12T19:27:39.393+0000] {dag.py:3954} INFO - Setting next_dagrun for example_task_group to 2025-11-11 00:00:00+00:00, run_after=2025-11-12 00:00:00+00:00
[2025-11-12T19:27:39.412+0000] {processor.py:183} INFO - Processing /home/airflow/.local/lib/python3.12/site-packages/airflow/example_dags/example_task_group.py took 0.085 seconds
[2025-11-12T19:28:11.737+0000] {processor.py:161} INFO - Started process (PID=1430) to work on /home/airflow/.local/lib/python3.12/site-packages/airflow/example_dags/example_task_group.py
[2025-11-12T19:28:11.738+0000] {processor.py:830} INFO - Processing file /home/airflow/.local/lib/python3.12/site-packages/airflow/example_dags/example_task_group.py for tasks to queue
[2025-11-12T19:28:11.740+0000] {logging_mixin.py:188} INFO - [2025-11-12T19:28:11.740+0000] {dagbag.py:545} INFO - Filling up the DagBag from /home/airflow/.local/lib/python3.12/site-packages/airflow/example_dags/example_task_group.py
[2025-11-12T19:28:11.749+0000] {processor.py:840} INFO - DAG(s) 'example_task_group' retrieved from /home/airflow/.local/lib/python3.12/site-packages/airflow/example_dags/example_task_group.py
[2025-11-12T19:28:11.771+0000] {logging_mixin.py:188} INFO - [2025-11-12T19:28:11.771+0000] {dag.py:3096} INFO - Sync 1 DAGs
[2025-11-12T19:28:12.003+0000] {logging_mixin.py:188} INFO - [2025-11-12T19:28:12.003+0000] {dag.py:3954} INFO - Setting next_dagrun for example_task_group to 2025-11-11 00:00:00+00:00, run_after=2025-11-12 00:00:00+00:00
[2025-11-12T19:28:12.023+0000] {processor.py:183} INFO - Processing /home/airflow/.local/lib/python3.12/site-packages/airflow/example_dags/example_task_group.py took 0.291 seconds
[2025-11-12T19:28:42.796+0000] {processor.py:161} INFO - Started process (PID=1490) to work on /home/airflow/.local/lib/python3.12/site-packages/airflow/example_dags/example_task_group.py
[2025-11-12T19:28:42.797+0000] {processor.py:830} INFO - Processing file /home/airflow/.local/lib/python3.12/site-packages/airflow/example_dags/example_task_group.py for tasks to queue
[2025-11-12T19:28:42.800+0000] {logging_mixin.py:188} INFO - [2025-11-12T19:28:42.800+0000] {dagbag.py:545} INFO - Filling up the DagBag from /home/airflow/.local/lib/python3.12/site-packages/airflow/example_dags/example_task_group.py
[2025-11-12T19:28:42.809+0000] {processor.py:840} INFO - DAG(s) 'example_task_group' retrieved from /home/airflow/.local/lib/python3.12/site-packages/airflow/example_dags/example_task_group.py
[2025-11-12T19:28:42.836+0000] {logging_mixin.py:188} INFO - [2025-11-12T19:28:42.836+0000] {dag.py:3096} INFO - Sync 1 DAGs
[2025-11-12T19:28:42.855+0000] {logging_mixin.py:188} INFO - [2025-11-12T19:28:42.855+0000] {dag.py:3954} INFO - Setting next_dagrun for example_task_group to 2025-11-11 00:00:00+00:00, run_after=2025-11-12 00:00:00+00:00
[2025-11-12T19:28:42.877+0000] {processor.py:183} INFO - Processing /home/airflow/.local/lib/python3.12/site-packages/airflow/example_dags/example_task_group.py took 0.085 seconds
[2025-11-12T19:29:12.921+0000] {processor.py:161} INFO - Started process (PID=1550) to work on /home/airflow/.local/lib/python3.12/site-packages/airflow/example_dags/example_task_group.py
[2025-11-12T19:29:12.922+0000] {processor.py:830} INFO - Processing file /home/airflow/.local/lib/python3.12/site-packages/airflow/example_dags/example_task_group.py for tasks to queue
[2025-11-12T19:29:12.924+0000] {logging_mixin.py:188} INFO - [2025-11-12T19:29:12.924+0000] {dagbag.py:545} INFO - Filling up the DagBag from /home/airflow/.local/lib/python3.12/site-packages/airflow/example_dags/example_task_group.py
[2025-11-12T19:29:12.931+0000] {processor.py:840} INFO - DAG(s) 'example_task_group' retrieved from /home/airflow/.local/lib/python3.12/site-packages/airflow/example_dags/example_task_group.py
[2025-11-12T19:29:12.953+0000] {logging_mixin.py:188} INFO - [2025-11-12T19:29:12.953+0000] {dag.py:3096} INFO - Sync 1 DAGs
[2025-11-12T19:29:12.974+0000] {logging_mixin.py:188} INFO - [2025-11-12T19:29:12.974+0000] {dag.py:3954} INFO - Setting next_dagrun for example_task_group to 2025-11-11 00:00:00+00:00, run_after=2025-11-12 00:00:00+00:00
[2025-11-12T19:29:13.002+0000] {processor.py:183} INFO - Processing /home/airflow/.local/lib/python3.12/site-packages/airflow/example_dags/example_task_group.py took 0.086 seconds
[2025-11-12T19:29:45.428+0000] {processor.py:161} INFO - Started process (PID=1610) to work on /home/airflow/.local/lib/python3.12/site-packages/airflow/example_dags/example_task_group.py
[2025-11-12T19:29:45.429+0000] {processor.py:830} INFO - Processing file /home/airflow/.local/lib/python3.12/site-packages/airflow/example_dags/example_task_group.py for tasks to queue
[2025-11-12T19:29:45.432+0000] {logging_mixin.py:188} INFO - [2025-11-12T19:29:45.431+0000] {dagbag.py:545} INFO - Filling up the DagBag from /home/airflow/.local/lib/python3.12/site-packages/airflow/example_dags/example_task_group.py
[2025-11-12T19:29:45.641+0000] {processor.py:840} INFO - DAG(s) 'example_task_group' retrieved from /home/airflow/.local/lib/python3.12/site-packages/airflow/example_dags/example_task_group.py
[2025-11-12T19:29:45.661+0000] {logging_mixin.py:188} INFO - [2025-11-12T19:29:45.661+0000] {dag.py:3096} INFO - Sync 1 DAGs
[2025-11-12T19:29:45.678+0000] {logging_mixin.py:188} INFO - [2025-11-12T19:29:45.678+0000] {dag.py:3954} INFO - Setting next_dagrun for example_task_group to 2025-11-11 00:00:00+00:00, run_after=2025-11-12 00:00:00+00:00
[2025-11-12T19:29:45.702+0000] {processor.py:183} INFO - Processing /home/airflow/.local/lib/python3.12/site-packages/airflow/example_dags/example_task_group.py took 0.280 seconds
[2025-11-12T19:30:16.450+0000] {processor.py:161} INFO - Started process (PID=1670) to work on /home/airflow/.local/lib/python3.12/site-packages/airflow/example_dags/example_task_group.py
[2025-11-12T19:30:16.451+0000] {processor.py:830} INFO - Processing file /home/airflow/.local/lib/python3.12/site-packages/airflow/example_dags/example_task_group.py for tasks to queue
[2025-11-12T19:30:16.453+0000] {logging_mixin.py:188} INFO - [2025-11-12T19:30:16.453+0000] {dagbag.py:545} INFO - Filling up the DagBag from /home/airflow/.local/lib/python3.12/site-packages/airflow/example_dags/example_task_group.py
[2025-11-12T19:30:16.463+0000] {processor.py:840} INFO - DAG(s) 'example_task_group' retrieved from /home/airflow/.local/lib/python3.12/site-packages/airflow/example_dags/example_task_group.py
[2025-11-12T19:30:16.494+0000] {logging_mixin.py:188} INFO - [2025-11-12T19:30:16.493+0000] {dag.py:3096} INFO - Sync 1 DAGs
[2025-11-12T19:30:16.517+0000] {logging_mixin.py:188} INFO - [2025-11-12T19:30:16.517+0000] {dag.py:3954} INFO - Setting next_dagrun for example_task_group to 2025-11-11 00:00:00+00:00, run_after=2025-11-12 00:00:00+00:00
[2025-11-12T19:30:16.542+0000] {processor.py:183} INFO - Processing /home/airflow/.local/lib/python3.12/site-packages/airflow/example_dags/example_task_group.py took 0.100 seconds
[2025-11-12T19:30:46.678+0000] {processor.py:161} INFO - Started process (PID=1730) to work on /home/airflow/.local/lib/python3.12/site-packages/airflow/example_dags/example_task_group.py
[2025-11-12T19:30:46.680+0000] {processor.py:830} INFO - Processing file /home/airflow/.local/lib/python3.12/site-packages/airflow/example_dags/example_task_group.py for tasks to queue
[2025-11-12T19:30:46.681+0000] {logging_mixin.py:188} INFO - [2025-11-12T19:30:46.681+0000] {dagbag.py:545} INFO - Filling up the DagBag from /home/airflow/.local/lib/python3.12/site-packages/airflow/example_dags/example_task_group.py
[2025-11-12T19:30:46.692+0000] {processor.py:840} INFO - DAG(s) 'example_task_group' retrieved from /home/airflow/.local/lib/python3.12/site-packages/airflow/example_dags/example_task_group.py
[2025-11-12T19:30:46.726+0000] {logging_mixin.py:188} INFO - [2025-11-12T19:30:46.725+0000] {dag.py:3096} INFO - Sync 1 DAGs
[2025-11-12T19:30:46.760+0000] {logging_mixin.py:188} INFO - [2025-11-12T19:30:46.760+0000] {dag.py:3954} INFO - Setting next_dagrun for example_task_group to 2025-11-11 00:00:00+00:00, run_after=2025-11-12 00:00:00+00:00
[2025-11-12T19:30:46.806+0000] {processor.py:183} INFO - Processing /home/airflow/.local/lib/python3.12/site-packages/airflow/example_dags/example_task_group.py took 0.136 seconds
[2025-11-12T19:31:17.074+0000] {processor.py:161} INFO - Started process (PID=1790) to work on /home/airflow/.local/lib/python3.12/site-packages/airflow/example_dags/example_task_group.py
[2025-11-12T19:31:17.076+0000] {processor.py:830} INFO - Processing file /home/airflow/.local/lib/python3.12/site-packages/airflow/example_dags/example_task_group.py for tasks to queue
[2025-11-12T19:31:17.079+0000] {logging_mixin.py:188} INFO - [2025-11-12T19:31:17.078+0000] {dagbag.py:545} INFO - Filling up the DagBag from /home/airflow/.local/lib/python3.12/site-packages/airflow/example_dags/example_task_group.py
[2025-11-12T19:31:17.087+0000] {processor.py:840} INFO - DAG(s) 'example_task_group' retrieved from /home/airflow/.local/lib/python3.12/site-packages/airflow/example_dags/example_task_group.py
[2025-11-12T19:31:17.108+0000] {logging_mixin.py:188} INFO - [2025-11-12T19:31:17.108+0000] {dag.py:3096} INFO - Sync 1 DAGs
[2025-11-12T19:31:17.127+0000] {logging_mixin.py:188} INFO - [2025-11-12T19:31:17.127+0000] {dag.py:3954} INFO - Setting next_dagrun for example_task_group to 2025-11-11 00:00:00+00:00, run_after=2025-11-12 00:00:00+00:00
[2025-11-12T19:31:17.161+0000] {processor.py:183} INFO - Processing /home/airflow/.local/lib/python3.12/site-packages/airflow/example_dags/example_task_group.py took 0.093 seconds
[2025-11-12T19:31:47.545+0000] {processor.py:161} INFO - Started process (PID=1853) to work on /home/airflow/.local/lib/python3.12/site-packages/airflow/example_dags/example_task_group.py
[2025-11-12T19:31:47.546+0000] {processor.py:830} INFO - Processing file /home/airflow/.local/lib/python3.12/site-packages/airflow/example_dags/example_task_group.py for tasks to queue
[2025-11-12T19:31:47.547+0000] {logging_mixin.py:188} INFO - [2025-11-12T19:31:47.547+0000] {dagbag.py:545} INFO - Filling up the DagBag from /home/airflow/.local/lib/python3.12/site-packages/airflow/example_dags/example_task_group.py
[2025-11-12T19:31:47.558+0000] {processor.py:840} INFO - DAG(s) 'example_task_group' retrieved from /home/airflow/.local/lib/python3.12/site-packages/airflow/example_dags/example_task_group.py
[2025-11-12T19:31:47.587+0000] {logging_mixin.py:188} INFO - [2025-11-12T19:31:47.586+0000] {dag.py:3096} INFO - Sync 1 DAGs
[2025-11-12T19:31:47.612+0000] {logging_mixin.py:188} INFO - [2025-11-12T19:31:47.612+0000] {dag.py:3954} INFO - Setting next_dagrun for example_task_group to 2025-11-11 00:00:00+00:00, run_after=2025-11-12 00:00:00+00:00
[2025-11-12T19:31:47.635+0000] {processor.py:183} INFO - Processing /home/airflow/.local/lib/python3.12/site-packages/airflow/example_dags/example_task_group.py took 0.096 seconds
