[2025-11-12T19:06:12.724+0000] {processor.py:161} INFO - Started process (PID=100) to work on /home/airflow/.local/lib/python3.12/site-packages/airflow/example_dags/example_setup_teardown.py
[2025-11-12T19:06:12.725+0000] {processor.py:830} INFO - Processing file /home/airflow/.local/lib/python3.12/site-packages/airflow/example_dags/example_setup_teardown.py for tasks to queue
[2025-11-12T19:06:12.728+0000] {logging_mixin.py:188} INFO - [2025-11-12T19:06:12.727+0000] {dagbag.py:545} INFO - Filling up the DagBag from /home/airflow/.local/lib/python3.12/site-packages/airflow/example_dags/example_setup_teardown.py
[2025-11-12T19:06:12.739+0000] {processor.py:840} INFO - DAG(s) 'example_setup_teardown' retrieved from /home/airflow/.local/lib/python3.12/site-packages/airflow/example_dags/example_setup_teardown.py
[2025-11-12T19:06:12.859+0000] {logging_mixin.py:188} INFO - [2025-11-12T19:06:12.859+0000] {dag.py:3096} INFO - Sync 1 DAGs
[2025-11-12T19:06:12.884+0000] {logging_mixin.py:188} INFO - [2025-11-12T19:06:12.883+0000] {dag.py:3954} INFO - Setting next_dagrun for example_setup_teardown to 2025-11-11 00:00:00+00:00, run_after=2025-11-12 00:00:00+00:00
[2025-11-12T19:06:12.912+0000] {processor.py:183} INFO - Processing /home/airflow/.local/lib/python3.12/site-packages/airflow/example_dags/example_setup_teardown.py took 0.192 seconds
[2025-11-12T19:06:43.498+0000] {processor.py:161} INFO - Started process (PID=161) to work on /home/airflow/.local/lib/python3.12/site-packages/airflow/example_dags/example_setup_teardown.py
[2025-11-12T19:06:43.499+0000] {processor.py:830} INFO - Processing file /home/airflow/.local/lib/python3.12/site-packages/airflow/example_dags/example_setup_teardown.py for tasks to queue
[2025-11-12T19:06:43.500+0000] {logging_mixin.py:188} INFO - [2025-11-12T19:06:43.500+0000] {dagbag.py:545} INFO - Filling up the DagBag from /home/airflow/.local/lib/python3.12/site-packages/airflow/example_dags/example_setup_teardown.py
[2025-11-12T19:06:43.507+0000] {processor.py:840} INFO - DAG(s) 'example_setup_teardown' retrieved from /home/airflow/.local/lib/python3.12/site-packages/airflow/example_dags/example_setup_teardown.py
[2025-11-12T19:06:43.536+0000] {logging_mixin.py:188} INFO - [2025-11-12T19:06:43.536+0000] {dag.py:3096} INFO - Sync 1 DAGs
[2025-11-12T19:06:43.569+0000] {logging_mixin.py:188} INFO - [2025-11-12T19:06:43.568+0000] {dag.py:3954} INFO - Setting next_dagrun for example_setup_teardown to 2025-11-11 00:00:00+00:00, run_after=2025-11-12 00:00:00+00:00
[2025-11-12T19:06:43.595+0000] {processor.py:183} INFO - Processing /home/airflow/.local/lib/python3.12/site-packages/airflow/example_dags/example_setup_teardown.py took 0.103 seconds
[2025-11-12T19:07:14.424+0000] {processor.py:161} INFO - Started process (PID=221) to work on /home/airflow/.local/lib/python3.12/site-packages/airflow/example_dags/example_setup_teardown.py
[2025-11-12T19:07:14.425+0000] {processor.py:830} INFO - Processing file /home/airflow/.local/lib/python3.12/site-packages/airflow/example_dags/example_setup_teardown.py for tasks to queue
[2025-11-12T19:07:14.427+0000] {logging_mixin.py:188} INFO - [2025-11-12T19:07:14.427+0000] {dagbag.py:545} INFO - Filling up the DagBag from /home/airflow/.local/lib/python3.12/site-packages/airflow/example_dags/example_setup_teardown.py
[2025-11-12T19:07:14.434+0000] {processor.py:840} INFO - DAG(s) 'example_setup_teardown' retrieved from /home/airflow/.local/lib/python3.12/site-packages/airflow/example_dags/example_setup_teardown.py
[2025-11-12T19:07:14.453+0000] {logging_mixin.py:188} INFO - [2025-11-12T19:07:14.452+0000] {dag.py:3096} INFO - Sync 1 DAGs
[2025-11-12T19:07:14.474+0000] {logging_mixin.py:188} INFO - [2025-11-12T19:07:14.473+0000] {dag.py:3954} INFO - Setting next_dagrun for example_setup_teardown to 2025-11-11 00:00:00+00:00, run_after=2025-11-12 00:00:00+00:00
[2025-11-12T19:07:14.499+0000] {processor.py:183} INFO - Processing /home/airflow/.local/lib/python3.12/site-packages/airflow/example_dags/example_setup_teardown.py took 0.079 seconds
[2025-11-12T19:07:44.648+0000] {processor.py:161} INFO - Started process (PID=281) to work on /home/airflow/.local/lib/python3.12/site-packages/airflow/example_dags/example_setup_teardown.py
[2025-11-12T19:07:44.649+0000] {processor.py:830} INFO - Processing file /home/airflow/.local/lib/python3.12/site-packages/airflow/example_dags/example_setup_teardown.py for tasks to queue
[2025-11-12T19:07:44.651+0000] {logging_mixin.py:188} INFO - [2025-11-12T19:07:44.651+0000] {dagbag.py:545} INFO - Filling up the DagBag from /home/airflow/.local/lib/python3.12/site-packages/airflow/example_dags/example_setup_teardown.py
[2025-11-12T19:07:44.658+0000] {processor.py:840} INFO - DAG(s) 'example_setup_teardown' retrieved from /home/airflow/.local/lib/python3.12/site-packages/airflow/example_dags/example_setup_teardown.py
[2025-11-12T19:07:44.681+0000] {logging_mixin.py:188} INFO - [2025-11-12T19:07:44.681+0000] {dag.py:3096} INFO - Sync 1 DAGs
[2025-11-12T19:07:44.701+0000] {logging_mixin.py:188} INFO - [2025-11-12T19:07:44.701+0000] {dag.py:3954} INFO - Setting next_dagrun for example_setup_teardown to 2025-11-11 00:00:00+00:00, run_after=2025-11-12 00:00:00+00:00
[2025-11-12T19:07:44.729+0000] {processor.py:183} INFO - Processing /home/airflow/.local/lib/python3.12/site-packages/airflow/example_dags/example_setup_teardown.py took 0.086 seconds
[2025-11-12T19:08:15.541+0000] {processor.py:161} INFO - Started process (PID=341) to work on /home/airflow/.local/lib/python3.12/site-packages/airflow/example_dags/example_setup_teardown.py
[2025-11-12T19:08:15.542+0000] {processor.py:830} INFO - Processing file /home/airflow/.local/lib/python3.12/site-packages/airflow/example_dags/example_setup_teardown.py for tasks to queue
[2025-11-12T19:08:15.543+0000] {logging_mixin.py:188} INFO - [2025-11-12T19:08:15.543+0000] {dagbag.py:545} INFO - Filling up the DagBag from /home/airflow/.local/lib/python3.12/site-packages/airflow/example_dags/example_setup_teardown.py
[2025-11-12T19:08:15.549+0000] {processor.py:840} INFO - DAG(s) 'example_setup_teardown' retrieved from /home/airflow/.local/lib/python3.12/site-packages/airflow/example_dags/example_setup_teardown.py
[2025-11-12T19:08:15.568+0000] {logging_mixin.py:188} INFO - [2025-11-12T19:08:15.568+0000] {dag.py:3096} INFO - Sync 1 DAGs
[2025-11-12T19:08:15.584+0000] {logging_mixin.py:188} INFO - [2025-11-12T19:08:15.584+0000] {dag.py:3954} INFO - Setting next_dagrun for example_setup_teardown to 2025-11-11 00:00:00+00:00, run_after=2025-11-12 00:00:00+00:00
[2025-11-12T19:08:15.605+0000] {processor.py:183} INFO - Processing /home/airflow/.local/lib/python3.12/site-packages/airflow/example_dags/example_setup_teardown.py took 0.068 seconds
[2025-11-12T19:08:46.072+0000] {processor.py:161} INFO - Started process (PID=401) to work on /home/airflow/.local/lib/python3.12/site-packages/airflow/example_dags/example_setup_teardown.py
[2025-11-12T19:08:46.073+0000] {processor.py:830} INFO - Processing file /home/airflow/.local/lib/python3.12/site-packages/airflow/example_dags/example_setup_teardown.py for tasks to queue
[2025-11-12T19:08:46.075+0000] {logging_mixin.py:188} INFO - [2025-11-12T19:08:46.074+0000] {dagbag.py:545} INFO - Filling up the DagBag from /home/airflow/.local/lib/python3.12/site-packages/airflow/example_dags/example_setup_teardown.py
[2025-11-12T19:08:46.083+0000] {processor.py:840} INFO - DAG(s) 'example_setup_teardown' retrieved from /home/airflow/.local/lib/python3.12/site-packages/airflow/example_dags/example_setup_teardown.py
[2025-11-12T19:08:46.125+0000] {logging_mixin.py:188} INFO - [2025-11-12T19:08:46.125+0000] {dag.py:3096} INFO - Sync 1 DAGs
[2025-11-12T19:08:46.149+0000] {logging_mixin.py:188} INFO - [2025-11-12T19:08:46.149+0000] {dag.py:3954} INFO - Setting next_dagrun for example_setup_teardown to 2025-11-11 00:00:00+00:00, run_after=2025-11-12 00:00:00+00:00
[2025-11-12T19:08:46.173+0000] {processor.py:183} INFO - Processing /home/airflow/.local/lib/python3.12/site-packages/airflow/example_dags/example_setup_teardown.py took 0.106 seconds
[2025-11-12T19:09:16.344+0000] {processor.py:161} INFO - Started process (PID=462) to work on /home/airflow/.local/lib/python3.12/site-packages/airflow/example_dags/example_setup_teardown.py
[2025-11-12T19:09:16.346+0000] {processor.py:830} INFO - Processing file /home/airflow/.local/lib/python3.12/site-packages/airflow/example_dags/example_setup_teardown.py for tasks to queue
[2025-11-12T19:09:16.347+0000] {logging_mixin.py:188} INFO - [2025-11-12T19:09:16.347+0000] {dagbag.py:545} INFO - Filling up the DagBag from /home/airflow/.local/lib/python3.12/site-packages/airflow/example_dags/example_setup_teardown.py
[2025-11-12T19:09:16.356+0000] {processor.py:840} INFO - DAG(s) 'example_setup_teardown' retrieved from /home/airflow/.local/lib/python3.12/site-packages/airflow/example_dags/example_setup_teardown.py
[2025-11-12T19:09:16.379+0000] {logging_mixin.py:188} INFO - [2025-11-12T19:09:16.378+0000] {dag.py:3096} INFO - Sync 1 DAGs
[2025-11-12T19:09:16.398+0000] {logging_mixin.py:188} INFO - [2025-11-12T19:09:16.398+0000] {dag.py:3954} INFO - Setting next_dagrun for example_setup_teardown to 2025-11-11 00:00:00+00:00, run_after=2025-11-12 00:00:00+00:00
[2025-11-12T19:09:16.424+0000] {processor.py:183} INFO - Processing /home/airflow/.local/lib/python3.12/site-packages/airflow/example_dags/example_setup_teardown.py took 0.084 seconds
[2025-11-12T19:09:47.343+0000] {processor.py:161} INFO - Started process (PID=523) to work on /home/airflow/.local/lib/python3.12/site-packages/airflow/example_dags/example_setup_teardown.py
[2025-11-12T19:09:47.345+0000] {processor.py:830} INFO - Processing file /home/airflow/.local/lib/python3.12/site-packages/airflow/example_dags/example_setup_teardown.py for tasks to queue
[2025-11-12T19:09:47.347+0000] {logging_mixin.py:188} INFO - [2025-11-12T19:09:47.346+0000] {dagbag.py:545} INFO - Filling up the DagBag from /home/airflow/.local/lib/python3.12/site-packages/airflow/example_dags/example_setup_teardown.py
[2025-11-12T19:09:47.361+0000] {processor.py:840} INFO - DAG(s) 'example_setup_teardown' retrieved from /home/airflow/.local/lib/python3.12/site-packages/airflow/example_dags/example_setup_teardown.py
[2025-11-12T19:09:47.387+0000] {logging_mixin.py:188} INFO - [2025-11-12T19:09:47.386+0000] {dag.py:3096} INFO - Sync 1 DAGs
[2025-11-12T19:09:47.411+0000] {logging_mixin.py:188} INFO - [2025-11-12T19:09:47.411+0000] {dag.py:3954} INFO - Setting next_dagrun for example_setup_teardown to 2025-11-11 00:00:00+00:00, run_after=2025-11-12 00:00:00+00:00
[2025-11-12T19:09:47.438+0000] {processor.py:183} INFO - Processing /home/airflow/.local/lib/python3.12/site-packages/airflow/example_dags/example_setup_teardown.py took 0.101 seconds
[2025-11-12T19:10:17.517+0000] {processor.py:161} INFO - Started process (PID=583) to work on /home/airflow/.local/lib/python3.12/site-packages/airflow/example_dags/example_setup_teardown.py
[2025-11-12T19:10:17.518+0000] {processor.py:830} INFO - Processing file /home/airflow/.local/lib/python3.12/site-packages/airflow/example_dags/example_setup_teardown.py for tasks to queue
[2025-11-12T19:10:17.519+0000] {logging_mixin.py:188} INFO - [2025-11-12T19:10:17.519+0000] {dagbag.py:545} INFO - Filling up the DagBag from /home/airflow/.local/lib/python3.12/site-packages/airflow/example_dags/example_setup_teardown.py
[2025-11-12T19:10:17.526+0000] {processor.py:840} INFO - DAG(s) 'example_setup_teardown' retrieved from /home/airflow/.local/lib/python3.12/site-packages/airflow/example_dags/example_setup_teardown.py
[2025-11-12T19:10:17.544+0000] {logging_mixin.py:188} INFO - [2025-11-12T19:10:17.544+0000] {dag.py:3096} INFO - Sync 1 DAGs
[2025-11-12T19:10:17.561+0000] {logging_mixin.py:188} INFO - [2025-11-12T19:10:17.561+0000] {dag.py:3954} INFO - Setting next_dagrun for example_setup_teardown to 2025-11-11 00:00:00+00:00, run_after=2025-11-12 00:00:00+00:00
[2025-11-12T19:10:17.584+0000] {processor.py:183} INFO - Processing /home/airflow/.local/lib/python3.12/site-packages/airflow/example_dags/example_setup_teardown.py took 0.071 seconds
[2025-11-12T19:10:47.884+0000] {processor.py:161} INFO - Started process (PID=644) to work on /home/airflow/.local/lib/python3.12/site-packages/airflow/example_dags/example_setup_teardown.py
[2025-11-12T19:10:47.885+0000] {processor.py:830} INFO - Processing file /home/airflow/.local/lib/python3.12/site-packages/airflow/example_dags/example_setup_teardown.py for tasks to queue
[2025-11-12T19:10:47.886+0000] {logging_mixin.py:188} INFO - [2025-11-12T19:10:47.886+0000] {dagbag.py:545} INFO - Filling up the DagBag from /home/airflow/.local/lib/python3.12/site-packages/airflow/example_dags/example_setup_teardown.py
[2025-11-12T19:10:47.892+0000] {processor.py:840} INFO - DAG(s) 'example_setup_teardown' retrieved from /home/airflow/.local/lib/python3.12/site-packages/airflow/example_dags/example_setup_teardown.py
[2025-11-12T19:10:47.911+0000] {logging_mixin.py:188} INFO - [2025-11-12T19:10:47.911+0000] {dag.py:3096} INFO - Sync 1 DAGs
[2025-11-12T19:10:47.930+0000] {logging_mixin.py:188} INFO - [2025-11-12T19:10:47.930+0000] {dag.py:3954} INFO - Setting next_dagrun for example_setup_teardown to 2025-11-11 00:00:00+00:00, run_after=2025-11-12 00:00:00+00:00
[2025-11-12T19:10:47.948+0000] {processor.py:183} INFO - Processing /home/airflow/.local/lib/python3.12/site-packages/airflow/example_dags/example_setup_teardown.py took 0.069 seconds
[2025-11-12T19:11:18.201+0000] {processor.py:161} INFO - Started process (PID=704) to work on /home/airflow/.local/lib/python3.12/site-packages/airflow/example_dags/example_setup_teardown.py
[2025-11-12T19:11:18.203+0000] {processor.py:830} INFO - Processing file /home/airflow/.local/lib/python3.12/site-packages/airflow/example_dags/example_setup_teardown.py for tasks to queue
[2025-11-12T19:11:18.204+0000] {logging_mixin.py:188} INFO - [2025-11-12T19:11:18.203+0000] {dagbag.py:545} INFO - Filling up the DagBag from /home/airflow/.local/lib/python3.12/site-packages/airflow/example_dags/example_setup_teardown.py
[2025-11-12T19:11:18.211+0000] {processor.py:840} INFO - DAG(s) 'example_setup_teardown' retrieved from /home/airflow/.local/lib/python3.12/site-packages/airflow/example_dags/example_setup_teardown.py
[2025-11-12T19:11:18.234+0000] {logging_mixin.py:188} INFO - [2025-11-12T19:11:18.234+0000] {dag.py:3096} INFO - Sync 1 DAGs
[2025-11-12T19:11:18.252+0000] {logging_mixin.py:188} INFO - [2025-11-12T19:11:18.251+0000] {dag.py:3954} INFO - Setting next_dagrun for example_setup_teardown to 2025-11-11 00:00:00+00:00, run_after=2025-11-12 00:00:00+00:00
[2025-11-12T19:11:18.292+0000] {processor.py:183} INFO - Processing /home/airflow/.local/lib/python3.12/site-packages/airflow/example_dags/example_setup_teardown.py took 0.095 seconds
[2025-11-12T19:11:49.337+0000] {processor.py:161} INFO - Started process (PID=764) to work on /home/airflow/.local/lib/python3.12/site-packages/airflow/example_dags/example_setup_teardown.py
[2025-11-12T19:11:49.339+0000] {processor.py:830} INFO - Processing file /home/airflow/.local/lib/python3.12/site-packages/airflow/example_dags/example_setup_teardown.py for tasks to queue
[2025-11-12T19:11:49.340+0000] {logging_mixin.py:188} INFO - [2025-11-12T19:11:49.339+0000] {dagbag.py:545} INFO - Filling up the DagBag from /home/airflow/.local/lib/python3.12/site-packages/airflow/example_dags/example_setup_teardown.py
[2025-11-12T19:11:49.347+0000] {processor.py:840} INFO - DAG(s) 'example_setup_teardown' retrieved from /home/airflow/.local/lib/python3.12/site-packages/airflow/example_dags/example_setup_teardown.py
[2025-11-12T19:11:49.369+0000] {logging_mixin.py:188} INFO - [2025-11-12T19:11:49.368+0000] {dag.py:3096} INFO - Sync 1 DAGs
[2025-11-12T19:11:49.389+0000] {logging_mixin.py:188} INFO - [2025-11-12T19:11:49.389+0000] {dag.py:3954} INFO - Setting next_dagrun for example_setup_teardown to 2025-11-11 00:00:00+00:00, run_after=2025-11-12 00:00:00+00:00
[2025-11-12T19:11:49.413+0000] {processor.py:183} INFO - Processing /home/airflow/.local/lib/python3.12/site-packages/airflow/example_dags/example_setup_teardown.py took 0.081 seconds
[2025-11-12T19:12:20.519+0000] {processor.py:161} INFO - Started process (PID=824) to work on /home/airflow/.local/lib/python3.12/site-packages/airflow/example_dags/example_setup_teardown.py
[2025-11-12T19:12:20.520+0000] {processor.py:830} INFO - Processing file /home/airflow/.local/lib/python3.12/site-packages/airflow/example_dags/example_setup_teardown.py for tasks to queue
[2025-11-12T19:12:20.521+0000] {logging_mixin.py:188} INFO - [2025-11-12T19:12:20.521+0000] {dagbag.py:545} INFO - Filling up the DagBag from /home/airflow/.local/lib/python3.12/site-packages/airflow/example_dags/example_setup_teardown.py
[2025-11-12T19:12:20.527+0000] {processor.py:840} INFO - DAG(s) 'example_setup_teardown' retrieved from /home/airflow/.local/lib/python3.12/site-packages/airflow/example_dags/example_setup_teardown.py
[2025-11-12T19:12:20.546+0000] {logging_mixin.py:188} INFO - [2025-11-12T19:12:20.545+0000] {dag.py:3096} INFO - Sync 1 DAGs
[2025-11-12T19:12:20.569+0000] {logging_mixin.py:188} INFO - [2025-11-12T19:12:20.568+0000] {dag.py:3954} INFO - Setting next_dagrun for example_setup_teardown to 2025-11-11 00:00:00+00:00, run_after=2025-11-12 00:00:00+00:00
[2025-11-12T19:12:20.593+0000] {processor.py:183} INFO - Processing /home/airflow/.local/lib/python3.12/site-packages/airflow/example_dags/example_setup_teardown.py took 0.079 seconds
[2025-11-12T19:12:50.956+0000] {processor.py:161} INFO - Started process (PID=884) to work on /home/airflow/.local/lib/python3.12/site-packages/airflow/example_dags/example_setup_teardown.py
[2025-11-12T19:12:50.957+0000] {processor.py:830} INFO - Processing file /home/airflow/.local/lib/python3.12/site-packages/airflow/example_dags/example_setup_teardown.py for tasks to queue
[2025-11-12T19:12:50.958+0000] {logging_mixin.py:188} INFO - [2025-11-12T19:12:50.958+0000] {dagbag.py:545} INFO - Filling up the DagBag from /home/airflow/.local/lib/python3.12/site-packages/airflow/example_dags/example_setup_teardown.py
[2025-11-12T19:12:50.964+0000] {processor.py:840} INFO - DAG(s) 'example_setup_teardown' retrieved from /home/airflow/.local/lib/python3.12/site-packages/airflow/example_dags/example_setup_teardown.py
[2025-11-12T19:12:50.983+0000] {logging_mixin.py:188} INFO - [2025-11-12T19:12:50.983+0000] {dag.py:3096} INFO - Sync 1 DAGs
[2025-11-12T19:12:51.000+0000] {logging_mixin.py:188} INFO - [2025-11-12T19:12:51.000+0000] {dag.py:3954} INFO - Setting next_dagrun for example_setup_teardown to 2025-11-11 00:00:00+00:00, run_after=2025-11-12 00:00:00+00:00
[2025-11-12T19:12:51.023+0000] {processor.py:183} INFO - Processing /home/airflow/.local/lib/python3.12/site-packages/airflow/example_dags/example_setup_teardown.py took 0.072 seconds
[2025-11-12T19:13:21.525+0000] {processor.py:161} INFO - Started process (PID=945) to work on /home/airflow/.local/lib/python3.12/site-packages/airflow/example_dags/example_setup_teardown.py
[2025-11-12T19:13:21.526+0000] {processor.py:830} INFO - Processing file /home/airflow/.local/lib/python3.12/site-packages/airflow/example_dags/example_setup_teardown.py for tasks to queue
[2025-11-12T19:13:21.527+0000] {logging_mixin.py:188} INFO - [2025-11-12T19:13:21.527+0000] {dagbag.py:545} INFO - Filling up the DagBag from /home/airflow/.local/lib/python3.12/site-packages/airflow/example_dags/example_setup_teardown.py
[2025-11-12T19:13:21.535+0000] {processor.py:840} INFO - DAG(s) 'example_setup_teardown' retrieved from /home/airflow/.local/lib/python3.12/site-packages/airflow/example_dags/example_setup_teardown.py
[2025-11-12T19:13:21.556+0000] {logging_mixin.py:188} INFO - [2025-11-12T19:13:21.556+0000] {dag.py:3096} INFO - Sync 1 DAGs
[2025-11-12T19:13:21.576+0000] {logging_mixin.py:188} INFO - [2025-11-12T19:13:21.575+0000] {dag.py:3954} INFO - Setting next_dagrun for example_setup_teardown to 2025-11-11 00:00:00+00:00, run_after=2025-11-12 00:00:00+00:00
[2025-11-12T19:13:21.596+0000] {processor.py:183} INFO - Processing /home/airflow/.local/lib/python3.12/site-packages/airflow/example_dags/example_setup_teardown.py took 0.076 seconds
[2025-11-12T19:13:52.217+0000] {processor.py:161} INFO - Started process (PID=1005) to work on /home/airflow/.local/lib/python3.12/site-packages/airflow/example_dags/example_setup_teardown.py
[2025-11-12T19:13:52.219+0000] {processor.py:830} INFO - Processing file /home/airflow/.local/lib/python3.12/site-packages/airflow/example_dags/example_setup_teardown.py for tasks to queue
[2025-11-12T19:13:52.220+0000] {logging_mixin.py:188} INFO - [2025-11-12T19:13:52.219+0000] {dagbag.py:545} INFO - Filling up the DagBag from /home/airflow/.local/lib/python3.12/site-packages/airflow/example_dags/example_setup_teardown.py
[2025-11-12T19:13:52.228+0000] {processor.py:840} INFO - DAG(s) 'example_setup_teardown' retrieved from /home/airflow/.local/lib/python3.12/site-packages/airflow/example_dags/example_setup_teardown.py
[2025-11-12T19:13:52.252+0000] {logging_mixin.py:188} INFO - [2025-11-12T19:13:52.252+0000] {dag.py:3096} INFO - Sync 1 DAGs
[2025-11-12T19:13:52.276+0000] {logging_mixin.py:188} INFO - [2025-11-12T19:13:52.276+0000] {dag.py:3954} INFO - Setting next_dagrun for example_setup_teardown to 2025-11-11 00:00:00+00:00, run_after=2025-11-12 00:00:00+00:00
[2025-11-12T19:13:52.295+0000] {processor.py:183} INFO - Processing /home/airflow/.local/lib/python3.12/site-packages/airflow/example_dags/example_setup_teardown.py took 0.083 seconds
[2025-11-12T19:14:22.997+0000] {processor.py:161} INFO - Started process (PID=1065) to work on /home/airflow/.local/lib/python3.12/site-packages/airflow/example_dags/example_setup_teardown.py
[2025-11-12T19:14:22.999+0000] {processor.py:830} INFO - Processing file /home/airflow/.local/lib/python3.12/site-packages/airflow/example_dags/example_setup_teardown.py for tasks to queue
[2025-11-12T19:14:23.000+0000] {logging_mixin.py:188} INFO - [2025-11-12T19:14:23.000+0000] {dagbag.py:545} INFO - Filling up the DagBag from /home/airflow/.local/lib/python3.12/site-packages/airflow/example_dags/example_setup_teardown.py
[2025-11-12T19:14:23.007+0000] {processor.py:840} INFO - DAG(s) 'example_setup_teardown' retrieved from /home/airflow/.local/lib/python3.12/site-packages/airflow/example_dags/example_setup_teardown.py
[2025-11-12T19:14:23.032+0000] {logging_mixin.py:188} INFO - [2025-11-12T19:14:23.032+0000] {dag.py:3096} INFO - Sync 1 DAGs
[2025-11-12T19:14:23.055+0000] {logging_mixin.py:188} INFO - [2025-11-12T19:14:23.055+0000] {dag.py:3954} INFO - Setting next_dagrun for example_setup_teardown to 2025-11-11 00:00:00+00:00, run_after=2025-11-12 00:00:00+00:00
[2025-11-12T19:14:23.086+0000] {processor.py:183} INFO - Processing /home/airflow/.local/lib/python3.12/site-packages/airflow/example_dags/example_setup_teardown.py took 0.094 seconds
[2025-11-12T19:14:53.158+0000] {processor.py:161} INFO - Started process (PID=1124) to work on /home/airflow/.local/lib/python3.12/site-packages/airflow/example_dags/example_setup_teardown.py
[2025-11-12T19:14:53.160+0000] {processor.py:830} INFO - Processing file /home/airflow/.local/lib/python3.12/site-packages/airflow/example_dags/example_setup_teardown.py for tasks to queue
[2025-11-12T19:14:53.162+0000] {logging_mixin.py:188} INFO - [2025-11-12T19:14:53.161+0000] {dagbag.py:545} INFO - Filling up the DagBag from /home/airflow/.local/lib/python3.12/site-packages/airflow/example_dags/example_setup_teardown.py
[2025-11-12T19:14:53.170+0000] {processor.py:840} INFO - DAG(s) 'example_setup_teardown' retrieved from /home/airflow/.local/lib/python3.12/site-packages/airflow/example_dags/example_setup_teardown.py
[2025-11-12T19:14:53.194+0000] {logging_mixin.py:188} INFO - [2025-11-12T19:14:53.194+0000] {dag.py:3096} INFO - Sync 1 DAGs
[2025-11-12T19:14:53.212+0000] {logging_mixin.py:188} INFO - [2025-11-12T19:14:53.212+0000] {dag.py:3954} INFO - Setting next_dagrun for example_setup_teardown to 2025-11-11 00:00:00+00:00, run_after=2025-11-12 00:00:00+00:00
[2025-11-12T19:14:53.233+0000] {processor.py:183} INFO - Processing /home/airflow/.local/lib/python3.12/site-packages/airflow/example_dags/example_setup_teardown.py took 0.083 seconds
[2025-11-12T19:15:23.746+0000] {processor.py:161} INFO - Started process (PID=1184) to work on /home/airflow/.local/lib/python3.12/site-packages/airflow/example_dags/example_setup_teardown.py
[2025-11-12T19:15:23.747+0000] {processor.py:830} INFO - Processing file /home/airflow/.local/lib/python3.12/site-packages/airflow/example_dags/example_setup_teardown.py for tasks to queue
[2025-11-12T19:15:23.748+0000] {logging_mixin.py:188} INFO - [2025-11-12T19:15:23.748+0000] {dagbag.py:545} INFO - Filling up the DagBag from /home/airflow/.local/lib/python3.12/site-packages/airflow/example_dags/example_setup_teardown.py
[2025-11-12T19:15:23.754+0000] {processor.py:840} INFO - DAG(s) 'example_setup_teardown' retrieved from /home/airflow/.local/lib/python3.12/site-packages/airflow/example_dags/example_setup_teardown.py
[2025-11-12T19:15:23.774+0000] {logging_mixin.py:188} INFO - [2025-11-12T19:15:23.774+0000] {dag.py:3096} INFO - Sync 1 DAGs
[2025-11-12T19:15:23.791+0000] {logging_mixin.py:188} INFO - [2025-11-12T19:15:23.791+0000] {dag.py:3954} INFO - Setting next_dagrun for example_setup_teardown to 2025-11-11 00:00:00+00:00, run_after=2025-11-12 00:00:00+00:00
[2025-11-12T19:15:23.812+0000] {processor.py:183} INFO - Processing /home/airflow/.local/lib/python3.12/site-packages/airflow/example_dags/example_setup_teardown.py took 0.071 seconds
[2025-11-12T19:15:54.232+0000] {processor.py:161} INFO - Started process (PID=1244) to work on /home/airflow/.local/lib/python3.12/site-packages/airflow/example_dags/example_setup_teardown.py
[2025-11-12T19:15:54.233+0000] {processor.py:830} INFO - Processing file /home/airflow/.local/lib/python3.12/site-packages/airflow/example_dags/example_setup_teardown.py for tasks to queue
[2025-11-12T19:15:54.234+0000] {logging_mixin.py:188} INFO - [2025-11-12T19:15:54.234+0000] {dagbag.py:545} INFO - Filling up the DagBag from /home/airflow/.local/lib/python3.12/site-packages/airflow/example_dags/example_setup_teardown.py
[2025-11-12T19:15:54.241+0000] {processor.py:840} INFO - DAG(s) 'example_setup_teardown' retrieved from /home/airflow/.local/lib/python3.12/site-packages/airflow/example_dags/example_setup_teardown.py
[2025-11-12T19:15:54.263+0000] {logging_mixin.py:188} INFO - [2025-11-12T19:15:54.262+0000] {dag.py:3096} INFO - Sync 1 DAGs
[2025-11-12T19:15:54.280+0000] {logging_mixin.py:188} INFO - [2025-11-12T19:15:54.279+0000] {dag.py:3954} INFO - Setting next_dagrun for example_setup_teardown to 2025-11-11 00:00:00+00:00, run_after=2025-11-12 00:00:00+00:00
[2025-11-12T19:15:54.301+0000] {processor.py:183} INFO - Processing /home/airflow/.local/lib/python3.12/site-packages/airflow/example_dags/example_setup_teardown.py took 0.074 seconds
[2025-11-12T19:16:59.048+0000] {processor.py:161} INFO - Started process (PID=101) to work on /home/airflow/.local/lib/python3.12/site-packages/airflow/example_dags/example_setup_teardown.py
[2025-11-12T19:16:59.050+0000] {processor.py:830} INFO - Processing file /home/airflow/.local/lib/python3.12/site-packages/airflow/example_dags/example_setup_teardown.py for tasks to queue
[2025-11-12T19:16:59.052+0000] {logging_mixin.py:188} INFO - [2025-11-12T19:16:59.052+0000] {dagbag.py:545} INFO - Filling up the DagBag from /home/airflow/.local/lib/python3.12/site-packages/airflow/example_dags/example_setup_teardown.py
[2025-11-12T19:16:59.063+0000] {processor.py:840} INFO - DAG(s) 'example_setup_teardown' retrieved from /home/airflow/.local/lib/python3.12/site-packages/airflow/example_dags/example_setup_teardown.py
[2025-11-12T19:16:59.165+0000] {logging_mixin.py:188} INFO - [2025-11-12T19:16:59.165+0000] {dag.py:3096} INFO - Sync 1 DAGs
[2025-11-12T19:16:59.189+0000] {logging_mixin.py:188} INFO - [2025-11-12T19:16:59.188+0000] {dag.py:3954} INFO - Setting next_dagrun for example_setup_teardown to 2025-11-11 00:00:00+00:00, run_after=2025-11-12 00:00:00+00:00
[2025-11-12T19:16:59.213+0000] {processor.py:183} INFO - Processing /home/airflow/.local/lib/python3.12/site-packages/airflow/example_dags/example_setup_teardown.py took 0.171 seconds
[2025-11-12T19:17:29.611+0000] {processor.py:161} INFO - Started process (PID=161) to work on /home/airflow/.local/lib/python3.12/site-packages/airflow/example_dags/example_setup_teardown.py
[2025-11-12T19:17:29.613+0000] {processor.py:830} INFO - Processing file /home/airflow/.local/lib/python3.12/site-packages/airflow/example_dags/example_setup_teardown.py for tasks to queue
[2025-11-12T19:17:29.615+0000] {logging_mixin.py:188} INFO - [2025-11-12T19:17:29.615+0000] {dagbag.py:545} INFO - Filling up the DagBag from /home/airflow/.local/lib/python3.12/site-packages/airflow/example_dags/example_setup_teardown.py
[2025-11-12T19:17:29.621+0000] {processor.py:840} INFO - DAG(s) 'example_setup_teardown' retrieved from /home/airflow/.local/lib/python3.12/site-packages/airflow/example_dags/example_setup_teardown.py
[2025-11-12T19:17:29.643+0000] {logging_mixin.py:188} INFO - [2025-11-12T19:17:29.643+0000] {dag.py:3096} INFO - Sync 1 DAGs
[2025-11-12T19:17:29.669+0000] {logging_mixin.py:188} INFO - [2025-11-12T19:17:29.669+0000] {dag.py:3954} INFO - Setting next_dagrun for example_setup_teardown to 2025-11-11 00:00:00+00:00, run_after=2025-11-12 00:00:00+00:00
[2025-11-12T19:17:29.699+0000] {processor.py:183} INFO - Processing /home/airflow/.local/lib/python3.12/site-packages/airflow/example_dags/example_setup_teardown.py took 0.092 seconds
[2025-11-12T19:18:00.567+0000] {processor.py:161} INFO - Started process (PID=221) to work on /home/airflow/.local/lib/python3.12/site-packages/airflow/example_dags/example_setup_teardown.py
[2025-11-12T19:18:00.568+0000] {processor.py:830} INFO - Processing file /home/airflow/.local/lib/python3.12/site-packages/airflow/example_dags/example_setup_teardown.py for tasks to queue
[2025-11-12T19:18:00.570+0000] {logging_mixin.py:188} INFO - [2025-11-12T19:18:00.570+0000] {dagbag.py:545} INFO - Filling up the DagBag from /home/airflow/.local/lib/python3.12/site-packages/airflow/example_dags/example_setup_teardown.py
[2025-11-12T19:18:00.576+0000] {processor.py:840} INFO - DAG(s) 'example_setup_teardown' retrieved from /home/airflow/.local/lib/python3.12/site-packages/airflow/example_dags/example_setup_teardown.py
[2025-11-12T19:18:00.599+0000] {logging_mixin.py:188} INFO - [2025-11-12T19:18:00.599+0000] {dag.py:3096} INFO - Sync 1 DAGs
[2025-11-12T19:18:00.618+0000] {logging_mixin.py:188} INFO - [2025-11-12T19:18:00.618+0000] {dag.py:3954} INFO - Setting next_dagrun for example_setup_teardown to 2025-11-11 00:00:00+00:00, run_after=2025-11-12 00:00:00+00:00
[2025-11-12T19:18:00.651+0000] {processor.py:183} INFO - Processing /home/airflow/.local/lib/python3.12/site-packages/airflow/example_dags/example_setup_teardown.py took 0.088 seconds
[2025-11-12T19:18:30.873+0000] {processor.py:161} INFO - Started process (PID=281) to work on /home/airflow/.local/lib/python3.12/site-packages/airflow/example_dags/example_setup_teardown.py
[2025-11-12T19:18:30.874+0000] {processor.py:830} INFO - Processing file /home/airflow/.local/lib/python3.12/site-packages/airflow/example_dags/example_setup_teardown.py for tasks to queue
[2025-11-12T19:18:30.876+0000] {logging_mixin.py:188} INFO - [2025-11-12T19:18:30.875+0000] {dagbag.py:545} INFO - Filling up the DagBag from /home/airflow/.local/lib/python3.12/site-packages/airflow/example_dags/example_setup_teardown.py
[2025-11-12T19:18:30.881+0000] {processor.py:840} INFO - DAG(s) 'example_setup_teardown' retrieved from /home/airflow/.local/lib/python3.12/site-packages/airflow/example_dags/example_setup_teardown.py
[2025-11-12T19:18:30.900+0000] {logging_mixin.py:188} INFO - [2025-11-12T19:18:30.900+0000] {dag.py:3096} INFO - Sync 1 DAGs
[2025-11-12T19:18:30.919+0000] {logging_mixin.py:188} INFO - [2025-11-12T19:18:30.919+0000] {dag.py:3954} INFO - Setting next_dagrun for example_setup_teardown to 2025-11-11 00:00:00+00:00, run_after=2025-11-12 00:00:00+00:00
[2025-11-12T19:18:30.940+0000] {processor.py:183} INFO - Processing /home/airflow/.local/lib/python3.12/site-packages/airflow/example_dags/example_setup_teardown.py took 0.071 seconds
[2025-11-12T19:19:01.320+0000] {processor.py:161} INFO - Started process (PID=342) to work on /home/airflow/.local/lib/python3.12/site-packages/airflow/example_dags/example_setup_teardown.py
[2025-11-12T19:19:01.321+0000] {processor.py:830} INFO - Processing file /home/airflow/.local/lib/python3.12/site-packages/airflow/example_dags/example_setup_teardown.py for tasks to queue
[2025-11-12T19:19:01.323+0000] {logging_mixin.py:188} INFO - [2025-11-12T19:19:01.323+0000] {dagbag.py:545} INFO - Filling up the DagBag from /home/airflow/.local/lib/python3.12/site-packages/airflow/example_dags/example_setup_teardown.py
[2025-11-12T19:19:01.329+0000] {processor.py:840} INFO - DAG(s) 'example_setup_teardown' retrieved from /home/airflow/.local/lib/python3.12/site-packages/airflow/example_dags/example_setup_teardown.py
[2025-11-12T19:19:01.349+0000] {logging_mixin.py:188} INFO - [2025-11-12T19:19:01.348+0000] {dag.py:3096} INFO - Sync 1 DAGs
[2025-11-12T19:19:01.367+0000] {logging_mixin.py:188} INFO - [2025-11-12T19:19:01.367+0000] {dag.py:3954} INFO - Setting next_dagrun for example_setup_teardown to 2025-11-11 00:00:00+00:00, run_after=2025-11-12 00:00:00+00:00
[2025-11-12T19:19:01.388+0000] {processor.py:183} INFO - Processing /home/airflow/.local/lib/python3.12/site-packages/airflow/example_dags/example_setup_teardown.py took 0.073 seconds
[2025-11-12T19:19:31.479+0000] {processor.py:161} INFO - Started process (PID=402) to work on /home/airflow/.local/lib/python3.12/site-packages/airflow/example_dags/example_setup_teardown.py
[2025-11-12T19:19:31.480+0000] {processor.py:830} INFO - Processing file /home/airflow/.local/lib/python3.12/site-packages/airflow/example_dags/example_setup_teardown.py for tasks to queue
[2025-11-12T19:19:31.482+0000] {logging_mixin.py:188} INFO - [2025-11-12T19:19:31.482+0000] {dagbag.py:545} INFO - Filling up the DagBag from /home/airflow/.local/lib/python3.12/site-packages/airflow/example_dags/example_setup_teardown.py
[2025-11-12T19:19:31.489+0000] {processor.py:840} INFO - DAG(s) 'example_setup_teardown' retrieved from /home/airflow/.local/lib/python3.12/site-packages/airflow/example_dags/example_setup_teardown.py
[2025-11-12T19:19:31.510+0000] {logging_mixin.py:188} INFO - [2025-11-12T19:19:31.509+0000] {dag.py:3096} INFO - Sync 1 DAGs
[2025-11-12T19:19:31.533+0000] {logging_mixin.py:188} INFO - [2025-11-12T19:19:31.533+0000] {dag.py:3954} INFO - Setting next_dagrun for example_setup_teardown to 2025-11-11 00:00:00+00:00, run_after=2025-11-12 00:00:00+00:00
[2025-11-12T19:19:31.569+0000] {processor.py:183} INFO - Processing /home/airflow/.local/lib/python3.12/site-packages/airflow/example_dags/example_setup_teardown.py took 0.094 seconds
[2025-11-12T19:20:02.081+0000] {processor.py:161} INFO - Started process (PID=462) to work on /home/airflow/.local/lib/python3.12/site-packages/airflow/example_dags/example_setup_teardown.py
[2025-11-12T19:20:02.082+0000] {processor.py:830} INFO - Processing file /home/airflow/.local/lib/python3.12/site-packages/airflow/example_dags/example_setup_teardown.py for tasks to queue
[2025-11-12T19:20:02.084+0000] {logging_mixin.py:188} INFO - [2025-11-12T19:20:02.084+0000] {dagbag.py:545} INFO - Filling up the DagBag from /home/airflow/.local/lib/python3.12/site-packages/airflow/example_dags/example_setup_teardown.py
[2025-11-12T19:20:02.093+0000] {processor.py:840} INFO - DAG(s) 'example_setup_teardown' retrieved from /home/airflow/.local/lib/python3.12/site-packages/airflow/example_dags/example_setup_teardown.py
[2025-11-12T19:20:02.112+0000] {logging_mixin.py:188} INFO - [2025-11-12T19:20:02.112+0000] {dag.py:3096} INFO - Sync 1 DAGs
[2025-11-12T19:20:02.146+0000] {logging_mixin.py:188} INFO - [2025-11-12T19:20:02.146+0000] {dag.py:3954} INFO - Setting next_dagrun for example_setup_teardown to 2025-11-11 00:00:00+00:00, run_after=2025-11-12 00:00:00+00:00
[2025-11-12T19:20:02.171+0000] {processor.py:183} INFO - Processing /home/airflow/.local/lib/python3.12/site-packages/airflow/example_dags/example_setup_teardown.py took 0.094 seconds
[2025-11-12T19:20:33.506+0000] {processor.py:161} INFO - Started process (PID=523) to work on /home/airflow/.local/lib/python3.12/site-packages/airflow/example_dags/example_setup_teardown.py
[2025-11-12T19:20:33.507+0000] {processor.py:830} INFO - Processing file /home/airflow/.local/lib/python3.12/site-packages/airflow/example_dags/example_setup_teardown.py for tasks to queue
[2025-11-12T19:20:33.510+0000] {logging_mixin.py:188} INFO - [2025-11-12T19:20:33.509+0000] {dagbag.py:545} INFO - Filling up the DagBag from /home/airflow/.local/lib/python3.12/site-packages/airflow/example_dags/example_setup_teardown.py
[2025-11-12T19:20:33.519+0000] {processor.py:840} INFO - DAG(s) 'example_setup_teardown' retrieved from /home/airflow/.local/lib/python3.12/site-packages/airflow/example_dags/example_setup_teardown.py
[2025-11-12T19:20:33.545+0000] {logging_mixin.py:188} INFO - [2025-11-12T19:20:33.545+0000] {dag.py:3096} INFO - Sync 1 DAGs
[2025-11-12T19:20:33.571+0000] {logging_mixin.py:188} INFO - [2025-11-12T19:20:33.570+0000] {dag.py:3954} INFO - Setting next_dagrun for example_setup_teardown to 2025-11-11 00:00:00+00:00, run_after=2025-11-12 00:00:00+00:00
[2025-11-12T19:20:33.596+0000] {processor.py:183} INFO - Processing /home/airflow/.local/lib/python3.12/site-packages/airflow/example_dags/example_setup_teardown.py took 0.094 seconds
[2025-11-12T19:21:03.806+0000] {processor.py:161} INFO - Started process (PID=583) to work on /home/airflow/.local/lib/python3.12/site-packages/airflow/example_dags/example_setup_teardown.py
[2025-11-12T19:21:03.808+0000] {processor.py:830} INFO - Processing file /home/airflow/.local/lib/python3.12/site-packages/airflow/example_dags/example_setup_teardown.py for tasks to queue
[2025-11-12T19:21:03.809+0000] {logging_mixin.py:188} INFO - [2025-11-12T19:21:03.809+0000] {dagbag.py:545} INFO - Filling up the DagBag from /home/airflow/.local/lib/python3.12/site-packages/airflow/example_dags/example_setup_teardown.py
[2025-11-12T19:21:03.816+0000] {processor.py:840} INFO - DAG(s) 'example_setup_teardown' retrieved from /home/airflow/.local/lib/python3.12/site-packages/airflow/example_dags/example_setup_teardown.py
[2025-11-12T19:21:03.836+0000] {logging_mixin.py:188} INFO - [2025-11-12T19:21:03.836+0000] {dag.py:3096} INFO - Sync 1 DAGs
[2025-11-12T19:21:03.852+0000] {logging_mixin.py:188} INFO - [2025-11-12T19:21:03.852+0000] {dag.py:3954} INFO - Setting next_dagrun for example_setup_teardown to 2025-11-11 00:00:00+00:00, run_after=2025-11-12 00:00:00+00:00
[2025-11-12T19:21:03.871+0000] {processor.py:183} INFO - Processing /home/airflow/.local/lib/python3.12/site-packages/airflow/example_dags/example_setup_teardown.py took 0.069 seconds
[2025-11-12T19:21:34.106+0000] {processor.py:161} INFO - Started process (PID=643) to work on /home/airflow/.local/lib/python3.12/site-packages/airflow/example_dags/example_setup_teardown.py
[2025-11-12T19:21:34.107+0000] {processor.py:830} INFO - Processing file /home/airflow/.local/lib/python3.12/site-packages/airflow/example_dags/example_setup_teardown.py for tasks to queue
[2025-11-12T19:21:34.110+0000] {logging_mixin.py:188} INFO - [2025-11-12T19:21:34.109+0000] {dagbag.py:545} INFO - Filling up the DagBag from /home/airflow/.local/lib/python3.12/site-packages/airflow/example_dags/example_setup_teardown.py
[2025-11-12T19:21:34.117+0000] {processor.py:840} INFO - DAG(s) 'example_setup_teardown' retrieved from /home/airflow/.local/lib/python3.12/site-packages/airflow/example_dags/example_setup_teardown.py
[2025-11-12T19:21:34.138+0000] {logging_mixin.py:188} INFO - [2025-11-12T19:21:34.138+0000] {dag.py:3096} INFO - Sync 1 DAGs
[2025-11-12T19:21:34.158+0000] {logging_mixin.py:188} INFO - [2025-11-12T19:21:34.158+0000] {dag.py:3954} INFO - Setting next_dagrun for example_setup_teardown to 2025-11-11 00:00:00+00:00, run_after=2025-11-12 00:00:00+00:00
[2025-11-12T19:21:34.177+0000] {processor.py:183} INFO - Processing /home/airflow/.local/lib/python3.12/site-packages/airflow/example_dags/example_setup_teardown.py took 0.076 seconds
[2025-11-12T19:22:04.311+0000] {processor.py:161} INFO - Started process (PID=703) to work on /home/airflow/.local/lib/python3.12/site-packages/airflow/example_dags/example_setup_teardown.py
[2025-11-12T19:22:04.313+0000] {processor.py:830} INFO - Processing file /home/airflow/.local/lib/python3.12/site-packages/airflow/example_dags/example_setup_teardown.py for tasks to queue
[2025-11-12T19:22:04.316+0000] {logging_mixin.py:188} INFO - [2025-11-12T19:22:04.316+0000] {dagbag.py:545} INFO - Filling up the DagBag from /home/airflow/.local/lib/python3.12/site-packages/airflow/example_dags/example_setup_teardown.py
[2025-11-12T19:22:04.326+0000] {processor.py:840} INFO - DAG(s) 'example_setup_teardown' retrieved from /home/airflow/.local/lib/python3.12/site-packages/airflow/example_dags/example_setup_teardown.py
[2025-11-12T19:22:04.354+0000] {logging_mixin.py:188} INFO - [2025-11-12T19:22:04.354+0000] {dag.py:3096} INFO - Sync 1 DAGs
[2025-11-12T19:22:04.379+0000] {logging_mixin.py:188} INFO - [2025-11-12T19:22:04.379+0000] {dag.py:3954} INFO - Setting next_dagrun for example_setup_teardown to 2025-11-11 00:00:00+00:00, run_after=2025-11-12 00:00:00+00:00
[2025-11-12T19:22:04.402+0000] {processor.py:183} INFO - Processing /home/airflow/.local/lib/python3.12/site-packages/airflow/example_dags/example_setup_teardown.py took 0.098 seconds
[2025-11-12T19:22:34.487+0000] {processor.py:161} INFO - Started process (PID=763) to work on /home/airflow/.local/lib/python3.12/site-packages/airflow/example_dags/example_setup_teardown.py
[2025-11-12T19:22:34.488+0000] {processor.py:830} INFO - Processing file /home/airflow/.local/lib/python3.12/site-packages/airflow/example_dags/example_setup_teardown.py for tasks to queue
[2025-11-12T19:22:34.490+0000] {logging_mixin.py:188} INFO - [2025-11-12T19:22:34.489+0000] {dagbag.py:545} INFO - Filling up the DagBag from /home/airflow/.local/lib/python3.12/site-packages/airflow/example_dags/example_setup_teardown.py
[2025-11-12T19:22:34.496+0000] {processor.py:840} INFO - DAG(s) 'example_setup_teardown' retrieved from /home/airflow/.local/lib/python3.12/site-packages/airflow/example_dags/example_setup_teardown.py
[2025-11-12T19:22:34.516+0000] {logging_mixin.py:188} INFO - [2025-11-12T19:22:34.516+0000] {dag.py:3096} INFO - Sync 1 DAGs
[2025-11-12T19:22:34.533+0000] {logging_mixin.py:188} INFO - [2025-11-12T19:22:34.533+0000] {dag.py:3954} INFO - Setting next_dagrun for example_setup_teardown to 2025-11-11 00:00:00+00:00, run_after=2025-11-12 00:00:00+00:00
[2025-11-12T19:22:34.554+0000] {processor.py:183} INFO - Processing /home/airflow/.local/lib/python3.12/site-packages/airflow/example_dags/example_setup_teardown.py took 0.071 seconds
[2025-11-12T19:23:04.707+0000] {processor.py:161} INFO - Started process (PID=823) to work on /home/airflow/.local/lib/python3.12/site-packages/airflow/example_dags/example_setup_teardown.py
[2025-11-12T19:23:04.708+0000] {processor.py:830} INFO - Processing file /home/airflow/.local/lib/python3.12/site-packages/airflow/example_dags/example_setup_teardown.py for tasks to queue
[2025-11-12T19:23:04.710+0000] {logging_mixin.py:188} INFO - [2025-11-12T19:23:04.710+0000] {dagbag.py:545} INFO - Filling up the DagBag from /home/airflow/.local/lib/python3.12/site-packages/airflow/example_dags/example_setup_teardown.py
[2025-11-12T19:23:04.716+0000] {processor.py:840} INFO - DAG(s) 'example_setup_teardown' retrieved from /home/airflow/.local/lib/python3.12/site-packages/airflow/example_dags/example_setup_teardown.py
[2025-11-12T19:23:04.736+0000] {logging_mixin.py:188} INFO - [2025-11-12T19:23:04.735+0000] {dag.py:3096} INFO - Sync 1 DAGs
[2025-11-12T19:23:04.753+0000] {logging_mixin.py:188} INFO - [2025-11-12T19:23:04.753+0000] {dag.py:3954} INFO - Setting next_dagrun for example_setup_teardown to 2025-11-11 00:00:00+00:00, run_after=2025-11-12 00:00:00+00:00
[2025-11-12T19:23:04.788+0000] {processor.py:183} INFO - Processing /home/airflow/.local/lib/python3.12/site-packages/airflow/example_dags/example_setup_teardown.py took 0.085 seconds
[2025-11-12T19:23:35.036+0000] {processor.py:161} INFO - Started process (PID=883) to work on /home/airflow/.local/lib/python3.12/site-packages/airflow/example_dags/example_setup_teardown.py
[2025-11-12T19:23:35.037+0000] {processor.py:830} INFO - Processing file /home/airflow/.local/lib/python3.12/site-packages/airflow/example_dags/example_setup_teardown.py for tasks to queue
[2025-11-12T19:23:35.039+0000] {logging_mixin.py:188} INFO - [2025-11-12T19:23:35.039+0000] {dagbag.py:545} INFO - Filling up the DagBag from /home/airflow/.local/lib/python3.12/site-packages/airflow/example_dags/example_setup_teardown.py
[2025-11-12T19:23:35.045+0000] {processor.py:840} INFO - DAG(s) 'example_setup_teardown' retrieved from /home/airflow/.local/lib/python3.12/site-packages/airflow/example_dags/example_setup_teardown.py
[2025-11-12T19:23:35.066+0000] {logging_mixin.py:188} INFO - [2025-11-12T19:23:35.065+0000] {dag.py:3096} INFO - Sync 1 DAGs
[2025-11-12T19:23:35.084+0000] {logging_mixin.py:188} INFO - [2025-11-12T19:23:35.084+0000] {dag.py:3954} INFO - Setting next_dagrun for example_setup_teardown to 2025-11-11 00:00:00+00:00, run_after=2025-11-12 00:00:00+00:00
[2025-11-12T19:23:35.104+0000] {processor.py:183} INFO - Processing /home/airflow/.local/lib/python3.12/site-packages/airflow/example_dags/example_setup_teardown.py took 0.073 seconds
[2025-11-12T19:24:05.442+0000] {processor.py:161} INFO - Started process (PID=943) to work on /home/airflow/.local/lib/python3.12/site-packages/airflow/example_dags/example_setup_teardown.py
[2025-11-12T19:24:05.444+0000] {processor.py:830} INFO - Processing file /home/airflow/.local/lib/python3.12/site-packages/airflow/example_dags/example_setup_teardown.py for tasks to queue
[2025-11-12T19:24:05.446+0000] {logging_mixin.py:188} INFO - [2025-11-12T19:24:05.446+0000] {dagbag.py:545} INFO - Filling up the DagBag from /home/airflow/.local/lib/python3.12/site-packages/airflow/example_dags/example_setup_teardown.py
[2025-11-12T19:24:05.454+0000] {processor.py:840} INFO - DAG(s) 'example_setup_teardown' retrieved from /home/airflow/.local/lib/python3.12/site-packages/airflow/example_dags/example_setup_teardown.py
[2025-11-12T19:24:05.475+0000] {logging_mixin.py:188} INFO - [2025-11-12T19:24:05.475+0000] {dag.py:3096} INFO - Sync 1 DAGs
[2025-11-12T19:24:05.492+0000] {logging_mixin.py:188} INFO - [2025-11-12T19:24:05.492+0000] {dag.py:3954} INFO - Setting next_dagrun for example_setup_teardown to 2025-11-11 00:00:00+00:00, run_after=2025-11-12 00:00:00+00:00
[2025-11-12T19:24:05.514+0000] {processor.py:183} INFO - Processing /home/airflow/.local/lib/python3.12/site-packages/airflow/example_dags/example_setup_teardown.py took 0.077 seconds
[2025-11-12T19:24:36.559+0000] {processor.py:161} INFO - Started process (PID=1003) to work on /home/airflow/.local/lib/python3.12/site-packages/airflow/example_dags/example_setup_teardown.py
[2025-11-12T19:24:36.560+0000] {processor.py:830} INFO - Processing file /home/airflow/.local/lib/python3.12/site-packages/airflow/example_dags/example_setup_teardown.py for tasks to queue
[2025-11-12T19:24:36.562+0000] {logging_mixin.py:188} INFO - [2025-11-12T19:24:36.562+0000] {dagbag.py:545} INFO - Filling up the DagBag from /home/airflow/.local/lib/python3.12/site-packages/airflow/example_dags/example_setup_teardown.py
[2025-11-12T19:24:36.568+0000] {processor.py:840} INFO - DAG(s) 'example_setup_teardown' retrieved from /home/airflow/.local/lib/python3.12/site-packages/airflow/example_dags/example_setup_teardown.py
[2025-11-12T19:24:36.591+0000] {logging_mixin.py:188} INFO - [2025-11-12T19:24:36.590+0000] {dag.py:3096} INFO - Sync 1 DAGs
[2025-11-12T19:24:36.606+0000] {logging_mixin.py:188} INFO - [2025-11-12T19:24:36.606+0000] {dag.py:3954} INFO - Setting next_dagrun for example_setup_teardown to 2025-11-11 00:00:00+00:00, run_after=2025-11-12 00:00:00+00:00
[2025-11-12T19:24:36.644+0000] {processor.py:183} INFO - Processing /home/airflow/.local/lib/python3.12/site-packages/airflow/example_dags/example_setup_teardown.py took 0.089 seconds
[2025-11-12T19:25:06.912+0000] {processor.py:161} INFO - Started process (PID=1062) to work on /home/airflow/.local/lib/python3.12/site-packages/airflow/example_dags/example_setup_teardown.py
[2025-11-12T19:25:06.913+0000] {processor.py:830} INFO - Processing file /home/airflow/.local/lib/python3.12/site-packages/airflow/example_dags/example_setup_teardown.py for tasks to queue
[2025-11-12T19:25:06.916+0000] {logging_mixin.py:188} INFO - [2025-11-12T19:25:06.915+0000] {dagbag.py:545} INFO - Filling up the DagBag from /home/airflow/.local/lib/python3.12/site-packages/airflow/example_dags/example_setup_teardown.py
[2025-11-12T19:25:06.922+0000] {processor.py:840} INFO - DAG(s) 'example_setup_teardown' retrieved from /home/airflow/.local/lib/python3.12/site-packages/airflow/example_dags/example_setup_teardown.py
[2025-11-12T19:25:06.942+0000] {logging_mixin.py:188} INFO - [2025-11-12T19:25:06.942+0000] {dag.py:3096} INFO - Sync 1 DAGs
[2025-11-12T19:25:06.959+0000] {logging_mixin.py:188} INFO - [2025-11-12T19:25:06.959+0000] {dag.py:3954} INFO - Setting next_dagrun for example_setup_teardown to 2025-11-11 00:00:00+00:00, run_after=2025-11-12 00:00:00+00:00
[2025-11-12T19:25:06.980+0000] {processor.py:183} INFO - Processing /home/airflow/.local/lib/python3.12/site-packages/airflow/example_dags/example_setup_teardown.py took 0.073 seconds
[2025-11-12T19:25:37.153+0000] {processor.py:161} INFO - Started process (PID=1122) to work on /home/airflow/.local/lib/python3.12/site-packages/airflow/example_dags/example_setup_teardown.py
[2025-11-12T19:25:37.154+0000] {processor.py:830} INFO - Processing file /home/airflow/.local/lib/python3.12/site-packages/airflow/example_dags/example_setup_teardown.py for tasks to queue
[2025-11-12T19:25:37.156+0000] {logging_mixin.py:188} INFO - [2025-11-12T19:25:37.156+0000] {dagbag.py:545} INFO - Filling up the DagBag from /home/airflow/.local/lib/python3.12/site-packages/airflow/example_dags/example_setup_teardown.py
[2025-11-12T19:25:37.162+0000] {processor.py:840} INFO - DAG(s) 'example_setup_teardown' retrieved from /home/airflow/.local/lib/python3.12/site-packages/airflow/example_dags/example_setup_teardown.py
[2025-11-12T19:25:37.186+0000] {logging_mixin.py:188} INFO - [2025-11-12T19:25:37.186+0000] {dag.py:3096} INFO - Sync 1 DAGs
[2025-11-12T19:25:37.210+0000] {logging_mixin.py:188} INFO - [2025-11-12T19:25:37.210+0000] {dag.py:3954} INFO - Setting next_dagrun for example_setup_teardown to 2025-11-11 00:00:00+00:00, run_after=2025-11-12 00:00:00+00:00
[2025-11-12T19:25:37.231+0000] {processor.py:183} INFO - Processing /home/airflow/.local/lib/python3.12/site-packages/airflow/example_dags/example_setup_teardown.py took 0.083 seconds
[2025-11-12T19:26:07.532+0000] {processor.py:161} INFO - Started process (PID=1183) to work on /home/airflow/.local/lib/python3.12/site-packages/airflow/example_dags/example_setup_teardown.py
[2025-11-12T19:26:07.533+0000] {processor.py:830} INFO - Processing file /home/airflow/.local/lib/python3.12/site-packages/airflow/example_dags/example_setup_teardown.py for tasks to queue
[2025-11-12T19:26:07.535+0000] {logging_mixin.py:188} INFO - [2025-11-12T19:26:07.535+0000] {dagbag.py:545} INFO - Filling up the DagBag from /home/airflow/.local/lib/python3.12/site-packages/airflow/example_dags/example_setup_teardown.py
[2025-11-12T19:26:07.542+0000] {processor.py:840} INFO - DAG(s) 'example_setup_teardown' retrieved from /home/airflow/.local/lib/python3.12/site-packages/airflow/example_dags/example_setup_teardown.py
[2025-11-12T19:26:07.564+0000] {logging_mixin.py:188} INFO - [2025-11-12T19:26:07.563+0000] {dag.py:3096} INFO - Sync 1 DAGs
[2025-11-12T19:26:07.584+0000] {logging_mixin.py:188} INFO - [2025-11-12T19:26:07.584+0000] {dag.py:3954} INFO - Setting next_dagrun for example_setup_teardown to 2025-11-11 00:00:00+00:00, run_after=2025-11-12 00:00:00+00:00
[2025-11-12T19:26:07.606+0000] {processor.py:183} INFO - Processing /home/airflow/.local/lib/python3.12/site-packages/airflow/example_dags/example_setup_teardown.py took 0.079 seconds
[2025-11-12T19:26:38.046+0000] {processor.py:161} INFO - Started process (PID=1244) to work on /home/airflow/.local/lib/python3.12/site-packages/airflow/example_dags/example_setup_teardown.py
[2025-11-12T19:26:38.049+0000] {processor.py:830} INFO - Processing file /home/airflow/.local/lib/python3.12/site-packages/airflow/example_dags/example_setup_teardown.py for tasks to queue
[2025-11-12T19:26:38.052+0000] {logging_mixin.py:188} INFO - [2025-11-12T19:26:38.051+0000] {dagbag.py:545} INFO - Filling up the DagBag from /home/airflow/.local/lib/python3.12/site-packages/airflow/example_dags/example_setup_teardown.py
[2025-11-12T19:26:38.060+0000] {processor.py:840} INFO - DAG(s) 'example_setup_teardown' retrieved from /home/airflow/.local/lib/python3.12/site-packages/airflow/example_dags/example_setup_teardown.py
[2025-11-12T19:26:38.086+0000] {logging_mixin.py:188} INFO - [2025-11-12T19:26:38.086+0000] {dag.py:3096} INFO - Sync 1 DAGs
[2025-11-12T19:26:38.110+0000] {logging_mixin.py:188} INFO - [2025-11-12T19:26:38.110+0000] {dag.py:3954} INFO - Setting next_dagrun for example_setup_teardown to 2025-11-11 00:00:00+00:00, run_after=2025-11-12 00:00:00+00:00
[2025-11-12T19:26:38.137+0000] {processor.py:183} INFO - Processing /home/airflow/.local/lib/python3.12/site-packages/airflow/example_dags/example_setup_teardown.py took 0.098 seconds
[2025-11-12T19:27:08.527+0000] {processor.py:161} INFO - Started process (PID=1304) to work on /home/airflow/.local/lib/python3.12/site-packages/airflow/example_dags/example_setup_teardown.py
[2025-11-12T19:27:08.529+0000] {processor.py:830} INFO - Processing file /home/airflow/.local/lib/python3.12/site-packages/airflow/example_dags/example_setup_teardown.py for tasks to queue
[2025-11-12T19:27:08.532+0000] {logging_mixin.py:188} INFO - [2025-11-12T19:27:08.532+0000] {dagbag.py:545} INFO - Filling up the DagBag from /home/airflow/.local/lib/python3.12/site-packages/airflow/example_dags/example_setup_teardown.py
[2025-11-12T19:27:08.544+0000] {processor.py:840} INFO - DAG(s) 'example_setup_teardown' retrieved from /home/airflow/.local/lib/python3.12/site-packages/airflow/example_dags/example_setup_teardown.py
[2025-11-12T19:27:08.582+0000] {logging_mixin.py:188} INFO - [2025-11-12T19:27:08.581+0000] {dag.py:3096} INFO - Sync 1 DAGs
[2025-11-12T19:27:08.635+0000] {logging_mixin.py:188} INFO - [2025-11-12T19:27:08.634+0000] {dag.py:3954} INFO - Setting next_dagrun for example_setup_teardown to 2025-11-11 00:00:00+00:00, run_after=2025-11-12 00:00:00+00:00
[2025-11-12T19:27:08.678+0000] {processor.py:183} INFO - Processing /home/airflow/.local/lib/python3.12/site-packages/airflow/example_dags/example_setup_teardown.py took 0.161 seconds
[2025-11-12T19:27:38.837+0000] {processor.py:161} INFO - Started process (PID=1364) to work on /home/airflow/.local/lib/python3.12/site-packages/airflow/example_dags/example_setup_teardown.py
[2025-11-12T19:27:38.838+0000] {processor.py:830} INFO - Processing file /home/airflow/.local/lib/python3.12/site-packages/airflow/example_dags/example_setup_teardown.py for tasks to queue
[2025-11-12T19:27:38.840+0000] {logging_mixin.py:188} INFO - [2025-11-12T19:27:38.840+0000] {dagbag.py:545} INFO - Filling up the DagBag from /home/airflow/.local/lib/python3.12/site-packages/airflow/example_dags/example_setup_teardown.py
[2025-11-12T19:27:38.846+0000] {processor.py:840} INFO - DAG(s) 'example_setup_teardown' retrieved from /home/airflow/.local/lib/python3.12/site-packages/airflow/example_dags/example_setup_teardown.py
[2025-11-12T19:27:38.867+0000] {logging_mixin.py:188} INFO - [2025-11-12T19:27:38.867+0000] {dag.py:3096} INFO - Sync 1 DAGs
[2025-11-12T19:27:38.886+0000] {logging_mixin.py:188} INFO - [2025-11-12T19:27:38.886+0000] {dag.py:3954} INFO - Setting next_dagrun for example_setup_teardown to 2025-11-11 00:00:00+00:00, run_after=2025-11-12 00:00:00+00:00
[2025-11-12T19:27:38.907+0000] {processor.py:183} INFO - Processing /home/airflow/.local/lib/python3.12/site-packages/airflow/example_dags/example_setup_teardown.py took 0.075 seconds
[2025-11-12T19:28:11.026+0000] {processor.py:161} INFO - Started process (PID=1425) to work on /home/airflow/.local/lib/python3.12/site-packages/airflow/example_dags/example_setup_teardown.py
[2025-11-12T19:28:11.027+0000] {processor.py:830} INFO - Processing file /home/airflow/.local/lib/python3.12/site-packages/airflow/example_dags/example_setup_teardown.py for tasks to queue
[2025-11-12T19:28:11.029+0000] {logging_mixin.py:188} INFO - [2025-11-12T19:28:11.029+0000] {dagbag.py:545} INFO - Filling up the DagBag from /home/airflow/.local/lib/python3.12/site-packages/airflow/example_dags/example_setup_teardown.py
[2025-11-12T19:28:11.036+0000] {processor.py:840} INFO - DAG(s) 'example_setup_teardown' retrieved from /home/airflow/.local/lib/python3.12/site-packages/airflow/example_dags/example_setup_teardown.py
[2025-11-12T19:28:11.058+0000] {logging_mixin.py:188} INFO - [2025-11-12T19:28:11.058+0000] {dag.py:3096} INFO - Sync 1 DAGs
[2025-11-12T19:28:11.294+0000] {logging_mixin.py:188} INFO - [2025-11-12T19:28:11.293+0000] {dag.py:3954} INFO - Setting next_dagrun for example_setup_teardown to 2025-11-11 00:00:00+00:00, run_after=2025-11-12 00:00:00+00:00
[2025-11-12T19:28:11.316+0000] {processor.py:183} INFO - Processing /home/airflow/.local/lib/python3.12/site-packages/airflow/example_dags/example_setup_teardown.py took 0.296 seconds
[2025-11-12T19:28:41.407+0000] {processor.py:161} INFO - Started process (PID=1485) to work on /home/airflow/.local/lib/python3.12/site-packages/airflow/example_dags/example_setup_teardown.py
[2025-11-12T19:28:41.409+0000] {processor.py:830} INFO - Processing file /home/airflow/.local/lib/python3.12/site-packages/airflow/example_dags/example_setup_teardown.py for tasks to queue
[2025-11-12T19:28:41.411+0000] {logging_mixin.py:188} INFO - [2025-11-12T19:28:41.410+0000] {dagbag.py:545} INFO - Filling up the DagBag from /home/airflow/.local/lib/python3.12/site-packages/airflow/example_dags/example_setup_teardown.py
[2025-11-12T19:28:41.416+0000] {processor.py:840} INFO - DAG(s) 'example_setup_teardown' retrieved from /home/airflow/.local/lib/python3.12/site-packages/airflow/example_dags/example_setup_teardown.py
[2025-11-12T19:28:41.437+0000] {logging_mixin.py:188} INFO - [2025-11-12T19:28:41.437+0000] {dag.py:3096} INFO - Sync 1 DAGs
[2025-11-12T19:28:41.454+0000] {logging_mixin.py:188} INFO - [2025-11-12T19:28:41.454+0000] {dag.py:3954} INFO - Setting next_dagrun for example_setup_teardown to 2025-11-11 00:00:00+00:00, run_after=2025-11-12 00:00:00+00:00
[2025-11-12T19:28:41.475+0000] {processor.py:183} INFO - Processing /home/airflow/.local/lib/python3.12/site-packages/airflow/example_dags/example_setup_teardown.py took 0.072 seconds
[2025-11-12T19:29:11.577+0000] {processor.py:161} INFO - Started process (PID=1545) to work on /home/airflow/.local/lib/python3.12/site-packages/airflow/example_dags/example_setup_teardown.py
[2025-11-12T19:29:11.579+0000] {processor.py:830} INFO - Processing file /home/airflow/.local/lib/python3.12/site-packages/airflow/example_dags/example_setup_teardown.py for tasks to queue
[2025-11-12T19:29:11.581+0000] {logging_mixin.py:188} INFO - [2025-11-12T19:29:11.580+0000] {dagbag.py:545} INFO - Filling up the DagBag from /home/airflow/.local/lib/python3.12/site-packages/airflow/example_dags/example_setup_teardown.py
[2025-11-12T19:29:11.587+0000] {processor.py:840} INFO - DAG(s) 'example_setup_teardown' retrieved from /home/airflow/.local/lib/python3.12/site-packages/airflow/example_dags/example_setup_teardown.py
[2025-11-12T19:29:11.607+0000] {logging_mixin.py:188} INFO - [2025-11-12T19:29:11.607+0000] {dag.py:3096} INFO - Sync 1 DAGs
[2025-11-12T19:29:11.626+0000] {logging_mixin.py:188} INFO - [2025-11-12T19:29:11.626+0000] {dag.py:3954} INFO - Setting next_dagrun for example_setup_teardown to 2025-11-11 00:00:00+00:00, run_after=2025-11-12 00:00:00+00:00
[2025-11-12T19:29:11.651+0000] {processor.py:183} INFO - Processing /home/airflow/.local/lib/python3.12/site-packages/airflow/example_dags/example_setup_teardown.py took 0.079 seconds
[2025-11-12T19:29:44.124+0000] {processor.py:161} INFO - Started process (PID=1605) to work on /home/airflow/.local/lib/python3.12/site-packages/airflow/example_dags/example_setup_teardown.py
[2025-11-12T19:29:44.125+0000] {processor.py:830} INFO - Processing file /home/airflow/.local/lib/python3.12/site-packages/airflow/example_dags/example_setup_teardown.py for tasks to queue
[2025-11-12T19:29:44.128+0000] {logging_mixin.py:188} INFO - [2025-11-12T19:29:44.127+0000] {dagbag.py:545} INFO - Filling up the DagBag from /home/airflow/.local/lib/python3.12/site-packages/airflow/example_dags/example_setup_teardown.py
[2025-11-12T19:29:44.136+0000] {processor.py:840} INFO - DAG(s) 'example_setup_teardown' retrieved from /home/airflow/.local/lib/python3.12/site-packages/airflow/example_dags/example_setup_teardown.py
[2025-11-12T19:29:44.434+0000] {logging_mixin.py:188} INFO - [2025-11-12T19:29:44.434+0000] {dag.py:3096} INFO - Sync 1 DAGs
[2025-11-12T19:29:44.453+0000] {logging_mixin.py:188} INFO - [2025-11-12T19:29:44.453+0000] {dag.py:3954} INFO - Setting next_dagrun for example_setup_teardown to 2025-11-11 00:00:00+00:00, run_after=2025-11-12 00:00:00+00:00
[2025-11-12T19:29:44.472+0000] {processor.py:183} INFO - Processing /home/airflow/.local/lib/python3.12/site-packages/airflow/example_dags/example_setup_teardown.py took 0.353 seconds
[2025-11-12T19:30:15.000+0000] {processor.py:161} INFO - Started process (PID=1665) to work on /home/airflow/.local/lib/python3.12/site-packages/airflow/example_dags/example_setup_teardown.py
[2025-11-12T19:30:15.001+0000] {processor.py:830} INFO - Processing file /home/airflow/.local/lib/python3.12/site-packages/airflow/example_dags/example_setup_teardown.py for tasks to queue
[2025-11-12T19:30:15.004+0000] {logging_mixin.py:188} INFO - [2025-11-12T19:30:15.004+0000] {dagbag.py:545} INFO - Filling up the DagBag from /home/airflow/.local/lib/python3.12/site-packages/airflow/example_dags/example_setup_teardown.py
[2025-11-12T19:30:15.015+0000] {processor.py:840} INFO - DAG(s) 'example_setup_teardown' retrieved from /home/airflow/.local/lib/python3.12/site-packages/airflow/example_dags/example_setup_teardown.py
[2025-11-12T19:30:15.043+0000] {logging_mixin.py:188} INFO - [2025-11-12T19:30:15.042+0000] {dag.py:3096} INFO - Sync 1 DAGs
[2025-11-12T19:30:15.065+0000] {logging_mixin.py:188} INFO - [2025-11-12T19:30:15.065+0000] {dag.py:3954} INFO - Setting next_dagrun for example_setup_teardown to 2025-11-11 00:00:00+00:00, run_after=2025-11-12 00:00:00+00:00
[2025-11-12T19:30:15.096+0000] {processor.py:183} INFO - Processing /home/airflow/.local/lib/python3.12/site-packages/airflow/example_dags/example_setup_teardown.py took 0.103 seconds
[2025-11-12T19:30:45.277+0000] {processor.py:161} INFO - Started process (PID=1725) to work on /home/airflow/.local/lib/python3.12/site-packages/airflow/example_dags/example_setup_teardown.py
[2025-11-12T19:30:45.278+0000] {processor.py:830} INFO - Processing file /home/airflow/.local/lib/python3.12/site-packages/airflow/example_dags/example_setup_teardown.py for tasks to queue
[2025-11-12T19:30:45.280+0000] {logging_mixin.py:188} INFO - [2025-11-12T19:30:45.280+0000] {dagbag.py:545} INFO - Filling up the DagBag from /home/airflow/.local/lib/python3.12/site-packages/airflow/example_dags/example_setup_teardown.py
[2025-11-12T19:30:45.287+0000] {processor.py:840} INFO - DAG(s) 'example_setup_teardown' retrieved from /home/airflow/.local/lib/python3.12/site-packages/airflow/example_dags/example_setup_teardown.py
[2025-11-12T19:30:45.308+0000] {logging_mixin.py:188} INFO - [2025-11-12T19:30:45.308+0000] {dag.py:3096} INFO - Sync 1 DAGs
[2025-11-12T19:30:45.329+0000] {logging_mixin.py:188} INFO - [2025-11-12T19:30:45.329+0000] {dag.py:3954} INFO - Setting next_dagrun for example_setup_teardown to 2025-11-11 00:00:00+00:00, run_after=2025-11-12 00:00:00+00:00
[2025-11-12T19:30:45.349+0000] {processor.py:183} INFO - Processing /home/airflow/.local/lib/python3.12/site-packages/airflow/example_dags/example_setup_teardown.py took 0.077 seconds
[2025-11-12T19:31:15.775+0000] {processor.py:161} INFO - Started process (PID=1785) to work on /home/airflow/.local/lib/python3.12/site-packages/airflow/example_dags/example_setup_teardown.py
[2025-11-12T19:31:15.777+0000] {processor.py:830} INFO - Processing file /home/airflow/.local/lib/python3.12/site-packages/airflow/example_dags/example_setup_teardown.py for tasks to queue
[2025-11-12T19:31:15.779+0000] {logging_mixin.py:188} INFO - [2025-11-12T19:31:15.779+0000] {dagbag.py:545} INFO - Filling up the DagBag from /home/airflow/.local/lib/python3.12/site-packages/airflow/example_dags/example_setup_teardown.py
[2025-11-12T19:31:15.788+0000] {processor.py:840} INFO - DAG(s) 'example_setup_teardown' retrieved from /home/airflow/.local/lib/python3.12/site-packages/airflow/example_dags/example_setup_teardown.py
[2025-11-12T19:31:15.817+0000] {logging_mixin.py:188} INFO - [2025-11-12T19:31:15.817+0000] {dag.py:3096} INFO - Sync 1 DAGs
[2025-11-12T19:31:15.843+0000] {logging_mixin.py:188} INFO - [2025-11-12T19:31:15.843+0000] {dag.py:3954} INFO - Setting next_dagrun for example_setup_teardown to 2025-11-11 00:00:00+00:00, run_after=2025-11-12 00:00:00+00:00
[2025-11-12T19:31:15.865+0000] {processor.py:183} INFO - Processing /home/airflow/.local/lib/python3.12/site-packages/airflow/example_dags/example_setup_teardown.py took 0.096 seconds
[2025-11-12T19:31:46.253+0000] {processor.py:161} INFO - Started process (PID=1848) to work on /home/airflow/.local/lib/python3.12/site-packages/airflow/example_dags/example_setup_teardown.py
[2025-11-12T19:31:46.254+0000] {processor.py:830} INFO - Processing file /home/airflow/.local/lib/python3.12/site-packages/airflow/example_dags/example_setup_teardown.py for tasks to queue
[2025-11-12T19:31:46.257+0000] {logging_mixin.py:188} INFO - [2025-11-12T19:31:46.256+0000] {dagbag.py:545} INFO - Filling up the DagBag from /home/airflow/.local/lib/python3.12/site-packages/airflow/example_dags/example_setup_teardown.py
[2025-11-12T19:31:46.265+0000] {processor.py:840} INFO - DAG(s) 'example_setup_teardown' retrieved from /home/airflow/.local/lib/python3.12/site-packages/airflow/example_dags/example_setup_teardown.py
[2025-11-12T19:31:46.289+0000] {logging_mixin.py:188} INFO - [2025-11-12T19:31:46.288+0000] {dag.py:3096} INFO - Sync 1 DAGs
[2025-11-12T19:31:46.308+0000] {logging_mixin.py:188} INFO - [2025-11-12T19:31:46.307+0000] {dag.py:3954} INFO - Setting next_dagrun for example_setup_teardown to 2025-11-11 00:00:00+00:00, run_after=2025-11-12 00:00:00+00:00
[2025-11-12T19:31:46.326+0000] {processor.py:183} INFO - Processing /home/airflow/.local/lib/python3.12/site-packages/airflow/example_dags/example_setup_teardown.py took 0.079 seconds
