[2025-11-12T19:06:12.529+0000] {processor.py:161} INFO - Started process (PID=99) to work on /home/airflow/.local/lib/python3.12/site-packages/airflow/example_dags/example_latest_only.py
[2025-11-12T19:06:12.530+0000] {processor.py:830} INFO - Processing file /home/airflow/.local/lib/python3.12/site-packages/airflow/example_dags/example_latest_only.py for tasks to queue
[2025-11-12T19:06:12.533+0000] {logging_mixin.py:188} INFO - [2025-11-12T19:06:12.533+0000] {dagbag.py:545} INFO - Filling up the DagBag from /home/airflow/.local/lib/python3.12/site-packages/airflow/example_dags/example_latest_only.py
[2025-11-12T19:06:12.543+0000] {processor.py:840} INFO - DAG(s) 'latest_only' retrieved from /home/airflow/.local/lib/python3.12/site-packages/airflow/example_dags/example_latest_only.py
[2025-11-12T19:06:12.655+0000] {logging_mixin.py:188} INFO - [2025-11-12T19:06:12.655+0000] {dag.py:3096} INFO - Sync 1 DAGs
[2025-11-12T19:06:12.680+0000] {logging_mixin.py:188} INFO - [2025-11-12T19:06:12.680+0000] {dag.py:3954} INFO - Setting next_dagrun for latest_only to 2025-11-12 12:00:00+00:00, run_after=2025-11-12 16:00:00+00:00
[2025-11-12T19:06:12.707+0000] {processor.py:183} INFO - Processing /home/airflow/.local/lib/python3.12/site-packages/airflow/example_dags/example_latest_only.py took 0.185 seconds
[2025-11-12T19:06:43.323+0000] {processor.py:161} INFO - Started process (PID=160) to work on /home/airflow/.local/lib/python3.12/site-packages/airflow/example_dags/example_latest_only.py
[2025-11-12T19:06:43.325+0000] {processor.py:830} INFO - Processing file /home/airflow/.local/lib/python3.12/site-packages/airflow/example_dags/example_latest_only.py for tasks to queue
[2025-11-12T19:06:43.327+0000] {logging_mixin.py:188} INFO - [2025-11-12T19:06:43.326+0000] {dagbag.py:545} INFO - Filling up the DagBag from /home/airflow/.local/lib/python3.12/site-packages/airflow/example_dags/example_latest_only.py
[2025-11-12T19:06:43.331+0000] {processor.py:840} INFO - DAG(s) 'latest_only' retrieved from /home/airflow/.local/lib/python3.12/site-packages/airflow/example_dags/example_latest_only.py
[2025-11-12T19:06:43.354+0000] {logging_mixin.py:188} INFO - [2025-11-12T19:06:43.353+0000] {dag.py:3096} INFO - Sync 1 DAGs
[2025-11-12T19:06:43.378+0000] {logging_mixin.py:188} INFO - [2025-11-12T19:06:43.377+0000] {dag.py:3954} INFO - Setting next_dagrun for latest_only to 2025-11-12 12:00:00+00:00, run_after=2025-11-12 16:00:00+00:00
[2025-11-12T19:06:43.407+0000] {processor.py:183} INFO - Processing /home/airflow/.local/lib/python3.12/site-packages/airflow/example_dags/example_latest_only.py took 0.088 seconds
[2025-11-12T19:07:14.311+0000] {processor.py:161} INFO - Started process (PID=220) to work on /home/airflow/.local/lib/python3.12/site-packages/airflow/example_dags/example_latest_only.py
[2025-11-12T19:07:14.312+0000] {processor.py:830} INFO - Processing file /home/airflow/.local/lib/python3.12/site-packages/airflow/example_dags/example_latest_only.py for tasks to queue
[2025-11-12T19:07:14.314+0000] {logging_mixin.py:188} INFO - [2025-11-12T19:07:14.314+0000] {dagbag.py:545} INFO - Filling up the DagBag from /home/airflow/.local/lib/python3.12/site-packages/airflow/example_dags/example_latest_only.py
[2025-11-12T19:07:14.318+0000] {processor.py:840} INFO - DAG(s) 'latest_only' retrieved from /home/airflow/.local/lib/python3.12/site-packages/airflow/example_dags/example_latest_only.py
[2025-11-12T19:07:14.337+0000] {logging_mixin.py:188} INFO - [2025-11-12T19:07:14.337+0000] {dag.py:3096} INFO - Sync 1 DAGs
[2025-11-12T19:07:14.354+0000] {logging_mixin.py:188} INFO - [2025-11-12T19:07:14.354+0000] {dag.py:3954} INFO - Setting next_dagrun for latest_only to 2025-11-12 12:00:00+00:00, run_after=2025-11-12 16:00:00+00:00
[2025-11-12T19:07:14.374+0000] {processor.py:183} INFO - Processing /home/airflow/.local/lib/python3.12/site-packages/airflow/example_dags/example_latest_only.py took 0.067 seconds
[2025-11-12T19:07:44.649+0000] {processor.py:161} INFO - Started process (PID=280) to work on /home/airflow/.local/lib/python3.12/site-packages/airflow/example_dags/example_latest_only.py
[2025-11-12T19:07:44.650+0000] {processor.py:830} INFO - Processing file /home/airflow/.local/lib/python3.12/site-packages/airflow/example_dags/example_latest_only.py for tasks to queue
[2025-11-12T19:07:44.652+0000] {logging_mixin.py:188} INFO - [2025-11-12T19:07:44.652+0000] {dagbag.py:545} INFO - Filling up the DagBag from /home/airflow/.local/lib/python3.12/site-packages/airflow/example_dags/example_latest_only.py
[2025-11-12T19:07:44.657+0000] {processor.py:840} INFO - DAG(s) 'latest_only' retrieved from /home/airflow/.local/lib/python3.12/site-packages/airflow/example_dags/example_latest_only.py
[2025-11-12T19:07:44.682+0000] {logging_mixin.py:188} INFO - [2025-11-12T19:07:44.681+0000] {dag.py:3096} INFO - Sync 1 DAGs
[2025-11-12T19:07:44.704+0000] {logging_mixin.py:188} INFO - [2025-11-12T19:07:44.703+0000] {dag.py:3954} INFO - Setting next_dagrun for latest_only to 2025-11-12 12:00:00+00:00, run_after=2025-11-12 16:00:00+00:00
[2025-11-12T19:07:44.730+0000] {processor.py:183} INFO - Processing /home/airflow/.local/lib/python3.12/site-packages/airflow/example_dags/example_latest_only.py took 0.088 seconds
[2025-11-12T19:08:15.404+0000] {processor.py:161} INFO - Started process (PID=340) to work on /home/airflow/.local/lib/python3.12/site-packages/airflow/example_dags/example_latest_only.py
[2025-11-12T19:08:15.405+0000] {processor.py:830} INFO - Processing file /home/airflow/.local/lib/python3.12/site-packages/airflow/example_dags/example_latest_only.py for tasks to queue
[2025-11-12T19:08:15.407+0000] {logging_mixin.py:188} INFO - [2025-11-12T19:08:15.407+0000] {dagbag.py:545} INFO - Filling up the DagBag from /home/airflow/.local/lib/python3.12/site-packages/airflow/example_dags/example_latest_only.py
[2025-11-12T19:08:15.419+0000] {processor.py:840} INFO - DAG(s) 'latest_only' retrieved from /home/airflow/.local/lib/python3.12/site-packages/airflow/example_dags/example_latest_only.py
[2025-11-12T19:08:15.451+0000] {logging_mixin.py:188} INFO - [2025-11-12T19:08:15.450+0000] {dag.py:3096} INFO - Sync 1 DAGs
[2025-11-12T19:08:15.473+0000] {logging_mixin.py:188} INFO - [2025-11-12T19:08:15.473+0000] {dag.py:3954} INFO - Setting next_dagrun for latest_only to 2025-11-12 12:00:00+00:00, run_after=2025-11-12 16:00:00+00:00
[2025-11-12T19:08:15.498+0000] {processor.py:183} INFO - Processing /home/airflow/.local/lib/python3.12/site-packages/airflow/example_dags/example_latest_only.py took 0.101 seconds
[2025-11-12T19:08:45.948+0000] {processor.py:161} INFO - Started process (PID=400) to work on /home/airflow/.local/lib/python3.12/site-packages/airflow/example_dags/example_latest_only.py
[2025-11-12T19:08:45.949+0000] {processor.py:830} INFO - Processing file /home/airflow/.local/lib/python3.12/site-packages/airflow/example_dags/example_latest_only.py for tasks to queue
[2025-11-12T19:08:45.950+0000] {logging_mixin.py:188} INFO - [2025-11-12T19:08:45.950+0000] {dagbag.py:545} INFO - Filling up the DagBag from /home/airflow/.local/lib/python3.12/site-packages/airflow/example_dags/example_latest_only.py
[2025-11-12T19:08:45.955+0000] {processor.py:840} INFO - DAG(s) 'latest_only' retrieved from /home/airflow/.local/lib/python3.12/site-packages/airflow/example_dags/example_latest_only.py
[2025-11-12T19:08:45.976+0000] {logging_mixin.py:188} INFO - [2025-11-12T19:08:45.975+0000] {dag.py:3096} INFO - Sync 1 DAGs
[2025-11-12T19:08:45.994+0000] {logging_mixin.py:188} INFO - [2025-11-12T19:08:45.994+0000] {dag.py:3954} INFO - Setting next_dagrun for latest_only to 2025-11-12 12:00:00+00:00, run_after=2025-11-12 16:00:00+00:00
[2025-11-12T19:08:46.017+0000] {processor.py:183} INFO - Processing /home/airflow/.local/lib/python3.12/site-packages/airflow/example_dags/example_latest_only.py took 0.073 seconds
[2025-11-12T19:09:16.344+0000] {processor.py:161} INFO - Started process (PID=461) to work on /home/airflow/.local/lib/python3.12/site-packages/airflow/example_dags/example_latest_only.py
[2025-11-12T19:09:16.346+0000] {processor.py:830} INFO - Processing file /home/airflow/.local/lib/python3.12/site-packages/airflow/example_dags/example_latest_only.py for tasks to queue
[2025-11-12T19:09:16.347+0000] {logging_mixin.py:188} INFO - [2025-11-12T19:09:16.347+0000] {dagbag.py:545} INFO - Filling up the DagBag from /home/airflow/.local/lib/python3.12/site-packages/airflow/example_dags/example_latest_only.py
[2025-11-12T19:09:16.352+0000] {processor.py:840} INFO - DAG(s) 'latest_only' retrieved from /home/airflow/.local/lib/python3.12/site-packages/airflow/example_dags/example_latest_only.py
[2025-11-12T19:09:16.378+0000] {logging_mixin.py:188} INFO - [2025-11-12T19:09:16.378+0000] {dag.py:3096} INFO - Sync 1 DAGs
[2025-11-12T19:09:16.398+0000] {logging_mixin.py:188} INFO - [2025-11-12T19:09:16.397+0000] {dag.py:3954} INFO - Setting next_dagrun for latest_only to 2025-11-12 12:00:00+00:00, run_after=2025-11-12 16:00:00+00:00
[2025-11-12T19:09:16.418+0000] {processor.py:183} INFO - Processing /home/airflow/.local/lib/python3.12/site-packages/airflow/example_dags/example_latest_only.py took 0.079 seconds
[2025-11-12T19:09:47.338+0000] {processor.py:161} INFO - Started process (PID=522) to work on /home/airflow/.local/lib/python3.12/site-packages/airflow/example_dags/example_latest_only.py
[2025-11-12T19:09:47.340+0000] {processor.py:830} INFO - Processing file /home/airflow/.local/lib/python3.12/site-packages/airflow/example_dags/example_latest_only.py for tasks to queue
[2025-11-12T19:09:47.342+0000] {logging_mixin.py:188} INFO - [2025-11-12T19:09:47.341+0000] {dagbag.py:545} INFO - Filling up the DagBag from /home/airflow/.local/lib/python3.12/site-packages/airflow/example_dags/example_latest_only.py
[2025-11-12T19:09:47.350+0000] {processor.py:840} INFO - DAG(s) 'latest_only' retrieved from /home/airflow/.local/lib/python3.12/site-packages/airflow/example_dags/example_latest_only.py
[2025-11-12T19:09:47.375+0000] {logging_mixin.py:188} INFO - [2025-11-12T19:09:47.375+0000] {dag.py:3096} INFO - Sync 1 DAGs
[2025-11-12T19:09:47.402+0000] {logging_mixin.py:188} INFO - [2025-11-12T19:09:47.401+0000] {dag.py:3954} INFO - Setting next_dagrun for latest_only to 2025-11-12 12:00:00+00:00, run_after=2025-11-12 16:00:00+00:00
[2025-11-12T19:09:47.429+0000] {processor.py:183} INFO - Processing /home/airflow/.local/lib/python3.12/site-packages/airflow/example_dags/example_latest_only.py took 0.097 seconds
[2025-11-12T19:10:17.486+0000] {processor.py:161} INFO - Started process (PID=582) to work on /home/airflow/.local/lib/python3.12/site-packages/airflow/example_dags/example_latest_only.py
[2025-11-12T19:10:17.487+0000] {processor.py:830} INFO - Processing file /home/airflow/.local/lib/python3.12/site-packages/airflow/example_dags/example_latest_only.py for tasks to queue
[2025-11-12T19:10:17.489+0000] {logging_mixin.py:188} INFO - [2025-11-12T19:10:17.488+0000] {dagbag.py:545} INFO - Filling up the DagBag from /home/airflow/.local/lib/python3.12/site-packages/airflow/example_dags/example_latest_only.py
[2025-11-12T19:10:17.495+0000] {processor.py:840} INFO - DAG(s) 'latest_only' retrieved from /home/airflow/.local/lib/python3.12/site-packages/airflow/example_dags/example_latest_only.py
[2025-11-12T19:10:17.516+0000] {logging_mixin.py:188} INFO - [2025-11-12T19:10:17.516+0000] {dag.py:3096} INFO - Sync 1 DAGs
[2025-11-12T19:10:17.536+0000] {logging_mixin.py:188} INFO - [2025-11-12T19:10:17.536+0000] {dag.py:3954} INFO - Setting next_dagrun for latest_only to 2025-11-12 12:00:00+00:00, run_after=2025-11-12 16:00:00+00:00
[2025-11-12T19:10:17.556+0000] {processor.py:183} INFO - Processing /home/airflow/.local/lib/python3.12/site-packages/airflow/example_dags/example_latest_only.py took 0.076 seconds
[2025-11-12T19:10:47.884+0000] {processor.py:161} INFO - Started process (PID=643) to work on /home/airflow/.local/lib/python3.12/site-packages/airflow/example_dags/example_latest_only.py
[2025-11-12T19:10:47.885+0000] {processor.py:830} INFO - Processing file /home/airflow/.local/lib/python3.12/site-packages/airflow/example_dags/example_latest_only.py for tasks to queue
[2025-11-12T19:10:47.886+0000] {logging_mixin.py:188} INFO - [2025-11-12T19:10:47.885+0000] {dagbag.py:545} INFO - Filling up the DagBag from /home/airflow/.local/lib/python3.12/site-packages/airflow/example_dags/example_latest_only.py
[2025-11-12T19:10:47.890+0000] {processor.py:840} INFO - DAG(s) 'latest_only' retrieved from /home/airflow/.local/lib/python3.12/site-packages/airflow/example_dags/example_latest_only.py
[2025-11-12T19:10:47.911+0000] {logging_mixin.py:188} INFO - [2025-11-12T19:10:47.911+0000] {dag.py:3096} INFO - Sync 1 DAGs
[2025-11-12T19:10:47.931+0000] {logging_mixin.py:188} INFO - [2025-11-12T19:10:47.930+0000] {dag.py:3954} INFO - Setting next_dagrun for latest_only to 2025-11-12 12:00:00+00:00, run_after=2025-11-12 16:00:00+00:00
[2025-11-12T19:10:47.949+0000] {processor.py:183} INFO - Processing /home/airflow/.local/lib/python3.12/site-packages/airflow/example_dags/example_latest_only.py took 0.070 seconds
[2025-11-12T19:11:18.079+0000] {processor.py:161} INFO - Started process (PID=703) to work on /home/airflow/.local/lib/python3.12/site-packages/airflow/example_dags/example_latest_only.py
[2025-11-12T19:11:18.081+0000] {processor.py:830} INFO - Processing file /home/airflow/.local/lib/python3.12/site-packages/airflow/example_dags/example_latest_only.py for tasks to queue
[2025-11-12T19:11:18.082+0000] {logging_mixin.py:188} INFO - [2025-11-12T19:11:18.081+0000] {dagbag.py:545} INFO - Filling up the DagBag from /home/airflow/.local/lib/python3.12/site-packages/airflow/example_dags/example_latest_only.py
[2025-11-12T19:11:18.086+0000] {processor.py:840} INFO - DAG(s) 'latest_only' retrieved from /home/airflow/.local/lib/python3.12/site-packages/airflow/example_dags/example_latest_only.py
[2025-11-12T19:11:18.106+0000] {logging_mixin.py:188} INFO - [2025-11-12T19:11:18.106+0000] {dag.py:3096} INFO - Sync 1 DAGs
[2025-11-12T19:11:18.130+0000] {logging_mixin.py:188} INFO - [2025-11-12T19:11:18.130+0000] {dag.py:3954} INFO - Setting next_dagrun for latest_only to 2025-11-12 12:00:00+00:00, run_after=2025-11-12 16:00:00+00:00
[2025-11-12T19:11:18.156+0000] {processor.py:183} INFO - Processing /home/airflow/.local/lib/python3.12/site-packages/airflow/example_dags/example_latest_only.py took 0.081 seconds
[2025-11-12T19:11:49.222+0000] {processor.py:161} INFO - Started process (PID=763) to work on /home/airflow/.local/lib/python3.12/site-packages/airflow/example_dags/example_latest_only.py
[2025-11-12T19:11:49.223+0000] {processor.py:830} INFO - Processing file /home/airflow/.local/lib/python3.12/site-packages/airflow/example_dags/example_latest_only.py for tasks to queue
[2025-11-12T19:11:49.224+0000] {logging_mixin.py:188} INFO - [2025-11-12T19:11:49.224+0000] {dagbag.py:545} INFO - Filling up the DagBag from /home/airflow/.local/lib/python3.12/site-packages/airflow/example_dags/example_latest_only.py
[2025-11-12T19:11:49.229+0000] {processor.py:840} INFO - DAG(s) 'latest_only' retrieved from /home/airflow/.local/lib/python3.12/site-packages/airflow/example_dags/example_latest_only.py
[2025-11-12T19:11:49.254+0000] {logging_mixin.py:188} INFO - [2025-11-12T19:11:49.253+0000] {dag.py:3096} INFO - Sync 1 DAGs
[2025-11-12T19:11:49.272+0000] {logging_mixin.py:188} INFO - [2025-11-12T19:11:49.272+0000] {dag.py:3954} INFO - Setting next_dagrun for latest_only to 2025-11-12 12:00:00+00:00, run_after=2025-11-12 16:00:00+00:00
[2025-11-12T19:11:49.294+0000] {processor.py:183} INFO - Processing /home/airflow/.local/lib/python3.12/site-packages/airflow/example_dags/example_latest_only.py took 0.078 seconds
[2025-11-12T19:12:20.519+0000] {processor.py:161} INFO - Started process (PID=823) to work on /home/airflow/.local/lib/python3.12/site-packages/airflow/example_dags/example_latest_only.py
[2025-11-12T19:12:20.520+0000] {processor.py:830} INFO - Processing file /home/airflow/.local/lib/python3.12/site-packages/airflow/example_dags/example_latest_only.py for tasks to queue
[2025-11-12T19:12:20.521+0000] {logging_mixin.py:188} INFO - [2025-11-12T19:12:20.521+0000] {dagbag.py:545} INFO - Filling up the DagBag from /home/airflow/.local/lib/python3.12/site-packages/airflow/example_dags/example_latest_only.py
[2025-11-12T19:12:20.525+0000] {processor.py:840} INFO - DAG(s) 'latest_only' retrieved from /home/airflow/.local/lib/python3.12/site-packages/airflow/example_dags/example_latest_only.py
[2025-11-12T19:12:20.545+0000] {logging_mixin.py:188} INFO - [2025-11-12T19:12:20.545+0000] {dag.py:3096} INFO - Sync 1 DAGs
[2025-11-12T19:12:20.568+0000] {logging_mixin.py:188} INFO - [2025-11-12T19:12:20.568+0000] {dag.py:3954} INFO - Setting next_dagrun for latest_only to 2025-11-12 12:00:00+00:00, run_after=2025-11-12 16:00:00+00:00
[2025-11-12T19:12:20.591+0000] {processor.py:183} INFO - Processing /home/airflow/.local/lib/python3.12/site-packages/airflow/example_dags/example_latest_only.py took 0.076 seconds
[2025-11-12T19:12:50.941+0000] {processor.py:161} INFO - Started process (PID=883) to work on /home/airflow/.local/lib/python3.12/site-packages/airflow/example_dags/example_latest_only.py
[2025-11-12T19:12:50.942+0000] {processor.py:830} INFO - Processing file /home/airflow/.local/lib/python3.12/site-packages/airflow/example_dags/example_latest_only.py for tasks to queue
[2025-11-12T19:12:50.943+0000] {logging_mixin.py:188} INFO - [2025-11-12T19:12:50.943+0000] {dagbag.py:545} INFO - Filling up the DagBag from /home/airflow/.local/lib/python3.12/site-packages/airflow/example_dags/example_latest_only.py
[2025-11-12T19:12:50.949+0000] {processor.py:840} INFO - DAG(s) 'latest_only' retrieved from /home/airflow/.local/lib/python3.12/site-packages/airflow/example_dags/example_latest_only.py
[2025-11-12T19:12:50.968+0000] {logging_mixin.py:188} INFO - [2025-11-12T19:12:50.968+0000] {dag.py:3096} INFO - Sync 1 DAGs
[2025-11-12T19:12:50.985+0000] {logging_mixin.py:188} INFO - [2025-11-12T19:12:50.985+0000] {dag.py:3954} INFO - Setting next_dagrun for latest_only to 2025-11-12 12:00:00+00:00, run_after=2025-11-12 16:00:00+00:00
[2025-11-12T19:12:51.013+0000] {processor.py:183} INFO - Processing /home/airflow/.local/lib/python3.12/site-packages/airflow/example_dags/example_latest_only.py took 0.077 seconds
[2025-11-12T19:13:21.411+0000] {processor.py:161} INFO - Started process (PID=944) to work on /home/airflow/.local/lib/python3.12/site-packages/airflow/example_dags/example_latest_only.py
[2025-11-12T19:13:21.413+0000] {processor.py:830} INFO - Processing file /home/airflow/.local/lib/python3.12/site-packages/airflow/example_dags/example_latest_only.py for tasks to queue
[2025-11-12T19:13:21.414+0000] {logging_mixin.py:188} INFO - [2025-11-12T19:13:21.414+0000] {dagbag.py:545} INFO - Filling up the DagBag from /home/airflow/.local/lib/python3.12/site-packages/airflow/example_dags/example_latest_only.py
[2025-11-12T19:13:21.419+0000] {processor.py:840} INFO - DAG(s) 'latest_only' retrieved from /home/airflow/.local/lib/python3.12/site-packages/airflow/example_dags/example_latest_only.py
[2025-11-12T19:13:21.442+0000] {logging_mixin.py:188} INFO - [2025-11-12T19:13:21.441+0000] {dag.py:3096} INFO - Sync 1 DAGs
[2025-11-12T19:13:21.461+0000] {logging_mixin.py:188} INFO - [2025-11-12T19:13:21.461+0000] {dag.py:3954} INFO - Setting next_dagrun for latest_only to 2025-11-12 12:00:00+00:00, run_after=2025-11-12 16:00:00+00:00
[2025-11-12T19:13:21.487+0000] {processor.py:183} INFO - Processing /home/airflow/.local/lib/python3.12/site-packages/airflow/example_dags/example_latest_only.py took 0.080 seconds
[2025-11-12T19:13:52.104+0000] {processor.py:161} INFO - Started process (PID=1004) to work on /home/airflow/.local/lib/python3.12/site-packages/airflow/example_dags/example_latest_only.py
[2025-11-12T19:13:52.105+0000] {processor.py:830} INFO - Processing file /home/airflow/.local/lib/python3.12/site-packages/airflow/example_dags/example_latest_only.py for tasks to queue
[2025-11-12T19:13:52.106+0000] {logging_mixin.py:188} INFO - [2025-11-12T19:13:52.106+0000] {dagbag.py:545} INFO - Filling up the DagBag from /home/airflow/.local/lib/python3.12/site-packages/airflow/example_dags/example_latest_only.py
[2025-11-12T19:13:52.111+0000] {processor.py:840} INFO - DAG(s) 'latest_only' retrieved from /home/airflow/.local/lib/python3.12/site-packages/airflow/example_dags/example_latest_only.py
[2025-11-12T19:13:52.129+0000] {logging_mixin.py:188} INFO - [2025-11-12T19:13:52.129+0000] {dag.py:3096} INFO - Sync 1 DAGs
[2025-11-12T19:13:52.146+0000] {logging_mixin.py:188} INFO - [2025-11-12T19:13:52.146+0000] {dag.py:3954} INFO - Setting next_dagrun for latest_only to 2025-11-12 12:00:00+00:00, run_after=2025-11-12 16:00:00+00:00
[2025-11-12T19:13:52.167+0000] {processor.py:183} INFO - Processing /home/airflow/.local/lib/python3.12/site-packages/airflow/example_dags/example_latest_only.py took 0.068 seconds
[2025-11-12T19:14:22.881+0000] {processor.py:161} INFO - Started process (PID=1064) to work on /home/airflow/.local/lib/python3.12/site-packages/airflow/example_dags/example_latest_only.py
[2025-11-12T19:14:22.883+0000] {processor.py:830} INFO - Processing file /home/airflow/.local/lib/python3.12/site-packages/airflow/example_dags/example_latest_only.py for tasks to queue
[2025-11-12T19:14:22.884+0000] {logging_mixin.py:188} INFO - [2025-11-12T19:14:22.883+0000] {dagbag.py:545} INFO - Filling up the DagBag from /home/airflow/.local/lib/python3.12/site-packages/airflow/example_dags/example_latest_only.py
[2025-11-12T19:14:22.889+0000] {processor.py:840} INFO - DAG(s) 'latest_only' retrieved from /home/airflow/.local/lib/python3.12/site-packages/airflow/example_dags/example_latest_only.py
[2025-11-12T19:14:22.909+0000] {logging_mixin.py:188} INFO - [2025-11-12T19:14:22.909+0000] {dag.py:3096} INFO - Sync 1 DAGs
[2025-11-12T19:14:22.928+0000] {logging_mixin.py:188} INFO - [2025-11-12T19:14:22.928+0000] {dag.py:3954} INFO - Setting next_dagrun for latest_only to 2025-11-12 12:00:00+00:00, run_after=2025-11-12 16:00:00+00:00
[2025-11-12T19:14:22.957+0000] {processor.py:183} INFO - Processing /home/airflow/.local/lib/python3.12/site-packages/airflow/example_dags/example_latest_only.py took 0.080 seconds
[2025-11-12T19:14:53.025+0000] {processor.py:161} INFO - Started process (PID=1123) to work on /home/airflow/.local/lib/python3.12/site-packages/airflow/example_dags/example_latest_only.py
[2025-11-12T19:14:53.026+0000] {processor.py:830} INFO - Processing file /home/airflow/.local/lib/python3.12/site-packages/airflow/example_dags/example_latest_only.py for tasks to queue
[2025-11-12T19:14:53.027+0000] {logging_mixin.py:188} INFO - [2025-11-12T19:14:53.027+0000] {dagbag.py:545} INFO - Filling up the DagBag from /home/airflow/.local/lib/python3.12/site-packages/airflow/example_dags/example_latest_only.py
[2025-11-12T19:14:53.033+0000] {processor.py:840} INFO - DAG(s) 'latest_only' retrieved from /home/airflow/.local/lib/python3.12/site-packages/airflow/example_dags/example_latest_only.py
[2025-11-12T19:14:53.058+0000] {logging_mixin.py:188} INFO - [2025-11-12T19:14:53.057+0000] {dag.py:3096} INFO - Sync 1 DAGs
[2025-11-12T19:14:53.077+0000] {logging_mixin.py:188} INFO - [2025-11-12T19:14:53.077+0000] {dag.py:3954} INFO - Setting next_dagrun for latest_only to 2025-11-12 12:00:00+00:00, run_after=2025-11-12 16:00:00+00:00
[2025-11-12T19:14:53.099+0000] {processor.py:183} INFO - Processing /home/airflow/.local/lib/python3.12/site-packages/airflow/example_dags/example_latest_only.py took 0.078 seconds
[2025-11-12T19:15:23.733+0000] {processor.py:161} INFO - Started process (PID=1183) to work on /home/airflow/.local/lib/python3.12/site-packages/airflow/example_dags/example_latest_only.py
[2025-11-12T19:15:23.734+0000] {processor.py:830} INFO - Processing file /home/airflow/.local/lib/python3.12/site-packages/airflow/example_dags/example_latest_only.py for tasks to queue
[2025-11-12T19:15:23.735+0000] {logging_mixin.py:188} INFO - [2025-11-12T19:15:23.734+0000] {dagbag.py:545} INFO - Filling up the DagBag from /home/airflow/.local/lib/python3.12/site-packages/airflow/example_dags/example_latest_only.py
[2025-11-12T19:15:23.739+0000] {processor.py:840} INFO - DAG(s) 'latest_only' retrieved from /home/airflow/.local/lib/python3.12/site-packages/airflow/example_dags/example_latest_only.py
[2025-11-12T19:15:23.759+0000] {logging_mixin.py:188} INFO - [2025-11-12T19:15:23.759+0000] {dag.py:3096} INFO - Sync 1 DAGs
[2025-11-12T19:15:23.778+0000] {logging_mixin.py:188} INFO - [2025-11-12T19:15:23.778+0000] {dag.py:3954} INFO - Setting next_dagrun for latest_only to 2025-11-12 12:00:00+00:00, run_after=2025-11-12 16:00:00+00:00
[2025-11-12T19:15:23.799+0000] {processor.py:183} INFO - Processing /home/airflow/.local/lib/python3.12/site-packages/airflow/example_dags/example_latest_only.py took 0.071 seconds
[2025-11-12T19:15:54.116+0000] {processor.py:161} INFO - Started process (PID=1243) to work on /home/airflow/.local/lib/python3.12/site-packages/airflow/example_dags/example_latest_only.py
[2025-11-12T19:15:54.117+0000] {processor.py:830} INFO - Processing file /home/airflow/.local/lib/python3.12/site-packages/airflow/example_dags/example_latest_only.py for tasks to queue
[2025-11-12T19:15:54.118+0000] {logging_mixin.py:188} INFO - [2025-11-12T19:15:54.118+0000] {dagbag.py:545} INFO - Filling up the DagBag from /home/airflow/.local/lib/python3.12/site-packages/airflow/example_dags/example_latest_only.py
[2025-11-12T19:15:54.122+0000] {processor.py:840} INFO - DAG(s) 'latest_only' retrieved from /home/airflow/.local/lib/python3.12/site-packages/airflow/example_dags/example_latest_only.py
[2025-11-12T19:15:54.144+0000] {logging_mixin.py:188} INFO - [2025-11-12T19:15:54.144+0000] {dag.py:3096} INFO - Sync 1 DAGs
[2025-11-12T19:15:54.164+0000] {logging_mixin.py:188} INFO - [2025-11-12T19:15:54.164+0000] {dag.py:3954} INFO - Setting next_dagrun for latest_only to 2025-11-12 12:00:00+00:00, run_after=2025-11-12 16:00:00+00:00
[2025-11-12T19:15:54.183+0000] {processor.py:183} INFO - Processing /home/airflow/.local/lib/python3.12/site-packages/airflow/example_dags/example_latest_only.py took 0.072 seconds
[2025-11-12T19:16:58.769+0000] {processor.py:161} INFO - Started process (PID=100) to work on /home/airflow/.local/lib/python3.12/site-packages/airflow/example_dags/example_latest_only.py
[2025-11-12T19:16:58.770+0000] {processor.py:830} INFO - Processing file /home/airflow/.local/lib/python3.12/site-packages/airflow/example_dags/example_latest_only.py for tasks to queue
[2025-11-12T19:16:58.773+0000] {logging_mixin.py:188} INFO - [2025-11-12T19:16:58.773+0000] {dagbag.py:545} INFO - Filling up the DagBag from /home/airflow/.local/lib/python3.12/site-packages/airflow/example_dags/example_latest_only.py
[2025-11-12T19:16:58.784+0000] {processor.py:840} INFO - DAG(s) 'latest_only' retrieved from /home/airflow/.local/lib/python3.12/site-packages/airflow/example_dags/example_latest_only.py
[2025-11-12T19:16:58.940+0000] {logging_mixin.py:188} INFO - [2025-11-12T19:16:58.939+0000] {dag.py:3096} INFO - Sync 1 DAGs
[2025-11-12T19:16:58.971+0000] {logging_mixin.py:188} INFO - [2025-11-12T19:16:58.971+0000] {dag.py:3954} INFO - Setting next_dagrun for latest_only to 2025-11-12 12:00:00+00:00, run_after=2025-11-12 16:00:00+00:00
[2025-11-12T19:16:59.001+0000] {processor.py:183} INFO - Processing /home/airflow/.local/lib/python3.12/site-packages/airflow/example_dags/example_latest_only.py took 0.238 seconds
[2025-11-12T19:17:29.550+0000] {processor.py:161} INFO - Started process (PID=160) to work on /home/airflow/.local/lib/python3.12/site-packages/airflow/example_dags/example_latest_only.py
[2025-11-12T19:17:29.551+0000] {processor.py:830} INFO - Processing file /home/airflow/.local/lib/python3.12/site-packages/airflow/example_dags/example_latest_only.py for tasks to queue
[2025-11-12T19:17:29.553+0000] {logging_mixin.py:188} INFO - [2025-11-12T19:17:29.553+0000] {dagbag.py:545} INFO - Filling up the DagBag from /home/airflow/.local/lib/python3.12/site-packages/airflow/example_dags/example_latest_only.py
[2025-11-12T19:17:29.560+0000] {processor.py:840} INFO - DAG(s) 'latest_only' retrieved from /home/airflow/.local/lib/python3.12/site-packages/airflow/example_dags/example_latest_only.py
[2025-11-12T19:17:29.581+0000] {logging_mixin.py:188} INFO - [2025-11-12T19:17:29.581+0000] {dag.py:3096} INFO - Sync 1 DAGs
[2025-11-12T19:17:29.603+0000] {logging_mixin.py:188} INFO - [2025-11-12T19:17:29.602+0000] {dag.py:3954} INFO - Setting next_dagrun for latest_only to 2025-11-12 12:00:00+00:00, run_after=2025-11-12 16:00:00+00:00
[2025-11-12T19:17:29.625+0000] {processor.py:183} INFO - Processing /home/airflow/.local/lib/python3.12/site-packages/airflow/example_dags/example_latest_only.py took 0.079 seconds
[2025-11-12T19:18:00.567+0000] {processor.py:161} INFO - Started process (PID=220) to work on /home/airflow/.local/lib/python3.12/site-packages/airflow/example_dags/example_latest_only.py
[2025-11-12T19:18:00.568+0000] {processor.py:830} INFO - Processing file /home/airflow/.local/lib/python3.12/site-packages/airflow/example_dags/example_latest_only.py for tasks to queue
[2025-11-12T19:18:00.570+0000] {logging_mixin.py:188} INFO - [2025-11-12T19:18:00.570+0000] {dagbag.py:545} INFO - Filling up the DagBag from /home/airflow/.local/lib/python3.12/site-packages/airflow/example_dags/example_latest_only.py
[2025-11-12T19:18:00.575+0000] {processor.py:840} INFO - DAG(s) 'latest_only' retrieved from /home/airflow/.local/lib/python3.12/site-packages/airflow/example_dags/example_latest_only.py
[2025-11-12T19:18:00.600+0000] {logging_mixin.py:188} INFO - [2025-11-12T19:18:00.599+0000] {dag.py:3096} INFO - Sync 1 DAGs
[2025-11-12T19:18:00.622+0000] {logging_mixin.py:188} INFO - [2025-11-12T19:18:00.622+0000] {dag.py:3954} INFO - Setting next_dagrun for latest_only to 2025-11-12 12:00:00+00:00, run_after=2025-11-12 16:00:00+00:00
[2025-11-12T19:18:00.653+0000] {processor.py:183} INFO - Processing /home/airflow/.local/lib/python3.12/site-packages/airflow/example_dags/example_latest_only.py took 0.090 seconds
[2025-11-12T19:18:30.873+0000] {processor.py:161} INFO - Started process (PID=280) to work on /home/airflow/.local/lib/python3.12/site-packages/airflow/example_dags/example_latest_only.py
[2025-11-12T19:18:30.874+0000] {processor.py:830} INFO - Processing file /home/airflow/.local/lib/python3.12/site-packages/airflow/example_dags/example_latest_only.py for tasks to queue
[2025-11-12T19:18:30.876+0000] {logging_mixin.py:188} INFO - [2025-11-12T19:18:30.875+0000] {dagbag.py:545} INFO - Filling up the DagBag from /home/airflow/.local/lib/python3.12/site-packages/airflow/example_dags/example_latest_only.py
[2025-11-12T19:18:30.880+0000] {processor.py:840} INFO - DAG(s) 'latest_only' retrieved from /home/airflow/.local/lib/python3.12/site-packages/airflow/example_dags/example_latest_only.py
[2025-11-12T19:18:30.901+0000] {logging_mixin.py:188} INFO - [2025-11-12T19:18:30.900+0000] {dag.py:3096} INFO - Sync 1 DAGs
[2025-11-12T19:18:30.918+0000] {logging_mixin.py:188} INFO - [2025-11-12T19:18:30.918+0000] {dag.py:3954} INFO - Setting next_dagrun for latest_only to 2025-11-12 12:00:00+00:00, run_after=2025-11-12 16:00:00+00:00
[2025-11-12T19:18:30.939+0000] {processor.py:183} INFO - Processing /home/airflow/.local/lib/python3.12/site-packages/airflow/example_dags/example_latest_only.py took 0.070 seconds
[2025-11-12T19:19:01.320+0000] {processor.py:161} INFO - Started process (PID=341) to work on /home/airflow/.local/lib/python3.12/site-packages/airflow/example_dags/example_latest_only.py
[2025-11-12T19:19:01.321+0000] {processor.py:830} INFO - Processing file /home/airflow/.local/lib/python3.12/site-packages/airflow/example_dags/example_latest_only.py for tasks to queue
[2025-11-12T19:19:01.323+0000] {logging_mixin.py:188} INFO - [2025-11-12T19:19:01.323+0000] {dagbag.py:545} INFO - Filling up the DagBag from /home/airflow/.local/lib/python3.12/site-packages/airflow/example_dags/example_latest_only.py
[2025-11-12T19:19:01.328+0000] {processor.py:840} INFO - DAG(s) 'latest_only' retrieved from /home/airflow/.local/lib/python3.12/site-packages/airflow/example_dags/example_latest_only.py
[2025-11-12T19:19:01.349+0000] {logging_mixin.py:188} INFO - [2025-11-12T19:19:01.348+0000] {dag.py:3096} INFO - Sync 1 DAGs
[2025-11-12T19:19:01.368+0000] {logging_mixin.py:188} INFO - [2025-11-12T19:19:01.368+0000] {dag.py:3954} INFO - Setting next_dagrun for latest_only to 2025-11-12 12:00:00+00:00, run_after=2025-11-12 16:00:00+00:00
[2025-11-12T19:19:01.392+0000] {processor.py:183} INFO - Processing /home/airflow/.local/lib/python3.12/site-packages/airflow/example_dags/example_latest_only.py took 0.076 seconds
[2025-11-12T19:19:31.479+0000] {processor.py:161} INFO - Started process (PID=401) to work on /home/airflow/.local/lib/python3.12/site-packages/airflow/example_dags/example_latest_only.py
[2025-11-12T19:19:31.480+0000] {processor.py:830} INFO - Processing file /home/airflow/.local/lib/python3.12/site-packages/airflow/example_dags/example_latest_only.py for tasks to queue
[2025-11-12T19:19:31.482+0000] {logging_mixin.py:188} INFO - [2025-11-12T19:19:31.482+0000] {dagbag.py:545} INFO - Filling up the DagBag from /home/airflow/.local/lib/python3.12/site-packages/airflow/example_dags/example_latest_only.py
[2025-11-12T19:19:31.487+0000] {processor.py:840} INFO - DAG(s) 'latest_only' retrieved from /home/airflow/.local/lib/python3.12/site-packages/airflow/example_dags/example_latest_only.py
[2025-11-12T19:19:31.510+0000] {logging_mixin.py:188} INFO - [2025-11-12T19:19:31.510+0000] {dag.py:3096} INFO - Sync 1 DAGs
[2025-11-12T19:19:31.531+0000] {logging_mixin.py:188} INFO - [2025-11-12T19:19:31.531+0000] {dag.py:3954} INFO - Setting next_dagrun for latest_only to 2025-11-12 12:00:00+00:00, run_after=2025-11-12 16:00:00+00:00
[2025-11-12T19:19:31.557+0000] {processor.py:183} INFO - Processing /home/airflow/.local/lib/python3.12/site-packages/airflow/example_dags/example_latest_only.py took 0.082 seconds
[2025-11-12T19:20:02.056+0000] {processor.py:161} INFO - Started process (PID=461) to work on /home/airflow/.local/lib/python3.12/site-packages/airflow/example_dags/example_latest_only.py
[2025-11-12T19:20:02.058+0000] {processor.py:830} INFO - Processing file /home/airflow/.local/lib/python3.12/site-packages/airflow/example_dags/example_latest_only.py for tasks to queue
[2025-11-12T19:20:02.059+0000] {logging_mixin.py:188} INFO - [2025-11-12T19:20:02.059+0000] {dagbag.py:545} INFO - Filling up the DagBag from /home/airflow/.local/lib/python3.12/site-packages/airflow/example_dags/example_latest_only.py
[2025-11-12T19:20:02.064+0000] {processor.py:840} INFO - DAG(s) 'latest_only' retrieved from /home/airflow/.local/lib/python3.12/site-packages/airflow/example_dags/example_latest_only.py
[2025-11-12T19:20:02.083+0000] {logging_mixin.py:188} INFO - [2025-11-12T19:20:02.083+0000] {dag.py:3096} INFO - Sync 1 DAGs
[2025-11-12T19:20:02.106+0000] {logging_mixin.py:188} INFO - [2025-11-12T19:20:02.105+0000] {dag.py:3954} INFO - Setting next_dagrun for latest_only to 2025-11-12 12:00:00+00:00, run_after=2025-11-12 16:00:00+00:00
[2025-11-12T19:20:02.127+0000] {processor.py:183} INFO - Processing /home/airflow/.local/lib/python3.12/site-packages/airflow/example_dags/example_latest_only.py took 0.076 seconds
[2025-11-12T19:20:33.380+0000] {processor.py:161} INFO - Started process (PID=522) to work on /home/airflow/.local/lib/python3.12/site-packages/airflow/example_dags/example_latest_only.py
[2025-11-12T19:20:33.381+0000] {processor.py:830} INFO - Processing file /home/airflow/.local/lib/python3.12/site-packages/airflow/example_dags/example_latest_only.py for tasks to queue
[2025-11-12T19:20:33.383+0000] {logging_mixin.py:188} INFO - [2025-11-12T19:20:33.383+0000] {dagbag.py:545} INFO - Filling up the DagBag from /home/airflow/.local/lib/python3.12/site-packages/airflow/example_dags/example_latest_only.py
[2025-11-12T19:20:33.387+0000] {processor.py:840} INFO - DAG(s) 'latest_only' retrieved from /home/airflow/.local/lib/python3.12/site-packages/airflow/example_dags/example_latest_only.py
[2025-11-12T19:20:33.407+0000] {logging_mixin.py:188} INFO - [2025-11-12T19:20:33.407+0000] {dag.py:3096} INFO - Sync 1 DAGs
[2025-11-12T19:20:33.424+0000] {logging_mixin.py:188} INFO - [2025-11-12T19:20:33.424+0000] {dag.py:3954} INFO - Setting next_dagrun for latest_only to 2025-11-12 12:00:00+00:00, run_after=2025-11-12 16:00:00+00:00
[2025-11-12T19:20:33.450+0000] {processor.py:183} INFO - Processing /home/airflow/.local/lib/python3.12/site-packages/airflow/example_dags/example_latest_only.py took 0.076 seconds
[2025-11-12T19:21:03.698+0000] {processor.py:161} INFO - Started process (PID=582) to work on /home/airflow/.local/lib/python3.12/site-packages/airflow/example_dags/example_latest_only.py
[2025-11-12T19:21:03.699+0000] {processor.py:830} INFO - Processing file /home/airflow/.local/lib/python3.12/site-packages/airflow/example_dags/example_latest_only.py for tasks to queue
[2025-11-12T19:21:03.701+0000] {logging_mixin.py:188} INFO - [2025-11-12T19:21:03.701+0000] {dagbag.py:545} INFO - Filling up the DagBag from /home/airflow/.local/lib/python3.12/site-packages/airflow/example_dags/example_latest_only.py
[2025-11-12T19:21:03.705+0000] {processor.py:840} INFO - DAG(s) 'latest_only' retrieved from /home/airflow/.local/lib/python3.12/site-packages/airflow/example_dags/example_latest_only.py
[2025-11-12T19:21:03.724+0000] {logging_mixin.py:188} INFO - [2025-11-12T19:21:03.724+0000] {dag.py:3096} INFO - Sync 1 DAGs
[2025-11-12T19:21:03.741+0000] {logging_mixin.py:188} INFO - [2025-11-12T19:21:03.741+0000] {dag.py:3954} INFO - Setting next_dagrun for latest_only to 2025-11-12 12:00:00+00:00, run_after=2025-11-12 16:00:00+00:00
[2025-11-12T19:21:03.763+0000] {processor.py:183} INFO - Processing /home/airflow/.local/lib/python3.12/site-packages/airflow/example_dags/example_latest_only.py took 0.070 seconds
[2025-11-12T19:21:33.990+0000] {processor.py:161} INFO - Started process (PID=642) to work on /home/airflow/.local/lib/python3.12/site-packages/airflow/example_dags/example_latest_only.py
[2025-11-12T19:21:33.991+0000] {processor.py:830} INFO - Processing file /home/airflow/.local/lib/python3.12/site-packages/airflow/example_dags/example_latest_only.py for tasks to queue
[2025-11-12T19:21:33.994+0000] {logging_mixin.py:188} INFO - [2025-11-12T19:21:33.994+0000] {dagbag.py:545} INFO - Filling up the DagBag from /home/airflow/.local/lib/python3.12/site-packages/airflow/example_dags/example_latest_only.py
[2025-11-12T19:21:34.000+0000] {processor.py:840} INFO - DAG(s) 'latest_only' retrieved from /home/airflow/.local/lib/python3.12/site-packages/airflow/example_dags/example_latest_only.py
[2025-11-12T19:21:34.023+0000] {logging_mixin.py:188} INFO - [2025-11-12T19:21:34.023+0000] {dag.py:3096} INFO - Sync 1 DAGs
[2025-11-12T19:21:34.043+0000] {logging_mixin.py:188} INFO - [2025-11-12T19:21:34.043+0000] {dag.py:3954} INFO - Setting next_dagrun for latest_only to 2025-11-12 12:00:00+00:00, run_after=2025-11-12 16:00:00+00:00
[2025-11-12T19:21:34.061+0000] {processor.py:183} INFO - Processing /home/airflow/.local/lib/python3.12/site-packages/airflow/example_dags/example_latest_only.py took 0.077 seconds
[2025-11-12T19:22:04.200+0000] {processor.py:161} INFO - Started process (PID=702) to work on /home/airflow/.local/lib/python3.12/site-packages/airflow/example_dags/example_latest_only.py
[2025-11-12T19:22:04.201+0000] {processor.py:830} INFO - Processing file /home/airflow/.local/lib/python3.12/site-packages/airflow/example_dags/example_latest_only.py for tasks to queue
[2025-11-12T19:22:04.202+0000] {logging_mixin.py:188} INFO - [2025-11-12T19:22:04.202+0000] {dagbag.py:545} INFO - Filling up the DagBag from /home/airflow/.local/lib/python3.12/site-packages/airflow/example_dags/example_latest_only.py
[2025-11-12T19:22:04.207+0000] {processor.py:840} INFO - DAG(s) 'latest_only' retrieved from /home/airflow/.local/lib/python3.12/site-packages/airflow/example_dags/example_latest_only.py
[2025-11-12T19:22:04.225+0000] {logging_mixin.py:188} INFO - [2025-11-12T19:22:04.225+0000] {dag.py:3096} INFO - Sync 1 DAGs
[2025-11-12T19:22:04.243+0000] {logging_mixin.py:188} INFO - [2025-11-12T19:22:04.243+0000] {dag.py:3954} INFO - Setting next_dagrun for latest_only to 2025-11-12 12:00:00+00:00, run_after=2025-11-12 16:00:00+00:00
[2025-11-12T19:22:04.266+0000] {processor.py:183} INFO - Processing /home/airflow/.local/lib/python3.12/site-packages/airflow/example_dags/example_latest_only.py took 0.071 seconds
[2025-11-12T19:22:34.487+0000] {processor.py:161} INFO - Started process (PID=762) to work on /home/airflow/.local/lib/python3.12/site-packages/airflow/example_dags/example_latest_only.py
[2025-11-12T19:22:34.488+0000] {processor.py:830} INFO - Processing file /home/airflow/.local/lib/python3.12/site-packages/airflow/example_dags/example_latest_only.py for tasks to queue
[2025-11-12T19:22:34.490+0000] {logging_mixin.py:188} INFO - [2025-11-12T19:22:34.489+0000] {dagbag.py:545} INFO - Filling up the DagBag from /home/airflow/.local/lib/python3.12/site-packages/airflow/example_dags/example_latest_only.py
[2025-11-12T19:22:34.495+0000] {processor.py:840} INFO - DAG(s) 'latest_only' retrieved from /home/airflow/.local/lib/python3.12/site-packages/airflow/example_dags/example_latest_only.py
[2025-11-12T19:22:34.516+0000] {logging_mixin.py:188} INFO - [2025-11-12T19:22:34.516+0000] {dag.py:3096} INFO - Sync 1 DAGs
[2025-11-12T19:22:34.533+0000] {logging_mixin.py:188} INFO - [2025-11-12T19:22:34.533+0000] {dag.py:3954} INFO - Setting next_dagrun for latest_only to 2025-11-12 12:00:00+00:00, run_after=2025-11-12 16:00:00+00:00
[2025-11-12T19:22:34.552+0000] {processor.py:183} INFO - Processing /home/airflow/.local/lib/python3.12/site-packages/airflow/example_dags/example_latest_only.py took 0.070 seconds
[2025-11-12T19:23:04.707+0000] {processor.py:161} INFO - Started process (PID=822) to work on /home/airflow/.local/lib/python3.12/site-packages/airflow/example_dags/example_latest_only.py
[2025-11-12T19:23:04.708+0000] {processor.py:830} INFO - Processing file /home/airflow/.local/lib/python3.12/site-packages/airflow/example_dags/example_latest_only.py for tasks to queue
[2025-11-12T19:23:04.710+0000] {logging_mixin.py:188} INFO - [2025-11-12T19:23:04.710+0000] {dagbag.py:545} INFO - Filling up the DagBag from /home/airflow/.local/lib/python3.12/site-packages/airflow/example_dags/example_latest_only.py
[2025-11-12T19:23:04.714+0000] {processor.py:840} INFO - DAG(s) 'latest_only' retrieved from /home/airflow/.local/lib/python3.12/site-packages/airflow/example_dags/example_latest_only.py
[2025-11-12T19:23:04.736+0000] {logging_mixin.py:188} INFO - [2025-11-12T19:23:04.735+0000] {dag.py:3096} INFO - Sync 1 DAGs
[2025-11-12T19:23:04.753+0000] {logging_mixin.py:188} INFO - [2025-11-12T19:23:04.753+0000] {dag.py:3954} INFO - Setting next_dagrun for latest_only to 2025-11-12 12:00:00+00:00, run_after=2025-11-12 16:00:00+00:00
[2025-11-12T19:23:04.787+0000] {processor.py:183} INFO - Processing /home/airflow/.local/lib/python3.12/site-packages/airflow/example_dags/example_latest_only.py took 0.083 seconds
[2025-11-12T19:23:35.036+0000] {processor.py:161} INFO - Started process (PID=882) to work on /home/airflow/.local/lib/python3.12/site-packages/airflow/example_dags/example_latest_only.py
[2025-11-12T19:23:35.037+0000] {processor.py:830} INFO - Processing file /home/airflow/.local/lib/python3.12/site-packages/airflow/example_dags/example_latest_only.py for tasks to queue
[2025-11-12T19:23:35.039+0000] {logging_mixin.py:188} INFO - [2025-11-12T19:23:35.039+0000] {dagbag.py:545} INFO - Filling up the DagBag from /home/airflow/.local/lib/python3.12/site-packages/airflow/example_dags/example_latest_only.py
[2025-11-12T19:23:35.043+0000] {processor.py:840} INFO - DAG(s) 'latest_only' retrieved from /home/airflow/.local/lib/python3.12/site-packages/airflow/example_dags/example_latest_only.py
[2025-11-12T19:23:35.066+0000] {logging_mixin.py:188} INFO - [2025-11-12T19:23:35.065+0000] {dag.py:3096} INFO - Sync 1 DAGs
[2025-11-12T19:23:35.084+0000] {logging_mixin.py:188} INFO - [2025-11-12T19:23:35.084+0000] {dag.py:3954} INFO - Setting next_dagrun for latest_only to 2025-11-12 12:00:00+00:00, run_after=2025-11-12 16:00:00+00:00
[2025-11-12T19:23:35.103+0000] {processor.py:183} INFO - Processing /home/airflow/.local/lib/python3.12/site-packages/airflow/example_dags/example_latest_only.py took 0.071 seconds
[2025-11-12T19:24:05.330+0000] {processor.py:161} INFO - Started process (PID=942) to work on /home/airflow/.local/lib/python3.12/site-packages/airflow/example_dags/example_latest_only.py
[2025-11-12T19:24:05.331+0000] {processor.py:830} INFO - Processing file /home/airflow/.local/lib/python3.12/site-packages/airflow/example_dags/example_latest_only.py for tasks to queue
[2025-11-12T19:24:05.333+0000] {logging_mixin.py:188} INFO - [2025-11-12T19:24:05.332+0000] {dagbag.py:545} INFO - Filling up the DagBag from /home/airflow/.local/lib/python3.12/site-packages/airflow/example_dags/example_latest_only.py
[2025-11-12T19:24:05.338+0000] {processor.py:840} INFO - DAG(s) 'latest_only' retrieved from /home/airflow/.local/lib/python3.12/site-packages/airflow/example_dags/example_latest_only.py
[2025-11-12T19:24:05.358+0000] {logging_mixin.py:188} INFO - [2025-11-12T19:24:05.358+0000] {dag.py:3096} INFO - Sync 1 DAGs
[2025-11-12T19:24:05.375+0000] {logging_mixin.py:188} INFO - [2025-11-12T19:24:05.375+0000] {dag.py:3954} INFO - Setting next_dagrun for latest_only to 2025-11-12 12:00:00+00:00, run_after=2025-11-12 16:00:00+00:00
[2025-11-12T19:24:05.394+0000] {processor.py:183} INFO - Processing /home/airflow/.local/lib/python3.12/site-packages/airflow/example_dags/example_latest_only.py took 0.068 seconds
[2025-11-12T19:24:36.560+0000] {processor.py:161} INFO - Started process (PID=1002) to work on /home/airflow/.local/lib/python3.12/site-packages/airflow/example_dags/example_latest_only.py
[2025-11-12T19:24:36.561+0000] {processor.py:830} INFO - Processing file /home/airflow/.local/lib/python3.12/site-packages/airflow/example_dags/example_latest_only.py for tasks to queue
[2025-11-12T19:24:36.563+0000] {logging_mixin.py:188} INFO - [2025-11-12T19:24:36.563+0000] {dagbag.py:545} INFO - Filling up the DagBag from /home/airflow/.local/lib/python3.12/site-packages/airflow/example_dags/example_latest_only.py
[2025-11-12T19:24:36.568+0000] {processor.py:840} INFO - DAG(s) 'latest_only' retrieved from /home/airflow/.local/lib/python3.12/site-packages/airflow/example_dags/example_latest_only.py
[2025-11-12T19:24:36.590+0000] {logging_mixin.py:188} INFO - [2025-11-12T19:24:36.590+0000] {dag.py:3096} INFO - Sync 1 DAGs
[2025-11-12T19:24:36.606+0000] {logging_mixin.py:188} INFO - [2025-11-12T19:24:36.606+0000] {dag.py:3954} INFO - Setting next_dagrun for latest_only to 2025-11-12 12:00:00+00:00, run_after=2025-11-12 16:00:00+00:00
[2025-11-12T19:24:36.642+0000] {processor.py:183} INFO - Processing /home/airflow/.local/lib/python3.12/site-packages/airflow/example_dags/example_latest_only.py took 0.089 seconds
[2025-11-12T19:25:06.950+0000] {processor.py:161} INFO - Started process (PID=1063) to work on /home/airflow/.local/lib/python3.12/site-packages/airflow/example_dags/example_latest_only.py
[2025-11-12T19:25:06.951+0000] {processor.py:830} INFO - Processing file /home/airflow/.local/lib/python3.12/site-packages/airflow/example_dags/example_latest_only.py for tasks to queue
[2025-11-12T19:25:06.952+0000] {logging_mixin.py:188} INFO - [2025-11-12T19:25:06.952+0000] {dagbag.py:545} INFO - Filling up the DagBag from /home/airflow/.local/lib/python3.12/site-packages/airflow/example_dags/example_latest_only.py
[2025-11-12T19:25:06.957+0000] {processor.py:840} INFO - DAG(s) 'latest_only' retrieved from /home/airflow/.local/lib/python3.12/site-packages/airflow/example_dags/example_latest_only.py
[2025-11-12T19:25:06.975+0000] {logging_mixin.py:188} INFO - [2025-11-12T19:25:06.974+0000] {dag.py:3096} INFO - Sync 1 DAGs
[2025-11-12T19:25:06.993+0000] {logging_mixin.py:188} INFO - [2025-11-12T19:25:06.993+0000] {dag.py:3954} INFO - Setting next_dagrun for latest_only to 2025-11-12 12:00:00+00:00, run_after=2025-11-12 16:00:00+00:00
[2025-11-12T19:25:07.013+0000] {processor.py:183} INFO - Processing /home/airflow/.local/lib/python3.12/site-packages/airflow/example_dags/example_latest_only.py took 0.068 seconds
[2025-11-12T19:25:37.290+0000] {processor.py:161} INFO - Started process (PID=1123) to work on /home/airflow/.local/lib/python3.12/site-packages/airflow/example_dags/example_latest_only.py
[2025-11-12T19:25:37.291+0000] {processor.py:830} INFO - Processing file /home/airflow/.local/lib/python3.12/site-packages/airflow/example_dags/example_latest_only.py for tasks to queue
[2025-11-12T19:25:37.293+0000] {logging_mixin.py:188} INFO - [2025-11-12T19:25:37.293+0000] {dagbag.py:545} INFO - Filling up the DagBag from /home/airflow/.local/lib/python3.12/site-packages/airflow/example_dags/example_latest_only.py
[2025-11-12T19:25:37.298+0000] {processor.py:840} INFO - DAG(s) 'latest_only' retrieved from /home/airflow/.local/lib/python3.12/site-packages/airflow/example_dags/example_latest_only.py
[2025-11-12T19:25:37.318+0000] {logging_mixin.py:188} INFO - [2025-11-12T19:25:37.318+0000] {dag.py:3096} INFO - Sync 1 DAGs
[2025-11-12T19:25:37.338+0000] {logging_mixin.py:188} INFO - [2025-11-12T19:25:37.338+0000] {dag.py:3954} INFO - Setting next_dagrun for latest_only to 2025-11-12 12:00:00+00:00, run_after=2025-11-12 16:00:00+00:00
[2025-11-12T19:25:37.358+0000] {processor.py:183} INFO - Processing /home/airflow/.local/lib/python3.12/site-packages/airflow/example_dags/example_latest_only.py took 0.073 seconds
[2025-11-12T19:26:07.409+0000] {processor.py:161} INFO - Started process (PID=1182) to work on /home/airflow/.local/lib/python3.12/site-packages/airflow/example_dags/example_latest_only.py
[2025-11-12T19:26:07.410+0000] {processor.py:830} INFO - Processing file /home/airflow/.local/lib/python3.12/site-packages/airflow/example_dags/example_latest_only.py for tasks to queue
[2025-11-12T19:26:07.412+0000] {logging_mixin.py:188} INFO - [2025-11-12T19:26:07.412+0000] {dagbag.py:545} INFO - Filling up the DagBag from /home/airflow/.local/lib/python3.12/site-packages/airflow/example_dags/example_latest_only.py
[2025-11-12T19:26:07.417+0000] {processor.py:840} INFO - DAG(s) 'latest_only' retrieved from /home/airflow/.local/lib/python3.12/site-packages/airflow/example_dags/example_latest_only.py
[2025-11-12T19:26:07.442+0000] {logging_mixin.py:188} INFO - [2025-11-12T19:26:07.441+0000] {dag.py:3096} INFO - Sync 1 DAGs
[2025-11-12T19:26:07.463+0000] {logging_mixin.py:188} INFO - [2025-11-12T19:26:07.463+0000] {dag.py:3954} INFO - Setting next_dagrun for latest_only to 2025-11-12 12:00:00+00:00, run_after=2025-11-12 16:00:00+00:00
[2025-11-12T19:26:07.481+0000] {processor.py:183} INFO - Processing /home/airflow/.local/lib/python3.12/site-packages/airflow/example_dags/example_latest_only.py took 0.079 seconds
[2025-11-12T19:26:37.936+0000] {processor.py:161} INFO - Started process (PID=1243) to work on /home/airflow/.local/lib/python3.12/site-packages/airflow/example_dags/example_latest_only.py
[2025-11-12T19:26:37.937+0000] {processor.py:830} INFO - Processing file /home/airflow/.local/lib/python3.12/site-packages/airflow/example_dags/example_latest_only.py for tasks to queue
[2025-11-12T19:26:37.939+0000] {logging_mixin.py:188} INFO - [2025-11-12T19:26:37.939+0000] {dagbag.py:545} INFO - Filling up the DagBag from /home/airflow/.local/lib/python3.12/site-packages/airflow/example_dags/example_latest_only.py
[2025-11-12T19:26:37.943+0000] {processor.py:840} INFO - DAG(s) 'latest_only' retrieved from /home/airflow/.local/lib/python3.12/site-packages/airflow/example_dags/example_latest_only.py
[2025-11-12T19:26:37.964+0000] {logging_mixin.py:188} INFO - [2025-11-12T19:26:37.964+0000] {dag.py:3096} INFO - Sync 1 DAGs
[2025-11-12T19:26:37.981+0000] {logging_mixin.py:188} INFO - [2025-11-12T19:26:37.981+0000] {dag.py:3954} INFO - Setting next_dagrun for latest_only to 2025-11-12 12:00:00+00:00, run_after=2025-11-12 16:00:00+00:00
[2025-11-12T19:26:37.998+0000] {processor.py:183} INFO - Processing /home/airflow/.local/lib/python3.12/site-packages/airflow/example_dags/example_latest_only.py took 0.066 seconds
[2025-11-12T19:27:08.472+0000] {processor.py:161} INFO - Started process (PID=1303) to work on /home/airflow/.local/lib/python3.12/site-packages/airflow/example_dags/example_latest_only.py
[2025-11-12T19:27:08.473+0000] {processor.py:830} INFO - Processing file /home/airflow/.local/lib/python3.12/site-packages/airflow/example_dags/example_latest_only.py for tasks to queue
[2025-11-12T19:27:08.477+0000] {logging_mixin.py:188} INFO - [2025-11-12T19:27:08.476+0000] {dagbag.py:545} INFO - Filling up the DagBag from /home/airflow/.local/lib/python3.12/site-packages/airflow/example_dags/example_latest_only.py
[2025-11-12T19:27:08.487+0000] {processor.py:840} INFO - DAG(s) 'latest_only' retrieved from /home/airflow/.local/lib/python3.12/site-packages/airflow/example_dags/example_latest_only.py
[2025-11-12T19:27:08.528+0000] {logging_mixin.py:188} INFO - [2025-11-12T19:27:08.527+0000] {dag.py:3096} INFO - Sync 1 DAGs
[2025-11-12T19:27:08.561+0000] {logging_mixin.py:188} INFO - [2025-11-12T19:27:08.561+0000] {dag.py:3954} INFO - Setting next_dagrun for latest_only to 2025-11-12 12:00:00+00:00, run_after=2025-11-12 16:00:00+00:00
[2025-11-12T19:27:08.605+0000] {processor.py:183} INFO - Processing /home/airflow/.local/lib/python3.12/site-packages/airflow/example_dags/example_latest_only.py took 0.143 seconds
[2025-11-12T19:27:38.838+0000] {processor.py:161} INFO - Started process (PID=1363) to work on /home/airflow/.local/lib/python3.12/site-packages/airflow/example_dags/example_latest_only.py
[2025-11-12T19:27:38.839+0000] {processor.py:830} INFO - Processing file /home/airflow/.local/lib/python3.12/site-packages/airflow/example_dags/example_latest_only.py for tasks to queue
[2025-11-12T19:27:38.841+0000] {logging_mixin.py:188} INFO - [2025-11-12T19:27:38.841+0000] {dagbag.py:545} INFO - Filling up the DagBag from /home/airflow/.local/lib/python3.12/site-packages/airflow/example_dags/example_latest_only.py
[2025-11-12T19:27:38.845+0000] {processor.py:840} INFO - DAG(s) 'latest_only' retrieved from /home/airflow/.local/lib/python3.12/site-packages/airflow/example_dags/example_latest_only.py
[2025-11-12T19:27:38.867+0000] {logging_mixin.py:188} INFO - [2025-11-12T19:27:38.867+0000] {dag.py:3096} INFO - Sync 1 DAGs
[2025-11-12T19:27:38.885+0000] {logging_mixin.py:188} INFO - [2025-11-12T19:27:38.885+0000] {dag.py:3954} INFO - Setting next_dagrun for latest_only to 2025-11-12 12:00:00+00:00, run_after=2025-11-12 16:00:00+00:00
[2025-11-12T19:27:38.906+0000] {processor.py:183} INFO - Processing /home/airflow/.local/lib/python3.12/site-packages/airflow/example_dags/example_latest_only.py took 0.073 seconds
[2025-11-12T19:28:10.785+0000] {processor.py:161} INFO - Started process (PID=1424) to work on /home/airflow/.local/lib/python3.12/site-packages/airflow/example_dags/example_latest_only.py
[2025-11-12T19:28:10.786+0000] {processor.py:830} INFO - Processing file /home/airflow/.local/lib/python3.12/site-packages/airflow/example_dags/example_latest_only.py for tasks to queue
[2025-11-12T19:28:10.788+0000] {logging_mixin.py:188} INFO - [2025-11-12T19:28:10.788+0000] {dagbag.py:545} INFO - Filling up the DagBag from /home/airflow/.local/lib/python3.12/site-packages/airflow/example_dags/example_latest_only.py
[2025-11-12T19:28:10.792+0000] {processor.py:840} INFO - DAG(s) 'latest_only' retrieved from /home/airflow/.local/lib/python3.12/site-packages/airflow/example_dags/example_latest_only.py
[2025-11-12T19:28:10.814+0000] {logging_mixin.py:188} INFO - [2025-11-12T19:28:10.813+0000] {dag.py:3096} INFO - Sync 1 DAGs
[2025-11-12T19:28:11.034+0000] {logging_mixin.py:188} INFO - [2025-11-12T19:28:11.034+0000] {dag.py:3954} INFO - Setting next_dagrun for latest_only to 2025-11-12 12:00:00+00:00, run_after=2025-11-12 16:00:00+00:00
[2025-11-12T19:28:11.054+0000] {processor.py:183} INFO - Processing /home/airflow/.local/lib/python3.12/site-packages/airflow/example_dags/example_latest_only.py took 0.274 seconds
[2025-11-12T19:28:41.294+0000] {processor.py:161} INFO - Started process (PID=1484) to work on /home/airflow/.local/lib/python3.12/site-packages/airflow/example_dags/example_latest_only.py
[2025-11-12T19:28:41.295+0000] {processor.py:830} INFO - Processing file /home/airflow/.local/lib/python3.12/site-packages/airflow/example_dags/example_latest_only.py for tasks to queue
[2025-11-12T19:28:41.297+0000] {logging_mixin.py:188} INFO - [2025-11-12T19:28:41.297+0000] {dagbag.py:545} INFO - Filling up the DagBag from /home/airflow/.local/lib/python3.12/site-packages/airflow/example_dags/example_latest_only.py
[2025-11-12T19:28:41.302+0000] {processor.py:840} INFO - DAG(s) 'latest_only' retrieved from /home/airflow/.local/lib/python3.12/site-packages/airflow/example_dags/example_latest_only.py
[2025-11-12T19:28:41.320+0000] {logging_mixin.py:188} INFO - [2025-11-12T19:28:41.320+0000] {dag.py:3096} INFO - Sync 1 DAGs
[2025-11-12T19:28:41.337+0000] {logging_mixin.py:188} INFO - [2025-11-12T19:28:41.336+0000] {dag.py:3954} INFO - Setting next_dagrun for latest_only to 2025-11-12 12:00:00+00:00, run_after=2025-11-12 16:00:00+00:00
[2025-11-12T19:28:41.357+0000] {processor.py:183} INFO - Processing /home/airflow/.local/lib/python3.12/site-packages/airflow/example_dags/example_latest_only.py took 0.067 seconds
[2025-11-12T19:29:11.552+0000] {processor.py:161} INFO - Started process (PID=1544) to work on /home/airflow/.local/lib/python3.12/site-packages/airflow/example_dags/example_latest_only.py
[2025-11-12T19:29:11.554+0000] {processor.py:830} INFO - Processing file /home/airflow/.local/lib/python3.12/site-packages/airflow/example_dags/example_latest_only.py for tasks to queue
[2025-11-12T19:29:11.556+0000] {logging_mixin.py:188} INFO - [2025-11-12T19:29:11.556+0000] {dagbag.py:545} INFO - Filling up the DagBag from /home/airflow/.local/lib/python3.12/site-packages/airflow/example_dags/example_latest_only.py
[2025-11-12T19:29:11.561+0000] {processor.py:840} INFO - DAG(s) 'latest_only' retrieved from /home/airflow/.local/lib/python3.12/site-packages/airflow/example_dags/example_latest_only.py
[2025-11-12T19:29:11.585+0000] {logging_mixin.py:188} INFO - [2025-11-12T19:29:11.585+0000] {dag.py:3096} INFO - Sync 1 DAGs
[2025-11-12T19:29:11.603+0000] {logging_mixin.py:188} INFO - [2025-11-12T19:29:11.603+0000] {dag.py:3954} INFO - Setting next_dagrun for latest_only to 2025-11-12 12:00:00+00:00, run_after=2025-11-12 16:00:00+00:00
[2025-11-12T19:29:11.625+0000] {processor.py:183} INFO - Processing /home/airflow/.local/lib/python3.12/site-packages/airflow/example_dags/example_latest_only.py took 0.079 seconds
[2025-11-12T19:29:44.107+0000] {processor.py:161} INFO - Started process (PID=1604) to work on /home/airflow/.local/lib/python3.12/site-packages/airflow/example_dags/example_latest_only.py
[2025-11-12T19:29:44.108+0000] {processor.py:830} INFO - Processing file /home/airflow/.local/lib/python3.12/site-packages/airflow/example_dags/example_latest_only.py for tasks to queue
[2025-11-12T19:29:44.112+0000] {logging_mixin.py:188} INFO - [2025-11-12T19:29:44.111+0000] {dagbag.py:545} INFO - Filling up the DagBag from /home/airflow/.local/lib/python3.12/site-packages/airflow/example_dags/example_latest_only.py
[2025-11-12T19:29:44.118+0000] {processor.py:840} INFO - DAG(s) 'latest_only' retrieved from /home/airflow/.local/lib/python3.12/site-packages/airflow/example_dags/example_latest_only.py
[2025-11-12T19:29:44.411+0000] {logging_mixin.py:188} INFO - [2025-11-12T19:29:44.410+0000] {dag.py:3096} INFO - Sync 1 DAGs
[2025-11-12T19:29:44.429+0000] {logging_mixin.py:188} INFO - [2025-11-12T19:29:44.428+0000] {dag.py:3954} INFO - Setting next_dagrun for latest_only to 2025-11-12 12:00:00+00:00, run_after=2025-11-12 16:00:00+00:00
[2025-11-12T19:29:44.452+0000] {processor.py:183} INFO - Processing /home/airflow/.local/lib/python3.12/site-packages/airflow/example_dags/example_latest_only.py took 0.350 seconds
[2025-11-12T19:30:14.968+0000] {processor.py:161} INFO - Started process (PID=1664) to work on /home/airflow/.local/lib/python3.12/site-packages/airflow/example_dags/example_latest_only.py
[2025-11-12T19:30:14.969+0000] {processor.py:830} INFO - Processing file /home/airflow/.local/lib/python3.12/site-packages/airflow/example_dags/example_latest_only.py for tasks to queue
[2025-11-12T19:30:14.972+0000] {logging_mixin.py:188} INFO - [2025-11-12T19:30:14.971+0000] {dagbag.py:545} INFO - Filling up the DagBag from /home/airflow/.local/lib/python3.12/site-packages/airflow/example_dags/example_latest_only.py
[2025-11-12T19:30:14.979+0000] {processor.py:840} INFO - DAG(s) 'latest_only' retrieved from /home/airflow/.local/lib/python3.12/site-packages/airflow/example_dags/example_latest_only.py
[2025-11-12T19:30:15.006+0000] {logging_mixin.py:188} INFO - [2025-11-12T19:30:15.005+0000] {dag.py:3096} INFO - Sync 1 DAGs
[2025-11-12T19:30:15.033+0000] {logging_mixin.py:188} INFO - [2025-11-12T19:30:15.033+0000] {dag.py:3954} INFO - Setting next_dagrun for latest_only to 2025-11-12 12:00:00+00:00, run_after=2025-11-12 16:00:00+00:00
[2025-11-12T19:30:15.058+0000] {processor.py:183} INFO - Processing /home/airflow/.local/lib/python3.12/site-packages/airflow/example_dags/example_latest_only.py took 0.097 seconds
[2025-11-12T19:30:45.158+0000] {processor.py:161} INFO - Started process (PID=1724) to work on /home/airflow/.local/lib/python3.12/site-packages/airflow/example_dags/example_latest_only.py
[2025-11-12T19:30:45.159+0000] {processor.py:830} INFO - Processing file /home/airflow/.local/lib/python3.12/site-packages/airflow/example_dags/example_latest_only.py for tasks to queue
[2025-11-12T19:30:45.161+0000] {logging_mixin.py:188} INFO - [2025-11-12T19:30:45.161+0000] {dagbag.py:545} INFO - Filling up the DagBag from /home/airflow/.local/lib/python3.12/site-packages/airflow/example_dags/example_latest_only.py
[2025-11-12T19:30:45.165+0000] {processor.py:840} INFO - DAG(s) 'latest_only' retrieved from /home/airflow/.local/lib/python3.12/site-packages/airflow/example_dags/example_latest_only.py
[2025-11-12T19:30:45.188+0000] {logging_mixin.py:188} INFO - [2025-11-12T19:30:45.187+0000] {dag.py:3096} INFO - Sync 1 DAGs
[2025-11-12T19:30:45.208+0000] {logging_mixin.py:188} INFO - [2025-11-12T19:30:45.208+0000] {dag.py:3954} INFO - Setting next_dagrun for latest_only to 2025-11-12 12:00:00+00:00, run_after=2025-11-12 16:00:00+00:00
[2025-11-12T19:30:45.230+0000] {processor.py:183} INFO - Processing /home/airflow/.local/lib/python3.12/site-packages/airflow/example_dags/example_latest_only.py took 0.077 seconds
[2025-11-12T19:31:15.598+0000] {processor.py:161} INFO - Started process (PID=1784) to work on /home/airflow/.local/lib/python3.12/site-packages/airflow/example_dags/example_latest_only.py
[2025-11-12T19:31:15.599+0000] {processor.py:830} INFO - Processing file /home/airflow/.local/lib/python3.12/site-packages/airflow/example_dags/example_latest_only.py for tasks to queue
[2025-11-12T19:31:15.602+0000] {logging_mixin.py:188} INFO - [2025-11-12T19:31:15.601+0000] {dagbag.py:545} INFO - Filling up the DagBag from /home/airflow/.local/lib/python3.12/site-packages/airflow/example_dags/example_latest_only.py
[2025-11-12T19:31:15.610+0000] {processor.py:840} INFO - DAG(s) 'latest_only' retrieved from /home/airflow/.local/lib/python3.12/site-packages/airflow/example_dags/example_latest_only.py
[2025-11-12T19:31:15.634+0000] {logging_mixin.py:188} INFO - [2025-11-12T19:31:15.633+0000] {dag.py:3096} INFO - Sync 1 DAGs
[2025-11-12T19:31:15.655+0000] {logging_mixin.py:188} INFO - [2025-11-12T19:31:15.654+0000] {dag.py:3954} INFO - Setting next_dagrun for latest_only to 2025-11-12 12:00:00+00:00, run_after=2025-11-12 16:00:00+00:00
[2025-11-12T19:31:15.699+0000] {processor.py:183} INFO - Processing /home/airflow/.local/lib/python3.12/site-packages/airflow/example_dags/example_latest_only.py took 0.107 seconds
[2025-11-12T19:31:46.134+0000] {processor.py:161} INFO - Started process (PID=1847) to work on /home/airflow/.local/lib/python3.12/site-packages/airflow/example_dags/example_latest_only.py
[2025-11-12T19:31:46.135+0000] {processor.py:830} INFO - Processing file /home/airflow/.local/lib/python3.12/site-packages/airflow/example_dags/example_latest_only.py for tasks to queue
[2025-11-12T19:31:46.137+0000] {logging_mixin.py:188} INFO - [2025-11-12T19:31:46.137+0000] {dagbag.py:545} INFO - Filling up the DagBag from /home/airflow/.local/lib/python3.12/site-packages/airflow/example_dags/example_latest_only.py
[2025-11-12T19:31:46.141+0000] {processor.py:840} INFO - DAG(s) 'latest_only' retrieved from /home/airflow/.local/lib/python3.12/site-packages/airflow/example_dags/example_latest_only.py
[2025-11-12T19:31:46.163+0000] {logging_mixin.py:188} INFO - [2025-11-12T19:31:46.163+0000] {dag.py:3096} INFO - Sync 1 DAGs
[2025-11-12T19:31:46.181+0000] {logging_mixin.py:188} INFO - [2025-11-12T19:31:46.181+0000] {dag.py:3954} INFO - Setting next_dagrun for latest_only to 2025-11-12 12:00:00+00:00, run_after=2025-11-12 16:00:00+00:00
[2025-11-12T19:31:46.201+0000] {processor.py:183} INFO - Processing /home/airflow/.local/lib/python3.12/site-packages/airflow/example_dags/example_latest_only.py took 0.071 seconds
