[2025-11-12T19:06:13.976+0000] {processor.py:161} INFO - Started process (PID=111) to work on /home/airflow/.local/lib/python3.12/site-packages/airflow/example_dags/example_latest_only_with_trigger.py
[2025-11-12T19:06:13.978+0000] {processor.py:830} INFO - Processing file /home/airflow/.local/lib/python3.12/site-packages/airflow/example_dags/example_latest_only_with_trigger.py for tasks to queue
[2025-11-12T19:06:13.982+0000] {logging_mixin.py:188} INFO - [2025-11-12T19:06:13.981+0000] {dagbag.py:545} INFO - Filling up the DagBag from /home/airflow/.local/lib/python3.12/site-packages/airflow/example_dags/example_latest_only_with_trigger.py
[2025-11-12T19:06:13.990+0000] {processor.py:840} INFO - DAG(s) 'latest_only_with_trigger' retrieved from /home/airflow/.local/lib/python3.12/site-packages/airflow/example_dags/example_latest_only_with_trigger.py
[2025-11-12T19:06:14.104+0000] {logging_mixin.py:188} INFO - [2025-11-12T19:06:14.103+0000] {dag.py:3096} INFO - Sync 1 DAGs
[2025-11-12T19:06:14.132+0000] {logging_mixin.py:188} INFO - [2025-11-12T19:06:14.132+0000] {dag.py:3954} INFO - Setting next_dagrun for latest_only_with_trigger to 2025-11-12 12:00:00+00:00, run_after=2025-11-12 16:00:00+00:00
[2025-11-12T19:06:14.161+0000] {processor.py:183} INFO - Processing /home/airflow/.local/lib/python3.12/site-packages/airflow/example_dags/example_latest_only_with_trigger.py took 0.193 seconds
[2025-11-12T19:06:44.294+0000] {processor.py:161} INFO - Started process (PID=172) to work on /home/airflow/.local/lib/python3.12/site-packages/airflow/example_dags/example_latest_only_with_trigger.py
[2025-11-12T19:06:44.295+0000] {processor.py:830} INFO - Processing file /home/airflow/.local/lib/python3.12/site-packages/airflow/example_dags/example_latest_only_with_trigger.py for tasks to queue
[2025-11-12T19:06:44.298+0000] {logging_mixin.py:188} INFO - [2025-11-12T19:06:44.298+0000] {dagbag.py:545} INFO - Filling up the DagBag from /home/airflow/.local/lib/python3.12/site-packages/airflow/example_dags/example_latest_only_with_trigger.py
[2025-11-12T19:06:44.305+0000] {processor.py:840} INFO - DAG(s) 'latest_only_with_trigger' retrieved from /home/airflow/.local/lib/python3.12/site-packages/airflow/example_dags/example_latest_only_with_trigger.py
[2025-11-12T19:06:44.341+0000] {logging_mixin.py:188} INFO - [2025-11-12T19:06:44.340+0000] {dag.py:3096} INFO - Sync 1 DAGs
[2025-11-12T19:06:44.375+0000] {logging_mixin.py:188} INFO - [2025-11-12T19:06:44.374+0000] {dag.py:3954} INFO - Setting next_dagrun for latest_only_with_trigger to 2025-11-12 12:00:00+00:00, run_after=2025-11-12 16:00:00+00:00
[2025-11-12T19:06:44.403+0000] {processor.py:183} INFO - Processing /home/airflow/.local/lib/python3.12/site-packages/airflow/example_dags/example_latest_only_with_trigger.py took 0.114 seconds
[2025-11-12T19:07:15.099+0000] {processor.py:161} INFO - Started process (PID=232) to work on /home/airflow/.local/lib/python3.12/site-packages/airflow/example_dags/example_latest_only_with_trigger.py
[2025-11-12T19:07:15.100+0000] {processor.py:830} INFO - Processing file /home/airflow/.local/lib/python3.12/site-packages/airflow/example_dags/example_latest_only_with_trigger.py for tasks to queue
[2025-11-12T19:07:15.103+0000] {logging_mixin.py:188} INFO - [2025-11-12T19:07:15.102+0000] {dagbag.py:545} INFO - Filling up the DagBag from /home/airflow/.local/lib/python3.12/site-packages/airflow/example_dags/example_latest_only_with_trigger.py
[2025-11-12T19:07:15.109+0000] {processor.py:840} INFO - DAG(s) 'latest_only_with_trigger' retrieved from /home/airflow/.local/lib/python3.12/site-packages/airflow/example_dags/example_latest_only_with_trigger.py
[2025-11-12T19:07:15.130+0000] {logging_mixin.py:188} INFO - [2025-11-12T19:07:15.130+0000] {dag.py:3096} INFO - Sync 1 DAGs
[2025-11-12T19:07:15.150+0000] {logging_mixin.py:188} INFO - [2025-11-12T19:07:15.149+0000] {dag.py:3954} INFO - Setting next_dagrun for latest_only_with_trigger to 2025-11-12 12:00:00+00:00, run_after=2025-11-12 16:00:00+00:00
[2025-11-12T19:07:15.172+0000] {processor.py:183} INFO - Processing /home/airflow/.local/lib/python3.12/site-packages/airflow/example_dags/example_latest_only_with_trigger.py took 0.077 seconds
[2025-11-12T19:07:45.571+0000] {processor.py:161} INFO - Started process (PID=292) to work on /home/airflow/.local/lib/python3.12/site-packages/airflow/example_dags/example_latest_only_with_trigger.py
[2025-11-12T19:07:45.572+0000] {processor.py:830} INFO - Processing file /home/airflow/.local/lib/python3.12/site-packages/airflow/example_dags/example_latest_only_with_trigger.py for tasks to queue
[2025-11-12T19:07:45.575+0000] {logging_mixin.py:188} INFO - [2025-11-12T19:07:45.574+0000] {dagbag.py:545} INFO - Filling up the DagBag from /home/airflow/.local/lib/python3.12/site-packages/airflow/example_dags/example_latest_only_with_trigger.py
[2025-11-12T19:07:45.581+0000] {processor.py:840} INFO - DAG(s) 'latest_only_with_trigger' retrieved from /home/airflow/.local/lib/python3.12/site-packages/airflow/example_dags/example_latest_only_with_trigger.py
[2025-11-12T19:07:45.606+0000] {logging_mixin.py:188} INFO - [2025-11-12T19:07:45.606+0000] {dag.py:3096} INFO - Sync 1 DAGs
[2025-11-12T19:07:45.629+0000] {logging_mixin.py:188} INFO - [2025-11-12T19:07:45.629+0000] {dag.py:3954} INFO - Setting next_dagrun for latest_only_with_trigger to 2025-11-12 12:00:00+00:00, run_after=2025-11-12 16:00:00+00:00
[2025-11-12T19:07:45.654+0000] {processor.py:183} INFO - Processing /home/airflow/.local/lib/python3.12/site-packages/airflow/example_dags/example_latest_only_with_trigger.py took 0.089 seconds
[2025-11-12T19:08:16.415+0000] {processor.py:161} INFO - Started process (PID=352) to work on /home/airflow/.local/lib/python3.12/site-packages/airflow/example_dags/example_latest_only_with_trigger.py
[2025-11-12T19:08:16.416+0000] {processor.py:830} INFO - Processing file /home/airflow/.local/lib/python3.12/site-packages/airflow/example_dags/example_latest_only_with_trigger.py for tasks to queue
[2025-11-12T19:08:16.417+0000] {logging_mixin.py:188} INFO - [2025-11-12T19:08:16.417+0000] {dagbag.py:545} INFO - Filling up the DagBag from /home/airflow/.local/lib/python3.12/site-packages/airflow/example_dags/example_latest_only_with_trigger.py
[2025-11-12T19:08:16.422+0000] {processor.py:840} INFO - DAG(s) 'latest_only_with_trigger' retrieved from /home/airflow/.local/lib/python3.12/site-packages/airflow/example_dags/example_latest_only_with_trigger.py
[2025-11-12T19:08:16.446+0000] {logging_mixin.py:188} INFO - [2025-11-12T19:08:16.445+0000] {dag.py:3096} INFO - Sync 1 DAGs
[2025-11-12T19:08:16.467+0000] {logging_mixin.py:188} INFO - [2025-11-12T19:08:16.466+0000] {dag.py:3954} INFO - Setting next_dagrun for latest_only_with_trigger to 2025-11-12 12:00:00+00:00, run_after=2025-11-12 16:00:00+00:00
[2025-11-12T19:08:16.485+0000] {processor.py:183} INFO - Processing /home/airflow/.local/lib/python3.12/site-packages/airflow/example_dags/example_latest_only_with_trigger.py took 0.074 seconds
[2025-11-12T19:08:46.821+0000] {processor.py:161} INFO - Started process (PID=412) to work on /home/airflow/.local/lib/python3.12/site-packages/airflow/example_dags/example_latest_only_with_trigger.py
[2025-11-12T19:08:46.823+0000] {processor.py:830} INFO - Processing file /home/airflow/.local/lib/python3.12/site-packages/airflow/example_dags/example_latest_only_with_trigger.py for tasks to queue
[2025-11-12T19:08:46.824+0000] {logging_mixin.py:188} INFO - [2025-11-12T19:08:46.824+0000] {dagbag.py:545} INFO - Filling up the DagBag from /home/airflow/.local/lib/python3.12/site-packages/airflow/example_dags/example_latest_only_with_trigger.py
[2025-11-12T19:08:46.831+0000] {processor.py:840} INFO - DAG(s) 'latest_only_with_trigger' retrieved from /home/airflow/.local/lib/python3.12/site-packages/airflow/example_dags/example_latest_only_with_trigger.py
[2025-11-12T19:08:46.855+0000] {logging_mixin.py:188} INFO - [2025-11-12T19:08:46.855+0000] {dag.py:3096} INFO - Sync 1 DAGs
[2025-11-12T19:08:46.875+0000] {logging_mixin.py:188} INFO - [2025-11-12T19:08:46.875+0000] {dag.py:3954} INFO - Setting next_dagrun for latest_only_with_trigger to 2025-11-12 12:00:00+00:00, run_after=2025-11-12 16:00:00+00:00
[2025-11-12T19:08:46.896+0000] {processor.py:183} INFO - Processing /home/airflow/.local/lib/python3.12/site-packages/airflow/example_dags/example_latest_only_with_trigger.py took 0.084 seconds
[2025-11-12T19:09:17.343+0000] {processor.py:161} INFO - Started process (PID=473) to work on /home/airflow/.local/lib/python3.12/site-packages/airflow/example_dags/example_latest_only_with_trigger.py
[2025-11-12T19:09:17.345+0000] {processor.py:830} INFO - Processing file /home/airflow/.local/lib/python3.12/site-packages/airflow/example_dags/example_latest_only_with_trigger.py for tasks to queue
[2025-11-12T19:09:17.351+0000] {logging_mixin.py:188} INFO - [2025-11-12T19:09:17.350+0000] {dagbag.py:545} INFO - Filling up the DagBag from /home/airflow/.local/lib/python3.12/site-packages/airflow/example_dags/example_latest_only_with_trigger.py
[2025-11-12T19:09:17.359+0000] {processor.py:840} INFO - DAG(s) 'latest_only_with_trigger' retrieved from /home/airflow/.local/lib/python3.12/site-packages/airflow/example_dags/example_latest_only_with_trigger.py
[2025-11-12T19:09:17.390+0000] {logging_mixin.py:188} INFO - [2025-11-12T19:09:17.389+0000] {dag.py:3096} INFO - Sync 1 DAGs
[2025-11-12T19:09:17.422+0000] {logging_mixin.py:188} INFO - [2025-11-12T19:09:17.421+0000] {dag.py:3954} INFO - Setting next_dagrun for latest_only_with_trigger to 2025-11-12 12:00:00+00:00, run_after=2025-11-12 16:00:00+00:00
[2025-11-12T19:09:17.446+0000] {processor.py:183} INFO - Processing /home/airflow/.local/lib/python3.12/site-packages/airflow/example_dags/example_latest_only_with_trigger.py took 0.108 seconds
[2025-11-12T19:09:48.239+0000] {processor.py:161} INFO - Started process (PID=534) to work on /home/airflow/.local/lib/python3.12/site-packages/airflow/example_dags/example_latest_only_with_trigger.py
[2025-11-12T19:09:48.240+0000] {processor.py:830} INFO - Processing file /home/airflow/.local/lib/python3.12/site-packages/airflow/example_dags/example_latest_only_with_trigger.py for tasks to queue
[2025-11-12T19:09:48.241+0000] {logging_mixin.py:188} INFO - [2025-11-12T19:09:48.241+0000] {dagbag.py:545} INFO - Filling up the DagBag from /home/airflow/.local/lib/python3.12/site-packages/airflow/example_dags/example_latest_only_with_trigger.py
[2025-11-12T19:09:48.247+0000] {processor.py:840} INFO - DAG(s) 'latest_only_with_trigger' retrieved from /home/airflow/.local/lib/python3.12/site-packages/airflow/example_dags/example_latest_only_with_trigger.py
[2025-11-12T19:09:48.270+0000] {logging_mixin.py:188} INFO - [2025-11-12T19:09:48.270+0000] {dag.py:3096} INFO - Sync 1 DAGs
[2025-11-12T19:09:48.290+0000] {logging_mixin.py:188} INFO - [2025-11-12T19:09:48.290+0000] {dag.py:3954} INFO - Setting next_dagrun for latest_only_with_trigger to 2025-11-12 12:00:00+00:00, run_after=2025-11-12 16:00:00+00:00
[2025-11-12T19:09:48.311+0000] {processor.py:183} INFO - Processing /home/airflow/.local/lib/python3.12/site-packages/airflow/example_dags/example_latest_only_with_trigger.py took 0.077 seconds
[2025-11-12T19:10:19.376+0000] {processor.py:161} INFO - Started process (PID=594) to work on /home/airflow/.local/lib/python3.12/site-packages/airflow/example_dags/example_latest_only_with_trigger.py
[2025-11-12T19:10:19.377+0000] {processor.py:830} INFO - Processing file /home/airflow/.local/lib/python3.12/site-packages/airflow/example_dags/example_latest_only_with_trigger.py for tasks to queue
[2025-11-12T19:10:19.378+0000] {logging_mixin.py:188} INFO - [2025-11-12T19:10:19.377+0000] {dagbag.py:545} INFO - Filling up the DagBag from /home/airflow/.local/lib/python3.12/site-packages/airflow/example_dags/example_latest_only_with_trigger.py
[2025-11-12T19:10:19.383+0000] {processor.py:840} INFO - DAG(s) 'latest_only_with_trigger' retrieved from /home/airflow/.local/lib/python3.12/site-packages/airflow/example_dags/example_latest_only_with_trigger.py
[2025-11-12T19:10:19.405+0000] {logging_mixin.py:188} INFO - [2025-11-12T19:10:19.405+0000] {dag.py:3096} INFO - Sync 1 DAGs
[2025-11-12T19:10:19.425+0000] {logging_mixin.py:188} INFO - [2025-11-12T19:10:19.425+0000] {dag.py:3954} INFO - Setting next_dagrun for latest_only_with_trigger to 2025-11-12 12:00:00+00:00, run_after=2025-11-12 16:00:00+00:00
[2025-11-12T19:10:19.448+0000] {processor.py:183} INFO - Processing /home/airflow/.local/lib/python3.12/site-packages/airflow/example_dags/example_latest_only_with_trigger.py took 0.077 seconds
[2025-11-12T19:10:49.730+0000] {processor.py:161} INFO - Started process (PID=655) to work on /home/airflow/.local/lib/python3.12/site-packages/airflow/example_dags/example_latest_only_with_trigger.py
[2025-11-12T19:10:49.731+0000] {processor.py:830} INFO - Processing file /home/airflow/.local/lib/python3.12/site-packages/airflow/example_dags/example_latest_only_with_trigger.py for tasks to queue
[2025-11-12T19:10:49.732+0000] {logging_mixin.py:188} INFO - [2025-11-12T19:10:49.732+0000] {dagbag.py:545} INFO - Filling up the DagBag from /home/airflow/.local/lib/python3.12/site-packages/airflow/example_dags/example_latest_only_with_trigger.py
[2025-11-12T19:10:49.738+0000] {processor.py:840} INFO - DAG(s) 'latest_only_with_trigger' retrieved from /home/airflow/.local/lib/python3.12/site-packages/airflow/example_dags/example_latest_only_with_trigger.py
[2025-11-12T19:10:49.763+0000] {logging_mixin.py:188} INFO - [2025-11-12T19:10:49.763+0000] {dag.py:3096} INFO - Sync 1 DAGs
[2025-11-12T19:10:49.785+0000] {logging_mixin.py:188} INFO - [2025-11-12T19:10:49.785+0000] {dag.py:3954} INFO - Setting next_dagrun for latest_only_with_trigger to 2025-11-12 12:00:00+00:00, run_after=2025-11-12 16:00:00+00:00
[2025-11-12T19:10:49.808+0000] {processor.py:183} INFO - Processing /home/airflow/.local/lib/python3.12/site-packages/airflow/example_dags/example_latest_only_with_trigger.py took 0.083 seconds
[2025-11-12T19:11:19.994+0000] {processor.py:161} INFO - Started process (PID=715) to work on /home/airflow/.local/lib/python3.12/site-packages/airflow/example_dags/example_latest_only_with_trigger.py
[2025-11-12T19:11:19.996+0000] {processor.py:830} INFO - Processing file /home/airflow/.local/lib/python3.12/site-packages/airflow/example_dags/example_latest_only_with_trigger.py for tasks to queue
[2025-11-12T19:11:19.997+0000] {logging_mixin.py:188} INFO - [2025-11-12T19:11:19.997+0000] {dagbag.py:545} INFO - Filling up the DagBag from /home/airflow/.local/lib/python3.12/site-packages/airflow/example_dags/example_latest_only_with_trigger.py
[2025-11-12T19:11:20.007+0000] {processor.py:840} INFO - DAG(s) 'latest_only_with_trigger' retrieved from /home/airflow/.local/lib/python3.12/site-packages/airflow/example_dags/example_latest_only_with_trigger.py
[2025-11-12T19:11:20.030+0000] {logging_mixin.py:188} INFO - [2025-11-12T19:11:20.029+0000] {dag.py:3096} INFO - Sync 1 DAGs
[2025-11-12T19:11:20.048+0000] {logging_mixin.py:188} INFO - [2025-11-12T19:11:20.048+0000] {dag.py:3954} INFO - Setting next_dagrun for latest_only_with_trigger to 2025-11-12 12:00:00+00:00, run_after=2025-11-12 16:00:00+00:00
[2025-11-12T19:11:20.067+0000] {processor.py:183} INFO - Processing /home/airflow/.local/lib/python3.12/site-packages/airflow/example_dags/example_latest_only_with_trigger.py took 0.078 seconds
[2025-11-12T19:11:50.329+0000] {processor.py:161} INFO - Started process (PID=775) to work on /home/airflow/.local/lib/python3.12/site-packages/airflow/example_dags/example_latest_only_with_trigger.py
[2025-11-12T19:11:50.330+0000] {processor.py:830} INFO - Processing file /home/airflow/.local/lib/python3.12/site-packages/airflow/example_dags/example_latest_only_with_trigger.py for tasks to queue
[2025-11-12T19:11:50.330+0000] {logging_mixin.py:188} INFO - [2025-11-12T19:11:50.330+0000] {dagbag.py:545} INFO - Filling up the DagBag from /home/airflow/.local/lib/python3.12/site-packages/airflow/example_dags/example_latest_only_with_trigger.py
[2025-11-12T19:11:50.336+0000] {processor.py:840} INFO - DAG(s) 'latest_only_with_trigger' retrieved from /home/airflow/.local/lib/python3.12/site-packages/airflow/example_dags/example_latest_only_with_trigger.py
[2025-11-12T19:11:50.355+0000] {logging_mixin.py:188} INFO - [2025-11-12T19:11:50.354+0000] {dag.py:3096} INFO - Sync 1 DAGs
[2025-11-12T19:11:50.373+0000] {logging_mixin.py:188} INFO - [2025-11-12T19:11:50.373+0000] {dag.py:3954} INFO - Setting next_dagrun for latest_only_with_trigger to 2025-11-12 12:00:00+00:00, run_after=2025-11-12 16:00:00+00:00
[2025-11-12T19:11:50.392+0000] {processor.py:183} INFO - Processing /home/airflow/.local/lib/python3.12/site-packages/airflow/example_dags/example_latest_only_with_trigger.py took 0.068 seconds
[2025-11-12T19:12:21.490+0000] {processor.py:161} INFO - Started process (PID=835) to work on /home/airflow/.local/lib/python3.12/site-packages/airflow/example_dags/example_latest_only_with_trigger.py
[2025-11-12T19:12:21.491+0000] {processor.py:830} INFO - Processing file /home/airflow/.local/lib/python3.12/site-packages/airflow/example_dags/example_latest_only_with_trigger.py for tasks to queue
[2025-11-12T19:12:21.492+0000] {logging_mixin.py:188} INFO - [2025-11-12T19:12:21.492+0000] {dagbag.py:545} INFO - Filling up the DagBag from /home/airflow/.local/lib/python3.12/site-packages/airflow/example_dags/example_latest_only_with_trigger.py
[2025-11-12T19:12:21.498+0000] {processor.py:840} INFO - DAG(s) 'latest_only_with_trigger' retrieved from /home/airflow/.local/lib/python3.12/site-packages/airflow/example_dags/example_latest_only_with_trigger.py
[2025-11-12T19:12:21.521+0000] {logging_mixin.py:188} INFO - [2025-11-12T19:12:21.521+0000] {dag.py:3096} INFO - Sync 1 DAGs
[2025-11-12T19:12:21.541+0000] {logging_mixin.py:188} INFO - [2025-11-12T19:12:21.541+0000] {dag.py:3954} INFO - Setting next_dagrun for latest_only_with_trigger to 2025-11-12 12:00:00+00:00, run_after=2025-11-12 16:00:00+00:00
[2025-11-12T19:12:21.562+0000] {processor.py:183} INFO - Processing /home/airflow/.local/lib/python3.12/site-packages/airflow/example_dags/example_latest_only_with_trigger.py took 0.077 seconds
[2025-11-12T19:12:51.753+0000] {processor.py:161} INFO - Started process (PID=895) to work on /home/airflow/.local/lib/python3.12/site-packages/airflow/example_dags/example_latest_only_with_trigger.py
[2025-11-12T19:12:51.755+0000] {processor.py:830} INFO - Processing file /home/airflow/.local/lib/python3.12/site-packages/airflow/example_dags/example_latest_only_with_trigger.py for tasks to queue
[2025-11-12T19:12:51.756+0000] {logging_mixin.py:188} INFO - [2025-11-12T19:12:51.756+0000] {dagbag.py:545} INFO - Filling up the DagBag from /home/airflow/.local/lib/python3.12/site-packages/airflow/example_dags/example_latest_only_with_trigger.py
[2025-11-12T19:12:51.765+0000] {processor.py:840} INFO - DAG(s) 'latest_only_with_trigger' retrieved from /home/airflow/.local/lib/python3.12/site-packages/airflow/example_dags/example_latest_only_with_trigger.py
[2025-11-12T19:12:51.789+0000] {logging_mixin.py:188} INFO - [2025-11-12T19:12:51.789+0000] {dag.py:3096} INFO - Sync 1 DAGs
[2025-11-12T19:12:51.811+0000] {logging_mixin.py:188} INFO - [2025-11-12T19:12:51.811+0000] {dag.py:3954} INFO - Setting next_dagrun for latest_only_with_trigger to 2025-11-12 12:00:00+00:00, run_after=2025-11-12 16:00:00+00:00
[2025-11-12T19:12:51.833+0000] {processor.py:183} INFO - Processing /home/airflow/.local/lib/python3.12/site-packages/airflow/example_dags/example_latest_only_with_trigger.py took 0.085 seconds
[2025-11-12T19:13:22.143+0000] {processor.py:161} INFO - Started process (PID=956) to work on /home/airflow/.local/lib/python3.12/site-packages/airflow/example_dags/example_latest_only_with_trigger.py
[2025-11-12T19:13:22.144+0000] {processor.py:830} INFO - Processing file /home/airflow/.local/lib/python3.12/site-packages/airflow/example_dags/example_latest_only_with_trigger.py for tasks to queue
[2025-11-12T19:13:22.145+0000] {logging_mixin.py:188} INFO - [2025-11-12T19:13:22.145+0000] {dagbag.py:545} INFO - Filling up the DagBag from /home/airflow/.local/lib/python3.12/site-packages/airflow/example_dags/example_latest_only_with_trigger.py
[2025-11-12T19:13:22.151+0000] {processor.py:840} INFO - DAG(s) 'latest_only_with_trigger' retrieved from /home/airflow/.local/lib/python3.12/site-packages/airflow/example_dags/example_latest_only_with_trigger.py
[2025-11-12T19:13:22.175+0000] {logging_mixin.py:188} INFO - [2025-11-12T19:13:22.174+0000] {dag.py:3096} INFO - Sync 1 DAGs
[2025-11-12T19:13:22.200+0000] {logging_mixin.py:188} INFO - [2025-11-12T19:13:22.200+0000] {dag.py:3954} INFO - Setting next_dagrun for latest_only_with_trigger to 2025-11-12 12:00:00+00:00, run_after=2025-11-12 16:00:00+00:00
[2025-11-12T19:13:22.223+0000] {processor.py:183} INFO - Processing /home/airflow/.local/lib/python3.12/site-packages/airflow/example_dags/example_latest_only_with_trigger.py took 0.085 seconds
[2025-11-12T19:13:52.928+0000] {processor.py:161} INFO - Started process (PID=1016) to work on /home/airflow/.local/lib/python3.12/site-packages/airflow/example_dags/example_latest_only_with_trigger.py
[2025-11-12T19:13:52.929+0000] {processor.py:830} INFO - Processing file /home/airflow/.local/lib/python3.12/site-packages/airflow/example_dags/example_latest_only_with_trigger.py for tasks to queue
[2025-11-12T19:13:52.930+0000] {logging_mixin.py:188} INFO - [2025-11-12T19:13:52.930+0000] {dagbag.py:545} INFO - Filling up the DagBag from /home/airflow/.local/lib/python3.12/site-packages/airflow/example_dags/example_latest_only_with_trigger.py
[2025-11-12T19:13:52.936+0000] {processor.py:840} INFO - DAG(s) 'latest_only_with_trigger' retrieved from /home/airflow/.local/lib/python3.12/site-packages/airflow/example_dags/example_latest_only_with_trigger.py
[2025-11-12T19:13:52.957+0000] {logging_mixin.py:188} INFO - [2025-11-12T19:13:52.957+0000] {dag.py:3096} INFO - Sync 1 DAGs
[2025-11-12T19:13:52.978+0000] {logging_mixin.py:188} INFO - [2025-11-12T19:13:52.978+0000] {dag.py:3954} INFO - Setting next_dagrun for latest_only_with_trigger to 2025-11-12 12:00:00+00:00, run_after=2025-11-12 16:00:00+00:00
[2025-11-12T19:13:52.998+0000] {processor.py:183} INFO - Processing /home/airflow/.local/lib/python3.12/site-packages/airflow/example_dags/example_latest_only_with_trigger.py took 0.075 seconds
[2025-11-12T19:14:23.823+0000] {processor.py:161} INFO - Started process (PID=1076) to work on /home/airflow/.local/lib/python3.12/site-packages/airflow/example_dags/example_latest_only_with_trigger.py
[2025-11-12T19:14:23.824+0000] {processor.py:830} INFO - Processing file /home/airflow/.local/lib/python3.12/site-packages/airflow/example_dags/example_latest_only_with_trigger.py for tasks to queue
[2025-11-12T19:14:23.825+0000] {logging_mixin.py:188} INFO - [2025-11-12T19:14:23.825+0000] {dagbag.py:545} INFO - Filling up the DagBag from /home/airflow/.local/lib/python3.12/site-packages/airflow/example_dags/example_latest_only_with_trigger.py
[2025-11-12T19:14:23.831+0000] {processor.py:840} INFO - DAG(s) 'latest_only_with_trigger' retrieved from /home/airflow/.local/lib/python3.12/site-packages/airflow/example_dags/example_latest_only_with_trigger.py
[2025-11-12T19:14:23.851+0000] {logging_mixin.py:188} INFO - [2025-11-12T19:14:23.851+0000] {dag.py:3096} INFO - Sync 1 DAGs
[2025-11-12T19:14:23.871+0000] {logging_mixin.py:188} INFO - [2025-11-12T19:14:23.871+0000] {dag.py:3954} INFO - Setting next_dagrun for latest_only_with_trigger to 2025-11-12 12:00:00+00:00, run_after=2025-11-12 16:00:00+00:00
[2025-11-12T19:14:23.893+0000] {processor.py:183} INFO - Processing /home/airflow/.local/lib/python3.12/site-packages/airflow/example_dags/example_latest_only_with_trigger.py took 0.075 seconds
[2025-11-12T19:14:54.616+0000] {processor.py:161} INFO - Started process (PID=1136) to work on /home/airflow/.local/lib/python3.12/site-packages/airflow/example_dags/example_latest_only_with_trigger.py
[2025-11-12T19:14:54.617+0000] {processor.py:830} INFO - Processing file /home/airflow/.local/lib/python3.12/site-packages/airflow/example_dags/example_latest_only_with_trigger.py for tasks to queue
[2025-11-12T19:14:54.618+0000] {logging_mixin.py:188} INFO - [2025-11-12T19:14:54.618+0000] {dagbag.py:545} INFO - Filling up the DagBag from /home/airflow/.local/lib/python3.12/site-packages/airflow/example_dags/example_latest_only_with_trigger.py
[2025-11-12T19:14:54.624+0000] {processor.py:840} INFO - DAG(s) 'latest_only_with_trigger' retrieved from /home/airflow/.local/lib/python3.12/site-packages/airflow/example_dags/example_latest_only_with_trigger.py
[2025-11-12T19:14:54.645+0000] {logging_mixin.py:188} INFO - [2025-11-12T19:14:54.645+0000] {dag.py:3096} INFO - Sync 1 DAGs
[2025-11-12T19:14:54.661+0000] {logging_mixin.py:188} INFO - [2025-11-12T19:14:54.661+0000] {dag.py:3954} INFO - Setting next_dagrun for latest_only_with_trigger to 2025-11-12 12:00:00+00:00, run_after=2025-11-12 16:00:00+00:00
[2025-11-12T19:14:54.682+0000] {processor.py:183} INFO - Processing /home/airflow/.local/lib/python3.12/site-packages/airflow/example_dags/example_latest_only_with_trigger.py took 0.070 seconds
[2025-11-12T19:15:25.631+0000] {processor.py:161} INFO - Started process (PID=1196) to work on /home/airflow/.local/lib/python3.12/site-packages/airflow/example_dags/example_latest_only_with_trigger.py
[2025-11-12T19:15:25.632+0000] {processor.py:830} INFO - Processing file /home/airflow/.local/lib/python3.12/site-packages/airflow/example_dags/example_latest_only_with_trigger.py for tasks to queue
[2025-11-12T19:15:25.633+0000] {logging_mixin.py:188} INFO - [2025-11-12T19:15:25.633+0000] {dagbag.py:545} INFO - Filling up the DagBag from /home/airflow/.local/lib/python3.12/site-packages/airflow/example_dags/example_latest_only_with_trigger.py
[2025-11-12T19:15:25.638+0000] {processor.py:840} INFO - DAG(s) 'latest_only_with_trigger' retrieved from /home/airflow/.local/lib/python3.12/site-packages/airflow/example_dags/example_latest_only_with_trigger.py
[2025-11-12T19:15:25.659+0000] {logging_mixin.py:188} INFO - [2025-11-12T19:15:25.659+0000] {dag.py:3096} INFO - Sync 1 DAGs
[2025-11-12T19:15:25.679+0000] {logging_mixin.py:188} INFO - [2025-11-12T19:15:25.679+0000] {dag.py:3954} INFO - Setting next_dagrun for latest_only_with_trigger to 2025-11-12 12:00:00+00:00, run_after=2025-11-12 16:00:00+00:00
[2025-11-12T19:15:25.701+0000] {processor.py:183} INFO - Processing /home/airflow/.local/lib/python3.12/site-packages/airflow/example_dags/example_latest_only_with_trigger.py took 0.075 seconds
[2025-11-12T19:17:00.471+0000] {processor.py:161} INFO - Started process (PID=112) to work on /home/airflow/.local/lib/python3.12/site-packages/airflow/example_dags/example_latest_only_with_trigger.py
[2025-11-12T19:17:00.472+0000] {processor.py:830} INFO - Processing file /home/airflow/.local/lib/python3.12/site-packages/airflow/example_dags/example_latest_only_with_trigger.py for tasks to queue
[2025-11-12T19:17:00.474+0000] {logging_mixin.py:188} INFO - [2025-11-12T19:17:00.473+0000] {dagbag.py:545} INFO - Filling up the DagBag from /home/airflow/.local/lib/python3.12/site-packages/airflow/example_dags/example_latest_only_with_trigger.py
[2025-11-12T19:17:00.479+0000] {processor.py:840} INFO - DAG(s) 'latest_only_with_trigger' retrieved from /home/airflow/.local/lib/python3.12/site-packages/airflow/example_dags/example_latest_only_with_trigger.py
[2025-11-12T19:17:00.581+0000] {logging_mixin.py:188} INFO - [2025-11-12T19:17:00.581+0000] {dag.py:3096} INFO - Sync 1 DAGs
[2025-11-12T19:17:00.603+0000] {logging_mixin.py:188} INFO - [2025-11-12T19:17:00.602+0000] {dag.py:3954} INFO - Setting next_dagrun for latest_only_with_trigger to 2025-11-12 12:00:00+00:00, run_after=2025-11-12 16:00:00+00:00
[2025-11-12T19:17:00.624+0000] {processor.py:183} INFO - Processing /home/airflow/.local/lib/python3.12/site-packages/airflow/example_dags/example_latest_only_with_trigger.py took 0.157 seconds
[2025-11-12T19:17:31.557+0000] {processor.py:161} INFO - Started process (PID=172) to work on /home/airflow/.local/lib/python3.12/site-packages/airflow/example_dags/example_latest_only_with_trigger.py
[2025-11-12T19:17:31.558+0000] {processor.py:830} INFO - Processing file /home/airflow/.local/lib/python3.12/site-packages/airflow/example_dags/example_latest_only_with_trigger.py for tasks to queue
[2025-11-12T19:17:31.560+0000] {logging_mixin.py:188} INFO - [2025-11-12T19:17:31.560+0000] {dagbag.py:545} INFO - Filling up the DagBag from /home/airflow/.local/lib/python3.12/site-packages/airflow/example_dags/example_latest_only_with_trigger.py
[2025-11-12T19:17:31.565+0000] {processor.py:840} INFO - DAG(s) 'latest_only_with_trigger' retrieved from /home/airflow/.local/lib/python3.12/site-packages/airflow/example_dags/example_latest_only_with_trigger.py
[2025-11-12T19:17:31.589+0000] {logging_mixin.py:188} INFO - [2025-11-12T19:17:31.589+0000] {dag.py:3096} INFO - Sync 1 DAGs
[2025-11-12T19:17:31.611+0000] {logging_mixin.py:188} INFO - [2025-11-12T19:17:31.611+0000] {dag.py:3954} INFO - Setting next_dagrun for latest_only_with_trigger to 2025-11-12 12:00:00+00:00, run_after=2025-11-12 16:00:00+00:00
[2025-11-12T19:17:31.636+0000] {processor.py:183} INFO - Processing /home/airflow/.local/lib/python3.12/site-packages/airflow/example_dags/example_latest_only_with_trigger.py took 0.083 seconds
[2025-11-12T19:18:02.468+0000] {processor.py:161} INFO - Started process (PID=232) to work on /home/airflow/.local/lib/python3.12/site-packages/airflow/example_dags/example_latest_only_with_trigger.py
[2025-11-12T19:18:02.470+0000] {processor.py:830} INFO - Processing file /home/airflow/.local/lib/python3.12/site-packages/airflow/example_dags/example_latest_only_with_trigger.py for tasks to queue
[2025-11-12T19:18:02.473+0000] {logging_mixin.py:188} INFO - [2025-11-12T19:18:02.472+0000] {dagbag.py:545} INFO - Filling up the DagBag from /home/airflow/.local/lib/python3.12/site-packages/airflow/example_dags/example_latest_only_with_trigger.py
[2025-11-12T19:18:02.482+0000] {processor.py:840} INFO - DAG(s) 'latest_only_with_trigger' retrieved from /home/airflow/.local/lib/python3.12/site-packages/airflow/example_dags/example_latest_only_with_trigger.py
[2025-11-12T19:18:02.506+0000] {logging_mixin.py:188} INFO - [2025-11-12T19:18:02.505+0000] {dag.py:3096} INFO - Sync 1 DAGs
[2025-11-12T19:18:02.528+0000] {logging_mixin.py:188} INFO - [2025-11-12T19:18:02.528+0000] {dag.py:3954} INFO - Setting next_dagrun for latest_only_with_trigger to 2025-11-12 12:00:00+00:00, run_after=2025-11-12 16:00:00+00:00
[2025-11-12T19:18:02.551+0000] {processor.py:183} INFO - Processing /home/airflow/.local/lib/python3.12/site-packages/airflow/example_dags/example_latest_only_with_trigger.py took 0.089 seconds
[2025-11-12T19:18:32.823+0000] {processor.py:161} INFO - Started process (PID=292) to work on /home/airflow/.local/lib/python3.12/site-packages/airflow/example_dags/example_latest_only_with_trigger.py
[2025-11-12T19:18:32.824+0000] {processor.py:830} INFO - Processing file /home/airflow/.local/lib/python3.12/site-packages/airflow/example_dags/example_latest_only_with_trigger.py for tasks to queue
[2025-11-12T19:18:32.826+0000] {logging_mixin.py:188} INFO - [2025-11-12T19:18:32.825+0000] {dagbag.py:545} INFO - Filling up the DagBag from /home/airflow/.local/lib/python3.12/site-packages/airflow/example_dags/example_latest_only_with_trigger.py
[2025-11-12T19:18:32.831+0000] {processor.py:840} INFO - DAG(s) 'latest_only_with_trigger' retrieved from /home/airflow/.local/lib/python3.12/site-packages/airflow/example_dags/example_latest_only_with_trigger.py
[2025-11-12T19:18:32.851+0000] {logging_mixin.py:188} INFO - [2025-11-12T19:18:32.851+0000] {dag.py:3096} INFO - Sync 1 DAGs
[2025-11-12T19:18:32.868+0000] {logging_mixin.py:188} INFO - [2025-11-12T19:18:32.868+0000] {dag.py:3954} INFO - Setting next_dagrun for latest_only_with_trigger to 2025-11-12 12:00:00+00:00, run_after=2025-11-12 16:00:00+00:00
[2025-11-12T19:18:32.887+0000] {processor.py:183} INFO - Processing /home/airflow/.local/lib/python3.12/site-packages/airflow/example_dags/example_latest_only_with_trigger.py took 0.069 seconds
[2025-11-12T19:19:03.283+0000] {processor.py:161} INFO - Started process (PID=353) to work on /home/airflow/.local/lib/python3.12/site-packages/airflow/example_dags/example_latest_only_with_trigger.py
[2025-11-12T19:19:03.286+0000] {processor.py:830} INFO - Processing file /home/airflow/.local/lib/python3.12/site-packages/airflow/example_dags/example_latest_only_with_trigger.py for tasks to queue
[2025-11-12T19:19:03.289+0000] {logging_mixin.py:188} INFO - [2025-11-12T19:19:03.289+0000] {dagbag.py:545} INFO - Filling up the DagBag from /home/airflow/.local/lib/python3.12/site-packages/airflow/example_dags/example_latest_only_with_trigger.py
[2025-11-12T19:19:03.294+0000] {processor.py:840} INFO - DAG(s) 'latest_only_with_trigger' retrieved from /home/airflow/.local/lib/python3.12/site-packages/airflow/example_dags/example_latest_only_with_trigger.py
[2025-11-12T19:19:03.321+0000] {logging_mixin.py:188} INFO - [2025-11-12T19:19:03.321+0000] {dag.py:3096} INFO - Sync 1 DAGs
[2025-11-12T19:19:03.341+0000] {logging_mixin.py:188} INFO - [2025-11-12T19:19:03.341+0000] {dag.py:3954} INFO - Setting next_dagrun for latest_only_with_trigger to 2025-11-12 12:00:00+00:00, run_after=2025-11-12 16:00:00+00:00
[2025-11-12T19:19:03.364+0000] {processor.py:183} INFO - Processing /home/airflow/.local/lib/python3.12/site-packages/airflow/example_dags/example_latest_only_with_trigger.py took 0.086 seconds
[2025-11-12T19:19:34.292+0000] {processor.py:161} INFO - Started process (PID=413) to work on /home/airflow/.local/lib/python3.12/site-packages/airflow/example_dags/example_latest_only_with_trigger.py
[2025-11-12T19:19:34.294+0000] {processor.py:830} INFO - Processing file /home/airflow/.local/lib/python3.12/site-packages/airflow/example_dags/example_latest_only_with_trigger.py for tasks to queue
[2025-11-12T19:19:34.296+0000] {logging_mixin.py:188} INFO - [2025-11-12T19:19:34.295+0000] {dagbag.py:545} INFO - Filling up the DagBag from /home/airflow/.local/lib/python3.12/site-packages/airflow/example_dags/example_latest_only_with_trigger.py
[2025-11-12T19:19:34.302+0000] {processor.py:840} INFO - DAG(s) 'latest_only_with_trigger' retrieved from /home/airflow/.local/lib/python3.12/site-packages/airflow/example_dags/example_latest_only_with_trigger.py
[2025-11-12T19:19:34.331+0000] {logging_mixin.py:188} INFO - [2025-11-12T19:19:34.330+0000] {dag.py:3096} INFO - Sync 1 DAGs
[2025-11-12T19:19:34.353+0000] {logging_mixin.py:188} INFO - [2025-11-12T19:19:34.353+0000] {dag.py:3954} INFO - Setting next_dagrun for latest_only_with_trigger to 2025-11-12 12:00:00+00:00, run_after=2025-11-12 16:00:00+00:00
[2025-11-12T19:19:34.376+0000] {processor.py:183} INFO - Processing /home/airflow/.local/lib/python3.12/site-packages/airflow/example_dags/example_latest_only_with_trigger.py took 0.088 seconds
[2025-11-12T19:20:04.865+0000] {processor.py:161} INFO - Started process (PID=473) to work on /home/airflow/.local/lib/python3.12/site-packages/airflow/example_dags/example_latest_only_with_trigger.py
[2025-11-12T19:20:04.866+0000] {processor.py:830} INFO - Processing file /home/airflow/.local/lib/python3.12/site-packages/airflow/example_dags/example_latest_only_with_trigger.py for tasks to queue
[2025-11-12T19:20:04.870+0000] {logging_mixin.py:188} INFO - [2025-11-12T19:20:04.869+0000] {dagbag.py:545} INFO - Filling up the DagBag from /home/airflow/.local/lib/python3.12/site-packages/airflow/example_dags/example_latest_only_with_trigger.py
[2025-11-12T19:20:04.877+0000] {processor.py:840} INFO - DAG(s) 'latest_only_with_trigger' retrieved from /home/airflow/.local/lib/python3.12/site-packages/airflow/example_dags/example_latest_only_with_trigger.py
[2025-11-12T19:20:04.906+0000] {logging_mixin.py:188} INFO - [2025-11-12T19:20:04.905+0000] {dag.py:3096} INFO - Sync 1 DAGs
[2025-11-12T19:20:04.931+0000] {logging_mixin.py:188} INFO - [2025-11-12T19:20:04.931+0000] {dag.py:3954} INFO - Setting next_dagrun for latest_only_with_trigger to 2025-11-12 12:00:00+00:00, run_after=2025-11-12 16:00:00+00:00
[2025-11-12T19:20:04.957+0000] {processor.py:183} INFO - Processing /home/airflow/.local/lib/python3.12/site-packages/airflow/example_dags/example_latest_only_with_trigger.py took 0.098 seconds
[2025-11-12T19:20:35.310+0000] {processor.py:161} INFO - Started process (PID=534) to work on /home/airflow/.local/lib/python3.12/site-packages/airflow/example_dags/example_latest_only_with_trigger.py
[2025-11-12T19:20:35.311+0000] {processor.py:830} INFO - Processing file /home/airflow/.local/lib/python3.12/site-packages/airflow/example_dags/example_latest_only_with_trigger.py for tasks to queue
[2025-11-12T19:20:35.313+0000] {logging_mixin.py:188} INFO - [2025-11-12T19:20:35.313+0000] {dagbag.py:545} INFO - Filling up the DagBag from /home/airflow/.local/lib/python3.12/site-packages/airflow/example_dags/example_latest_only_with_trigger.py
[2025-11-12T19:20:35.318+0000] {processor.py:840} INFO - DAG(s) 'latest_only_with_trigger' retrieved from /home/airflow/.local/lib/python3.12/site-packages/airflow/example_dags/example_latest_only_with_trigger.py
[2025-11-12T19:20:35.338+0000] {logging_mixin.py:188} INFO - [2025-11-12T19:20:35.338+0000] {dag.py:3096} INFO - Sync 1 DAGs
[2025-11-12T19:20:35.354+0000] {logging_mixin.py:188} INFO - [2025-11-12T19:20:35.354+0000] {dag.py:3954} INFO - Setting next_dagrun for latest_only_with_trigger to 2025-11-12 12:00:00+00:00, run_after=2025-11-12 16:00:00+00:00
[2025-11-12T19:20:35.383+0000] {processor.py:183} INFO - Processing /home/airflow/.local/lib/python3.12/site-packages/airflow/example_dags/example_latest_only_with_trigger.py took 0.076 seconds
[2025-11-12T19:21:05.525+0000] {processor.py:161} INFO - Started process (PID=594) to work on /home/airflow/.local/lib/python3.12/site-packages/airflow/example_dags/example_latest_only_with_trigger.py
[2025-11-12T19:21:05.526+0000] {processor.py:830} INFO - Processing file /home/airflow/.local/lib/python3.12/site-packages/airflow/example_dags/example_latest_only_with_trigger.py for tasks to queue
[2025-11-12T19:21:05.528+0000] {logging_mixin.py:188} INFO - [2025-11-12T19:21:05.528+0000] {dagbag.py:545} INFO - Filling up the DagBag from /home/airflow/.local/lib/python3.12/site-packages/airflow/example_dags/example_latest_only_with_trigger.py
[2025-11-12T19:21:05.534+0000] {processor.py:840} INFO - DAG(s) 'latest_only_with_trigger' retrieved from /home/airflow/.local/lib/python3.12/site-packages/airflow/example_dags/example_latest_only_with_trigger.py
[2025-11-12T19:21:05.560+0000] {logging_mixin.py:188} INFO - [2025-11-12T19:21:05.559+0000] {dag.py:3096} INFO - Sync 1 DAGs
[2025-11-12T19:21:05.580+0000] {logging_mixin.py:188} INFO - [2025-11-12T19:21:05.580+0000] {dag.py:3954} INFO - Setting next_dagrun for latest_only_with_trigger to 2025-11-12 12:00:00+00:00, run_after=2025-11-12 16:00:00+00:00
[2025-11-12T19:21:05.607+0000] {processor.py:183} INFO - Processing /home/airflow/.local/lib/python3.12/site-packages/airflow/example_dags/example_latest_only_with_trigger.py took 0.086 seconds
[2025-11-12T19:21:35.880+0000] {processor.py:161} INFO - Started process (PID=654) to work on /home/airflow/.local/lib/python3.12/site-packages/airflow/example_dags/example_latest_only_with_trigger.py
[2025-11-12T19:21:35.881+0000] {processor.py:830} INFO - Processing file /home/airflow/.local/lib/python3.12/site-packages/airflow/example_dags/example_latest_only_with_trigger.py for tasks to queue
[2025-11-12T19:21:35.884+0000] {logging_mixin.py:188} INFO - [2025-11-12T19:21:35.883+0000] {dagbag.py:545} INFO - Filling up the DagBag from /home/airflow/.local/lib/python3.12/site-packages/airflow/example_dags/example_latest_only_with_trigger.py
[2025-11-12T19:21:35.889+0000] {processor.py:840} INFO - DAG(s) 'latest_only_with_trigger' retrieved from /home/airflow/.local/lib/python3.12/site-packages/airflow/example_dags/example_latest_only_with_trigger.py
[2025-11-12T19:21:35.917+0000] {logging_mixin.py:188} INFO - [2025-11-12T19:21:35.917+0000] {dag.py:3096} INFO - Sync 1 DAGs
[2025-11-12T19:21:35.938+0000] {logging_mixin.py:188} INFO - [2025-11-12T19:21:35.938+0000] {dag.py:3954} INFO - Setting next_dagrun for latest_only_with_trigger to 2025-11-12 12:00:00+00:00, run_after=2025-11-12 16:00:00+00:00
[2025-11-12T19:21:35.961+0000] {processor.py:183} INFO - Processing /home/airflow/.local/lib/python3.12/site-packages/airflow/example_dags/example_latest_only_with_trigger.py took 0.085 seconds
[2025-11-12T19:22:06.088+0000] {processor.py:161} INFO - Started process (PID=714) to work on /home/airflow/.local/lib/python3.12/site-packages/airflow/example_dags/example_latest_only_with_trigger.py
[2025-11-12T19:22:06.089+0000] {processor.py:830} INFO - Processing file /home/airflow/.local/lib/python3.12/site-packages/airflow/example_dags/example_latest_only_with_trigger.py for tasks to queue
[2025-11-12T19:22:06.092+0000] {logging_mixin.py:188} INFO - [2025-11-12T19:22:06.091+0000] {dagbag.py:545} INFO - Filling up the DagBag from /home/airflow/.local/lib/python3.12/site-packages/airflow/example_dags/example_latest_only_with_trigger.py
[2025-11-12T19:22:06.098+0000] {processor.py:840} INFO - DAG(s) 'latest_only_with_trigger' retrieved from /home/airflow/.local/lib/python3.12/site-packages/airflow/example_dags/example_latest_only_with_trigger.py
[2025-11-12T19:22:06.124+0000] {logging_mixin.py:188} INFO - [2025-11-12T19:22:06.123+0000] {dag.py:3096} INFO - Sync 1 DAGs
[2025-11-12T19:22:06.142+0000] {logging_mixin.py:188} INFO - [2025-11-12T19:22:06.142+0000] {dag.py:3954} INFO - Setting next_dagrun for latest_only_with_trigger to 2025-11-12 12:00:00+00:00, run_after=2025-11-12 16:00:00+00:00
[2025-11-12T19:22:06.166+0000] {processor.py:183} INFO - Processing /home/airflow/.local/lib/python3.12/site-packages/airflow/example_dags/example_latest_only_with_trigger.py took 0.084 seconds
[2025-11-12T19:22:36.570+0000] {processor.py:161} INFO - Started process (PID=775) to work on /home/airflow/.local/lib/python3.12/site-packages/airflow/example_dags/example_latest_only_with_trigger.py
[2025-11-12T19:22:36.571+0000] {processor.py:830} INFO - Processing file /home/airflow/.local/lib/python3.12/site-packages/airflow/example_dags/example_latest_only_with_trigger.py for tasks to queue
[2025-11-12T19:22:36.572+0000] {logging_mixin.py:188} INFO - [2025-11-12T19:22:36.572+0000] {dagbag.py:545} INFO - Filling up the DagBag from /home/airflow/.local/lib/python3.12/site-packages/airflow/example_dags/example_latest_only_with_trigger.py
[2025-11-12T19:22:36.579+0000] {processor.py:840} INFO - DAG(s) 'latest_only_with_trigger' retrieved from /home/airflow/.local/lib/python3.12/site-packages/airflow/example_dags/example_latest_only_with_trigger.py
[2025-11-12T19:22:36.602+0000] {logging_mixin.py:188} INFO - [2025-11-12T19:22:36.602+0000] {dag.py:3096} INFO - Sync 1 DAGs
[2025-11-12T19:22:36.618+0000] {logging_mixin.py:188} INFO - [2025-11-12T19:22:36.617+0000] {dag.py:3954} INFO - Setting next_dagrun for latest_only_with_trigger to 2025-11-12 12:00:00+00:00, run_after=2025-11-12 16:00:00+00:00
[2025-11-12T19:22:36.642+0000] {processor.py:183} INFO - Processing /home/airflow/.local/lib/python3.12/site-packages/airflow/example_dags/example_latest_only_with_trigger.py took 0.078 seconds
[2025-11-12T19:23:06.879+0000] {processor.py:161} INFO - Started process (PID=835) to work on /home/airflow/.local/lib/python3.12/site-packages/airflow/example_dags/example_latest_only_with_trigger.py
[2025-11-12T19:23:06.880+0000] {processor.py:830} INFO - Processing file /home/airflow/.local/lib/python3.12/site-packages/airflow/example_dags/example_latest_only_with_trigger.py for tasks to queue
[2025-11-12T19:23:06.882+0000] {logging_mixin.py:188} INFO - [2025-11-12T19:23:06.882+0000] {dagbag.py:545} INFO - Filling up the DagBag from /home/airflow/.local/lib/python3.12/site-packages/airflow/example_dags/example_latest_only_with_trigger.py
[2025-11-12T19:23:06.887+0000] {processor.py:840} INFO - DAG(s) 'latest_only_with_trigger' retrieved from /home/airflow/.local/lib/python3.12/site-packages/airflow/example_dags/example_latest_only_with_trigger.py
[2025-11-12T19:23:06.910+0000] {logging_mixin.py:188} INFO - [2025-11-12T19:23:06.908+0000] {dag.py:3096} INFO - Sync 1 DAGs
[2025-11-12T19:23:06.936+0000] {logging_mixin.py:188} INFO - [2025-11-12T19:23:06.935+0000] {dag.py:3954} INFO - Setting next_dagrun for latest_only_with_trigger to 2025-11-12 12:00:00+00:00, run_after=2025-11-12 16:00:00+00:00
[2025-11-12T19:23:06.958+0000] {processor.py:183} INFO - Processing /home/airflow/.local/lib/python3.12/site-packages/airflow/example_dags/example_latest_only_with_trigger.py took 0.083 seconds
[2025-11-12T19:23:37.244+0000] {processor.py:161} INFO - Started process (PID=895) to work on /home/airflow/.local/lib/python3.12/site-packages/airflow/example_dags/example_latest_only_with_trigger.py
[2025-11-12T19:23:37.245+0000] {processor.py:830} INFO - Processing file /home/airflow/.local/lib/python3.12/site-packages/airflow/example_dags/example_latest_only_with_trigger.py for tasks to queue
[2025-11-12T19:23:37.247+0000] {logging_mixin.py:188} INFO - [2025-11-12T19:23:37.247+0000] {dagbag.py:545} INFO - Filling up the DagBag from /home/airflow/.local/lib/python3.12/site-packages/airflow/example_dags/example_latest_only_with_trigger.py
[2025-11-12T19:23:37.252+0000] {processor.py:840} INFO - DAG(s) 'latest_only_with_trigger' retrieved from /home/airflow/.local/lib/python3.12/site-packages/airflow/example_dags/example_latest_only_with_trigger.py
[2025-11-12T19:23:37.273+0000] {logging_mixin.py:188} INFO - [2025-11-12T19:23:37.272+0000] {dag.py:3096} INFO - Sync 1 DAGs
[2025-11-12T19:23:37.291+0000] {logging_mixin.py:188} INFO - [2025-11-12T19:23:37.291+0000] {dag.py:3954} INFO - Setting next_dagrun for latest_only_with_trigger to 2025-11-12 12:00:00+00:00, run_after=2025-11-12 16:00:00+00:00
[2025-11-12T19:23:37.310+0000] {processor.py:183} INFO - Processing /home/airflow/.local/lib/python3.12/site-packages/airflow/example_dags/example_latest_only_with_trigger.py took 0.071 seconds
[2025-11-12T19:24:07.629+0000] {processor.py:161} INFO - Started process (PID=955) to work on /home/airflow/.local/lib/python3.12/site-packages/airflow/example_dags/example_latest_only_with_trigger.py
[2025-11-12T19:24:07.630+0000] {processor.py:830} INFO - Processing file /home/airflow/.local/lib/python3.12/site-packages/airflow/example_dags/example_latest_only_with_trigger.py for tasks to queue
[2025-11-12T19:24:07.632+0000] {logging_mixin.py:188} INFO - [2025-11-12T19:24:07.632+0000] {dagbag.py:545} INFO - Filling up the DagBag from /home/airflow/.local/lib/python3.12/site-packages/airflow/example_dags/example_latest_only_with_trigger.py
[2025-11-12T19:24:07.638+0000] {processor.py:840} INFO - DAG(s) 'latest_only_with_trigger' retrieved from /home/airflow/.local/lib/python3.12/site-packages/airflow/example_dags/example_latest_only_with_trigger.py
[2025-11-12T19:24:07.661+0000] {logging_mixin.py:188} INFO - [2025-11-12T19:24:07.660+0000] {dag.py:3096} INFO - Sync 1 DAGs
[2025-11-12T19:24:07.679+0000] {logging_mixin.py:188} INFO - [2025-11-12T19:24:07.679+0000] {dag.py:3954} INFO - Setting next_dagrun for latest_only_with_trigger to 2025-11-12 12:00:00+00:00, run_after=2025-11-12 16:00:00+00:00
[2025-11-12T19:24:07.704+0000] {processor.py:183} INFO - Processing /home/airflow/.local/lib/python3.12/site-packages/airflow/example_dags/example_latest_only_with_trigger.py took 0.081 seconds
[2025-11-12T19:24:38.576+0000] {processor.py:161} INFO - Started process (PID=1015) to work on /home/airflow/.local/lib/python3.12/site-packages/airflow/example_dags/example_latest_only_with_trigger.py
[2025-11-12T19:24:38.577+0000] {processor.py:830} INFO - Processing file /home/airflow/.local/lib/python3.12/site-packages/airflow/example_dags/example_latest_only_with_trigger.py for tasks to queue
[2025-11-12T19:24:38.579+0000] {logging_mixin.py:188} INFO - [2025-11-12T19:24:38.579+0000] {dagbag.py:545} INFO - Filling up the DagBag from /home/airflow/.local/lib/python3.12/site-packages/airflow/example_dags/example_latest_only_with_trigger.py
[2025-11-12T19:24:38.584+0000] {processor.py:840} INFO - DAG(s) 'latest_only_with_trigger' retrieved from /home/airflow/.local/lib/python3.12/site-packages/airflow/example_dags/example_latest_only_with_trigger.py
[2025-11-12T19:24:38.607+0000] {logging_mixin.py:188} INFO - [2025-11-12T19:24:38.606+0000] {dag.py:3096} INFO - Sync 1 DAGs
[2025-11-12T19:24:38.624+0000] {logging_mixin.py:188} INFO - [2025-11-12T19:24:38.624+0000] {dag.py:3954} INFO - Setting next_dagrun for latest_only_with_trigger to 2025-11-12 12:00:00+00:00, run_after=2025-11-12 16:00:00+00:00
[2025-11-12T19:24:38.641+0000] {processor.py:183} INFO - Processing /home/airflow/.local/lib/python3.12/site-packages/airflow/example_dags/example_latest_only_with_trigger.py took 0.070 seconds
[2025-11-12T19:25:08.964+0000] {processor.py:161} INFO - Started process (PID=1075) to work on /home/airflow/.local/lib/python3.12/site-packages/airflow/example_dags/example_latest_only_with_trigger.py
[2025-11-12T19:25:08.966+0000] {processor.py:830} INFO - Processing file /home/airflow/.local/lib/python3.12/site-packages/airflow/example_dags/example_latest_only_with_trigger.py for tasks to queue
[2025-11-12T19:25:08.967+0000] {logging_mixin.py:188} INFO - [2025-11-12T19:25:08.967+0000] {dagbag.py:545} INFO - Filling up the DagBag from /home/airflow/.local/lib/python3.12/site-packages/airflow/example_dags/example_latest_only_with_trigger.py
[2025-11-12T19:25:08.973+0000] {processor.py:840} INFO - DAG(s) 'latest_only_with_trigger' retrieved from /home/airflow/.local/lib/python3.12/site-packages/airflow/example_dags/example_latest_only_with_trigger.py
[2025-11-12T19:25:08.996+0000] {logging_mixin.py:188} INFO - [2025-11-12T19:25:08.995+0000] {dag.py:3096} INFO - Sync 1 DAGs
[2025-11-12T19:25:09.015+0000] {logging_mixin.py:188} INFO - [2025-11-12T19:25:09.015+0000] {dag.py:3954} INFO - Setting next_dagrun for latest_only_with_trigger to 2025-11-12 12:00:00+00:00, run_after=2025-11-12 16:00:00+00:00
[2025-11-12T19:25:09.040+0000] {processor.py:183} INFO - Processing /home/airflow/.local/lib/python3.12/site-packages/airflow/example_dags/example_latest_only_with_trigger.py took 0.080 seconds
[2025-11-12T19:25:39.184+0000] {processor.py:161} INFO - Started process (PID=1135) to work on /home/airflow/.local/lib/python3.12/site-packages/airflow/example_dags/example_latest_only_with_trigger.py
[2025-11-12T19:25:39.185+0000] {processor.py:830} INFO - Processing file /home/airflow/.local/lib/python3.12/site-packages/airflow/example_dags/example_latest_only_with_trigger.py for tasks to queue
[2025-11-12T19:25:39.188+0000] {logging_mixin.py:188} INFO - [2025-11-12T19:25:39.187+0000] {dagbag.py:545} INFO - Filling up the DagBag from /home/airflow/.local/lib/python3.12/site-packages/airflow/example_dags/example_latest_only_with_trigger.py
[2025-11-12T19:25:39.193+0000] {processor.py:840} INFO - DAG(s) 'latest_only_with_trigger' retrieved from /home/airflow/.local/lib/python3.12/site-packages/airflow/example_dags/example_latest_only_with_trigger.py
[2025-11-12T19:25:39.217+0000] {logging_mixin.py:188} INFO - [2025-11-12T19:25:39.216+0000] {dag.py:3096} INFO - Sync 1 DAGs
[2025-11-12T19:25:39.235+0000] {logging_mixin.py:188} INFO - [2025-11-12T19:25:39.235+0000] {dag.py:3954} INFO - Setting next_dagrun for latest_only_with_trigger to 2025-11-12 12:00:00+00:00, run_after=2025-11-12 16:00:00+00:00
[2025-11-12T19:25:39.260+0000] {processor.py:183} INFO - Processing /home/airflow/.local/lib/python3.12/site-packages/airflow/example_dags/example_latest_only_with_trigger.py took 0.080 seconds
[2025-11-12T19:26:09.439+0000] {processor.py:161} INFO - Started process (PID=1195) to work on /home/airflow/.local/lib/python3.12/site-packages/airflow/example_dags/example_latest_only_with_trigger.py
[2025-11-12T19:26:09.441+0000] {processor.py:830} INFO - Processing file /home/airflow/.local/lib/python3.12/site-packages/airflow/example_dags/example_latest_only_with_trigger.py for tasks to queue
[2025-11-12T19:26:09.444+0000] {logging_mixin.py:188} INFO - [2025-11-12T19:26:09.443+0000] {dagbag.py:545} INFO - Filling up the DagBag from /home/airflow/.local/lib/python3.12/site-packages/airflow/example_dags/example_latest_only_with_trigger.py
[2025-11-12T19:26:09.451+0000] {processor.py:840} INFO - DAG(s) 'latest_only_with_trigger' retrieved from /home/airflow/.local/lib/python3.12/site-packages/airflow/example_dags/example_latest_only_with_trigger.py
[2025-11-12T19:26:09.486+0000] {logging_mixin.py:188} INFO - [2025-11-12T19:26:09.484+0000] {dag.py:3096} INFO - Sync 1 DAGs
[2025-11-12T19:26:09.525+0000] {logging_mixin.py:188} INFO - [2025-11-12T19:26:09.524+0000] {dag.py:3954} INFO - Setting next_dagrun for latest_only_with_trigger to 2025-11-12 12:00:00+00:00, run_after=2025-11-12 16:00:00+00:00
[2025-11-12T19:26:09.552+0000] {processor.py:183} INFO - Processing /home/airflow/.local/lib/python3.12/site-packages/airflow/example_dags/example_latest_only_with_trigger.py took 0.124 seconds
[2025-11-12T19:26:39.910+0000] {processor.py:161} INFO - Started process (PID=1256) to work on /home/airflow/.local/lib/python3.12/site-packages/airflow/example_dags/example_latest_only_with_trigger.py
[2025-11-12T19:26:39.911+0000] {processor.py:830} INFO - Processing file /home/airflow/.local/lib/python3.12/site-packages/airflow/example_dags/example_latest_only_with_trigger.py for tasks to queue
[2025-11-12T19:26:39.912+0000] {logging_mixin.py:188} INFO - [2025-11-12T19:26:39.912+0000] {dagbag.py:545} INFO - Filling up the DagBag from /home/airflow/.local/lib/python3.12/site-packages/airflow/example_dags/example_latest_only_with_trigger.py
[2025-11-12T19:26:39.917+0000] {processor.py:840} INFO - DAG(s) 'latest_only_with_trigger' retrieved from /home/airflow/.local/lib/python3.12/site-packages/airflow/example_dags/example_latest_only_with_trigger.py
[2025-11-12T19:26:39.942+0000] {logging_mixin.py:188} INFO - [2025-11-12T19:26:39.941+0000] {dag.py:3096} INFO - Sync 1 DAGs
[2025-11-12T19:26:39.965+0000] {logging_mixin.py:188} INFO - [2025-11-12T19:26:39.964+0000] {dag.py:3954} INFO - Setting next_dagrun for latest_only_with_trigger to 2025-11-12 12:00:00+00:00, run_after=2025-11-12 16:00:00+00:00
[2025-11-12T19:26:39.990+0000] {processor.py:183} INFO - Processing /home/airflow/.local/lib/python3.12/site-packages/airflow/example_dags/example_latest_only_with_trigger.py took 0.085 seconds
[2025-11-12T19:27:10.623+0000] {processor.py:161} INFO - Started process (PID=1316) to work on /home/airflow/.local/lib/python3.12/site-packages/airflow/example_dags/example_latest_only_with_trigger.py
[2025-11-12T19:27:10.626+0000] {processor.py:830} INFO - Processing file /home/airflow/.local/lib/python3.12/site-packages/airflow/example_dags/example_latest_only_with_trigger.py for tasks to queue
[2025-11-12T19:27:10.631+0000] {logging_mixin.py:188} INFO - [2025-11-12T19:27:10.630+0000] {dagbag.py:545} INFO - Filling up the DagBag from /home/airflow/.local/lib/python3.12/site-packages/airflow/example_dags/example_latest_only_with_trigger.py
[2025-11-12T19:27:10.643+0000] {processor.py:840} INFO - DAG(s) 'latest_only_with_trigger' retrieved from /home/airflow/.local/lib/python3.12/site-packages/airflow/example_dags/example_latest_only_with_trigger.py
[2025-11-12T19:27:10.693+0000] {logging_mixin.py:188} INFO - [2025-11-12T19:27:10.693+0000] {dag.py:3096} INFO - Sync 1 DAGs
[2025-11-12T19:27:10.731+0000] {logging_mixin.py:188} INFO - [2025-11-12T19:27:10.731+0000] {dag.py:3954} INFO - Setting next_dagrun for latest_only_with_trigger to 2025-11-12 12:00:00+00:00, run_after=2025-11-12 16:00:00+00:00
[2025-11-12T19:27:10.782+0000] {processor.py:183} INFO - Processing /home/airflow/.local/lib/python3.12/site-packages/airflow/example_dags/example_latest_only_with_trigger.py took 0.169 seconds
[2025-11-12T19:27:40.898+0000] {processor.py:161} INFO - Started process (PID=1375) to work on /home/airflow/.local/lib/python3.12/site-packages/airflow/example_dags/example_latest_only_with_trigger.py
[2025-11-12T19:27:40.900+0000] {processor.py:830} INFO - Processing file /home/airflow/.local/lib/python3.12/site-packages/airflow/example_dags/example_latest_only_with_trigger.py for tasks to queue
[2025-11-12T19:27:40.902+0000] {logging_mixin.py:188} INFO - [2025-11-12T19:27:40.901+0000] {dagbag.py:545} INFO - Filling up the DagBag from /home/airflow/.local/lib/python3.12/site-packages/airflow/example_dags/example_latest_only_with_trigger.py
[2025-11-12T19:27:40.907+0000] {processor.py:840} INFO - DAG(s) 'latest_only_with_trigger' retrieved from /home/airflow/.local/lib/python3.12/site-packages/airflow/example_dags/example_latest_only_with_trigger.py
[2025-11-12T19:27:40.929+0000] {logging_mixin.py:188} INFO - [2025-11-12T19:27:40.929+0000] {dag.py:3096} INFO - Sync 1 DAGs
[2025-11-12T19:27:40.948+0000] {logging_mixin.py:188} INFO - [2025-11-12T19:27:40.948+0000] {dag.py:3954} INFO - Setting next_dagrun for latest_only_with_trigger to 2025-11-12 12:00:00+00:00, run_after=2025-11-12 16:00:00+00:00
[2025-11-12T19:27:40.973+0000] {processor.py:183} INFO - Processing /home/airflow/.local/lib/python3.12/site-packages/airflow/example_dags/example_latest_only_with_trigger.py took 0.079 seconds
[2025-11-12T19:28:12.732+0000] {processor.py:161} INFO - Started process (PID=1436) to work on /home/airflow/.local/lib/python3.12/site-packages/airflow/example_dags/example_latest_only_with_trigger.py
[2025-11-12T19:28:12.734+0000] {processor.py:830} INFO - Processing file /home/airflow/.local/lib/python3.12/site-packages/airflow/example_dags/example_latest_only_with_trigger.py for tasks to queue
[2025-11-12T19:28:12.736+0000] {logging_mixin.py:188} INFO - [2025-11-12T19:28:12.735+0000] {dagbag.py:545} INFO - Filling up the DagBag from /home/airflow/.local/lib/python3.12/site-packages/airflow/example_dags/example_latest_only_with_trigger.py
[2025-11-12T19:28:12.741+0000] {processor.py:840} INFO - DAG(s) 'latest_only_with_trigger' retrieved from /home/airflow/.local/lib/python3.12/site-packages/airflow/example_dags/example_latest_only_with_trigger.py
[2025-11-12T19:28:12.766+0000] {logging_mixin.py:188} INFO - [2025-11-12T19:28:12.765+0000] {dag.py:3096} INFO - Sync 1 DAGs
[2025-11-12T19:28:12.994+0000] {logging_mixin.py:188} INFO - [2025-11-12T19:28:12.994+0000] {dag.py:3954} INFO - Setting next_dagrun for latest_only_with_trigger to 2025-11-12 12:00:00+00:00, run_after=2025-11-12 16:00:00+00:00
[2025-11-12T19:28:13.012+0000] {processor.py:183} INFO - Processing /home/airflow/.local/lib/python3.12/site-packages/airflow/example_dags/example_latest_only_with_trigger.py took 0.285 seconds
[2025-11-12T19:28:43.339+0000] {processor.py:161} INFO - Started process (PID=1496) to work on /home/airflow/.local/lib/python3.12/site-packages/airflow/example_dags/example_latest_only_with_trigger.py
[2025-11-12T19:28:43.342+0000] {processor.py:830} INFO - Processing file /home/airflow/.local/lib/python3.12/site-packages/airflow/example_dags/example_latest_only_with_trigger.py for tasks to queue
[2025-11-12T19:28:43.347+0000] {logging_mixin.py:188} INFO - [2025-11-12T19:28:43.346+0000] {dagbag.py:545} INFO - Filling up the DagBag from /home/airflow/.local/lib/python3.12/site-packages/airflow/example_dags/example_latest_only_with_trigger.py
[2025-11-12T19:28:43.355+0000] {processor.py:840} INFO - DAG(s) 'latest_only_with_trigger' retrieved from /home/airflow/.local/lib/python3.12/site-packages/airflow/example_dags/example_latest_only_with_trigger.py
[2025-11-12T19:28:43.383+0000] {logging_mixin.py:188} INFO - [2025-11-12T19:28:43.382+0000] {dag.py:3096} INFO - Sync 1 DAGs
[2025-11-12T19:28:43.403+0000] {logging_mixin.py:188} INFO - [2025-11-12T19:28:43.403+0000] {dag.py:3954} INFO - Setting next_dagrun for latest_only_with_trigger to 2025-11-12 12:00:00+00:00, run_after=2025-11-12 16:00:00+00:00
[2025-11-12T19:28:43.422+0000] {processor.py:183} INFO - Processing /home/airflow/.local/lib/python3.12/site-packages/airflow/example_dags/example_latest_only_with_trigger.py took 0.089 seconds
[2025-11-12T19:29:13.564+0000] {processor.py:161} INFO - Started process (PID=1556) to work on /home/airflow/.local/lib/python3.12/site-packages/airflow/example_dags/example_latest_only_with_trigger.py
[2025-11-12T19:29:13.565+0000] {processor.py:830} INFO - Processing file /home/airflow/.local/lib/python3.12/site-packages/airflow/example_dags/example_latest_only_with_trigger.py for tasks to queue
[2025-11-12T19:29:13.567+0000] {logging_mixin.py:188} INFO - [2025-11-12T19:29:13.567+0000] {dagbag.py:545} INFO - Filling up the DagBag from /home/airflow/.local/lib/python3.12/site-packages/airflow/example_dags/example_latest_only_with_trigger.py
[2025-11-12T19:29:13.572+0000] {processor.py:840} INFO - DAG(s) 'latest_only_with_trigger' retrieved from /home/airflow/.local/lib/python3.12/site-packages/airflow/example_dags/example_latest_only_with_trigger.py
[2025-11-12T19:29:13.594+0000] {logging_mixin.py:188} INFO - [2025-11-12T19:29:13.594+0000] {dag.py:3096} INFO - Sync 1 DAGs
[2025-11-12T19:29:13.612+0000] {logging_mixin.py:188} INFO - [2025-11-12T19:29:13.612+0000] {dag.py:3954} INFO - Setting next_dagrun for latest_only_with_trigger to 2025-11-12 12:00:00+00:00, run_after=2025-11-12 16:00:00+00:00
[2025-11-12T19:29:13.631+0000] {processor.py:183} INFO - Processing /home/airflow/.local/lib/python3.12/site-packages/airflow/example_dags/example_latest_only_with_trigger.py took 0.074 seconds
[2025-11-12T19:29:46.937+0000] {processor.py:161} INFO - Started process (PID=1616) to work on /home/airflow/.local/lib/python3.12/site-packages/airflow/example_dags/example_latest_only_with_trigger.py
[2025-11-12T19:29:46.938+0000] {processor.py:830} INFO - Processing file /home/airflow/.local/lib/python3.12/site-packages/airflow/example_dags/example_latest_only_with_trigger.py for tasks to queue
[2025-11-12T19:29:46.940+0000] {logging_mixin.py:188} INFO - [2025-11-12T19:29:46.940+0000] {dagbag.py:545} INFO - Filling up the DagBag from /home/airflow/.local/lib/python3.12/site-packages/airflow/example_dags/example_latest_only_with_trigger.py
[2025-11-12T19:29:46.945+0000] {processor.py:840} INFO - DAG(s) 'latest_only_with_trigger' retrieved from /home/airflow/.local/lib/python3.12/site-packages/airflow/example_dags/example_latest_only_with_trigger.py
[2025-11-12T19:29:47.153+0000] {logging_mixin.py:188} INFO - [2025-11-12T19:29:47.152+0000] {dag.py:3096} INFO - Sync 1 DAGs
[2025-11-12T19:29:47.171+0000] {logging_mixin.py:188} INFO - [2025-11-12T19:29:47.171+0000] {dag.py:3954} INFO - Setting next_dagrun for latest_only_with_trigger to 2025-11-12 12:00:00+00:00, run_after=2025-11-12 16:00:00+00:00
[2025-11-12T19:29:47.191+0000] {processor.py:183} INFO - Processing /home/airflow/.local/lib/python3.12/site-packages/airflow/example_dags/example_latest_only_with_trigger.py took 0.259 seconds
[2025-11-12T19:30:17.919+0000] {processor.py:161} INFO - Started process (PID=1676) to work on /home/airflow/.local/lib/python3.12/site-packages/airflow/example_dags/example_latest_only_with_trigger.py
[2025-11-12T19:30:17.920+0000] {processor.py:830} INFO - Processing file /home/airflow/.local/lib/python3.12/site-packages/airflow/example_dags/example_latest_only_with_trigger.py for tasks to queue
[2025-11-12T19:30:17.922+0000] {logging_mixin.py:188} INFO - [2025-11-12T19:30:17.922+0000] {dagbag.py:545} INFO - Filling up the DagBag from /home/airflow/.local/lib/python3.12/site-packages/airflow/example_dags/example_latest_only_with_trigger.py
[2025-11-12T19:30:17.927+0000] {processor.py:840} INFO - DAG(s) 'latest_only_with_trigger' retrieved from /home/airflow/.local/lib/python3.12/site-packages/airflow/example_dags/example_latest_only_with_trigger.py
[2025-11-12T19:30:17.948+0000] {logging_mixin.py:188} INFO - [2025-11-12T19:30:17.947+0000] {dag.py:3096} INFO - Sync 1 DAGs
[2025-11-12T19:30:17.965+0000] {logging_mixin.py:188} INFO - [2025-11-12T19:30:17.965+0000] {dag.py:3954} INFO - Setting next_dagrun for latest_only_with_trigger to 2025-11-12 12:00:00+00:00, run_after=2025-11-12 16:00:00+00:00
[2025-11-12T19:30:17.993+0000] {processor.py:183} INFO - Processing /home/airflow/.local/lib/python3.12/site-packages/airflow/example_dags/example_latest_only_with_trigger.py took 0.079 seconds
[2025-11-12T19:30:48.159+0000] {processor.py:161} INFO - Started process (PID=1736) to work on /home/airflow/.local/lib/python3.12/site-packages/airflow/example_dags/example_latest_only_with_trigger.py
[2025-11-12T19:30:48.160+0000] {processor.py:830} INFO - Processing file /home/airflow/.local/lib/python3.12/site-packages/airflow/example_dags/example_latest_only_with_trigger.py for tasks to queue
[2025-11-12T19:30:48.162+0000] {logging_mixin.py:188} INFO - [2025-11-12T19:30:48.162+0000] {dagbag.py:545} INFO - Filling up the DagBag from /home/airflow/.local/lib/python3.12/site-packages/airflow/example_dags/example_latest_only_with_trigger.py
[2025-11-12T19:30:48.167+0000] {processor.py:840} INFO - DAG(s) 'latest_only_with_trigger' retrieved from /home/airflow/.local/lib/python3.12/site-packages/airflow/example_dags/example_latest_only_with_trigger.py
[2025-11-12T19:30:48.190+0000] {logging_mixin.py:188} INFO - [2025-11-12T19:30:48.189+0000] {dag.py:3096} INFO - Sync 1 DAGs
[2025-11-12T19:30:48.209+0000] {logging_mixin.py:188} INFO - [2025-11-12T19:30:48.208+0000] {dag.py:3954} INFO - Setting next_dagrun for latest_only_with_trigger to 2025-11-12 12:00:00+00:00, run_after=2025-11-12 16:00:00+00:00
[2025-11-12T19:30:48.227+0000] {processor.py:183} INFO - Processing /home/airflow/.local/lib/python3.12/site-packages/airflow/example_dags/example_latest_only_with_trigger.py took 0.073 seconds
[2025-11-12T19:31:18.576+0000] {processor.py:161} INFO - Started process (PID=1796) to work on /home/airflow/.local/lib/python3.12/site-packages/airflow/example_dags/example_latest_only_with_trigger.py
[2025-11-12T19:31:18.577+0000] {processor.py:830} INFO - Processing file /home/airflow/.local/lib/python3.12/site-packages/airflow/example_dags/example_latest_only_with_trigger.py for tasks to queue
[2025-11-12T19:31:18.580+0000] {logging_mixin.py:188} INFO - [2025-11-12T19:31:18.579+0000] {dagbag.py:545} INFO - Filling up the DagBag from /home/airflow/.local/lib/python3.12/site-packages/airflow/example_dags/example_latest_only_with_trigger.py
[2025-11-12T19:31:18.585+0000] {processor.py:840} INFO - DAG(s) 'latest_only_with_trigger' retrieved from /home/airflow/.local/lib/python3.12/site-packages/airflow/example_dags/example_latest_only_with_trigger.py
[2025-11-12T19:31:18.609+0000] {logging_mixin.py:188} INFO - [2025-11-12T19:31:18.608+0000] {dag.py:3096} INFO - Sync 1 DAGs
[2025-11-12T19:31:18.630+0000] {logging_mixin.py:188} INFO - [2025-11-12T19:31:18.629+0000] {dag.py:3954} INFO - Setting next_dagrun for latest_only_with_trigger to 2025-11-12 12:00:00+00:00, run_after=2025-11-12 16:00:00+00:00
[2025-11-12T19:31:18.650+0000] {processor.py:183} INFO - Processing /home/airflow/.local/lib/python3.12/site-packages/airflow/example_dags/example_latest_only_with_trigger.py took 0.079 seconds
[2025-11-12T19:31:49.002+0000] {processor.py:161} INFO - Started process (PID=1859) to work on /home/airflow/.local/lib/python3.12/site-packages/airflow/example_dags/example_latest_only_with_trigger.py
[2025-11-12T19:31:49.003+0000] {processor.py:830} INFO - Processing file /home/airflow/.local/lib/python3.12/site-packages/airflow/example_dags/example_latest_only_with_trigger.py for tasks to queue
[2025-11-12T19:31:49.005+0000] {logging_mixin.py:188} INFO - [2025-11-12T19:31:49.005+0000] {dagbag.py:545} INFO - Filling up the DagBag from /home/airflow/.local/lib/python3.12/site-packages/airflow/example_dags/example_latest_only_with_trigger.py
[2025-11-12T19:31:49.010+0000] {processor.py:840} INFO - DAG(s) 'latest_only_with_trigger' retrieved from /home/airflow/.local/lib/python3.12/site-packages/airflow/example_dags/example_latest_only_with_trigger.py
[2025-11-12T19:31:49.031+0000] {logging_mixin.py:188} INFO - [2025-11-12T19:31:49.031+0000] {dag.py:3096} INFO - Sync 1 DAGs
[2025-11-12T19:31:49.050+0000] {logging_mixin.py:188} INFO - [2025-11-12T19:31:49.050+0000] {dag.py:3954} INFO - Setting next_dagrun for latest_only_with_trigger to 2025-11-12 12:00:00+00:00, run_after=2025-11-12 16:00:00+00:00
[2025-11-12T19:31:49.071+0000] {processor.py:183} INFO - Processing /home/airflow/.local/lib/python3.12/site-packages/airflow/example_dags/example_latest_only_with_trigger.py took 0.074 seconds
