[2025-11-12T19:06:10.557+0000] {processor.py:161} INFO - Started process (PID=85) to work on /home/airflow/.local/lib/python3.12/site-packages/airflow/example_dags/example_branch_day_of_week_operator.py
[2025-11-12T19:06:10.559+0000] {processor.py:830} INFO - Processing file /home/airflow/.local/lib/python3.12/site-packages/airflow/example_dags/example_branch_day_of_week_operator.py for tasks to queue
[2025-11-12T19:06:10.562+0000] {logging_mixin.py:188} INFO - [2025-11-12T19:06:10.561+0000] {dagbag.py:545} INFO - Filling up the DagBag from /home/airflow/.local/lib/python3.12/site-packages/airflow/example_dags/example_branch_day_of_week_operator.py
[2025-11-12T19:06:10.580+0000] {processor.py:840} INFO - DAG(s) 'example_weekday_branch_operator' retrieved from /home/airflow/.local/lib/python3.12/site-packages/airflow/example_dags/example_branch_day_of_week_operator.py
[2025-11-12T19:06:10.717+0000] {logging_mixin.py:188} INFO - [2025-11-12T19:06:10.716+0000] {dag.py:3096} INFO - Sync 1 DAGs
[2025-11-12T19:06:10.737+0000] {logging_mixin.py:188} INFO - [2025-11-12T19:06:10.736+0000] {dag.py:3954} INFO - Setting next_dagrun for example_weekday_branch_operator to 2025-11-11 00:00:00+00:00, run_after=2025-11-12 00:00:00+00:00
[2025-11-12T19:06:10.763+0000] {processor.py:183} INFO - Processing /home/airflow/.local/lib/python3.12/site-packages/airflow/example_dags/example_branch_day_of_week_operator.py took 0.212 seconds
[2025-11-12T19:06:40.831+0000] {processor.py:161} INFO - Started process (PID=145) to work on /home/airflow/.local/lib/python3.12/site-packages/airflow/example_dags/example_branch_day_of_week_operator.py
[2025-11-12T19:06:40.832+0000] {processor.py:830} INFO - Processing file /home/airflow/.local/lib/python3.12/site-packages/airflow/example_dags/example_branch_day_of_week_operator.py for tasks to queue
[2025-11-12T19:06:40.834+0000] {logging_mixin.py:188} INFO - [2025-11-12T19:06:40.834+0000] {dagbag.py:545} INFO - Filling up the DagBag from /home/airflow/.local/lib/python3.12/site-packages/airflow/example_dags/example_branch_day_of_week_operator.py
[2025-11-12T19:06:40.840+0000] {processor.py:840} INFO - DAG(s) 'example_weekday_branch_operator' retrieved from /home/airflow/.local/lib/python3.12/site-packages/airflow/example_dags/example_branch_day_of_week_operator.py
[2025-11-12T19:06:40.861+0000] {logging_mixin.py:188} INFO - [2025-11-12T19:06:40.860+0000] {dag.py:3096} INFO - Sync 1 DAGs
[2025-11-12T19:06:40.879+0000] {logging_mixin.py:188} INFO - [2025-11-12T19:06:40.879+0000] {dag.py:3954} INFO - Setting next_dagrun for example_weekday_branch_operator to 2025-11-11 00:00:00+00:00, run_after=2025-11-12 00:00:00+00:00
[2025-11-12T19:06:40.897+0000] {processor.py:183} INFO - Processing /home/airflow/.local/lib/python3.12/site-packages/airflow/example_dags/example_branch_day_of_week_operator.py took 0.071 seconds
[2025-11-12T19:07:11.172+0000] {processor.py:161} INFO - Started process (PID=205) to work on /home/airflow/.local/lib/python3.12/site-packages/airflow/example_dags/example_branch_day_of_week_operator.py
[2025-11-12T19:07:11.173+0000] {processor.py:830} INFO - Processing file /home/airflow/.local/lib/python3.12/site-packages/airflow/example_dags/example_branch_day_of_week_operator.py for tasks to queue
[2025-11-12T19:07:11.175+0000] {logging_mixin.py:188} INFO - [2025-11-12T19:07:11.175+0000] {dagbag.py:545} INFO - Filling up the DagBag from /home/airflow/.local/lib/python3.12/site-packages/airflow/example_dags/example_branch_day_of_week_operator.py
[2025-11-12T19:07:11.181+0000] {processor.py:840} INFO - DAG(s) 'example_weekday_branch_operator' retrieved from /home/airflow/.local/lib/python3.12/site-packages/airflow/example_dags/example_branch_day_of_week_operator.py
[2025-11-12T19:07:11.203+0000] {logging_mixin.py:188} INFO - [2025-11-12T19:07:11.202+0000] {dag.py:3096} INFO - Sync 1 DAGs
[2025-11-12T19:07:11.224+0000] {logging_mixin.py:188} INFO - [2025-11-12T19:07:11.224+0000] {dag.py:3954} INFO - Setting next_dagrun for example_weekday_branch_operator to 2025-11-11 00:00:00+00:00, run_after=2025-11-12 00:00:00+00:00
[2025-11-12T19:07:11.245+0000] {processor.py:183} INFO - Processing /home/airflow/.local/lib/python3.12/site-packages/airflow/example_dags/example_branch_day_of_week_operator.py took 0.079 seconds
[2025-11-12T19:07:42.210+0000] {processor.py:161} INFO - Started process (PID=265) to work on /home/airflow/.local/lib/python3.12/site-packages/airflow/example_dags/example_branch_day_of_week_operator.py
[2025-11-12T19:07:42.222+0000] {processor.py:830} INFO - Processing file /home/airflow/.local/lib/python3.12/site-packages/airflow/example_dags/example_branch_day_of_week_operator.py for tasks to queue
[2025-11-12T19:07:42.225+0000] {logging_mixin.py:188} INFO - [2025-11-12T19:07:42.225+0000] {dagbag.py:545} INFO - Filling up the DagBag from /home/airflow/.local/lib/python3.12/site-packages/airflow/example_dags/example_branch_day_of_week_operator.py
[2025-11-12T19:07:42.234+0000] {processor.py:840} INFO - DAG(s) 'example_weekday_branch_operator' retrieved from /home/airflow/.local/lib/python3.12/site-packages/airflow/example_dags/example_branch_day_of_week_operator.py
[2025-11-12T19:07:42.260+0000] {logging_mixin.py:188} INFO - [2025-11-12T19:07:42.260+0000] {dag.py:3096} INFO - Sync 1 DAGs
[2025-11-12T19:07:42.279+0000] {logging_mixin.py:188} INFO - [2025-11-12T19:07:42.278+0000] {dag.py:3954} INFO - Setting next_dagrun for example_weekday_branch_operator to 2025-11-11 00:00:00+00:00, run_after=2025-11-12 00:00:00+00:00
[2025-11-12T19:07:42.300+0000] {processor.py:183} INFO - Processing /home/airflow/.local/lib/python3.12/site-packages/airflow/example_dags/example_branch_day_of_week_operator.py took 0.097 seconds
[2025-11-12T19:08:12.886+0000] {processor.py:161} INFO - Started process (PID=325) to work on /home/airflow/.local/lib/python3.12/site-packages/airflow/example_dags/example_branch_day_of_week_operator.py
[2025-11-12T19:08:12.888+0000] {processor.py:830} INFO - Processing file /home/airflow/.local/lib/python3.12/site-packages/airflow/example_dags/example_branch_day_of_week_operator.py for tasks to queue
[2025-11-12T19:08:12.890+0000] {logging_mixin.py:188} INFO - [2025-11-12T19:08:12.889+0000] {dagbag.py:545} INFO - Filling up the DagBag from /home/airflow/.local/lib/python3.12/site-packages/airflow/example_dags/example_branch_day_of_week_operator.py
[2025-11-12T19:08:12.907+0000] {processor.py:840} INFO - DAG(s) 'example_weekday_branch_operator' retrieved from /home/airflow/.local/lib/python3.12/site-packages/airflow/example_dags/example_branch_day_of_week_operator.py
[2025-11-12T19:08:12.953+0000] {logging_mixin.py:188} INFO - [2025-11-12T19:08:12.953+0000] {dag.py:3096} INFO - Sync 1 DAGs
[2025-11-12T19:08:12.991+0000] {logging_mixin.py:188} INFO - [2025-11-12T19:08:12.991+0000] {dag.py:3954} INFO - Setting next_dagrun for example_weekday_branch_operator to 2025-11-11 00:00:00+00:00, run_after=2025-11-12 00:00:00+00:00
[2025-11-12T19:08:13.025+0000] {processor.py:183} INFO - Processing /home/airflow/.local/lib/python3.12/site-packages/airflow/example_dags/example_branch_day_of_week_operator.py took 0.149 seconds
[2025-11-12T19:08:43.479+0000] {processor.py:161} INFO - Started process (PID=385) to work on /home/airflow/.local/lib/python3.12/site-packages/airflow/example_dags/example_branch_day_of_week_operator.py
[2025-11-12T19:08:43.480+0000] {processor.py:830} INFO - Processing file /home/airflow/.local/lib/python3.12/site-packages/airflow/example_dags/example_branch_day_of_week_operator.py for tasks to queue
[2025-11-12T19:08:43.482+0000] {logging_mixin.py:188} INFO - [2025-11-12T19:08:43.481+0000] {dagbag.py:545} INFO - Filling up the DagBag from /home/airflow/.local/lib/python3.12/site-packages/airflow/example_dags/example_branch_day_of_week_operator.py
[2025-11-12T19:08:43.488+0000] {processor.py:840} INFO - DAG(s) 'example_weekday_branch_operator' retrieved from /home/airflow/.local/lib/python3.12/site-packages/airflow/example_dags/example_branch_day_of_week_operator.py
[2025-11-12T19:08:43.512+0000] {logging_mixin.py:188} INFO - [2025-11-12T19:08:43.512+0000] {dag.py:3096} INFO - Sync 1 DAGs
[2025-11-12T19:08:43.537+0000] {logging_mixin.py:188} INFO - [2025-11-12T19:08:43.537+0000] {dag.py:3954} INFO - Setting next_dagrun for example_weekday_branch_operator to 2025-11-11 00:00:00+00:00, run_after=2025-11-12 00:00:00+00:00
[2025-11-12T19:08:43.566+0000] {processor.py:183} INFO - Processing /home/airflow/.local/lib/python3.12/site-packages/airflow/example_dags/example_branch_day_of_week_operator.py took 0.094 seconds
[2025-11-12T19:09:13.914+0000] {processor.py:161} INFO - Started process (PID=446) to work on /home/airflow/.local/lib/python3.12/site-packages/airflow/example_dags/example_branch_day_of_week_operator.py
[2025-11-12T19:09:13.915+0000] {processor.py:830} INFO - Processing file /home/airflow/.local/lib/python3.12/site-packages/airflow/example_dags/example_branch_day_of_week_operator.py for tasks to queue
[2025-11-12T19:09:13.916+0000] {logging_mixin.py:188} INFO - [2025-11-12T19:09:13.916+0000] {dagbag.py:545} INFO - Filling up the DagBag from /home/airflow/.local/lib/python3.12/site-packages/airflow/example_dags/example_branch_day_of_week_operator.py
[2025-11-12T19:09:13.923+0000] {processor.py:840} INFO - DAG(s) 'example_weekday_branch_operator' retrieved from /home/airflow/.local/lib/python3.12/site-packages/airflow/example_dags/example_branch_day_of_week_operator.py
[2025-11-12T19:09:13.946+0000] {logging_mixin.py:188} INFO - [2025-11-12T19:09:13.946+0000] {dag.py:3096} INFO - Sync 1 DAGs
[2025-11-12T19:09:13.966+0000] {logging_mixin.py:188} INFO - [2025-11-12T19:09:13.965+0000] {dag.py:3954} INFO - Setting next_dagrun for example_weekday_branch_operator to 2025-11-11 00:00:00+00:00, run_after=2025-11-12 00:00:00+00:00
[2025-11-12T19:09:13.987+0000] {processor.py:183} INFO - Processing /home/airflow/.local/lib/python3.12/site-packages/airflow/example_dags/example_branch_day_of_week_operator.py took 0.077 seconds
[2025-11-12T19:09:44.296+0000] {processor.py:161} INFO - Started process (PID=507) to work on /home/airflow/.local/lib/python3.12/site-packages/airflow/example_dags/example_branch_day_of_week_operator.py
[2025-11-12T19:09:44.297+0000] {processor.py:830} INFO - Processing file /home/airflow/.local/lib/python3.12/site-packages/airflow/example_dags/example_branch_day_of_week_operator.py for tasks to queue
[2025-11-12T19:09:44.299+0000] {logging_mixin.py:188} INFO - [2025-11-12T19:09:44.298+0000] {dagbag.py:545} INFO - Filling up the DagBag from /home/airflow/.local/lib/python3.12/site-packages/airflow/example_dags/example_branch_day_of_week_operator.py
[2025-11-12T19:09:44.309+0000] {processor.py:840} INFO - DAG(s) 'example_weekday_branch_operator' retrieved from /home/airflow/.local/lib/python3.12/site-packages/airflow/example_dags/example_branch_day_of_week_operator.py
[2025-11-12T19:09:44.336+0000] {logging_mixin.py:188} INFO - [2025-11-12T19:09:44.336+0000] {dag.py:3096} INFO - Sync 1 DAGs
[2025-11-12T19:09:44.362+0000] {logging_mixin.py:188} INFO - [2025-11-12T19:09:44.362+0000] {dag.py:3954} INFO - Setting next_dagrun for example_weekday_branch_operator to 2025-11-11 00:00:00+00:00, run_after=2025-11-12 00:00:00+00:00
[2025-11-12T19:09:44.387+0000] {processor.py:183} INFO - Processing /home/airflow/.local/lib/python3.12/site-packages/airflow/example_dags/example_branch_day_of_week_operator.py took 0.099 seconds
[2025-11-12T19:10:15.301+0000] {processor.py:161} INFO - Started process (PID=568) to work on /home/airflow/.local/lib/python3.12/site-packages/airflow/example_dags/example_branch_day_of_week_operator.py
[2025-11-12T19:10:15.302+0000] {processor.py:830} INFO - Processing file /home/airflow/.local/lib/python3.12/site-packages/airflow/example_dags/example_branch_day_of_week_operator.py for tasks to queue
[2025-11-12T19:10:15.304+0000] {logging_mixin.py:188} INFO - [2025-11-12T19:10:15.304+0000] {dagbag.py:545} INFO - Filling up the DagBag from /home/airflow/.local/lib/python3.12/site-packages/airflow/example_dags/example_branch_day_of_week_operator.py
[2025-11-12T19:10:15.310+0000] {processor.py:840} INFO - DAG(s) 'example_weekday_branch_operator' retrieved from /home/airflow/.local/lib/python3.12/site-packages/airflow/example_dags/example_branch_day_of_week_operator.py
[2025-11-12T19:10:15.334+0000] {logging_mixin.py:188} INFO - [2025-11-12T19:10:15.333+0000] {dag.py:3096} INFO - Sync 1 DAGs
[2025-11-12T19:10:15.355+0000] {logging_mixin.py:188} INFO - [2025-11-12T19:10:15.355+0000] {dag.py:3954} INFO - Setting next_dagrun for example_weekday_branch_operator to 2025-11-11 00:00:00+00:00, run_after=2025-11-12 00:00:00+00:00
[2025-11-12T19:10:15.375+0000] {processor.py:183} INFO - Processing /home/airflow/.local/lib/python3.12/site-packages/airflow/example_dags/example_branch_day_of_week_operator.py took 0.079 seconds
[2025-11-12T19:10:45.497+0000] {processor.py:161} INFO - Started process (PID=628) to work on /home/airflow/.local/lib/python3.12/site-packages/airflow/example_dags/example_branch_day_of_week_operator.py
[2025-11-12T19:10:45.498+0000] {processor.py:830} INFO - Processing file /home/airflow/.local/lib/python3.12/site-packages/airflow/example_dags/example_branch_day_of_week_operator.py for tasks to queue
[2025-11-12T19:10:45.499+0000] {logging_mixin.py:188} INFO - [2025-11-12T19:10:45.499+0000] {dagbag.py:545} INFO - Filling up the DagBag from /home/airflow/.local/lib/python3.12/site-packages/airflow/example_dags/example_branch_day_of_week_operator.py
[2025-11-12T19:10:45.507+0000] {processor.py:840} INFO - DAG(s) 'example_weekday_branch_operator' retrieved from /home/airflow/.local/lib/python3.12/site-packages/airflow/example_dags/example_branch_day_of_week_operator.py
[2025-11-12T19:10:45.529+0000] {logging_mixin.py:188} INFO - [2025-11-12T19:10:45.529+0000] {dag.py:3096} INFO - Sync 1 DAGs
[2025-11-12T19:10:45.547+0000] {logging_mixin.py:188} INFO - [2025-11-12T19:10:45.547+0000] {dag.py:3954} INFO - Setting next_dagrun for example_weekday_branch_operator to 2025-11-11 00:00:00+00:00, run_after=2025-11-12 00:00:00+00:00
[2025-11-12T19:10:45.566+0000] {processor.py:183} INFO - Processing /home/airflow/.local/lib/python3.12/site-packages/airflow/example_dags/example_branch_day_of_week_operator.py took 0.074 seconds
[2025-11-12T19:11:15.654+0000] {processor.py:161} INFO - Started process (PID=688) to work on /home/airflow/.local/lib/python3.12/site-packages/airflow/example_dags/example_branch_day_of_week_operator.py
[2025-11-12T19:11:15.655+0000] {processor.py:830} INFO - Processing file /home/airflow/.local/lib/python3.12/site-packages/airflow/example_dags/example_branch_day_of_week_operator.py for tasks to queue
[2025-11-12T19:11:15.656+0000] {logging_mixin.py:188} INFO - [2025-11-12T19:11:15.656+0000] {dagbag.py:545} INFO - Filling up the DagBag from /home/airflow/.local/lib/python3.12/site-packages/airflow/example_dags/example_branch_day_of_week_operator.py
[2025-11-12T19:11:15.662+0000] {processor.py:840} INFO - DAG(s) 'example_weekday_branch_operator' retrieved from /home/airflow/.local/lib/python3.12/site-packages/airflow/example_dags/example_branch_day_of_week_operator.py
[2025-11-12T19:11:15.689+0000] {logging_mixin.py:188} INFO - [2025-11-12T19:11:15.688+0000] {dag.py:3096} INFO - Sync 1 DAGs
[2025-11-12T19:11:15.711+0000] {logging_mixin.py:188} INFO - [2025-11-12T19:11:15.711+0000] {dag.py:3954} INFO - Setting next_dagrun for example_weekday_branch_operator to 2025-11-11 00:00:00+00:00, run_after=2025-11-12 00:00:00+00:00
[2025-11-12T19:11:15.738+0000] {processor.py:183} INFO - Processing /home/airflow/.local/lib/python3.12/site-packages/airflow/example_dags/example_branch_day_of_week_operator.py took 0.088 seconds
[2025-11-12T19:11:45.957+0000] {processor.py:161} INFO - Started process (PID=748) to work on /home/airflow/.local/lib/python3.12/site-packages/airflow/example_dags/example_branch_day_of_week_operator.py
[2025-11-12T19:11:45.959+0000] {processor.py:830} INFO - Processing file /home/airflow/.local/lib/python3.12/site-packages/airflow/example_dags/example_branch_day_of_week_operator.py for tasks to queue
[2025-11-12T19:11:45.960+0000] {logging_mixin.py:188} INFO - [2025-11-12T19:11:45.960+0000] {dagbag.py:545} INFO - Filling up the DagBag from /home/airflow/.local/lib/python3.12/site-packages/airflow/example_dags/example_branch_day_of_week_operator.py
[2025-11-12T19:11:45.967+0000] {processor.py:840} INFO - DAG(s) 'example_weekday_branch_operator' retrieved from /home/airflow/.local/lib/python3.12/site-packages/airflow/example_dags/example_branch_day_of_week_operator.py
[2025-11-12T19:11:45.990+0000] {logging_mixin.py:188} INFO - [2025-11-12T19:11:45.990+0000] {dag.py:3096} INFO - Sync 1 DAGs
[2025-11-12T19:11:46.018+0000] {logging_mixin.py:188} INFO - [2025-11-12T19:11:46.017+0000] {dag.py:3954} INFO - Setting next_dagrun for example_weekday_branch_operator to 2025-11-11 00:00:00+00:00, run_after=2025-11-12 00:00:00+00:00
[2025-11-12T19:11:46.060+0000] {processor.py:183} INFO - Processing /home/airflow/.local/lib/python3.12/site-packages/airflow/example_dags/example_branch_day_of_week_operator.py took 0.108 seconds
[2025-11-12T19:12:16.172+0000] {processor.py:161} INFO - Started process (PID=808) to work on /home/airflow/.local/lib/python3.12/site-packages/airflow/example_dags/example_branch_day_of_week_operator.py
[2025-11-12T19:12:16.173+0000] {processor.py:830} INFO - Processing file /home/airflow/.local/lib/python3.12/site-packages/airflow/example_dags/example_branch_day_of_week_operator.py for tasks to queue
[2025-11-12T19:12:16.174+0000] {logging_mixin.py:188} INFO - [2025-11-12T19:12:16.174+0000] {dagbag.py:545} INFO - Filling up the DagBag from /home/airflow/.local/lib/python3.12/site-packages/airflow/example_dags/example_branch_day_of_week_operator.py
[2025-11-12T19:12:16.180+0000] {processor.py:840} INFO - DAG(s) 'example_weekday_branch_operator' retrieved from /home/airflow/.local/lib/python3.12/site-packages/airflow/example_dags/example_branch_day_of_week_operator.py
[2025-11-12T19:12:16.200+0000] {logging_mixin.py:188} INFO - [2025-11-12T19:12:16.200+0000] {dag.py:3096} INFO - Sync 1 DAGs
[2025-11-12T19:12:16.233+0000] {logging_mixin.py:188} INFO - [2025-11-12T19:12:16.233+0000] {dag.py:3954} INFO - Setting next_dagrun for example_weekday_branch_operator to 2025-11-11 00:00:00+00:00, run_after=2025-11-12 00:00:00+00:00
[2025-11-12T19:12:16.280+0000] {processor.py:183} INFO - Processing /home/airflow/.local/lib/python3.12/site-packages/airflow/example_dags/example_branch_day_of_week_operator.py took 0.113 seconds
[2025-11-12T19:12:46.638+0000] {processor.py:161} INFO - Started process (PID=868) to work on /home/airflow/.local/lib/python3.12/site-packages/airflow/example_dags/example_branch_day_of_week_operator.py
[2025-11-12T19:12:46.639+0000] {processor.py:830} INFO - Processing file /home/airflow/.local/lib/python3.12/site-packages/airflow/example_dags/example_branch_day_of_week_operator.py for tasks to queue
[2025-11-12T19:12:46.641+0000] {logging_mixin.py:188} INFO - [2025-11-12T19:12:46.640+0000] {dagbag.py:545} INFO - Filling up the DagBag from /home/airflow/.local/lib/python3.12/site-packages/airflow/example_dags/example_branch_day_of_week_operator.py
[2025-11-12T19:12:46.647+0000] {processor.py:840} INFO - DAG(s) 'example_weekday_branch_operator' retrieved from /home/airflow/.local/lib/python3.12/site-packages/airflow/example_dags/example_branch_day_of_week_operator.py
[2025-11-12T19:12:46.675+0000] {logging_mixin.py:188} INFO - [2025-11-12T19:12:46.675+0000] {dag.py:3096} INFO - Sync 1 DAGs
[2025-11-12T19:12:46.697+0000] {logging_mixin.py:188} INFO - [2025-11-12T19:12:46.697+0000] {dag.py:3954} INFO - Setting next_dagrun for example_weekday_branch_operator to 2025-11-11 00:00:00+00:00, run_after=2025-11-12 00:00:00+00:00
[2025-11-12T19:12:46.720+0000] {processor.py:183} INFO - Processing /home/airflow/.local/lib/python3.12/site-packages/airflow/example_dags/example_branch_day_of_week_operator.py took 0.087 seconds
[2025-11-12T19:13:17.141+0000] {processor.py:161} INFO - Started process (PID=928) to work on /home/airflow/.local/lib/python3.12/site-packages/airflow/example_dags/example_branch_day_of_week_operator.py
[2025-11-12T19:13:17.142+0000] {processor.py:830} INFO - Processing file /home/airflow/.local/lib/python3.12/site-packages/airflow/example_dags/example_branch_day_of_week_operator.py for tasks to queue
[2025-11-12T19:13:17.144+0000] {logging_mixin.py:188} INFO - [2025-11-12T19:13:17.143+0000] {dagbag.py:545} INFO - Filling up the DagBag from /home/airflow/.local/lib/python3.12/site-packages/airflow/example_dags/example_branch_day_of_week_operator.py
[2025-11-12T19:13:17.153+0000] {processor.py:840} INFO - DAG(s) 'example_weekday_branch_operator' retrieved from /home/airflow/.local/lib/python3.12/site-packages/airflow/example_dags/example_branch_day_of_week_operator.py
[2025-11-12T19:13:17.183+0000] {logging_mixin.py:188} INFO - [2025-11-12T19:13:17.183+0000] {dag.py:3096} INFO - Sync 1 DAGs
[2025-11-12T19:13:17.205+0000] {logging_mixin.py:188} INFO - [2025-11-12T19:13:17.205+0000] {dag.py:3954} INFO - Setting next_dagrun for example_weekday_branch_operator to 2025-11-11 00:00:00+00:00, run_after=2025-11-12 00:00:00+00:00
[2025-11-12T19:13:17.227+0000] {processor.py:183} INFO - Processing /home/airflow/.local/lib/python3.12/site-packages/airflow/example_dags/example_branch_day_of_week_operator.py took 0.092 seconds
[2025-11-12T19:13:47.437+0000] {processor.py:161} INFO - Started process (PID=989) to work on /home/airflow/.local/lib/python3.12/site-packages/airflow/example_dags/example_branch_day_of_week_operator.py
[2025-11-12T19:13:47.439+0000] {processor.py:830} INFO - Processing file /home/airflow/.local/lib/python3.12/site-packages/airflow/example_dags/example_branch_day_of_week_operator.py for tasks to queue
[2025-11-12T19:13:47.441+0000] {logging_mixin.py:188} INFO - [2025-11-12T19:13:47.441+0000] {dagbag.py:545} INFO - Filling up the DagBag from /home/airflow/.local/lib/python3.12/site-packages/airflow/example_dags/example_branch_day_of_week_operator.py
[2025-11-12T19:13:47.451+0000] {processor.py:840} INFO - DAG(s) 'example_weekday_branch_operator' retrieved from /home/airflow/.local/lib/python3.12/site-packages/airflow/example_dags/example_branch_day_of_week_operator.py
[2025-11-12T19:13:47.486+0000] {logging_mixin.py:188} INFO - [2025-11-12T19:13:47.486+0000] {dag.py:3096} INFO - Sync 1 DAGs
[2025-11-12T19:13:47.507+0000] {logging_mixin.py:188} INFO - [2025-11-12T19:13:47.507+0000] {dag.py:3954} INFO - Setting next_dagrun for example_weekday_branch_operator to 2025-11-11 00:00:00+00:00, run_after=2025-11-12 00:00:00+00:00
[2025-11-12T19:13:47.531+0000] {processor.py:183} INFO - Processing /home/airflow/.local/lib/python3.12/site-packages/airflow/example_dags/example_branch_day_of_week_operator.py took 0.102 seconds
[2025-11-12T19:14:17.865+0000] {processor.py:161} INFO - Started process (PID=1049) to work on /home/airflow/.local/lib/python3.12/site-packages/airflow/example_dags/example_branch_day_of_week_operator.py
[2025-11-12T19:14:17.866+0000] {processor.py:830} INFO - Processing file /home/airflow/.local/lib/python3.12/site-packages/airflow/example_dags/example_branch_day_of_week_operator.py for tasks to queue
[2025-11-12T19:14:17.867+0000] {logging_mixin.py:188} INFO - [2025-11-12T19:14:17.867+0000] {dagbag.py:545} INFO - Filling up the DagBag from /home/airflow/.local/lib/python3.12/site-packages/airflow/example_dags/example_branch_day_of_week_operator.py
[2025-11-12T19:14:17.873+0000] {processor.py:840} INFO - DAG(s) 'example_weekday_branch_operator' retrieved from /home/airflow/.local/lib/python3.12/site-packages/airflow/example_dags/example_branch_day_of_week_operator.py
[2025-11-12T19:14:17.895+0000] {logging_mixin.py:188} INFO - [2025-11-12T19:14:17.895+0000] {dag.py:3096} INFO - Sync 1 DAGs
[2025-11-12T19:14:17.916+0000] {logging_mixin.py:188} INFO - [2025-11-12T19:14:17.916+0000] {dag.py:3954} INFO - Setting next_dagrun for example_weekday_branch_operator to 2025-11-11 00:00:00+00:00, run_after=2025-11-12 00:00:00+00:00
[2025-11-12T19:14:17.938+0000] {processor.py:183} INFO - Processing /home/airflow/.local/lib/python3.12/site-packages/airflow/example_dags/example_branch_day_of_week_operator.py took 0.077 seconds
[2025-11-12T19:14:48.593+0000] {processor.py:161} INFO - Started process (PID=1109) to work on /home/airflow/.local/lib/python3.12/site-packages/airflow/example_dags/example_branch_day_of_week_operator.py
[2025-11-12T19:14:48.594+0000] {processor.py:830} INFO - Processing file /home/airflow/.local/lib/python3.12/site-packages/airflow/example_dags/example_branch_day_of_week_operator.py for tasks to queue
[2025-11-12T19:14:48.595+0000] {logging_mixin.py:188} INFO - [2025-11-12T19:14:48.595+0000] {dagbag.py:545} INFO - Filling up the DagBag from /home/airflow/.local/lib/python3.12/site-packages/airflow/example_dags/example_branch_day_of_week_operator.py
[2025-11-12T19:14:48.602+0000] {processor.py:840} INFO - DAG(s) 'example_weekday_branch_operator' retrieved from /home/airflow/.local/lib/python3.12/site-packages/airflow/example_dags/example_branch_day_of_week_operator.py
[2025-11-12T19:14:48.624+0000] {logging_mixin.py:188} INFO - [2025-11-12T19:14:48.624+0000] {dag.py:3096} INFO - Sync 1 DAGs
[2025-11-12T19:14:48.657+0000] {logging_mixin.py:188} INFO - [2025-11-12T19:14:48.656+0000] {dag.py:3954} INFO - Setting next_dagrun for example_weekday_branch_operator to 2025-11-11 00:00:00+00:00, run_after=2025-11-12 00:00:00+00:00
[2025-11-12T19:14:48.690+0000] {processor.py:183} INFO - Processing /home/airflow/.local/lib/python3.12/site-packages/airflow/example_dags/example_branch_day_of_week_operator.py took 0.102 seconds
[2025-11-12T19:15:19.734+0000] {processor.py:161} INFO - Started process (PID=1169) to work on /home/airflow/.local/lib/python3.12/site-packages/airflow/example_dags/example_branch_day_of_week_operator.py
[2025-11-12T19:15:19.736+0000] {processor.py:830} INFO - Processing file /home/airflow/.local/lib/python3.12/site-packages/airflow/example_dags/example_branch_day_of_week_operator.py for tasks to queue
[2025-11-12T19:15:19.737+0000] {logging_mixin.py:188} INFO - [2025-11-12T19:15:19.736+0000] {dagbag.py:545} INFO - Filling up the DagBag from /home/airflow/.local/lib/python3.12/site-packages/airflow/example_dags/example_branch_day_of_week_operator.py
[2025-11-12T19:15:19.743+0000] {processor.py:840} INFO - DAG(s) 'example_weekday_branch_operator' retrieved from /home/airflow/.local/lib/python3.12/site-packages/airflow/example_dags/example_branch_day_of_week_operator.py
[2025-11-12T19:15:19.763+0000] {logging_mixin.py:188} INFO - [2025-11-12T19:15:19.763+0000] {dag.py:3096} INFO - Sync 1 DAGs
[2025-11-12T19:15:19.789+0000] {logging_mixin.py:188} INFO - [2025-11-12T19:15:19.789+0000] {dag.py:3954} INFO - Setting next_dagrun for example_weekday_branch_operator to 2025-11-11 00:00:00+00:00, run_after=2025-11-12 00:00:00+00:00
[2025-11-12T19:15:19.816+0000] {processor.py:183} INFO - Processing /home/airflow/.local/lib/python3.12/site-packages/airflow/example_dags/example_branch_day_of_week_operator.py took 0.086 seconds
[2025-11-12T19:15:50.162+0000] {processor.py:161} INFO - Started process (PID=1229) to work on /home/airflow/.local/lib/python3.12/site-packages/airflow/example_dags/example_branch_day_of_week_operator.py
[2025-11-12T19:15:50.163+0000] {processor.py:830} INFO - Processing file /home/airflow/.local/lib/python3.12/site-packages/airflow/example_dags/example_branch_day_of_week_operator.py for tasks to queue
[2025-11-12T19:15:50.164+0000] {logging_mixin.py:188} INFO - [2025-11-12T19:15:50.164+0000] {dagbag.py:545} INFO - Filling up the DagBag from /home/airflow/.local/lib/python3.12/site-packages/airflow/example_dags/example_branch_day_of_week_operator.py
[2025-11-12T19:15:50.170+0000] {processor.py:840} INFO - DAG(s) 'example_weekday_branch_operator' retrieved from /home/airflow/.local/lib/python3.12/site-packages/airflow/example_dags/example_branch_day_of_week_operator.py
[2025-11-12T19:15:50.190+0000] {logging_mixin.py:188} INFO - [2025-11-12T19:15:50.190+0000] {dag.py:3096} INFO - Sync 1 DAGs
[2025-11-12T19:15:50.208+0000] {logging_mixin.py:188} INFO - [2025-11-12T19:15:50.208+0000] {dag.py:3954} INFO - Setting next_dagrun for example_weekday_branch_operator to 2025-11-11 00:00:00+00:00, run_after=2025-11-12 00:00:00+00:00
[2025-11-12T19:15:50.234+0000] {processor.py:183} INFO - Processing /home/airflow/.local/lib/python3.12/site-packages/airflow/example_dags/example_branch_day_of_week_operator.py took 0.077 seconds
[2025-11-12T19:16:56.855+0000] {processor.py:161} INFO - Started process (PID=86) to work on /home/airflow/.local/lib/python3.12/site-packages/airflow/example_dags/example_branch_day_of_week_operator.py
[2025-11-12T19:16:56.856+0000] {processor.py:830} INFO - Processing file /home/airflow/.local/lib/python3.12/site-packages/airflow/example_dags/example_branch_day_of_week_operator.py for tasks to queue
[2025-11-12T19:16:56.859+0000] {logging_mixin.py:188} INFO - [2025-11-12T19:16:56.858+0000] {dagbag.py:545} INFO - Filling up the DagBag from /home/airflow/.local/lib/python3.12/site-packages/airflow/example_dags/example_branch_day_of_week_operator.py
[2025-11-12T19:16:56.869+0000] {processor.py:840} INFO - DAG(s) 'example_weekday_branch_operator' retrieved from /home/airflow/.local/lib/python3.12/site-packages/airflow/example_dags/example_branch_day_of_week_operator.py
[2025-11-12T19:16:56.982+0000] {logging_mixin.py:188} INFO - [2025-11-12T19:16:56.982+0000] {dag.py:3096} INFO - Sync 1 DAGs
[2025-11-12T19:16:57.007+0000] {logging_mixin.py:188} INFO - [2025-11-12T19:16:57.007+0000] {dag.py:3954} INFO - Setting next_dagrun for example_weekday_branch_operator to 2025-11-11 00:00:00+00:00, run_after=2025-11-12 00:00:00+00:00
[2025-11-12T19:16:57.037+0000] {processor.py:183} INFO - Processing /home/airflow/.local/lib/python3.12/site-packages/airflow/example_dags/example_branch_day_of_week_operator.py took 0.187 seconds
[2025-11-12T19:17:27.125+0000] {processor.py:161} INFO - Started process (PID=146) to work on /home/airflow/.local/lib/python3.12/site-packages/airflow/example_dags/example_branch_day_of_week_operator.py
[2025-11-12T19:17:27.126+0000] {processor.py:830} INFO - Processing file /home/airflow/.local/lib/python3.12/site-packages/airflow/example_dags/example_branch_day_of_week_operator.py for tasks to queue
[2025-11-12T19:17:27.129+0000] {logging_mixin.py:188} INFO - [2025-11-12T19:17:27.129+0000] {dagbag.py:545} INFO - Filling up the DagBag from /home/airflow/.local/lib/python3.12/site-packages/airflow/example_dags/example_branch_day_of_week_operator.py
[2025-11-12T19:17:27.135+0000] {processor.py:840} INFO - DAG(s) 'example_weekday_branch_operator' retrieved from /home/airflow/.local/lib/python3.12/site-packages/airflow/example_dags/example_branch_day_of_week_operator.py
[2025-11-12T19:17:27.164+0000] {logging_mixin.py:188} INFO - [2025-11-12T19:17:27.163+0000] {dag.py:3096} INFO - Sync 1 DAGs
[2025-11-12T19:17:27.196+0000] {logging_mixin.py:188} INFO - [2025-11-12T19:17:27.195+0000] {dag.py:3954} INFO - Setting next_dagrun for example_weekday_branch_operator to 2025-11-11 00:00:00+00:00, run_after=2025-11-12 00:00:00+00:00
[2025-11-12T19:17:27.219+0000] {processor.py:183} INFO - Processing /home/airflow/.local/lib/python3.12/site-packages/airflow/example_dags/example_branch_day_of_week_operator.py took 0.099 seconds
[2025-11-12T19:17:57.532+0000] {processor.py:161} INFO - Started process (PID=206) to work on /home/airflow/.local/lib/python3.12/site-packages/airflow/example_dags/example_branch_day_of_week_operator.py
[2025-11-12T19:17:57.533+0000] {processor.py:830} INFO - Processing file /home/airflow/.local/lib/python3.12/site-packages/airflow/example_dags/example_branch_day_of_week_operator.py for tasks to queue
[2025-11-12T19:17:57.534+0000] {logging_mixin.py:188} INFO - [2025-11-12T19:17:57.534+0000] {dagbag.py:545} INFO - Filling up the DagBag from /home/airflow/.local/lib/python3.12/site-packages/airflow/example_dags/example_branch_day_of_week_operator.py
[2025-11-12T19:17:57.541+0000] {processor.py:840} INFO - DAG(s) 'example_weekday_branch_operator' retrieved from /home/airflow/.local/lib/python3.12/site-packages/airflow/example_dags/example_branch_day_of_week_operator.py
[2025-11-12T19:17:57.564+0000] {logging_mixin.py:188} INFO - [2025-11-12T19:17:57.563+0000] {dag.py:3096} INFO - Sync 1 DAGs
[2025-11-12T19:17:57.586+0000] {logging_mixin.py:188} INFO - [2025-11-12T19:17:57.585+0000] {dag.py:3954} INFO - Setting next_dagrun for example_weekday_branch_operator to 2025-11-11 00:00:00+00:00, run_after=2025-11-12 00:00:00+00:00
[2025-11-12T19:17:57.609+0000] {processor.py:183} INFO - Processing /home/airflow/.local/lib/python3.12/site-packages/airflow/example_dags/example_branch_day_of_week_operator.py took 0.081 seconds
[2025-11-12T19:18:28.760+0000] {processor.py:161} INFO - Started process (PID=266) to work on /home/airflow/.local/lib/python3.12/site-packages/airflow/example_dags/example_branch_day_of_week_operator.py
[2025-11-12T19:18:28.761+0000] {processor.py:830} INFO - Processing file /home/airflow/.local/lib/python3.12/site-packages/airflow/example_dags/example_branch_day_of_week_operator.py for tasks to queue
[2025-11-12T19:18:28.763+0000] {logging_mixin.py:188} INFO - [2025-11-12T19:18:28.763+0000] {dagbag.py:545} INFO - Filling up the DagBag from /home/airflow/.local/lib/python3.12/site-packages/airflow/example_dags/example_branch_day_of_week_operator.py
[2025-11-12T19:18:28.769+0000] {processor.py:840} INFO - DAG(s) 'example_weekday_branch_operator' retrieved from /home/airflow/.local/lib/python3.12/site-packages/airflow/example_dags/example_branch_day_of_week_operator.py
[2025-11-12T19:18:28.796+0000] {logging_mixin.py:188} INFO - [2025-11-12T19:18:28.795+0000] {dag.py:3096} INFO - Sync 1 DAGs
[2025-11-12T19:18:28.826+0000] {logging_mixin.py:188} INFO - [2025-11-12T19:18:28.826+0000] {dag.py:3954} INFO - Setting next_dagrun for example_weekday_branch_operator to 2025-11-11 00:00:00+00:00, run_after=2025-11-12 00:00:00+00:00
[2025-11-12T19:18:28.848+0000] {processor.py:183} INFO - Processing /home/airflow/.local/lib/python3.12/site-packages/airflow/example_dags/example_branch_day_of_week_operator.py took 0.091 seconds
[2025-11-12T19:18:59.127+0000] {processor.py:161} INFO - Started process (PID=326) to work on /home/airflow/.local/lib/python3.12/site-packages/airflow/example_dags/example_branch_day_of_week_operator.py
[2025-11-12T19:18:59.128+0000] {processor.py:830} INFO - Processing file /home/airflow/.local/lib/python3.12/site-packages/airflow/example_dags/example_branch_day_of_week_operator.py for tasks to queue
[2025-11-12T19:18:59.130+0000] {logging_mixin.py:188} INFO - [2025-11-12T19:18:59.130+0000] {dagbag.py:545} INFO - Filling up the DagBag from /home/airflow/.local/lib/python3.12/site-packages/airflow/example_dags/example_branch_day_of_week_operator.py
[2025-11-12T19:18:59.142+0000] {processor.py:840} INFO - DAG(s) 'example_weekday_branch_operator' retrieved from /home/airflow/.local/lib/python3.12/site-packages/airflow/example_dags/example_branch_day_of_week_operator.py
[2025-11-12T19:18:59.166+0000] {logging_mixin.py:188} INFO - [2025-11-12T19:18:59.165+0000] {dag.py:3096} INFO - Sync 1 DAGs
[2025-11-12T19:18:59.188+0000] {logging_mixin.py:188} INFO - [2025-11-12T19:18:59.188+0000] {dag.py:3954} INFO - Setting next_dagrun for example_weekday_branch_operator to 2025-11-11 00:00:00+00:00, run_after=2025-11-12 00:00:00+00:00
[2025-11-12T19:18:59.210+0000] {processor.py:183} INFO - Processing /home/airflow/.local/lib/python3.12/site-packages/airflow/example_dags/example_branch_day_of_week_operator.py took 0.088 seconds
[2025-11-12T19:19:29.377+0000] {processor.py:161} INFO - Started process (PID=386) to work on /home/airflow/.local/lib/python3.12/site-packages/airflow/example_dags/example_branch_day_of_week_operator.py
[2025-11-12T19:19:29.378+0000] {processor.py:830} INFO - Processing file /home/airflow/.local/lib/python3.12/site-packages/airflow/example_dags/example_branch_day_of_week_operator.py for tasks to queue
[2025-11-12T19:19:29.380+0000] {logging_mixin.py:188} INFO - [2025-11-12T19:19:29.380+0000] {dagbag.py:545} INFO - Filling up the DagBag from /home/airflow/.local/lib/python3.12/site-packages/airflow/example_dags/example_branch_day_of_week_operator.py
[2025-11-12T19:19:29.386+0000] {processor.py:840} INFO - DAG(s) 'example_weekday_branch_operator' retrieved from /home/airflow/.local/lib/python3.12/site-packages/airflow/example_dags/example_branch_day_of_week_operator.py
[2025-11-12T19:19:29.409+0000] {logging_mixin.py:188} INFO - [2025-11-12T19:19:29.408+0000] {dag.py:3096} INFO - Sync 1 DAGs
[2025-11-12T19:19:29.429+0000] {logging_mixin.py:188} INFO - [2025-11-12T19:19:29.428+0000] {dag.py:3954} INFO - Setting next_dagrun for example_weekday_branch_operator to 2025-11-11 00:00:00+00:00, run_after=2025-11-12 00:00:00+00:00
[2025-11-12T19:19:29.448+0000] {processor.py:183} INFO - Processing /home/airflow/.local/lib/python3.12/site-packages/airflow/example_dags/example_branch_day_of_week_operator.py took 0.076 seconds
[2025-11-12T19:20:00.037+0000] {processor.py:161} INFO - Started process (PID=446) to work on /home/airflow/.local/lib/python3.12/site-packages/airflow/example_dags/example_branch_day_of_week_operator.py
[2025-11-12T19:20:00.038+0000] {processor.py:830} INFO - Processing file /home/airflow/.local/lib/python3.12/site-packages/airflow/example_dags/example_branch_day_of_week_operator.py for tasks to queue
[2025-11-12T19:20:00.040+0000] {logging_mixin.py:188} INFO - [2025-11-12T19:20:00.039+0000] {dagbag.py:545} INFO - Filling up the DagBag from /home/airflow/.local/lib/python3.12/site-packages/airflow/example_dags/example_branch_day_of_week_operator.py
[2025-11-12T19:20:00.047+0000] {processor.py:840} INFO - DAG(s) 'example_weekday_branch_operator' retrieved from /home/airflow/.local/lib/python3.12/site-packages/airflow/example_dags/example_branch_day_of_week_operator.py
[2025-11-12T19:20:00.071+0000] {logging_mixin.py:188} INFO - [2025-11-12T19:20:00.071+0000] {dag.py:3096} INFO - Sync 1 DAGs
[2025-11-12T19:20:00.091+0000] {logging_mixin.py:188} INFO - [2025-11-12T19:20:00.091+0000] {dag.py:3954} INFO - Setting next_dagrun for example_weekday_branch_operator to 2025-11-11 00:00:00+00:00, run_after=2025-11-12 00:00:00+00:00
[2025-11-12T19:20:00.114+0000] {processor.py:183} INFO - Processing /home/airflow/.local/lib/python3.12/site-packages/airflow/example_dags/example_branch_day_of_week_operator.py took 0.082 seconds
[2025-11-12T19:20:30.985+0000] {processor.py:161} INFO - Started process (PID=507) to work on /home/airflow/.local/lib/python3.12/site-packages/airflow/example_dags/example_branch_day_of_week_operator.py
[2025-11-12T19:20:30.986+0000] {processor.py:830} INFO - Processing file /home/airflow/.local/lib/python3.12/site-packages/airflow/example_dags/example_branch_day_of_week_operator.py for tasks to queue
[2025-11-12T19:20:30.988+0000] {logging_mixin.py:188} INFO - [2025-11-12T19:20:30.988+0000] {dagbag.py:545} INFO - Filling up the DagBag from /home/airflow/.local/lib/python3.12/site-packages/airflow/example_dags/example_branch_day_of_week_operator.py
[2025-11-12T19:20:30.996+0000] {processor.py:840} INFO - DAG(s) 'example_weekday_branch_operator' retrieved from /home/airflow/.local/lib/python3.12/site-packages/airflow/example_dags/example_branch_day_of_week_operator.py
[2025-11-12T19:20:31.019+0000] {logging_mixin.py:188} INFO - [2025-11-12T19:20:31.018+0000] {dag.py:3096} INFO - Sync 1 DAGs
[2025-11-12T19:20:31.044+0000] {logging_mixin.py:188} INFO - [2025-11-12T19:20:31.044+0000] {dag.py:3954} INFO - Setting next_dagrun for example_weekday_branch_operator to 2025-11-11 00:00:00+00:00, run_after=2025-11-12 00:00:00+00:00
[2025-11-12T19:20:31.066+0000] {processor.py:183} INFO - Processing /home/airflow/.local/lib/python3.12/site-packages/airflow/example_dags/example_branch_day_of_week_operator.py took 0.085 seconds
[2025-11-12T19:21:01.164+0000] {processor.py:161} INFO - Started process (PID=567) to work on /home/airflow/.local/lib/python3.12/site-packages/airflow/example_dags/example_branch_day_of_week_operator.py
[2025-11-12T19:21:01.165+0000] {processor.py:830} INFO - Processing file /home/airflow/.local/lib/python3.12/site-packages/airflow/example_dags/example_branch_day_of_week_operator.py for tasks to queue
[2025-11-12T19:21:01.167+0000] {logging_mixin.py:188} INFO - [2025-11-12T19:21:01.166+0000] {dagbag.py:545} INFO - Filling up the DagBag from /home/airflow/.local/lib/python3.12/site-packages/airflow/example_dags/example_branch_day_of_week_operator.py
[2025-11-12T19:21:01.172+0000] {processor.py:840} INFO - DAG(s) 'example_weekday_branch_operator' retrieved from /home/airflow/.local/lib/python3.12/site-packages/airflow/example_dags/example_branch_day_of_week_operator.py
[2025-11-12T19:21:01.191+0000] {logging_mixin.py:188} INFO - [2025-11-12T19:21:01.190+0000] {dag.py:3096} INFO - Sync 1 DAGs
[2025-11-12T19:21:01.209+0000] {logging_mixin.py:188} INFO - [2025-11-12T19:21:01.209+0000] {dag.py:3954} INFO - Setting next_dagrun for example_weekday_branch_operator to 2025-11-11 00:00:00+00:00, run_after=2025-11-12 00:00:00+00:00
[2025-11-12T19:21:01.230+0000] {processor.py:183} INFO - Processing /home/airflow/.local/lib/python3.12/site-packages/airflow/example_dags/example_branch_day_of_week_operator.py took 0.070 seconds
[2025-11-12T19:21:31.590+0000] {processor.py:161} INFO - Started process (PID=627) to work on /home/airflow/.local/lib/python3.12/site-packages/airflow/example_dags/example_branch_day_of_week_operator.py
[2025-11-12T19:21:31.591+0000] {processor.py:830} INFO - Processing file /home/airflow/.local/lib/python3.12/site-packages/airflow/example_dags/example_branch_day_of_week_operator.py for tasks to queue
[2025-11-12T19:21:31.593+0000] {logging_mixin.py:188} INFO - [2025-11-12T19:21:31.592+0000] {dagbag.py:545} INFO - Filling up the DagBag from /home/airflow/.local/lib/python3.12/site-packages/airflow/example_dags/example_branch_day_of_week_operator.py
[2025-11-12T19:21:31.598+0000] {processor.py:840} INFO - DAG(s) 'example_weekday_branch_operator' retrieved from /home/airflow/.local/lib/python3.12/site-packages/airflow/example_dags/example_branch_day_of_week_operator.py
[2025-11-12T19:21:31.619+0000] {logging_mixin.py:188} INFO - [2025-11-12T19:21:31.618+0000] {dag.py:3096} INFO - Sync 1 DAGs
[2025-11-12T19:21:31.639+0000] {logging_mixin.py:188} INFO - [2025-11-12T19:21:31.638+0000] {dag.py:3954} INFO - Setting next_dagrun for example_weekday_branch_operator to 2025-11-11 00:00:00+00:00, run_after=2025-11-12 00:00:00+00:00
[2025-11-12T19:21:31.657+0000] {processor.py:183} INFO - Processing /home/airflow/.local/lib/python3.12/site-packages/airflow/example_dags/example_branch_day_of_week_operator.py took 0.071 seconds
[2025-11-12T19:22:01.896+0000] {processor.py:161} INFO - Started process (PID=687) to work on /home/airflow/.local/lib/python3.12/site-packages/airflow/example_dags/example_branch_day_of_week_operator.py
[2025-11-12T19:22:01.897+0000] {processor.py:830} INFO - Processing file /home/airflow/.local/lib/python3.12/site-packages/airflow/example_dags/example_branch_day_of_week_operator.py for tasks to queue
[2025-11-12T19:22:01.899+0000] {logging_mixin.py:188} INFO - [2025-11-12T19:22:01.898+0000] {dagbag.py:545} INFO - Filling up the DagBag from /home/airflow/.local/lib/python3.12/site-packages/airflow/example_dags/example_branch_day_of_week_operator.py
[2025-11-12T19:22:01.906+0000] {processor.py:840} INFO - DAG(s) 'example_weekday_branch_operator' retrieved from /home/airflow/.local/lib/python3.12/site-packages/airflow/example_dags/example_branch_day_of_week_operator.py
[2025-11-12T19:22:01.927+0000] {logging_mixin.py:188} INFO - [2025-11-12T19:22:01.926+0000] {dag.py:3096} INFO - Sync 1 DAGs
[2025-11-12T19:22:01.944+0000] {logging_mixin.py:188} INFO - [2025-11-12T19:22:01.944+0000] {dag.py:3954} INFO - Setting next_dagrun for example_weekday_branch_operator to 2025-11-11 00:00:00+00:00, run_after=2025-11-12 00:00:00+00:00
[2025-11-12T19:22:01.967+0000] {processor.py:183} INFO - Processing /home/airflow/.local/lib/python3.12/site-packages/airflow/example_dags/example_branch_day_of_week_operator.py took 0.075 seconds
[2025-11-12T19:22:32.328+0000] {processor.py:161} INFO - Started process (PID=748) to work on /home/airflow/.local/lib/python3.12/site-packages/airflow/example_dags/example_branch_day_of_week_operator.py
[2025-11-12T19:22:32.329+0000] {processor.py:830} INFO - Processing file /home/airflow/.local/lib/python3.12/site-packages/airflow/example_dags/example_branch_day_of_week_operator.py for tasks to queue
[2025-11-12T19:22:32.331+0000] {logging_mixin.py:188} INFO - [2025-11-12T19:22:32.330+0000] {dagbag.py:545} INFO - Filling up the DagBag from /home/airflow/.local/lib/python3.12/site-packages/airflow/example_dags/example_branch_day_of_week_operator.py
[2025-11-12T19:22:32.336+0000] {processor.py:840} INFO - DAG(s) 'example_weekday_branch_operator' retrieved from /home/airflow/.local/lib/python3.12/site-packages/airflow/example_dags/example_branch_day_of_week_operator.py
[2025-11-12T19:22:32.360+0000] {logging_mixin.py:188} INFO - [2025-11-12T19:22:32.359+0000] {dag.py:3096} INFO - Sync 1 DAGs
[2025-11-12T19:22:32.377+0000] {logging_mixin.py:188} INFO - [2025-11-12T19:22:32.376+0000] {dag.py:3954} INFO - Setting next_dagrun for example_weekday_branch_operator to 2025-11-11 00:00:00+00:00, run_after=2025-11-12 00:00:00+00:00
[2025-11-12T19:22:32.403+0000] {processor.py:183} INFO - Processing /home/airflow/.local/lib/python3.12/site-packages/airflow/example_dags/example_branch_day_of_week_operator.py took 0.081 seconds
[2025-11-12T19:23:02.454+0000] {processor.py:161} INFO - Started process (PID=808) to work on /home/airflow/.local/lib/python3.12/site-packages/airflow/example_dags/example_branch_day_of_week_operator.py
[2025-11-12T19:23:02.455+0000] {processor.py:830} INFO - Processing file /home/airflow/.local/lib/python3.12/site-packages/airflow/example_dags/example_branch_day_of_week_operator.py for tasks to queue
[2025-11-12T19:23:02.457+0000] {logging_mixin.py:188} INFO - [2025-11-12T19:23:02.457+0000] {dagbag.py:545} INFO - Filling up the DagBag from /home/airflow/.local/lib/python3.12/site-packages/airflow/example_dags/example_branch_day_of_week_operator.py
[2025-11-12T19:23:02.465+0000] {processor.py:840} INFO - DAG(s) 'example_weekday_branch_operator' retrieved from /home/airflow/.local/lib/python3.12/site-packages/airflow/example_dags/example_branch_day_of_week_operator.py
[2025-11-12T19:23:02.487+0000] {logging_mixin.py:188} INFO - [2025-11-12T19:23:02.486+0000] {dag.py:3096} INFO - Sync 1 DAGs
[2025-11-12T19:23:02.505+0000] {logging_mixin.py:188} INFO - [2025-11-12T19:23:02.505+0000] {dag.py:3954} INFO - Setting next_dagrun for example_weekday_branch_operator to 2025-11-11 00:00:00+00:00, run_after=2025-11-12 00:00:00+00:00
[2025-11-12T19:23:02.524+0000] {processor.py:183} INFO - Processing /home/airflow/.local/lib/python3.12/site-packages/airflow/example_dags/example_branch_day_of_week_operator.py took 0.074 seconds
[2025-11-12T19:23:32.924+0000] {processor.py:161} INFO - Started process (PID=868) to work on /home/airflow/.local/lib/python3.12/site-packages/airflow/example_dags/example_branch_day_of_week_operator.py
[2025-11-12T19:23:32.925+0000] {processor.py:830} INFO - Processing file /home/airflow/.local/lib/python3.12/site-packages/airflow/example_dags/example_branch_day_of_week_operator.py for tasks to queue
[2025-11-12T19:23:32.926+0000] {logging_mixin.py:188} INFO - [2025-11-12T19:23:32.926+0000] {dagbag.py:545} INFO - Filling up the DagBag from /home/airflow/.local/lib/python3.12/site-packages/airflow/example_dags/example_branch_day_of_week_operator.py
[2025-11-12T19:23:32.933+0000] {processor.py:840} INFO - DAG(s) 'example_weekday_branch_operator' retrieved from /home/airflow/.local/lib/python3.12/site-packages/airflow/example_dags/example_branch_day_of_week_operator.py
[2025-11-12T19:23:32.955+0000] {logging_mixin.py:188} INFO - [2025-11-12T19:23:32.954+0000] {dag.py:3096} INFO - Sync 1 DAGs
[2025-11-12T19:23:32.973+0000] {logging_mixin.py:188} INFO - [2025-11-12T19:23:32.973+0000] {dag.py:3954} INFO - Setting next_dagrun for example_weekday_branch_operator to 2025-11-11 00:00:00+00:00, run_after=2025-11-12 00:00:00+00:00
[2025-11-12T19:23:32.993+0000] {processor.py:183} INFO - Processing /home/airflow/.local/lib/python3.12/site-packages/airflow/example_dags/example_branch_day_of_week_operator.py took 0.075 seconds
[2025-11-12T19:24:03.324+0000] {processor.py:161} INFO - Started process (PID=928) to work on /home/airflow/.local/lib/python3.12/site-packages/airflow/example_dags/example_branch_day_of_week_operator.py
[2025-11-12T19:24:03.325+0000] {processor.py:830} INFO - Processing file /home/airflow/.local/lib/python3.12/site-packages/airflow/example_dags/example_branch_day_of_week_operator.py for tasks to queue
[2025-11-12T19:24:03.328+0000] {logging_mixin.py:188} INFO - [2025-11-12T19:24:03.327+0000] {dagbag.py:545} INFO - Filling up the DagBag from /home/airflow/.local/lib/python3.12/site-packages/airflow/example_dags/example_branch_day_of_week_operator.py
[2025-11-12T19:24:03.333+0000] {processor.py:840} INFO - DAG(s) 'example_weekday_branch_operator' retrieved from /home/airflow/.local/lib/python3.12/site-packages/airflow/example_dags/example_branch_day_of_week_operator.py
[2025-11-12T19:24:03.353+0000] {logging_mixin.py:188} INFO - [2025-11-12T19:24:03.353+0000] {dag.py:3096} INFO - Sync 1 DAGs
[2025-11-12T19:24:03.371+0000] {logging_mixin.py:188} INFO - [2025-11-12T19:24:03.370+0000] {dag.py:3954} INFO - Setting next_dagrun for example_weekday_branch_operator to 2025-11-11 00:00:00+00:00, run_after=2025-11-12 00:00:00+00:00
[2025-11-12T19:24:03.412+0000] {processor.py:183} INFO - Processing /home/airflow/.local/lib/python3.12/site-packages/airflow/example_dags/example_branch_day_of_week_operator.py took 0.092 seconds
[2025-11-12T19:24:33.493+0000] {processor.py:161} INFO - Started process (PID=988) to work on /home/airflow/.local/lib/python3.12/site-packages/airflow/example_dags/example_branch_day_of_week_operator.py
[2025-11-12T19:24:33.494+0000] {processor.py:830} INFO - Processing file /home/airflow/.local/lib/python3.12/site-packages/airflow/example_dags/example_branch_day_of_week_operator.py for tasks to queue
[2025-11-12T19:24:33.496+0000] {logging_mixin.py:188} INFO - [2025-11-12T19:24:33.496+0000] {dagbag.py:545} INFO - Filling up the DagBag from /home/airflow/.local/lib/python3.12/site-packages/airflow/example_dags/example_branch_day_of_week_operator.py
[2025-11-12T19:24:33.501+0000] {processor.py:840} INFO - DAG(s) 'example_weekday_branch_operator' retrieved from /home/airflow/.local/lib/python3.12/site-packages/airflow/example_dags/example_branch_day_of_week_operator.py
[2025-11-12T19:24:33.524+0000] {logging_mixin.py:188} INFO - [2025-11-12T19:24:33.524+0000] {dag.py:3096} INFO - Sync 1 DAGs
[2025-11-12T19:24:33.542+0000] {logging_mixin.py:188} INFO - [2025-11-12T19:24:33.542+0000] {dag.py:3954} INFO - Setting next_dagrun for example_weekday_branch_operator to 2025-11-11 00:00:00+00:00, run_after=2025-11-12 00:00:00+00:00
[2025-11-12T19:24:33.562+0000] {processor.py:183} INFO - Processing /home/airflow/.local/lib/python3.12/site-packages/airflow/example_dags/example_branch_day_of_week_operator.py took 0.073 seconds
[2025-11-12T19:25:04.656+0000] {processor.py:161} INFO - Started process (PID=1048) to work on /home/airflow/.local/lib/python3.12/site-packages/airflow/example_dags/example_branch_day_of_week_operator.py
[2025-11-12T19:25:04.658+0000] {processor.py:830} INFO - Processing file /home/airflow/.local/lib/python3.12/site-packages/airflow/example_dags/example_branch_day_of_week_operator.py for tasks to queue
[2025-11-12T19:25:04.660+0000] {logging_mixin.py:188} INFO - [2025-11-12T19:25:04.660+0000] {dagbag.py:545} INFO - Filling up the DagBag from /home/airflow/.local/lib/python3.12/site-packages/airflow/example_dags/example_branch_day_of_week_operator.py
[2025-11-12T19:25:04.667+0000] {processor.py:840} INFO - DAG(s) 'example_weekday_branch_operator' retrieved from /home/airflow/.local/lib/python3.12/site-packages/airflow/example_dags/example_branch_day_of_week_operator.py
[2025-11-12T19:25:04.701+0000] {logging_mixin.py:188} INFO - [2025-11-12T19:25:04.700+0000] {dag.py:3096} INFO - Sync 1 DAGs
[2025-11-12T19:25:04.727+0000] {logging_mixin.py:188} INFO - [2025-11-12T19:25:04.727+0000] {dag.py:3954} INFO - Setting next_dagrun for example_weekday_branch_operator to 2025-11-11 00:00:00+00:00, run_after=2025-11-12 00:00:00+00:00
[2025-11-12T19:25:04.757+0000] {processor.py:183} INFO - Processing /home/airflow/.local/lib/python3.12/site-packages/airflow/example_dags/example_branch_day_of_week_operator.py took 0.106 seconds
[2025-11-12T19:25:34.930+0000] {processor.py:161} INFO - Started process (PID=1108) to work on /home/airflow/.local/lib/python3.12/site-packages/airflow/example_dags/example_branch_day_of_week_operator.py
[2025-11-12T19:25:34.931+0000] {processor.py:830} INFO - Processing file /home/airflow/.local/lib/python3.12/site-packages/airflow/example_dags/example_branch_day_of_week_operator.py for tasks to queue
[2025-11-12T19:25:34.933+0000] {logging_mixin.py:188} INFO - [2025-11-12T19:25:34.933+0000] {dagbag.py:545} INFO - Filling up the DagBag from /home/airflow/.local/lib/python3.12/site-packages/airflow/example_dags/example_branch_day_of_week_operator.py
[2025-11-12T19:25:34.939+0000] {processor.py:840} INFO - DAG(s) 'example_weekday_branch_operator' retrieved from /home/airflow/.local/lib/python3.12/site-packages/airflow/example_dags/example_branch_day_of_week_operator.py
[2025-11-12T19:25:34.960+0000] {logging_mixin.py:188} INFO - [2025-11-12T19:25:34.960+0000] {dag.py:3096} INFO - Sync 1 DAGs
[2025-11-12T19:25:34.981+0000] {logging_mixin.py:188} INFO - [2025-11-12T19:25:34.980+0000] {dag.py:3954} INFO - Setting next_dagrun for example_weekday_branch_operator to 2025-11-11 00:00:00+00:00, run_after=2025-11-12 00:00:00+00:00
[2025-11-12T19:25:35.006+0000] {processor.py:183} INFO - Processing /home/airflow/.local/lib/python3.12/site-packages/airflow/example_dags/example_branch_day_of_week_operator.py took 0.080 seconds
[2025-11-12T19:26:05.268+0000] {processor.py:161} INFO - Started process (PID=1168) to work on /home/airflow/.local/lib/python3.12/site-packages/airflow/example_dags/example_branch_day_of_week_operator.py
[2025-11-12T19:26:05.269+0000] {processor.py:830} INFO - Processing file /home/airflow/.local/lib/python3.12/site-packages/airflow/example_dags/example_branch_day_of_week_operator.py for tasks to queue
[2025-11-12T19:26:05.271+0000] {logging_mixin.py:188} INFO - [2025-11-12T19:26:05.270+0000] {dagbag.py:545} INFO - Filling up the DagBag from /home/airflow/.local/lib/python3.12/site-packages/airflow/example_dags/example_branch_day_of_week_operator.py
[2025-11-12T19:26:05.277+0000] {processor.py:840} INFO - DAG(s) 'example_weekday_branch_operator' retrieved from /home/airflow/.local/lib/python3.12/site-packages/airflow/example_dags/example_branch_day_of_week_operator.py
[2025-11-12T19:26:05.300+0000] {logging_mixin.py:188} INFO - [2025-11-12T19:26:05.299+0000] {dag.py:3096} INFO - Sync 1 DAGs
[2025-11-12T19:26:05.319+0000] {logging_mixin.py:188} INFO - [2025-11-12T19:26:05.318+0000] {dag.py:3954} INFO - Setting next_dagrun for example_weekday_branch_operator to 2025-11-11 00:00:00+00:00, run_after=2025-11-12 00:00:00+00:00
[2025-11-12T19:26:05.339+0000] {processor.py:183} INFO - Processing /home/airflow/.local/lib/python3.12/site-packages/airflow/example_dags/example_branch_day_of_week_operator.py took 0.076 seconds
[2025-11-12T19:26:35.939+0000] {processor.py:161} INFO - Started process (PID=1229) to work on /home/airflow/.local/lib/python3.12/site-packages/airflow/example_dags/example_branch_day_of_week_operator.py
[2025-11-12T19:26:35.941+0000] {processor.py:830} INFO - Processing file /home/airflow/.local/lib/python3.12/site-packages/airflow/example_dags/example_branch_day_of_week_operator.py for tasks to queue
[2025-11-12T19:26:35.943+0000] {logging_mixin.py:188} INFO - [2025-11-12T19:26:35.942+0000] {dagbag.py:545} INFO - Filling up the DagBag from /home/airflow/.local/lib/python3.12/site-packages/airflow/example_dags/example_branch_day_of_week_operator.py
[2025-11-12T19:26:35.949+0000] {processor.py:840} INFO - DAG(s) 'example_weekday_branch_operator' retrieved from /home/airflow/.local/lib/python3.12/site-packages/airflow/example_dags/example_branch_day_of_week_operator.py
[2025-11-12T19:26:35.969+0000] {logging_mixin.py:188} INFO - [2025-11-12T19:26:35.969+0000] {dag.py:3096} INFO - Sync 1 DAGs
[2025-11-12T19:26:35.987+0000] {logging_mixin.py:188} INFO - [2025-11-12T19:26:35.987+0000] {dag.py:3954} INFO - Setting next_dagrun for example_weekday_branch_operator to 2025-11-11 00:00:00+00:00, run_after=2025-11-12 00:00:00+00:00
[2025-11-12T19:26:36.008+0000] {processor.py:183} INFO - Processing /home/airflow/.local/lib/python3.12/site-packages/airflow/example_dags/example_branch_day_of_week_operator.py took 0.074 seconds
[2025-11-12T19:27:06.291+0000] {processor.py:161} INFO - Started process (PID=1289) to work on /home/airflow/.local/lib/python3.12/site-packages/airflow/example_dags/example_branch_day_of_week_operator.py
[2025-11-12T19:27:06.292+0000] {processor.py:830} INFO - Processing file /home/airflow/.local/lib/python3.12/site-packages/airflow/example_dags/example_branch_day_of_week_operator.py for tasks to queue
[2025-11-12T19:27:06.294+0000] {logging_mixin.py:188} INFO - [2025-11-12T19:27:06.293+0000] {dagbag.py:545} INFO - Filling up the DagBag from /home/airflow/.local/lib/python3.12/site-packages/airflow/example_dags/example_branch_day_of_week_operator.py
[2025-11-12T19:27:06.300+0000] {processor.py:840} INFO - DAG(s) 'example_weekday_branch_operator' retrieved from /home/airflow/.local/lib/python3.12/site-packages/airflow/example_dags/example_branch_day_of_week_operator.py
[2025-11-12T19:27:06.322+0000] {logging_mixin.py:188} INFO - [2025-11-12T19:27:06.322+0000] {dag.py:3096} INFO - Sync 1 DAGs
[2025-11-12T19:27:06.339+0000] {logging_mixin.py:188} INFO - [2025-11-12T19:27:06.339+0000] {dag.py:3954} INFO - Setting next_dagrun for example_weekday_branch_operator to 2025-11-11 00:00:00+00:00, run_after=2025-11-12 00:00:00+00:00
[2025-11-12T19:27:06.360+0000] {processor.py:183} INFO - Processing /home/airflow/.local/lib/python3.12/site-packages/airflow/example_dags/example_branch_day_of_week_operator.py took 0.075 seconds
[2025-11-12T19:27:37.337+0000] {processor.py:161} INFO - Started process (PID=1349) to work on /home/airflow/.local/lib/python3.12/site-packages/airflow/example_dags/example_branch_day_of_week_operator.py
[2025-11-12T19:27:37.338+0000] {processor.py:830} INFO - Processing file /home/airflow/.local/lib/python3.12/site-packages/airflow/example_dags/example_branch_day_of_week_operator.py for tasks to queue
[2025-11-12T19:27:37.341+0000] {logging_mixin.py:188} INFO - [2025-11-12T19:27:37.340+0000] {dagbag.py:545} INFO - Filling up the DagBag from /home/airflow/.local/lib/python3.12/site-packages/airflow/example_dags/example_branch_day_of_week_operator.py
[2025-11-12T19:27:37.347+0000] {processor.py:840} INFO - DAG(s) 'example_weekday_branch_operator' retrieved from /home/airflow/.local/lib/python3.12/site-packages/airflow/example_dags/example_branch_day_of_week_operator.py
[2025-11-12T19:27:37.374+0000] {logging_mixin.py:188} INFO - [2025-11-12T19:27:37.373+0000] {dag.py:3096} INFO - Sync 1 DAGs
[2025-11-12T19:27:37.399+0000] {logging_mixin.py:188} INFO - [2025-11-12T19:27:37.398+0000] {dag.py:3954} INFO - Setting next_dagrun for example_weekday_branch_operator to 2025-11-11 00:00:00+00:00, run_after=2025-11-12 00:00:00+00:00
[2025-11-12T19:27:37.430+0000] {processor.py:183} INFO - Processing /home/airflow/.local/lib/python3.12/site-packages/airflow/example_dags/example_branch_day_of_week_operator.py took 0.100 seconds
[2025-11-12T19:28:08.573+0000] {processor.py:161} INFO - Started process (PID=1410) to work on /home/airflow/.local/lib/python3.12/site-packages/airflow/example_dags/example_branch_day_of_week_operator.py
[2025-11-12T19:28:08.574+0000] {processor.py:830} INFO - Processing file /home/airflow/.local/lib/python3.12/site-packages/airflow/example_dags/example_branch_day_of_week_operator.py for tasks to queue
[2025-11-12T19:28:08.577+0000] {logging_mixin.py:188} INFO - [2025-11-12T19:28:08.576+0000] {dagbag.py:545} INFO - Filling up the DagBag from /home/airflow/.local/lib/python3.12/site-packages/airflow/example_dags/example_branch_day_of_week_operator.py
[2025-11-12T19:28:08.592+0000] {processor.py:840} INFO - DAG(s) 'example_weekday_branch_operator' retrieved from /home/airflow/.local/lib/python3.12/site-packages/airflow/example_dags/example_branch_day_of_week_operator.py
[2025-11-12T19:28:08.631+0000] {logging_mixin.py:188} INFO - [2025-11-12T19:28:08.630+0000] {dag.py:3096} INFO - Sync 1 DAGs
[2025-11-12T19:28:08.675+0000] {logging_mixin.py:188} INFO - [2025-11-12T19:28:08.675+0000] {dag.py:3954} INFO - Setting next_dagrun for example_weekday_branch_operator to 2025-11-11 00:00:00+00:00, run_after=2025-11-12 00:00:00+00:00
[2025-11-12T19:28:08.696+0000] {processor.py:183} INFO - Processing /home/airflow/.local/lib/python3.12/site-packages/airflow/example_dags/example_branch_day_of_week_operator.py took 0.130 seconds
[2025-11-12T19:28:39.165+0000] {processor.py:161} INFO - Started process (PID=1470) to work on /home/airflow/.local/lib/python3.12/site-packages/airflow/example_dags/example_branch_day_of_week_operator.py
[2025-11-12T19:28:39.166+0000] {processor.py:830} INFO - Processing file /home/airflow/.local/lib/python3.12/site-packages/airflow/example_dags/example_branch_day_of_week_operator.py for tasks to queue
[2025-11-12T19:28:39.169+0000] {logging_mixin.py:188} INFO - [2025-11-12T19:28:39.169+0000] {dagbag.py:545} INFO - Filling up the DagBag from /home/airflow/.local/lib/python3.12/site-packages/airflow/example_dags/example_branch_day_of_week_operator.py
[2025-11-12T19:28:39.176+0000] {processor.py:840} INFO - DAG(s) 'example_weekday_branch_operator' retrieved from /home/airflow/.local/lib/python3.12/site-packages/airflow/example_dags/example_branch_day_of_week_operator.py
[2025-11-12T19:28:39.199+0000] {logging_mixin.py:188} INFO - [2025-11-12T19:28:39.198+0000] {dag.py:3096} INFO - Sync 1 DAGs
[2025-11-12T19:28:39.217+0000] {logging_mixin.py:188} INFO - [2025-11-12T19:28:39.217+0000] {dag.py:3954} INFO - Setting next_dagrun for example_weekday_branch_operator to 2025-11-11 00:00:00+00:00, run_after=2025-11-12 00:00:00+00:00
[2025-11-12T19:28:39.248+0000] {processor.py:183} INFO - Processing /home/airflow/.local/lib/python3.12/site-packages/airflow/example_dags/example_branch_day_of_week_operator.py took 0.089 seconds
[2025-11-12T19:29:09.363+0000] {processor.py:161} INFO - Started process (PID=1530) to work on /home/airflow/.local/lib/python3.12/site-packages/airflow/example_dags/example_branch_day_of_week_operator.py
[2025-11-12T19:29:09.364+0000] {processor.py:830} INFO - Processing file /home/airflow/.local/lib/python3.12/site-packages/airflow/example_dags/example_branch_day_of_week_operator.py for tasks to queue
[2025-11-12T19:29:09.366+0000] {logging_mixin.py:188} INFO - [2025-11-12T19:29:09.365+0000] {dagbag.py:545} INFO - Filling up the DagBag from /home/airflow/.local/lib/python3.12/site-packages/airflow/example_dags/example_branch_day_of_week_operator.py
[2025-11-12T19:29:09.371+0000] {processor.py:840} INFO - DAG(s) 'example_weekday_branch_operator' retrieved from /home/airflow/.local/lib/python3.12/site-packages/airflow/example_dags/example_branch_day_of_week_operator.py
[2025-11-12T19:29:09.391+0000] {logging_mixin.py:188} INFO - [2025-11-12T19:29:09.391+0000] {dag.py:3096} INFO - Sync 1 DAGs
[2025-11-12T19:29:09.408+0000] {logging_mixin.py:188} INFO - [2025-11-12T19:29:09.408+0000] {dag.py:3954} INFO - Setting next_dagrun for example_weekday_branch_operator to 2025-11-11 00:00:00+00:00, run_after=2025-11-12 00:00:00+00:00
[2025-11-12T19:29:09.428+0000] {processor.py:183} INFO - Processing /home/airflow/.local/lib/python3.12/site-packages/airflow/example_dags/example_branch_day_of_week_operator.py took 0.069 seconds
[2025-11-12T19:29:41.271+0000] {processor.py:161} INFO - Started process (PID=1590) to work on /home/airflow/.local/lib/python3.12/site-packages/airflow/example_dags/example_branch_day_of_week_operator.py
[2025-11-12T19:29:41.272+0000] {processor.py:830} INFO - Processing file /home/airflow/.local/lib/python3.12/site-packages/airflow/example_dags/example_branch_day_of_week_operator.py for tasks to queue
[2025-11-12T19:29:41.274+0000] {logging_mixin.py:188} INFO - [2025-11-12T19:29:41.274+0000] {dagbag.py:545} INFO - Filling up the DagBag from /home/airflow/.local/lib/python3.12/site-packages/airflow/example_dags/example_branch_day_of_week_operator.py
[2025-11-12T19:29:41.280+0000] {processor.py:840} INFO - DAG(s) 'example_weekday_branch_operator' retrieved from /home/airflow/.local/lib/python3.12/site-packages/airflow/example_dags/example_branch_day_of_week_operator.py
[2025-11-12T19:29:41.306+0000] {logging_mixin.py:188} INFO - [2025-11-12T19:29:41.306+0000] {dag.py:3096} INFO - Sync 1 DAGs
[2025-11-12T19:29:41.540+0000] {logging_mixin.py:188} INFO - [2025-11-12T19:29:41.540+0000] {dag.py:3954} INFO - Setting next_dagrun for example_weekday_branch_operator to 2025-11-11 00:00:00+00:00, run_after=2025-11-12 00:00:00+00:00
[2025-11-12T19:29:41.567+0000] {processor.py:183} INFO - Processing /home/airflow/.local/lib/python3.12/site-packages/airflow/example_dags/example_branch_day_of_week_operator.py took 0.301 seconds
[2025-11-12T19:30:11.763+0000] {processor.py:161} INFO - Started process (PID=1650) to work on /home/airflow/.local/lib/python3.12/site-packages/airflow/example_dags/example_branch_day_of_week_operator.py
[2025-11-12T19:30:11.764+0000] {processor.py:830} INFO - Processing file /home/airflow/.local/lib/python3.12/site-packages/airflow/example_dags/example_branch_day_of_week_operator.py for tasks to queue
[2025-11-12T19:30:11.766+0000] {logging_mixin.py:188} INFO - [2025-11-12T19:30:11.766+0000] {dagbag.py:545} INFO - Filling up the DagBag from /home/airflow/.local/lib/python3.12/site-packages/airflow/example_dags/example_branch_day_of_week_operator.py
[2025-11-12T19:30:11.775+0000] {processor.py:840} INFO - DAG(s) 'example_weekday_branch_operator' retrieved from /home/airflow/.local/lib/python3.12/site-packages/airflow/example_dags/example_branch_day_of_week_operator.py
[2025-11-12T19:30:11.810+0000] {logging_mixin.py:188} INFO - [2025-11-12T19:30:11.809+0000] {dag.py:3096} INFO - Sync 1 DAGs
[2025-11-12T19:30:11.840+0000] {logging_mixin.py:188} INFO - [2025-11-12T19:30:11.840+0000] {dag.py:3954} INFO - Setting next_dagrun for example_weekday_branch_operator to 2025-11-11 00:00:00+00:00, run_after=2025-11-12 00:00:00+00:00
[2025-11-12T19:30:11.868+0000] {processor.py:183} INFO - Processing /home/airflow/.local/lib/python3.12/site-packages/airflow/example_dags/example_branch_day_of_week_operator.py took 0.113 seconds
[2025-11-12T19:30:42.031+0000] {processor.py:161} INFO - Started process (PID=1710) to work on /home/airflow/.local/lib/python3.12/site-packages/airflow/example_dags/example_branch_day_of_week_operator.py
[2025-11-12T19:30:42.032+0000] {processor.py:830} INFO - Processing file /home/airflow/.local/lib/python3.12/site-packages/airflow/example_dags/example_branch_day_of_week_operator.py for tasks to queue
[2025-11-12T19:30:42.034+0000] {logging_mixin.py:188} INFO - [2025-11-12T19:30:42.034+0000] {dagbag.py:545} INFO - Filling up the DagBag from /home/airflow/.local/lib/python3.12/site-packages/airflow/example_dags/example_branch_day_of_week_operator.py
[2025-11-12T19:30:42.041+0000] {processor.py:840} INFO - DAG(s) 'example_weekday_branch_operator' retrieved from /home/airflow/.local/lib/python3.12/site-packages/airflow/example_dags/example_branch_day_of_week_operator.py
[2025-11-12T19:30:42.064+0000] {logging_mixin.py:188} INFO - [2025-11-12T19:30:42.063+0000] {dag.py:3096} INFO - Sync 1 DAGs
[2025-11-12T19:30:42.082+0000] {logging_mixin.py:188} INFO - [2025-11-12T19:30:42.082+0000] {dag.py:3954} INFO - Setting next_dagrun for example_weekday_branch_operator to 2025-11-11 00:00:00+00:00, run_after=2025-11-12 00:00:00+00:00
[2025-11-12T19:30:42.103+0000] {processor.py:183} INFO - Processing /home/airflow/.local/lib/python3.12/site-packages/airflow/example_dags/example_branch_day_of_week_operator.py took 0.077 seconds
[2025-11-12T19:31:12.500+0000] {processor.py:161} INFO - Started process (PID=1770) to work on /home/airflow/.local/lib/python3.12/site-packages/airflow/example_dags/example_branch_day_of_week_operator.py
[2025-11-12T19:31:12.501+0000] {processor.py:830} INFO - Processing file /home/airflow/.local/lib/python3.12/site-packages/airflow/example_dags/example_branch_day_of_week_operator.py for tasks to queue
[2025-11-12T19:31:12.503+0000] {logging_mixin.py:188} INFO - [2025-11-12T19:31:12.502+0000] {dagbag.py:545} INFO - Filling up the DagBag from /home/airflow/.local/lib/python3.12/site-packages/airflow/example_dags/example_branch_day_of_week_operator.py
[2025-11-12T19:31:12.509+0000] {processor.py:840} INFO - DAG(s) 'example_weekday_branch_operator' retrieved from /home/airflow/.local/lib/python3.12/site-packages/airflow/example_dags/example_branch_day_of_week_operator.py
[2025-11-12T19:31:12.533+0000] {logging_mixin.py:188} INFO - [2025-11-12T19:31:12.533+0000] {dag.py:3096} INFO - Sync 1 DAGs
[2025-11-12T19:31:12.553+0000] {logging_mixin.py:188} INFO - [2025-11-12T19:31:12.553+0000] {dag.py:3954} INFO - Setting next_dagrun for example_weekday_branch_operator to 2025-11-11 00:00:00+00:00, run_after=2025-11-12 00:00:00+00:00
[2025-11-12T19:31:12.572+0000] {processor.py:183} INFO - Processing /home/airflow/.local/lib/python3.12/site-packages/airflow/example_dags/example_branch_day_of_week_operator.py took 0.077 seconds
[2025-11-12T19:31:43.225+0000] {processor.py:161} INFO - Started process (PID=1833) to work on /home/airflow/.local/lib/python3.12/site-packages/airflow/example_dags/example_branch_day_of_week_operator.py
[2025-11-12T19:31:43.226+0000] {processor.py:830} INFO - Processing file /home/airflow/.local/lib/python3.12/site-packages/airflow/example_dags/example_branch_day_of_week_operator.py for tasks to queue
[2025-11-12T19:31:43.228+0000] {logging_mixin.py:188} INFO - [2025-11-12T19:31:43.228+0000] {dagbag.py:545} INFO - Filling up the DagBag from /home/airflow/.local/lib/python3.12/site-packages/airflow/example_dags/example_branch_day_of_week_operator.py
[2025-11-12T19:31:43.234+0000] {processor.py:840} INFO - DAG(s) 'example_weekday_branch_operator' retrieved from /home/airflow/.local/lib/python3.12/site-packages/airflow/example_dags/example_branch_day_of_week_operator.py
[2025-11-12T19:31:43.253+0000] {logging_mixin.py:188} INFO - [2025-11-12T19:31:43.253+0000] {dag.py:3096} INFO - Sync 1 DAGs
[2025-11-12T19:31:43.271+0000] {logging_mixin.py:188} INFO - [2025-11-12T19:31:43.271+0000] {dag.py:3954} INFO - Setting next_dagrun for example_weekday_branch_operator to 2025-11-11 00:00:00+00:00, run_after=2025-11-12 00:00:00+00:00
[2025-11-12T19:31:43.293+0000] {processor.py:183} INFO - Processing /home/airflow/.local/lib/python3.12/site-packages/airflow/example_dags/example_branch_day_of_week_operator.py took 0.072 seconds
