[2025-11-12T19:06:09.577+0000] {processor.py:161} INFO - Started process (PID=78) to work on /home/airflow/.local/lib/python3.12/site-packages/airflow/example_dags/example_complex.py
[2025-11-12T19:06:09.579+0000] {processor.py:830} INFO - Processing file /home/airflow/.local/lib/python3.12/site-packages/airflow/example_dags/example_complex.py for tasks to queue
[2025-11-12T19:06:09.582+0000] {logging_mixin.py:188} INFO - [2025-11-12T19:06:09.582+0000] {dagbag.py:545} INFO - Filling up the DagBag from /home/airflow/.local/lib/python3.12/site-packages/airflow/example_dags/example_complex.py
[2025-11-12T19:06:09.599+0000] {processor.py:840} INFO - DAG(s) 'example_complex' retrieved from /home/airflow/.local/lib/python3.12/site-packages/airflow/example_dags/example_complex.py
[2025-11-12T19:06:09.739+0000] {logging_mixin.py:188} INFO - [2025-11-12T19:06:09.738+0000] {dag.py:3096} INFO - Sync 1 DAGs
[2025-11-12T19:06:09.752+0000] {logging_mixin.py:188} INFO - [2025-11-12T19:06:09.752+0000] {dag.py:3954} INFO - Setting next_dagrun for example_complex to None, run_after=None
[2025-11-12T19:06:09.787+0000] {processor.py:183} INFO - Processing /home/airflow/.local/lib/python3.12/site-packages/airflow/example_dags/example_complex.py took 0.215 seconds
[2025-11-12T19:06:39.999+0000] {processor.py:161} INFO - Started process (PID=138) to work on /home/airflow/.local/lib/python3.12/site-packages/airflow/example_dags/example_complex.py
[2025-11-12T19:06:40.000+0000] {processor.py:830} INFO - Processing file /home/airflow/.local/lib/python3.12/site-packages/airflow/example_dags/example_complex.py for tasks to queue
[2025-11-12T19:06:40.003+0000] {logging_mixin.py:188} INFO - [2025-11-12T19:06:40.002+0000] {dagbag.py:545} INFO - Filling up the DagBag from /home/airflow/.local/lib/python3.12/site-packages/airflow/example_dags/example_complex.py
[2025-11-12T19:06:40.013+0000] {processor.py:840} INFO - DAG(s) 'example_complex' retrieved from /home/airflow/.local/lib/python3.12/site-packages/airflow/example_dags/example_complex.py
[2025-11-12T19:06:40.047+0000] {logging_mixin.py:188} INFO - [2025-11-12T19:06:40.047+0000] {dag.py:3096} INFO - Sync 1 DAGs
[2025-11-12T19:06:40.061+0000] {logging_mixin.py:188} INFO - [2025-11-12T19:06:40.060+0000] {dag.py:3954} INFO - Setting next_dagrun for example_complex to None, run_after=None
[2025-11-12T19:06:40.082+0000] {processor.py:183} INFO - Processing /home/airflow/.local/lib/python3.12/site-packages/airflow/example_dags/example_complex.py took 0.091 seconds
[2025-11-12T19:07:10.728+0000] {processor.py:161} INFO - Started process (PID=198) to work on /home/airflow/.local/lib/python3.12/site-packages/airflow/example_dags/example_complex.py
[2025-11-12T19:07:10.729+0000] {processor.py:830} INFO - Processing file /home/airflow/.local/lib/python3.12/site-packages/airflow/example_dags/example_complex.py for tasks to queue
[2025-11-12T19:07:10.731+0000] {logging_mixin.py:188} INFO - [2025-11-12T19:07:10.731+0000] {dagbag.py:545} INFO - Filling up the DagBag from /home/airflow/.local/lib/python3.12/site-packages/airflow/example_dags/example_complex.py
[2025-11-12T19:07:10.739+0000] {processor.py:840} INFO - DAG(s) 'example_complex' retrieved from /home/airflow/.local/lib/python3.12/site-packages/airflow/example_dags/example_complex.py
[2025-11-12T19:07:10.767+0000] {logging_mixin.py:188} INFO - [2025-11-12T19:07:10.767+0000] {dag.py:3096} INFO - Sync 1 DAGs
[2025-11-12T19:07:10.777+0000] {logging_mixin.py:188} INFO - [2025-11-12T19:07:10.777+0000] {dag.py:3954} INFO - Setting next_dagrun for example_complex to None, run_after=None
[2025-11-12T19:07:10.796+0000] {processor.py:183} INFO - Processing /home/airflow/.local/lib/python3.12/site-packages/airflow/example_dags/example_complex.py took 0.072 seconds
[2025-11-12T19:07:41.679+0000] {processor.py:161} INFO - Started process (PID=258) to work on /home/airflow/.local/lib/python3.12/site-packages/airflow/example_dags/example_complex.py
[2025-11-12T19:07:41.680+0000] {processor.py:830} INFO - Processing file /home/airflow/.local/lib/python3.12/site-packages/airflow/example_dags/example_complex.py for tasks to queue
[2025-11-12T19:07:41.682+0000] {logging_mixin.py:188} INFO - [2025-11-12T19:07:41.682+0000] {dagbag.py:545} INFO - Filling up the DagBag from /home/airflow/.local/lib/python3.12/site-packages/airflow/example_dags/example_complex.py
[2025-11-12T19:07:41.691+0000] {processor.py:840} INFO - DAG(s) 'example_complex' retrieved from /home/airflow/.local/lib/python3.12/site-packages/airflow/example_dags/example_complex.py
[2025-11-12T19:07:41.725+0000] {logging_mixin.py:188} INFO - [2025-11-12T19:07:41.725+0000] {dag.py:3096} INFO - Sync 1 DAGs
[2025-11-12T19:07:41.735+0000] {logging_mixin.py:188} INFO - [2025-11-12T19:07:41.734+0000] {dag.py:3954} INFO - Setting next_dagrun for example_complex to None, run_after=None
[2025-11-12T19:07:41.757+0000] {processor.py:183} INFO - Processing /home/airflow/.local/lib/python3.12/site-packages/airflow/example_dags/example_complex.py took 0.082 seconds
[2025-11-12T19:08:12.235+0000] {processor.py:161} INFO - Started process (PID=318) to work on /home/airflow/.local/lib/python3.12/site-packages/airflow/example_dags/example_complex.py
[2025-11-12T19:08:12.236+0000] {processor.py:830} INFO - Processing file /home/airflow/.local/lib/python3.12/site-packages/airflow/example_dags/example_complex.py for tasks to queue
[2025-11-12T19:08:12.237+0000] {logging_mixin.py:188} INFO - [2025-11-12T19:08:12.237+0000] {dagbag.py:545} INFO - Filling up the DagBag from /home/airflow/.local/lib/python3.12/site-packages/airflow/example_dags/example_complex.py
[2025-11-12T19:08:12.247+0000] {processor.py:840} INFO - DAG(s) 'example_complex' retrieved from /home/airflow/.local/lib/python3.12/site-packages/airflow/example_dags/example_complex.py
[2025-11-12T19:08:12.279+0000] {logging_mixin.py:188} INFO - [2025-11-12T19:08:12.278+0000] {dag.py:3096} INFO - Sync 1 DAGs
[2025-11-12T19:08:12.295+0000] {logging_mixin.py:188} INFO - [2025-11-12T19:08:12.295+0000] {dag.py:3954} INFO - Setting next_dagrun for example_complex to None, run_after=None
[2025-11-12T19:08:12.326+0000] {processor.py:183} INFO - Processing /home/airflow/.local/lib/python3.12/site-packages/airflow/example_dags/example_complex.py took 0.095 seconds
[2025-11-12T19:08:42.869+0000] {processor.py:161} INFO - Started process (PID=378) to work on /home/airflow/.local/lib/python3.12/site-packages/airflow/example_dags/example_complex.py
[2025-11-12T19:08:42.870+0000] {processor.py:830} INFO - Processing file /home/airflow/.local/lib/python3.12/site-packages/airflow/example_dags/example_complex.py for tasks to queue
[2025-11-12T19:08:42.871+0000] {logging_mixin.py:188} INFO - [2025-11-12T19:08:42.871+0000] {dagbag.py:545} INFO - Filling up the DagBag from /home/airflow/.local/lib/python3.12/site-packages/airflow/example_dags/example_complex.py
[2025-11-12T19:08:42.879+0000] {processor.py:840} INFO - DAG(s) 'example_complex' retrieved from /home/airflow/.local/lib/python3.12/site-packages/airflow/example_dags/example_complex.py
[2025-11-12T19:08:42.908+0000] {logging_mixin.py:188} INFO - [2025-11-12T19:08:42.907+0000] {dag.py:3096} INFO - Sync 1 DAGs
[2025-11-12T19:08:42.918+0000] {logging_mixin.py:188} INFO - [2025-11-12T19:08:42.918+0000] {dag.py:3954} INFO - Setting next_dagrun for example_complex to None, run_after=None
[2025-11-12T19:08:42.950+0000] {processor.py:183} INFO - Processing /home/airflow/.local/lib/python3.12/site-packages/airflow/example_dags/example_complex.py took 0.087 seconds
[2025-11-12T19:09:13.397+0000] {processor.py:161} INFO - Started process (PID=440) to work on /home/airflow/.local/lib/python3.12/site-packages/airflow/example_dags/example_complex.py
[2025-11-12T19:09:13.397+0000] {processor.py:830} INFO - Processing file /home/airflow/.local/lib/python3.12/site-packages/airflow/example_dags/example_complex.py for tasks to queue
[2025-11-12T19:09:13.398+0000] {logging_mixin.py:188} INFO - [2025-11-12T19:09:13.398+0000] {dagbag.py:545} INFO - Filling up the DagBag from /home/airflow/.local/lib/python3.12/site-packages/airflow/example_dags/example_complex.py
[2025-11-12T19:09:13.406+0000] {processor.py:840} INFO - DAG(s) 'example_complex' retrieved from /home/airflow/.local/lib/python3.12/site-packages/airflow/example_dags/example_complex.py
[2025-11-12T19:09:13.435+0000] {logging_mixin.py:188} INFO - [2025-11-12T19:09:13.435+0000] {dag.py:3096} INFO - Sync 1 DAGs
[2025-11-12T19:09:13.445+0000] {logging_mixin.py:188} INFO - [2025-11-12T19:09:13.445+0000] {dag.py:3954} INFO - Setting next_dagrun for example_complex to None, run_after=None
[2025-11-12T19:09:13.469+0000] {processor.py:183} INFO - Processing /home/airflow/.local/lib/python3.12/site-packages/airflow/example_dags/example_complex.py took 0.077 seconds
[2025-11-12T19:09:43.884+0000] {processor.py:161} INFO - Started process (PID=501) to work on /home/airflow/.local/lib/python3.12/site-packages/airflow/example_dags/example_complex.py
[2025-11-12T19:09:43.885+0000] {processor.py:830} INFO - Processing file /home/airflow/.local/lib/python3.12/site-packages/airflow/example_dags/example_complex.py for tasks to queue
[2025-11-12T19:09:43.888+0000] {logging_mixin.py:188} INFO - [2025-11-12T19:09:43.888+0000] {dagbag.py:545} INFO - Filling up the DagBag from /home/airflow/.local/lib/python3.12/site-packages/airflow/example_dags/example_complex.py
[2025-11-12T19:09:43.896+0000] {processor.py:840} INFO - DAG(s) 'example_complex' retrieved from /home/airflow/.local/lib/python3.12/site-packages/airflow/example_dags/example_complex.py
[2025-11-12T19:09:43.932+0000] {logging_mixin.py:188} INFO - [2025-11-12T19:09:43.931+0000] {dag.py:3096} INFO - Sync 1 DAGs
[2025-11-12T19:09:43.944+0000] {logging_mixin.py:188} INFO - [2025-11-12T19:09:43.944+0000] {dag.py:3954} INFO - Setting next_dagrun for example_complex to None, run_after=None
[2025-11-12T19:09:43.965+0000] {processor.py:183} INFO - Processing /home/airflow/.local/lib/python3.12/site-packages/airflow/example_dags/example_complex.py took 0.086 seconds
[2025-11-12T19:10:14.719+0000] {processor.py:161} INFO - Started process (PID=561) to work on /home/airflow/.local/lib/python3.12/site-packages/airflow/example_dags/example_complex.py
[2025-11-12T19:10:14.720+0000] {processor.py:830} INFO - Processing file /home/airflow/.local/lib/python3.12/site-packages/airflow/example_dags/example_complex.py for tasks to queue
[2025-11-12T19:10:14.721+0000] {logging_mixin.py:188} INFO - [2025-11-12T19:10:14.721+0000] {dagbag.py:545} INFO - Filling up the DagBag from /home/airflow/.local/lib/python3.12/site-packages/airflow/example_dags/example_complex.py
[2025-11-12T19:10:14.729+0000] {processor.py:840} INFO - DAG(s) 'example_complex' retrieved from /home/airflow/.local/lib/python3.12/site-packages/airflow/example_dags/example_complex.py
[2025-11-12T19:10:14.755+0000] {logging_mixin.py:188} INFO - [2025-11-12T19:10:14.755+0000] {dag.py:3096} INFO - Sync 1 DAGs
[2025-11-12T19:10:14.765+0000] {logging_mixin.py:188} INFO - [2025-11-12T19:10:14.765+0000] {dag.py:3954} INFO - Setting next_dagrun for example_complex to None, run_after=None
[2025-11-12T19:10:14.786+0000] {processor.py:183} INFO - Processing /home/airflow/.local/lib/python3.12/site-packages/airflow/example_dags/example_complex.py took 0.072 seconds
[2025-11-12T19:10:45.038+0000] {processor.py:161} INFO - Started process (PID=622) to work on /home/airflow/.local/lib/python3.12/site-packages/airflow/example_dags/example_complex.py
[2025-11-12T19:10:45.039+0000] {processor.py:830} INFO - Processing file /home/airflow/.local/lib/python3.12/site-packages/airflow/example_dags/example_complex.py for tasks to queue
[2025-11-12T19:10:45.041+0000] {logging_mixin.py:188} INFO - [2025-11-12T19:10:45.040+0000] {dagbag.py:545} INFO - Filling up the DagBag from /home/airflow/.local/lib/python3.12/site-packages/airflow/example_dags/example_complex.py
[2025-11-12T19:10:45.050+0000] {processor.py:840} INFO - DAG(s) 'example_complex' retrieved from /home/airflow/.local/lib/python3.12/site-packages/airflow/example_dags/example_complex.py
[2025-11-12T19:10:45.079+0000] {logging_mixin.py:188} INFO - [2025-11-12T19:10:45.079+0000] {dag.py:3096} INFO - Sync 1 DAGs
[2025-11-12T19:10:45.091+0000] {logging_mixin.py:188} INFO - [2025-11-12T19:10:45.091+0000] {dag.py:3954} INFO - Setting next_dagrun for example_complex to None, run_after=None
[2025-11-12T19:10:45.121+0000] {processor.py:183} INFO - Processing /home/airflow/.local/lib/python3.12/site-packages/airflow/example_dags/example_complex.py took 0.088 seconds
[2025-11-12T19:11:15.280+0000] {processor.py:161} INFO - Started process (PID=682) to work on /home/airflow/.local/lib/python3.12/site-packages/airflow/example_dags/example_complex.py
[2025-11-12T19:11:15.281+0000] {processor.py:830} INFO - Processing file /home/airflow/.local/lib/python3.12/site-packages/airflow/example_dags/example_complex.py for tasks to queue
[2025-11-12T19:11:15.283+0000] {logging_mixin.py:188} INFO - [2025-11-12T19:11:15.282+0000] {dagbag.py:545} INFO - Filling up the DagBag from /home/airflow/.local/lib/python3.12/site-packages/airflow/example_dags/example_complex.py
[2025-11-12T19:11:15.292+0000] {processor.py:840} INFO - DAG(s) 'example_complex' retrieved from /home/airflow/.local/lib/python3.12/site-packages/airflow/example_dags/example_complex.py
[2025-11-12T19:11:15.323+0000] {logging_mixin.py:188} INFO - [2025-11-12T19:11:15.322+0000] {dag.py:3096} INFO - Sync 1 DAGs
[2025-11-12T19:11:15.335+0000] {logging_mixin.py:188} INFO - [2025-11-12T19:11:15.335+0000] {dag.py:3954} INFO - Setting next_dagrun for example_complex to None, run_after=None
[2025-11-12T19:11:15.357+0000] {processor.py:183} INFO - Processing /home/airflow/.local/lib/python3.12/site-packages/airflow/example_dags/example_complex.py took 0.081 seconds
[2025-11-12T19:11:45.567+0000] {processor.py:161} INFO - Started process (PID=742) to work on /home/airflow/.local/lib/python3.12/site-packages/airflow/example_dags/example_complex.py
[2025-11-12T19:11:45.569+0000] {processor.py:830} INFO - Processing file /home/airflow/.local/lib/python3.12/site-packages/airflow/example_dags/example_complex.py for tasks to queue
[2025-11-12T19:11:45.570+0000] {logging_mixin.py:188} INFO - [2025-11-12T19:11:45.570+0000] {dagbag.py:545} INFO - Filling up the DagBag from /home/airflow/.local/lib/python3.12/site-packages/airflow/example_dags/example_complex.py
[2025-11-12T19:11:45.578+0000] {processor.py:840} INFO - DAG(s) 'example_complex' retrieved from /home/airflow/.local/lib/python3.12/site-packages/airflow/example_dags/example_complex.py
[2025-11-12T19:11:45.611+0000] {logging_mixin.py:188} INFO - [2025-11-12T19:11:45.611+0000] {dag.py:3096} INFO - Sync 1 DAGs
[2025-11-12T19:11:45.625+0000] {logging_mixin.py:188} INFO - [2025-11-12T19:11:45.624+0000] {dag.py:3954} INFO - Setting next_dagrun for example_complex to None, run_after=None
[2025-11-12T19:11:45.652+0000] {processor.py:183} INFO - Processing /home/airflow/.local/lib/python3.12/site-packages/airflow/example_dags/example_complex.py took 0.091 seconds
[2025-11-12T19:12:15.819+0000] {processor.py:161} INFO - Started process (PID=802) to work on /home/airflow/.local/lib/python3.12/site-packages/airflow/example_dags/example_complex.py
[2025-11-12T19:12:15.820+0000] {processor.py:830} INFO - Processing file /home/airflow/.local/lib/python3.12/site-packages/airflow/example_dags/example_complex.py for tasks to queue
[2025-11-12T19:12:15.821+0000] {logging_mixin.py:188} INFO - [2025-11-12T19:12:15.821+0000] {dagbag.py:545} INFO - Filling up the DagBag from /home/airflow/.local/lib/python3.12/site-packages/airflow/example_dags/example_complex.py
[2025-11-12T19:12:15.829+0000] {processor.py:840} INFO - DAG(s) 'example_complex' retrieved from /home/airflow/.local/lib/python3.12/site-packages/airflow/example_dags/example_complex.py
[2025-11-12T19:12:15.857+0000] {logging_mixin.py:188} INFO - [2025-11-12T19:12:15.857+0000] {dag.py:3096} INFO - Sync 1 DAGs
[2025-11-12T19:12:15.867+0000] {logging_mixin.py:188} INFO - [2025-11-12T19:12:15.866+0000] {dag.py:3954} INFO - Setting next_dagrun for example_complex to None, run_after=None
[2025-11-12T19:12:15.886+0000] {processor.py:183} INFO - Processing /home/airflow/.local/lib/python3.12/site-packages/airflow/example_dags/example_complex.py took 0.071 seconds
[2025-11-12T19:12:46.240+0000] {processor.py:161} INFO - Started process (PID=862) to work on /home/airflow/.local/lib/python3.12/site-packages/airflow/example_dags/example_complex.py
[2025-11-12T19:12:46.241+0000] {processor.py:830} INFO - Processing file /home/airflow/.local/lib/python3.12/site-packages/airflow/example_dags/example_complex.py for tasks to queue
[2025-11-12T19:12:46.242+0000] {logging_mixin.py:188} INFO - [2025-11-12T19:12:46.242+0000] {dagbag.py:545} INFO - Filling up the DagBag from /home/airflow/.local/lib/python3.12/site-packages/airflow/example_dags/example_complex.py
[2025-11-12T19:12:46.253+0000] {processor.py:840} INFO - DAG(s) 'example_complex' retrieved from /home/airflow/.local/lib/python3.12/site-packages/airflow/example_dags/example_complex.py
[2025-11-12T19:12:46.283+0000] {logging_mixin.py:188} INFO - [2025-11-12T19:12:46.283+0000] {dag.py:3096} INFO - Sync 1 DAGs
[2025-11-12T19:12:46.294+0000] {logging_mixin.py:188} INFO - [2025-11-12T19:12:46.293+0000] {dag.py:3954} INFO - Setting next_dagrun for example_complex to None, run_after=None
[2025-11-12T19:12:46.315+0000] {processor.py:183} INFO - Processing /home/airflow/.local/lib/python3.12/site-packages/airflow/example_dags/example_complex.py took 0.081 seconds
[2025-11-12T19:13:16.696+0000] {processor.py:161} INFO - Started process (PID=922) to work on /home/airflow/.local/lib/python3.12/site-packages/airflow/example_dags/example_complex.py
[2025-11-12T19:13:16.698+0000] {processor.py:830} INFO - Processing file /home/airflow/.local/lib/python3.12/site-packages/airflow/example_dags/example_complex.py for tasks to queue
[2025-11-12T19:13:16.699+0000] {logging_mixin.py:188} INFO - [2025-11-12T19:13:16.698+0000] {dagbag.py:545} INFO - Filling up the DagBag from /home/airflow/.local/lib/python3.12/site-packages/airflow/example_dags/example_complex.py
[2025-11-12T19:13:16.709+0000] {processor.py:840} INFO - DAG(s) 'example_complex' retrieved from /home/airflow/.local/lib/python3.12/site-packages/airflow/example_dags/example_complex.py
[2025-11-12T19:13:16.741+0000] {logging_mixin.py:188} INFO - [2025-11-12T19:13:16.740+0000] {dag.py:3096} INFO - Sync 1 DAGs
[2025-11-12T19:13:16.752+0000] {logging_mixin.py:188} INFO - [2025-11-12T19:13:16.752+0000] {dag.py:3954} INFO - Setting next_dagrun for example_complex to None, run_after=None
[2025-11-12T19:13:16.774+0000] {processor.py:183} INFO - Processing /home/airflow/.local/lib/python3.12/site-packages/airflow/example_dags/example_complex.py took 0.082 seconds
[2025-11-12T19:13:46.858+0000] {processor.py:161} INFO - Started process (PID=983) to work on /home/airflow/.local/lib/python3.12/site-packages/airflow/example_dags/example_complex.py
[2025-11-12T19:13:46.859+0000] {processor.py:830} INFO - Processing file /home/airflow/.local/lib/python3.12/site-packages/airflow/example_dags/example_complex.py for tasks to queue
[2025-11-12T19:13:46.861+0000] {logging_mixin.py:188} INFO - [2025-11-12T19:13:46.860+0000] {dagbag.py:545} INFO - Filling up the DagBag from /home/airflow/.local/lib/python3.12/site-packages/airflow/example_dags/example_complex.py
[2025-11-12T19:13:46.869+0000] {processor.py:840} INFO - DAG(s) 'example_complex' retrieved from /home/airflow/.local/lib/python3.12/site-packages/airflow/example_dags/example_complex.py
[2025-11-12T19:13:46.908+0000] {logging_mixin.py:188} INFO - [2025-11-12T19:13:46.907+0000] {dag.py:3096} INFO - Sync 1 DAGs
[2025-11-12T19:13:46.936+0000] {logging_mixin.py:188} INFO - [2025-11-12T19:13:46.935+0000] {dag.py:3954} INFO - Setting next_dagrun for example_complex to None, run_after=None
[2025-11-12T19:13:46.985+0000] {processor.py:183} INFO - Processing /home/airflow/.local/lib/python3.12/site-packages/airflow/example_dags/example_complex.py took 0.133 seconds
[2025-11-12T19:14:17.467+0000] {processor.py:161} INFO - Started process (PID=1043) to work on /home/airflow/.local/lib/python3.12/site-packages/airflow/example_dags/example_complex.py
[2025-11-12T19:14:17.468+0000] {processor.py:830} INFO - Processing file /home/airflow/.local/lib/python3.12/site-packages/airflow/example_dags/example_complex.py for tasks to queue
[2025-11-12T19:14:17.469+0000] {logging_mixin.py:188} INFO - [2025-11-12T19:14:17.469+0000] {dagbag.py:545} INFO - Filling up the DagBag from /home/airflow/.local/lib/python3.12/site-packages/airflow/example_dags/example_complex.py
[2025-11-12T19:14:17.480+0000] {processor.py:840} INFO - DAG(s) 'example_complex' retrieved from /home/airflow/.local/lib/python3.12/site-packages/airflow/example_dags/example_complex.py
[2025-11-12T19:14:17.513+0000] {logging_mixin.py:188} INFO - [2025-11-12T19:14:17.513+0000] {dag.py:3096} INFO - Sync 1 DAGs
[2025-11-12T19:14:17.526+0000] {logging_mixin.py:188} INFO - [2025-11-12T19:14:17.525+0000] {dag.py:3954} INFO - Setting next_dagrun for example_complex to None, run_after=None
[2025-11-12T19:14:17.552+0000] {processor.py:183} INFO - Processing /home/airflow/.local/lib/python3.12/site-packages/airflow/example_dags/example_complex.py took 0.090 seconds
[2025-11-12T19:14:48.241+0000] {processor.py:161} INFO - Started process (PID=1103) to work on /home/airflow/.local/lib/python3.12/site-packages/airflow/example_dags/example_complex.py
[2025-11-12T19:14:48.242+0000] {processor.py:830} INFO - Processing file /home/airflow/.local/lib/python3.12/site-packages/airflow/example_dags/example_complex.py for tasks to queue
[2025-11-12T19:14:48.243+0000] {logging_mixin.py:188} INFO - [2025-11-12T19:14:48.243+0000] {dagbag.py:545} INFO - Filling up the DagBag from /home/airflow/.local/lib/python3.12/site-packages/airflow/example_dags/example_complex.py
[2025-11-12T19:14:48.251+0000] {processor.py:840} INFO - DAG(s) 'example_complex' retrieved from /home/airflow/.local/lib/python3.12/site-packages/airflow/example_dags/example_complex.py
[2025-11-12T19:14:48.279+0000] {logging_mixin.py:188} INFO - [2025-11-12T19:14:48.279+0000] {dag.py:3096} INFO - Sync 1 DAGs
[2025-11-12T19:14:48.290+0000] {logging_mixin.py:188} INFO - [2025-11-12T19:14:48.290+0000] {dag.py:3954} INFO - Setting next_dagrun for example_complex to None, run_after=None
[2025-11-12T19:14:48.315+0000] {processor.py:183} INFO - Processing /home/airflow/.local/lib/python3.12/site-packages/airflow/example_dags/example_complex.py took 0.079 seconds
[2025-11-12T19:15:19.377+0000] {processor.py:161} INFO - Started process (PID=1163) to work on /home/airflow/.local/lib/python3.12/site-packages/airflow/example_dags/example_complex.py
[2025-11-12T19:15:19.378+0000] {processor.py:830} INFO - Processing file /home/airflow/.local/lib/python3.12/site-packages/airflow/example_dags/example_complex.py for tasks to queue
[2025-11-12T19:15:19.380+0000] {logging_mixin.py:188} INFO - [2025-11-12T19:15:19.379+0000] {dagbag.py:545} INFO - Filling up the DagBag from /home/airflow/.local/lib/python3.12/site-packages/airflow/example_dags/example_complex.py
[2025-11-12T19:15:19.390+0000] {processor.py:840} INFO - DAG(s) 'example_complex' retrieved from /home/airflow/.local/lib/python3.12/site-packages/airflow/example_dags/example_complex.py
[2025-11-12T19:15:19.416+0000] {logging_mixin.py:188} INFO - [2025-11-12T19:15:19.416+0000] {dag.py:3096} INFO - Sync 1 DAGs
[2025-11-12T19:15:19.425+0000] {logging_mixin.py:188} INFO - [2025-11-12T19:15:19.425+0000] {dag.py:3954} INFO - Setting next_dagrun for example_complex to None, run_after=None
[2025-11-12T19:15:19.448+0000] {processor.py:183} INFO - Processing /home/airflow/.local/lib/python3.12/site-packages/airflow/example_dags/example_complex.py took 0.076 seconds
[2025-11-12T19:15:49.683+0000] {processor.py:161} INFO - Started process (PID=1223) to work on /home/airflow/.local/lib/python3.12/site-packages/airflow/example_dags/example_complex.py
[2025-11-12T19:15:49.685+0000] {processor.py:830} INFO - Processing file /home/airflow/.local/lib/python3.12/site-packages/airflow/example_dags/example_complex.py for tasks to queue
[2025-11-12T19:15:49.685+0000] {logging_mixin.py:188} INFO - [2025-11-12T19:15:49.685+0000] {dagbag.py:545} INFO - Filling up the DagBag from /home/airflow/.local/lib/python3.12/site-packages/airflow/example_dags/example_complex.py
[2025-11-12T19:15:49.693+0000] {processor.py:840} INFO - DAG(s) 'example_complex' retrieved from /home/airflow/.local/lib/python3.12/site-packages/airflow/example_dags/example_complex.py
[2025-11-12T19:15:49.719+0000] {logging_mixin.py:188} INFO - [2025-11-12T19:15:49.719+0000] {dag.py:3096} INFO - Sync 1 DAGs
[2025-11-12T19:15:49.729+0000] {logging_mixin.py:188} INFO - [2025-11-12T19:15:49.729+0000] {dag.py:3954} INFO - Setting next_dagrun for example_complex to None, run_after=None
[2025-11-12T19:15:49.747+0000] {processor.py:183} INFO - Processing /home/airflow/.local/lib/python3.12/site-packages/airflow/example_dags/example_complex.py took 0.068 seconds
[2025-11-12T19:16:55.871+0000] {processor.py:161} INFO - Started process (PID=79) to work on /home/airflow/.local/lib/python3.12/site-packages/airflow/example_dags/example_complex.py
[2025-11-12T19:16:55.873+0000] {processor.py:830} INFO - Processing file /home/airflow/.local/lib/python3.12/site-packages/airflow/example_dags/example_complex.py for tasks to queue
[2025-11-12T19:16:55.875+0000] {logging_mixin.py:188} INFO - [2025-11-12T19:16:55.874+0000] {dagbag.py:545} INFO - Filling up the DagBag from /home/airflow/.local/lib/python3.12/site-packages/airflow/example_dags/example_complex.py
[2025-11-12T19:16:55.887+0000] {processor.py:840} INFO - DAG(s) 'example_complex' retrieved from /home/airflow/.local/lib/python3.12/site-packages/airflow/example_dags/example_complex.py
[2025-11-12T19:16:56.042+0000] {logging_mixin.py:188} INFO - [2025-11-12T19:16:56.041+0000] {dag.py:3096} INFO - Sync 1 DAGs
[2025-11-12T19:16:56.055+0000] {logging_mixin.py:188} INFO - [2025-11-12T19:16:56.055+0000] {dag.py:3954} INFO - Setting next_dagrun for example_complex to None, run_after=None
[2025-11-12T19:16:56.083+0000] {processor.py:183} INFO - Processing /home/airflow/.local/lib/python3.12/site-packages/airflow/example_dags/example_complex.py took 0.217 seconds
[2025-11-12T19:17:26.530+0000] {processor.py:161} INFO - Started process (PID=139) to work on /home/airflow/.local/lib/python3.12/site-packages/airflow/example_dags/example_complex.py
[2025-11-12T19:17:26.531+0000] {processor.py:830} INFO - Processing file /home/airflow/.local/lib/python3.12/site-packages/airflow/example_dags/example_complex.py for tasks to queue
[2025-11-12T19:17:26.533+0000] {logging_mixin.py:188} INFO - [2025-11-12T19:17:26.532+0000] {dagbag.py:545} INFO - Filling up the DagBag from /home/airflow/.local/lib/python3.12/site-packages/airflow/example_dags/example_complex.py
[2025-11-12T19:17:26.540+0000] {processor.py:840} INFO - DAG(s) 'example_complex' retrieved from /home/airflow/.local/lib/python3.12/site-packages/airflow/example_dags/example_complex.py
[2025-11-12T19:17:26.571+0000] {logging_mixin.py:188} INFO - [2025-11-12T19:17:26.571+0000] {dag.py:3096} INFO - Sync 1 DAGs
[2025-11-12T19:17:26.584+0000] {logging_mixin.py:188} INFO - [2025-11-12T19:17:26.584+0000] {dag.py:3954} INFO - Setting next_dagrun for example_complex to None, run_after=None
[2025-11-12T19:17:26.605+0000] {processor.py:183} INFO - Processing /home/airflow/.local/lib/python3.12/site-packages/airflow/example_dags/example_complex.py took 0.080 seconds
[2025-11-12T19:17:57.030+0000] {processor.py:161} INFO - Started process (PID=199) to work on /home/airflow/.local/lib/python3.12/site-packages/airflow/example_dags/example_complex.py
[2025-11-12T19:17:57.031+0000] {processor.py:830} INFO - Processing file /home/airflow/.local/lib/python3.12/site-packages/airflow/example_dags/example_complex.py for tasks to queue
[2025-11-12T19:17:57.033+0000] {logging_mixin.py:188} INFO - [2025-11-12T19:17:57.033+0000] {dagbag.py:545} INFO - Filling up the DagBag from /home/airflow/.local/lib/python3.12/site-packages/airflow/example_dags/example_complex.py
[2025-11-12T19:17:57.043+0000] {processor.py:840} INFO - DAG(s) 'example_complex' retrieved from /home/airflow/.local/lib/python3.12/site-packages/airflow/example_dags/example_complex.py
[2025-11-12T19:17:57.076+0000] {logging_mixin.py:188} INFO - [2025-11-12T19:17:57.075+0000] {dag.py:3096} INFO - Sync 1 DAGs
[2025-11-12T19:17:57.091+0000] {logging_mixin.py:188} INFO - [2025-11-12T19:17:57.090+0000] {dag.py:3954} INFO - Setting next_dagrun for example_complex to None, run_after=None
[2025-11-12T19:17:57.118+0000] {processor.py:183} INFO - Processing /home/airflow/.local/lib/python3.12/site-packages/airflow/example_dags/example_complex.py took 0.093 seconds
[2025-11-12T19:18:28.307+0000] {processor.py:161} INFO - Started process (PID=259) to work on /home/airflow/.local/lib/python3.12/site-packages/airflow/example_dags/example_complex.py
[2025-11-12T19:18:28.308+0000] {processor.py:830} INFO - Processing file /home/airflow/.local/lib/python3.12/site-packages/airflow/example_dags/example_complex.py for tasks to queue
[2025-11-12T19:18:28.310+0000] {logging_mixin.py:188} INFO - [2025-11-12T19:18:28.310+0000] {dagbag.py:545} INFO - Filling up the DagBag from /home/airflow/.local/lib/python3.12/site-packages/airflow/example_dags/example_complex.py
[2025-11-12T19:18:28.320+0000] {processor.py:840} INFO - DAG(s) 'example_complex' retrieved from /home/airflow/.local/lib/python3.12/site-packages/airflow/example_dags/example_complex.py
[2025-11-12T19:18:28.346+0000] {logging_mixin.py:188} INFO - [2025-11-12T19:18:28.346+0000] {dag.py:3096} INFO - Sync 1 DAGs
[2025-11-12T19:18:28.356+0000] {logging_mixin.py:188} INFO - [2025-11-12T19:18:28.356+0000] {dag.py:3954} INFO - Setting next_dagrun for example_complex to None, run_after=None
[2025-11-12T19:18:28.376+0000] {processor.py:183} INFO - Processing /home/airflow/.local/lib/python3.12/site-packages/airflow/example_dags/example_complex.py took 0.076 seconds
[2025-11-12T19:18:58.734+0000] {processor.py:161} INFO - Started process (PID=320) to work on /home/airflow/.local/lib/python3.12/site-packages/airflow/example_dags/example_complex.py
[2025-11-12T19:18:58.735+0000] {processor.py:830} INFO - Processing file /home/airflow/.local/lib/python3.12/site-packages/airflow/example_dags/example_complex.py for tasks to queue
[2025-11-12T19:18:58.738+0000] {logging_mixin.py:188} INFO - [2025-11-12T19:18:58.738+0000] {dagbag.py:545} INFO - Filling up the DagBag from /home/airflow/.local/lib/python3.12/site-packages/airflow/example_dags/example_complex.py
[2025-11-12T19:18:58.750+0000] {processor.py:840} INFO - DAG(s) 'example_complex' retrieved from /home/airflow/.local/lib/python3.12/site-packages/airflow/example_dags/example_complex.py
[2025-11-12T19:18:58.781+0000] {logging_mixin.py:188} INFO - [2025-11-12T19:18:58.781+0000] {dag.py:3096} INFO - Sync 1 DAGs
[2025-11-12T19:18:58.793+0000] {logging_mixin.py:188} INFO - [2025-11-12T19:18:58.792+0000] {dag.py:3954} INFO - Setting next_dagrun for example_complex to None, run_after=None
[2025-11-12T19:18:58.832+0000] {processor.py:183} INFO - Processing /home/airflow/.local/lib/python3.12/site-packages/airflow/example_dags/example_complex.py took 0.105 seconds
[2025-11-12T19:19:29.000+0000] {processor.py:161} INFO - Started process (PID=380) to work on /home/airflow/.local/lib/python3.12/site-packages/airflow/example_dags/example_complex.py
[2025-11-12T19:19:29.001+0000] {processor.py:830} INFO - Processing file /home/airflow/.local/lib/python3.12/site-packages/airflow/example_dags/example_complex.py for tasks to queue
[2025-11-12T19:19:29.005+0000] {logging_mixin.py:188} INFO - [2025-11-12T19:19:29.003+0000] {dagbag.py:545} INFO - Filling up the DagBag from /home/airflow/.local/lib/python3.12/site-packages/airflow/example_dags/example_complex.py
[2025-11-12T19:19:29.015+0000] {processor.py:840} INFO - DAG(s) 'example_complex' retrieved from /home/airflow/.local/lib/python3.12/site-packages/airflow/example_dags/example_complex.py
[2025-11-12T19:19:29.051+0000] {logging_mixin.py:188} INFO - [2025-11-12T19:19:29.051+0000] {dag.py:3096} INFO - Sync 1 DAGs
[2025-11-12T19:19:29.065+0000] {logging_mixin.py:188} INFO - [2025-11-12T19:19:29.065+0000] {dag.py:3954} INFO - Setting next_dagrun for example_complex to None, run_after=None
[2025-11-12T19:19:29.089+0000] {processor.py:183} INFO - Processing /home/airflow/.local/lib/python3.12/site-packages/airflow/example_dags/example_complex.py took 0.095 seconds
[2025-11-12T19:19:59.677+0000] {processor.py:161} INFO - Started process (PID=440) to work on /home/airflow/.local/lib/python3.12/site-packages/airflow/example_dags/example_complex.py
[2025-11-12T19:19:59.678+0000] {processor.py:830} INFO - Processing file /home/airflow/.local/lib/python3.12/site-packages/airflow/example_dags/example_complex.py for tasks to queue
[2025-11-12T19:19:59.680+0000] {logging_mixin.py:188} INFO - [2025-11-12T19:19:59.679+0000] {dagbag.py:545} INFO - Filling up the DagBag from /home/airflow/.local/lib/python3.12/site-packages/airflow/example_dags/example_complex.py
[2025-11-12T19:19:59.688+0000] {processor.py:840} INFO - DAG(s) 'example_complex' retrieved from /home/airflow/.local/lib/python3.12/site-packages/airflow/example_dags/example_complex.py
[2025-11-12T19:19:59.716+0000] {logging_mixin.py:188} INFO - [2025-11-12T19:19:59.715+0000] {dag.py:3096} INFO - Sync 1 DAGs
[2025-11-12T19:19:59.727+0000] {logging_mixin.py:188} INFO - [2025-11-12T19:19:59.727+0000] {dag.py:3954} INFO - Setting next_dagrun for example_complex to None, run_after=None
[2025-11-12T19:19:59.748+0000] {processor.py:183} INFO - Processing /home/airflow/.local/lib/python3.12/site-packages/airflow/example_dags/example_complex.py took 0.077 seconds
[2025-11-12T19:20:30.502+0000] {processor.py:161} INFO - Started process (PID=501) to work on /home/airflow/.local/lib/python3.12/site-packages/airflow/example_dags/example_complex.py
[2025-11-12T19:20:30.504+0000] {processor.py:830} INFO - Processing file /home/airflow/.local/lib/python3.12/site-packages/airflow/example_dags/example_complex.py for tasks to queue
[2025-11-12T19:20:30.505+0000] {logging_mixin.py:188} INFO - [2025-11-12T19:20:30.505+0000] {dagbag.py:545} INFO - Filling up the DagBag from /home/airflow/.local/lib/python3.12/site-packages/airflow/example_dags/example_complex.py
[2025-11-12T19:20:30.513+0000] {processor.py:840} INFO - DAG(s) 'example_complex' retrieved from /home/airflow/.local/lib/python3.12/site-packages/airflow/example_dags/example_complex.py
[2025-11-12T19:20:30.541+0000] {logging_mixin.py:188} INFO - [2025-11-12T19:20:30.541+0000] {dag.py:3096} INFO - Sync 1 DAGs
[2025-11-12T19:20:30.550+0000] {logging_mixin.py:188} INFO - [2025-11-12T19:20:30.550+0000] {dag.py:3954} INFO - Setting next_dagrun for example_complex to None, run_after=None
[2025-11-12T19:20:30.570+0000] {processor.py:183} INFO - Processing /home/airflow/.local/lib/python3.12/site-packages/airflow/example_dags/example_complex.py took 0.072 seconds
[2025-11-12T19:21:00.770+0000] {processor.py:161} INFO - Started process (PID=561) to work on /home/airflow/.local/lib/python3.12/site-packages/airflow/example_dags/example_complex.py
[2025-11-12T19:21:00.772+0000] {processor.py:830} INFO - Processing file /home/airflow/.local/lib/python3.12/site-packages/airflow/example_dags/example_complex.py for tasks to queue
[2025-11-12T19:21:00.774+0000] {logging_mixin.py:188} INFO - [2025-11-12T19:21:00.773+0000] {dagbag.py:545} INFO - Filling up the DagBag from /home/airflow/.local/lib/python3.12/site-packages/airflow/example_dags/example_complex.py
[2025-11-12T19:21:00.785+0000] {processor.py:840} INFO - DAG(s) 'example_complex' retrieved from /home/airflow/.local/lib/python3.12/site-packages/airflow/example_dags/example_complex.py
[2025-11-12T19:21:00.814+0000] {logging_mixin.py:188} INFO - [2025-11-12T19:21:00.813+0000] {dag.py:3096} INFO - Sync 1 DAGs
[2025-11-12T19:21:00.825+0000] {logging_mixin.py:188} INFO - [2025-11-12T19:21:00.824+0000] {dag.py:3954} INFO - Setting next_dagrun for example_complex to None, run_after=None
[2025-11-12T19:21:00.842+0000] {processor.py:183} INFO - Processing /home/airflow/.local/lib/python3.12/site-packages/airflow/example_dags/example_complex.py took 0.077 seconds
[2025-11-12T19:21:31.233+0000] {processor.py:161} INFO - Started process (PID=621) to work on /home/airflow/.local/lib/python3.12/site-packages/airflow/example_dags/example_complex.py
[2025-11-12T19:21:31.234+0000] {processor.py:830} INFO - Processing file /home/airflow/.local/lib/python3.12/site-packages/airflow/example_dags/example_complex.py for tasks to queue
[2025-11-12T19:21:31.237+0000] {logging_mixin.py:188} INFO - [2025-11-12T19:21:31.236+0000] {dagbag.py:545} INFO - Filling up the DagBag from /home/airflow/.local/lib/python3.12/site-packages/airflow/example_dags/example_complex.py
[2025-11-12T19:21:31.246+0000] {processor.py:840} INFO - DAG(s) 'example_complex' retrieved from /home/airflow/.local/lib/python3.12/site-packages/airflow/example_dags/example_complex.py
[2025-11-12T19:21:31.276+0000] {logging_mixin.py:188} INFO - [2025-11-12T19:21:31.275+0000] {dag.py:3096} INFO - Sync 1 DAGs
[2025-11-12T19:21:31.287+0000] {logging_mixin.py:188} INFO - [2025-11-12T19:21:31.287+0000] {dag.py:3954} INFO - Setting next_dagrun for example_complex to None, run_after=None
[2025-11-12T19:21:31.308+0000] {processor.py:183} INFO - Processing /home/airflow/.local/lib/python3.12/site-packages/airflow/example_dags/example_complex.py took 0.081 seconds
[2025-11-12T19:22:01.557+0000] {processor.py:161} INFO - Started process (PID=681) to work on /home/airflow/.local/lib/python3.12/site-packages/airflow/example_dags/example_complex.py
[2025-11-12T19:22:01.558+0000] {processor.py:830} INFO - Processing file /home/airflow/.local/lib/python3.12/site-packages/airflow/example_dags/example_complex.py for tasks to queue
[2025-11-12T19:22:01.560+0000] {logging_mixin.py:188} INFO - [2025-11-12T19:22:01.560+0000] {dagbag.py:545} INFO - Filling up the DagBag from /home/airflow/.local/lib/python3.12/site-packages/airflow/example_dags/example_complex.py
[2025-11-12T19:22:01.569+0000] {processor.py:840} INFO - DAG(s) 'example_complex' retrieved from /home/airflow/.local/lib/python3.12/site-packages/airflow/example_dags/example_complex.py
[2025-11-12T19:22:01.595+0000] {logging_mixin.py:188} INFO - [2025-11-12T19:22:01.595+0000] {dag.py:3096} INFO - Sync 1 DAGs
[2025-11-12T19:22:01.606+0000] {logging_mixin.py:188} INFO - [2025-11-12T19:22:01.606+0000] {dag.py:3954} INFO - Setting next_dagrun for example_complex to None, run_after=None
[2025-11-12T19:22:01.626+0000] {processor.py:183} INFO - Processing /home/airflow/.local/lib/python3.12/site-packages/airflow/example_dags/example_complex.py took 0.073 seconds
[2025-11-12T19:22:31.892+0000] {processor.py:161} INFO - Started process (PID=742) to work on /home/airflow/.local/lib/python3.12/site-packages/airflow/example_dags/example_complex.py
[2025-11-12T19:22:31.893+0000] {processor.py:830} INFO - Processing file /home/airflow/.local/lib/python3.12/site-packages/airflow/example_dags/example_complex.py for tasks to queue
[2025-11-12T19:22:31.895+0000] {logging_mixin.py:188} INFO - [2025-11-12T19:22:31.895+0000] {dagbag.py:545} INFO - Filling up the DagBag from /home/airflow/.local/lib/python3.12/site-packages/airflow/example_dags/example_complex.py
[2025-11-12T19:22:31.903+0000] {processor.py:840} INFO - DAG(s) 'example_complex' retrieved from /home/airflow/.local/lib/python3.12/site-packages/airflow/example_dags/example_complex.py
[2025-11-12T19:22:31.929+0000] {logging_mixin.py:188} INFO - [2025-11-12T19:22:31.928+0000] {dag.py:3096} INFO - Sync 1 DAGs
[2025-11-12T19:22:31.938+0000] {logging_mixin.py:188} INFO - [2025-11-12T19:22:31.938+0000] {dag.py:3954} INFO - Setting next_dagrun for example_complex to None, run_after=None
[2025-11-12T19:22:31.957+0000] {processor.py:183} INFO - Processing /home/airflow/.local/lib/python3.12/site-packages/airflow/example_dags/example_complex.py took 0.069 seconds
[2025-11-12T19:23:02.085+0000] {processor.py:161} INFO - Started process (PID=802) to work on /home/airflow/.local/lib/python3.12/site-packages/airflow/example_dags/example_complex.py
[2025-11-12T19:23:02.086+0000] {processor.py:830} INFO - Processing file /home/airflow/.local/lib/python3.12/site-packages/airflow/example_dags/example_complex.py for tasks to queue
[2025-11-12T19:23:02.088+0000] {logging_mixin.py:188} INFO - [2025-11-12T19:23:02.088+0000] {dagbag.py:545} INFO - Filling up the DagBag from /home/airflow/.local/lib/python3.12/site-packages/airflow/example_dags/example_complex.py
[2025-11-12T19:23:02.099+0000] {processor.py:840} INFO - DAG(s) 'example_complex' retrieved from /home/airflow/.local/lib/python3.12/site-packages/airflow/example_dags/example_complex.py
[2025-11-12T19:23:02.131+0000] {logging_mixin.py:188} INFO - [2025-11-12T19:23:02.130+0000] {dag.py:3096} INFO - Sync 1 DAGs
[2025-11-12T19:23:02.143+0000] {logging_mixin.py:188} INFO - [2025-11-12T19:23:02.142+0000] {dag.py:3954} INFO - Setting next_dagrun for example_complex to None, run_after=None
[2025-11-12T19:23:02.161+0000] {processor.py:183} INFO - Processing /home/airflow/.local/lib/python3.12/site-packages/airflow/example_dags/example_complex.py took 0.081 seconds
[2025-11-12T19:23:32.544+0000] {processor.py:161} INFO - Started process (PID=862) to work on /home/airflow/.local/lib/python3.12/site-packages/airflow/example_dags/example_complex.py
[2025-11-12T19:23:32.546+0000] {processor.py:830} INFO - Processing file /home/airflow/.local/lib/python3.12/site-packages/airflow/example_dags/example_complex.py for tasks to queue
[2025-11-12T19:23:32.548+0000] {logging_mixin.py:188} INFO - [2025-11-12T19:23:32.547+0000] {dagbag.py:545} INFO - Filling up the DagBag from /home/airflow/.local/lib/python3.12/site-packages/airflow/example_dags/example_complex.py
[2025-11-12T19:23:32.555+0000] {processor.py:840} INFO - DAG(s) 'example_complex' retrieved from /home/airflow/.local/lib/python3.12/site-packages/airflow/example_dags/example_complex.py
[2025-11-12T19:23:32.583+0000] {logging_mixin.py:188} INFO - [2025-11-12T19:23:32.583+0000] {dag.py:3096} INFO - Sync 1 DAGs
[2025-11-12T19:23:32.593+0000] {logging_mixin.py:188} INFO - [2025-11-12T19:23:32.593+0000] {dag.py:3954} INFO - Setting next_dagrun for example_complex to None, run_after=None
[2025-11-12T19:23:32.613+0000] {processor.py:183} INFO - Processing /home/airflow/.local/lib/python3.12/site-packages/airflow/example_dags/example_complex.py took 0.073 seconds
[2025-11-12T19:24:02.836+0000] {processor.py:161} INFO - Started process (PID=922) to work on /home/airflow/.local/lib/python3.12/site-packages/airflow/example_dags/example_complex.py
[2025-11-12T19:24:02.837+0000] {processor.py:830} INFO - Processing file /home/airflow/.local/lib/python3.12/site-packages/airflow/example_dags/example_complex.py for tasks to queue
[2025-11-12T19:24:02.839+0000] {logging_mixin.py:188} INFO - [2025-11-12T19:24:02.839+0000] {dagbag.py:545} INFO - Filling up the DagBag from /home/airflow/.local/lib/python3.12/site-packages/airflow/example_dags/example_complex.py
[2025-11-12T19:24:02.849+0000] {processor.py:840} INFO - DAG(s) 'example_complex' retrieved from /home/airflow/.local/lib/python3.12/site-packages/airflow/example_dags/example_complex.py
[2025-11-12T19:24:02.879+0000] {logging_mixin.py:188} INFO - [2025-11-12T19:24:02.879+0000] {dag.py:3096} INFO - Sync 1 DAGs
[2025-11-12T19:24:02.888+0000] {logging_mixin.py:188} INFO - [2025-11-12T19:24:02.888+0000] {dag.py:3954} INFO - Setting next_dagrun for example_complex to None, run_after=None
[2025-11-12T19:24:02.909+0000] {processor.py:183} INFO - Processing /home/airflow/.local/lib/python3.12/site-packages/airflow/example_dags/example_complex.py took 0.079 seconds
[2025-11-12T19:24:33.141+0000] {processor.py:161} INFO - Started process (PID=982) to work on /home/airflow/.local/lib/python3.12/site-packages/airflow/example_dags/example_complex.py
[2025-11-12T19:24:33.143+0000] {processor.py:830} INFO - Processing file /home/airflow/.local/lib/python3.12/site-packages/airflow/example_dags/example_complex.py for tasks to queue
[2025-11-12T19:24:33.145+0000] {logging_mixin.py:188} INFO - [2025-11-12T19:24:33.144+0000] {dagbag.py:545} INFO - Filling up the DagBag from /home/airflow/.local/lib/python3.12/site-packages/airflow/example_dags/example_complex.py
[2025-11-12T19:24:33.153+0000] {processor.py:840} INFO - DAG(s) 'example_complex' retrieved from /home/airflow/.local/lib/python3.12/site-packages/airflow/example_dags/example_complex.py
[2025-11-12T19:24:33.182+0000] {logging_mixin.py:188} INFO - [2025-11-12T19:24:33.182+0000] {dag.py:3096} INFO - Sync 1 DAGs
[2025-11-12T19:24:33.194+0000] {logging_mixin.py:188} INFO - [2025-11-12T19:24:33.194+0000] {dag.py:3954} INFO - Setting next_dagrun for example_complex to None, run_after=None
[2025-11-12T19:24:33.219+0000] {processor.py:183} INFO - Processing /home/airflow/.local/lib/python3.12/site-packages/airflow/example_dags/example_complex.py took 0.083 seconds
[2025-11-12T19:25:04.172+0000] {processor.py:161} INFO - Started process (PID=1042) to work on /home/airflow/.local/lib/python3.12/site-packages/airflow/example_dags/example_complex.py
[2025-11-12T19:25:04.173+0000] {processor.py:830} INFO - Processing file /home/airflow/.local/lib/python3.12/site-packages/airflow/example_dags/example_complex.py for tasks to queue
[2025-11-12T19:25:04.175+0000] {logging_mixin.py:188} INFO - [2025-11-12T19:25:04.175+0000] {dagbag.py:545} INFO - Filling up the DagBag from /home/airflow/.local/lib/python3.12/site-packages/airflow/example_dags/example_complex.py
[2025-11-12T19:25:04.183+0000] {processor.py:840} INFO - DAG(s) 'example_complex' retrieved from /home/airflow/.local/lib/python3.12/site-packages/airflow/example_dags/example_complex.py
[2025-11-12T19:25:04.213+0000] {logging_mixin.py:188} INFO - [2025-11-12T19:25:04.213+0000] {dag.py:3096} INFO - Sync 1 DAGs
[2025-11-12T19:25:04.223+0000] {logging_mixin.py:188} INFO - [2025-11-12T19:25:04.223+0000] {dag.py:3954} INFO - Setting next_dagrun for example_complex to None, run_after=None
[2025-11-12T19:25:04.243+0000] {processor.py:183} INFO - Processing /home/airflow/.local/lib/python3.12/site-packages/airflow/example_dags/example_complex.py took 0.077 seconds
[2025-11-12T19:25:34.437+0000] {processor.py:161} INFO - Started process (PID=1102) to work on /home/airflow/.local/lib/python3.12/site-packages/airflow/example_dags/example_complex.py
[2025-11-12T19:25:34.438+0000] {processor.py:830} INFO - Processing file /home/airflow/.local/lib/python3.12/site-packages/airflow/example_dags/example_complex.py for tasks to queue
[2025-11-12T19:25:34.440+0000] {logging_mixin.py:188} INFO - [2025-11-12T19:25:34.440+0000] {dagbag.py:545} INFO - Filling up the DagBag from /home/airflow/.local/lib/python3.12/site-packages/airflow/example_dags/example_complex.py
[2025-11-12T19:25:34.448+0000] {processor.py:840} INFO - DAG(s) 'example_complex' retrieved from /home/airflow/.local/lib/python3.12/site-packages/airflow/example_dags/example_complex.py
[2025-11-12T19:25:34.477+0000] {logging_mixin.py:188} INFO - [2025-11-12T19:25:34.477+0000] {dag.py:3096} INFO - Sync 1 DAGs
[2025-11-12T19:25:34.491+0000] {logging_mixin.py:188} INFO - [2025-11-12T19:25:34.491+0000] {dag.py:3954} INFO - Setting next_dagrun for example_complex to None, run_after=None
[2025-11-12T19:25:34.510+0000] {processor.py:183} INFO - Processing /home/airflow/.local/lib/python3.12/site-packages/airflow/example_dags/example_complex.py took 0.078 seconds
[2025-11-12T19:26:04.756+0000] {processor.py:161} INFO - Started process (PID=1162) to work on /home/airflow/.local/lib/python3.12/site-packages/airflow/example_dags/example_complex.py
[2025-11-12T19:26:04.757+0000] {processor.py:830} INFO - Processing file /home/airflow/.local/lib/python3.12/site-packages/airflow/example_dags/example_complex.py for tasks to queue
[2025-11-12T19:26:04.759+0000] {logging_mixin.py:188} INFO - [2025-11-12T19:26:04.759+0000] {dagbag.py:545} INFO - Filling up the DagBag from /home/airflow/.local/lib/python3.12/site-packages/airflow/example_dags/example_complex.py
[2025-11-12T19:26:04.768+0000] {processor.py:840} INFO - DAG(s) 'example_complex' retrieved from /home/airflow/.local/lib/python3.12/site-packages/airflow/example_dags/example_complex.py
[2025-11-12T19:26:04.797+0000] {logging_mixin.py:188} INFO - [2025-11-12T19:26:04.797+0000] {dag.py:3096} INFO - Sync 1 DAGs
[2025-11-12T19:26:04.807+0000] {logging_mixin.py:188} INFO - [2025-11-12T19:26:04.807+0000] {dag.py:3954} INFO - Setting next_dagrun for example_complex to None, run_after=None
[2025-11-12T19:26:04.846+0000] {processor.py:183} INFO - Processing /home/airflow/.local/lib/python3.12/site-packages/airflow/example_dags/example_complex.py took 0.095 seconds
[2025-11-12T19:26:35.376+0000] {processor.py:161} INFO - Started process (PID=1223) to work on /home/airflow/.local/lib/python3.12/site-packages/airflow/example_dags/example_complex.py
[2025-11-12T19:26:35.377+0000] {processor.py:830} INFO - Processing file /home/airflow/.local/lib/python3.12/site-packages/airflow/example_dags/example_complex.py for tasks to queue
[2025-11-12T19:26:35.380+0000] {logging_mixin.py:188} INFO - [2025-11-12T19:26:35.379+0000] {dagbag.py:545} INFO - Filling up the DagBag from /home/airflow/.local/lib/python3.12/site-packages/airflow/example_dags/example_complex.py
[2025-11-12T19:26:35.390+0000] {processor.py:840} INFO - DAG(s) 'example_complex' retrieved from /home/airflow/.local/lib/python3.12/site-packages/airflow/example_dags/example_complex.py
[2025-11-12T19:26:35.424+0000] {logging_mixin.py:188} INFO - [2025-11-12T19:26:35.424+0000] {dag.py:3096} INFO - Sync 1 DAGs
[2025-11-12T19:26:35.438+0000] {logging_mixin.py:188} INFO - [2025-11-12T19:26:35.438+0000] {dag.py:3954} INFO - Setting next_dagrun for example_complex to None, run_after=None
[2025-11-12T19:26:35.467+0000] {processor.py:183} INFO - Processing /home/airflow/.local/lib/python3.12/site-packages/airflow/example_dags/example_complex.py took 0.096 seconds
[2025-11-12T19:27:05.831+0000] {processor.py:161} INFO - Started process (PID=1283) to work on /home/airflow/.local/lib/python3.12/site-packages/airflow/example_dags/example_complex.py
[2025-11-12T19:27:05.832+0000] {processor.py:830} INFO - Processing file /home/airflow/.local/lib/python3.12/site-packages/airflow/example_dags/example_complex.py for tasks to queue
[2025-11-12T19:27:05.834+0000] {logging_mixin.py:188} INFO - [2025-11-12T19:27:05.834+0000] {dagbag.py:545} INFO - Filling up the DagBag from /home/airflow/.local/lib/python3.12/site-packages/airflow/example_dags/example_complex.py
[2025-11-12T19:27:05.844+0000] {processor.py:840} INFO - DAG(s) 'example_complex' retrieved from /home/airflow/.local/lib/python3.12/site-packages/airflow/example_dags/example_complex.py
[2025-11-12T19:27:05.876+0000] {logging_mixin.py:188} INFO - [2025-11-12T19:27:05.876+0000] {dag.py:3096} INFO - Sync 1 DAGs
[2025-11-12T19:27:05.887+0000] {logging_mixin.py:188} INFO - [2025-11-12T19:27:05.886+0000] {dag.py:3954} INFO - Setting next_dagrun for example_complex to None, run_after=None
[2025-11-12T19:27:05.905+0000] {processor.py:183} INFO - Processing /home/airflow/.local/lib/python3.12/site-packages/airflow/example_dags/example_complex.py took 0.079 seconds
[2025-11-12T19:27:36.793+0000] {processor.py:161} INFO - Started process (PID=1343) to work on /home/airflow/.local/lib/python3.12/site-packages/airflow/example_dags/example_complex.py
[2025-11-12T19:27:36.794+0000] {processor.py:830} INFO - Processing file /home/airflow/.local/lib/python3.12/site-packages/airflow/example_dags/example_complex.py for tasks to queue
[2025-11-12T19:27:36.796+0000] {logging_mixin.py:188} INFO - [2025-11-12T19:27:36.796+0000] {dagbag.py:545} INFO - Filling up the DagBag from /home/airflow/.local/lib/python3.12/site-packages/airflow/example_dags/example_complex.py
[2025-11-12T19:27:36.804+0000] {processor.py:840} INFO - DAG(s) 'example_complex' retrieved from /home/airflow/.local/lib/python3.12/site-packages/airflow/example_dags/example_complex.py
[2025-11-12T19:27:36.836+0000] {logging_mixin.py:188} INFO - [2025-11-12T19:27:36.836+0000] {dag.py:3096} INFO - Sync 1 DAGs
[2025-11-12T19:27:36.847+0000] {logging_mixin.py:188} INFO - [2025-11-12T19:27:36.847+0000] {dag.py:3954} INFO - Setting next_dagrun for example_complex to None, run_after=None
[2025-11-12T19:27:36.873+0000] {processor.py:183} INFO - Processing /home/airflow/.local/lib/python3.12/site-packages/airflow/example_dags/example_complex.py took 0.085 seconds
[2025-11-12T19:28:07.598+0000] {processor.py:161} INFO - Started process (PID=1404) to work on /home/airflow/.local/lib/python3.12/site-packages/airflow/example_dags/example_complex.py
[2025-11-12T19:28:07.599+0000] {processor.py:830} INFO - Processing file /home/airflow/.local/lib/python3.12/site-packages/airflow/example_dags/example_complex.py for tasks to queue
[2025-11-12T19:28:07.601+0000] {logging_mixin.py:188} INFO - [2025-11-12T19:28:07.600+0000] {dagbag.py:545} INFO - Filling up the DagBag from /home/airflow/.local/lib/python3.12/site-packages/airflow/example_dags/example_complex.py
[2025-11-12T19:28:07.609+0000] {processor.py:840} INFO - DAG(s) 'example_complex' retrieved from /home/airflow/.local/lib/python3.12/site-packages/airflow/example_dags/example_complex.py
[2025-11-12T19:28:07.637+0000] {logging_mixin.py:188} INFO - [2025-11-12T19:28:07.637+0000] {dag.py:3096} INFO - Sync 1 DAGs
[2025-11-12T19:28:07.650+0000] {logging_mixin.py:188} INFO - [2025-11-12T19:28:07.649+0000] {dag.py:3954} INFO - Setting next_dagrun for example_complex to None, run_after=None
[2025-11-12T19:28:07.672+0000] {processor.py:183} INFO - Processing /home/airflow/.local/lib/python3.12/site-packages/airflow/example_dags/example_complex.py took 0.079 seconds
[2025-11-12T19:28:37.811+0000] {processor.py:161} INFO - Started process (PID=1464) to work on /home/airflow/.local/lib/python3.12/site-packages/airflow/example_dags/example_complex.py
[2025-11-12T19:28:37.812+0000] {processor.py:830} INFO - Processing file /home/airflow/.local/lib/python3.12/site-packages/airflow/example_dags/example_complex.py for tasks to queue
[2025-11-12T19:28:37.814+0000] {logging_mixin.py:188} INFO - [2025-11-12T19:28:37.814+0000] {dagbag.py:545} INFO - Filling up the DagBag from /home/airflow/.local/lib/python3.12/site-packages/airflow/example_dags/example_complex.py
[2025-11-12T19:28:37.822+0000] {processor.py:840} INFO - DAG(s) 'example_complex' retrieved from /home/airflow/.local/lib/python3.12/site-packages/airflow/example_dags/example_complex.py
[2025-11-12T19:28:37.847+0000] {logging_mixin.py:188} INFO - [2025-11-12T19:28:37.847+0000] {dag.py:3096} INFO - Sync 1 DAGs
[2025-11-12T19:28:37.870+0000] {logging_mixin.py:188} INFO - [2025-11-12T19:28:37.870+0000] {dag.py:3954} INFO - Setting next_dagrun for example_complex to None, run_after=None
[2025-11-12T19:28:37.891+0000] {processor.py:183} INFO - Processing /home/airflow/.local/lib/python3.12/site-packages/airflow/example_dags/example_complex.py took 0.084 seconds
[2025-11-12T19:29:08.889+0000] {processor.py:161} INFO - Started process (PID=1524) to work on /home/airflow/.local/lib/python3.12/site-packages/airflow/example_dags/example_complex.py
[2025-11-12T19:29:08.890+0000] {processor.py:830} INFO - Processing file /home/airflow/.local/lib/python3.12/site-packages/airflow/example_dags/example_complex.py for tasks to queue
[2025-11-12T19:29:08.892+0000] {logging_mixin.py:188} INFO - [2025-11-12T19:29:08.892+0000] {dagbag.py:545} INFO - Filling up the DagBag from /home/airflow/.local/lib/python3.12/site-packages/airflow/example_dags/example_complex.py
[2025-11-12T19:29:08.901+0000] {processor.py:840} INFO - DAG(s) 'example_complex' retrieved from /home/airflow/.local/lib/python3.12/site-packages/airflow/example_dags/example_complex.py
[2025-11-12T19:29:08.931+0000] {logging_mixin.py:188} INFO - [2025-11-12T19:29:08.931+0000] {dag.py:3096} INFO - Sync 1 DAGs
[2025-11-12T19:29:08.942+0000] {logging_mixin.py:188} INFO - [2025-11-12T19:29:08.941+0000] {dag.py:3954} INFO - Setting next_dagrun for example_complex to None, run_after=None
[2025-11-12T19:29:08.962+0000] {processor.py:183} INFO - Processing /home/airflow/.local/lib/python3.12/site-packages/airflow/example_dags/example_complex.py took 0.077 seconds
[2025-11-12T19:29:40.009+0000] {processor.py:161} INFO - Started process (PID=1583) to work on /home/airflow/.local/lib/python3.12/site-packages/airflow/example_dags/example_complex.py
[2025-11-12T19:29:40.010+0000] {processor.py:830} INFO - Processing file /home/airflow/.local/lib/python3.12/site-packages/airflow/example_dags/example_complex.py for tasks to queue
[2025-11-12T19:29:40.011+0000] {logging_mixin.py:188} INFO - [2025-11-12T19:29:40.011+0000] {dagbag.py:545} INFO - Filling up the DagBag from /home/airflow/.local/lib/python3.12/site-packages/airflow/example_dags/example_complex.py
[2025-11-12T19:29:40.020+0000] {processor.py:840} INFO - DAG(s) 'example_complex' retrieved from /home/airflow/.local/lib/python3.12/site-packages/airflow/example_dags/example_complex.py
[2025-11-12T19:29:40.054+0000] {logging_mixin.py:188} INFO - [2025-11-12T19:29:40.054+0000] {dag.py:3096} INFO - Sync 1 DAGs
[2025-11-12T19:29:40.286+0000] {logging_mixin.py:188} INFO - [2025-11-12T19:29:40.286+0000] {dag.py:3954} INFO - Setting next_dagrun for example_complex to None, run_after=None
[2025-11-12T19:29:40.308+0000] {processor.py:183} INFO - Processing /home/airflow/.local/lib/python3.12/site-packages/airflow/example_dags/example_complex.py took 0.304 seconds
[2025-11-12T19:30:11.232+0000] {processor.py:161} INFO - Started process (PID=1644) to work on /home/airflow/.local/lib/python3.12/site-packages/airflow/example_dags/example_complex.py
[2025-11-12T19:30:11.233+0000] {processor.py:830} INFO - Processing file /home/airflow/.local/lib/python3.12/site-packages/airflow/example_dags/example_complex.py for tasks to queue
[2025-11-12T19:30:11.236+0000] {logging_mixin.py:188} INFO - [2025-11-12T19:30:11.235+0000] {dagbag.py:545} INFO - Filling up the DagBag from /home/airflow/.local/lib/python3.12/site-packages/airflow/example_dags/example_complex.py
[2025-11-12T19:30:11.245+0000] {processor.py:840} INFO - DAG(s) 'example_complex' retrieved from /home/airflow/.local/lib/python3.12/site-packages/airflow/example_dags/example_complex.py
[2025-11-12T19:30:11.276+0000] {logging_mixin.py:188} INFO - [2025-11-12T19:30:11.276+0000] {dag.py:3096} INFO - Sync 1 DAGs
[2025-11-12T19:30:11.287+0000] {logging_mixin.py:188} INFO - [2025-11-12T19:30:11.287+0000] {dag.py:3954} INFO - Setting next_dagrun for example_complex to None, run_after=None
[2025-11-12T19:30:11.314+0000] {processor.py:183} INFO - Processing /home/airflow/.local/lib/python3.12/site-packages/airflow/example_dags/example_complex.py took 0.088 seconds
[2025-11-12T19:30:41.532+0000] {processor.py:161} INFO - Started process (PID=1704) to work on /home/airflow/.local/lib/python3.12/site-packages/airflow/example_dags/example_complex.py
[2025-11-12T19:30:41.533+0000] {processor.py:830} INFO - Processing file /home/airflow/.local/lib/python3.12/site-packages/airflow/example_dags/example_complex.py for tasks to queue
[2025-11-12T19:30:41.536+0000] {logging_mixin.py:188} INFO - [2025-11-12T19:30:41.535+0000] {dagbag.py:545} INFO - Filling up the DagBag from /home/airflow/.local/lib/python3.12/site-packages/airflow/example_dags/example_complex.py
[2025-11-12T19:30:41.543+0000] {processor.py:840} INFO - DAG(s) 'example_complex' retrieved from /home/airflow/.local/lib/python3.12/site-packages/airflow/example_dags/example_complex.py
[2025-11-12T19:30:41.573+0000] {logging_mixin.py:188} INFO - [2025-11-12T19:30:41.573+0000] {dag.py:3096} INFO - Sync 1 DAGs
[2025-11-12T19:30:41.585+0000] {logging_mixin.py:188} INFO - [2025-11-12T19:30:41.584+0000] {dag.py:3954} INFO - Setting next_dagrun for example_complex to None, run_after=None
[2025-11-12T19:30:41.606+0000] {processor.py:183} INFO - Processing /home/airflow/.local/lib/python3.12/site-packages/airflow/example_dags/example_complex.py took 0.079 seconds
[2025-11-12T19:31:11.992+0000] {processor.py:161} INFO - Started process (PID=1764) to work on /home/airflow/.local/lib/python3.12/site-packages/airflow/example_dags/example_complex.py
[2025-11-12T19:31:11.993+0000] {processor.py:830} INFO - Processing file /home/airflow/.local/lib/python3.12/site-packages/airflow/example_dags/example_complex.py for tasks to queue
[2025-11-12T19:31:11.995+0000] {logging_mixin.py:188} INFO - [2025-11-12T19:31:11.995+0000] {dagbag.py:545} INFO - Filling up the DagBag from /home/airflow/.local/lib/python3.12/site-packages/airflow/example_dags/example_complex.py
[2025-11-12T19:31:12.002+0000] {processor.py:840} INFO - DAG(s) 'example_complex' retrieved from /home/airflow/.local/lib/python3.12/site-packages/airflow/example_dags/example_complex.py
[2025-11-12T19:31:12.031+0000] {logging_mixin.py:188} INFO - [2025-11-12T19:31:12.031+0000] {dag.py:3096} INFO - Sync 1 DAGs
[2025-11-12T19:31:12.043+0000] {logging_mixin.py:188} INFO - [2025-11-12T19:31:12.042+0000] {dag.py:3954} INFO - Setting next_dagrun for example_complex to None, run_after=None
[2025-11-12T19:31:12.064+0000] {processor.py:183} INFO - Processing /home/airflow/.local/lib/python3.12/site-packages/airflow/example_dags/example_complex.py took 0.078 seconds
[2025-11-12T19:31:42.771+0000] {processor.py:161} INFO - Started process (PID=1827) to work on /home/airflow/.local/lib/python3.12/site-packages/airflow/example_dags/example_complex.py
[2025-11-12T19:31:42.772+0000] {processor.py:830} INFO - Processing file /home/airflow/.local/lib/python3.12/site-packages/airflow/example_dags/example_complex.py for tasks to queue
[2025-11-12T19:31:42.773+0000] {logging_mixin.py:188} INFO - [2025-11-12T19:31:42.773+0000] {dagbag.py:545} INFO - Filling up the DagBag from /home/airflow/.local/lib/python3.12/site-packages/airflow/example_dags/example_complex.py
[2025-11-12T19:31:42.782+0000] {processor.py:840} INFO - DAG(s) 'example_complex' retrieved from /home/airflow/.local/lib/python3.12/site-packages/airflow/example_dags/example_complex.py
[2025-11-12T19:31:42.809+0000] {logging_mixin.py:188} INFO - [2025-11-12T19:31:42.808+0000] {dag.py:3096} INFO - Sync 1 DAGs
[2025-11-12T19:31:42.821+0000] {logging_mixin.py:188} INFO - [2025-11-12T19:31:42.821+0000] {dag.py:3954} INFO - Setting next_dagrun for example_complex to None, run_after=None
[2025-11-12T19:31:42.842+0000] {processor.py:183} INFO - Processing /home/airflow/.local/lib/python3.12/site-packages/airflow/example_dags/example_complex.py took 0.076 seconds
