[2025-11-12T19:06:10.218+0000] {processor.py:161} INFO - Started process (PID=83) to work on /home/airflow/.local/lib/python3.12/site-packages/airflow/example_dags/example_task_group_decorator.py
[2025-11-12T19:06:10.220+0000] {processor.py:830} INFO - Processing file /home/airflow/.local/lib/python3.12/site-packages/airflow/example_dags/example_task_group_decorator.py for tasks to queue
[2025-11-12T19:06:10.223+0000] {logging_mixin.py:188} INFO - [2025-11-12T19:06:10.222+0000] {dagbag.py:545} INFO - Filling up the DagBag from /home/airflow/.local/lib/python3.12/site-packages/airflow/example_dags/example_task_group_decorator.py
[2025-11-12T19:06:10.245+0000] {processor.py:840} INFO - DAG(s) 'example_task_group_decorator' retrieved from /home/airflow/.local/lib/python3.12/site-packages/airflow/example_dags/example_task_group_decorator.py
[2025-11-12T19:06:10.349+0000] {logging_mixin.py:188} INFO - [2025-11-12T19:06:10.348+0000] {dag.py:3096} INFO - Sync 1 DAGs
[2025-11-12T19:06:10.371+0000] {logging_mixin.py:188} INFO - [2025-11-12T19:06:10.371+0000] {dag.py:3954} INFO - Setting next_dagrun for example_task_group_decorator to 2025-11-11 00:00:00+00:00, run_after=2025-11-12 00:00:00+00:00
[2025-11-12T19:06:10.395+0000] {processor.py:183} INFO - Processing /home/airflow/.local/lib/python3.12/site-packages/airflow/example_dags/example_task_group_decorator.py took 0.184 seconds
[2025-11-12T19:06:40.560+0000] {processor.py:161} INFO - Started process (PID=143) to work on /home/airflow/.local/lib/python3.12/site-packages/airflow/example_dags/example_task_group_decorator.py
[2025-11-12T19:06:40.562+0000] {processor.py:830} INFO - Processing file /home/airflow/.local/lib/python3.12/site-packages/airflow/example_dags/example_task_group_decorator.py for tasks to queue
[2025-11-12T19:06:40.564+0000] {logging_mixin.py:188} INFO - [2025-11-12T19:06:40.564+0000] {dagbag.py:545} INFO - Filling up the DagBag from /home/airflow/.local/lib/python3.12/site-packages/airflow/example_dags/example_task_group_decorator.py
[2025-11-12T19:06:40.580+0000] {processor.py:840} INFO - DAG(s) 'example_task_group_decorator' retrieved from /home/airflow/.local/lib/python3.12/site-packages/airflow/example_dags/example_task_group_decorator.py
[2025-11-12T19:06:40.609+0000] {logging_mixin.py:188} INFO - [2025-11-12T19:06:40.608+0000] {dag.py:3096} INFO - Sync 1 DAGs
[2025-11-12T19:06:40.629+0000] {logging_mixin.py:188} INFO - [2025-11-12T19:06:40.629+0000] {dag.py:3954} INFO - Setting next_dagrun for example_task_group_decorator to 2025-11-11 00:00:00+00:00, run_after=2025-11-12 00:00:00+00:00
[2025-11-12T19:06:40.657+0000] {processor.py:183} INFO - Processing /home/airflow/.local/lib/python3.12/site-packages/airflow/example_dags/example_task_group_decorator.py took 0.102 seconds
[2025-11-12T19:07:10.941+0000] {processor.py:161} INFO - Started process (PID=202) to work on /home/airflow/.local/lib/python3.12/site-packages/airflow/example_dags/example_task_group_decorator.py
[2025-11-12T19:07:10.942+0000] {processor.py:830} INFO - Processing file /home/airflow/.local/lib/python3.12/site-packages/airflow/example_dags/example_task_group_decorator.py for tasks to queue
[2025-11-12T19:07:10.944+0000] {logging_mixin.py:188} INFO - [2025-11-12T19:07:10.944+0000] {dagbag.py:545} INFO - Filling up the DagBag from /home/airflow/.local/lib/python3.12/site-packages/airflow/example_dags/example_task_group_decorator.py
[2025-11-12T19:07:10.955+0000] {processor.py:840} INFO - DAG(s) 'example_task_group_decorator' retrieved from /home/airflow/.local/lib/python3.12/site-packages/airflow/example_dags/example_task_group_decorator.py
[2025-11-12T19:07:10.980+0000] {logging_mixin.py:188} INFO - [2025-11-12T19:07:10.979+0000] {dag.py:3096} INFO - Sync 1 DAGs
[2025-11-12T19:07:10.996+0000] {logging_mixin.py:188} INFO - [2025-11-12T19:07:10.996+0000] {dag.py:3954} INFO - Setting next_dagrun for example_task_group_decorator to 2025-11-11 00:00:00+00:00, run_after=2025-11-12 00:00:00+00:00
[2025-11-12T19:07:11.021+0000] {processor.py:183} INFO - Processing /home/airflow/.local/lib/python3.12/site-packages/airflow/example_dags/example_task_group_decorator.py took 0.084 seconds
[2025-11-12T19:07:42.032+0000] {processor.py:161} INFO - Started process (PID=263) to work on /home/airflow/.local/lib/python3.12/site-packages/airflow/example_dags/example_task_group_decorator.py
[2025-11-12T19:07:42.033+0000] {processor.py:830} INFO - Processing file /home/airflow/.local/lib/python3.12/site-packages/airflow/example_dags/example_task_group_decorator.py for tasks to queue
[2025-11-12T19:07:42.035+0000] {logging_mixin.py:188} INFO - [2025-11-12T19:07:42.034+0000] {dagbag.py:545} INFO - Filling up the DagBag from /home/airflow/.local/lib/python3.12/site-packages/airflow/example_dags/example_task_group_decorator.py
[2025-11-12T19:07:42.046+0000] {processor.py:840} INFO - DAG(s) 'example_task_group_decorator' retrieved from /home/airflow/.local/lib/python3.12/site-packages/airflow/example_dags/example_task_group_decorator.py
[2025-11-12T19:07:42.075+0000] {logging_mixin.py:188} INFO - [2025-11-12T19:07:42.075+0000] {dag.py:3096} INFO - Sync 1 DAGs
[2025-11-12T19:07:42.098+0000] {logging_mixin.py:188} INFO - [2025-11-12T19:07:42.098+0000] {dag.py:3954} INFO - Setting next_dagrun for example_task_group_decorator to 2025-11-11 00:00:00+00:00, run_after=2025-11-12 00:00:00+00:00
[2025-11-12T19:07:42.122+0000] {processor.py:183} INFO - Processing /home/airflow/.local/lib/python3.12/site-packages/airflow/example_dags/example_task_group_decorator.py took 0.095 seconds
[2025-11-12T19:08:12.541+0000] {processor.py:161} INFO - Started process (PID=323) to work on /home/airflow/.local/lib/python3.12/site-packages/airflow/example_dags/example_task_group_decorator.py
[2025-11-12T19:08:12.542+0000] {processor.py:830} INFO - Processing file /home/airflow/.local/lib/python3.12/site-packages/airflow/example_dags/example_task_group_decorator.py for tasks to queue
[2025-11-12T19:08:12.543+0000] {logging_mixin.py:188} INFO - [2025-11-12T19:08:12.542+0000] {dagbag.py:545} INFO - Filling up the DagBag from /home/airflow/.local/lib/python3.12/site-packages/airflow/example_dags/example_task_group_decorator.py
[2025-11-12T19:08:12.562+0000] {processor.py:840} INFO - DAG(s) 'example_task_group_decorator' retrieved from /home/airflow/.local/lib/python3.12/site-packages/airflow/example_dags/example_task_group_decorator.py
[2025-11-12T19:08:12.602+0000] {logging_mixin.py:188} INFO - [2025-11-12T19:08:12.601+0000] {dag.py:3096} INFO - Sync 1 DAGs
[2025-11-12T19:08:12.652+0000] {logging_mixin.py:188} INFO - [2025-11-12T19:08:12.652+0000] {dag.py:3954} INFO - Setting next_dagrun for example_task_group_decorator to 2025-11-11 00:00:00+00:00, run_after=2025-11-12 00:00:00+00:00
[2025-11-12T19:08:12.686+0000] {processor.py:183} INFO - Processing /home/airflow/.local/lib/python3.12/site-packages/airflow/example_dags/example_task_group_decorator.py took 0.150 seconds
[2025-11-12T19:08:43.228+0000] {processor.py:161} INFO - Started process (PID=382) to work on /home/airflow/.local/lib/python3.12/site-packages/airflow/example_dags/example_task_group_decorator.py
[2025-11-12T19:08:43.229+0000] {processor.py:830} INFO - Processing file /home/airflow/.local/lib/python3.12/site-packages/airflow/example_dags/example_task_group_decorator.py for tasks to queue
[2025-11-12T19:08:43.230+0000] {logging_mixin.py:188} INFO - [2025-11-12T19:08:43.230+0000] {dagbag.py:545} INFO - Filling up the DagBag from /home/airflow/.local/lib/python3.12/site-packages/airflow/example_dags/example_task_group_decorator.py
[2025-11-12T19:08:43.243+0000] {processor.py:840} INFO - DAG(s) 'example_task_group_decorator' retrieved from /home/airflow/.local/lib/python3.12/site-packages/airflow/example_dags/example_task_group_decorator.py
[2025-11-12T19:08:43.268+0000] {logging_mixin.py:188} INFO - [2025-11-12T19:08:43.268+0000] {dag.py:3096} INFO - Sync 1 DAGs
[2025-11-12T19:08:43.288+0000] {logging_mixin.py:188} INFO - [2025-11-12T19:08:43.288+0000] {dag.py:3954} INFO - Setting next_dagrun for example_task_group_decorator to 2025-11-11 00:00:00+00:00, run_after=2025-11-12 00:00:00+00:00
[2025-11-12T19:08:43.309+0000] {processor.py:183} INFO - Processing /home/airflow/.local/lib/python3.12/site-packages/airflow/example_dags/example_task_group_decorator.py took 0.088 seconds
[2025-11-12T19:09:13.754+0000] {processor.py:161} INFO - Started process (PID=444) to work on /home/airflow/.local/lib/python3.12/site-packages/airflow/example_dags/example_task_group_decorator.py
[2025-11-12T19:09:13.755+0000] {processor.py:830} INFO - Processing file /home/airflow/.local/lib/python3.12/site-packages/airflow/example_dags/example_task_group_decorator.py for tasks to queue
[2025-11-12T19:09:13.756+0000] {logging_mixin.py:188} INFO - [2025-11-12T19:09:13.756+0000] {dagbag.py:545} INFO - Filling up the DagBag from /home/airflow/.local/lib/python3.12/site-packages/airflow/example_dags/example_task_group_decorator.py
[2025-11-12T19:09:13.773+0000] {processor.py:840} INFO - DAG(s) 'example_task_group_decorator' retrieved from /home/airflow/.local/lib/python3.12/site-packages/airflow/example_dags/example_task_group_decorator.py
[2025-11-12T19:09:13.799+0000] {logging_mixin.py:188} INFO - [2025-11-12T19:09:13.799+0000] {dag.py:3096} INFO - Sync 1 DAGs
[2025-11-12T19:09:13.821+0000] {logging_mixin.py:188} INFO - [2025-11-12T19:09:13.820+0000] {dag.py:3954} INFO - Setting next_dagrun for example_task_group_decorator to 2025-11-11 00:00:00+00:00, run_after=2025-11-12 00:00:00+00:00
[2025-11-12T19:09:13.868+0000] {processor.py:183} INFO - Processing /home/airflow/.local/lib/python3.12/site-packages/airflow/example_dags/example_task_group_decorator.py took 0.121 seconds
[2025-11-12T19:09:44.142+0000] {processor.py:161} INFO - Started process (PID=505) to work on /home/airflow/.local/lib/python3.12/site-packages/airflow/example_dags/example_task_group_decorator.py
[2025-11-12T19:09:44.143+0000] {processor.py:830} INFO - Processing file /home/airflow/.local/lib/python3.12/site-packages/airflow/example_dags/example_task_group_decorator.py for tasks to queue
[2025-11-12T19:09:44.144+0000] {logging_mixin.py:188} INFO - [2025-11-12T19:09:44.144+0000] {dagbag.py:545} INFO - Filling up the DagBag from /home/airflow/.local/lib/python3.12/site-packages/airflow/example_dags/example_task_group_decorator.py
[2025-11-12T19:09:44.156+0000] {processor.py:840} INFO - DAG(s) 'example_task_group_decorator' retrieved from /home/airflow/.local/lib/python3.12/site-packages/airflow/example_dags/example_task_group_decorator.py
[2025-11-12T19:09:44.187+0000] {logging_mixin.py:188} INFO - [2025-11-12T19:09:44.186+0000] {dag.py:3096} INFO - Sync 1 DAGs
[2025-11-12T19:09:44.216+0000] {logging_mixin.py:188} INFO - [2025-11-12T19:09:44.216+0000] {dag.py:3954} INFO - Setting next_dagrun for example_task_group_decorator to 2025-11-11 00:00:00+00:00, run_after=2025-11-12 00:00:00+00:00
[2025-11-12T19:09:44.249+0000] {processor.py:183} INFO - Processing /home/airflow/.local/lib/python3.12/site-packages/airflow/example_dags/example_task_group_decorator.py took 0.112 seconds
[2025-11-12T19:10:15.027+0000] {processor.py:161} INFO - Started process (PID=566) to work on /home/airflow/.local/lib/python3.12/site-packages/airflow/example_dags/example_task_group_decorator.py
[2025-11-12T19:10:15.028+0000] {processor.py:830} INFO - Processing file /home/airflow/.local/lib/python3.12/site-packages/airflow/example_dags/example_task_group_decorator.py for tasks to queue
[2025-11-12T19:10:15.029+0000] {logging_mixin.py:188} INFO - [2025-11-12T19:10:15.029+0000] {dagbag.py:545} INFO - Filling up the DagBag from /home/airflow/.local/lib/python3.12/site-packages/airflow/example_dags/example_task_group_decorator.py
[2025-11-12T19:10:15.042+0000] {processor.py:840} INFO - DAG(s) 'example_task_group_decorator' retrieved from /home/airflow/.local/lib/python3.12/site-packages/airflow/example_dags/example_task_group_decorator.py
[2025-11-12T19:10:15.066+0000] {logging_mixin.py:188} INFO - [2025-11-12T19:10:15.066+0000] {dag.py:3096} INFO - Sync 1 DAGs
[2025-11-12T19:10:15.087+0000] {logging_mixin.py:188} INFO - [2025-11-12T19:10:15.087+0000] {dag.py:3954} INFO - Setting next_dagrun for example_task_group_decorator to 2025-11-11 00:00:00+00:00, run_after=2025-11-12 00:00:00+00:00
[2025-11-12T19:10:15.112+0000] {processor.py:183} INFO - Processing /home/airflow/.local/lib/python3.12/site-packages/airflow/example_dags/example_task_group_decorator.py took 0.091 seconds
[2025-11-12T19:10:45.279+0000] {processor.py:161} INFO - Started process (PID=626) to work on /home/airflow/.local/lib/python3.12/site-packages/airflow/example_dags/example_task_group_decorator.py
[2025-11-12T19:10:45.280+0000] {processor.py:830} INFO - Processing file /home/airflow/.local/lib/python3.12/site-packages/airflow/example_dags/example_task_group_decorator.py for tasks to queue
[2025-11-12T19:10:45.281+0000] {logging_mixin.py:188} INFO - [2025-11-12T19:10:45.281+0000] {dagbag.py:545} INFO - Filling up the DagBag from /home/airflow/.local/lib/python3.12/site-packages/airflow/example_dags/example_task_group_decorator.py
[2025-11-12T19:10:45.293+0000] {processor.py:840} INFO - DAG(s) 'example_task_group_decorator' retrieved from /home/airflow/.local/lib/python3.12/site-packages/airflow/example_dags/example_task_group_decorator.py
[2025-11-12T19:10:45.324+0000] {logging_mixin.py:188} INFO - [2025-11-12T19:10:45.323+0000] {dag.py:3096} INFO - Sync 1 DAGs
[2025-11-12T19:10:45.350+0000] {logging_mixin.py:188} INFO - [2025-11-12T19:10:45.349+0000] {dag.py:3954} INFO - Setting next_dagrun for example_task_group_decorator to 2025-11-11 00:00:00+00:00, run_after=2025-11-12 00:00:00+00:00
[2025-11-12T19:10:45.369+0000] {processor.py:183} INFO - Processing /home/airflow/.local/lib/python3.12/site-packages/airflow/example_dags/example_task_group_decorator.py took 0.096 seconds
[2025-11-12T19:11:15.514+0000] {processor.py:161} INFO - Started process (PID=686) to work on /home/airflow/.local/lib/python3.12/site-packages/airflow/example_dags/example_task_group_decorator.py
[2025-11-12T19:11:15.515+0000] {processor.py:830} INFO - Processing file /home/airflow/.local/lib/python3.12/site-packages/airflow/example_dags/example_task_group_decorator.py for tasks to queue
[2025-11-12T19:11:15.516+0000] {logging_mixin.py:188} INFO - [2025-11-12T19:11:15.516+0000] {dagbag.py:545} INFO - Filling up the DagBag from /home/airflow/.local/lib/python3.12/site-packages/airflow/example_dags/example_task_group_decorator.py
[2025-11-12T19:11:15.529+0000] {processor.py:840} INFO - DAG(s) 'example_task_group_decorator' retrieved from /home/airflow/.local/lib/python3.12/site-packages/airflow/example_dags/example_task_group_decorator.py
[2025-11-12T19:11:15.558+0000] {logging_mixin.py:188} INFO - [2025-11-12T19:11:15.558+0000] {dag.py:3096} INFO - Sync 1 DAGs
[2025-11-12T19:11:15.579+0000] {logging_mixin.py:188} INFO - [2025-11-12T19:11:15.579+0000] {dag.py:3954} INFO - Setting next_dagrun for example_task_group_decorator to 2025-11-11 00:00:00+00:00, run_after=2025-11-12 00:00:00+00:00
[2025-11-12T19:11:15.602+0000] {processor.py:183} INFO - Processing /home/airflow/.local/lib/python3.12/site-packages/airflow/example_dags/example_task_group_decorator.py took 0.093 seconds
[2025-11-12T19:11:45.824+0000] {processor.py:161} INFO - Started process (PID=746) to work on /home/airflow/.local/lib/python3.12/site-packages/airflow/example_dags/example_task_group_decorator.py
[2025-11-12T19:11:45.825+0000] {processor.py:830} INFO - Processing file /home/airflow/.local/lib/python3.12/site-packages/airflow/example_dags/example_task_group_decorator.py for tasks to queue
[2025-11-12T19:11:45.826+0000] {logging_mixin.py:188} INFO - [2025-11-12T19:11:45.825+0000] {dagbag.py:545} INFO - Filling up the DagBag from /home/airflow/.local/lib/python3.12/site-packages/airflow/example_dags/example_task_group_decorator.py
[2025-11-12T19:11:45.838+0000] {processor.py:840} INFO - DAG(s) 'example_task_group_decorator' retrieved from /home/airflow/.local/lib/python3.12/site-packages/airflow/example_dags/example_task_group_decorator.py
[2025-11-12T19:11:45.865+0000] {logging_mixin.py:188} INFO - [2025-11-12T19:11:45.865+0000] {dag.py:3096} INFO - Sync 1 DAGs
[2025-11-12T19:11:45.884+0000] {logging_mixin.py:188} INFO - [2025-11-12T19:11:45.884+0000] {dag.py:3954} INFO - Setting next_dagrun for example_task_group_decorator to 2025-11-11 00:00:00+00:00, run_after=2025-11-12 00:00:00+00:00
[2025-11-12T19:11:45.909+0000] {processor.py:183} INFO - Processing /home/airflow/.local/lib/python3.12/site-packages/airflow/example_dags/example_task_group_decorator.py took 0.090 seconds
[2025-11-12T19:12:16.046+0000] {processor.py:161} INFO - Started process (PID=806) to work on /home/airflow/.local/lib/python3.12/site-packages/airflow/example_dags/example_task_group_decorator.py
[2025-11-12T19:12:16.047+0000] {processor.py:830} INFO - Processing file /home/airflow/.local/lib/python3.12/site-packages/airflow/example_dags/example_task_group_decorator.py for tasks to queue
[2025-11-12T19:12:16.048+0000] {logging_mixin.py:188} INFO - [2025-11-12T19:12:16.048+0000] {dagbag.py:545} INFO - Filling up the DagBag from /home/airflow/.local/lib/python3.12/site-packages/airflow/example_dags/example_task_group_decorator.py
[2025-11-12T19:12:16.060+0000] {processor.py:840} INFO - DAG(s) 'example_task_group_decorator' retrieved from /home/airflow/.local/lib/python3.12/site-packages/airflow/example_dags/example_task_group_decorator.py
[2025-11-12T19:12:16.083+0000] {logging_mixin.py:188} INFO - [2025-11-12T19:12:16.083+0000] {dag.py:3096} INFO - Sync 1 DAGs
[2025-11-12T19:12:16.099+0000] {logging_mixin.py:188} INFO - [2025-11-12T19:12:16.099+0000] {dag.py:3954} INFO - Setting next_dagrun for example_task_group_decorator to 2025-11-11 00:00:00+00:00, run_after=2025-11-12 00:00:00+00:00
[2025-11-12T19:12:16.120+0000] {processor.py:183} INFO - Processing /home/airflow/.local/lib/python3.12/site-packages/airflow/example_dags/example_task_group_decorator.py took 0.079 seconds
[2025-11-12T19:12:46.496+0000] {processor.py:161} INFO - Started process (PID=866) to work on /home/airflow/.local/lib/python3.12/site-packages/airflow/example_dags/example_task_group_decorator.py
[2025-11-12T19:12:46.497+0000] {processor.py:830} INFO - Processing file /home/airflow/.local/lib/python3.12/site-packages/airflow/example_dags/example_task_group_decorator.py for tasks to queue
[2025-11-12T19:12:46.498+0000] {logging_mixin.py:188} INFO - [2025-11-12T19:12:46.498+0000] {dagbag.py:545} INFO - Filling up the DagBag from /home/airflow/.local/lib/python3.12/site-packages/airflow/example_dags/example_task_group_decorator.py
[2025-11-12T19:12:46.513+0000] {processor.py:840} INFO - DAG(s) 'example_task_group_decorator' retrieved from /home/airflow/.local/lib/python3.12/site-packages/airflow/example_dags/example_task_group_decorator.py
[2025-11-12T19:12:46.538+0000] {logging_mixin.py:188} INFO - [2025-11-12T19:12:46.537+0000] {dag.py:3096} INFO - Sync 1 DAGs
[2025-11-12T19:12:46.558+0000] {logging_mixin.py:188} INFO - [2025-11-12T19:12:46.558+0000] {dag.py:3954} INFO - Setting next_dagrun for example_task_group_decorator to 2025-11-11 00:00:00+00:00, run_after=2025-11-12 00:00:00+00:00
[2025-11-12T19:12:46.589+0000] {processor.py:183} INFO - Processing /home/airflow/.local/lib/python3.12/site-packages/airflow/example_dags/example_task_group_decorator.py took 0.099 seconds
[2025-11-12T19:13:16.988+0000] {processor.py:161} INFO - Started process (PID=926) to work on /home/airflow/.local/lib/python3.12/site-packages/airflow/example_dags/example_task_group_decorator.py
[2025-11-12T19:13:16.990+0000] {processor.py:830} INFO - Processing file /home/airflow/.local/lib/python3.12/site-packages/airflow/example_dags/example_task_group_decorator.py for tasks to queue
[2025-11-12T19:13:16.991+0000] {logging_mixin.py:188} INFO - [2025-11-12T19:13:16.991+0000] {dagbag.py:545} INFO - Filling up the DagBag from /home/airflow/.local/lib/python3.12/site-packages/airflow/example_dags/example_task_group_decorator.py
[2025-11-12T19:13:17.010+0000] {processor.py:840} INFO - DAG(s) 'example_task_group_decorator' retrieved from /home/airflow/.local/lib/python3.12/site-packages/airflow/example_dags/example_task_group_decorator.py
[2025-11-12T19:13:17.036+0000] {logging_mixin.py:188} INFO - [2025-11-12T19:13:17.036+0000] {dag.py:3096} INFO - Sync 1 DAGs
[2025-11-12T19:13:17.063+0000] {logging_mixin.py:188} INFO - [2025-11-12T19:13:17.062+0000] {dag.py:3954} INFO - Setting next_dagrun for example_task_group_decorator to 2025-11-11 00:00:00+00:00, run_after=2025-11-12 00:00:00+00:00
[2025-11-12T19:13:17.096+0000] {processor.py:183} INFO - Processing /home/airflow/.local/lib/python3.12/site-packages/airflow/example_dags/example_task_group_decorator.py took 0.115 seconds
[2025-11-12T19:13:47.248+0000] {processor.py:161} INFO - Started process (PID=987) to work on /home/airflow/.local/lib/python3.12/site-packages/airflow/example_dags/example_task_group_decorator.py
[2025-11-12T19:13:47.250+0000] {processor.py:830} INFO - Processing file /home/airflow/.local/lib/python3.12/site-packages/airflow/example_dags/example_task_group_decorator.py for tasks to queue
[2025-11-12T19:13:47.251+0000] {logging_mixin.py:188} INFO - [2025-11-12T19:13:47.251+0000] {dagbag.py:545} INFO - Filling up the DagBag from /home/airflow/.local/lib/python3.12/site-packages/airflow/example_dags/example_task_group_decorator.py
[2025-11-12T19:13:47.265+0000] {processor.py:840} INFO - DAG(s) 'example_task_group_decorator' retrieved from /home/airflow/.local/lib/python3.12/site-packages/airflow/example_dags/example_task_group_decorator.py
[2025-11-12T19:13:47.312+0000] {logging_mixin.py:188} INFO - [2025-11-12T19:13:47.311+0000] {dag.py:3096} INFO - Sync 1 DAGs
[2025-11-12T19:13:47.342+0000] {logging_mixin.py:188} INFO - [2025-11-12T19:13:47.342+0000] {dag.py:3954} INFO - Setting next_dagrun for example_task_group_decorator to 2025-11-11 00:00:00+00:00, run_after=2025-11-12 00:00:00+00:00
[2025-11-12T19:13:47.377+0000] {processor.py:183} INFO - Processing /home/airflow/.local/lib/python3.12/site-packages/airflow/example_dags/example_task_group_decorator.py took 0.135 seconds
[2025-11-12T19:14:17.732+0000] {processor.py:161} INFO - Started process (PID=1047) to work on /home/airflow/.local/lib/python3.12/site-packages/airflow/example_dags/example_task_group_decorator.py
[2025-11-12T19:14:17.737+0000] {processor.py:830} INFO - Processing file /home/airflow/.local/lib/python3.12/site-packages/airflow/example_dags/example_task_group_decorator.py for tasks to queue
[2025-11-12T19:14:17.738+0000] {logging_mixin.py:188} INFO - [2025-11-12T19:14:17.738+0000] {dagbag.py:545} INFO - Filling up the DagBag from /home/airflow/.local/lib/python3.12/site-packages/airflow/example_dags/example_task_group_decorator.py
[2025-11-12T19:14:17.750+0000] {processor.py:840} INFO - DAG(s) 'example_task_group_decorator' retrieved from /home/airflow/.local/lib/python3.12/site-packages/airflow/example_dags/example_task_group_decorator.py
[2025-11-12T19:14:17.775+0000] {logging_mixin.py:188} INFO - [2025-11-12T19:14:17.775+0000] {dag.py:3096} INFO - Sync 1 DAGs
[2025-11-12T19:14:17.794+0000] {logging_mixin.py:188} INFO - [2025-11-12T19:14:17.794+0000] {dag.py:3954} INFO - Setting next_dagrun for example_task_group_decorator to 2025-11-11 00:00:00+00:00, run_after=2025-11-12 00:00:00+00:00
[2025-11-12T19:14:17.815+0000] {processor.py:183} INFO - Processing /home/airflow/.local/lib/python3.12/site-packages/airflow/example_dags/example_task_group_decorator.py took 0.090 seconds
[2025-11-12T19:14:48.465+0000] {processor.py:161} INFO - Started process (PID=1107) to work on /home/airflow/.local/lib/python3.12/site-packages/airflow/example_dags/example_task_group_decorator.py
[2025-11-12T19:14:48.467+0000] {processor.py:830} INFO - Processing file /home/airflow/.local/lib/python3.12/site-packages/airflow/example_dags/example_task_group_decorator.py for tasks to queue
[2025-11-12T19:14:48.468+0000] {logging_mixin.py:188} INFO - [2025-11-12T19:14:48.468+0000] {dagbag.py:545} INFO - Filling up the DagBag from /home/airflow/.local/lib/python3.12/site-packages/airflow/example_dags/example_task_group_decorator.py
[2025-11-12T19:14:48.484+0000] {processor.py:840} INFO - DAG(s) 'example_task_group_decorator' retrieved from /home/airflow/.local/lib/python3.12/site-packages/airflow/example_dags/example_task_group_decorator.py
[2025-11-12T19:14:48.512+0000] {logging_mixin.py:188} INFO - [2025-11-12T19:14:48.511+0000] {dag.py:3096} INFO - Sync 1 DAGs
[2025-11-12T19:14:48.533+0000] {logging_mixin.py:188} INFO - [2025-11-12T19:14:48.532+0000] {dag.py:3954} INFO - Setting next_dagrun for example_task_group_decorator to 2025-11-11 00:00:00+00:00, run_after=2025-11-12 00:00:00+00:00
[2025-11-12T19:14:48.554+0000] {processor.py:183} INFO - Processing /home/airflow/.local/lib/python3.12/site-packages/airflow/example_dags/example_task_group_decorator.py took 0.094 seconds
[2025-11-12T19:15:19.596+0000] {processor.py:161} INFO - Started process (PID=1167) to work on /home/airflow/.local/lib/python3.12/site-packages/airflow/example_dags/example_task_group_decorator.py
[2025-11-12T19:15:19.597+0000] {processor.py:830} INFO - Processing file /home/airflow/.local/lib/python3.12/site-packages/airflow/example_dags/example_task_group_decorator.py for tasks to queue
[2025-11-12T19:15:19.598+0000] {logging_mixin.py:188} INFO - [2025-11-12T19:15:19.598+0000] {dagbag.py:545} INFO - Filling up the DagBag from /home/airflow/.local/lib/python3.12/site-packages/airflow/example_dags/example_task_group_decorator.py
[2025-11-12T19:15:19.611+0000] {processor.py:840} INFO - DAG(s) 'example_task_group_decorator' retrieved from /home/airflow/.local/lib/python3.12/site-packages/airflow/example_dags/example_task_group_decorator.py
[2025-11-12T19:15:19.635+0000] {logging_mixin.py:188} INFO - [2025-11-12T19:15:19.635+0000] {dag.py:3096} INFO - Sync 1 DAGs
[2025-11-12T19:15:19.656+0000] {logging_mixin.py:188} INFO - [2025-11-12T19:15:19.656+0000] {dag.py:3954} INFO - Setting next_dagrun for example_task_group_decorator to 2025-11-11 00:00:00+00:00, run_after=2025-11-12 00:00:00+00:00
[2025-11-12T19:15:19.680+0000] {processor.py:183} INFO - Processing /home/airflow/.local/lib/python3.12/site-packages/airflow/example_dags/example_task_group_decorator.py took 0.090 seconds
[2025-11-12T19:15:50.035+0000] {processor.py:161} INFO - Started process (PID=1227) to work on /home/airflow/.local/lib/python3.12/site-packages/airflow/example_dags/example_task_group_decorator.py
[2025-11-12T19:15:50.036+0000] {processor.py:830} INFO - Processing file /home/airflow/.local/lib/python3.12/site-packages/airflow/example_dags/example_task_group_decorator.py for tasks to queue
[2025-11-12T19:15:50.037+0000] {logging_mixin.py:188} INFO - [2025-11-12T19:15:50.037+0000] {dagbag.py:545} INFO - Filling up the DagBag from /home/airflow/.local/lib/python3.12/site-packages/airflow/example_dags/example_task_group_decorator.py
[2025-11-12T19:15:50.049+0000] {processor.py:840} INFO - DAG(s) 'example_task_group_decorator' retrieved from /home/airflow/.local/lib/python3.12/site-packages/airflow/example_dags/example_task_group_decorator.py
[2025-11-12T19:15:50.072+0000] {logging_mixin.py:188} INFO - [2025-11-12T19:15:50.071+0000] {dag.py:3096} INFO - Sync 1 DAGs
[2025-11-12T19:15:50.094+0000] {logging_mixin.py:188} INFO - [2025-11-12T19:15:50.094+0000] {dag.py:3954} INFO - Setting next_dagrun for example_task_group_decorator to 2025-11-11 00:00:00+00:00, run_after=2025-11-12 00:00:00+00:00
[2025-11-12T19:15:50.118+0000] {processor.py:183} INFO - Processing /home/airflow/.local/lib/python3.12/site-packages/airflow/example_dags/example_task_group_decorator.py took 0.088 seconds
[2025-11-12T19:16:56.527+0000] {processor.py:161} INFO - Started process (PID=84) to work on /home/airflow/.local/lib/python3.12/site-packages/airflow/example_dags/example_task_group_decorator.py
[2025-11-12T19:16:56.529+0000] {processor.py:830} INFO - Processing file /home/airflow/.local/lib/python3.12/site-packages/airflow/example_dags/example_task_group_decorator.py for tasks to queue
[2025-11-12T19:16:56.532+0000] {logging_mixin.py:188} INFO - [2025-11-12T19:16:56.532+0000] {dagbag.py:545} INFO - Filling up the DagBag from /home/airflow/.local/lib/python3.12/site-packages/airflow/example_dags/example_task_group_decorator.py
[2025-11-12T19:16:56.547+0000] {processor.py:840} INFO - DAG(s) 'example_task_group_decorator' retrieved from /home/airflow/.local/lib/python3.12/site-packages/airflow/example_dags/example_task_group_decorator.py
[2025-11-12T19:16:56.656+0000] {logging_mixin.py:188} INFO - [2025-11-12T19:16:56.656+0000] {dag.py:3096} INFO - Sync 1 DAGs
[2025-11-12T19:16:56.678+0000] {logging_mixin.py:188} INFO - [2025-11-12T19:16:56.678+0000] {dag.py:3954} INFO - Setting next_dagrun for example_task_group_decorator to 2025-11-11 00:00:00+00:00, run_after=2025-11-12 00:00:00+00:00
[2025-11-12T19:16:56.705+0000] {processor.py:183} INFO - Processing /home/airflow/.local/lib/python3.12/site-packages/airflow/example_dags/example_task_group_decorator.py took 0.182 seconds
[2025-11-12T19:17:26.759+0000] {processor.py:161} INFO - Started process (PID=143) to work on /home/airflow/.local/lib/python3.12/site-packages/airflow/example_dags/example_task_group_decorator.py
[2025-11-12T19:17:26.760+0000] {processor.py:830} INFO - Processing file /home/airflow/.local/lib/python3.12/site-packages/airflow/example_dags/example_task_group_decorator.py for tasks to queue
[2025-11-12T19:17:26.762+0000] {logging_mixin.py:188} INFO - [2025-11-12T19:17:26.761+0000] {dagbag.py:545} INFO - Filling up the DagBag from /home/airflow/.local/lib/python3.12/site-packages/airflow/example_dags/example_task_group_decorator.py
[2025-11-12T19:17:26.775+0000] {processor.py:840} INFO - DAG(s) 'example_task_group_decorator' retrieved from /home/airflow/.local/lib/python3.12/site-packages/airflow/example_dags/example_task_group_decorator.py
[2025-11-12T19:17:26.800+0000] {logging_mixin.py:188} INFO - [2025-11-12T19:17:26.799+0000] {dag.py:3096} INFO - Sync 1 DAGs
[2025-11-12T19:17:26.816+0000] {logging_mixin.py:188} INFO - [2025-11-12T19:17:26.816+0000] {dag.py:3954} INFO - Setting next_dagrun for example_task_group_decorator to 2025-11-11 00:00:00+00:00, run_after=2025-11-12 00:00:00+00:00
[2025-11-12T19:17:26.835+0000] {processor.py:183} INFO - Processing /home/airflow/.local/lib/python3.12/site-packages/airflow/example_dags/example_task_group_decorator.py took 0.080 seconds
[2025-11-12T19:17:57.307+0000] {processor.py:161} INFO - Started process (PID=204) to work on /home/airflow/.local/lib/python3.12/site-packages/airflow/example_dags/example_task_group_decorator.py
[2025-11-12T19:17:57.307+0000] {processor.py:830} INFO - Processing file /home/airflow/.local/lib/python3.12/site-packages/airflow/example_dags/example_task_group_decorator.py for tasks to queue
[2025-11-12T19:17:57.309+0000] {logging_mixin.py:188} INFO - [2025-11-12T19:17:57.309+0000] {dagbag.py:545} INFO - Filling up the DagBag from /home/airflow/.local/lib/python3.12/site-packages/airflow/example_dags/example_task_group_decorator.py
[2025-11-12T19:17:57.321+0000] {processor.py:840} INFO - DAG(s) 'example_task_group_decorator' retrieved from /home/airflow/.local/lib/python3.12/site-packages/airflow/example_dags/example_task_group_decorator.py
[2025-11-12T19:17:57.344+0000] {logging_mixin.py:188} INFO - [2025-11-12T19:17:57.343+0000] {dag.py:3096} INFO - Sync 1 DAGs
[2025-11-12T19:17:57.364+0000] {logging_mixin.py:188} INFO - [2025-11-12T19:17:57.364+0000] {dag.py:3954} INFO - Setting next_dagrun for example_task_group_decorator to 2025-11-11 00:00:00+00:00, run_after=2025-11-12 00:00:00+00:00
[2025-11-12T19:17:57.389+0000] {processor.py:183} INFO - Processing /home/airflow/.local/lib/python3.12/site-packages/airflow/example_dags/example_task_group_decorator.py took 0.087 seconds
[2025-11-12T19:18:28.537+0000] {processor.py:161} INFO - Started process (PID=263) to work on /home/airflow/.local/lib/python3.12/site-packages/airflow/example_dags/example_task_group_decorator.py
[2025-11-12T19:18:28.538+0000] {processor.py:830} INFO - Processing file /home/airflow/.local/lib/python3.12/site-packages/airflow/example_dags/example_task_group_decorator.py for tasks to queue
[2025-11-12T19:18:28.540+0000] {logging_mixin.py:188} INFO - [2025-11-12T19:18:28.539+0000] {dagbag.py:545} INFO - Filling up the DagBag from /home/airflow/.local/lib/python3.12/site-packages/airflow/example_dags/example_task_group_decorator.py
[2025-11-12T19:18:28.551+0000] {processor.py:840} INFO - DAG(s) 'example_task_group_decorator' retrieved from /home/airflow/.local/lib/python3.12/site-packages/airflow/example_dags/example_task_group_decorator.py
[2025-11-12T19:18:28.574+0000] {logging_mixin.py:188} INFO - [2025-11-12T19:18:28.574+0000] {dag.py:3096} INFO - Sync 1 DAGs
[2025-11-12T19:18:28.591+0000] {logging_mixin.py:188} INFO - [2025-11-12T19:18:28.591+0000] {dag.py:3954} INFO - Setting next_dagrun for example_task_group_decorator to 2025-11-11 00:00:00+00:00, run_after=2025-11-12 00:00:00+00:00
[2025-11-12T19:18:28.614+0000] {processor.py:183} INFO - Processing /home/airflow/.local/lib/python3.12/site-packages/airflow/example_dags/example_task_group_decorator.py took 0.082 seconds
[2025-11-12T19:18:58.995+0000] {processor.py:161} INFO - Started process (PID=324) to work on /home/airflow/.local/lib/python3.12/site-packages/airflow/example_dags/example_task_group_decorator.py
[2025-11-12T19:18:58.997+0000] {processor.py:830} INFO - Processing file /home/airflow/.local/lib/python3.12/site-packages/airflow/example_dags/example_task_group_decorator.py for tasks to queue
[2025-11-12T19:18:58.999+0000] {logging_mixin.py:188} INFO - [2025-11-12T19:18:58.998+0000] {dagbag.py:545} INFO - Filling up the DagBag from /home/airflow/.local/lib/python3.12/site-packages/airflow/example_dags/example_task_group_decorator.py
[2025-11-12T19:18:59.011+0000] {processor.py:840} INFO - DAG(s) 'example_task_group_decorator' retrieved from /home/airflow/.local/lib/python3.12/site-packages/airflow/example_dags/example_task_group_decorator.py
[2025-11-12T19:18:59.040+0000] {logging_mixin.py:188} INFO - [2025-11-12T19:18:59.039+0000] {dag.py:3096} INFO - Sync 1 DAGs
[2025-11-12T19:18:59.063+0000] {logging_mixin.py:188} INFO - [2025-11-12T19:18:59.063+0000] {dag.py:3954} INFO - Setting next_dagrun for example_task_group_decorator to 2025-11-11 00:00:00+00:00, run_after=2025-11-12 00:00:00+00:00
[2025-11-12T19:18:59.087+0000] {processor.py:183} INFO - Processing /home/airflow/.local/lib/python3.12/site-packages/airflow/example_dags/example_task_group_decorator.py took 0.096 seconds
[2025-11-12T19:19:29.238+0000] {processor.py:161} INFO - Started process (PID=384) to work on /home/airflow/.local/lib/python3.12/site-packages/airflow/example_dags/example_task_group_decorator.py
[2025-11-12T19:19:29.239+0000] {processor.py:830} INFO - Processing file /home/airflow/.local/lib/python3.12/site-packages/airflow/example_dags/example_task_group_decorator.py for tasks to queue
[2025-11-12T19:19:29.241+0000] {logging_mixin.py:188} INFO - [2025-11-12T19:19:29.241+0000] {dagbag.py:545} INFO - Filling up the DagBag from /home/airflow/.local/lib/python3.12/site-packages/airflow/example_dags/example_task_group_decorator.py
[2025-11-12T19:19:29.252+0000] {processor.py:840} INFO - DAG(s) 'example_task_group_decorator' retrieved from /home/airflow/.local/lib/python3.12/site-packages/airflow/example_dags/example_task_group_decorator.py
[2025-11-12T19:19:29.279+0000] {logging_mixin.py:188} INFO - [2025-11-12T19:19:29.278+0000] {dag.py:3096} INFO - Sync 1 DAGs
[2025-11-12T19:19:29.299+0000] {logging_mixin.py:188} INFO - [2025-11-12T19:19:29.298+0000] {dag.py:3954} INFO - Setting next_dagrun for example_task_group_decorator to 2025-11-11 00:00:00+00:00, run_after=2025-11-12 00:00:00+00:00
[2025-11-12T19:19:29.321+0000] {processor.py:183} INFO - Processing /home/airflow/.local/lib/python3.12/site-packages/airflow/example_dags/example_task_group_decorator.py took 0.087 seconds
[2025-11-12T19:19:59.909+0000] {processor.py:161} INFO - Started process (PID=444) to work on /home/airflow/.local/lib/python3.12/site-packages/airflow/example_dags/example_task_group_decorator.py
[2025-11-12T19:19:59.910+0000] {processor.py:830} INFO - Processing file /home/airflow/.local/lib/python3.12/site-packages/airflow/example_dags/example_task_group_decorator.py for tasks to queue
[2025-11-12T19:19:59.913+0000] {logging_mixin.py:188} INFO - [2025-11-12T19:19:59.912+0000] {dagbag.py:545} INFO - Filling up the DagBag from /home/airflow/.local/lib/python3.12/site-packages/airflow/example_dags/example_task_group_decorator.py
[2025-11-12T19:19:59.929+0000] {processor.py:840} INFO - DAG(s) 'example_task_group_decorator' retrieved from /home/airflow/.local/lib/python3.12/site-packages/airflow/example_dags/example_task_group_decorator.py
[2025-11-12T19:19:59.952+0000] {logging_mixin.py:188} INFO - [2025-11-12T19:19:59.951+0000] {dag.py:3096} INFO - Sync 1 DAGs
[2025-11-12T19:19:59.969+0000] {logging_mixin.py:188} INFO - [2025-11-12T19:19:59.969+0000] {dag.py:3954} INFO - Setting next_dagrun for example_task_group_decorator to 2025-11-11 00:00:00+00:00, run_after=2025-11-12 00:00:00+00:00
[2025-11-12T19:19:59.991+0000] {processor.py:183} INFO - Processing /home/airflow/.local/lib/python3.12/site-packages/airflow/example_dags/example_task_group_decorator.py took 0.087 seconds
[2025-11-12T19:20:30.850+0000] {processor.py:161} INFO - Started process (PID=505) to work on /home/airflow/.local/lib/python3.12/site-packages/airflow/example_dags/example_task_group_decorator.py
[2025-11-12T19:20:30.852+0000] {processor.py:830} INFO - Processing file /home/airflow/.local/lib/python3.12/site-packages/airflow/example_dags/example_task_group_decorator.py for tasks to queue
[2025-11-12T19:20:30.854+0000] {logging_mixin.py:188} INFO - [2025-11-12T19:20:30.854+0000] {dagbag.py:545} INFO - Filling up the DagBag from /home/airflow/.local/lib/python3.12/site-packages/airflow/example_dags/example_task_group_decorator.py
[2025-11-12T19:20:30.867+0000] {processor.py:840} INFO - DAG(s) 'example_task_group_decorator' retrieved from /home/airflow/.local/lib/python3.12/site-packages/airflow/example_dags/example_task_group_decorator.py
[2025-11-12T19:20:30.895+0000] {logging_mixin.py:188} INFO - [2025-11-12T19:20:30.895+0000] {dag.py:3096} INFO - Sync 1 DAGs
[2025-11-12T19:20:30.913+0000] {logging_mixin.py:188} INFO - [2025-11-12T19:20:30.913+0000] {dag.py:3954} INFO - Setting next_dagrun for example_task_group_decorator to 2025-11-11 00:00:00+00:00, run_after=2025-11-12 00:00:00+00:00
[2025-11-12T19:20:30.934+0000] {processor.py:183} INFO - Processing /home/airflow/.local/lib/python3.12/site-packages/airflow/example_dags/example_task_group_decorator.py took 0.090 seconds
[2025-11-12T19:21:00.999+0000] {processor.py:161} INFO - Started process (PID=565) to work on /home/airflow/.local/lib/python3.12/site-packages/airflow/example_dags/example_task_group_decorator.py
[2025-11-12T19:21:01.000+0000] {processor.py:830} INFO - Processing file /home/airflow/.local/lib/python3.12/site-packages/airflow/example_dags/example_task_group_decorator.py for tasks to queue
[2025-11-12T19:21:01.002+0000] {logging_mixin.py:188} INFO - [2025-11-12T19:21:01.002+0000] {dagbag.py:545} INFO - Filling up the DagBag from /home/airflow/.local/lib/python3.12/site-packages/airflow/example_dags/example_task_group_decorator.py
[2025-11-12T19:21:01.013+0000] {processor.py:840} INFO - DAG(s) 'example_task_group_decorator' retrieved from /home/airflow/.local/lib/python3.12/site-packages/airflow/example_dags/example_task_group_decorator.py
[2025-11-12T19:21:01.035+0000] {logging_mixin.py:188} INFO - [2025-11-12T19:21:01.035+0000] {dag.py:3096} INFO - Sync 1 DAGs
[2025-11-12T19:21:01.057+0000] {logging_mixin.py:188} INFO - [2025-11-12T19:21:01.057+0000] {dag.py:3954} INFO - Setting next_dagrun for example_task_group_decorator to 2025-11-11 00:00:00+00:00, run_after=2025-11-12 00:00:00+00:00
[2025-11-12T19:21:01.077+0000] {processor.py:183} INFO - Processing /home/airflow/.local/lib/python3.12/site-packages/airflow/example_dags/example_task_group_decorator.py took 0.082 seconds
[2025-11-12T19:21:31.482+0000] {processor.py:161} INFO - Started process (PID=625) to work on /home/airflow/.local/lib/python3.12/site-packages/airflow/example_dags/example_task_group_decorator.py
[2025-11-12T19:21:31.483+0000] {processor.py:830} INFO - Processing file /home/airflow/.local/lib/python3.12/site-packages/airflow/example_dags/example_task_group_decorator.py for tasks to queue
[2025-11-12T19:21:31.484+0000] {logging_mixin.py:188} INFO - [2025-11-12T19:21:31.484+0000] {dagbag.py:545} INFO - Filling up the DagBag from /home/airflow/.local/lib/python3.12/site-packages/airflow/example_dags/example_task_group_decorator.py
[2025-11-12T19:21:31.495+0000] {processor.py:840} INFO - DAG(s) 'example_task_group_decorator' retrieved from /home/airflow/.local/lib/python3.12/site-packages/airflow/example_dags/example_task_group_decorator.py
[2025-11-12T19:21:31.517+0000] {logging_mixin.py:188} INFO - [2025-11-12T19:21:31.517+0000] {dag.py:3096} INFO - Sync 1 DAGs
[2025-11-12T19:21:31.538+0000] {logging_mixin.py:188} INFO - [2025-11-12T19:21:31.538+0000] {dag.py:3954} INFO - Setting next_dagrun for example_task_group_decorator to 2025-11-11 00:00:00+00:00, run_after=2025-11-12 00:00:00+00:00
[2025-11-12T19:21:31.556+0000] {processor.py:183} INFO - Processing /home/airflow/.local/lib/python3.12/site-packages/airflow/example_dags/example_task_group_decorator.py took 0.078 seconds
[2025-11-12T19:22:01.781+0000] {processor.py:161} INFO - Started process (PID=685) to work on /home/airflow/.local/lib/python3.12/site-packages/airflow/example_dags/example_task_group_decorator.py
[2025-11-12T19:22:01.782+0000] {processor.py:830} INFO - Processing file /home/airflow/.local/lib/python3.12/site-packages/airflow/example_dags/example_task_group_decorator.py for tasks to queue
[2025-11-12T19:22:01.784+0000] {logging_mixin.py:188} INFO - [2025-11-12T19:22:01.783+0000] {dagbag.py:545} INFO - Filling up the DagBag from /home/airflow/.local/lib/python3.12/site-packages/airflow/example_dags/example_task_group_decorator.py
[2025-11-12T19:22:01.795+0000] {processor.py:840} INFO - DAG(s) 'example_task_group_decorator' retrieved from /home/airflow/.local/lib/python3.12/site-packages/airflow/example_dags/example_task_group_decorator.py
[2025-11-12T19:22:01.821+0000] {logging_mixin.py:188} INFO - [2025-11-12T19:22:01.820+0000] {dag.py:3096} INFO - Sync 1 DAGs
[2025-11-12T19:22:01.838+0000] {logging_mixin.py:188} INFO - [2025-11-12T19:22:01.838+0000] {dag.py:3954} INFO - Setting next_dagrun for example_task_group_decorator to 2025-11-11 00:00:00+00:00, run_after=2025-11-12 00:00:00+00:00
[2025-11-12T19:22:01.856+0000] {processor.py:183} INFO - Processing /home/airflow/.local/lib/python3.12/site-packages/airflow/example_dags/example_task_group_decorator.py took 0.080 seconds
[2025-11-12T19:22:32.225+0000] {processor.py:161} INFO - Started process (PID=746) to work on /home/airflow/.local/lib/python3.12/site-packages/airflow/example_dags/example_task_group_decorator.py
[2025-11-12T19:22:32.226+0000] {processor.py:830} INFO - Processing file /home/airflow/.local/lib/python3.12/site-packages/airflow/example_dags/example_task_group_decorator.py for tasks to queue
[2025-11-12T19:22:32.228+0000] {logging_mixin.py:188} INFO - [2025-11-12T19:22:32.227+0000] {dagbag.py:545} INFO - Filling up the DagBag from /home/airflow/.local/lib/python3.12/site-packages/airflow/example_dags/example_task_group_decorator.py
[2025-11-12T19:22:32.242+0000] {processor.py:840} INFO - DAG(s) 'example_task_group_decorator' retrieved from /home/airflow/.local/lib/python3.12/site-packages/airflow/example_dags/example_task_group_decorator.py
[2025-11-12T19:22:32.266+0000] {logging_mixin.py:188} INFO - [2025-11-12T19:22:32.265+0000] {dag.py:3096} INFO - Sync 1 DAGs
[2025-11-12T19:22:32.283+0000] {logging_mixin.py:188} INFO - [2025-11-12T19:22:32.283+0000] {dag.py:3954} INFO - Setting next_dagrun for example_task_group_decorator to 2025-11-11 00:00:00+00:00, run_after=2025-11-12 00:00:00+00:00
[2025-11-12T19:22:32.303+0000] {processor.py:183} INFO - Processing /home/airflow/.local/lib/python3.12/site-packages/airflow/example_dags/example_task_group_decorator.py took 0.085 seconds
[2025-11-12T19:23:02.454+0000] {processor.py:161} INFO - Started process (PID=807) to work on /home/airflow/.local/lib/python3.12/site-packages/airflow/example_dags/example_task_group_decorator.py
[2025-11-12T19:23:02.455+0000] {processor.py:830} INFO - Processing file /home/airflow/.local/lib/python3.12/site-packages/airflow/example_dags/example_task_group_decorator.py for tasks to queue
[2025-11-12T19:23:02.457+0000] {logging_mixin.py:188} INFO - [2025-11-12T19:23:02.457+0000] {dagbag.py:545} INFO - Filling up the DagBag from /home/airflow/.local/lib/python3.12/site-packages/airflow/example_dags/example_task_group_decorator.py
[2025-11-12T19:23:02.470+0000] {processor.py:840} INFO - DAG(s) 'example_task_group_decorator' retrieved from /home/airflow/.local/lib/python3.12/site-packages/airflow/example_dags/example_task_group_decorator.py
[2025-11-12T19:23:02.494+0000] {logging_mixin.py:188} INFO - [2025-11-12T19:23:02.494+0000] {dag.py:3096} INFO - Sync 1 DAGs
[2025-11-12T19:23:02.510+0000] {logging_mixin.py:188} INFO - [2025-11-12T19:23:02.510+0000] {dag.py:3954} INFO - Setting next_dagrun for example_task_group_decorator to 2025-11-11 00:00:00+00:00, run_after=2025-11-12 00:00:00+00:00
[2025-11-12T19:23:02.528+0000] {processor.py:183} INFO - Processing /home/airflow/.local/lib/python3.12/site-packages/airflow/example_dags/example_task_group_decorator.py took 0.078 seconds
[2025-11-12T19:23:32.802+0000] {processor.py:161} INFO - Started process (PID=866) to work on /home/airflow/.local/lib/python3.12/site-packages/airflow/example_dags/example_task_group_decorator.py
[2025-11-12T19:23:32.804+0000] {processor.py:830} INFO - Processing file /home/airflow/.local/lib/python3.12/site-packages/airflow/example_dags/example_task_group_decorator.py for tasks to queue
[2025-11-12T19:23:32.806+0000] {logging_mixin.py:188} INFO - [2025-11-12T19:23:32.805+0000] {dagbag.py:545} INFO - Filling up the DagBag from /home/airflow/.local/lib/python3.12/site-packages/airflow/example_dags/example_task_group_decorator.py
[2025-11-12T19:23:32.819+0000] {processor.py:840} INFO - DAG(s) 'example_task_group_decorator' retrieved from /home/airflow/.local/lib/python3.12/site-packages/airflow/example_dags/example_task_group_decorator.py
[2025-11-12T19:23:32.844+0000] {logging_mixin.py:188} INFO - [2025-11-12T19:23:32.844+0000] {dag.py:3096} INFO - Sync 1 DAGs
[2025-11-12T19:23:32.863+0000] {logging_mixin.py:188} INFO - [2025-11-12T19:23:32.863+0000] {dag.py:3954} INFO - Setting next_dagrun for example_task_group_decorator to 2025-11-11 00:00:00+00:00, run_after=2025-11-12 00:00:00+00:00
[2025-11-12T19:23:32.885+0000] {processor.py:183} INFO - Processing /home/airflow/.local/lib/python3.12/site-packages/airflow/example_dags/example_task_group_decorator.py took 0.089 seconds
[2025-11-12T19:24:03.191+0000] {processor.py:161} INFO - Started process (PID=926) to work on /home/airflow/.local/lib/python3.12/site-packages/airflow/example_dags/example_task_group_decorator.py
[2025-11-12T19:24:03.192+0000] {processor.py:830} INFO - Processing file /home/airflow/.local/lib/python3.12/site-packages/airflow/example_dags/example_task_group_decorator.py for tasks to queue
[2025-11-12T19:24:03.194+0000] {logging_mixin.py:188} INFO - [2025-11-12T19:24:03.194+0000] {dagbag.py:545} INFO - Filling up the DagBag from /home/airflow/.local/lib/python3.12/site-packages/airflow/example_dags/example_task_group_decorator.py
[2025-11-12T19:24:03.206+0000] {processor.py:840} INFO - DAG(s) 'example_task_group_decorator' retrieved from /home/airflow/.local/lib/python3.12/site-packages/airflow/example_dags/example_task_group_decorator.py
[2025-11-12T19:24:03.229+0000] {logging_mixin.py:188} INFO - [2025-11-12T19:24:03.229+0000] {dag.py:3096} INFO - Sync 1 DAGs
[2025-11-12T19:24:03.250+0000] {logging_mixin.py:188} INFO - [2025-11-12T19:24:03.249+0000] {dag.py:3954} INFO - Setting next_dagrun for example_task_group_decorator to 2025-11-11 00:00:00+00:00, run_after=2025-11-12 00:00:00+00:00
[2025-11-12T19:24:03.270+0000] {processor.py:183} INFO - Processing /home/airflow/.local/lib/python3.12/site-packages/airflow/example_dags/example_task_group_decorator.py took 0.085 seconds
[2025-11-12T19:24:33.371+0000] {processor.py:161} INFO - Started process (PID=986) to work on /home/airflow/.local/lib/python3.12/site-packages/airflow/example_dags/example_task_group_decorator.py
[2025-11-12T19:24:33.372+0000] {processor.py:830} INFO - Processing file /home/airflow/.local/lib/python3.12/site-packages/airflow/example_dags/example_task_group_decorator.py for tasks to queue
[2025-11-12T19:24:33.374+0000] {logging_mixin.py:188} INFO - [2025-11-12T19:24:33.373+0000] {dagbag.py:545} INFO - Filling up the DagBag from /home/airflow/.local/lib/python3.12/site-packages/airflow/example_dags/example_task_group_decorator.py
[2025-11-12T19:24:33.386+0000] {processor.py:840} INFO - DAG(s) 'example_task_group_decorator' retrieved from /home/airflow/.local/lib/python3.12/site-packages/airflow/example_dags/example_task_group_decorator.py
[2025-11-12T19:24:33.410+0000] {logging_mixin.py:188} INFO - [2025-11-12T19:24:33.409+0000] {dag.py:3096} INFO - Sync 1 DAGs
[2025-11-12T19:24:33.427+0000] {logging_mixin.py:188} INFO - [2025-11-12T19:24:33.427+0000] {dag.py:3954} INFO - Setting next_dagrun for example_task_group_decorator to 2025-11-11 00:00:00+00:00, run_after=2025-11-12 00:00:00+00:00
[2025-11-12T19:24:33.448+0000] {processor.py:183} INFO - Processing /home/airflow/.local/lib/python3.12/site-packages/airflow/example_dags/example_task_group_decorator.py took 0.082 seconds
[2025-11-12T19:25:04.517+0000] {processor.py:161} INFO - Started process (PID=1046) to work on /home/airflow/.local/lib/python3.12/site-packages/airflow/example_dags/example_task_group_decorator.py
[2025-11-12T19:25:04.518+0000] {processor.py:830} INFO - Processing file /home/airflow/.local/lib/python3.12/site-packages/airflow/example_dags/example_task_group_decorator.py for tasks to queue
[2025-11-12T19:25:04.520+0000] {logging_mixin.py:188} INFO - [2025-11-12T19:25:04.520+0000] {dagbag.py:545} INFO - Filling up the DagBag from /home/airflow/.local/lib/python3.12/site-packages/airflow/example_dags/example_task_group_decorator.py
[2025-11-12T19:25:04.531+0000] {processor.py:840} INFO - DAG(s) 'example_task_group_decorator' retrieved from /home/airflow/.local/lib/python3.12/site-packages/airflow/example_dags/example_task_group_decorator.py
[2025-11-12T19:25:04.554+0000] {logging_mixin.py:188} INFO - [2025-11-12T19:25:04.553+0000] {dag.py:3096} INFO - Sync 1 DAGs
[2025-11-12T19:25:04.571+0000] {logging_mixin.py:188} INFO - [2025-11-12T19:25:04.571+0000] {dag.py:3954} INFO - Setting next_dagrun for example_task_group_decorator to 2025-11-11 00:00:00+00:00, run_after=2025-11-12 00:00:00+00:00
[2025-11-12T19:25:04.594+0000] {processor.py:183} INFO - Processing /home/airflow/.local/lib/python3.12/site-packages/airflow/example_dags/example_task_group_decorator.py took 0.081 seconds
[2025-11-12T19:25:34.782+0000] {processor.py:161} INFO - Started process (PID=1106) to work on /home/airflow/.local/lib/python3.12/site-packages/airflow/example_dags/example_task_group_decorator.py
[2025-11-12T19:25:34.783+0000] {processor.py:830} INFO - Processing file /home/airflow/.local/lib/python3.12/site-packages/airflow/example_dags/example_task_group_decorator.py for tasks to queue
[2025-11-12T19:25:34.785+0000] {logging_mixin.py:188} INFO - [2025-11-12T19:25:34.785+0000] {dagbag.py:545} INFO - Filling up the DagBag from /home/airflow/.local/lib/python3.12/site-packages/airflow/example_dags/example_task_group_decorator.py
[2025-11-12T19:25:34.805+0000] {processor.py:840} INFO - DAG(s) 'example_task_group_decorator' retrieved from /home/airflow/.local/lib/python3.12/site-packages/airflow/example_dags/example_task_group_decorator.py
[2025-11-12T19:25:34.835+0000] {logging_mixin.py:188} INFO - [2025-11-12T19:25:34.834+0000] {dag.py:3096} INFO - Sync 1 DAGs
[2025-11-12T19:25:34.857+0000] {logging_mixin.py:188} INFO - [2025-11-12T19:25:34.857+0000] {dag.py:3954} INFO - Setting next_dagrun for example_task_group_decorator to 2025-11-11 00:00:00+00:00, run_after=2025-11-12 00:00:00+00:00
[2025-11-12T19:25:34.877+0000] {processor.py:183} INFO - Processing /home/airflow/.local/lib/python3.12/site-packages/airflow/example_dags/example_task_group_decorator.py took 0.100 seconds
[2025-11-12T19:26:05.145+0000] {processor.py:161} INFO - Started process (PID=1166) to work on /home/airflow/.local/lib/python3.12/site-packages/airflow/example_dags/example_task_group_decorator.py
[2025-11-12T19:26:05.146+0000] {processor.py:830} INFO - Processing file /home/airflow/.local/lib/python3.12/site-packages/airflow/example_dags/example_task_group_decorator.py for tasks to queue
[2025-11-12T19:26:05.148+0000] {logging_mixin.py:188} INFO - [2025-11-12T19:26:05.147+0000] {dagbag.py:545} INFO - Filling up the DagBag from /home/airflow/.local/lib/python3.12/site-packages/airflow/example_dags/example_task_group_decorator.py
[2025-11-12T19:26:05.160+0000] {processor.py:840} INFO - DAG(s) 'example_task_group_decorator' retrieved from /home/airflow/.local/lib/python3.12/site-packages/airflow/example_dags/example_task_group_decorator.py
[2025-11-12T19:26:05.184+0000] {logging_mixin.py:188} INFO - [2025-11-12T19:26:05.183+0000] {dag.py:3096} INFO - Sync 1 DAGs
[2025-11-12T19:26:05.201+0000] {logging_mixin.py:188} INFO - [2025-11-12T19:26:05.201+0000] {dag.py:3954} INFO - Setting next_dagrun for example_task_group_decorator to 2025-11-11 00:00:00+00:00, run_after=2025-11-12 00:00:00+00:00
[2025-11-12T19:26:05.222+0000] {processor.py:183} INFO - Processing /home/airflow/.local/lib/python3.12/site-packages/airflow/example_dags/example_task_group_decorator.py took 0.081 seconds
[2025-11-12T19:26:35.804+0000] {processor.py:161} INFO - Started process (PID=1227) to work on /home/airflow/.local/lib/python3.12/site-packages/airflow/example_dags/example_task_group_decorator.py
[2025-11-12T19:26:35.805+0000] {processor.py:830} INFO - Processing file /home/airflow/.local/lib/python3.12/site-packages/airflow/example_dags/example_task_group_decorator.py for tasks to queue
[2025-11-12T19:26:35.807+0000] {logging_mixin.py:188} INFO - [2025-11-12T19:26:35.807+0000] {dagbag.py:545} INFO - Filling up the DagBag from /home/airflow/.local/lib/python3.12/site-packages/airflow/example_dags/example_task_group_decorator.py
[2025-11-12T19:26:35.820+0000] {processor.py:840} INFO - DAG(s) 'example_task_group_decorator' retrieved from /home/airflow/.local/lib/python3.12/site-packages/airflow/example_dags/example_task_group_decorator.py
[2025-11-12T19:26:35.851+0000] {logging_mixin.py:188} INFO - [2025-11-12T19:26:35.850+0000] {dag.py:3096} INFO - Sync 1 DAGs
[2025-11-12T19:26:35.870+0000] {logging_mixin.py:188} INFO - [2025-11-12T19:26:35.870+0000] {dag.py:3954} INFO - Setting next_dagrun for example_task_group_decorator to 2025-11-11 00:00:00+00:00, run_after=2025-11-12 00:00:00+00:00
[2025-11-12T19:26:35.893+0000] {processor.py:183} INFO - Processing /home/airflow/.local/lib/python3.12/site-packages/airflow/example_dags/example_task_group_decorator.py took 0.094 seconds
[2025-11-12T19:27:06.169+0000] {processor.py:161} INFO - Started process (PID=1287) to work on /home/airflow/.local/lib/python3.12/site-packages/airflow/example_dags/example_task_group_decorator.py
[2025-11-12T19:27:06.170+0000] {processor.py:830} INFO - Processing file /home/airflow/.local/lib/python3.12/site-packages/airflow/example_dags/example_task_group_decorator.py for tasks to queue
[2025-11-12T19:27:06.172+0000] {logging_mixin.py:188} INFO - [2025-11-12T19:27:06.172+0000] {dagbag.py:545} INFO - Filling up the DagBag from /home/airflow/.local/lib/python3.12/site-packages/airflow/example_dags/example_task_group_decorator.py
[2025-11-12T19:27:06.183+0000] {processor.py:840} INFO - DAG(s) 'example_task_group_decorator' retrieved from /home/airflow/.local/lib/python3.12/site-packages/airflow/example_dags/example_task_group_decorator.py
[2025-11-12T19:27:06.205+0000] {logging_mixin.py:188} INFO - [2025-11-12T19:27:06.204+0000] {dag.py:3096} INFO - Sync 1 DAGs
[2025-11-12T19:27:06.223+0000] {logging_mixin.py:188} INFO - [2025-11-12T19:27:06.223+0000] {dag.py:3954} INFO - Setting next_dagrun for example_task_group_decorator to 2025-11-11 00:00:00+00:00, run_after=2025-11-12 00:00:00+00:00
[2025-11-12T19:27:06.241+0000] {processor.py:183} INFO - Processing /home/airflow/.local/lib/python3.12/site-packages/airflow/example_dags/example_task_group_decorator.py took 0.076 seconds
[2025-11-12T19:27:37.049+0000] {processor.py:161} INFO - Started process (PID=1347) to work on /home/airflow/.local/lib/python3.12/site-packages/airflow/example_dags/example_task_group_decorator.py
[2025-11-12T19:27:37.050+0000] {processor.py:830} INFO - Processing file /home/airflow/.local/lib/python3.12/site-packages/airflow/example_dags/example_task_group_decorator.py for tasks to queue
[2025-11-12T19:27:37.052+0000] {logging_mixin.py:188} INFO - [2025-11-12T19:27:37.052+0000] {dagbag.py:545} INFO - Filling up the DagBag from /home/airflow/.local/lib/python3.12/site-packages/airflow/example_dags/example_task_group_decorator.py
[2025-11-12T19:27:37.065+0000] {processor.py:840} INFO - DAG(s) 'example_task_group_decorator' retrieved from /home/airflow/.local/lib/python3.12/site-packages/airflow/example_dags/example_task_group_decorator.py
[2025-11-12T19:27:37.093+0000] {logging_mixin.py:188} INFO - [2025-11-12T19:27:37.092+0000] {dag.py:3096} INFO - Sync 1 DAGs
[2025-11-12T19:27:37.117+0000] {logging_mixin.py:188} INFO - [2025-11-12T19:27:37.117+0000] {dag.py:3954} INFO - Setting next_dagrun for example_task_group_decorator to 2025-11-11 00:00:00+00:00, run_after=2025-11-12 00:00:00+00:00
[2025-11-12T19:27:37.143+0000] {processor.py:183} INFO - Processing /home/airflow/.local/lib/python3.12/site-packages/airflow/example_dags/example_task_group_decorator.py took 0.099 seconds
[2025-11-12T19:28:08.263+0000] {processor.py:161} INFO - Started process (PID=1408) to work on /home/airflow/.local/lib/python3.12/site-packages/airflow/example_dags/example_task_group_decorator.py
[2025-11-12T19:28:08.264+0000] {processor.py:830} INFO - Processing file /home/airflow/.local/lib/python3.12/site-packages/airflow/example_dags/example_task_group_decorator.py for tasks to queue
[2025-11-12T19:28:08.266+0000] {logging_mixin.py:188} INFO - [2025-11-12T19:28:08.266+0000] {dagbag.py:545} INFO - Filling up the DagBag from /home/airflow/.local/lib/python3.12/site-packages/airflow/example_dags/example_task_group_decorator.py
[2025-11-12T19:28:08.280+0000] {processor.py:840} INFO - DAG(s) 'example_task_group_decorator' retrieved from /home/airflow/.local/lib/python3.12/site-packages/airflow/example_dags/example_task_group_decorator.py
[2025-11-12T19:28:08.304+0000] {logging_mixin.py:188} INFO - [2025-11-12T19:28:08.304+0000] {dag.py:3096} INFO - Sync 1 DAGs
[2025-11-12T19:28:08.322+0000] {logging_mixin.py:188} INFO - [2025-11-12T19:28:08.321+0000] {dag.py:3954} INFO - Setting next_dagrun for example_task_group_decorator to 2025-11-11 00:00:00+00:00, run_after=2025-11-12 00:00:00+00:00
[2025-11-12T19:28:08.547+0000] {processor.py:183} INFO - Processing /home/airflow/.local/lib/python3.12/site-packages/airflow/example_dags/example_task_group_decorator.py took 0.288 seconds
[2025-11-12T19:28:39.048+0000] {processor.py:161} INFO - Started process (PID=1468) to work on /home/airflow/.local/lib/python3.12/site-packages/airflow/example_dags/example_task_group_decorator.py
[2025-11-12T19:28:39.049+0000] {processor.py:830} INFO - Processing file /home/airflow/.local/lib/python3.12/site-packages/airflow/example_dags/example_task_group_decorator.py for tasks to queue
[2025-11-12T19:28:39.051+0000] {logging_mixin.py:188} INFO - [2025-11-12T19:28:39.051+0000] {dagbag.py:545} INFO - Filling up the DagBag from /home/airflow/.local/lib/python3.12/site-packages/airflow/example_dags/example_task_group_decorator.py
[2025-11-12T19:28:39.063+0000] {processor.py:840} INFO - DAG(s) 'example_task_group_decorator' retrieved from /home/airflow/.local/lib/python3.12/site-packages/airflow/example_dags/example_task_group_decorator.py
[2025-11-12T19:28:39.087+0000] {logging_mixin.py:188} INFO - [2025-11-12T19:28:39.087+0000] {dag.py:3096} INFO - Sync 1 DAGs
[2025-11-12T19:28:39.103+0000] {logging_mixin.py:188} INFO - [2025-11-12T19:28:39.103+0000] {dag.py:3954} INFO - Setting next_dagrun for example_task_group_decorator to 2025-11-11 00:00:00+00:00, run_after=2025-11-12 00:00:00+00:00
[2025-11-12T19:28:39.122+0000] {processor.py:183} INFO - Processing /home/airflow/.local/lib/python3.12/site-packages/airflow/example_dags/example_task_group_decorator.py took 0.080 seconds
[2025-11-12T19:29:09.233+0000] {processor.py:161} INFO - Started process (PID=1528) to work on /home/airflow/.local/lib/python3.12/site-packages/airflow/example_dags/example_task_group_decorator.py
[2025-11-12T19:29:09.234+0000] {processor.py:830} INFO - Processing file /home/airflow/.local/lib/python3.12/site-packages/airflow/example_dags/example_task_group_decorator.py for tasks to queue
[2025-11-12T19:29:09.236+0000] {logging_mixin.py:188} INFO - [2025-11-12T19:29:09.235+0000] {dagbag.py:545} INFO - Filling up the DagBag from /home/airflow/.local/lib/python3.12/site-packages/airflow/example_dags/example_task_group_decorator.py
[2025-11-12T19:29:09.247+0000] {processor.py:840} INFO - DAG(s) 'example_task_group_decorator' retrieved from /home/airflow/.local/lib/python3.12/site-packages/airflow/example_dags/example_task_group_decorator.py
[2025-11-12T19:29:09.271+0000] {logging_mixin.py:188} INFO - [2025-11-12T19:29:09.270+0000] {dag.py:3096} INFO - Sync 1 DAGs
[2025-11-12T19:29:09.296+0000] {logging_mixin.py:188} INFO - [2025-11-12T19:29:09.295+0000] {dag.py:3954} INFO - Setting next_dagrun for example_task_group_decorator to 2025-11-11 00:00:00+00:00, run_after=2025-11-12 00:00:00+00:00
[2025-11-12T19:29:09.322+0000] {processor.py:183} INFO - Processing /home/airflow/.local/lib/python3.12/site-packages/airflow/example_dags/example_task_group_decorator.py took 0.095 seconds
[2025-11-12T19:29:40.942+0000] {processor.py:161} INFO - Started process (PID=1588) to work on /home/airflow/.local/lib/python3.12/site-packages/airflow/example_dags/example_task_group_decorator.py
[2025-11-12T19:29:40.943+0000] {processor.py:830} INFO - Processing file /home/airflow/.local/lib/python3.12/site-packages/airflow/example_dags/example_task_group_decorator.py for tasks to queue
[2025-11-12T19:29:40.945+0000] {logging_mixin.py:188} INFO - [2025-11-12T19:29:40.945+0000] {dagbag.py:545} INFO - Filling up the DagBag from /home/airflow/.local/lib/python3.12/site-packages/airflow/example_dags/example_task_group_decorator.py
[2025-11-12T19:29:40.956+0000] {processor.py:840} INFO - DAG(s) 'example_task_group_decorator' retrieved from /home/airflow/.local/lib/python3.12/site-packages/airflow/example_dags/example_task_group_decorator.py
[2025-11-12T19:29:40.982+0000] {logging_mixin.py:188} INFO - [2025-11-12T19:29:40.981+0000] {dag.py:3096} INFO - Sync 1 DAGs
[2025-11-12T19:29:41.204+0000] {logging_mixin.py:188} INFO - [2025-11-12T19:29:41.204+0000] {dag.py:3954} INFO - Setting next_dagrun for example_task_group_decorator to 2025-11-11 00:00:00+00:00, run_after=2025-11-12 00:00:00+00:00
[2025-11-12T19:29:41.226+0000] {processor.py:183} INFO - Processing /home/airflow/.local/lib/python3.12/site-packages/airflow/example_dags/example_task_group_decorator.py took 0.290 seconds
[2025-11-12T19:30:11.624+0000] {processor.py:161} INFO - Started process (PID=1648) to work on /home/airflow/.local/lib/python3.12/site-packages/airflow/example_dags/example_task_group_decorator.py
[2025-11-12T19:30:11.626+0000] {processor.py:830} INFO - Processing file /home/airflow/.local/lib/python3.12/site-packages/airflow/example_dags/example_task_group_decorator.py for tasks to queue
[2025-11-12T19:30:11.630+0000] {logging_mixin.py:188} INFO - [2025-11-12T19:30:11.630+0000] {dagbag.py:545} INFO - Filling up the DagBag from /home/airflow/.local/lib/python3.12/site-packages/airflow/example_dags/example_task_group_decorator.py
[2025-11-12T19:30:11.643+0000] {processor.py:840} INFO - DAG(s) 'example_task_group_decorator' retrieved from /home/airflow/.local/lib/python3.12/site-packages/airflow/example_dags/example_task_group_decorator.py
[2025-11-12T19:30:11.668+0000] {logging_mixin.py:188} INFO - [2025-11-12T19:30:11.667+0000] {dag.py:3096} INFO - Sync 1 DAGs
[2025-11-12T19:30:11.686+0000] {logging_mixin.py:188} INFO - [2025-11-12T19:30:11.686+0000] {dag.py:3954} INFO - Setting next_dagrun for example_task_group_decorator to 2025-11-11 00:00:00+00:00, run_after=2025-11-12 00:00:00+00:00
[2025-11-12T19:30:11.704+0000] {processor.py:183} INFO - Processing /home/airflow/.local/lib/python3.12/site-packages/airflow/example_dags/example_task_group_decorator.py took 0.086 seconds
[2025-11-12T19:30:41.894+0000] {processor.py:161} INFO - Started process (PID=1708) to work on /home/airflow/.local/lib/python3.12/site-packages/airflow/example_dags/example_task_group_decorator.py
[2025-11-12T19:30:41.895+0000] {processor.py:830} INFO - Processing file /home/airflow/.local/lib/python3.12/site-packages/airflow/example_dags/example_task_group_decorator.py for tasks to queue
[2025-11-12T19:30:41.897+0000] {logging_mixin.py:188} INFO - [2025-11-12T19:30:41.897+0000] {dagbag.py:545} INFO - Filling up the DagBag from /home/airflow/.local/lib/python3.12/site-packages/airflow/example_dags/example_task_group_decorator.py
[2025-11-12T19:30:41.910+0000] {processor.py:840} INFO - DAG(s) 'example_task_group_decorator' retrieved from /home/airflow/.local/lib/python3.12/site-packages/airflow/example_dags/example_task_group_decorator.py
[2025-11-12T19:30:41.935+0000] {logging_mixin.py:188} INFO - [2025-11-12T19:30:41.934+0000] {dag.py:3096} INFO - Sync 1 DAGs
[2025-11-12T19:30:41.955+0000] {logging_mixin.py:188} INFO - [2025-11-12T19:30:41.955+0000] {dag.py:3954} INFO - Setting next_dagrun for example_task_group_decorator to 2025-11-11 00:00:00+00:00, run_after=2025-11-12 00:00:00+00:00
[2025-11-12T19:30:41.984+0000] {processor.py:183} INFO - Processing /home/airflow/.local/lib/python3.12/site-packages/airflow/example_dags/example_task_group_decorator.py took 0.096 seconds
[2025-11-12T19:31:12.355+0000] {processor.py:161} INFO - Started process (PID=1768) to work on /home/airflow/.local/lib/python3.12/site-packages/airflow/example_dags/example_task_group_decorator.py
[2025-11-12T19:31:12.356+0000] {processor.py:830} INFO - Processing file /home/airflow/.local/lib/python3.12/site-packages/airflow/example_dags/example_task_group_decorator.py for tasks to queue
[2025-11-12T19:31:12.358+0000] {logging_mixin.py:188} INFO - [2025-11-12T19:31:12.358+0000] {dagbag.py:545} INFO - Filling up the DagBag from /home/airflow/.local/lib/python3.12/site-packages/airflow/example_dags/example_task_group_decorator.py
[2025-11-12T19:31:12.370+0000] {processor.py:840} INFO - DAG(s) 'example_task_group_decorator' retrieved from /home/airflow/.local/lib/python3.12/site-packages/airflow/example_dags/example_task_group_decorator.py
[2025-11-12T19:31:12.402+0000] {logging_mixin.py:188} INFO - [2025-11-12T19:31:12.401+0000] {dag.py:3096} INFO - Sync 1 DAGs
[2025-11-12T19:31:12.425+0000] {logging_mixin.py:188} INFO - [2025-11-12T19:31:12.424+0000] {dag.py:3954} INFO - Setting next_dagrun for example_task_group_decorator to 2025-11-11 00:00:00+00:00, run_after=2025-11-12 00:00:00+00:00
[2025-11-12T19:31:12.449+0000] {processor.py:183} INFO - Processing /home/airflow/.local/lib/python3.12/site-packages/airflow/example_dags/example_task_group_decorator.py took 0.098 seconds
[2025-11-12T19:31:43.102+0000] {processor.py:161} INFO - Started process (PID=1831) to work on /home/airflow/.local/lib/python3.12/site-packages/airflow/example_dags/example_task_group_decorator.py
[2025-11-12T19:31:43.103+0000] {processor.py:830} INFO - Processing file /home/airflow/.local/lib/python3.12/site-packages/airflow/example_dags/example_task_group_decorator.py for tasks to queue
[2025-11-12T19:31:43.105+0000] {logging_mixin.py:188} INFO - [2025-11-12T19:31:43.105+0000] {dagbag.py:545} INFO - Filling up the DagBag from /home/airflow/.local/lib/python3.12/site-packages/airflow/example_dags/example_task_group_decorator.py
[2025-11-12T19:31:43.117+0000] {processor.py:840} INFO - DAG(s) 'example_task_group_decorator' retrieved from /home/airflow/.local/lib/python3.12/site-packages/airflow/example_dags/example_task_group_decorator.py
[2025-11-12T19:31:43.143+0000] {logging_mixin.py:188} INFO - [2025-11-12T19:31:43.142+0000] {dag.py:3096} INFO - Sync 1 DAGs
[2025-11-12T19:31:43.162+0000] {logging_mixin.py:188} INFO - [2025-11-12T19:31:43.162+0000] {dag.py:3954} INFO - Setting next_dagrun for example_task_group_decorator to 2025-11-11 00:00:00+00:00, run_after=2025-11-12 00:00:00+00:00
[2025-11-12T19:31:43.184+0000] {processor.py:183} INFO - Processing /home/airflow/.local/lib/python3.12/site-packages/airflow/example_dags/example_task_group_decorator.py took 0.085 seconds
