[2025-11-12T19:06:14.025+0000] {processor.py:161} INFO - Started process (PID=112) to work on /home/airflow/.local/lib/python3.12/site-packages/airflow/example_dags/example_branch_python_dop_operator_3.py
[2025-11-12T19:06:14.026+0000] {processor.py:830} INFO - Processing file /home/airflow/.local/lib/python3.12/site-packages/airflow/example_dags/example_branch_python_dop_operator_3.py for tasks to queue
[2025-11-12T19:06:14.028+0000] {logging_mixin.py:188} INFO - [2025-11-12T19:06:14.028+0000] {dagbag.py:545} INFO - Filling up the DagBag from /home/airflow/.local/lib/python3.12/site-packages/airflow/example_dags/example_branch_python_dop_operator_3.py
[2025-11-12T19:06:14.036+0000] {processor.py:840} INFO - DAG(s) 'example_branch_dop_operator_v3' retrieved from /home/airflow/.local/lib/python3.12/site-packages/airflow/example_dags/example_branch_python_dop_operator_3.py
[2025-11-12T19:06:14.170+0000] {logging_mixin.py:188} INFO - [2025-11-12T19:06:14.169+0000] {dag.py:3096} INFO - Sync 1 DAGs
[2025-11-12T19:06:14.202+0000] {logging_mixin.py:188} INFO - [2025-11-12T19:06:14.202+0000] {dag.py:3954} INFO - Setting next_dagrun for example_branch_dop_operator_v3 to 2025-11-12 19:05:00+00:00, run_after=2025-11-12 19:06:00+00:00
[2025-11-12T19:06:14.228+0000] {processor.py:183} INFO - Processing /home/airflow/.local/lib/python3.12/site-packages/airflow/example_dags/example_branch_python_dop_operator_3.py took 0.207 seconds
[2025-11-12T19:06:44.405+0000] {processor.py:161} INFO - Started process (PID=173) to work on /home/airflow/.local/lib/python3.12/site-packages/airflow/example_dags/example_branch_python_dop_operator_3.py
[2025-11-12T19:06:44.406+0000] {processor.py:830} INFO - Processing file /home/airflow/.local/lib/python3.12/site-packages/airflow/example_dags/example_branch_python_dop_operator_3.py for tasks to queue
[2025-11-12T19:06:44.409+0000] {logging_mixin.py:188} INFO - [2025-11-12T19:06:44.409+0000] {dagbag.py:545} INFO - Filling up the DagBag from /home/airflow/.local/lib/python3.12/site-packages/airflow/example_dags/example_branch_python_dop_operator_3.py
[2025-11-12T19:06:44.419+0000] {processor.py:840} INFO - DAG(s) 'example_branch_dop_operator_v3' retrieved from /home/airflow/.local/lib/python3.12/site-packages/airflow/example_dags/example_branch_python_dop_operator_3.py
[2025-11-12T19:06:44.443+0000] {logging_mixin.py:188} INFO - [2025-11-12T19:06:44.443+0000] {dag.py:3096} INFO - Sync 1 DAGs
[2025-11-12T19:06:44.467+0000] {logging_mixin.py:188} INFO - [2025-11-12T19:06:44.467+0000] {dag.py:3954} INFO - Setting next_dagrun for example_branch_dop_operator_v3 to 2025-11-12 19:05:00+00:00, run_after=2025-11-12 19:06:00+00:00
[2025-11-12T19:06:44.486+0000] {processor.py:183} INFO - Processing /home/airflow/.local/lib/python3.12/site-packages/airflow/example_dags/example_branch_python_dop_operator_3.py took 0.087 seconds
[2025-11-12T19:07:15.137+0000] {processor.py:161} INFO - Started process (PID=233) to work on /home/airflow/.local/lib/python3.12/site-packages/airflow/example_dags/example_branch_python_dop_operator_3.py
[2025-11-12T19:07:15.138+0000] {processor.py:830} INFO - Processing file /home/airflow/.local/lib/python3.12/site-packages/airflow/example_dags/example_branch_python_dop_operator_3.py for tasks to queue
[2025-11-12T19:07:15.140+0000] {logging_mixin.py:188} INFO - [2025-11-12T19:07:15.140+0000] {dagbag.py:545} INFO - Filling up the DagBag from /home/airflow/.local/lib/python3.12/site-packages/airflow/example_dags/example_branch_python_dop_operator_3.py
[2025-11-12T19:07:15.148+0000] {processor.py:840} INFO - DAG(s) 'example_branch_dop_operator_v3' retrieved from /home/airflow/.local/lib/python3.12/site-packages/airflow/example_dags/example_branch_python_dop_operator_3.py
[2025-11-12T19:07:15.168+0000] {logging_mixin.py:188} INFO - [2025-11-12T19:07:15.168+0000] {dag.py:3096} INFO - Sync 1 DAGs
[2025-11-12T19:07:15.192+0000] {logging_mixin.py:188} INFO - [2025-11-12T19:07:15.192+0000] {dag.py:3954} INFO - Setting next_dagrun for example_branch_dop_operator_v3 to 2025-11-12 19:06:00+00:00, run_after=2025-11-12 19:07:00+00:00
[2025-11-12T19:07:15.212+0000] {processor.py:183} INFO - Processing /home/airflow/.local/lib/python3.12/site-packages/airflow/example_dags/example_branch_python_dop_operator_3.py took 0.080 seconds
[2025-11-12T19:07:45.615+0000] {processor.py:161} INFO - Started process (PID=293) to work on /home/airflow/.local/lib/python3.12/site-packages/airflow/example_dags/example_branch_python_dop_operator_3.py
[2025-11-12T19:07:45.616+0000] {processor.py:830} INFO - Processing file /home/airflow/.local/lib/python3.12/site-packages/airflow/example_dags/example_branch_python_dop_operator_3.py for tasks to queue
[2025-11-12T19:07:45.618+0000] {logging_mixin.py:188} INFO - [2025-11-12T19:07:45.618+0000] {dagbag.py:545} INFO - Filling up the DagBag from /home/airflow/.local/lib/python3.12/site-packages/airflow/example_dags/example_branch_python_dop_operator_3.py
[2025-11-12T19:07:45.627+0000] {processor.py:840} INFO - DAG(s) 'example_branch_dop_operator_v3' retrieved from /home/airflow/.local/lib/python3.12/site-packages/airflow/example_dags/example_branch_python_dop_operator_3.py
[2025-11-12T19:07:45.648+0000] {logging_mixin.py:188} INFO - [2025-11-12T19:07:45.648+0000] {dag.py:3096} INFO - Sync 1 DAGs
[2025-11-12T19:07:45.672+0000] {logging_mixin.py:188} INFO - [2025-11-12T19:07:45.672+0000] {dag.py:3954} INFO - Setting next_dagrun for example_branch_dop_operator_v3 to 2025-11-12 19:06:00+00:00, run_after=2025-11-12 19:07:00+00:00
[2025-11-12T19:07:45.696+0000] {processor.py:183} INFO - Processing /home/airflow/.local/lib/python3.12/site-packages/airflow/example_dags/example_branch_python_dop_operator_3.py took 0.085 seconds
[2025-11-12T19:08:16.415+0000] {processor.py:161} INFO - Started process (PID=353) to work on /home/airflow/.local/lib/python3.12/site-packages/airflow/example_dags/example_branch_python_dop_operator_3.py
[2025-11-12T19:08:16.416+0000] {processor.py:830} INFO - Processing file /home/airflow/.local/lib/python3.12/site-packages/airflow/example_dags/example_branch_python_dop_operator_3.py for tasks to queue
[2025-11-12T19:08:16.417+0000] {logging_mixin.py:188} INFO - [2025-11-12T19:08:16.417+0000] {dagbag.py:545} INFO - Filling up the DagBag from /home/airflow/.local/lib/python3.12/site-packages/airflow/example_dags/example_branch_python_dop_operator_3.py
[2025-11-12T19:08:16.425+0000] {processor.py:840} INFO - DAG(s) 'example_branch_dop_operator_v3' retrieved from /home/airflow/.local/lib/python3.12/site-packages/airflow/example_dags/example_branch_python_dop_operator_3.py
[2025-11-12T19:08:16.446+0000] {logging_mixin.py:188} INFO - [2025-11-12T19:08:16.445+0000] {dag.py:3096} INFO - Sync 1 DAGs
[2025-11-12T19:08:16.468+0000] {logging_mixin.py:188} INFO - [2025-11-12T19:08:16.468+0000] {dag.py:3954} INFO - Setting next_dagrun for example_branch_dop_operator_v3 to 2025-11-12 19:07:00+00:00, run_after=2025-11-12 19:08:00+00:00
[2025-11-12T19:08:16.491+0000] {processor.py:183} INFO - Processing /home/airflow/.local/lib/python3.12/site-packages/airflow/example_dags/example_branch_python_dop_operator_3.py took 0.081 seconds
[2025-11-12T19:08:46.830+0000] {processor.py:161} INFO - Started process (PID=413) to work on /home/airflow/.local/lib/python3.12/site-packages/airflow/example_dags/example_branch_python_dop_operator_3.py
[2025-11-12T19:08:46.831+0000] {processor.py:830} INFO - Processing file /home/airflow/.local/lib/python3.12/site-packages/airflow/example_dags/example_branch_python_dop_operator_3.py for tasks to queue
[2025-11-12T19:08:46.832+0000] {logging_mixin.py:188} INFO - [2025-11-12T19:08:46.832+0000] {dagbag.py:545} INFO - Filling up the DagBag from /home/airflow/.local/lib/python3.12/site-packages/airflow/example_dags/example_branch_python_dop_operator_3.py
[2025-11-12T19:08:46.841+0000] {processor.py:840} INFO - DAG(s) 'example_branch_dop_operator_v3' retrieved from /home/airflow/.local/lib/python3.12/site-packages/airflow/example_dags/example_branch_python_dop_operator_3.py
[2025-11-12T19:08:46.863+0000] {logging_mixin.py:188} INFO - [2025-11-12T19:08:46.862+0000] {dag.py:3096} INFO - Sync 1 DAGs
[2025-11-12T19:08:46.883+0000] {logging_mixin.py:188} INFO - [2025-11-12T19:08:46.883+0000] {dag.py:3954} INFO - Setting next_dagrun for example_branch_dop_operator_v3 to 2025-11-12 19:07:00+00:00, run_after=2025-11-12 19:08:00+00:00
[2025-11-12T19:08:46.908+0000] {processor.py:183} INFO - Processing /home/airflow/.local/lib/python3.12/site-packages/airflow/example_dags/example_branch_python_dop_operator_3.py took 0.084 seconds
[2025-11-12T19:09:17.460+0000] {processor.py:161} INFO - Started process (PID=474) to work on /home/airflow/.local/lib/python3.12/site-packages/airflow/example_dags/example_branch_python_dop_operator_3.py
[2025-11-12T19:09:17.461+0000] {processor.py:830} INFO - Processing file /home/airflow/.local/lib/python3.12/site-packages/airflow/example_dags/example_branch_python_dop_operator_3.py for tasks to queue
[2025-11-12T19:09:17.463+0000] {logging_mixin.py:188} INFO - [2025-11-12T19:09:17.462+0000] {dagbag.py:545} INFO - Filling up the DagBag from /home/airflow/.local/lib/python3.12/site-packages/airflow/example_dags/example_branch_python_dop_operator_3.py
[2025-11-12T19:09:17.471+0000] {processor.py:840} INFO - DAG(s) 'example_branch_dop_operator_v3' retrieved from /home/airflow/.local/lib/python3.12/site-packages/airflow/example_dags/example_branch_python_dop_operator_3.py
[2025-11-12T19:09:17.494+0000] {logging_mixin.py:188} INFO - [2025-11-12T19:09:17.493+0000] {dag.py:3096} INFO - Sync 1 DAGs
[2025-11-12T19:09:17.522+0000] {logging_mixin.py:188} INFO - [2025-11-12T19:09:17.522+0000] {dag.py:3954} INFO - Setting next_dagrun for example_branch_dop_operator_v3 to 2025-11-12 19:08:00+00:00, run_after=2025-11-12 19:09:00+00:00
[2025-11-12T19:09:17.553+0000] {processor.py:183} INFO - Processing /home/airflow/.local/lib/python3.12/site-packages/airflow/example_dags/example_branch_python_dop_operator_3.py took 0.097 seconds
[2025-11-12T19:09:48.285+0000] {processor.py:161} INFO - Started process (PID=535) to work on /home/airflow/.local/lib/python3.12/site-packages/airflow/example_dags/example_branch_python_dop_operator_3.py
[2025-11-12T19:09:48.286+0000] {processor.py:830} INFO - Processing file /home/airflow/.local/lib/python3.12/site-packages/airflow/example_dags/example_branch_python_dop_operator_3.py for tasks to queue
[2025-11-12T19:09:48.287+0000] {logging_mixin.py:188} INFO - [2025-11-12T19:09:48.287+0000] {dagbag.py:545} INFO - Filling up the DagBag from /home/airflow/.local/lib/python3.12/site-packages/airflow/example_dags/example_branch_python_dop_operator_3.py
[2025-11-12T19:09:48.295+0000] {processor.py:840} INFO - DAG(s) 'example_branch_dop_operator_v3' retrieved from /home/airflow/.local/lib/python3.12/site-packages/airflow/example_dags/example_branch_python_dop_operator_3.py
[2025-11-12T19:09:48.321+0000] {logging_mixin.py:188} INFO - [2025-11-12T19:09:48.321+0000] {dag.py:3096} INFO - Sync 1 DAGs
[2025-11-12T19:09:48.351+0000] {logging_mixin.py:188} INFO - [2025-11-12T19:09:48.351+0000] {dag.py:3954} INFO - Setting next_dagrun for example_branch_dop_operator_v3 to 2025-11-12 19:08:00+00:00, run_after=2025-11-12 19:09:00+00:00
[2025-11-12T19:09:48.376+0000] {processor.py:183} INFO - Processing /home/airflow/.local/lib/python3.12/site-packages/airflow/example_dags/example_branch_python_dop_operator_3.py took 0.096 seconds
[2025-11-12T19:10:19.376+0000] {processor.py:161} INFO - Started process (PID=595) to work on /home/airflow/.local/lib/python3.12/site-packages/airflow/example_dags/example_branch_python_dop_operator_3.py
[2025-11-12T19:10:19.377+0000] {processor.py:830} INFO - Processing file /home/airflow/.local/lib/python3.12/site-packages/airflow/example_dags/example_branch_python_dop_operator_3.py for tasks to queue
[2025-11-12T19:10:19.378+0000] {logging_mixin.py:188} INFO - [2025-11-12T19:10:19.377+0000] {dagbag.py:545} INFO - Filling up the DagBag from /home/airflow/.local/lib/python3.12/site-packages/airflow/example_dags/example_branch_python_dop_operator_3.py
[2025-11-12T19:10:19.384+0000] {processor.py:840} INFO - DAG(s) 'example_branch_dop_operator_v3' retrieved from /home/airflow/.local/lib/python3.12/site-packages/airflow/example_dags/example_branch_python_dop_operator_3.py
[2025-11-12T19:10:19.405+0000] {logging_mixin.py:188} INFO - [2025-11-12T19:10:19.405+0000] {dag.py:3096} INFO - Sync 1 DAGs
[2025-11-12T19:10:19.428+0000] {logging_mixin.py:188} INFO - [2025-11-12T19:10:19.428+0000] {dag.py:3954} INFO - Setting next_dagrun for example_branch_dop_operator_v3 to 2025-11-12 19:09:00+00:00, run_after=2025-11-12 19:10:00+00:00
[2025-11-12T19:10:19.451+0000] {processor.py:183} INFO - Processing /home/airflow/.local/lib/python3.12/site-packages/airflow/example_dags/example_branch_python_dop_operator_3.py took 0.079 seconds
[2025-11-12T19:10:49.770+0000] {processor.py:161} INFO - Started process (PID=656) to work on /home/airflow/.local/lib/python3.12/site-packages/airflow/example_dags/example_branch_python_dop_operator_3.py
[2025-11-12T19:10:49.771+0000] {processor.py:830} INFO - Processing file /home/airflow/.local/lib/python3.12/site-packages/airflow/example_dags/example_branch_python_dop_operator_3.py for tasks to queue
[2025-11-12T19:10:49.772+0000] {logging_mixin.py:188} INFO - [2025-11-12T19:10:49.771+0000] {dagbag.py:545} INFO - Filling up the DagBag from /home/airflow/.local/lib/python3.12/site-packages/airflow/example_dags/example_branch_python_dop_operator_3.py
[2025-11-12T19:10:49.779+0000] {processor.py:840} INFO - DAG(s) 'example_branch_dop_operator_v3' retrieved from /home/airflow/.local/lib/python3.12/site-packages/airflow/example_dags/example_branch_python_dop_operator_3.py
[2025-11-12T19:10:49.802+0000] {logging_mixin.py:188} INFO - [2025-11-12T19:10:49.801+0000] {dag.py:3096} INFO - Sync 1 DAGs
[2025-11-12T19:10:49.829+0000] {logging_mixin.py:188} INFO - [2025-11-12T19:10:49.829+0000] {dag.py:3954} INFO - Setting next_dagrun for example_branch_dop_operator_v3 to 2025-11-12 19:09:00+00:00, run_after=2025-11-12 19:10:00+00:00
[2025-11-12T19:10:49.857+0000] {processor.py:183} INFO - Processing /home/airflow/.local/lib/python3.12/site-packages/airflow/example_dags/example_branch_python_dop_operator_3.py took 0.092 seconds
[2025-11-12T19:11:20.117+0000] {processor.py:161} INFO - Started process (PID=716) to work on /home/airflow/.local/lib/python3.12/site-packages/airflow/example_dags/example_branch_python_dop_operator_3.py
[2025-11-12T19:11:20.118+0000] {processor.py:830} INFO - Processing file /home/airflow/.local/lib/python3.12/site-packages/airflow/example_dags/example_branch_python_dop_operator_3.py for tasks to queue
[2025-11-12T19:11:20.119+0000] {logging_mixin.py:188} INFO - [2025-11-12T19:11:20.119+0000] {dagbag.py:545} INFO - Filling up the DagBag from /home/airflow/.local/lib/python3.12/site-packages/airflow/example_dags/example_branch_python_dop_operator_3.py
[2025-11-12T19:11:20.127+0000] {processor.py:840} INFO - DAG(s) 'example_branch_dop_operator_v3' retrieved from /home/airflow/.local/lib/python3.12/site-packages/airflow/example_dags/example_branch_python_dop_operator_3.py
[2025-11-12T19:11:20.149+0000] {logging_mixin.py:188} INFO - [2025-11-12T19:11:20.149+0000] {dag.py:3096} INFO - Sync 1 DAGs
[2025-11-12T19:11:20.167+0000] {logging_mixin.py:188} INFO - [2025-11-12T19:11:20.167+0000] {dag.py:3954} INFO - Setting next_dagrun for example_branch_dop_operator_v3 to 2025-11-12 19:10:00+00:00, run_after=2025-11-12 19:11:00+00:00
[2025-11-12T19:11:20.187+0000] {processor.py:183} INFO - Processing /home/airflow/.local/lib/python3.12/site-packages/airflow/example_dags/example_branch_python_dop_operator_3.py took 0.075 seconds
[2025-11-12T19:11:50.447+0000] {processor.py:161} INFO - Started process (PID=776) to work on /home/airflow/.local/lib/python3.12/site-packages/airflow/example_dags/example_branch_python_dop_operator_3.py
[2025-11-12T19:11:50.448+0000] {processor.py:830} INFO - Processing file /home/airflow/.local/lib/python3.12/site-packages/airflow/example_dags/example_branch_python_dop_operator_3.py for tasks to queue
[2025-11-12T19:11:50.449+0000] {logging_mixin.py:188} INFO - [2025-11-12T19:11:50.449+0000] {dagbag.py:545} INFO - Filling up the DagBag from /home/airflow/.local/lib/python3.12/site-packages/airflow/example_dags/example_branch_python_dop_operator_3.py
[2025-11-12T19:11:50.459+0000] {processor.py:840} INFO - DAG(s) 'example_branch_dop_operator_v3' retrieved from /home/airflow/.local/lib/python3.12/site-packages/airflow/example_dags/example_branch_python_dop_operator_3.py
[2025-11-12T19:11:50.481+0000] {logging_mixin.py:188} INFO - [2025-11-12T19:11:50.480+0000] {dag.py:3096} INFO - Sync 1 DAGs
[2025-11-12T19:11:50.502+0000] {logging_mixin.py:188} INFO - [2025-11-12T19:11:50.502+0000] {dag.py:3954} INFO - Setting next_dagrun for example_branch_dop_operator_v3 to 2025-11-12 19:10:00+00:00, run_after=2025-11-12 19:11:00+00:00
[2025-11-12T19:11:50.534+0000] {processor.py:183} INFO - Processing /home/airflow/.local/lib/python3.12/site-packages/airflow/example_dags/example_branch_python_dop_operator_3.py took 0.093 seconds
[2025-11-12T19:12:21.491+0000] {processor.py:161} INFO - Started process (PID=836) to work on /home/airflow/.local/lib/python3.12/site-packages/airflow/example_dags/example_branch_python_dop_operator_3.py
[2025-11-12T19:12:21.491+0000] {processor.py:830} INFO - Processing file /home/airflow/.local/lib/python3.12/site-packages/airflow/example_dags/example_branch_python_dop_operator_3.py for tasks to queue
[2025-11-12T19:12:21.492+0000] {logging_mixin.py:188} INFO - [2025-11-12T19:12:21.492+0000] {dagbag.py:545} INFO - Filling up the DagBag from /home/airflow/.local/lib/python3.12/site-packages/airflow/example_dags/example_branch_python_dop_operator_3.py
[2025-11-12T19:12:21.499+0000] {processor.py:840} INFO - DAG(s) 'example_branch_dop_operator_v3' retrieved from /home/airflow/.local/lib/python3.12/site-packages/airflow/example_dags/example_branch_python_dop_operator_3.py
[2025-11-12T19:12:21.521+0000] {logging_mixin.py:188} INFO - [2025-11-12T19:12:21.521+0000] {dag.py:3096} INFO - Sync 1 DAGs
[2025-11-12T19:12:21.543+0000] {logging_mixin.py:188} INFO - [2025-11-12T19:12:21.543+0000] {dag.py:3954} INFO - Setting next_dagrun for example_branch_dop_operator_v3 to 2025-11-12 19:11:00+00:00, run_after=2025-11-12 19:12:00+00:00
[2025-11-12T19:12:21.563+0000] {processor.py:183} INFO - Processing /home/airflow/.local/lib/python3.12/site-packages/airflow/example_dags/example_branch_python_dop_operator_3.py took 0.078 seconds
[2025-11-12T19:12:51.798+0000] {processor.py:161} INFO - Started process (PID=896) to work on /home/airflow/.local/lib/python3.12/site-packages/airflow/example_dags/example_branch_python_dop_operator_3.py
[2025-11-12T19:12:51.799+0000] {processor.py:830} INFO - Processing file /home/airflow/.local/lib/python3.12/site-packages/airflow/example_dags/example_branch_python_dop_operator_3.py for tasks to queue
[2025-11-12T19:12:51.800+0000] {logging_mixin.py:188} INFO - [2025-11-12T19:12:51.800+0000] {dagbag.py:545} INFO - Filling up the DagBag from /home/airflow/.local/lib/python3.12/site-packages/airflow/example_dags/example_branch_python_dop_operator_3.py
[2025-11-12T19:12:51.810+0000] {processor.py:840} INFO - DAG(s) 'example_branch_dop_operator_v3' retrieved from /home/airflow/.local/lib/python3.12/site-packages/airflow/example_dags/example_branch_python_dop_operator_3.py
[2025-11-12T19:12:51.832+0000] {logging_mixin.py:188} INFO - [2025-11-12T19:12:51.832+0000] {dag.py:3096} INFO - Sync 1 DAGs
[2025-11-12T19:12:51.855+0000] {logging_mixin.py:188} INFO - [2025-11-12T19:12:51.855+0000] {dag.py:3954} INFO - Setting next_dagrun for example_branch_dop_operator_v3 to 2025-11-12 19:11:00+00:00, run_after=2025-11-12 19:12:00+00:00
[2025-11-12T19:12:51.876+0000] {processor.py:183} INFO - Processing /home/airflow/.local/lib/python3.12/site-packages/airflow/example_dags/example_branch_python_dop_operator_3.py took 0.083 seconds
[2025-11-12T19:13:22.221+0000] {processor.py:161} INFO - Started process (PID=957) to work on /home/airflow/.local/lib/python3.12/site-packages/airflow/example_dags/example_branch_python_dop_operator_3.py
[2025-11-12T19:13:22.222+0000] {processor.py:830} INFO - Processing file /home/airflow/.local/lib/python3.12/site-packages/airflow/example_dags/example_branch_python_dop_operator_3.py for tasks to queue
[2025-11-12T19:13:22.223+0000] {logging_mixin.py:188} INFO - [2025-11-12T19:13:22.223+0000] {dagbag.py:545} INFO - Filling up the DagBag from /home/airflow/.local/lib/python3.12/site-packages/airflow/example_dags/example_branch_python_dop_operator_3.py
[2025-11-12T19:13:22.231+0000] {processor.py:840} INFO - DAG(s) 'example_branch_dop_operator_v3' retrieved from /home/airflow/.local/lib/python3.12/site-packages/airflow/example_dags/example_branch_python_dop_operator_3.py
[2025-11-12T19:13:22.252+0000] {logging_mixin.py:188} INFO - [2025-11-12T19:13:22.251+0000] {dag.py:3096} INFO - Sync 1 DAGs
[2025-11-12T19:13:22.273+0000] {logging_mixin.py:188} INFO - [2025-11-12T19:13:22.273+0000] {dag.py:3954} INFO - Setting next_dagrun for example_branch_dop_operator_v3 to 2025-11-12 19:12:00+00:00, run_after=2025-11-12 19:13:00+00:00
[2025-11-12T19:13:22.293+0000] {processor.py:183} INFO - Processing /home/airflow/.local/lib/python3.12/site-packages/airflow/example_dags/example_branch_python_dop_operator_3.py took 0.078 seconds
[2025-11-12T19:13:53.013+0000] {processor.py:161} INFO - Started process (PID=1017) to work on /home/airflow/.local/lib/python3.12/site-packages/airflow/example_dags/example_branch_python_dop_operator_3.py
[2025-11-12T19:13:53.014+0000] {processor.py:830} INFO - Processing file /home/airflow/.local/lib/python3.12/site-packages/airflow/example_dags/example_branch_python_dop_operator_3.py for tasks to queue
[2025-11-12T19:13:53.015+0000] {logging_mixin.py:188} INFO - [2025-11-12T19:13:53.015+0000] {dagbag.py:545} INFO - Filling up the DagBag from /home/airflow/.local/lib/python3.12/site-packages/airflow/example_dags/example_branch_python_dop_operator_3.py
[2025-11-12T19:13:53.022+0000] {processor.py:840} INFO - DAG(s) 'example_branch_dop_operator_v3' retrieved from /home/airflow/.local/lib/python3.12/site-packages/airflow/example_dags/example_branch_python_dop_operator_3.py
[2025-11-12T19:13:53.042+0000] {logging_mixin.py:188} INFO - [2025-11-12T19:13:53.041+0000] {dag.py:3096} INFO - Sync 1 DAGs
[2025-11-12T19:13:53.063+0000] {logging_mixin.py:188} INFO - [2025-11-12T19:13:53.063+0000] {dag.py:3954} INFO - Setting next_dagrun for example_branch_dop_operator_v3 to 2025-11-12 19:12:00+00:00, run_after=2025-11-12 19:13:00+00:00
[2025-11-12T19:13:53.082+0000] {processor.py:183} INFO - Processing /home/airflow/.local/lib/python3.12/site-packages/airflow/example_dags/example_branch_python_dop_operator_3.py took 0.073 seconds
[2025-11-12T19:14:23.934+0000] {processor.py:161} INFO - Started process (PID=1077) to work on /home/airflow/.local/lib/python3.12/site-packages/airflow/example_dags/example_branch_python_dop_operator_3.py
[2025-11-12T19:14:23.935+0000] {processor.py:830} INFO - Processing file /home/airflow/.local/lib/python3.12/site-packages/airflow/example_dags/example_branch_python_dop_operator_3.py for tasks to queue
[2025-11-12T19:14:23.936+0000] {logging_mixin.py:188} INFO - [2025-11-12T19:14:23.935+0000] {dagbag.py:545} INFO - Filling up the DagBag from /home/airflow/.local/lib/python3.12/site-packages/airflow/example_dags/example_branch_python_dop_operator_3.py
[2025-11-12T19:14:23.944+0000] {processor.py:840} INFO - DAG(s) 'example_branch_dop_operator_v3' retrieved from /home/airflow/.local/lib/python3.12/site-packages/airflow/example_dags/example_branch_python_dop_operator_3.py
[2025-11-12T19:14:23.965+0000] {logging_mixin.py:188} INFO - [2025-11-12T19:14:23.965+0000] {dag.py:3096} INFO - Sync 1 DAGs
[2025-11-12T19:14:23.985+0000] {logging_mixin.py:188} INFO - [2025-11-12T19:14:23.985+0000] {dag.py:3954} INFO - Setting next_dagrun for example_branch_dop_operator_v3 to 2025-11-12 19:13:00+00:00, run_after=2025-11-12 19:14:00+00:00
[2025-11-12T19:14:24.014+0000] {processor.py:183} INFO - Processing /home/airflow/.local/lib/python3.12/site-packages/airflow/example_dags/example_branch_python_dop_operator_3.py took 0.084 seconds
[2025-11-12T19:14:54.698+0000] {processor.py:161} INFO - Started process (PID=1137) to work on /home/airflow/.local/lib/python3.12/site-packages/airflow/example_dags/example_branch_python_dop_operator_3.py
[2025-11-12T19:14:54.699+0000] {processor.py:830} INFO - Processing file /home/airflow/.local/lib/python3.12/site-packages/airflow/example_dags/example_branch_python_dop_operator_3.py for tasks to queue
[2025-11-12T19:14:54.700+0000] {logging_mixin.py:188} INFO - [2025-11-12T19:14:54.700+0000] {dagbag.py:545} INFO - Filling up the DagBag from /home/airflow/.local/lib/python3.12/site-packages/airflow/example_dags/example_branch_python_dop_operator_3.py
[2025-11-12T19:14:54.708+0000] {processor.py:840} INFO - DAG(s) 'example_branch_dop_operator_v3' retrieved from /home/airflow/.local/lib/python3.12/site-packages/airflow/example_dags/example_branch_python_dop_operator_3.py
[2025-11-12T19:14:54.728+0000] {logging_mixin.py:188} INFO - [2025-11-12T19:14:54.728+0000] {dag.py:3096} INFO - Sync 1 DAGs
[2025-11-12T19:14:54.747+0000] {logging_mixin.py:188} INFO - [2025-11-12T19:14:54.747+0000] {dag.py:3954} INFO - Setting next_dagrun for example_branch_dop_operator_v3 to 2025-11-12 19:13:00+00:00, run_after=2025-11-12 19:14:00+00:00
[2025-11-12T19:14:54.769+0000] {processor.py:183} INFO - Processing /home/airflow/.local/lib/python3.12/site-packages/airflow/example_dags/example_branch_python_dop_operator_3.py took 0.075 seconds
[2025-11-12T19:15:25.651+0000] {processor.py:161} INFO - Started process (PID=1197) to work on /home/airflow/.local/lib/python3.12/site-packages/airflow/example_dags/example_branch_python_dop_operator_3.py
[2025-11-12T19:15:25.652+0000] {processor.py:830} INFO - Processing file /home/airflow/.local/lib/python3.12/site-packages/airflow/example_dags/example_branch_python_dop_operator_3.py for tasks to queue
[2025-11-12T19:15:25.653+0000] {logging_mixin.py:188} INFO - [2025-11-12T19:15:25.653+0000] {dagbag.py:545} INFO - Filling up the DagBag from /home/airflow/.local/lib/python3.12/site-packages/airflow/example_dags/example_branch_python_dop_operator_3.py
[2025-11-12T19:15:25.660+0000] {processor.py:840} INFO - DAG(s) 'example_branch_dop_operator_v3' retrieved from /home/airflow/.local/lib/python3.12/site-packages/airflow/example_dags/example_branch_python_dop_operator_3.py
[2025-11-12T19:15:25.681+0000] {logging_mixin.py:188} INFO - [2025-11-12T19:15:25.681+0000] {dag.py:3096} INFO - Sync 1 DAGs
[2025-11-12T19:15:25.701+0000] {logging_mixin.py:188} INFO - [2025-11-12T19:15:25.701+0000] {dag.py:3954} INFO - Setting next_dagrun for example_branch_dop_operator_v3 to 2025-11-12 19:14:00+00:00, run_after=2025-11-12 19:15:00+00:00
[2025-11-12T19:15:25.726+0000] {processor.py:183} INFO - Processing /home/airflow/.local/lib/python3.12/site-packages/airflow/example_dags/example_branch_python_dop_operator_3.py took 0.081 seconds
[2025-11-12T19:17:00.471+0000] {processor.py:161} INFO - Started process (PID=113) to work on /home/airflow/.local/lib/python3.12/site-packages/airflow/example_dags/example_branch_python_dop_operator_3.py
[2025-11-12T19:17:00.472+0000] {processor.py:830} INFO - Processing file /home/airflow/.local/lib/python3.12/site-packages/airflow/example_dags/example_branch_python_dop_operator_3.py for tasks to queue
[2025-11-12T19:17:00.474+0000] {logging_mixin.py:188} INFO - [2025-11-12T19:17:00.473+0000] {dagbag.py:545} INFO - Filling up the DagBag from /home/airflow/.local/lib/python3.12/site-packages/airflow/example_dags/example_branch_python_dop_operator_3.py
[2025-11-12T19:17:00.481+0000] {processor.py:840} INFO - DAG(s) 'example_branch_dop_operator_v3' retrieved from /home/airflow/.local/lib/python3.12/site-packages/airflow/example_dags/example_branch_python_dop_operator_3.py
[2025-11-12T19:17:00.572+0000] {logging_mixin.py:188} INFO - [2025-11-12T19:17:00.571+0000] {dag.py:3096} INFO - Sync 1 DAGs
[2025-11-12T19:17:00.598+0000] {logging_mixin.py:188} INFO - [2025-11-12T19:17:00.597+0000] {dag.py:3954} INFO - Setting next_dagrun for example_branch_dop_operator_v3 to 2025-11-12 19:16:00+00:00, run_after=2025-11-12 19:17:00+00:00
[2025-11-12T19:17:00.623+0000] {processor.py:183} INFO - Processing /home/airflow/.local/lib/python3.12/site-packages/airflow/example_dags/example_branch_python_dop_operator_3.py took 0.156 seconds
[2025-11-12T19:17:31.557+0000] {processor.py:161} INFO - Started process (PID=173) to work on /home/airflow/.local/lib/python3.12/site-packages/airflow/example_dags/example_branch_python_dop_operator_3.py
[2025-11-12T19:17:31.558+0000] {processor.py:830} INFO - Processing file /home/airflow/.local/lib/python3.12/site-packages/airflow/example_dags/example_branch_python_dop_operator_3.py for tasks to queue
[2025-11-12T19:17:31.560+0000] {logging_mixin.py:188} INFO - [2025-11-12T19:17:31.560+0000] {dagbag.py:545} INFO - Filling up the DagBag from /home/airflow/.local/lib/python3.12/site-packages/airflow/example_dags/example_branch_python_dop_operator_3.py
[2025-11-12T19:17:31.567+0000] {processor.py:840} INFO - DAG(s) 'example_branch_dop_operator_v3' retrieved from /home/airflow/.local/lib/python3.12/site-packages/airflow/example_dags/example_branch_python_dop_operator_3.py
[2025-11-12T19:17:31.590+0000] {logging_mixin.py:188} INFO - [2025-11-12T19:17:31.589+0000] {dag.py:3096} INFO - Sync 1 DAGs
[2025-11-12T19:17:31.613+0000] {logging_mixin.py:188} INFO - [2025-11-12T19:17:31.613+0000] {dag.py:3954} INFO - Setting next_dagrun for example_branch_dop_operator_v3 to 2025-11-12 19:16:00+00:00, run_after=2025-11-12 19:17:00+00:00
[2025-11-12T19:17:31.639+0000] {processor.py:183} INFO - Processing /home/airflow/.local/lib/python3.12/site-packages/airflow/example_dags/example_branch_python_dop_operator_3.py took 0.086 seconds
[2025-11-12T19:18:02.473+0000] {processor.py:161} INFO - Started process (PID=233) to work on /home/airflow/.local/lib/python3.12/site-packages/airflow/example_dags/example_branch_python_dop_operator_3.py
[2025-11-12T19:18:02.474+0000] {processor.py:830} INFO - Processing file /home/airflow/.local/lib/python3.12/site-packages/airflow/example_dags/example_branch_python_dop_operator_3.py for tasks to queue
[2025-11-12T19:18:02.478+0000] {logging_mixin.py:188} INFO - [2025-11-12T19:18:02.477+0000] {dagbag.py:545} INFO - Filling up the DagBag from /home/airflow/.local/lib/python3.12/site-packages/airflow/example_dags/example_branch_python_dop_operator_3.py
[2025-11-12T19:18:02.486+0000] {processor.py:840} INFO - DAG(s) 'example_branch_dop_operator_v3' retrieved from /home/airflow/.local/lib/python3.12/site-packages/airflow/example_dags/example_branch_python_dop_operator_3.py
[2025-11-12T19:18:02.507+0000] {logging_mixin.py:188} INFO - [2025-11-12T19:18:02.506+0000] {dag.py:3096} INFO - Sync 1 DAGs
[2025-11-12T19:18:02.530+0000] {logging_mixin.py:188} INFO - [2025-11-12T19:18:02.530+0000] {dag.py:3954} INFO - Setting next_dagrun for example_branch_dop_operator_v3 to 2025-11-12 19:17:00+00:00, run_after=2025-11-12 19:18:00+00:00
[2025-11-12T19:18:02.553+0000] {processor.py:183} INFO - Processing /home/airflow/.local/lib/python3.12/site-packages/airflow/example_dags/example_branch_python_dop_operator_3.py took 0.085 seconds
[2025-11-12T19:18:32.826+0000] {processor.py:161} INFO - Started process (PID=293) to work on /home/airflow/.local/lib/python3.12/site-packages/airflow/example_dags/example_branch_python_dop_operator_3.py
[2025-11-12T19:18:32.826+0000] {processor.py:830} INFO - Processing file /home/airflow/.local/lib/python3.12/site-packages/airflow/example_dags/example_branch_python_dop_operator_3.py for tasks to queue
[2025-11-12T19:18:32.828+0000] {logging_mixin.py:188} INFO - [2025-11-12T19:18:32.828+0000] {dagbag.py:545} INFO - Filling up the DagBag from /home/airflow/.local/lib/python3.12/site-packages/airflow/example_dags/example_branch_python_dop_operator_3.py
[2025-11-12T19:18:32.835+0000] {processor.py:840} INFO - DAG(s) 'example_branch_dop_operator_v3' retrieved from /home/airflow/.local/lib/python3.12/site-packages/airflow/example_dags/example_branch_python_dop_operator_3.py
[2025-11-12T19:18:32.852+0000] {logging_mixin.py:188} INFO - [2025-11-12T19:18:32.852+0000] {dag.py:3096} INFO - Sync 1 DAGs
[2025-11-12T19:18:32.871+0000] {logging_mixin.py:188} INFO - [2025-11-12T19:18:32.871+0000] {dag.py:3954} INFO - Setting next_dagrun for example_branch_dop_operator_v3 to 2025-11-12 19:17:00+00:00, run_after=2025-11-12 19:18:00+00:00
[2025-11-12T19:18:32.892+0000] {processor.py:183} INFO - Processing /home/airflow/.local/lib/python3.12/site-packages/airflow/example_dags/example_branch_python_dop_operator_3.py took 0.070 seconds
[2025-11-12T19:19:03.285+0000] {processor.py:161} INFO - Started process (PID=354) to work on /home/airflow/.local/lib/python3.12/site-packages/airflow/example_dags/example_branch_python_dop_operator_3.py
[2025-11-12T19:19:03.287+0000] {processor.py:830} INFO - Processing file /home/airflow/.local/lib/python3.12/site-packages/airflow/example_dags/example_branch_python_dop_operator_3.py for tasks to queue
[2025-11-12T19:19:03.289+0000] {logging_mixin.py:188} INFO - [2025-11-12T19:19:03.289+0000] {dagbag.py:545} INFO - Filling up the DagBag from /home/airflow/.local/lib/python3.12/site-packages/airflow/example_dags/example_branch_python_dop_operator_3.py
[2025-11-12T19:19:03.298+0000] {processor.py:840} INFO - DAG(s) 'example_branch_dop_operator_v3' retrieved from /home/airflow/.local/lib/python3.12/site-packages/airflow/example_dags/example_branch_python_dop_operator_3.py
[2025-11-12T19:19:03.325+0000] {logging_mixin.py:188} INFO - [2025-11-12T19:19:03.324+0000] {dag.py:3096} INFO - Sync 1 DAGs
[2025-11-12T19:19:03.348+0000] {logging_mixin.py:188} INFO - [2025-11-12T19:19:03.347+0000] {dag.py:3954} INFO - Setting next_dagrun for example_branch_dop_operator_v3 to 2025-11-12 19:18:00+00:00, run_after=2025-11-12 19:19:00+00:00
[2025-11-12T19:19:03.371+0000] {processor.py:183} INFO - Processing /home/airflow/.local/lib/python3.12/site-packages/airflow/example_dags/example_branch_python_dop_operator_3.py took 0.093 seconds
[2025-11-12T19:19:34.292+0000] {processor.py:161} INFO - Started process (PID=414) to work on /home/airflow/.local/lib/python3.12/site-packages/airflow/example_dags/example_branch_python_dop_operator_3.py
[2025-11-12T19:19:34.294+0000] {processor.py:830} INFO - Processing file /home/airflow/.local/lib/python3.12/site-packages/airflow/example_dags/example_branch_python_dop_operator_3.py for tasks to queue
[2025-11-12T19:19:34.296+0000] {logging_mixin.py:188} INFO - [2025-11-12T19:19:34.296+0000] {dagbag.py:545} INFO - Filling up the DagBag from /home/airflow/.local/lib/python3.12/site-packages/airflow/example_dags/example_branch_python_dop_operator_3.py
[2025-11-12T19:19:34.305+0000] {processor.py:840} INFO - DAG(s) 'example_branch_dop_operator_v3' retrieved from /home/airflow/.local/lib/python3.12/site-packages/airflow/example_dags/example_branch_python_dop_operator_3.py
[2025-11-12T19:19:34.331+0000] {logging_mixin.py:188} INFO - [2025-11-12T19:19:34.330+0000] {dag.py:3096} INFO - Sync 1 DAGs
[2025-11-12T19:19:34.355+0000] {logging_mixin.py:188} INFO - [2025-11-12T19:19:34.355+0000] {dag.py:3954} INFO - Setting next_dagrun for example_branch_dop_operator_v3 to 2025-11-12 19:18:00+00:00, run_after=2025-11-12 19:19:00+00:00
[2025-11-12T19:19:34.378+0000] {processor.py:183} INFO - Processing /home/airflow/.local/lib/python3.12/site-packages/airflow/example_dags/example_branch_python_dop_operator_3.py took 0.090 seconds
[2025-11-12T19:20:04.865+0000] {processor.py:161} INFO - Started process (PID=474) to work on /home/airflow/.local/lib/python3.12/site-packages/airflow/example_dags/example_branch_python_dop_operator_3.py
[2025-11-12T19:20:04.866+0000] {processor.py:830} INFO - Processing file /home/airflow/.local/lib/python3.12/site-packages/airflow/example_dags/example_branch_python_dop_operator_3.py for tasks to queue
[2025-11-12T19:20:04.869+0000] {logging_mixin.py:188} INFO - [2025-11-12T19:20:04.869+0000] {dagbag.py:545} INFO - Filling up the DagBag from /home/airflow/.local/lib/python3.12/site-packages/airflow/example_dags/example_branch_python_dop_operator_3.py
[2025-11-12T19:20:04.881+0000] {processor.py:840} INFO - DAG(s) 'example_branch_dop_operator_v3' retrieved from /home/airflow/.local/lib/python3.12/site-packages/airflow/example_dags/example_branch_python_dop_operator_3.py
[2025-11-12T19:20:04.905+0000] {logging_mixin.py:188} INFO - [2025-11-12T19:20:04.905+0000] {dag.py:3096} INFO - Sync 1 DAGs
[2025-11-12T19:20:04.932+0000] {logging_mixin.py:188} INFO - [2025-11-12T19:20:04.932+0000] {dag.py:3954} INFO - Setting next_dagrun for example_branch_dop_operator_v3 to 2025-11-12 19:19:00+00:00, run_after=2025-11-12 19:20:00+00:00
[2025-11-12T19:20:04.957+0000] {processor.py:183} INFO - Processing /home/airflow/.local/lib/python3.12/site-packages/airflow/example_dags/example_branch_python_dop_operator_3.py took 0.097 seconds
[2025-11-12T19:20:35.310+0000] {processor.py:161} INFO - Started process (PID=535) to work on /home/airflow/.local/lib/python3.12/site-packages/airflow/example_dags/example_branch_python_dop_operator_3.py
[2025-11-12T19:20:35.311+0000] {processor.py:830} INFO - Processing file /home/airflow/.local/lib/python3.12/site-packages/airflow/example_dags/example_branch_python_dop_operator_3.py for tasks to queue
[2025-11-12T19:20:35.313+0000] {logging_mixin.py:188} INFO - [2025-11-12T19:20:35.313+0000] {dagbag.py:545} INFO - Filling up the DagBag from /home/airflow/.local/lib/python3.12/site-packages/airflow/example_dags/example_branch_python_dop_operator_3.py
[2025-11-12T19:20:35.320+0000] {processor.py:840} INFO - DAG(s) 'example_branch_dop_operator_v3' retrieved from /home/airflow/.local/lib/python3.12/site-packages/airflow/example_dags/example_branch_python_dop_operator_3.py
[2025-11-12T19:20:35.338+0000] {logging_mixin.py:188} INFO - [2025-11-12T19:20:35.337+0000] {dag.py:3096} INFO - Sync 1 DAGs
[2025-11-12T19:20:35.357+0000] {logging_mixin.py:188} INFO - [2025-11-12T19:20:35.356+0000] {dag.py:3954} INFO - Setting next_dagrun for example_branch_dop_operator_v3 to 2025-11-12 19:19:00+00:00, run_after=2025-11-12 19:20:00+00:00
[2025-11-12T19:20:35.419+0000] {processor.py:183} INFO - Processing /home/airflow/.local/lib/python3.12/site-packages/airflow/example_dags/example_branch_python_dop_operator_3.py took 0.113 seconds
[2025-11-12T19:21:05.523+0000] {processor.py:161} INFO - Started process (PID=595) to work on /home/airflow/.local/lib/python3.12/site-packages/airflow/example_dags/example_branch_python_dop_operator_3.py
[2025-11-12T19:21:05.524+0000] {processor.py:830} INFO - Processing file /home/airflow/.local/lib/python3.12/site-packages/airflow/example_dags/example_branch_python_dop_operator_3.py for tasks to queue
[2025-11-12T19:21:05.526+0000] {logging_mixin.py:188} INFO - [2025-11-12T19:21:05.525+0000] {dagbag.py:545} INFO - Filling up the DagBag from /home/airflow/.local/lib/python3.12/site-packages/airflow/example_dags/example_branch_python_dop_operator_3.py
[2025-11-12T19:21:05.539+0000] {processor.py:840} INFO - DAG(s) 'example_branch_dop_operator_v3' retrieved from /home/airflow/.local/lib/python3.12/site-packages/airflow/example_dags/example_branch_python_dop_operator_3.py
[2025-11-12T19:21:05.559+0000] {logging_mixin.py:188} INFO - [2025-11-12T19:21:05.559+0000] {dag.py:3096} INFO - Sync 1 DAGs
[2025-11-12T19:21:05.582+0000] {logging_mixin.py:188} INFO - [2025-11-12T19:21:05.582+0000] {dag.py:3954} INFO - Setting next_dagrun for example_branch_dop_operator_v3 to 2025-11-12 19:20:00+00:00, run_after=2025-11-12 19:21:00+00:00
[2025-11-12T19:21:05.611+0000] {processor.py:183} INFO - Processing /home/airflow/.local/lib/python3.12/site-packages/airflow/example_dags/example_branch_python_dop_operator_3.py took 0.095 seconds
[2025-11-12T19:21:35.882+0000] {processor.py:161} INFO - Started process (PID=655) to work on /home/airflow/.local/lib/python3.12/site-packages/airflow/example_dags/example_branch_python_dop_operator_3.py
[2025-11-12T19:21:35.883+0000] {processor.py:830} INFO - Processing file /home/airflow/.local/lib/python3.12/site-packages/airflow/example_dags/example_branch_python_dop_operator_3.py for tasks to queue
[2025-11-12T19:21:35.885+0000] {logging_mixin.py:188} INFO - [2025-11-12T19:21:35.885+0000] {dagbag.py:545} INFO - Filling up the DagBag from /home/airflow/.local/lib/python3.12/site-packages/airflow/example_dags/example_branch_python_dop_operator_3.py
[2025-11-12T19:21:35.894+0000] {processor.py:840} INFO - DAG(s) 'example_branch_dop_operator_v3' retrieved from /home/airflow/.local/lib/python3.12/site-packages/airflow/example_dags/example_branch_python_dop_operator_3.py
[2025-11-12T19:21:35.914+0000] {logging_mixin.py:188} INFO - [2025-11-12T19:21:35.913+0000] {dag.py:3096} INFO - Sync 1 DAGs
[2025-11-12T19:21:35.939+0000] {logging_mixin.py:188} INFO - [2025-11-12T19:21:35.938+0000] {dag.py:3954} INFO - Setting next_dagrun for example_branch_dop_operator_v3 to 2025-11-12 19:20:00+00:00, run_after=2025-11-12 19:21:00+00:00
[2025-11-12T19:21:35.962+0000] {processor.py:183} INFO - Processing /home/airflow/.local/lib/python3.12/site-packages/airflow/example_dags/example_branch_python_dop_operator_3.py took 0.086 seconds
[2025-11-12T19:22:06.086+0000] {processor.py:161} INFO - Started process (PID=715) to work on /home/airflow/.local/lib/python3.12/site-packages/airflow/example_dags/example_branch_python_dop_operator_3.py
[2025-11-12T19:22:06.087+0000] {processor.py:830} INFO - Processing file /home/airflow/.local/lib/python3.12/site-packages/airflow/example_dags/example_branch_python_dop_operator_3.py for tasks to queue
[2025-11-12T19:22:06.089+0000] {logging_mixin.py:188} INFO - [2025-11-12T19:22:06.089+0000] {dagbag.py:545} INFO - Filling up the DagBag from /home/airflow/.local/lib/python3.12/site-packages/airflow/example_dags/example_branch_python_dop_operator_3.py
[2025-11-12T19:22:06.097+0000] {processor.py:840} INFO - DAG(s) 'example_branch_dop_operator_v3' retrieved from /home/airflow/.local/lib/python3.12/site-packages/airflow/example_dags/example_branch_python_dop_operator_3.py
[2025-11-12T19:22:06.120+0000] {logging_mixin.py:188} INFO - [2025-11-12T19:22:06.119+0000] {dag.py:3096} INFO - Sync 1 DAGs
[2025-11-12T19:22:06.142+0000] {logging_mixin.py:188} INFO - [2025-11-12T19:22:06.142+0000] {dag.py:3954} INFO - Setting next_dagrun for example_branch_dop_operator_v3 to 2025-11-12 19:21:00+00:00, run_after=2025-11-12 19:22:00+00:00
[2025-11-12T19:22:06.167+0000] {processor.py:183} INFO - Processing /home/airflow/.local/lib/python3.12/site-packages/airflow/example_dags/example_branch_python_dop_operator_3.py took 0.085 seconds
[2025-11-12T19:22:36.568+0000] {processor.py:161} INFO - Started process (PID=776) to work on /home/airflow/.local/lib/python3.12/site-packages/airflow/example_dags/example_branch_python_dop_operator_3.py
[2025-11-12T19:22:36.569+0000] {processor.py:830} INFO - Processing file /home/airflow/.local/lib/python3.12/site-packages/airflow/example_dags/example_branch_python_dop_operator_3.py for tasks to queue
[2025-11-12T19:22:36.572+0000] {logging_mixin.py:188} INFO - [2025-11-12T19:22:36.571+0000] {dagbag.py:545} INFO - Filling up the DagBag from /home/airflow/.local/lib/python3.12/site-packages/airflow/example_dags/example_branch_python_dop_operator_3.py
[2025-11-12T19:22:36.579+0000] {processor.py:840} INFO - DAG(s) 'example_branch_dop_operator_v3' retrieved from /home/airflow/.local/lib/python3.12/site-packages/airflow/example_dags/example_branch_python_dop_operator_3.py
[2025-11-12T19:22:36.600+0000] {logging_mixin.py:188} INFO - [2025-11-12T19:22:36.600+0000] {dag.py:3096} INFO - Sync 1 DAGs
[2025-11-12T19:22:36.618+0000] {logging_mixin.py:188} INFO - [2025-11-12T19:22:36.618+0000] {dag.py:3954} INFO - Setting next_dagrun for example_branch_dop_operator_v3 to 2025-11-12 19:21:00+00:00, run_after=2025-11-12 19:22:00+00:00
[2025-11-12T19:22:36.643+0000] {processor.py:183} INFO - Processing /home/airflow/.local/lib/python3.12/site-packages/airflow/example_dags/example_branch_python_dop_operator_3.py took 0.079 seconds
[2025-11-12T19:23:06.880+0000] {processor.py:161} INFO - Started process (PID=836) to work on /home/airflow/.local/lib/python3.12/site-packages/airflow/example_dags/example_branch_python_dop_operator_3.py
[2025-11-12T19:23:06.880+0000] {processor.py:830} INFO - Processing file /home/airflow/.local/lib/python3.12/site-packages/airflow/example_dags/example_branch_python_dop_operator_3.py for tasks to queue
[2025-11-12T19:23:06.882+0000] {logging_mixin.py:188} INFO - [2025-11-12T19:23:06.882+0000] {dagbag.py:545} INFO - Filling up the DagBag from /home/airflow/.local/lib/python3.12/site-packages/airflow/example_dags/example_branch_python_dop_operator_3.py
[2025-11-12T19:23:06.889+0000] {processor.py:840} INFO - DAG(s) 'example_branch_dop_operator_v3' retrieved from /home/airflow/.local/lib/python3.12/site-packages/airflow/example_dags/example_branch_python_dop_operator_3.py
[2025-11-12T19:23:06.909+0000] {logging_mixin.py:188} INFO - [2025-11-12T19:23:06.908+0000] {dag.py:3096} INFO - Sync 1 DAGs
[2025-11-12T19:23:06.937+0000] {logging_mixin.py:188} INFO - [2025-11-12T19:23:06.937+0000] {dag.py:3954} INFO - Setting next_dagrun for example_branch_dop_operator_v3 to 2025-11-12 19:22:00+00:00, run_after=2025-11-12 19:23:00+00:00
[2025-11-12T19:23:06.960+0000] {processor.py:183} INFO - Processing /home/airflow/.local/lib/python3.12/site-packages/airflow/example_dags/example_branch_python_dop_operator_3.py took 0.085 seconds
[2025-11-12T19:23:37.244+0000] {processor.py:161} INFO - Started process (PID=896) to work on /home/airflow/.local/lib/python3.12/site-packages/airflow/example_dags/example_branch_python_dop_operator_3.py
[2025-11-12T19:23:37.245+0000] {processor.py:830} INFO - Processing file /home/airflow/.local/lib/python3.12/site-packages/airflow/example_dags/example_branch_python_dop_operator_3.py for tasks to queue
[2025-11-12T19:23:37.247+0000] {logging_mixin.py:188} INFO - [2025-11-12T19:23:37.247+0000] {dagbag.py:545} INFO - Filling up the DagBag from /home/airflow/.local/lib/python3.12/site-packages/airflow/example_dags/example_branch_python_dop_operator_3.py
[2025-11-12T19:23:37.254+0000] {processor.py:840} INFO - DAG(s) 'example_branch_dop_operator_v3' retrieved from /home/airflow/.local/lib/python3.12/site-packages/airflow/example_dags/example_branch_python_dop_operator_3.py
[2025-11-12T19:23:37.273+0000] {logging_mixin.py:188} INFO - [2025-11-12T19:23:37.272+0000] {dag.py:3096} INFO - Sync 1 DAGs
[2025-11-12T19:23:37.293+0000] {logging_mixin.py:188} INFO - [2025-11-12T19:23:37.293+0000] {dag.py:3954} INFO - Setting next_dagrun for example_branch_dop_operator_v3 to 2025-11-12 19:22:00+00:00, run_after=2025-11-12 19:23:00+00:00
[2025-11-12T19:23:37.314+0000] {processor.py:183} INFO - Processing /home/airflow/.local/lib/python3.12/site-packages/airflow/example_dags/example_branch_python_dop_operator_3.py took 0.075 seconds
[2025-11-12T19:24:07.627+0000] {processor.py:161} INFO - Started process (PID=956) to work on /home/airflow/.local/lib/python3.12/site-packages/airflow/example_dags/example_branch_python_dop_operator_3.py
[2025-11-12T19:24:07.628+0000] {processor.py:830} INFO - Processing file /home/airflow/.local/lib/python3.12/site-packages/airflow/example_dags/example_branch_python_dop_operator_3.py for tasks to queue
[2025-11-12T19:24:07.631+0000] {logging_mixin.py:188} INFO - [2025-11-12T19:24:07.630+0000] {dagbag.py:545} INFO - Filling up the DagBag from /home/airflow/.local/lib/python3.12/site-packages/airflow/example_dags/example_branch_python_dop_operator_3.py
[2025-11-12T19:24:07.640+0000] {processor.py:840} INFO - DAG(s) 'example_branch_dop_operator_v3' retrieved from /home/airflow/.local/lib/python3.12/site-packages/airflow/example_dags/example_branch_python_dop_operator_3.py
[2025-11-12T19:24:07.660+0000] {logging_mixin.py:188} INFO - [2025-11-12T19:24:07.659+0000] {dag.py:3096} INFO - Sync 1 DAGs
[2025-11-12T19:24:07.681+0000] {logging_mixin.py:188} INFO - [2025-11-12T19:24:07.680+0000] {dag.py:3954} INFO - Setting next_dagrun for example_branch_dop_operator_v3 to 2025-11-12 19:23:00+00:00, run_after=2025-11-12 19:24:00+00:00
[2025-11-12T19:24:07.705+0000] {processor.py:183} INFO - Processing /home/airflow/.local/lib/python3.12/site-packages/airflow/example_dags/example_branch_python_dop_operator_3.py took 0.082 seconds
[2025-11-12T19:24:38.576+0000] {processor.py:161} INFO - Started process (PID=1016) to work on /home/airflow/.local/lib/python3.12/site-packages/airflow/example_dags/example_branch_python_dop_operator_3.py
[2025-11-12T19:24:38.577+0000] {processor.py:830} INFO - Processing file /home/airflow/.local/lib/python3.12/site-packages/airflow/example_dags/example_branch_python_dop_operator_3.py for tasks to queue
[2025-11-12T19:24:38.579+0000] {logging_mixin.py:188} INFO - [2025-11-12T19:24:38.578+0000] {dagbag.py:545} INFO - Filling up the DagBag from /home/airflow/.local/lib/python3.12/site-packages/airflow/example_dags/example_branch_python_dop_operator_3.py
[2025-11-12T19:24:38.586+0000] {processor.py:840} INFO - DAG(s) 'example_branch_dop_operator_v3' retrieved from /home/airflow/.local/lib/python3.12/site-packages/airflow/example_dags/example_branch_python_dop_operator_3.py
[2025-11-12T19:24:38.607+0000] {logging_mixin.py:188} INFO - [2025-11-12T19:24:38.606+0000] {dag.py:3096} INFO - Sync 1 DAGs
[2025-11-12T19:24:38.626+0000] {logging_mixin.py:188} INFO - [2025-11-12T19:24:38.626+0000] {dag.py:3954} INFO - Setting next_dagrun for example_branch_dop_operator_v3 to 2025-11-12 19:23:00+00:00, run_after=2025-11-12 19:24:00+00:00
[2025-11-12T19:24:38.642+0000] {processor.py:183} INFO - Processing /home/airflow/.local/lib/python3.12/site-packages/airflow/example_dags/example_branch_python_dop_operator_3.py took 0.070 seconds
[2025-11-12T19:25:08.964+0000] {processor.py:161} INFO - Started process (PID=1076) to work on /home/airflow/.local/lib/python3.12/site-packages/airflow/example_dags/example_branch_python_dop_operator_3.py
[2025-11-12T19:25:08.966+0000] {processor.py:830} INFO - Processing file /home/airflow/.local/lib/python3.12/site-packages/airflow/example_dags/example_branch_python_dop_operator_3.py for tasks to queue
[2025-11-12T19:25:08.967+0000] {logging_mixin.py:188} INFO - [2025-11-12T19:25:08.967+0000] {dagbag.py:545} INFO - Filling up the DagBag from /home/airflow/.local/lib/python3.12/site-packages/airflow/example_dags/example_branch_python_dop_operator_3.py
[2025-11-12T19:25:08.975+0000] {processor.py:840} INFO - DAG(s) 'example_branch_dop_operator_v3' retrieved from /home/airflow/.local/lib/python3.12/site-packages/airflow/example_dags/example_branch_python_dop_operator_3.py
[2025-11-12T19:25:08.995+0000] {logging_mixin.py:188} INFO - [2025-11-12T19:25:08.995+0000] {dag.py:3096} INFO - Sync 1 DAGs
[2025-11-12T19:25:09.017+0000] {logging_mixin.py:188} INFO - [2025-11-12T19:25:09.017+0000] {dag.py:3954} INFO - Setting next_dagrun for example_branch_dop_operator_v3 to 2025-11-12 19:24:00+00:00, run_after=2025-11-12 19:25:00+00:00
[2025-11-12T19:25:09.041+0000] {processor.py:183} INFO - Processing /home/airflow/.local/lib/python3.12/site-packages/airflow/example_dags/example_branch_python_dop_operator_3.py took 0.080 seconds
[2025-11-12T19:25:39.184+0000] {processor.py:161} INFO - Started process (PID=1136) to work on /home/airflow/.local/lib/python3.12/site-packages/airflow/example_dags/example_branch_python_dop_operator_3.py
[2025-11-12T19:25:39.185+0000] {processor.py:830} INFO - Processing file /home/airflow/.local/lib/python3.12/site-packages/airflow/example_dags/example_branch_python_dop_operator_3.py for tasks to queue
[2025-11-12T19:25:39.188+0000] {logging_mixin.py:188} INFO - [2025-11-12T19:25:39.187+0000] {dagbag.py:545} INFO - Filling up the DagBag from /home/airflow/.local/lib/python3.12/site-packages/airflow/example_dags/example_branch_python_dop_operator_3.py
[2025-11-12T19:25:39.195+0000] {processor.py:840} INFO - DAG(s) 'example_branch_dop_operator_v3' retrieved from /home/airflow/.local/lib/python3.12/site-packages/airflow/example_dags/example_branch_python_dop_operator_3.py
[2025-11-12T19:25:39.216+0000] {logging_mixin.py:188} INFO - [2025-11-12T19:25:39.216+0000] {dag.py:3096} INFO - Sync 1 DAGs
[2025-11-12T19:25:39.238+0000] {logging_mixin.py:188} INFO - [2025-11-12T19:25:39.237+0000] {dag.py:3954} INFO - Setting next_dagrun for example_branch_dop_operator_v3 to 2025-11-12 19:24:00+00:00, run_after=2025-11-12 19:25:00+00:00
[2025-11-12T19:25:39.273+0000] {processor.py:183} INFO - Processing /home/airflow/.local/lib/python3.12/site-packages/airflow/example_dags/example_branch_python_dop_operator_3.py took 0.093 seconds
[2025-11-12T19:26:09.591+0000] {processor.py:161} INFO - Started process (PID=1196) to work on /home/airflow/.local/lib/python3.12/site-packages/airflow/example_dags/example_branch_python_dop_operator_3.py
[2025-11-12T19:26:09.593+0000] {processor.py:830} INFO - Processing file /home/airflow/.local/lib/python3.12/site-packages/airflow/example_dags/example_branch_python_dop_operator_3.py for tasks to queue
[2025-11-12T19:26:09.597+0000] {logging_mixin.py:188} INFO - [2025-11-12T19:26:09.596+0000] {dagbag.py:545} INFO - Filling up the DagBag from /home/airflow/.local/lib/python3.12/site-packages/airflow/example_dags/example_branch_python_dop_operator_3.py
[2025-11-12T19:26:09.614+0000] {processor.py:840} INFO - DAG(s) 'example_branch_dop_operator_v3' retrieved from /home/airflow/.local/lib/python3.12/site-packages/airflow/example_dags/example_branch_python_dop_operator_3.py
[2025-11-12T19:26:09.655+0000] {logging_mixin.py:188} INFO - [2025-11-12T19:26:09.654+0000] {dag.py:3096} INFO - Sync 1 DAGs
[2025-11-12T19:26:09.694+0000] {logging_mixin.py:188} INFO - [2025-11-12T19:26:09.694+0000] {dag.py:3954} INFO - Setting next_dagrun for example_branch_dop_operator_v3 to 2025-11-12 19:25:00+00:00, run_after=2025-11-12 19:26:00+00:00
[2025-11-12T19:26:09.723+0000] {processor.py:183} INFO - Processing /home/airflow/.local/lib/python3.12/site-packages/airflow/example_dags/example_branch_python_dop_operator_3.py took 0.140 seconds
[2025-11-12T19:26:40.032+0000] {processor.py:161} INFO - Started process (PID=1257) to work on /home/airflow/.local/lib/python3.12/site-packages/airflow/example_dags/example_branch_python_dop_operator_3.py
[2025-11-12T19:26:40.033+0000] {processor.py:830} INFO - Processing file /home/airflow/.local/lib/python3.12/site-packages/airflow/example_dags/example_branch_python_dop_operator_3.py for tasks to queue
[2025-11-12T19:26:40.035+0000] {logging_mixin.py:188} INFO - [2025-11-12T19:26:40.035+0000] {dagbag.py:545} INFO - Filling up the DagBag from /home/airflow/.local/lib/python3.12/site-packages/airflow/example_dags/example_branch_python_dop_operator_3.py
[2025-11-12T19:26:40.044+0000] {processor.py:840} INFO - DAG(s) 'example_branch_dop_operator_v3' retrieved from /home/airflow/.local/lib/python3.12/site-packages/airflow/example_dags/example_branch_python_dop_operator_3.py
[2025-11-12T19:26:40.069+0000] {logging_mixin.py:188} INFO - [2025-11-12T19:26:40.068+0000] {dag.py:3096} INFO - Sync 1 DAGs
[2025-11-12T19:26:40.095+0000] {logging_mixin.py:188} INFO - [2025-11-12T19:26:40.095+0000] {dag.py:3954} INFO - Setting next_dagrun for example_branch_dop_operator_v3 to 2025-11-12 19:25:00+00:00, run_after=2025-11-12 19:26:00+00:00
[2025-11-12T19:26:40.130+0000] {processor.py:183} INFO - Processing /home/airflow/.local/lib/python3.12/site-packages/airflow/example_dags/example_branch_python_dop_operator_3.py took 0.103 seconds
[2025-11-12T19:27:10.835+0000] {processor.py:161} INFO - Started process (PID=1317) to work on /home/airflow/.local/lib/python3.12/site-packages/airflow/example_dags/example_branch_python_dop_operator_3.py
[2025-11-12T19:27:10.837+0000] {processor.py:830} INFO - Processing file /home/airflow/.local/lib/python3.12/site-packages/airflow/example_dags/example_branch_python_dop_operator_3.py for tasks to queue
[2025-11-12T19:27:10.841+0000] {logging_mixin.py:188} INFO - [2025-11-12T19:27:10.840+0000] {dagbag.py:545} INFO - Filling up the DagBag from /home/airflow/.local/lib/python3.12/site-packages/airflow/example_dags/example_branch_python_dop_operator_3.py
[2025-11-12T19:27:10.862+0000] {processor.py:840} INFO - DAG(s) 'example_branch_dop_operator_v3' retrieved from /home/airflow/.local/lib/python3.12/site-packages/airflow/example_dags/example_branch_python_dop_operator_3.py
[2025-11-12T19:27:10.907+0000] {logging_mixin.py:188} INFO - [2025-11-12T19:27:10.906+0000] {dag.py:3096} INFO - Sync 1 DAGs
[2025-11-12T19:27:10.959+0000] {logging_mixin.py:188} INFO - [2025-11-12T19:27:10.959+0000] {dag.py:3954} INFO - Setting next_dagrun for example_branch_dop_operator_v3 to 2025-11-12 19:26:00+00:00, run_after=2025-11-12 19:27:00+00:00
[2025-11-12T19:27:11.009+0000] {processor.py:183} INFO - Processing /home/airflow/.local/lib/python3.12/site-packages/airflow/example_dags/example_branch_python_dop_operator_3.py took 0.183 seconds
[2025-11-12T19:27:41.913+0000] {processor.py:161} INFO - Started process (PID=1377) to work on /home/airflow/.local/lib/python3.12/site-packages/airflow/example_dags/example_branch_python_dop_operator_3.py
[2025-11-12T19:27:41.915+0000] {processor.py:830} INFO - Processing file /home/airflow/.local/lib/python3.12/site-packages/airflow/example_dags/example_branch_python_dop_operator_3.py for tasks to queue
[2025-11-12T19:27:41.917+0000] {logging_mixin.py:188} INFO - [2025-11-12T19:27:41.916+0000] {dagbag.py:545} INFO - Filling up the DagBag from /home/airflow/.local/lib/python3.12/site-packages/airflow/example_dags/example_branch_python_dop_operator_3.py
[2025-11-12T19:27:41.927+0000] {processor.py:840} INFO - DAG(s) 'example_branch_dop_operator_v3' retrieved from /home/airflow/.local/lib/python3.12/site-packages/airflow/example_dags/example_branch_python_dop_operator_3.py
[2025-11-12T19:27:41.949+0000] {logging_mixin.py:188} INFO - [2025-11-12T19:27:41.948+0000] {dag.py:3096} INFO - Sync 1 DAGs
[2025-11-12T19:27:41.968+0000] {logging_mixin.py:188} INFO - [2025-11-12T19:27:41.968+0000] {dag.py:3954} INFO - Setting next_dagrun for example_branch_dop_operator_v3 to 2025-11-12 19:26:00+00:00, run_after=2025-11-12 19:27:00+00:00
[2025-11-12T19:27:41.989+0000] {processor.py:183} INFO - Processing /home/airflow/.local/lib/python3.12/site-packages/airflow/example_dags/example_branch_python_dop_operator_3.py took 0.081 seconds
[2025-11-12T19:28:13.016+0000] {processor.py:161} INFO - Started process (PID=1437) to work on /home/airflow/.local/lib/python3.12/site-packages/airflow/example_dags/example_branch_python_dop_operator_3.py
[2025-11-12T19:28:13.017+0000] {processor.py:830} INFO - Processing file /home/airflow/.local/lib/python3.12/site-packages/airflow/example_dags/example_branch_python_dop_operator_3.py for tasks to queue
[2025-11-12T19:28:13.019+0000] {logging_mixin.py:188} INFO - [2025-11-12T19:28:13.019+0000] {dagbag.py:545} INFO - Filling up the DagBag from /home/airflow/.local/lib/python3.12/site-packages/airflow/example_dags/example_branch_python_dop_operator_3.py
[2025-11-12T19:28:13.027+0000] {processor.py:840} INFO - DAG(s) 'example_branch_dop_operator_v3' retrieved from /home/airflow/.local/lib/python3.12/site-packages/airflow/example_dags/example_branch_python_dop_operator_3.py
[2025-11-12T19:28:13.049+0000] {logging_mixin.py:188} INFO - [2025-11-12T19:28:13.049+0000] {dag.py:3096} INFO - Sync 1 DAGs
[2025-11-12T19:28:13.262+0000] {logging_mixin.py:188} INFO - [2025-11-12T19:28:13.262+0000] {dag.py:3954} INFO - Setting next_dagrun for example_branch_dop_operator_v3 to 2025-11-12 19:27:00+00:00, run_after=2025-11-12 19:28:00+00:00
[2025-11-12T19:28:13.288+0000] {processor.py:183} INFO - Processing /home/airflow/.local/lib/python3.12/site-packages/airflow/example_dags/example_branch_python_dop_operator_3.py took 0.277 seconds
[2025-11-12T19:28:43.470+0000] {processor.py:161} INFO - Started process (PID=1497) to work on /home/airflow/.local/lib/python3.12/site-packages/airflow/example_dags/example_branch_python_dop_operator_3.py
[2025-11-12T19:28:43.471+0000] {processor.py:830} INFO - Processing file /home/airflow/.local/lib/python3.12/site-packages/airflow/example_dags/example_branch_python_dop_operator_3.py for tasks to queue
[2025-11-12T19:28:43.473+0000] {logging_mixin.py:188} INFO - [2025-11-12T19:28:43.473+0000] {dagbag.py:545} INFO - Filling up the DagBag from /home/airflow/.local/lib/python3.12/site-packages/airflow/example_dags/example_branch_python_dop_operator_3.py
[2025-11-12T19:28:43.481+0000] {processor.py:840} INFO - DAG(s) 'example_branch_dop_operator_v3' retrieved from /home/airflow/.local/lib/python3.12/site-packages/airflow/example_dags/example_branch_python_dop_operator_3.py
[2025-11-12T19:28:43.502+0000] {logging_mixin.py:188} INFO - [2025-11-12T19:28:43.501+0000] {dag.py:3096} INFO - Sync 1 DAGs
[2025-11-12T19:28:43.520+0000] {logging_mixin.py:188} INFO - [2025-11-12T19:28:43.520+0000] {dag.py:3954} INFO - Setting next_dagrun for example_branch_dop_operator_v3 to 2025-11-12 19:27:00+00:00, run_after=2025-11-12 19:28:00+00:00
[2025-11-12T19:28:43.544+0000] {processor.py:183} INFO - Processing /home/airflow/.local/lib/python3.12/site-packages/airflow/example_dags/example_branch_python_dop_operator_3.py took 0.078 seconds
[2025-11-12T19:29:13.682+0000] {processor.py:161} INFO - Started process (PID=1557) to work on /home/airflow/.local/lib/python3.12/site-packages/airflow/example_dags/example_branch_python_dop_operator_3.py
[2025-11-12T19:29:13.683+0000] {processor.py:830} INFO - Processing file /home/airflow/.local/lib/python3.12/site-packages/airflow/example_dags/example_branch_python_dop_operator_3.py for tasks to queue
[2025-11-12T19:29:13.687+0000] {logging_mixin.py:188} INFO - [2025-11-12T19:29:13.687+0000] {dagbag.py:545} INFO - Filling up the DagBag from /home/airflow/.local/lib/python3.12/site-packages/airflow/example_dags/example_branch_python_dop_operator_3.py
[2025-11-12T19:29:13.696+0000] {processor.py:840} INFO - DAG(s) 'example_branch_dop_operator_v3' retrieved from /home/airflow/.local/lib/python3.12/site-packages/airflow/example_dags/example_branch_python_dop_operator_3.py
[2025-11-12T19:29:13.718+0000] {logging_mixin.py:188} INFO - [2025-11-12T19:29:13.717+0000] {dag.py:3096} INFO - Sync 1 DAGs
[2025-11-12T19:29:13.740+0000] {logging_mixin.py:188} INFO - [2025-11-12T19:29:13.740+0000] {dag.py:3954} INFO - Setting next_dagrun for example_branch_dop_operator_v3 to 2025-11-12 19:28:00+00:00, run_after=2025-11-12 19:29:00+00:00
[2025-11-12T19:29:13.788+0000] {processor.py:183} INFO - Processing /home/airflow/.local/lib/python3.12/site-packages/airflow/example_dags/example_branch_python_dop_operator_3.py took 0.112 seconds
[2025-11-12T19:29:47.241+0000] {processor.py:161} INFO - Started process (PID=1617) to work on /home/airflow/.local/lib/python3.12/site-packages/airflow/example_dags/example_branch_python_dop_operator_3.py
[2025-11-12T19:29:47.242+0000] {processor.py:830} INFO - Processing file /home/airflow/.local/lib/python3.12/site-packages/airflow/example_dags/example_branch_python_dop_operator_3.py for tasks to queue
[2025-11-12T19:29:47.244+0000] {logging_mixin.py:188} INFO - [2025-11-12T19:29:47.243+0000] {dagbag.py:545} INFO - Filling up the DagBag from /home/airflow/.local/lib/python3.12/site-packages/airflow/example_dags/example_branch_python_dop_operator_3.py
[2025-11-12T19:29:47.252+0000] {processor.py:840} INFO - DAG(s) 'example_branch_dop_operator_v3' retrieved from /home/airflow/.local/lib/python3.12/site-packages/airflow/example_dags/example_branch_python_dop_operator_3.py
[2025-11-12T19:29:47.490+0000] {logging_mixin.py:188} INFO - [2025-11-12T19:29:47.489+0000] {dag.py:3096} INFO - Sync 1 DAGs
[2025-11-12T19:29:47.515+0000] {logging_mixin.py:188} INFO - [2025-11-12T19:29:47.515+0000] {dag.py:3954} INFO - Setting next_dagrun for example_branch_dop_operator_v3 to 2025-11-12 19:28:00+00:00, run_after=2025-11-12 19:29:00+00:00
[2025-11-12T19:29:47.537+0000] {processor.py:183} INFO - Processing /home/airflow/.local/lib/python3.12/site-packages/airflow/example_dags/example_branch_python_dop_operator_3.py took 0.301 seconds
[2025-11-12T19:30:17.921+0000] {processor.py:161} INFO - Started process (PID=1677) to work on /home/airflow/.local/lib/python3.12/site-packages/airflow/example_dags/example_branch_python_dop_operator_3.py
[2025-11-12T19:30:17.922+0000] {processor.py:830} INFO - Processing file /home/airflow/.local/lib/python3.12/site-packages/airflow/example_dags/example_branch_python_dop_operator_3.py for tasks to queue
[2025-11-12T19:30:17.924+0000] {logging_mixin.py:188} INFO - [2025-11-12T19:30:17.924+0000] {dagbag.py:545} INFO - Filling up the DagBag from /home/airflow/.local/lib/python3.12/site-packages/airflow/example_dags/example_branch_python_dop_operator_3.py
[2025-11-12T19:30:17.931+0000] {processor.py:840} INFO - DAG(s) 'example_branch_dop_operator_v3' retrieved from /home/airflow/.local/lib/python3.12/site-packages/airflow/example_dags/example_branch_python_dop_operator_3.py
[2025-11-12T19:30:17.949+0000] {logging_mixin.py:188} INFO - [2025-11-12T19:30:17.949+0000] {dag.py:3096} INFO - Sync 1 DAGs
[2025-11-12T19:30:17.967+0000] {logging_mixin.py:188} INFO - [2025-11-12T19:30:17.967+0000] {dag.py:3954} INFO - Setting next_dagrun for example_branch_dop_operator_v3 to 2025-11-12 19:29:00+00:00, run_after=2025-11-12 19:30:00+00:00
[2025-11-12T19:30:17.994+0000] {processor.py:183} INFO - Processing /home/airflow/.local/lib/python3.12/site-packages/airflow/example_dags/example_branch_python_dop_operator_3.py took 0.078 seconds
[2025-11-12T19:30:48.279+0000] {processor.py:161} INFO - Started process (PID=1737) to work on /home/airflow/.local/lib/python3.12/site-packages/airflow/example_dags/example_branch_python_dop_operator_3.py
[2025-11-12T19:30:48.280+0000] {processor.py:830} INFO - Processing file /home/airflow/.local/lib/python3.12/site-packages/airflow/example_dags/example_branch_python_dop_operator_3.py for tasks to queue
[2025-11-12T19:30:48.282+0000] {logging_mixin.py:188} INFO - [2025-11-12T19:30:48.282+0000] {dagbag.py:545} INFO - Filling up the DagBag from /home/airflow/.local/lib/python3.12/site-packages/airflow/example_dags/example_branch_python_dop_operator_3.py
[2025-11-12T19:30:48.289+0000] {processor.py:840} INFO - DAG(s) 'example_branch_dop_operator_v3' retrieved from /home/airflow/.local/lib/python3.12/site-packages/airflow/example_dags/example_branch_python_dop_operator_3.py
[2025-11-12T19:30:48.312+0000] {logging_mixin.py:188} INFO - [2025-11-12T19:30:48.311+0000] {dag.py:3096} INFO - Sync 1 DAGs
[2025-11-12T19:30:48.334+0000] {logging_mixin.py:188} INFO - [2025-11-12T19:30:48.334+0000] {dag.py:3954} INFO - Setting next_dagrun for example_branch_dop_operator_v3 to 2025-11-12 19:29:00+00:00, run_after=2025-11-12 19:30:00+00:00
[2025-11-12T19:30:48.356+0000] {processor.py:183} INFO - Processing /home/airflow/.local/lib/python3.12/site-packages/airflow/example_dags/example_branch_python_dop_operator_3.py took 0.081 seconds
[2025-11-12T19:31:18.700+0000] {processor.py:161} INFO - Started process (PID=1797) to work on /home/airflow/.local/lib/python3.12/site-packages/airflow/example_dags/example_branch_python_dop_operator_3.py
[2025-11-12T19:31:18.701+0000] {processor.py:830} INFO - Processing file /home/airflow/.local/lib/python3.12/site-packages/airflow/example_dags/example_branch_python_dop_operator_3.py for tasks to queue
[2025-11-12T19:31:18.703+0000] {logging_mixin.py:188} INFO - [2025-11-12T19:31:18.703+0000] {dagbag.py:545} INFO - Filling up the DagBag from /home/airflow/.local/lib/python3.12/site-packages/airflow/example_dags/example_branch_python_dop_operator_3.py
[2025-11-12T19:31:18.712+0000] {processor.py:840} INFO - DAG(s) 'example_branch_dop_operator_v3' retrieved from /home/airflow/.local/lib/python3.12/site-packages/airflow/example_dags/example_branch_python_dop_operator_3.py
[2025-11-12T19:31:18.732+0000] {logging_mixin.py:188} INFO - [2025-11-12T19:31:18.732+0000] {dag.py:3096} INFO - Sync 1 DAGs
[2025-11-12T19:31:18.752+0000] {logging_mixin.py:188} INFO - [2025-11-12T19:31:18.752+0000] {dag.py:3954} INFO - Setting next_dagrun for example_branch_dop_operator_v3 to 2025-11-12 19:30:00+00:00, run_after=2025-11-12 19:31:00+00:00
[2025-11-12T19:31:18.785+0000] {processor.py:183} INFO - Processing /home/airflow/.local/lib/python3.12/site-packages/airflow/example_dags/example_branch_python_dop_operator_3.py took 0.090 seconds
[2025-11-12T19:31:49.121+0000] {processor.py:161} INFO - Started process (PID=1860) to work on /home/airflow/.local/lib/python3.12/site-packages/airflow/example_dags/example_branch_python_dop_operator_3.py
[2025-11-12T19:31:49.122+0000] {processor.py:830} INFO - Processing file /home/airflow/.local/lib/python3.12/site-packages/airflow/example_dags/example_branch_python_dop_operator_3.py for tasks to queue
[2025-11-12T19:31:49.124+0000] {logging_mixin.py:188} INFO - [2025-11-12T19:31:49.124+0000] {dagbag.py:545} INFO - Filling up the DagBag from /home/airflow/.local/lib/python3.12/site-packages/airflow/example_dags/example_branch_python_dop_operator_3.py
[2025-11-12T19:31:49.131+0000] {processor.py:840} INFO - DAG(s) 'example_branch_dop_operator_v3' retrieved from /home/airflow/.local/lib/python3.12/site-packages/airflow/example_dags/example_branch_python_dop_operator_3.py
[2025-11-12T19:31:49.151+0000] {logging_mixin.py:188} INFO - [2025-11-12T19:31:49.151+0000] {dag.py:3096} INFO - Sync 1 DAGs
[2025-11-12T19:31:49.170+0000] {logging_mixin.py:188} INFO - [2025-11-12T19:31:49.170+0000] {dag.py:3954} INFO - Setting next_dagrun for example_branch_dop_operator_v3 to 2025-11-12 19:30:00+00:00, run_after=2025-11-12 19:31:00+00:00
[2025-11-12T19:31:49.189+0000] {processor.py:183} INFO - Processing /home/airflow/.local/lib/python3.12/site-packages/airflow/example_dags/example_branch_python_dop_operator_3.py took 0.073 seconds
