[2025-11-12T19:06:09.225+0000] {processor.py:161} INFO - Started process (PID=75) to work on /home/airflow/.local/lib/python3.12/site-packages/airflow/example_dags/example_display_name.py
[2025-11-12T19:06:09.226+0000] {processor.py:830} INFO - Processing file /home/airflow/.local/lib/python3.12/site-packages/airflow/example_dags/example_display_name.py for tasks to queue
[2025-11-12T19:06:09.228+0000] {logging_mixin.py:188} INFO - [2025-11-12T19:06:09.228+0000] {dagbag.py:545} INFO - Filling up the DagBag from /home/airflow/.local/lib/python3.12/site-packages/airflow/example_dags/example_display_name.py
[2025-11-12T19:06:09.243+0000] {processor.py:840} INFO - DAG(s) 'example_display_name' retrieved from /home/airflow/.local/lib/python3.12/site-packages/airflow/example_dags/example_display_name.py
[2025-11-12T19:06:09.349+0000] {logging_mixin.py:188} INFO - [2025-11-12T19:06:09.348+0000] {dag.py:3096} INFO - Sync 1 DAGs
[2025-11-12T19:06:09.363+0000] {logging_mixin.py:188} INFO - [2025-11-12T19:06:09.362+0000] {dag.py:3954} INFO - Setting next_dagrun for example_display_name to None, run_after=None
[2025-11-12T19:06:09.393+0000] {processor.py:183} INFO - Processing /home/airflow/.local/lib/python3.12/site-packages/airflow/example_dags/example_display_name.py took 0.173 seconds
[2025-11-12T19:06:39.835+0000] {processor.py:161} INFO - Started process (PID=135) to work on /home/airflow/.local/lib/python3.12/site-packages/airflow/example_dags/example_display_name.py
[2025-11-12T19:06:39.836+0000] {processor.py:830} INFO - Processing file /home/airflow/.local/lib/python3.12/site-packages/airflow/example_dags/example_display_name.py for tasks to queue
[2025-11-12T19:06:39.838+0000] {logging_mixin.py:188} INFO - [2025-11-12T19:06:39.837+0000] {dagbag.py:545} INFO - Filling up the DagBag from /home/airflow/.local/lib/python3.12/site-packages/airflow/example_dags/example_display_name.py
[2025-11-12T19:06:39.844+0000] {processor.py:840} INFO - DAG(s) 'example_display_name' retrieved from /home/airflow/.local/lib/python3.12/site-packages/airflow/example_dags/example_display_name.py
[2025-11-12T19:06:39.867+0000] {logging_mixin.py:188} INFO - [2025-11-12T19:06:39.866+0000] {dag.py:3096} INFO - Sync 1 DAGs
[2025-11-12T19:06:39.882+0000] {logging_mixin.py:188} INFO - [2025-11-12T19:06:39.882+0000] {dag.py:3954} INFO - Setting next_dagrun for example_display_name to None, run_after=None
[2025-11-12T19:06:39.924+0000] {processor.py:183} INFO - Processing /home/airflow/.local/lib/python3.12/site-packages/airflow/example_dags/example_display_name.py took 0.095 seconds
[2025-11-12T19:07:10.581+0000] {processor.py:161} INFO - Started process (PID=195) to work on /home/airflow/.local/lib/python3.12/site-packages/airflow/example_dags/example_display_name.py
[2025-11-12T19:07:10.582+0000] {processor.py:830} INFO - Processing file /home/airflow/.local/lib/python3.12/site-packages/airflow/example_dags/example_display_name.py for tasks to queue
[2025-11-12T19:07:10.585+0000] {logging_mixin.py:188} INFO - [2025-11-12T19:07:10.584+0000] {dagbag.py:545} INFO - Filling up the DagBag from /home/airflow/.local/lib/python3.12/site-packages/airflow/example_dags/example_display_name.py
[2025-11-12T19:07:10.591+0000] {processor.py:840} INFO - DAG(s) 'example_display_name' retrieved from /home/airflow/.local/lib/python3.12/site-packages/airflow/example_dags/example_display_name.py
[2025-11-12T19:07:10.614+0000] {logging_mixin.py:188} INFO - [2025-11-12T19:07:10.614+0000] {dag.py:3096} INFO - Sync 1 DAGs
[2025-11-12T19:07:10.624+0000] {logging_mixin.py:188} INFO - [2025-11-12T19:07:10.624+0000] {dag.py:3954} INFO - Setting next_dagrun for example_display_name to None, run_after=None
[2025-11-12T19:07:10.642+0000] {processor.py:183} INFO - Processing /home/airflow/.local/lib/python3.12/site-packages/airflow/example_dags/example_display_name.py took 0.066 seconds
[2025-11-12T19:07:41.459+0000] {processor.py:161} INFO - Started process (PID=255) to work on /home/airflow/.local/lib/python3.12/site-packages/airflow/example_dags/example_display_name.py
[2025-11-12T19:07:41.460+0000] {processor.py:830} INFO - Processing file /home/airflow/.local/lib/python3.12/site-packages/airflow/example_dags/example_display_name.py for tasks to queue
[2025-11-12T19:07:41.462+0000] {logging_mixin.py:188} INFO - [2025-11-12T19:07:41.462+0000] {dagbag.py:545} INFO - Filling up the DagBag from /home/airflow/.local/lib/python3.12/site-packages/airflow/example_dags/example_display_name.py
[2025-11-12T19:07:41.466+0000] {processor.py:840} INFO - DAG(s) 'example_display_name' retrieved from /home/airflow/.local/lib/python3.12/site-packages/airflow/example_dags/example_display_name.py
[2025-11-12T19:07:41.486+0000] {logging_mixin.py:188} INFO - [2025-11-12T19:07:41.486+0000] {dag.py:3096} INFO - Sync 1 DAGs
[2025-11-12T19:07:41.497+0000] {logging_mixin.py:188} INFO - [2025-11-12T19:07:41.497+0000] {dag.py:3954} INFO - Setting next_dagrun for example_display_name to None, run_after=None
[2025-11-12T19:07:41.518+0000] {processor.py:183} INFO - Processing /home/airflow/.local/lib/python3.12/site-packages/airflow/example_dags/example_display_name.py took 0.063 seconds
[2025-11-12T19:08:11.982+0000] {processor.py:161} INFO - Started process (PID=315) to work on /home/airflow/.local/lib/python3.12/site-packages/airflow/example_dags/example_display_name.py
[2025-11-12T19:08:11.983+0000] {processor.py:830} INFO - Processing file /home/airflow/.local/lib/python3.12/site-packages/airflow/example_dags/example_display_name.py for tasks to queue
[2025-11-12T19:08:11.985+0000] {logging_mixin.py:188} INFO - [2025-11-12T19:08:11.984+0000] {dagbag.py:545} INFO - Filling up the DagBag from /home/airflow/.local/lib/python3.12/site-packages/airflow/example_dags/example_display_name.py
[2025-11-12T19:08:11.991+0000] {processor.py:840} INFO - DAG(s) 'example_display_name' retrieved from /home/airflow/.local/lib/python3.12/site-packages/airflow/example_dags/example_display_name.py
[2025-11-12T19:08:12.015+0000] {logging_mixin.py:188} INFO - [2025-11-12T19:08:12.015+0000] {dag.py:3096} INFO - Sync 1 DAGs
[2025-11-12T19:08:12.032+0000] {logging_mixin.py:188} INFO - [2025-11-12T19:08:12.032+0000] {dag.py:3954} INFO - Setting next_dagrun for example_display_name to None, run_after=None
[2025-11-12T19:08:12.065+0000] {processor.py:183} INFO - Processing /home/airflow/.local/lib/python3.12/site-packages/airflow/example_dags/example_display_name.py took 0.088 seconds
[2025-11-12T19:08:42.630+0000] {processor.py:161} INFO - Started process (PID=375) to work on /home/airflow/.local/lib/python3.12/site-packages/airflow/example_dags/example_display_name.py
[2025-11-12T19:08:42.631+0000] {processor.py:830} INFO - Processing file /home/airflow/.local/lib/python3.12/site-packages/airflow/example_dags/example_display_name.py for tasks to queue
[2025-11-12T19:08:42.632+0000] {logging_mixin.py:188} INFO - [2025-11-12T19:08:42.632+0000] {dagbag.py:545} INFO - Filling up the DagBag from /home/airflow/.local/lib/python3.12/site-packages/airflow/example_dags/example_display_name.py
[2025-11-12T19:08:42.638+0000] {processor.py:840} INFO - DAG(s) 'example_display_name' retrieved from /home/airflow/.local/lib/python3.12/site-packages/airflow/example_dags/example_display_name.py
[2025-11-12T19:08:42.662+0000] {logging_mixin.py:188} INFO - [2025-11-12T19:08:42.662+0000] {dag.py:3096} INFO - Sync 1 DAGs
[2025-11-12T19:08:42.673+0000] {logging_mixin.py:188} INFO - [2025-11-12T19:08:42.673+0000] {dag.py:3954} INFO - Setting next_dagrun for example_display_name to None, run_after=None
[2025-11-12T19:08:42.696+0000] {processor.py:183} INFO - Processing /home/airflow/.local/lib/python3.12/site-packages/airflow/example_dags/example_display_name.py took 0.071 seconds
[2025-11-12T19:09:13.181+0000] {processor.py:161} INFO - Started process (PID=437) to work on /home/airflow/.local/lib/python3.12/site-packages/airflow/example_dags/example_display_name.py
[2025-11-12T19:09:13.182+0000] {processor.py:830} INFO - Processing file /home/airflow/.local/lib/python3.12/site-packages/airflow/example_dags/example_display_name.py for tasks to queue
[2025-11-12T19:09:13.183+0000] {logging_mixin.py:188} INFO - [2025-11-12T19:09:13.182+0000] {dagbag.py:545} INFO - Filling up the DagBag from /home/airflow/.local/lib/python3.12/site-packages/airflow/example_dags/example_display_name.py
[2025-11-12T19:09:13.188+0000] {processor.py:840} INFO - DAG(s) 'example_display_name' retrieved from /home/airflow/.local/lib/python3.12/site-packages/airflow/example_dags/example_display_name.py
[2025-11-12T19:09:13.209+0000] {logging_mixin.py:188} INFO - [2025-11-12T19:09:13.209+0000] {dag.py:3096} INFO - Sync 1 DAGs
[2025-11-12T19:09:13.220+0000] {logging_mixin.py:188} INFO - [2025-11-12T19:09:13.220+0000] {dag.py:3954} INFO - Setting next_dagrun for example_display_name to None, run_after=None
[2025-11-12T19:09:13.244+0000] {processor.py:183} INFO - Processing /home/airflow/.local/lib/python3.12/site-packages/airflow/example_dags/example_display_name.py took 0.068 seconds
[2025-11-12T19:09:43.717+0000] {processor.py:161} INFO - Started process (PID=498) to work on /home/airflow/.local/lib/python3.12/site-packages/airflow/example_dags/example_display_name.py
[2025-11-12T19:09:43.719+0000] {processor.py:830} INFO - Processing file /home/airflow/.local/lib/python3.12/site-packages/airflow/example_dags/example_display_name.py for tasks to queue
[2025-11-12T19:09:43.720+0000] {logging_mixin.py:188} INFO - [2025-11-12T19:09:43.720+0000] {dagbag.py:545} INFO - Filling up the DagBag from /home/airflow/.local/lib/python3.12/site-packages/airflow/example_dags/example_display_name.py
[2025-11-12T19:09:43.726+0000] {processor.py:840} INFO - DAG(s) 'example_display_name' retrieved from /home/airflow/.local/lib/python3.12/site-packages/airflow/example_dags/example_display_name.py
[2025-11-12T19:09:43.749+0000] {logging_mixin.py:188} INFO - [2025-11-12T19:09:43.749+0000] {dag.py:3096} INFO - Sync 1 DAGs
[2025-11-12T19:09:43.761+0000] {logging_mixin.py:188} INFO - [2025-11-12T19:09:43.761+0000] {dag.py:3954} INFO - Setting next_dagrun for example_display_name to None, run_after=None
[2025-11-12T19:09:43.787+0000] {processor.py:183} INFO - Processing /home/airflow/.local/lib/python3.12/site-packages/airflow/example_dags/example_display_name.py took 0.074 seconds
[2025-11-12T19:10:14.570+0000] {processor.py:161} INFO - Started process (PID=558) to work on /home/airflow/.local/lib/python3.12/site-packages/airflow/example_dags/example_display_name.py
[2025-11-12T19:10:14.571+0000] {processor.py:830} INFO - Processing file /home/airflow/.local/lib/python3.12/site-packages/airflow/example_dags/example_display_name.py for tasks to queue
[2025-11-12T19:10:14.572+0000] {logging_mixin.py:188} INFO - [2025-11-12T19:10:14.572+0000] {dagbag.py:545} INFO - Filling up the DagBag from /home/airflow/.local/lib/python3.12/site-packages/airflow/example_dags/example_display_name.py
[2025-11-12T19:10:14.577+0000] {processor.py:840} INFO - DAG(s) 'example_display_name' retrieved from /home/airflow/.local/lib/python3.12/site-packages/airflow/example_dags/example_display_name.py
[2025-11-12T19:10:14.595+0000] {logging_mixin.py:188} INFO - [2025-11-12T19:10:14.595+0000] {dag.py:3096} INFO - Sync 1 DAGs
[2025-11-12T19:10:14.605+0000] {logging_mixin.py:188} INFO - [2025-11-12T19:10:14.605+0000] {dag.py:3954} INFO - Setting next_dagrun for example_display_name to None, run_after=None
[2025-11-12T19:10:14.627+0000] {processor.py:183} INFO - Processing /home/airflow/.local/lib/python3.12/site-packages/airflow/example_dags/example_display_name.py took 0.062 seconds
[2025-11-12T19:10:44.895+0000] {processor.py:161} INFO - Started process (PID=619) to work on /home/airflow/.local/lib/python3.12/site-packages/airflow/example_dags/example_display_name.py
[2025-11-12T19:10:44.896+0000] {processor.py:830} INFO - Processing file /home/airflow/.local/lib/python3.12/site-packages/airflow/example_dags/example_display_name.py for tasks to queue
[2025-11-12T19:10:44.897+0000] {logging_mixin.py:188} INFO - [2025-11-12T19:10:44.897+0000] {dagbag.py:545} INFO - Filling up the DagBag from /home/airflow/.local/lib/python3.12/site-packages/airflow/example_dags/example_display_name.py
[2025-11-12T19:10:44.902+0000] {processor.py:840} INFO - DAG(s) 'example_display_name' retrieved from /home/airflow/.local/lib/python3.12/site-packages/airflow/example_dags/example_display_name.py
[2025-11-12T19:10:44.927+0000] {logging_mixin.py:188} INFO - [2025-11-12T19:10:44.926+0000] {dag.py:3096} INFO - Sync 1 DAGs
[2025-11-12T19:10:44.940+0000] {logging_mixin.py:188} INFO - [2025-11-12T19:10:44.940+0000] {dag.py:3954} INFO - Setting next_dagrun for example_display_name to None, run_after=None
[2025-11-12T19:10:44.960+0000] {processor.py:183} INFO - Processing /home/airflow/.local/lib/python3.12/site-packages/airflow/example_dags/example_display_name.py took 0.071 seconds
[2025-11-12T19:11:15.126+0000] {processor.py:161} INFO - Started process (PID=679) to work on /home/airflow/.local/lib/python3.12/site-packages/airflow/example_dags/example_display_name.py
[2025-11-12T19:11:15.127+0000] {processor.py:830} INFO - Processing file /home/airflow/.local/lib/python3.12/site-packages/airflow/example_dags/example_display_name.py for tasks to queue
[2025-11-12T19:11:15.128+0000] {logging_mixin.py:188} INFO - [2025-11-12T19:11:15.127+0000] {dagbag.py:545} INFO - Filling up the DagBag from /home/airflow/.local/lib/python3.12/site-packages/airflow/example_dags/example_display_name.py
[2025-11-12T19:11:15.134+0000] {processor.py:840} INFO - DAG(s) 'example_display_name' retrieved from /home/airflow/.local/lib/python3.12/site-packages/airflow/example_dags/example_display_name.py
[2025-11-12T19:11:15.155+0000] {logging_mixin.py:188} INFO - [2025-11-12T19:11:15.155+0000] {dag.py:3096} INFO - Sync 1 DAGs
[2025-11-12T19:11:15.167+0000] {logging_mixin.py:188} INFO - [2025-11-12T19:11:15.167+0000] {dag.py:3954} INFO - Setting next_dagrun for example_display_name to None, run_after=None
[2025-11-12T19:11:15.187+0000] {processor.py:183} INFO - Processing /home/airflow/.local/lib/python3.12/site-packages/airflow/example_dags/example_display_name.py took 0.066 seconds
[2025-11-12T19:11:45.401+0000] {processor.py:161} INFO - Started process (PID=739) to work on /home/airflow/.local/lib/python3.12/site-packages/airflow/example_dags/example_display_name.py
[2025-11-12T19:11:45.402+0000] {processor.py:830} INFO - Processing file /home/airflow/.local/lib/python3.12/site-packages/airflow/example_dags/example_display_name.py for tasks to queue
[2025-11-12T19:11:45.404+0000] {logging_mixin.py:188} INFO - [2025-11-12T19:11:45.404+0000] {dagbag.py:545} INFO - Filling up the DagBag from /home/airflow/.local/lib/python3.12/site-packages/airflow/example_dags/example_display_name.py
[2025-11-12T19:11:45.409+0000] {processor.py:840} INFO - DAG(s) 'example_display_name' retrieved from /home/airflow/.local/lib/python3.12/site-packages/airflow/example_dags/example_display_name.py
[2025-11-12T19:11:45.429+0000] {logging_mixin.py:188} INFO - [2025-11-12T19:11:45.429+0000] {dag.py:3096} INFO - Sync 1 DAGs
[2025-11-12T19:11:45.441+0000] {logging_mixin.py:188} INFO - [2025-11-12T19:11:45.441+0000] {dag.py:3954} INFO - Setting next_dagrun for example_display_name to None, run_after=None
[2025-11-12T19:11:45.461+0000] {processor.py:183} INFO - Processing /home/airflow/.local/lib/python3.12/site-packages/airflow/example_dags/example_display_name.py took 0.065 seconds
[2025-11-12T19:12:15.649+0000] {processor.py:161} INFO - Started process (PID=799) to work on /home/airflow/.local/lib/python3.12/site-packages/airflow/example_dags/example_display_name.py
[2025-11-12T19:12:15.650+0000] {processor.py:830} INFO - Processing file /home/airflow/.local/lib/python3.12/site-packages/airflow/example_dags/example_display_name.py for tasks to queue
[2025-11-12T19:12:15.651+0000] {logging_mixin.py:188} INFO - [2025-11-12T19:12:15.651+0000] {dagbag.py:545} INFO - Filling up the DagBag from /home/airflow/.local/lib/python3.12/site-packages/airflow/example_dags/example_display_name.py
[2025-11-12T19:12:15.657+0000] {processor.py:840} INFO - DAG(s) 'example_display_name' retrieved from /home/airflow/.local/lib/python3.12/site-packages/airflow/example_dags/example_display_name.py
[2025-11-12T19:12:15.681+0000] {logging_mixin.py:188} INFO - [2025-11-12T19:12:15.680+0000] {dag.py:3096} INFO - Sync 1 DAGs
[2025-11-12T19:12:15.694+0000] {logging_mixin.py:188} INFO - [2025-11-12T19:12:15.694+0000] {dag.py:3954} INFO - Setting next_dagrun for example_display_name to None, run_after=None
[2025-11-12T19:12:15.713+0000] {processor.py:183} INFO - Processing /home/airflow/.local/lib/python3.12/site-packages/airflow/example_dags/example_display_name.py took 0.069 seconds
[2025-11-12T19:12:46.011+0000] {processor.py:161} INFO - Started process (PID=859) to work on /home/airflow/.local/lib/python3.12/site-packages/airflow/example_dags/example_display_name.py
[2025-11-12T19:12:46.012+0000] {processor.py:830} INFO - Processing file /home/airflow/.local/lib/python3.12/site-packages/airflow/example_dags/example_display_name.py for tasks to queue
[2025-11-12T19:12:46.013+0000] {logging_mixin.py:188} INFO - [2025-11-12T19:12:46.013+0000] {dagbag.py:545} INFO - Filling up the DagBag from /home/airflow/.local/lib/python3.12/site-packages/airflow/example_dags/example_display_name.py
[2025-11-12T19:12:46.019+0000] {processor.py:840} INFO - DAG(s) 'example_display_name' retrieved from /home/airflow/.local/lib/python3.12/site-packages/airflow/example_dags/example_display_name.py
[2025-11-12T19:12:46.041+0000] {logging_mixin.py:188} INFO - [2025-11-12T19:12:46.041+0000] {dag.py:3096} INFO - Sync 1 DAGs
[2025-11-12T19:12:46.052+0000] {logging_mixin.py:188} INFO - [2025-11-12T19:12:46.051+0000] {dag.py:3954} INFO - Setting next_dagrun for example_display_name to None, run_after=None
[2025-11-12T19:12:46.075+0000] {processor.py:183} INFO - Processing /home/airflow/.local/lib/python3.12/site-packages/airflow/example_dags/example_display_name.py took 0.071 seconds
[2025-11-12T19:13:16.462+0000] {processor.py:161} INFO - Started process (PID=919) to work on /home/airflow/.local/lib/python3.12/site-packages/airflow/example_dags/example_display_name.py
[2025-11-12T19:13:16.463+0000] {processor.py:830} INFO - Processing file /home/airflow/.local/lib/python3.12/site-packages/airflow/example_dags/example_display_name.py for tasks to queue
[2025-11-12T19:13:16.465+0000] {logging_mixin.py:188} INFO - [2025-11-12T19:13:16.464+0000] {dagbag.py:545} INFO - Filling up the DagBag from /home/airflow/.local/lib/python3.12/site-packages/airflow/example_dags/example_display_name.py
[2025-11-12T19:13:16.469+0000] {processor.py:840} INFO - DAG(s) 'example_display_name' retrieved from /home/airflow/.local/lib/python3.12/site-packages/airflow/example_dags/example_display_name.py
[2025-11-12T19:13:16.488+0000] {logging_mixin.py:188} INFO - [2025-11-12T19:13:16.488+0000] {dag.py:3096} INFO - Sync 1 DAGs
[2025-11-12T19:13:16.498+0000] {logging_mixin.py:188} INFO - [2025-11-12T19:13:16.498+0000] {dag.py:3954} INFO - Setting next_dagrun for example_display_name to None, run_after=None
[2025-11-12T19:13:16.518+0000] {processor.py:183} INFO - Processing /home/airflow/.local/lib/python3.12/site-packages/airflow/example_dags/example_display_name.py took 0.061 seconds
[2025-11-12T19:13:46.613+0000] {processor.py:161} INFO - Started process (PID=980) to work on /home/airflow/.local/lib/python3.12/site-packages/airflow/example_dags/example_display_name.py
[2025-11-12T19:13:46.614+0000] {processor.py:830} INFO - Processing file /home/airflow/.local/lib/python3.12/site-packages/airflow/example_dags/example_display_name.py for tasks to queue
[2025-11-12T19:13:46.615+0000] {logging_mixin.py:188} INFO - [2025-11-12T19:13:46.614+0000] {dagbag.py:545} INFO - Filling up the DagBag from /home/airflow/.local/lib/python3.12/site-packages/airflow/example_dags/example_display_name.py
[2025-11-12T19:13:46.619+0000] {processor.py:840} INFO - DAG(s) 'example_display_name' retrieved from /home/airflow/.local/lib/python3.12/site-packages/airflow/example_dags/example_display_name.py
[2025-11-12T19:13:46.642+0000] {logging_mixin.py:188} INFO - [2025-11-12T19:13:46.641+0000] {dag.py:3096} INFO - Sync 1 DAGs
[2025-11-12T19:13:46.655+0000] {logging_mixin.py:188} INFO - [2025-11-12T19:13:46.655+0000] {dag.py:3954} INFO - Setting next_dagrun for example_display_name to None, run_after=None
[2025-11-12T19:13:46.682+0000] {processor.py:183} INFO - Processing /home/airflow/.local/lib/python3.12/site-packages/airflow/example_dags/example_display_name.py took 0.073 seconds
[2025-11-12T19:14:17.214+0000] {processor.py:161} INFO - Started process (PID=1039) to work on /home/airflow/.local/lib/python3.12/site-packages/airflow/example_dags/example_display_name.py
[2025-11-12T19:14:17.217+0000] {processor.py:830} INFO - Processing file /home/airflow/.local/lib/python3.12/site-packages/airflow/example_dags/example_display_name.py for tasks to queue
[2025-11-12T19:14:17.221+0000] {logging_mixin.py:188} INFO - [2025-11-12T19:14:17.220+0000] {dagbag.py:545} INFO - Filling up the DagBag from /home/airflow/.local/lib/python3.12/site-packages/airflow/example_dags/example_display_name.py
[2025-11-12T19:14:17.230+0000] {processor.py:840} INFO - DAG(s) 'example_display_name' retrieved from /home/airflow/.local/lib/python3.12/site-packages/airflow/example_dags/example_display_name.py
[2025-11-12T19:14:17.262+0000] {logging_mixin.py:188} INFO - [2025-11-12T19:14:17.262+0000] {dag.py:3096} INFO - Sync 1 DAGs
[2025-11-12T19:14:17.279+0000] {logging_mixin.py:188} INFO - [2025-11-12T19:14:17.279+0000] {dag.py:3954} INFO - Setting next_dagrun for example_display_name to None, run_after=None
[2025-11-12T19:14:17.314+0000] {processor.py:183} INFO - Processing /home/airflow/.local/lib/python3.12/site-packages/airflow/example_dags/example_display_name.py took 0.110 seconds
[2025-11-12T19:14:48.071+0000] {processor.py:161} INFO - Started process (PID=1100) to work on /home/airflow/.local/lib/python3.12/site-packages/airflow/example_dags/example_display_name.py
[2025-11-12T19:14:48.073+0000] {processor.py:830} INFO - Processing file /home/airflow/.local/lib/python3.12/site-packages/airflow/example_dags/example_display_name.py for tasks to queue
[2025-11-12T19:14:48.074+0000] {logging_mixin.py:188} INFO - [2025-11-12T19:14:48.073+0000] {dagbag.py:545} INFO - Filling up the DagBag from /home/airflow/.local/lib/python3.12/site-packages/airflow/example_dags/example_display_name.py
[2025-11-12T19:14:48.079+0000] {processor.py:840} INFO - DAG(s) 'example_display_name' retrieved from /home/airflow/.local/lib/python3.12/site-packages/airflow/example_dags/example_display_name.py
[2025-11-12T19:14:48.101+0000] {logging_mixin.py:188} INFO - [2025-11-12T19:14:48.100+0000] {dag.py:3096} INFO - Sync 1 DAGs
[2025-11-12T19:14:48.112+0000] {logging_mixin.py:188} INFO - [2025-11-12T19:14:48.112+0000] {dag.py:3954} INFO - Setting next_dagrun for example_display_name to None, run_after=None
[2025-11-12T19:14:48.132+0000] {processor.py:183} INFO - Processing /home/airflow/.local/lib/python3.12/site-packages/airflow/example_dags/example_display_name.py took 0.065 seconds
[2025-11-12T19:15:19.163+0000] {processor.py:161} INFO - Started process (PID=1160) to work on /home/airflow/.local/lib/python3.12/site-packages/airflow/example_dags/example_display_name.py
[2025-11-12T19:15:19.164+0000] {processor.py:830} INFO - Processing file /home/airflow/.local/lib/python3.12/site-packages/airflow/example_dags/example_display_name.py for tasks to queue
[2025-11-12T19:15:19.166+0000] {logging_mixin.py:188} INFO - [2025-11-12T19:15:19.165+0000] {dagbag.py:545} INFO - Filling up the DagBag from /home/airflow/.local/lib/python3.12/site-packages/airflow/example_dags/example_display_name.py
[2025-11-12T19:15:19.172+0000] {processor.py:840} INFO - DAG(s) 'example_display_name' retrieved from /home/airflow/.local/lib/python3.12/site-packages/airflow/example_dags/example_display_name.py
[2025-11-12T19:15:19.192+0000] {logging_mixin.py:188} INFO - [2025-11-12T19:15:19.192+0000] {dag.py:3096} INFO - Sync 1 DAGs
[2025-11-12T19:15:19.202+0000] {logging_mixin.py:188} INFO - [2025-11-12T19:15:19.202+0000] {dag.py:3954} INFO - Setting next_dagrun for example_display_name to None, run_after=None
[2025-11-12T19:15:19.221+0000] {processor.py:183} INFO - Processing /home/airflow/.local/lib/python3.12/site-packages/airflow/example_dags/example_display_name.py took 0.063 seconds
[2025-11-12T19:15:49.465+0000] {processor.py:161} INFO - Started process (PID=1220) to work on /home/airflow/.local/lib/python3.12/site-packages/airflow/example_dags/example_display_name.py
[2025-11-12T19:15:49.466+0000] {processor.py:830} INFO - Processing file /home/airflow/.local/lib/python3.12/site-packages/airflow/example_dags/example_display_name.py for tasks to queue
[2025-11-12T19:15:49.467+0000] {logging_mixin.py:188} INFO - [2025-11-12T19:15:49.467+0000] {dagbag.py:545} INFO - Filling up the DagBag from /home/airflow/.local/lib/python3.12/site-packages/airflow/example_dags/example_display_name.py
[2025-11-12T19:15:49.471+0000] {processor.py:840} INFO - DAG(s) 'example_display_name' retrieved from /home/airflow/.local/lib/python3.12/site-packages/airflow/example_dags/example_display_name.py
[2025-11-12T19:15:49.491+0000] {logging_mixin.py:188} INFO - [2025-11-12T19:15:49.491+0000] {dag.py:3096} INFO - Sync 1 DAGs
[2025-11-12T19:15:49.500+0000] {logging_mixin.py:188} INFO - [2025-11-12T19:15:49.500+0000] {dag.py:3954} INFO - Setting next_dagrun for example_display_name to None, run_after=None
[2025-11-12T19:15:49.521+0000] {processor.py:183} INFO - Processing /home/airflow/.local/lib/python3.12/site-packages/airflow/example_dags/example_display_name.py took 0.060 seconds
[2025-11-12T19:16:55.522+0000] {processor.py:161} INFO - Started process (PID=76) to work on /home/airflow/.local/lib/python3.12/site-packages/airflow/example_dags/example_display_name.py
[2025-11-12T19:16:55.523+0000] {processor.py:830} INFO - Processing file /home/airflow/.local/lib/python3.12/site-packages/airflow/example_dags/example_display_name.py for tasks to queue
[2025-11-12T19:16:55.526+0000] {logging_mixin.py:188} INFO - [2025-11-12T19:16:55.525+0000] {dagbag.py:545} INFO - Filling up the DagBag from /home/airflow/.local/lib/python3.12/site-packages/airflow/example_dags/example_display_name.py
[2025-11-12T19:16:55.536+0000] {processor.py:840} INFO - DAG(s) 'example_display_name' retrieved from /home/airflow/.local/lib/python3.12/site-packages/airflow/example_dags/example_display_name.py
[2025-11-12T19:16:55.660+0000] {logging_mixin.py:188} INFO - [2025-11-12T19:16:55.660+0000] {dag.py:3096} INFO - Sync 1 DAGs
[2025-11-12T19:16:55.681+0000] {logging_mixin.py:188} INFO - [2025-11-12T19:16:55.681+0000] {dag.py:3954} INFO - Setting next_dagrun for example_display_name to None, run_after=None
[2025-11-12T19:16:55.709+0000] {processor.py:183} INFO - Processing /home/airflow/.local/lib/python3.12/site-packages/airflow/example_dags/example_display_name.py took 0.192 seconds
[2025-11-12T19:17:26.387+0000] {processor.py:161} INFO - Started process (PID=136) to work on /home/airflow/.local/lib/python3.12/site-packages/airflow/example_dags/example_display_name.py
[2025-11-12T19:17:26.388+0000] {processor.py:830} INFO - Processing file /home/airflow/.local/lib/python3.12/site-packages/airflow/example_dags/example_display_name.py for tasks to queue
[2025-11-12T19:17:26.390+0000] {logging_mixin.py:188} INFO - [2025-11-12T19:17:26.390+0000] {dagbag.py:545} INFO - Filling up the DagBag from /home/airflow/.local/lib/python3.12/site-packages/airflow/example_dags/example_display_name.py
[2025-11-12T19:17:26.396+0000] {processor.py:840} INFO - DAG(s) 'example_display_name' retrieved from /home/airflow/.local/lib/python3.12/site-packages/airflow/example_dags/example_display_name.py
[2025-11-12T19:17:26.415+0000] {logging_mixin.py:188} INFO - [2025-11-12T19:17:26.415+0000] {dag.py:3096} INFO - Sync 1 DAGs
[2025-11-12T19:17:26.425+0000] {logging_mixin.py:188} INFO - [2025-11-12T19:17:26.425+0000] {dag.py:3954} INFO - Setting next_dagrun for example_display_name to None, run_after=None
[2025-11-12T19:17:26.445+0000] {processor.py:183} INFO - Processing /home/airflow/.local/lib/python3.12/site-packages/airflow/example_dags/example_display_name.py took 0.063 seconds
[2025-11-12T19:17:56.883+0000] {processor.py:161} INFO - Started process (PID=196) to work on /home/airflow/.local/lib/python3.12/site-packages/airflow/example_dags/example_display_name.py
[2025-11-12T19:17:56.884+0000] {processor.py:830} INFO - Processing file /home/airflow/.local/lib/python3.12/site-packages/airflow/example_dags/example_display_name.py for tasks to queue
[2025-11-12T19:17:56.886+0000] {logging_mixin.py:188} INFO - [2025-11-12T19:17:56.886+0000] {dagbag.py:545} INFO - Filling up the DagBag from /home/airflow/.local/lib/python3.12/site-packages/airflow/example_dags/example_display_name.py
[2025-11-12T19:17:56.891+0000] {processor.py:840} INFO - DAG(s) 'example_display_name' retrieved from /home/airflow/.local/lib/python3.12/site-packages/airflow/example_dags/example_display_name.py
[2025-11-12T19:17:56.909+0000] {logging_mixin.py:188} INFO - [2025-11-12T19:17:56.909+0000] {dag.py:3096} INFO - Sync 1 DAGs
[2025-11-12T19:17:56.921+0000] {logging_mixin.py:188} INFO - [2025-11-12T19:17:56.921+0000] {dag.py:3954} INFO - Setting next_dagrun for example_display_name to None, run_after=None
[2025-11-12T19:17:56.939+0000] {processor.py:183} INFO - Processing /home/airflow/.local/lib/python3.12/site-packages/airflow/example_dags/example_display_name.py took 0.061 seconds
[2025-11-12T19:18:28.060+0000] {processor.py:161} INFO - Started process (PID=256) to work on /home/airflow/.local/lib/python3.12/site-packages/airflow/example_dags/example_display_name.py
[2025-11-12T19:18:28.061+0000] {processor.py:830} INFO - Processing file /home/airflow/.local/lib/python3.12/site-packages/airflow/example_dags/example_display_name.py for tasks to queue
[2025-11-12T19:18:28.063+0000] {logging_mixin.py:188} INFO - [2025-11-12T19:18:28.063+0000] {dagbag.py:545} INFO - Filling up the DagBag from /home/airflow/.local/lib/python3.12/site-packages/airflow/example_dags/example_display_name.py
[2025-11-12T19:18:28.068+0000] {processor.py:840} INFO - DAG(s) 'example_display_name' retrieved from /home/airflow/.local/lib/python3.12/site-packages/airflow/example_dags/example_display_name.py
[2025-11-12T19:18:28.089+0000] {logging_mixin.py:188} INFO - [2025-11-12T19:18:28.088+0000] {dag.py:3096} INFO - Sync 1 DAGs
[2025-11-12T19:18:28.099+0000] {logging_mixin.py:188} INFO - [2025-11-12T19:18:28.098+0000] {dag.py:3954} INFO - Setting next_dagrun for example_display_name to None, run_after=None
[2025-11-12T19:18:28.119+0000] {processor.py:183} INFO - Processing /home/airflow/.local/lib/python3.12/site-packages/airflow/example_dags/example_display_name.py took 0.063 seconds
[2025-11-12T19:18:58.563+0000] {processor.py:161} INFO - Started process (PID=317) to work on /home/airflow/.local/lib/python3.12/site-packages/airflow/example_dags/example_display_name.py
[2025-11-12T19:18:58.565+0000] {processor.py:830} INFO - Processing file /home/airflow/.local/lib/python3.12/site-packages/airflow/example_dags/example_display_name.py for tasks to queue
[2025-11-12T19:18:58.568+0000] {logging_mixin.py:188} INFO - [2025-11-12T19:18:58.568+0000] {dagbag.py:545} INFO - Filling up the DagBag from /home/airflow/.local/lib/python3.12/site-packages/airflow/example_dags/example_display_name.py
[2025-11-12T19:18:58.575+0000] {processor.py:840} INFO - DAG(s) 'example_display_name' retrieved from /home/airflow/.local/lib/python3.12/site-packages/airflow/example_dags/example_display_name.py
[2025-11-12T19:18:58.594+0000] {logging_mixin.py:188} INFO - [2025-11-12T19:18:58.594+0000] {dag.py:3096} INFO - Sync 1 DAGs
[2025-11-12T19:18:58.607+0000] {logging_mixin.py:188} INFO - [2025-11-12T19:18:58.607+0000] {dag.py:3954} INFO - Setting next_dagrun for example_display_name to None, run_after=None
[2025-11-12T19:18:58.631+0000] {processor.py:183} INFO - Processing /home/airflow/.local/lib/python3.12/site-packages/airflow/example_dags/example_display_name.py took 0.073 seconds
[2025-11-12T19:19:28.766+0000] {processor.py:161} INFO - Started process (PID=377) to work on /home/airflow/.local/lib/python3.12/site-packages/airflow/example_dags/example_display_name.py
[2025-11-12T19:19:28.767+0000] {processor.py:830} INFO - Processing file /home/airflow/.local/lib/python3.12/site-packages/airflow/example_dags/example_display_name.py for tasks to queue
[2025-11-12T19:19:28.769+0000] {logging_mixin.py:188} INFO - [2025-11-12T19:19:28.769+0000] {dagbag.py:545} INFO - Filling up the DagBag from /home/airflow/.local/lib/python3.12/site-packages/airflow/example_dags/example_display_name.py
[2025-11-12T19:19:28.774+0000] {processor.py:840} INFO - DAG(s) 'example_display_name' retrieved from /home/airflow/.local/lib/python3.12/site-packages/airflow/example_dags/example_display_name.py
[2025-11-12T19:19:28.793+0000] {logging_mixin.py:188} INFO - [2025-11-12T19:19:28.792+0000] {dag.py:3096} INFO - Sync 1 DAGs
[2025-11-12T19:19:28.803+0000] {logging_mixin.py:188} INFO - [2025-11-12T19:19:28.802+0000] {dag.py:3954} INFO - Setting next_dagrun for example_display_name to None, run_after=None
[2025-11-12T19:19:28.822+0000] {processor.py:183} INFO - Processing /home/airflow/.local/lib/python3.12/site-packages/airflow/example_dags/example_display_name.py took 0.061 seconds
[2025-11-12T19:19:59.474+0000] {processor.py:161} INFO - Started process (PID=437) to work on /home/airflow/.local/lib/python3.12/site-packages/airflow/example_dags/example_display_name.py
[2025-11-12T19:19:59.475+0000] {processor.py:830} INFO - Processing file /home/airflow/.local/lib/python3.12/site-packages/airflow/example_dags/example_display_name.py for tasks to queue
[2025-11-12T19:19:59.477+0000] {logging_mixin.py:188} INFO - [2025-11-12T19:19:59.477+0000] {dagbag.py:545} INFO - Filling up the DagBag from /home/airflow/.local/lib/python3.12/site-packages/airflow/example_dags/example_display_name.py
[2025-11-12T19:19:59.482+0000] {processor.py:840} INFO - DAG(s) 'example_display_name' retrieved from /home/airflow/.local/lib/python3.12/site-packages/airflow/example_dags/example_display_name.py
[2025-11-12T19:19:59.500+0000] {logging_mixin.py:188} INFO - [2025-11-12T19:19:59.500+0000] {dag.py:3096} INFO - Sync 1 DAGs
[2025-11-12T19:19:59.510+0000] {logging_mixin.py:188} INFO - [2025-11-12T19:19:59.510+0000] {dag.py:3954} INFO - Setting next_dagrun for example_display_name to None, run_after=None
[2025-11-12T19:19:59.527+0000] {processor.py:183} INFO - Processing /home/airflow/.local/lib/python3.12/site-packages/airflow/example_dags/example_display_name.py took 0.057 seconds
[2025-11-12T19:20:30.274+0000] {processor.py:161} INFO - Started process (PID=498) to work on /home/airflow/.local/lib/python3.12/site-packages/airflow/example_dags/example_display_name.py
[2025-11-12T19:20:30.276+0000] {processor.py:830} INFO - Processing file /home/airflow/.local/lib/python3.12/site-packages/airflow/example_dags/example_display_name.py for tasks to queue
[2025-11-12T19:20:30.278+0000] {logging_mixin.py:188} INFO - [2025-11-12T19:20:30.278+0000] {dagbag.py:545} INFO - Filling up the DagBag from /home/airflow/.local/lib/python3.12/site-packages/airflow/example_dags/example_display_name.py
[2025-11-12T19:20:30.284+0000] {processor.py:840} INFO - DAG(s) 'example_display_name' retrieved from /home/airflow/.local/lib/python3.12/site-packages/airflow/example_dags/example_display_name.py
[2025-11-12T19:20:30.304+0000] {logging_mixin.py:188} INFO - [2025-11-12T19:20:30.303+0000] {dag.py:3096} INFO - Sync 1 DAGs
[2025-11-12T19:20:30.317+0000] {logging_mixin.py:188} INFO - [2025-11-12T19:20:30.317+0000] {dag.py:3954} INFO - Setting next_dagrun for example_display_name to None, run_after=None
[2025-11-12T19:20:30.345+0000] {processor.py:183} INFO - Processing /home/airflow/.local/lib/python3.12/site-packages/airflow/example_dags/example_display_name.py took 0.075 seconds
[2025-11-12T19:21:00.590+0000] {processor.py:161} INFO - Started process (PID=558) to work on /home/airflow/.local/lib/python3.12/site-packages/airflow/example_dags/example_display_name.py
[2025-11-12T19:21:00.591+0000] {processor.py:830} INFO - Processing file /home/airflow/.local/lib/python3.12/site-packages/airflow/example_dags/example_display_name.py for tasks to queue
[2025-11-12T19:21:00.593+0000] {logging_mixin.py:188} INFO - [2025-11-12T19:21:00.593+0000] {dagbag.py:545} INFO - Filling up the DagBag from /home/airflow/.local/lib/python3.12/site-packages/airflow/example_dags/example_display_name.py
[2025-11-12T19:21:00.598+0000] {processor.py:840} INFO - DAG(s) 'example_display_name' retrieved from /home/airflow/.local/lib/python3.12/site-packages/airflow/example_dags/example_display_name.py
[2025-11-12T19:21:00.619+0000] {logging_mixin.py:188} INFO - [2025-11-12T19:21:00.618+0000] {dag.py:3096} INFO - Sync 1 DAGs
[2025-11-12T19:21:00.628+0000] {logging_mixin.py:188} INFO - [2025-11-12T19:21:00.628+0000] {dag.py:3954} INFO - Setting next_dagrun for example_display_name to None, run_after=None
[2025-11-12T19:21:00.648+0000] {processor.py:183} INFO - Processing /home/airflow/.local/lib/python3.12/site-packages/airflow/example_dags/example_display_name.py took 0.062 seconds
[2025-11-12T19:21:31.015+0000] {processor.py:161} INFO - Started process (PID=618) to work on /home/airflow/.local/lib/python3.12/site-packages/airflow/example_dags/example_display_name.py
[2025-11-12T19:21:31.016+0000] {processor.py:830} INFO - Processing file /home/airflow/.local/lib/python3.12/site-packages/airflow/example_dags/example_display_name.py for tasks to queue
[2025-11-12T19:21:31.018+0000] {logging_mixin.py:188} INFO - [2025-11-12T19:21:31.018+0000] {dagbag.py:545} INFO - Filling up the DagBag from /home/airflow/.local/lib/python3.12/site-packages/airflow/example_dags/example_display_name.py
[2025-11-12T19:21:31.023+0000] {processor.py:840} INFO - DAG(s) 'example_display_name' retrieved from /home/airflow/.local/lib/python3.12/site-packages/airflow/example_dags/example_display_name.py
[2025-11-12T19:21:31.042+0000] {logging_mixin.py:188} INFO - [2025-11-12T19:21:31.041+0000] {dag.py:3096} INFO - Sync 1 DAGs
[2025-11-12T19:21:31.051+0000] {logging_mixin.py:188} INFO - [2025-11-12T19:21:31.051+0000] {dag.py:3954} INFO - Setting next_dagrun for example_display_name to None, run_after=None
[2025-11-12T19:21:31.069+0000] {processor.py:183} INFO - Processing /home/airflow/.local/lib/python3.12/site-packages/airflow/example_dags/example_display_name.py took 0.058 seconds
[2025-11-12T19:22:01.358+0000] {processor.py:161} INFO - Started process (PID=678) to work on /home/airflow/.local/lib/python3.12/site-packages/airflow/example_dags/example_display_name.py
[2025-11-12T19:22:01.359+0000] {processor.py:830} INFO - Processing file /home/airflow/.local/lib/python3.12/site-packages/airflow/example_dags/example_display_name.py for tasks to queue
[2025-11-12T19:22:01.361+0000] {logging_mixin.py:188} INFO - [2025-11-12T19:22:01.361+0000] {dagbag.py:545} INFO - Filling up the DagBag from /home/airflow/.local/lib/python3.12/site-packages/airflow/example_dags/example_display_name.py
[2025-11-12T19:22:01.366+0000] {processor.py:840} INFO - DAG(s) 'example_display_name' retrieved from /home/airflow/.local/lib/python3.12/site-packages/airflow/example_dags/example_display_name.py
[2025-11-12T19:22:01.386+0000] {logging_mixin.py:188} INFO - [2025-11-12T19:22:01.386+0000] {dag.py:3096} INFO - Sync 1 DAGs
[2025-11-12T19:22:01.396+0000] {logging_mixin.py:188} INFO - [2025-11-12T19:22:01.396+0000] {dag.py:3954} INFO - Setting next_dagrun for example_display_name to None, run_after=None
[2025-11-12T19:22:01.413+0000] {processor.py:183} INFO - Processing /home/airflow/.local/lib/python3.12/site-packages/airflow/example_dags/example_display_name.py took 0.059 seconds
[2025-11-12T19:22:31.537+0000] {processor.py:161} INFO - Started process (PID=739) to work on /home/airflow/.local/lib/python3.12/site-packages/airflow/example_dags/example_display_name.py
[2025-11-12T19:22:31.538+0000] {processor.py:830} INFO - Processing file /home/airflow/.local/lib/python3.12/site-packages/airflow/example_dags/example_display_name.py for tasks to queue
[2025-11-12T19:22:31.540+0000] {logging_mixin.py:188} INFO - [2025-11-12T19:22:31.540+0000] {dagbag.py:545} INFO - Filling up the DagBag from /home/airflow/.local/lib/python3.12/site-packages/airflow/example_dags/example_display_name.py
[2025-11-12T19:22:31.546+0000] {processor.py:840} INFO - DAG(s) 'example_display_name' retrieved from /home/airflow/.local/lib/python3.12/site-packages/airflow/example_dags/example_display_name.py
[2025-11-12T19:22:31.567+0000] {logging_mixin.py:188} INFO - [2025-11-12T19:22:31.567+0000] {dag.py:3096} INFO - Sync 1 DAGs
[2025-11-12T19:22:31.578+0000] {logging_mixin.py:188} INFO - [2025-11-12T19:22:31.578+0000] {dag.py:3954} INFO - Setting next_dagrun for example_display_name to None, run_after=None
[2025-11-12T19:22:31.595+0000] {processor.py:183} INFO - Processing /home/airflow/.local/lib/python3.12/site-packages/airflow/example_dags/example_display_name.py took 0.063 seconds
[2025-11-12T19:23:01.891+0000] {processor.py:161} INFO - Started process (PID=799) to work on /home/airflow/.local/lib/python3.12/site-packages/airflow/example_dags/example_display_name.py
[2025-11-12T19:23:01.892+0000] {processor.py:830} INFO - Processing file /home/airflow/.local/lib/python3.12/site-packages/airflow/example_dags/example_display_name.py for tasks to queue
[2025-11-12T19:23:01.894+0000] {logging_mixin.py:188} INFO - [2025-11-12T19:23:01.894+0000] {dagbag.py:545} INFO - Filling up the DagBag from /home/airflow/.local/lib/python3.12/site-packages/airflow/example_dags/example_display_name.py
[2025-11-12T19:23:01.898+0000] {processor.py:840} INFO - DAG(s) 'example_display_name' retrieved from /home/airflow/.local/lib/python3.12/site-packages/airflow/example_dags/example_display_name.py
[2025-11-12T19:23:01.917+0000] {logging_mixin.py:188} INFO - [2025-11-12T19:23:01.917+0000] {dag.py:3096} INFO - Sync 1 DAGs
[2025-11-12T19:23:01.927+0000] {logging_mixin.py:188} INFO - [2025-11-12T19:23:01.927+0000] {dag.py:3954} INFO - Setting next_dagrun for example_display_name to None, run_after=None
[2025-11-12T19:23:01.947+0000] {processor.py:183} INFO - Processing /home/airflow/.local/lib/python3.12/site-packages/airflow/example_dags/example_display_name.py took 0.062 seconds
[2025-11-12T19:23:32.338+0000] {processor.py:161} INFO - Started process (PID=859) to work on /home/airflow/.local/lib/python3.12/site-packages/airflow/example_dags/example_display_name.py
[2025-11-12T19:23:32.339+0000] {processor.py:830} INFO - Processing file /home/airflow/.local/lib/python3.12/site-packages/airflow/example_dags/example_display_name.py for tasks to queue
[2025-11-12T19:23:32.341+0000] {logging_mixin.py:188} INFO - [2025-11-12T19:23:32.341+0000] {dagbag.py:545} INFO - Filling up the DagBag from /home/airflow/.local/lib/python3.12/site-packages/airflow/example_dags/example_display_name.py
[2025-11-12T19:23:32.346+0000] {processor.py:840} INFO - DAG(s) 'example_display_name' retrieved from /home/airflow/.local/lib/python3.12/site-packages/airflow/example_dags/example_display_name.py
[2025-11-12T19:23:32.364+0000] {logging_mixin.py:188} INFO - [2025-11-12T19:23:32.364+0000] {dag.py:3096} INFO - Sync 1 DAGs
[2025-11-12T19:23:32.374+0000] {logging_mixin.py:188} INFO - [2025-11-12T19:23:32.374+0000] {dag.py:3954} INFO - Setting next_dagrun for example_display_name to None, run_after=None
[2025-11-12T19:23:32.393+0000] {processor.py:183} INFO - Processing /home/airflow/.local/lib/python3.12/site-packages/airflow/example_dags/example_display_name.py took 0.061 seconds
[2025-11-12T19:24:02.599+0000] {processor.py:161} INFO - Started process (PID=919) to work on /home/airflow/.local/lib/python3.12/site-packages/airflow/example_dags/example_display_name.py
[2025-11-12T19:24:02.600+0000] {processor.py:830} INFO - Processing file /home/airflow/.local/lib/python3.12/site-packages/airflow/example_dags/example_display_name.py for tasks to queue
[2025-11-12T19:24:02.602+0000] {logging_mixin.py:188} INFO - [2025-11-12T19:24:02.602+0000] {dagbag.py:545} INFO - Filling up the DagBag from /home/airflow/.local/lib/python3.12/site-packages/airflow/example_dags/example_display_name.py
[2025-11-12T19:24:02.607+0000] {processor.py:840} INFO - DAG(s) 'example_display_name' retrieved from /home/airflow/.local/lib/python3.12/site-packages/airflow/example_dags/example_display_name.py
[2025-11-12T19:24:02.628+0000] {logging_mixin.py:188} INFO - [2025-11-12T19:24:02.627+0000] {dag.py:3096} INFO - Sync 1 DAGs
[2025-11-12T19:24:02.638+0000] {logging_mixin.py:188} INFO - [2025-11-12T19:24:02.638+0000] {dag.py:3954} INFO - Setting next_dagrun for example_display_name to None, run_after=None
[2025-11-12T19:24:02.658+0000] {processor.py:183} INFO - Processing /home/airflow/.local/lib/python3.12/site-packages/airflow/example_dags/example_display_name.py took 0.064 seconds
[2025-11-12T19:24:32.938+0000] {processor.py:161} INFO - Started process (PID=979) to work on /home/airflow/.local/lib/python3.12/site-packages/airflow/example_dags/example_display_name.py
[2025-11-12T19:24:32.939+0000] {processor.py:830} INFO - Processing file /home/airflow/.local/lib/python3.12/site-packages/airflow/example_dags/example_display_name.py for tasks to queue
[2025-11-12T19:24:32.941+0000] {logging_mixin.py:188} INFO - [2025-11-12T19:24:32.941+0000] {dagbag.py:545} INFO - Filling up the DagBag from /home/airflow/.local/lib/python3.12/site-packages/airflow/example_dags/example_display_name.py
[2025-11-12T19:24:32.946+0000] {processor.py:840} INFO - DAG(s) 'example_display_name' retrieved from /home/airflow/.local/lib/python3.12/site-packages/airflow/example_dags/example_display_name.py
[2025-11-12T19:24:32.967+0000] {logging_mixin.py:188} INFO - [2025-11-12T19:24:32.966+0000] {dag.py:3096} INFO - Sync 1 DAGs
[2025-11-12T19:24:32.976+0000] {logging_mixin.py:188} INFO - [2025-11-12T19:24:32.976+0000] {dag.py:3954} INFO - Setting next_dagrun for example_display_name to None, run_after=None
[2025-11-12T19:24:32.996+0000] {processor.py:183} INFO - Processing /home/airflow/.local/lib/python3.12/site-packages/airflow/example_dags/example_display_name.py took 0.062 seconds
[2025-11-12T19:25:03.932+0000] {processor.py:161} INFO - Started process (PID=1039) to work on /home/airflow/.local/lib/python3.12/site-packages/airflow/example_dags/example_display_name.py
[2025-11-12T19:25:03.933+0000] {processor.py:830} INFO - Processing file /home/airflow/.local/lib/python3.12/site-packages/airflow/example_dags/example_display_name.py for tasks to queue
[2025-11-12T19:25:03.935+0000] {logging_mixin.py:188} INFO - [2025-11-12T19:25:03.934+0000] {dagbag.py:545} INFO - Filling up the DagBag from /home/airflow/.local/lib/python3.12/site-packages/airflow/example_dags/example_display_name.py
[2025-11-12T19:25:03.940+0000] {processor.py:840} INFO - DAG(s) 'example_display_name' retrieved from /home/airflow/.local/lib/python3.12/site-packages/airflow/example_dags/example_display_name.py
[2025-11-12T19:25:03.960+0000] {logging_mixin.py:188} INFO - [2025-11-12T19:25:03.959+0000] {dag.py:3096} INFO - Sync 1 DAGs
[2025-11-12T19:25:03.971+0000] {logging_mixin.py:188} INFO - [2025-11-12T19:25:03.971+0000] {dag.py:3954} INFO - Setting next_dagrun for example_display_name to None, run_after=None
[2025-11-12T19:25:03.993+0000] {processor.py:183} INFO - Processing /home/airflow/.local/lib/python3.12/site-packages/airflow/example_dags/example_display_name.py took 0.067 seconds
[2025-11-12T19:25:34.220+0000] {processor.py:161} INFO - Started process (PID=1099) to work on /home/airflow/.local/lib/python3.12/site-packages/airflow/example_dags/example_display_name.py
[2025-11-12T19:25:34.221+0000] {processor.py:830} INFO - Processing file /home/airflow/.local/lib/python3.12/site-packages/airflow/example_dags/example_display_name.py for tasks to queue
[2025-11-12T19:25:34.223+0000] {logging_mixin.py:188} INFO - [2025-11-12T19:25:34.223+0000] {dagbag.py:545} INFO - Filling up the DagBag from /home/airflow/.local/lib/python3.12/site-packages/airflow/example_dags/example_display_name.py
[2025-11-12T19:25:34.228+0000] {processor.py:840} INFO - DAG(s) 'example_display_name' retrieved from /home/airflow/.local/lib/python3.12/site-packages/airflow/example_dags/example_display_name.py
[2025-11-12T19:25:34.249+0000] {logging_mixin.py:188} INFO - [2025-11-12T19:25:34.248+0000] {dag.py:3096} INFO - Sync 1 DAGs
[2025-11-12T19:25:34.258+0000] {logging_mixin.py:188} INFO - [2025-11-12T19:25:34.258+0000] {dag.py:3954} INFO - Setting next_dagrun for example_display_name to None, run_after=None
[2025-11-12T19:25:34.277+0000] {processor.py:183} INFO - Processing /home/airflow/.local/lib/python3.12/site-packages/airflow/example_dags/example_display_name.py took 0.062 seconds
[2025-11-12T19:26:04.541+0000] {processor.py:161} INFO - Started process (PID=1159) to work on /home/airflow/.local/lib/python3.12/site-packages/airflow/example_dags/example_display_name.py
[2025-11-12T19:26:04.542+0000] {processor.py:830} INFO - Processing file /home/airflow/.local/lib/python3.12/site-packages/airflow/example_dags/example_display_name.py for tasks to queue
[2025-11-12T19:26:04.544+0000] {logging_mixin.py:188} INFO - [2025-11-12T19:26:04.543+0000] {dagbag.py:545} INFO - Filling up the DagBag from /home/airflow/.local/lib/python3.12/site-packages/airflow/example_dags/example_display_name.py
[2025-11-12T19:26:04.549+0000] {processor.py:840} INFO - DAG(s) 'example_display_name' retrieved from /home/airflow/.local/lib/python3.12/site-packages/airflow/example_dags/example_display_name.py
[2025-11-12T19:26:04.571+0000] {logging_mixin.py:188} INFO - [2025-11-12T19:26:04.571+0000] {dag.py:3096} INFO - Sync 1 DAGs
[2025-11-12T19:26:04.581+0000] {logging_mixin.py:188} INFO - [2025-11-12T19:26:04.580+0000] {dag.py:3954} INFO - Setting next_dagrun for example_display_name to None, run_after=None
[2025-11-12T19:26:04.599+0000] {processor.py:183} INFO - Processing /home/airflow/.local/lib/python3.12/site-packages/airflow/example_dags/example_display_name.py took 0.063 seconds
[2025-11-12T19:26:35.118+0000] {processor.py:161} INFO - Started process (PID=1220) to work on /home/airflow/.local/lib/python3.12/site-packages/airflow/example_dags/example_display_name.py
[2025-11-12T19:26:35.119+0000] {processor.py:830} INFO - Processing file /home/airflow/.local/lib/python3.12/site-packages/airflow/example_dags/example_display_name.py for tasks to queue
[2025-11-12T19:26:35.123+0000] {logging_mixin.py:188} INFO - [2025-11-12T19:26:35.122+0000] {dagbag.py:545} INFO - Filling up the DagBag from /home/airflow/.local/lib/python3.12/site-packages/airflow/example_dags/example_display_name.py
[2025-11-12T19:26:35.129+0000] {processor.py:840} INFO - DAG(s) 'example_display_name' retrieved from /home/airflow/.local/lib/python3.12/site-packages/airflow/example_dags/example_display_name.py
[2025-11-12T19:26:35.152+0000] {logging_mixin.py:188} INFO - [2025-11-12T19:26:35.152+0000] {dag.py:3096} INFO - Sync 1 DAGs
[2025-11-12T19:26:35.168+0000] {logging_mixin.py:188} INFO - [2025-11-12T19:26:35.168+0000] {dag.py:3954} INFO - Setting next_dagrun for example_display_name to None, run_after=None
[2025-11-12T19:26:35.194+0000] {processor.py:183} INFO - Processing /home/airflow/.local/lib/python3.12/site-packages/airflow/example_dags/example_display_name.py took 0.083 seconds
[2025-11-12T19:27:05.615+0000] {processor.py:161} INFO - Started process (PID=1280) to work on /home/airflow/.local/lib/python3.12/site-packages/airflow/example_dags/example_display_name.py
[2025-11-12T19:27:05.616+0000] {processor.py:830} INFO - Processing file /home/airflow/.local/lib/python3.12/site-packages/airflow/example_dags/example_display_name.py for tasks to queue
[2025-11-12T19:27:05.618+0000] {logging_mixin.py:188} INFO - [2025-11-12T19:27:05.618+0000] {dagbag.py:545} INFO - Filling up the DagBag from /home/airflow/.local/lib/python3.12/site-packages/airflow/example_dags/example_display_name.py
[2025-11-12T19:27:05.623+0000] {processor.py:840} INFO - DAG(s) 'example_display_name' retrieved from /home/airflow/.local/lib/python3.12/site-packages/airflow/example_dags/example_display_name.py
[2025-11-12T19:27:05.640+0000] {logging_mixin.py:188} INFO - [2025-11-12T19:27:05.640+0000] {dag.py:3096} INFO - Sync 1 DAGs
[2025-11-12T19:27:05.651+0000] {logging_mixin.py:188} INFO - [2025-11-12T19:27:05.650+0000] {dag.py:3954} INFO - Setting next_dagrun for example_display_name to None, run_after=None
[2025-11-12T19:27:05.669+0000] {processor.py:183} INFO - Processing /home/airflow/.local/lib/python3.12/site-packages/airflow/example_dags/example_display_name.py took 0.058 seconds
[2025-11-12T19:27:36.246+0000] {processor.py:161} INFO - Started process (PID=1340) to work on /home/airflow/.local/lib/python3.12/site-packages/airflow/example_dags/example_display_name.py
[2025-11-12T19:27:36.247+0000] {processor.py:830} INFO - Processing file /home/airflow/.local/lib/python3.12/site-packages/airflow/example_dags/example_display_name.py for tasks to queue
[2025-11-12T19:27:36.252+0000] {logging_mixin.py:188} INFO - [2025-11-12T19:27:36.251+0000] {dagbag.py:545} INFO - Filling up the DagBag from /home/airflow/.local/lib/python3.12/site-packages/airflow/example_dags/example_display_name.py
[2025-11-12T19:27:36.258+0000] {processor.py:840} INFO - DAG(s) 'example_display_name' retrieved from /home/airflow/.local/lib/python3.12/site-packages/airflow/example_dags/example_display_name.py
[2025-11-12T19:27:36.283+0000] {logging_mixin.py:188} INFO - [2025-11-12T19:27:36.282+0000] {dag.py:3096} INFO - Sync 1 DAGs
[2025-11-12T19:27:36.296+0000] {logging_mixin.py:188} INFO - [2025-11-12T19:27:36.296+0000] {dag.py:3954} INFO - Setting next_dagrun for example_display_name to None, run_after=None
[2025-11-12T19:27:36.327+0000] {processor.py:183} INFO - Processing /home/airflow/.local/lib/python3.12/site-packages/airflow/example_dags/example_display_name.py took 0.087 seconds
[2025-11-12T19:28:07.375+0000] {processor.py:161} INFO - Started process (PID=1401) to work on /home/airflow/.local/lib/python3.12/site-packages/airflow/example_dags/example_display_name.py
[2025-11-12T19:28:07.376+0000] {processor.py:830} INFO - Processing file /home/airflow/.local/lib/python3.12/site-packages/airflow/example_dags/example_display_name.py for tasks to queue
[2025-11-12T19:28:07.377+0000] {logging_mixin.py:188} INFO - [2025-11-12T19:28:07.377+0000] {dagbag.py:545} INFO - Filling up the DagBag from /home/airflow/.local/lib/python3.12/site-packages/airflow/example_dags/example_display_name.py
[2025-11-12T19:28:07.382+0000] {processor.py:840} INFO - DAG(s) 'example_display_name' retrieved from /home/airflow/.local/lib/python3.12/site-packages/airflow/example_dags/example_display_name.py
[2025-11-12T19:28:07.401+0000] {logging_mixin.py:188} INFO - [2025-11-12T19:28:07.401+0000] {dag.py:3096} INFO - Sync 1 DAGs
[2025-11-12T19:28:07.410+0000] {logging_mixin.py:188} INFO - [2025-11-12T19:28:07.410+0000] {dag.py:3954} INFO - Setting next_dagrun for example_display_name to None, run_after=None
[2025-11-12T19:28:07.429+0000] {processor.py:183} INFO - Processing /home/airflow/.local/lib/python3.12/site-packages/airflow/example_dags/example_display_name.py took 0.059 seconds
[2025-11-12T19:28:37.581+0000] {processor.py:161} INFO - Started process (PID=1461) to work on /home/airflow/.local/lib/python3.12/site-packages/airflow/example_dags/example_display_name.py
[2025-11-12T19:28:37.583+0000] {processor.py:830} INFO - Processing file /home/airflow/.local/lib/python3.12/site-packages/airflow/example_dags/example_display_name.py for tasks to queue
[2025-11-12T19:28:37.585+0000] {logging_mixin.py:188} INFO - [2025-11-12T19:28:37.584+0000] {dagbag.py:545} INFO - Filling up the DagBag from /home/airflow/.local/lib/python3.12/site-packages/airflow/example_dags/example_display_name.py
[2025-11-12T19:28:37.589+0000] {processor.py:840} INFO - DAG(s) 'example_display_name' retrieved from /home/airflow/.local/lib/python3.12/site-packages/airflow/example_dags/example_display_name.py
[2025-11-12T19:28:37.606+0000] {logging_mixin.py:188} INFO - [2025-11-12T19:28:37.606+0000] {dag.py:3096} INFO - Sync 1 DAGs
[2025-11-12T19:28:37.616+0000] {logging_mixin.py:188} INFO - [2025-11-12T19:28:37.616+0000] {dag.py:3954} INFO - Setting next_dagrun for example_display_name to None, run_after=None
[2025-11-12T19:28:37.634+0000] {processor.py:183} INFO - Processing /home/airflow/.local/lib/python3.12/site-packages/airflow/example_dags/example_display_name.py took 0.057 seconds
[2025-11-12T19:29:08.536+0000] {processor.py:161} INFO - Started process (PID=1521) to work on /home/airflow/.local/lib/python3.12/site-packages/airflow/example_dags/example_display_name.py
[2025-11-12T19:29:08.537+0000] {processor.py:830} INFO - Processing file /home/airflow/.local/lib/python3.12/site-packages/airflow/example_dags/example_display_name.py for tasks to queue
[2025-11-12T19:29:08.539+0000] {logging_mixin.py:188} INFO - [2025-11-12T19:29:08.539+0000] {dagbag.py:545} INFO - Filling up the DagBag from /home/airflow/.local/lib/python3.12/site-packages/airflow/example_dags/example_display_name.py
[2025-11-12T19:29:08.545+0000] {processor.py:840} INFO - DAG(s) 'example_display_name' retrieved from /home/airflow/.local/lib/python3.12/site-packages/airflow/example_dags/example_display_name.py
[2025-11-12T19:29:08.567+0000] {logging_mixin.py:188} INFO - [2025-11-12T19:29:08.567+0000] {dag.py:3096} INFO - Sync 1 DAGs
[2025-11-12T19:29:08.783+0000] {logging_mixin.py:188} INFO - [2025-11-12T19:29:08.783+0000] {dag.py:3954} INFO - Setting next_dagrun for example_display_name to None, run_after=None
[2025-11-12T19:29:08.816+0000] {processor.py:183} INFO - Processing /home/airflow/.local/lib/python3.12/site-packages/airflow/example_dags/example_display_name.py took 0.288 seconds
[2025-11-12T19:29:39.682+0000] {processor.py:161} INFO - Started process (PID=1581) to work on /home/airflow/.local/lib/python3.12/site-packages/airflow/example_dags/example_display_name.py
[2025-11-12T19:29:39.683+0000] {processor.py:830} INFO - Processing file /home/airflow/.local/lib/python3.12/site-packages/airflow/example_dags/example_display_name.py for tasks to queue
[2025-11-12T19:29:39.685+0000] {logging_mixin.py:188} INFO - [2025-11-12T19:29:39.684+0000] {dagbag.py:545} INFO - Filling up the DagBag from /home/airflow/.local/lib/python3.12/site-packages/airflow/example_dags/example_display_name.py
[2025-11-12T19:29:39.690+0000] {processor.py:840} INFO - DAG(s) 'example_display_name' retrieved from /home/airflow/.local/lib/python3.12/site-packages/airflow/example_dags/example_display_name.py
[2025-11-12T19:29:39.711+0000] {logging_mixin.py:188} INFO - [2025-11-12T19:29:39.710+0000] {dag.py:3096} INFO - Sync 1 DAGs
[2025-11-12T19:29:39.728+0000] {logging_mixin.py:188} INFO - [2025-11-12T19:29:39.728+0000] {dag.py:3954} INFO - Setting next_dagrun for example_display_name to None, run_after=None
[2025-11-12T19:29:39.964+0000] {processor.py:183} INFO - Processing /home/airflow/.local/lib/python3.12/site-packages/airflow/example_dags/example_display_name.py took 0.288 seconds
[2025-11-12T19:30:10.079+0000] {processor.py:161} INFO - Started process (PID=1641) to work on /home/airflow/.local/lib/python3.12/site-packages/airflow/example_dags/example_display_name.py
[2025-11-12T19:30:10.080+0000] {processor.py:830} INFO - Processing file /home/airflow/.local/lib/python3.12/site-packages/airflow/example_dags/example_display_name.py for tasks to queue
[2025-11-12T19:30:10.082+0000] {logging_mixin.py:188} INFO - [2025-11-12T19:30:10.082+0000] {dagbag.py:545} INFO - Filling up the DagBag from /home/airflow/.local/lib/python3.12/site-packages/airflow/example_dags/example_display_name.py
[2025-11-12T19:30:10.087+0000] {processor.py:840} INFO - DAG(s) 'example_display_name' retrieved from /home/airflow/.local/lib/python3.12/site-packages/airflow/example_dags/example_display_name.py
[2025-11-12T19:30:10.111+0000] {logging_mixin.py:188} INFO - [2025-11-12T19:30:10.110+0000] {dag.py:3096} INFO - Sync 1 DAGs
[2025-11-12T19:30:10.122+0000] {logging_mixin.py:188} INFO - [2025-11-12T19:30:10.122+0000] {dag.py:3954} INFO - Setting next_dagrun for example_display_name to None, run_after=None
[2025-11-12T19:30:10.141+0000] {processor.py:183} INFO - Processing /home/airflow/.local/lib/python3.12/site-packages/airflow/example_dags/example_display_name.py took 0.067 seconds
[2025-11-12T19:30:40.350+0000] {processor.py:161} INFO - Started process (PID=1701) to work on /home/airflow/.local/lib/python3.12/site-packages/airflow/example_dags/example_display_name.py
[2025-11-12T19:30:40.351+0000] {processor.py:830} INFO - Processing file /home/airflow/.local/lib/python3.12/site-packages/airflow/example_dags/example_display_name.py for tasks to queue
[2025-11-12T19:30:40.353+0000] {logging_mixin.py:188} INFO - [2025-11-12T19:30:40.353+0000] {dagbag.py:545} INFO - Filling up the DagBag from /home/airflow/.local/lib/python3.12/site-packages/airflow/example_dags/example_display_name.py
[2025-11-12T19:30:40.358+0000] {processor.py:840} INFO - DAG(s) 'example_display_name' retrieved from /home/airflow/.local/lib/python3.12/site-packages/airflow/example_dags/example_display_name.py
[2025-11-12T19:30:40.377+0000] {logging_mixin.py:188} INFO - [2025-11-12T19:30:40.377+0000] {dag.py:3096} INFO - Sync 1 DAGs
[2025-11-12T19:30:40.389+0000] {logging_mixin.py:188} INFO - [2025-11-12T19:30:40.388+0000] {dag.py:3954} INFO - Setting next_dagrun for example_display_name to None, run_after=None
[2025-11-12T19:30:40.411+0000] {processor.py:183} INFO - Processing /home/airflow/.local/lib/python3.12/site-packages/airflow/example_dags/example_display_name.py took 0.066 seconds
[2025-11-12T19:31:10.775+0000] {processor.py:161} INFO - Started process (PID=1761) to work on /home/airflow/.local/lib/python3.12/site-packages/airflow/example_dags/example_display_name.py
[2025-11-12T19:31:10.777+0000] {processor.py:830} INFO - Processing file /home/airflow/.local/lib/python3.12/site-packages/airflow/example_dags/example_display_name.py for tasks to queue
[2025-11-12T19:31:10.780+0000] {logging_mixin.py:188} INFO - [2025-11-12T19:31:10.779+0000] {dagbag.py:545} INFO - Filling up the DagBag from /home/airflow/.local/lib/python3.12/site-packages/airflow/example_dags/example_display_name.py
[2025-11-12T19:31:10.789+0000] {processor.py:840} INFO - DAG(s) 'example_display_name' retrieved from /home/airflow/.local/lib/python3.12/site-packages/airflow/example_dags/example_display_name.py
[2025-11-12T19:31:10.820+0000] {logging_mixin.py:188} INFO - [2025-11-12T19:31:10.819+0000] {dag.py:3096} INFO - Sync 1 DAGs
[2025-11-12T19:31:10.838+0000] {logging_mixin.py:188} INFO - [2025-11-12T19:31:10.838+0000] {dag.py:3954} INFO - Setting next_dagrun for example_display_name to None, run_after=None
[2025-11-12T19:31:10.867+0000] {processor.py:183} INFO - Processing /home/airflow/.local/lib/python3.12/site-packages/airflow/example_dags/example_display_name.py took 0.099 seconds
[2025-11-12T19:31:41.623+0000] {processor.py:161} INFO - Started process (PID=1824) to work on /home/airflow/.local/lib/python3.12/site-packages/airflow/example_dags/example_display_name.py
[2025-11-12T19:31:41.625+0000] {processor.py:830} INFO - Processing file /home/airflow/.local/lib/python3.12/site-packages/airflow/example_dags/example_display_name.py for tasks to queue
[2025-11-12T19:31:41.628+0000] {logging_mixin.py:188} INFO - [2025-11-12T19:31:41.627+0000] {dagbag.py:545} INFO - Filling up the DagBag from /home/airflow/.local/lib/python3.12/site-packages/airflow/example_dags/example_display_name.py
[2025-11-12T19:31:41.635+0000] {processor.py:840} INFO - DAG(s) 'example_display_name' retrieved from /home/airflow/.local/lib/python3.12/site-packages/airflow/example_dags/example_display_name.py
[2025-11-12T19:31:41.662+0000] {logging_mixin.py:188} INFO - [2025-11-12T19:31:41.661+0000] {dag.py:3096} INFO - Sync 1 DAGs
[2025-11-12T19:31:41.679+0000] {logging_mixin.py:188} INFO - [2025-11-12T19:31:41.678+0000] {dag.py:3954} INFO - Setting next_dagrun for example_display_name to None, run_after=None
[2025-11-12T19:31:41.706+0000] {processor.py:183} INFO - Processing /home/airflow/.local/lib/python3.12/site-packages/airflow/example_dags/example_display_name.py took 0.091 seconds
