[2025-11-12T19:06:11.192+0000] {processor.py:161} INFO - Started process (PID=90) to work on /home/airflow/.local/lib/python3.12/site-packages/airflow/example_dags/example_kubernetes_executor.py
[2025-11-12T19:06:11.193+0000] {processor.py:830} INFO - Processing file /home/airflow/.local/lib/python3.12/site-packages/airflow/example_dags/example_kubernetes_executor.py for tasks to queue
[2025-11-12T19:06:11.196+0000] {logging_mixin.py:188} INFO - [2025-11-12T19:06:11.195+0000] {dagbag.py:545} INFO - Filling up the DagBag from /home/airflow/.local/lib/python3.12/site-packages/airflow/example_dags/example_kubernetes_executor.py
[2025-11-12T19:06:11.214+0000] {processor.py:840} INFO - DAG(s) 'example_kubernetes_executor' retrieved from /home/airflow/.local/lib/python3.12/site-packages/airflow/example_dags/example_kubernetes_executor.py
[2025-11-12T19:06:11.390+0000] {logging_mixin.py:188} INFO - [2025-11-12T19:06:11.389+0000] {dag.py:3096} INFO - Sync 1 DAGs
[2025-11-12T19:06:11.401+0000] {logging_mixin.py:188} INFO - [2025-11-12T19:06:11.401+0000] {dag.py:3954} INFO - Setting next_dagrun for example_kubernetes_executor to None, run_after=None
[2025-11-12T19:06:11.430+0000] {processor.py:183} INFO - Processing /home/airflow/.local/lib/python3.12/site-packages/airflow/example_dags/example_kubernetes_executor.py took 0.244 seconds
[2025-11-12T19:06:42.510+0000] {processor.py:161} INFO - Started process (PID=151) to work on /home/airflow/.local/lib/python3.12/site-packages/airflow/example_dags/example_kubernetes_executor.py
[2025-11-12T19:06:42.511+0000] {processor.py:830} INFO - Processing file /home/airflow/.local/lib/python3.12/site-packages/airflow/example_dags/example_kubernetes_executor.py for tasks to queue
[2025-11-12T19:06:42.513+0000] {logging_mixin.py:188} INFO - [2025-11-12T19:06:42.513+0000] {dagbag.py:545} INFO - Filling up the DagBag from /home/airflow/.local/lib/python3.12/site-packages/airflow/example_dags/example_kubernetes_executor.py
[2025-11-12T19:06:42.523+0000] {processor.py:840} INFO - DAG(s) 'example_kubernetes_executor' retrieved from /home/airflow/.local/lib/python3.12/site-packages/airflow/example_dags/example_kubernetes_executor.py
[2025-11-12T19:06:42.569+0000] {logging_mixin.py:188} INFO - [2025-11-12T19:06:42.569+0000] {dag.py:3096} INFO - Sync 1 DAGs
[2025-11-12T19:06:42.582+0000] {logging_mixin.py:188} INFO - [2025-11-12T19:06:42.582+0000] {dag.py:3954} INFO - Setting next_dagrun for example_kubernetes_executor to None, run_after=None
[2025-11-12T19:06:42.608+0000] {processor.py:183} INFO - Processing /home/airflow/.local/lib/python3.12/site-packages/airflow/example_dags/example_kubernetes_executor.py took 0.103 seconds
[2025-11-12T19:07:13.617+0000] {processor.py:161} INFO - Started process (PID=211) to work on /home/airflow/.local/lib/python3.12/site-packages/airflow/example_dags/example_kubernetes_executor.py
[2025-11-12T19:07:13.618+0000] {processor.py:830} INFO - Processing file /home/airflow/.local/lib/python3.12/site-packages/airflow/example_dags/example_kubernetes_executor.py for tasks to queue
[2025-11-12T19:07:13.620+0000] {logging_mixin.py:188} INFO - [2025-11-12T19:07:13.620+0000] {dagbag.py:545} INFO - Filling up the DagBag from /home/airflow/.local/lib/python3.12/site-packages/airflow/example_dags/example_kubernetes_executor.py
[2025-11-12T19:07:13.631+0000] {processor.py:840} INFO - DAG(s) 'example_kubernetes_executor' retrieved from /home/airflow/.local/lib/python3.12/site-packages/airflow/example_dags/example_kubernetes_executor.py
[2025-11-12T19:07:13.674+0000] {logging_mixin.py:188} INFO - [2025-11-12T19:07:13.673+0000] {dag.py:3096} INFO - Sync 1 DAGs
[2025-11-12T19:07:13.686+0000] {logging_mixin.py:188} INFO - [2025-11-12T19:07:13.686+0000] {dag.py:3954} INFO - Setting next_dagrun for example_kubernetes_executor to None, run_after=None
[2025-11-12T19:07:13.711+0000] {processor.py:183} INFO - Processing /home/airflow/.local/lib/python3.12/site-packages/airflow/example_dags/example_kubernetes_executor.py took 0.098 seconds
[2025-11-12T19:07:43.784+0000] {processor.py:161} INFO - Started process (PID=271) to work on /home/airflow/.local/lib/python3.12/site-packages/airflow/example_dags/example_kubernetes_executor.py
[2025-11-12T19:07:43.785+0000] {processor.py:830} INFO - Processing file /home/airflow/.local/lib/python3.12/site-packages/airflow/example_dags/example_kubernetes_executor.py for tasks to queue
[2025-11-12T19:07:43.787+0000] {logging_mixin.py:188} INFO - [2025-11-12T19:07:43.786+0000] {dagbag.py:545} INFO - Filling up the DagBag from /home/airflow/.local/lib/python3.12/site-packages/airflow/example_dags/example_kubernetes_executor.py
[2025-11-12T19:07:43.796+0000] {processor.py:840} INFO - DAG(s) 'example_kubernetes_executor' retrieved from /home/airflow/.local/lib/python3.12/site-packages/airflow/example_dags/example_kubernetes_executor.py
[2025-11-12T19:07:43.835+0000] {logging_mixin.py:188} INFO - [2025-11-12T19:07:43.835+0000] {dag.py:3096} INFO - Sync 1 DAGs
[2025-11-12T19:07:43.850+0000] {logging_mixin.py:188} INFO - [2025-11-12T19:07:43.849+0000] {dag.py:3954} INFO - Setting next_dagrun for example_kubernetes_executor to None, run_after=None
[2025-11-12T19:07:43.874+0000] {processor.py:183} INFO - Processing /home/airflow/.local/lib/python3.12/site-packages/airflow/example_dags/example_kubernetes_executor.py took 0.094 seconds
[2025-11-12T19:08:14.612+0000] {processor.py:161} INFO - Started process (PID=331) to work on /home/airflow/.local/lib/python3.12/site-packages/airflow/example_dags/example_kubernetes_executor.py
[2025-11-12T19:08:14.613+0000] {processor.py:830} INFO - Processing file /home/airflow/.local/lib/python3.12/site-packages/airflow/example_dags/example_kubernetes_executor.py for tasks to queue
[2025-11-12T19:08:14.614+0000] {logging_mixin.py:188} INFO - [2025-11-12T19:08:14.614+0000] {dagbag.py:545} INFO - Filling up the DagBag from /home/airflow/.local/lib/python3.12/site-packages/airflow/example_dags/example_kubernetes_executor.py
[2025-11-12T19:08:14.629+0000] {processor.py:840} INFO - DAG(s) 'example_kubernetes_executor' retrieved from /home/airflow/.local/lib/python3.12/site-packages/airflow/example_dags/example_kubernetes_executor.py
[2025-11-12T19:08:14.670+0000] {logging_mixin.py:188} INFO - [2025-11-12T19:08:14.670+0000] {dag.py:3096} INFO - Sync 1 DAGs
[2025-11-12T19:08:14.685+0000] {logging_mixin.py:188} INFO - [2025-11-12T19:08:14.685+0000] {dag.py:3954} INFO - Setting next_dagrun for example_kubernetes_executor to None, run_after=None
[2025-11-12T19:08:14.717+0000] {processor.py:183} INFO - Processing /home/airflow/.local/lib/python3.12/site-packages/airflow/example_dags/example_kubernetes_executor.py took 0.110 seconds
[2025-11-12T19:08:45.129+0000] {processor.py:161} INFO - Started process (PID=391) to work on /home/airflow/.local/lib/python3.12/site-packages/airflow/example_dags/example_kubernetes_executor.py
[2025-11-12T19:08:45.130+0000] {processor.py:830} INFO - Processing file /home/airflow/.local/lib/python3.12/site-packages/airflow/example_dags/example_kubernetes_executor.py for tasks to queue
[2025-11-12T19:08:45.131+0000] {logging_mixin.py:188} INFO - [2025-11-12T19:08:45.131+0000] {dagbag.py:545} INFO - Filling up the DagBag from /home/airflow/.local/lib/python3.12/site-packages/airflow/example_dags/example_kubernetes_executor.py
[2025-11-12T19:08:45.143+0000] {processor.py:840} INFO - DAG(s) 'example_kubernetes_executor' retrieved from /home/airflow/.local/lib/python3.12/site-packages/airflow/example_dags/example_kubernetes_executor.py
[2025-11-12T19:08:45.190+0000] {logging_mixin.py:188} INFO - [2025-11-12T19:08:45.189+0000] {dag.py:3096} INFO - Sync 1 DAGs
[2025-11-12T19:08:45.206+0000] {logging_mixin.py:188} INFO - [2025-11-12T19:08:45.205+0000] {dag.py:3954} INFO - Setting next_dagrun for example_kubernetes_executor to None, run_after=None
[2025-11-12T19:08:45.232+0000] {processor.py:183} INFO - Processing /home/airflow/.local/lib/python3.12/site-packages/airflow/example_dags/example_kubernetes_executor.py took 0.109 seconds
[2025-11-12T19:09:15.493+0000] {processor.py:161} INFO - Started process (PID=452) to work on /home/airflow/.local/lib/python3.12/site-packages/airflow/example_dags/example_kubernetes_executor.py
[2025-11-12T19:09:15.495+0000] {processor.py:830} INFO - Processing file /home/airflow/.local/lib/python3.12/site-packages/airflow/example_dags/example_kubernetes_executor.py for tasks to queue
[2025-11-12T19:09:15.496+0000] {logging_mixin.py:188} INFO - [2025-11-12T19:09:15.496+0000] {dagbag.py:545} INFO - Filling up the DagBag from /home/airflow/.local/lib/python3.12/site-packages/airflow/example_dags/example_kubernetes_executor.py
[2025-11-12T19:09:15.506+0000] {processor.py:840} INFO - DAG(s) 'example_kubernetes_executor' retrieved from /home/airflow/.local/lib/python3.12/site-packages/airflow/example_dags/example_kubernetes_executor.py
[2025-11-12T19:09:15.543+0000] {logging_mixin.py:188} INFO - [2025-11-12T19:09:15.543+0000] {dag.py:3096} INFO - Sync 1 DAGs
[2025-11-12T19:09:15.554+0000] {logging_mixin.py:188} INFO - [2025-11-12T19:09:15.554+0000] {dag.py:3954} INFO - Setting next_dagrun for example_kubernetes_executor to None, run_after=None
[2025-11-12T19:09:15.584+0000] {processor.py:183} INFO - Processing /home/airflow/.local/lib/python3.12/site-packages/airflow/example_dags/example_kubernetes_executor.py took 0.095 seconds
[2025-11-12T19:09:45.635+0000] {processor.py:161} INFO - Started process (PID=513) to work on /home/airflow/.local/lib/python3.12/site-packages/airflow/example_dags/example_kubernetes_executor.py
[2025-11-12T19:09:45.636+0000] {processor.py:830} INFO - Processing file /home/airflow/.local/lib/python3.12/site-packages/airflow/example_dags/example_kubernetes_executor.py for tasks to queue
[2025-11-12T19:09:45.637+0000] {logging_mixin.py:188} INFO - [2025-11-12T19:09:45.637+0000] {dagbag.py:545} INFO - Filling up the DagBag from /home/airflow/.local/lib/python3.12/site-packages/airflow/example_dags/example_kubernetes_executor.py
[2025-11-12T19:09:45.649+0000] {processor.py:840} INFO - DAG(s) 'example_kubernetes_executor' retrieved from /home/airflow/.local/lib/python3.12/site-packages/airflow/example_dags/example_kubernetes_executor.py
[2025-11-12T19:09:45.684+0000] {logging_mixin.py:188} INFO - [2025-11-12T19:09:45.684+0000] {dag.py:3096} INFO - Sync 1 DAGs
[2025-11-12T19:09:45.696+0000] {logging_mixin.py:188} INFO - [2025-11-12T19:09:45.696+0000] {dag.py:3954} INFO - Setting next_dagrun for example_kubernetes_executor to None, run_after=None
[2025-11-12T19:09:45.715+0000] {processor.py:183} INFO - Processing /home/airflow/.local/lib/python3.12/site-packages/airflow/example_dags/example_kubernetes_executor.py took 0.084 seconds
[2025-11-12T19:10:16.833+0000] {processor.py:161} INFO - Started process (PID=573) to work on /home/airflow/.local/lib/python3.12/site-packages/airflow/example_dags/example_kubernetes_executor.py
[2025-11-12T19:10:16.834+0000] {processor.py:830} INFO - Processing file /home/airflow/.local/lib/python3.12/site-packages/airflow/example_dags/example_kubernetes_executor.py for tasks to queue
[2025-11-12T19:10:16.835+0000] {logging_mixin.py:188} INFO - [2025-11-12T19:10:16.835+0000] {dagbag.py:545} INFO - Filling up the DagBag from /home/airflow/.local/lib/python3.12/site-packages/airflow/example_dags/example_kubernetes_executor.py
[2025-11-12T19:10:16.847+0000] {processor.py:840} INFO - DAG(s) 'example_kubernetes_executor' retrieved from /home/airflow/.local/lib/python3.12/site-packages/airflow/example_dags/example_kubernetes_executor.py
[2025-11-12T19:10:16.882+0000] {logging_mixin.py:188} INFO - [2025-11-12T19:10:16.882+0000] {dag.py:3096} INFO - Sync 1 DAGs
[2025-11-12T19:10:16.893+0000] {logging_mixin.py:188} INFO - [2025-11-12T19:10:16.892+0000] {dag.py:3954} INFO - Setting next_dagrun for example_kubernetes_executor to None, run_after=None
[2025-11-12T19:10:16.910+0000] {processor.py:183} INFO - Processing /home/airflow/.local/lib/python3.12/site-packages/airflow/example_dags/example_kubernetes_executor.py took 0.082 seconds
[2025-11-12T19:10:47.034+0000] {processor.py:161} INFO - Started process (PID=634) to work on /home/airflow/.local/lib/python3.12/site-packages/airflow/example_dags/example_kubernetes_executor.py
[2025-11-12T19:10:47.035+0000] {processor.py:830} INFO - Processing file /home/airflow/.local/lib/python3.12/site-packages/airflow/example_dags/example_kubernetes_executor.py for tasks to queue
[2025-11-12T19:10:47.037+0000] {logging_mixin.py:188} INFO - [2025-11-12T19:10:47.036+0000] {dagbag.py:545} INFO - Filling up the DagBag from /home/airflow/.local/lib/python3.12/site-packages/airflow/example_dags/example_kubernetes_executor.py
[2025-11-12T19:10:47.051+0000] {processor.py:840} INFO - DAG(s) 'example_kubernetes_executor' retrieved from /home/airflow/.local/lib/python3.12/site-packages/airflow/example_dags/example_kubernetes_executor.py
[2025-11-12T19:10:47.099+0000] {logging_mixin.py:188} INFO - [2025-11-12T19:10:47.099+0000] {dag.py:3096} INFO - Sync 1 DAGs
[2025-11-12T19:10:47.112+0000] {logging_mixin.py:188} INFO - [2025-11-12T19:10:47.112+0000] {dag.py:3954} INFO - Setting next_dagrun for example_kubernetes_executor to None, run_after=None
[2025-11-12T19:10:47.130+0000] {processor.py:183} INFO - Processing /home/airflow/.local/lib/python3.12/site-packages/airflow/example_dags/example_kubernetes_executor.py took 0.103 seconds
[2025-11-12T19:11:17.457+0000] {processor.py:161} INFO - Started process (PID=694) to work on /home/airflow/.local/lib/python3.12/site-packages/airflow/example_dags/example_kubernetes_executor.py
[2025-11-12T19:11:17.458+0000] {processor.py:830} INFO - Processing file /home/airflow/.local/lib/python3.12/site-packages/airflow/example_dags/example_kubernetes_executor.py for tasks to queue
[2025-11-12T19:11:17.459+0000] {logging_mixin.py:188} INFO - [2025-11-12T19:11:17.459+0000] {dagbag.py:545} INFO - Filling up the DagBag from /home/airflow/.local/lib/python3.12/site-packages/airflow/example_dags/example_kubernetes_executor.py
[2025-11-12T19:11:17.469+0000] {processor.py:840} INFO - DAG(s) 'example_kubernetes_executor' retrieved from /home/airflow/.local/lib/python3.12/site-packages/airflow/example_dags/example_kubernetes_executor.py
[2025-11-12T19:11:17.502+0000] {logging_mixin.py:188} INFO - [2025-11-12T19:11:17.502+0000] {dag.py:3096} INFO - Sync 1 DAGs
[2025-11-12T19:11:17.512+0000] {logging_mixin.py:188} INFO - [2025-11-12T19:11:17.512+0000] {dag.py:3954} INFO - Setting next_dagrun for example_kubernetes_executor to None, run_after=None
[2025-11-12T19:11:17.535+0000] {processor.py:183} INFO - Processing /home/airflow/.local/lib/python3.12/site-packages/airflow/example_dags/example_kubernetes_executor.py took 0.082 seconds
[2025-11-12T19:11:48.588+0000] {processor.py:161} INFO - Started process (PID=754) to work on /home/airflow/.local/lib/python3.12/site-packages/airflow/example_dags/example_kubernetes_executor.py
[2025-11-12T19:11:48.589+0000] {processor.py:830} INFO - Processing file /home/airflow/.local/lib/python3.12/site-packages/airflow/example_dags/example_kubernetes_executor.py for tasks to queue
[2025-11-12T19:11:48.590+0000] {logging_mixin.py:188} INFO - [2025-11-12T19:11:48.590+0000] {dagbag.py:545} INFO - Filling up the DagBag from /home/airflow/.local/lib/python3.12/site-packages/airflow/example_dags/example_kubernetes_executor.py
[2025-11-12T19:11:48.600+0000] {processor.py:840} INFO - DAG(s) 'example_kubernetes_executor' retrieved from /home/airflow/.local/lib/python3.12/site-packages/airflow/example_dags/example_kubernetes_executor.py
[2025-11-12T19:11:48.642+0000] {logging_mixin.py:188} INFO - [2025-11-12T19:11:48.641+0000] {dag.py:3096} INFO - Sync 1 DAGs
[2025-11-12T19:11:48.658+0000] {logging_mixin.py:188} INFO - [2025-11-12T19:11:48.658+0000] {dag.py:3954} INFO - Setting next_dagrun for example_kubernetes_executor to None, run_after=None
[2025-11-12T19:11:48.689+0000] {processor.py:183} INFO - Processing /home/airflow/.local/lib/python3.12/site-packages/airflow/example_dags/example_kubernetes_executor.py took 0.106 seconds
[2025-11-12T19:12:19.656+0000] {processor.py:161} INFO - Started process (PID=814) to work on /home/airflow/.local/lib/python3.12/site-packages/airflow/example_dags/example_kubernetes_executor.py
[2025-11-12T19:12:19.657+0000] {processor.py:830} INFO - Processing file /home/airflow/.local/lib/python3.12/site-packages/airflow/example_dags/example_kubernetes_executor.py for tasks to queue
[2025-11-12T19:12:19.659+0000] {logging_mixin.py:188} INFO - [2025-11-12T19:12:19.658+0000] {dagbag.py:545} INFO - Filling up the DagBag from /home/airflow/.local/lib/python3.12/site-packages/airflow/example_dags/example_kubernetes_executor.py
[2025-11-12T19:12:19.668+0000] {processor.py:840} INFO - DAG(s) 'example_kubernetes_executor' retrieved from /home/airflow/.local/lib/python3.12/site-packages/airflow/example_dags/example_kubernetes_executor.py
[2025-11-12T19:12:19.735+0000] {logging_mixin.py:188} INFO - [2025-11-12T19:12:19.734+0000] {dag.py:3096} INFO - Sync 1 DAGs
[2025-11-12T19:12:19.750+0000] {logging_mixin.py:188} INFO - [2025-11-12T19:12:19.750+0000] {dag.py:3954} INFO - Setting next_dagrun for example_kubernetes_executor to None, run_after=None
[2025-11-12T19:12:19.774+0000] {processor.py:183} INFO - Processing /home/airflow/.local/lib/python3.12/site-packages/airflow/example_dags/example_kubernetes_executor.py took 0.124 seconds
[2025-11-12T19:12:49.993+0000] {processor.py:161} INFO - Started process (PID=873) to work on /home/airflow/.local/lib/python3.12/site-packages/airflow/example_dags/example_kubernetes_executor.py
[2025-11-12T19:12:49.994+0000] {processor.py:830} INFO - Processing file /home/airflow/.local/lib/python3.12/site-packages/airflow/example_dags/example_kubernetes_executor.py for tasks to queue
[2025-11-12T19:12:49.995+0000] {logging_mixin.py:188} INFO - [2025-11-12T19:12:49.995+0000] {dagbag.py:545} INFO - Filling up the DagBag from /home/airflow/.local/lib/python3.12/site-packages/airflow/example_dags/example_kubernetes_executor.py
[2025-11-12T19:12:50.008+0000] {processor.py:840} INFO - DAG(s) 'example_kubernetes_executor' retrieved from /home/airflow/.local/lib/python3.12/site-packages/airflow/example_dags/example_kubernetes_executor.py
[2025-11-12T19:12:50.060+0000] {logging_mixin.py:188} INFO - [2025-11-12T19:12:50.059+0000] {dag.py:3096} INFO - Sync 1 DAGs
[2025-11-12T19:12:50.078+0000] {logging_mixin.py:188} INFO - [2025-11-12T19:12:50.077+0000] {dag.py:3954} INFO - Setting next_dagrun for example_kubernetes_executor to None, run_after=None
[2025-11-12T19:12:50.106+0000] {processor.py:183} INFO - Processing /home/airflow/.local/lib/python3.12/site-packages/airflow/example_dags/example_kubernetes_executor.py took 0.117 seconds
[2025-11-12T19:13:20.526+0000] {processor.py:161} INFO - Started process (PID=934) to work on /home/airflow/.local/lib/python3.12/site-packages/airflow/example_dags/example_kubernetes_executor.py
[2025-11-12T19:13:20.527+0000] {processor.py:830} INFO - Processing file /home/airflow/.local/lib/python3.12/site-packages/airflow/example_dags/example_kubernetes_executor.py for tasks to queue
[2025-11-12T19:13:20.528+0000] {logging_mixin.py:188} INFO - [2025-11-12T19:13:20.527+0000] {dagbag.py:545} INFO - Filling up the DagBag from /home/airflow/.local/lib/python3.12/site-packages/airflow/example_dags/example_kubernetes_executor.py
[2025-11-12T19:13:20.537+0000] {processor.py:840} INFO - DAG(s) 'example_kubernetes_executor' retrieved from /home/airflow/.local/lib/python3.12/site-packages/airflow/example_dags/example_kubernetes_executor.py
[2025-11-12T19:13:20.573+0000] {logging_mixin.py:188} INFO - [2025-11-12T19:13:20.573+0000] {dag.py:3096} INFO - Sync 1 DAGs
[2025-11-12T19:13:20.585+0000] {logging_mixin.py:188} INFO - [2025-11-12T19:13:20.584+0000] {dag.py:3954} INFO - Setting next_dagrun for example_kubernetes_executor to None, run_after=None
[2025-11-12T19:13:20.614+0000] {processor.py:183} INFO - Processing /home/airflow/.local/lib/python3.12/site-packages/airflow/example_dags/example_kubernetes_executor.py took 0.092 seconds
[2025-11-12T19:13:50.776+0000] {processor.py:161} INFO - Started process (PID=994) to work on /home/airflow/.local/lib/python3.12/site-packages/airflow/example_dags/example_kubernetes_executor.py
[2025-11-12T19:13:50.777+0000] {processor.py:830} INFO - Processing file /home/airflow/.local/lib/python3.12/site-packages/airflow/example_dags/example_kubernetes_executor.py for tasks to queue
[2025-11-12T19:13:50.778+0000] {logging_mixin.py:188} INFO - [2025-11-12T19:13:50.778+0000] {dagbag.py:545} INFO - Filling up the DagBag from /home/airflow/.local/lib/python3.12/site-packages/airflow/example_dags/example_kubernetes_executor.py
[2025-11-12T19:13:50.787+0000] {processor.py:840} INFO - DAG(s) 'example_kubernetes_executor' retrieved from /home/airflow/.local/lib/python3.12/site-packages/airflow/example_dags/example_kubernetes_executor.py
[2025-11-12T19:13:50.825+0000] {logging_mixin.py:188} INFO - [2025-11-12T19:13:50.825+0000] {dag.py:3096} INFO - Sync 1 DAGs
[2025-11-12T19:13:50.838+0000] {logging_mixin.py:188} INFO - [2025-11-12T19:13:50.837+0000] {dag.py:3954} INFO - Setting next_dagrun for example_kubernetes_executor to None, run_after=None
[2025-11-12T19:13:50.861+0000] {processor.py:183} INFO - Processing /home/airflow/.local/lib/python3.12/site-packages/airflow/example_dags/example_kubernetes_executor.py took 0.090 seconds
[2025-11-12T19:14:21.102+0000] {processor.py:161} INFO - Started process (PID=1054) to work on /home/airflow/.local/lib/python3.12/site-packages/airflow/example_dags/example_kubernetes_executor.py
[2025-11-12T19:14:21.103+0000] {processor.py:830} INFO - Processing file /home/airflow/.local/lib/python3.12/site-packages/airflow/example_dags/example_kubernetes_executor.py for tasks to queue
[2025-11-12T19:14:21.104+0000] {logging_mixin.py:188} INFO - [2025-11-12T19:14:21.104+0000] {dagbag.py:545} INFO - Filling up the DagBag from /home/airflow/.local/lib/python3.12/site-packages/airflow/example_dags/example_kubernetes_executor.py
[2025-11-12T19:14:21.123+0000] {processor.py:840} INFO - DAG(s) 'example_kubernetes_executor' retrieved from /home/airflow/.local/lib/python3.12/site-packages/airflow/example_dags/example_kubernetes_executor.py
[2025-11-12T19:14:21.177+0000] {logging_mixin.py:188} INFO - [2025-11-12T19:14:21.177+0000] {dag.py:3096} INFO - Sync 1 DAGs
[2025-11-12T19:14:21.193+0000] {logging_mixin.py:188} INFO - [2025-11-12T19:14:21.193+0000] {dag.py:3954} INFO - Setting next_dagrun for example_kubernetes_executor to None, run_after=None
[2025-11-12T19:14:21.222+0000] {processor.py:183} INFO - Processing /home/airflow/.local/lib/python3.12/site-packages/airflow/example_dags/example_kubernetes_executor.py took 0.129 seconds
[2025-11-12T19:14:51.920+0000] {processor.py:161} INFO - Started process (PID=1114) to work on /home/airflow/.local/lib/python3.12/site-packages/airflow/example_dags/example_kubernetes_executor.py
[2025-11-12T19:14:51.922+0000] {processor.py:830} INFO - Processing file /home/airflow/.local/lib/python3.12/site-packages/airflow/example_dags/example_kubernetes_executor.py for tasks to queue
[2025-11-12T19:14:51.923+0000] {logging_mixin.py:188} INFO - [2025-11-12T19:14:51.923+0000] {dagbag.py:545} INFO - Filling up the DagBag from /home/airflow/.local/lib/python3.12/site-packages/airflow/example_dags/example_kubernetes_executor.py
[2025-11-12T19:14:51.935+0000] {processor.py:840} INFO - DAG(s) 'example_kubernetes_executor' retrieved from /home/airflow/.local/lib/python3.12/site-packages/airflow/example_dags/example_kubernetes_executor.py
[2025-11-12T19:14:51.972+0000] {logging_mixin.py:188} INFO - [2025-11-12T19:14:51.972+0000] {dag.py:3096} INFO - Sync 1 DAGs
[2025-11-12T19:14:51.983+0000] {logging_mixin.py:188} INFO - [2025-11-12T19:14:51.983+0000] {dag.py:3954} INFO - Setting next_dagrun for example_kubernetes_executor to None, run_after=None
[2025-11-12T19:14:52.009+0000] {processor.py:183} INFO - Processing /home/airflow/.local/lib/python3.12/site-packages/airflow/example_dags/example_kubernetes_executor.py took 0.094 seconds
[2025-11-12T19:15:22.153+0000] {processor.py:161} INFO - Started process (PID=1174) to work on /home/airflow/.local/lib/python3.12/site-packages/airflow/example_dags/example_kubernetes_executor.py
[2025-11-12T19:15:22.154+0000] {processor.py:830} INFO - Processing file /home/airflow/.local/lib/python3.12/site-packages/airflow/example_dags/example_kubernetes_executor.py for tasks to queue
[2025-11-12T19:15:22.155+0000] {logging_mixin.py:188} INFO - [2025-11-12T19:15:22.155+0000] {dagbag.py:545} INFO - Filling up the DagBag from /home/airflow/.local/lib/python3.12/site-packages/airflow/example_dags/example_kubernetes_executor.py
[2025-11-12T19:15:22.164+0000] {processor.py:840} INFO - DAG(s) 'example_kubernetes_executor' retrieved from /home/airflow/.local/lib/python3.12/site-packages/airflow/example_dags/example_kubernetes_executor.py
[2025-11-12T19:15:22.196+0000] {logging_mixin.py:188} INFO - [2025-11-12T19:15:22.196+0000] {dag.py:3096} INFO - Sync 1 DAGs
[2025-11-12T19:15:22.206+0000] {logging_mixin.py:188} INFO - [2025-11-12T19:15:22.206+0000] {dag.py:3954} INFO - Setting next_dagrun for example_kubernetes_executor to None, run_after=None
[2025-11-12T19:15:22.227+0000] {processor.py:183} INFO - Processing /home/airflow/.local/lib/python3.12/site-packages/airflow/example_dags/example_kubernetes_executor.py took 0.078 seconds
[2025-11-12T19:15:52.480+0000] {processor.py:161} INFO - Started process (PID=1234) to work on /home/airflow/.local/lib/python3.12/site-packages/airflow/example_dags/example_kubernetes_executor.py
[2025-11-12T19:15:52.482+0000] {processor.py:830} INFO - Processing file /home/airflow/.local/lib/python3.12/site-packages/airflow/example_dags/example_kubernetes_executor.py for tasks to queue
[2025-11-12T19:15:52.483+0000] {logging_mixin.py:188} INFO - [2025-11-12T19:15:52.483+0000] {dagbag.py:545} INFO - Filling up the DagBag from /home/airflow/.local/lib/python3.12/site-packages/airflow/example_dags/example_kubernetes_executor.py
[2025-11-12T19:15:52.506+0000] {processor.py:840} INFO - DAG(s) 'example_kubernetes_executor' retrieved from /home/airflow/.local/lib/python3.12/site-packages/airflow/example_dags/example_kubernetes_executor.py
[2025-11-12T19:15:52.554+0000] {logging_mixin.py:188} INFO - [2025-11-12T19:15:52.554+0000] {dag.py:3096} INFO - Sync 1 DAGs
[2025-11-12T19:15:52.569+0000] {logging_mixin.py:188} INFO - [2025-11-12T19:15:52.569+0000] {dag.py:3954} INFO - Setting next_dagrun for example_kubernetes_executor to None, run_after=None
[2025-11-12T19:15:52.596+0000] {processor.py:183} INFO - Processing /home/airflow/.local/lib/python3.12/site-packages/airflow/example_dags/example_kubernetes_executor.py took 0.125 seconds
[2025-11-12T19:16:57.449+0000] {processor.py:161} INFO - Started process (PID=91) to work on /home/airflow/.local/lib/python3.12/site-packages/airflow/example_dags/example_kubernetes_executor.py
[2025-11-12T19:16:57.450+0000] {processor.py:830} INFO - Processing file /home/airflow/.local/lib/python3.12/site-packages/airflow/example_dags/example_kubernetes_executor.py for tasks to queue
[2025-11-12T19:16:57.453+0000] {logging_mixin.py:188} INFO - [2025-11-12T19:16:57.453+0000] {dagbag.py:545} INFO - Filling up the DagBag from /home/airflow/.local/lib/python3.12/site-packages/airflow/example_dags/example_kubernetes_executor.py
[2025-11-12T19:16:57.468+0000] {processor.py:840} INFO - DAG(s) 'example_kubernetes_executor' retrieved from /home/airflow/.local/lib/python3.12/site-packages/airflow/example_dags/example_kubernetes_executor.py
[2025-11-12T19:16:57.614+0000] {logging_mixin.py:188} INFO - [2025-11-12T19:16:57.613+0000] {dag.py:3096} INFO - Sync 1 DAGs
[2025-11-12T19:16:57.628+0000] {logging_mixin.py:188} INFO - [2025-11-12T19:16:57.627+0000] {dag.py:3954} INFO - Setting next_dagrun for example_kubernetes_executor to None, run_after=None
[2025-11-12T19:16:57.658+0000] {processor.py:183} INFO - Processing /home/airflow/.local/lib/python3.12/site-packages/airflow/example_dags/example_kubernetes_executor.py took 0.214 seconds
[2025-11-12T19:17:27.702+0000] {processor.py:161} INFO - Started process (PID=151) to work on /home/airflow/.local/lib/python3.12/site-packages/airflow/example_dags/example_kubernetes_executor.py
[2025-11-12T19:17:27.704+0000] {processor.py:830} INFO - Processing file /home/airflow/.local/lib/python3.12/site-packages/airflow/example_dags/example_kubernetes_executor.py for tasks to queue
[2025-11-12T19:17:27.705+0000] {logging_mixin.py:188} INFO - [2025-11-12T19:17:27.705+0000] {dagbag.py:545} INFO - Filling up the DagBag from /home/airflow/.local/lib/python3.12/site-packages/airflow/example_dags/example_kubernetes_executor.py
[2025-11-12T19:17:27.715+0000] {processor.py:840} INFO - DAG(s) 'example_kubernetes_executor' retrieved from /home/airflow/.local/lib/python3.12/site-packages/airflow/example_dags/example_kubernetes_executor.py
[2025-11-12T19:17:27.755+0000] {logging_mixin.py:188} INFO - [2025-11-12T19:17:27.755+0000] {dag.py:3096} INFO - Sync 1 DAGs
[2025-11-12T19:17:27.768+0000] {logging_mixin.py:188} INFO - [2025-11-12T19:17:27.768+0000] {dag.py:3954} INFO - Setting next_dagrun for example_kubernetes_executor to None, run_after=None
[2025-11-12T19:17:27.790+0000] {processor.py:183} INFO - Processing /home/airflow/.local/lib/python3.12/site-packages/airflow/example_dags/example_kubernetes_executor.py took 0.093 seconds
[2025-11-12T19:17:57.920+0000] {processor.py:161} INFO - Started process (PID=211) to work on /home/airflow/.local/lib/python3.12/site-packages/airflow/example_dags/example_kubernetes_executor.py
[2025-11-12T19:17:57.921+0000] {processor.py:830} INFO - Processing file /home/airflow/.local/lib/python3.12/site-packages/airflow/example_dags/example_kubernetes_executor.py for tasks to queue
[2025-11-12T19:17:57.924+0000] {logging_mixin.py:188} INFO - [2025-11-12T19:17:57.923+0000] {dagbag.py:545} INFO - Filling up the DagBag from /home/airflow/.local/lib/python3.12/site-packages/airflow/example_dags/example_kubernetes_executor.py
[2025-11-12T19:17:57.936+0000] {processor.py:840} INFO - DAG(s) 'example_kubernetes_executor' retrieved from /home/airflow/.local/lib/python3.12/site-packages/airflow/example_dags/example_kubernetes_executor.py
[2025-11-12T19:17:57.969+0000] {logging_mixin.py:188} INFO - [2025-11-12T19:17:57.969+0000] {dag.py:3096} INFO - Sync 1 DAGs
[2025-11-12T19:17:57.982+0000] {logging_mixin.py:188} INFO - [2025-11-12T19:17:57.981+0000] {dag.py:3954} INFO - Setting next_dagrun for example_kubernetes_executor to None, run_after=None
[2025-11-12T19:17:58.001+0000] {processor.py:183} INFO - Processing /home/airflow/.local/lib/python3.12/site-packages/airflow/example_dags/example_kubernetes_executor.py took 0.086 seconds
[2025-11-12T19:18:29.255+0000] {processor.py:161} INFO - Started process (PID=271) to work on /home/airflow/.local/lib/python3.12/site-packages/airflow/example_dags/example_kubernetes_executor.py
[2025-11-12T19:18:29.256+0000] {processor.py:830} INFO - Processing file /home/airflow/.local/lib/python3.12/site-packages/airflow/example_dags/example_kubernetes_executor.py for tasks to queue
[2025-11-12T19:18:29.258+0000] {logging_mixin.py:188} INFO - [2025-11-12T19:18:29.258+0000] {dagbag.py:545} INFO - Filling up the DagBag from /home/airflow/.local/lib/python3.12/site-packages/airflow/example_dags/example_kubernetes_executor.py
[2025-11-12T19:18:29.268+0000] {processor.py:840} INFO - DAG(s) 'example_kubernetes_executor' retrieved from /home/airflow/.local/lib/python3.12/site-packages/airflow/example_dags/example_kubernetes_executor.py
[2025-11-12T19:18:29.304+0000] {logging_mixin.py:188} INFO - [2025-11-12T19:18:29.303+0000] {dag.py:3096} INFO - Sync 1 DAGs
[2025-11-12T19:18:29.314+0000] {logging_mixin.py:188} INFO - [2025-11-12T19:18:29.314+0000] {dag.py:3954} INFO - Setting next_dagrun for example_kubernetes_executor to None, run_after=None
[2025-11-12T19:18:29.334+0000] {processor.py:183} INFO - Processing /home/airflow/.local/lib/python3.12/site-packages/airflow/example_dags/example_kubernetes_executor.py took 0.085 seconds
[2025-11-12T19:18:59.695+0000] {processor.py:161} INFO - Started process (PID=332) to work on /home/airflow/.local/lib/python3.12/site-packages/airflow/example_dags/example_kubernetes_executor.py
[2025-11-12T19:18:59.696+0000] {processor.py:830} INFO - Processing file /home/airflow/.local/lib/python3.12/site-packages/airflow/example_dags/example_kubernetes_executor.py for tasks to queue
[2025-11-12T19:18:59.699+0000] {logging_mixin.py:188} INFO - [2025-11-12T19:18:59.699+0000] {dagbag.py:545} INFO - Filling up the DagBag from /home/airflow/.local/lib/python3.12/site-packages/airflow/example_dags/example_kubernetes_executor.py
[2025-11-12T19:18:59.709+0000] {processor.py:840} INFO - DAG(s) 'example_kubernetes_executor' retrieved from /home/airflow/.local/lib/python3.12/site-packages/airflow/example_dags/example_kubernetes_executor.py
[2025-11-12T19:18:59.758+0000] {logging_mixin.py:188} INFO - [2025-11-12T19:18:59.757+0000] {dag.py:3096} INFO - Sync 1 DAGs
[2025-11-12T19:18:59.775+0000] {logging_mixin.py:188} INFO - [2025-11-12T19:18:59.775+0000] {dag.py:3954} INFO - Setting next_dagrun for example_kubernetes_executor to None, run_after=None
[2025-11-12T19:18:59.802+0000] {processor.py:183} INFO - Processing /home/airflow/.local/lib/python3.12/site-packages/airflow/example_dags/example_kubernetes_executor.py took 0.116 seconds
[2025-11-12T19:19:30.721+0000] {processor.py:161} INFO - Started process (PID=392) to work on /home/airflow/.local/lib/python3.12/site-packages/airflow/example_dags/example_kubernetes_executor.py
[2025-11-12T19:19:30.723+0000] {processor.py:830} INFO - Processing file /home/airflow/.local/lib/python3.12/site-packages/airflow/example_dags/example_kubernetes_executor.py for tasks to queue
[2025-11-12T19:19:30.725+0000] {logging_mixin.py:188} INFO - [2025-11-12T19:19:30.724+0000] {dagbag.py:545} INFO - Filling up the DagBag from /home/airflow/.local/lib/python3.12/site-packages/airflow/example_dags/example_kubernetes_executor.py
[2025-11-12T19:19:30.735+0000] {processor.py:840} INFO - DAG(s) 'example_kubernetes_executor' retrieved from /home/airflow/.local/lib/python3.12/site-packages/airflow/example_dags/example_kubernetes_executor.py
[2025-11-12T19:19:30.772+0000] {logging_mixin.py:188} INFO - [2025-11-12T19:19:30.772+0000] {dag.py:3096} INFO - Sync 1 DAGs
[2025-11-12T19:19:30.784+0000] {logging_mixin.py:188} INFO - [2025-11-12T19:19:30.784+0000] {dag.py:3954} INFO - Setting next_dagrun for example_kubernetes_executor to None, run_after=None
[2025-11-12T19:19:30.808+0000] {processor.py:183} INFO - Processing /home/airflow/.local/lib/python3.12/site-packages/airflow/example_dags/example_kubernetes_executor.py took 0.091 seconds
[2025-11-12T19:20:01.440+0000] {processor.py:161} INFO - Started process (PID=452) to work on /home/airflow/.local/lib/python3.12/site-packages/airflow/example_dags/example_kubernetes_executor.py
[2025-11-12T19:20:01.442+0000] {processor.py:830} INFO - Processing file /home/airflow/.local/lib/python3.12/site-packages/airflow/example_dags/example_kubernetes_executor.py for tasks to queue
[2025-11-12T19:20:01.445+0000] {logging_mixin.py:188} INFO - [2025-11-12T19:20:01.445+0000] {dagbag.py:545} INFO - Filling up the DagBag from /home/airflow/.local/lib/python3.12/site-packages/airflow/example_dags/example_kubernetes_executor.py
[2025-11-12T19:20:01.464+0000] {processor.py:840} INFO - DAG(s) 'example_kubernetes_executor' retrieved from /home/airflow/.local/lib/python3.12/site-packages/airflow/example_dags/example_kubernetes_executor.py
[2025-11-12T19:20:01.504+0000] {logging_mixin.py:188} INFO - [2025-11-12T19:20:01.503+0000] {dag.py:3096} INFO - Sync 1 DAGs
[2025-11-12T19:20:01.515+0000] {logging_mixin.py:188} INFO - [2025-11-12T19:20:01.515+0000] {dag.py:3954} INFO - Setting next_dagrun for example_kubernetes_executor to None, run_after=None
[2025-11-12T19:20:01.533+0000] {processor.py:183} INFO - Processing /home/airflow/.local/lib/python3.12/site-packages/airflow/example_dags/example_kubernetes_executor.py took 0.098 seconds
[2025-11-12T19:20:32.518+0000] {processor.py:161} INFO - Started process (PID=513) to work on /home/airflow/.local/lib/python3.12/site-packages/airflow/example_dags/example_kubernetes_executor.py
[2025-11-12T19:20:32.520+0000] {processor.py:830} INFO - Processing file /home/airflow/.local/lib/python3.12/site-packages/airflow/example_dags/example_kubernetes_executor.py for tasks to queue
[2025-11-12T19:20:32.522+0000] {logging_mixin.py:188} INFO - [2025-11-12T19:20:32.522+0000] {dagbag.py:545} INFO - Filling up the DagBag from /home/airflow/.local/lib/python3.12/site-packages/airflow/example_dags/example_kubernetes_executor.py
[2025-11-12T19:20:32.533+0000] {processor.py:840} INFO - DAG(s) 'example_kubernetes_executor' retrieved from /home/airflow/.local/lib/python3.12/site-packages/airflow/example_dags/example_kubernetes_executor.py
[2025-11-12T19:20:32.573+0000] {logging_mixin.py:188} INFO - [2025-11-12T19:20:32.573+0000] {dag.py:3096} INFO - Sync 1 DAGs
[2025-11-12T19:20:32.586+0000] {logging_mixin.py:188} INFO - [2025-11-12T19:20:32.586+0000] {dag.py:3954} INFO - Setting next_dagrun for example_kubernetes_executor to None, run_after=None
[2025-11-12T19:20:32.610+0000] {processor.py:183} INFO - Processing /home/airflow/.local/lib/python3.12/site-packages/airflow/example_dags/example_kubernetes_executor.py took 0.096 seconds
[2025-11-12T19:21:02.687+0000] {processor.py:161} INFO - Started process (PID=572) to work on /home/airflow/.local/lib/python3.12/site-packages/airflow/example_dags/example_kubernetes_executor.py
[2025-11-12T19:21:02.688+0000] {processor.py:830} INFO - Processing file /home/airflow/.local/lib/python3.12/site-packages/airflow/example_dags/example_kubernetes_executor.py for tasks to queue
[2025-11-12T19:21:02.690+0000] {logging_mixin.py:188} INFO - [2025-11-12T19:21:02.690+0000] {dagbag.py:545} INFO - Filling up the DagBag from /home/airflow/.local/lib/python3.12/site-packages/airflow/example_dags/example_kubernetes_executor.py
[2025-11-12T19:21:02.703+0000] {processor.py:840} INFO - DAG(s) 'example_kubernetes_executor' retrieved from /home/airflow/.local/lib/python3.12/site-packages/airflow/example_dags/example_kubernetes_executor.py
[2025-11-12T19:21:02.746+0000] {logging_mixin.py:188} INFO - [2025-11-12T19:21:02.745+0000] {dag.py:3096} INFO - Sync 1 DAGs
[2025-11-12T19:21:02.757+0000] {logging_mixin.py:188} INFO - [2025-11-12T19:21:02.757+0000] {dag.py:3954} INFO - Setting next_dagrun for example_kubernetes_executor to None, run_after=None
[2025-11-12T19:21:02.777+0000] {processor.py:183} INFO - Processing /home/airflow/.local/lib/python3.12/site-packages/airflow/example_dags/example_kubernetes_executor.py took 0.093 seconds
[2025-11-12T19:21:32.840+0000] {processor.py:161} INFO - Started process (PID=632) to work on /home/airflow/.local/lib/python3.12/site-packages/airflow/example_dags/example_kubernetes_executor.py
[2025-11-12T19:21:32.841+0000] {processor.py:830} INFO - Processing file /home/airflow/.local/lib/python3.12/site-packages/airflow/example_dags/example_kubernetes_executor.py for tasks to queue
[2025-11-12T19:21:32.843+0000] {logging_mixin.py:188} INFO - [2025-11-12T19:21:32.842+0000] {dagbag.py:545} INFO - Filling up the DagBag from /home/airflow/.local/lib/python3.12/site-packages/airflow/example_dags/example_kubernetes_executor.py
[2025-11-12T19:21:32.852+0000] {processor.py:840} INFO - DAG(s) 'example_kubernetes_executor' retrieved from /home/airflow/.local/lib/python3.12/site-packages/airflow/example_dags/example_kubernetes_executor.py
[2025-11-12T19:21:32.916+0000] {logging_mixin.py:188} INFO - [2025-11-12T19:21:32.915+0000] {dag.py:3096} INFO - Sync 1 DAGs
[2025-11-12T19:21:32.929+0000] {logging_mixin.py:188} INFO - [2025-11-12T19:21:32.929+0000] {dag.py:3954} INFO - Setting next_dagrun for example_kubernetes_executor to None, run_after=None
[2025-11-12T19:21:32.956+0000] {processor.py:183} INFO - Processing /home/airflow/.local/lib/python3.12/site-packages/airflow/example_dags/example_kubernetes_executor.py took 0.120 seconds
[2025-11-12T19:22:03.256+0000] {processor.py:161} INFO - Started process (PID=692) to work on /home/airflow/.local/lib/python3.12/site-packages/airflow/example_dags/example_kubernetes_executor.py
[2025-11-12T19:22:03.257+0000] {processor.py:830} INFO - Processing file /home/airflow/.local/lib/python3.12/site-packages/airflow/example_dags/example_kubernetes_executor.py for tasks to queue
[2025-11-12T19:22:03.259+0000] {logging_mixin.py:188} INFO - [2025-11-12T19:22:03.258+0000] {dagbag.py:545} INFO - Filling up the DagBag from /home/airflow/.local/lib/python3.12/site-packages/airflow/example_dags/example_kubernetes_executor.py
[2025-11-12T19:22:03.270+0000] {processor.py:840} INFO - DAG(s) 'example_kubernetes_executor' retrieved from /home/airflow/.local/lib/python3.12/site-packages/airflow/example_dags/example_kubernetes_executor.py
[2025-11-12T19:22:03.306+0000] {logging_mixin.py:188} INFO - [2025-11-12T19:22:03.305+0000] {dag.py:3096} INFO - Sync 1 DAGs
[2025-11-12T19:22:03.314+0000] {logging_mixin.py:188} INFO - [2025-11-12T19:22:03.314+0000] {dag.py:3954} INFO - Setting next_dagrun for example_kubernetes_executor to None, run_after=None
[2025-11-12T19:22:03.334+0000] {processor.py:183} INFO - Processing /home/airflow/.local/lib/python3.12/site-packages/airflow/example_dags/example_kubernetes_executor.py took 0.084 seconds
[2025-11-12T19:22:33.616+0000] {processor.py:161} INFO - Started process (PID=753) to work on /home/airflow/.local/lib/python3.12/site-packages/airflow/example_dags/example_kubernetes_executor.py
[2025-11-12T19:22:33.617+0000] {processor.py:830} INFO - Processing file /home/airflow/.local/lib/python3.12/site-packages/airflow/example_dags/example_kubernetes_executor.py for tasks to queue
[2025-11-12T19:22:33.620+0000] {logging_mixin.py:188} INFO - [2025-11-12T19:22:33.619+0000] {dagbag.py:545} INFO - Filling up the DagBag from /home/airflow/.local/lib/python3.12/site-packages/airflow/example_dags/example_kubernetes_executor.py
[2025-11-12T19:22:33.633+0000] {processor.py:840} INFO - DAG(s) 'example_kubernetes_executor' retrieved from /home/airflow/.local/lib/python3.12/site-packages/airflow/example_dags/example_kubernetes_executor.py
[2025-11-12T19:22:33.672+0000] {logging_mixin.py:188} INFO - [2025-11-12T19:22:33.672+0000] {dag.py:3096} INFO - Sync 1 DAGs
[2025-11-12T19:22:33.683+0000] {logging_mixin.py:188} INFO - [2025-11-12T19:22:33.683+0000] {dag.py:3954} INFO - Setting next_dagrun for example_kubernetes_executor to None, run_after=None
[2025-11-12T19:22:33.704+0000] {processor.py:183} INFO - Processing /home/airflow/.local/lib/python3.12/site-packages/airflow/example_dags/example_kubernetes_executor.py took 0.093 seconds
[2025-11-12T19:23:03.844+0000] {processor.py:161} INFO - Started process (PID=813) to work on /home/airflow/.local/lib/python3.12/site-packages/airflow/example_dags/example_kubernetes_executor.py
[2025-11-12T19:23:03.845+0000] {processor.py:830} INFO - Processing file /home/airflow/.local/lib/python3.12/site-packages/airflow/example_dags/example_kubernetes_executor.py for tasks to queue
[2025-11-12T19:23:03.848+0000] {logging_mixin.py:188} INFO - [2025-11-12T19:23:03.848+0000] {dagbag.py:545} INFO - Filling up the DagBag from /home/airflow/.local/lib/python3.12/site-packages/airflow/example_dags/example_kubernetes_executor.py
[2025-11-12T19:23:03.858+0000] {processor.py:840} INFO - DAG(s) 'example_kubernetes_executor' retrieved from /home/airflow/.local/lib/python3.12/site-packages/airflow/example_dags/example_kubernetes_executor.py
[2025-11-12T19:23:03.894+0000] {logging_mixin.py:188} INFO - [2025-11-12T19:23:03.894+0000] {dag.py:3096} INFO - Sync 1 DAGs
[2025-11-12T19:23:03.903+0000] {logging_mixin.py:188} INFO - [2025-11-12T19:23:03.903+0000] {dag.py:3954} INFO - Setting next_dagrun for example_kubernetes_executor to None, run_after=None
[2025-11-12T19:23:03.928+0000] {processor.py:183} INFO - Processing /home/airflow/.local/lib/python3.12/site-packages/airflow/example_dags/example_kubernetes_executor.py took 0.088 seconds
[2025-11-12T19:23:34.196+0000] {processor.py:161} INFO - Started process (PID=873) to work on /home/airflow/.local/lib/python3.12/site-packages/airflow/example_dags/example_kubernetes_executor.py
[2025-11-12T19:23:34.198+0000] {processor.py:830} INFO - Processing file /home/airflow/.local/lib/python3.12/site-packages/airflow/example_dags/example_kubernetes_executor.py for tasks to queue
[2025-11-12T19:23:34.200+0000] {logging_mixin.py:188} INFO - [2025-11-12T19:23:34.199+0000] {dagbag.py:545} INFO - Filling up the DagBag from /home/airflow/.local/lib/python3.12/site-packages/airflow/example_dags/example_kubernetes_executor.py
[2025-11-12T19:23:34.213+0000] {processor.py:840} INFO - DAG(s) 'example_kubernetes_executor' retrieved from /home/airflow/.local/lib/python3.12/site-packages/airflow/example_dags/example_kubernetes_executor.py
[2025-11-12T19:23:34.247+0000] {logging_mixin.py:188} INFO - [2025-11-12T19:23:34.246+0000] {dag.py:3096} INFO - Sync 1 DAGs
[2025-11-12T19:23:34.257+0000] {logging_mixin.py:188} INFO - [2025-11-12T19:23:34.257+0000] {dag.py:3954} INFO - Setting next_dagrun for example_kubernetes_executor to None, run_after=None
[2025-11-12T19:23:34.279+0000] {processor.py:183} INFO - Processing /home/airflow/.local/lib/python3.12/site-packages/airflow/example_dags/example_kubernetes_executor.py took 0.088 seconds
[2025-11-12T19:24:04.606+0000] {processor.py:161} INFO - Started process (PID=933) to work on /home/airflow/.local/lib/python3.12/site-packages/airflow/example_dags/example_kubernetes_executor.py
[2025-11-12T19:24:04.607+0000] {processor.py:830} INFO - Processing file /home/airflow/.local/lib/python3.12/site-packages/airflow/example_dags/example_kubernetes_executor.py for tasks to queue
[2025-11-12T19:24:04.608+0000] {logging_mixin.py:188} INFO - [2025-11-12T19:24:04.608+0000] {dagbag.py:545} INFO - Filling up the DagBag from /home/airflow/.local/lib/python3.12/site-packages/airflow/example_dags/example_kubernetes_executor.py
[2025-11-12T19:24:04.620+0000] {processor.py:840} INFO - DAG(s) 'example_kubernetes_executor' retrieved from /home/airflow/.local/lib/python3.12/site-packages/airflow/example_dags/example_kubernetes_executor.py
[2025-11-12T19:24:04.657+0000] {logging_mixin.py:188} INFO - [2025-11-12T19:24:04.657+0000] {dag.py:3096} INFO - Sync 1 DAGs
[2025-11-12T19:24:04.668+0000] {logging_mixin.py:188} INFO - [2025-11-12T19:24:04.668+0000] {dag.py:3954} INFO - Setting next_dagrun for example_kubernetes_executor to None, run_after=None
[2025-11-12T19:24:04.687+0000] {processor.py:183} INFO - Processing /home/airflow/.local/lib/python3.12/site-packages/airflow/example_dags/example_kubernetes_executor.py took 0.085 seconds
[2025-11-12T19:24:34.755+0000] {processor.py:161} INFO - Started process (PID=993) to work on /home/airflow/.local/lib/python3.12/site-packages/airflow/example_dags/example_kubernetes_executor.py
[2025-11-12T19:24:34.756+0000] {processor.py:830} INFO - Processing file /home/airflow/.local/lib/python3.12/site-packages/airflow/example_dags/example_kubernetes_executor.py for tasks to queue
[2025-11-12T19:24:34.758+0000] {logging_mixin.py:188} INFO - [2025-11-12T19:24:34.758+0000] {dagbag.py:545} INFO - Filling up the DagBag from /home/airflow/.local/lib/python3.12/site-packages/airflow/example_dags/example_kubernetes_executor.py
[2025-11-12T19:24:34.767+0000] {processor.py:840} INFO - DAG(s) 'example_kubernetes_executor' retrieved from /home/airflow/.local/lib/python3.12/site-packages/airflow/example_dags/example_kubernetes_executor.py
[2025-11-12T19:24:34.800+0000] {logging_mixin.py:188} INFO - [2025-11-12T19:24:34.799+0000] {dag.py:3096} INFO - Sync 1 DAGs
[2025-11-12T19:24:34.811+0000] {logging_mixin.py:188} INFO - [2025-11-12T19:24:34.810+0000] {dag.py:3954} INFO - Setting next_dagrun for example_kubernetes_executor to None, run_after=None
[2025-11-12T19:24:34.838+0000] {processor.py:183} INFO - Processing /home/airflow/.local/lib/python3.12/site-packages/airflow/example_dags/example_kubernetes_executor.py took 0.087 seconds
[2025-11-12T19:25:05.073+0000] {processor.py:161} INFO - Started process (PID=1053) to work on /home/airflow/.local/lib/python3.12/site-packages/airflow/example_dags/example_kubernetes_executor.py
[2025-11-12T19:25:05.075+0000] {processor.py:830} INFO - Processing file /home/airflow/.local/lib/python3.12/site-packages/airflow/example_dags/example_kubernetes_executor.py for tasks to queue
[2025-11-12T19:25:05.077+0000] {logging_mixin.py:188} INFO - [2025-11-12T19:25:05.077+0000] {dagbag.py:545} INFO - Filling up the DagBag from /home/airflow/.local/lib/python3.12/site-packages/airflow/example_dags/example_kubernetes_executor.py
[2025-11-12T19:25:05.090+0000] {processor.py:840} INFO - DAG(s) 'example_kubernetes_executor' retrieved from /home/airflow/.local/lib/python3.12/site-packages/airflow/example_dags/example_kubernetes_executor.py
[2025-11-12T19:25:05.135+0000] {logging_mixin.py:188} INFO - [2025-11-12T19:25:05.134+0000] {dag.py:3096} INFO - Sync 1 DAGs
[2025-11-12T19:25:05.148+0000] {logging_mixin.py:188} INFO - [2025-11-12T19:25:05.148+0000] {dag.py:3954} INFO - Setting next_dagrun for example_kubernetes_executor to None, run_after=None
[2025-11-12T19:25:05.169+0000] {processor.py:183} INFO - Processing /home/airflow/.local/lib/python3.12/site-packages/airflow/example_dags/example_kubernetes_executor.py took 0.102 seconds
[2025-11-12T19:25:35.429+0000] {processor.py:161} INFO - Started process (PID=1113) to work on /home/airflow/.local/lib/python3.12/site-packages/airflow/example_dags/example_kubernetes_executor.py
[2025-11-12T19:25:35.430+0000] {processor.py:830} INFO - Processing file /home/airflow/.local/lib/python3.12/site-packages/airflow/example_dags/example_kubernetes_executor.py for tasks to queue
[2025-11-12T19:25:35.433+0000] {logging_mixin.py:188} INFO - [2025-11-12T19:25:35.432+0000] {dagbag.py:545} INFO - Filling up the DagBag from /home/airflow/.local/lib/python3.12/site-packages/airflow/example_dags/example_kubernetes_executor.py
[2025-11-12T19:25:35.443+0000] {processor.py:840} INFO - DAG(s) 'example_kubernetes_executor' retrieved from /home/airflow/.local/lib/python3.12/site-packages/airflow/example_dags/example_kubernetes_executor.py
[2025-11-12T19:25:35.478+0000] {logging_mixin.py:188} INFO - [2025-11-12T19:25:35.477+0000] {dag.py:3096} INFO - Sync 1 DAGs
[2025-11-12T19:25:35.488+0000] {logging_mixin.py:188} INFO - [2025-11-12T19:25:35.487+0000] {dag.py:3954} INFO - Setting next_dagrun for example_kubernetes_executor to None, run_after=None
[2025-11-12T19:25:35.506+0000] {processor.py:183} INFO - Processing /home/airflow/.local/lib/python3.12/site-packages/airflow/example_dags/example_kubernetes_executor.py took 0.081 seconds
[2025-11-12T19:26:05.741+0000] {processor.py:161} INFO - Started process (PID=1173) to work on /home/airflow/.local/lib/python3.12/site-packages/airflow/example_dags/example_kubernetes_executor.py
[2025-11-12T19:26:05.742+0000] {processor.py:830} INFO - Processing file /home/airflow/.local/lib/python3.12/site-packages/airflow/example_dags/example_kubernetes_executor.py for tasks to queue
[2025-11-12T19:26:05.744+0000] {logging_mixin.py:188} INFO - [2025-11-12T19:26:05.743+0000] {dagbag.py:545} INFO - Filling up the DagBag from /home/airflow/.local/lib/python3.12/site-packages/airflow/example_dags/example_kubernetes_executor.py
[2025-11-12T19:26:05.753+0000] {processor.py:840} INFO - DAG(s) 'example_kubernetes_executor' retrieved from /home/airflow/.local/lib/python3.12/site-packages/airflow/example_dags/example_kubernetes_executor.py
[2025-11-12T19:26:05.786+0000] {logging_mixin.py:188} INFO - [2025-11-12T19:26:05.785+0000] {dag.py:3096} INFO - Sync 1 DAGs
[2025-11-12T19:26:05.796+0000] {logging_mixin.py:188} INFO - [2025-11-12T19:26:05.796+0000] {dag.py:3954} INFO - Setting next_dagrun for example_kubernetes_executor to None, run_after=None
[2025-11-12T19:26:05.815+0000] {processor.py:183} INFO - Processing /home/airflow/.local/lib/python3.12/site-packages/airflow/example_dags/example_kubernetes_executor.py took 0.079 seconds
[2025-11-12T19:26:36.332+0000] {processor.py:161} INFO - Started process (PID=1234) to work on /home/airflow/.local/lib/python3.12/site-packages/airflow/example_dags/example_kubernetes_executor.py
[2025-11-12T19:26:36.333+0000] {processor.py:830} INFO - Processing file /home/airflow/.local/lib/python3.12/site-packages/airflow/example_dags/example_kubernetes_executor.py for tasks to queue
[2025-11-12T19:26:36.335+0000] {logging_mixin.py:188} INFO - [2025-11-12T19:26:36.335+0000] {dagbag.py:545} INFO - Filling up the DagBag from /home/airflow/.local/lib/python3.12/site-packages/airflow/example_dags/example_kubernetes_executor.py
[2025-11-12T19:26:36.348+0000] {processor.py:840} INFO - DAG(s) 'example_kubernetes_executor' retrieved from /home/airflow/.local/lib/python3.12/site-packages/airflow/example_dags/example_kubernetes_executor.py
[2025-11-12T19:26:36.382+0000] {logging_mixin.py:188} INFO - [2025-11-12T19:26:36.382+0000] {dag.py:3096} INFO - Sync 1 DAGs
[2025-11-12T19:26:36.397+0000] {logging_mixin.py:188} INFO - [2025-11-12T19:26:36.397+0000] {dag.py:3954} INFO - Setting next_dagrun for example_kubernetes_executor to None, run_after=None
[2025-11-12T19:26:36.423+0000] {processor.py:183} INFO - Processing /home/airflow/.local/lib/python3.12/site-packages/airflow/example_dags/example_kubernetes_executor.py took 0.096 seconds
[2025-11-12T19:27:06.725+0000] {processor.py:161} INFO - Started process (PID=1294) to work on /home/airflow/.local/lib/python3.12/site-packages/airflow/example_dags/example_kubernetes_executor.py
[2025-11-12T19:27:06.727+0000] {processor.py:830} INFO - Processing file /home/airflow/.local/lib/python3.12/site-packages/airflow/example_dags/example_kubernetes_executor.py for tasks to queue
[2025-11-12T19:27:06.728+0000] {logging_mixin.py:188} INFO - [2025-11-12T19:27:06.728+0000] {dagbag.py:545} INFO - Filling up the DagBag from /home/airflow/.local/lib/python3.12/site-packages/airflow/example_dags/example_kubernetes_executor.py
[2025-11-12T19:27:06.738+0000] {processor.py:840} INFO - DAG(s) 'example_kubernetes_executor' retrieved from /home/airflow/.local/lib/python3.12/site-packages/airflow/example_dags/example_kubernetes_executor.py
[2025-11-12T19:27:06.772+0000] {logging_mixin.py:188} INFO - [2025-11-12T19:27:06.772+0000] {dag.py:3096} INFO - Sync 1 DAGs
[2025-11-12T19:27:06.782+0000] {logging_mixin.py:188} INFO - [2025-11-12T19:27:06.782+0000] {dag.py:3954} INFO - Setting next_dagrun for example_kubernetes_executor to None, run_after=None
[2025-11-12T19:27:06.800+0000] {processor.py:183} INFO - Processing /home/airflow/.local/lib/python3.12/site-packages/airflow/example_dags/example_kubernetes_executor.py took 0.079 seconds
[2025-11-12T19:27:37.889+0000] {processor.py:161} INFO - Started process (PID=1354) to work on /home/airflow/.local/lib/python3.12/site-packages/airflow/example_dags/example_kubernetes_executor.py
[2025-11-12T19:27:37.891+0000] {processor.py:830} INFO - Processing file /home/airflow/.local/lib/python3.12/site-packages/airflow/example_dags/example_kubernetes_executor.py for tasks to queue
[2025-11-12T19:27:37.894+0000] {logging_mixin.py:188} INFO - [2025-11-12T19:27:37.894+0000] {dagbag.py:545} INFO - Filling up the DagBag from /home/airflow/.local/lib/python3.12/site-packages/airflow/example_dags/example_kubernetes_executor.py
[2025-11-12T19:27:37.909+0000] {processor.py:840} INFO - DAG(s) 'example_kubernetes_executor' retrieved from /home/airflow/.local/lib/python3.12/site-packages/airflow/example_dags/example_kubernetes_executor.py
[2025-11-12T19:27:37.955+0000] {logging_mixin.py:188} INFO - [2025-11-12T19:27:37.954+0000] {dag.py:3096} INFO - Sync 1 DAGs
[2025-11-12T19:27:37.967+0000] {logging_mixin.py:188} INFO - [2025-11-12T19:27:37.967+0000] {dag.py:3954} INFO - Setting next_dagrun for example_kubernetes_executor to None, run_after=None
[2025-11-12T19:27:37.992+0000] {processor.py:183} INFO - Processing /home/airflow/.local/lib/python3.12/site-packages/airflow/example_dags/example_kubernetes_executor.py took 0.110 seconds
[2025-11-12T19:28:09.327+0000] {processor.py:161} INFO - Started process (PID=1415) to work on /home/airflow/.local/lib/python3.12/site-packages/airflow/example_dags/example_kubernetes_executor.py
[2025-11-12T19:28:09.328+0000] {processor.py:830} INFO - Processing file /home/airflow/.local/lib/python3.12/site-packages/airflow/example_dags/example_kubernetes_executor.py for tasks to queue
[2025-11-12T19:28:09.330+0000] {logging_mixin.py:188} INFO - [2025-11-12T19:28:09.330+0000] {dagbag.py:545} INFO - Filling up the DagBag from /home/airflow/.local/lib/python3.12/site-packages/airflow/example_dags/example_kubernetes_executor.py
[2025-11-12T19:28:09.340+0000] {processor.py:840} INFO - DAG(s) 'example_kubernetes_executor' retrieved from /home/airflow/.local/lib/python3.12/site-packages/airflow/example_dags/example_kubernetes_executor.py
[2025-11-12T19:28:09.380+0000] {logging_mixin.py:188} INFO - [2025-11-12T19:28:09.378+0000] {dag.py:3096} INFO - Sync 1 DAGs
[2025-11-12T19:28:09.601+0000] {logging_mixin.py:188} INFO - [2025-11-12T19:28:09.601+0000] {dag.py:3954} INFO - Setting next_dagrun for example_kubernetes_executor to None, run_after=None
[2025-11-12T19:28:09.625+0000] {processor.py:183} INFO - Processing /home/airflow/.local/lib/python3.12/site-packages/airflow/example_dags/example_kubernetes_executor.py took 0.303 seconds
[2025-11-12T19:28:39.682+0000] {processor.py:161} INFO - Started process (PID=1475) to work on /home/airflow/.local/lib/python3.12/site-packages/airflow/example_dags/example_kubernetes_executor.py
[2025-11-12T19:28:39.683+0000] {processor.py:830} INFO - Processing file /home/airflow/.local/lib/python3.12/site-packages/airflow/example_dags/example_kubernetes_executor.py for tasks to queue
[2025-11-12T19:28:39.685+0000] {logging_mixin.py:188} INFO - [2025-11-12T19:28:39.685+0000] {dagbag.py:545} INFO - Filling up the DagBag from /home/airflow/.local/lib/python3.12/site-packages/airflow/example_dags/example_kubernetes_executor.py
[2025-11-12T19:28:39.694+0000] {processor.py:840} INFO - DAG(s) 'example_kubernetes_executor' retrieved from /home/airflow/.local/lib/python3.12/site-packages/airflow/example_dags/example_kubernetes_executor.py
[2025-11-12T19:28:39.725+0000] {logging_mixin.py:188} INFO - [2025-11-12T19:28:39.724+0000] {dag.py:3096} INFO - Sync 1 DAGs
[2025-11-12T19:28:39.735+0000] {logging_mixin.py:188} INFO - [2025-11-12T19:28:39.734+0000] {dag.py:3954} INFO - Setting next_dagrun for example_kubernetes_executor to None, run_after=None
[2025-11-12T19:28:39.752+0000] {processor.py:183} INFO - Processing /home/airflow/.local/lib/python3.12/site-packages/airflow/example_dags/example_kubernetes_executor.py took 0.074 seconds
[2025-11-12T19:29:09.875+0000] {processor.py:161} INFO - Started process (PID=1535) to work on /home/airflow/.local/lib/python3.12/site-packages/airflow/example_dags/example_kubernetes_executor.py
[2025-11-12T19:29:09.876+0000] {processor.py:830} INFO - Processing file /home/airflow/.local/lib/python3.12/site-packages/airflow/example_dags/example_kubernetes_executor.py for tasks to queue
[2025-11-12T19:29:09.878+0000] {logging_mixin.py:188} INFO - [2025-11-12T19:29:09.878+0000] {dagbag.py:545} INFO - Filling up the DagBag from /home/airflow/.local/lib/python3.12/site-packages/airflow/example_dags/example_kubernetes_executor.py
[2025-11-12T19:29:09.888+0000] {processor.py:840} INFO - DAG(s) 'example_kubernetes_executor' retrieved from /home/airflow/.local/lib/python3.12/site-packages/airflow/example_dags/example_kubernetes_executor.py
[2025-11-12T19:29:09.921+0000] {logging_mixin.py:188} INFO - [2025-11-12T19:29:09.920+0000] {dag.py:3096} INFO - Sync 1 DAGs
[2025-11-12T19:29:09.930+0000] {logging_mixin.py:188} INFO - [2025-11-12T19:29:09.930+0000] {dag.py:3954} INFO - Setting next_dagrun for example_kubernetes_executor to None, run_after=None
[2025-11-12T19:29:09.952+0000] {processor.py:183} INFO - Processing /home/airflow/.local/lib/python3.12/site-packages/airflow/example_dags/example_kubernetes_executor.py took 0.082 seconds
[2025-11-12T19:29:42.043+0000] {processor.py:161} INFO - Started process (PID=1595) to work on /home/airflow/.local/lib/python3.12/site-packages/airflow/example_dags/example_kubernetes_executor.py
[2025-11-12T19:29:42.044+0000] {processor.py:830} INFO - Processing file /home/airflow/.local/lib/python3.12/site-packages/airflow/example_dags/example_kubernetes_executor.py for tasks to queue
[2025-11-12T19:29:42.047+0000] {logging_mixin.py:188} INFO - [2025-11-12T19:29:42.046+0000] {dagbag.py:545} INFO - Filling up the DagBag from /home/airflow/.local/lib/python3.12/site-packages/airflow/example_dags/example_kubernetes_executor.py
[2025-11-12T19:29:42.056+0000] {processor.py:840} INFO - DAG(s) 'example_kubernetes_executor' retrieved from /home/airflow/.local/lib/python3.12/site-packages/airflow/example_dags/example_kubernetes_executor.py
[2025-11-12T19:29:42.407+0000] {logging_mixin.py:188} INFO - [2025-11-12T19:29:42.407+0000] {dag.py:3096} INFO - Sync 1 DAGs
[2025-11-12T19:29:42.418+0000] {logging_mixin.py:188} INFO - [2025-11-12T19:29:42.417+0000] {dag.py:3954} INFO - Setting next_dagrun for example_kubernetes_executor to None, run_after=None
[2025-11-12T19:29:42.438+0000] {processor.py:183} INFO - Processing /home/airflow/.local/lib/python3.12/site-packages/airflow/example_dags/example_kubernetes_executor.py took 0.400 seconds
[2025-11-12T19:30:13.195+0000] {processor.py:161} INFO - Started process (PID=1655) to work on /home/airflow/.local/lib/python3.12/site-packages/airflow/example_dags/example_kubernetes_executor.py
[2025-11-12T19:30:13.197+0000] {processor.py:830} INFO - Processing file /home/airflow/.local/lib/python3.12/site-packages/airflow/example_dags/example_kubernetes_executor.py for tasks to queue
[2025-11-12T19:30:13.199+0000] {logging_mixin.py:188} INFO - [2025-11-12T19:30:13.199+0000] {dagbag.py:545} INFO - Filling up the DagBag from /home/airflow/.local/lib/python3.12/site-packages/airflow/example_dags/example_kubernetes_executor.py
[2025-11-12T19:30:13.210+0000] {processor.py:840} INFO - DAG(s) 'example_kubernetes_executor' retrieved from /home/airflow/.local/lib/python3.12/site-packages/airflow/example_dags/example_kubernetes_executor.py
[2025-11-12T19:30:13.257+0000] {logging_mixin.py:188} INFO - [2025-11-12T19:30:13.256+0000] {dag.py:3096} INFO - Sync 1 DAGs
[2025-11-12T19:30:13.270+0000] {logging_mixin.py:188} INFO - [2025-11-12T19:30:13.270+0000] {dag.py:3954} INFO - Setting next_dagrun for example_kubernetes_executor to None, run_after=None
[2025-11-12T19:30:13.294+0000] {processor.py:183} INFO - Processing /home/airflow/.local/lib/python3.12/site-packages/airflow/example_dags/example_kubernetes_executor.py took 0.103 seconds
[2025-11-12T19:30:43.414+0000] {processor.py:161} INFO - Started process (PID=1715) to work on /home/airflow/.local/lib/python3.12/site-packages/airflow/example_dags/example_kubernetes_executor.py
[2025-11-12T19:30:43.415+0000] {processor.py:830} INFO - Processing file /home/airflow/.local/lib/python3.12/site-packages/airflow/example_dags/example_kubernetes_executor.py for tasks to queue
[2025-11-12T19:30:43.417+0000] {logging_mixin.py:188} INFO - [2025-11-12T19:30:43.417+0000] {dagbag.py:545} INFO - Filling up the DagBag from /home/airflow/.local/lib/python3.12/site-packages/airflow/example_dags/example_kubernetes_executor.py
[2025-11-12T19:30:43.426+0000] {processor.py:840} INFO - DAG(s) 'example_kubernetes_executor' retrieved from /home/airflow/.local/lib/python3.12/site-packages/airflow/example_dags/example_kubernetes_executor.py
[2025-11-12T19:30:43.459+0000] {logging_mixin.py:188} INFO - [2025-11-12T19:30:43.459+0000] {dag.py:3096} INFO - Sync 1 DAGs
[2025-11-12T19:30:43.473+0000] {logging_mixin.py:188} INFO - [2025-11-12T19:30:43.473+0000] {dag.py:3954} INFO - Setting next_dagrun for example_kubernetes_executor to None, run_after=None
[2025-11-12T19:30:43.496+0000] {processor.py:183} INFO - Processing /home/airflow/.local/lib/python3.12/site-packages/airflow/example_dags/example_kubernetes_executor.py took 0.086 seconds
[2025-11-12T19:31:13.798+0000] {processor.py:161} INFO - Started process (PID=1775) to work on /home/airflow/.local/lib/python3.12/site-packages/airflow/example_dags/example_kubernetes_executor.py
[2025-11-12T19:31:13.800+0000] {processor.py:830} INFO - Processing file /home/airflow/.local/lib/python3.12/site-packages/airflow/example_dags/example_kubernetes_executor.py for tasks to queue
[2025-11-12T19:31:13.802+0000] {logging_mixin.py:188} INFO - [2025-11-12T19:31:13.801+0000] {dagbag.py:545} INFO - Filling up the DagBag from /home/airflow/.local/lib/python3.12/site-packages/airflow/example_dags/example_kubernetes_executor.py
[2025-11-12T19:31:13.812+0000] {processor.py:840} INFO - DAG(s) 'example_kubernetes_executor' retrieved from /home/airflow/.local/lib/python3.12/site-packages/airflow/example_dags/example_kubernetes_executor.py
[2025-11-12T19:31:13.850+0000] {logging_mixin.py:188} INFO - [2025-11-12T19:31:13.850+0000] {dag.py:3096} INFO - Sync 1 DAGs
[2025-11-12T19:31:13.861+0000] {logging_mixin.py:188} INFO - [2025-11-12T19:31:13.861+0000] {dag.py:3954} INFO - Setting next_dagrun for example_kubernetes_executor to None, run_after=None
[2025-11-12T19:31:13.892+0000] {processor.py:183} INFO - Processing /home/airflow/.local/lib/python3.12/site-packages/airflow/example_dags/example_kubernetes_executor.py took 0.098 seconds
[2025-11-12T19:31:44.498+0000] {processor.py:161} INFO - Started process (PID=1838) to work on /home/airflow/.local/lib/python3.12/site-packages/airflow/example_dags/example_kubernetes_executor.py
[2025-11-12T19:31:44.499+0000] {processor.py:830} INFO - Processing file /home/airflow/.local/lib/python3.12/site-packages/airflow/example_dags/example_kubernetes_executor.py for tasks to queue
[2025-11-12T19:31:44.502+0000] {logging_mixin.py:188} INFO - [2025-11-12T19:31:44.502+0000] {dagbag.py:545} INFO - Filling up the DagBag from /home/airflow/.local/lib/python3.12/site-packages/airflow/example_dags/example_kubernetes_executor.py
[2025-11-12T19:31:44.514+0000] {processor.py:840} INFO - DAG(s) 'example_kubernetes_executor' retrieved from /home/airflow/.local/lib/python3.12/site-packages/airflow/example_dags/example_kubernetes_executor.py
[2025-11-12T19:31:44.557+0000] {logging_mixin.py:188} INFO - [2025-11-12T19:31:44.557+0000] {dag.py:3096} INFO - Sync 1 DAGs
[2025-11-12T19:31:44.568+0000] {logging_mixin.py:188} INFO - [2025-11-12T19:31:44.568+0000] {dag.py:3954} INFO - Setting next_dagrun for example_kubernetes_executor to None, run_after=None
[2025-11-12T19:31:44.590+0000] {processor.py:183} INFO - Processing /home/airflow/.local/lib/python3.12/site-packages/airflow/example_dags/example_kubernetes_executor.py took 0.097 seconds
