[2025-11-12T19:06:13.387+0000] {processor.py:161} INFO - Started process (PID=106) to work on /home/airflow/.local/lib/python3.12/site-packages/airflow/example_dags/example_xcomargs.py
[2025-11-12T19:06:13.389+0000] {processor.py:830} INFO - Processing file /home/airflow/.local/lib/python3.12/site-packages/airflow/example_dags/example_xcomargs.py for tasks to queue
[2025-11-12T19:06:13.391+0000] {logging_mixin.py:188} INFO - [2025-11-12T19:06:13.390+0000] {dagbag.py:545} INFO - Filling up the DagBag from /home/airflow/.local/lib/python3.12/site-packages/airflow/example_dags/example_xcomargs.py
[2025-11-12T19:06:13.402+0000] {processor.py:840} INFO - DAG(s) 'example_xcom_args_with_operators', 'example_xcom_args' retrieved from /home/airflow/.local/lib/python3.12/site-packages/airflow/example_dags/example_xcomargs.py
[2025-11-12T19:06:13.523+0000] {logging_mixin.py:188} INFO - [2025-11-12T19:06:13.523+0000] {dag.py:3096} INFO - Sync 2 DAGs
[2025-11-12T19:06:13.538+0000] {logging_mixin.py:188} INFO - [2025-11-12T19:06:13.537+0000] {dag.py:3954} INFO - Setting next_dagrun for example_xcom_args to None, run_after=None
[2025-11-12T19:06:13.542+0000] {logging_mixin.py:188} INFO - [2025-11-12T19:06:13.542+0000] {dag.py:3954} INFO - Setting next_dagrun for example_xcom_args_with_operators to None, run_after=None
[2025-11-12T19:06:13.566+0000] {processor.py:183} INFO - Processing /home/airflow/.local/lib/python3.12/site-packages/airflow/example_dags/example_xcomargs.py took 0.185 seconds
[2025-11-12T19:06:44.014+0000] {processor.py:161} INFO - Started process (PID=167) to work on /home/airflow/.local/lib/python3.12/site-packages/airflow/example_dags/example_xcomargs.py
[2025-11-12T19:06:44.015+0000] {processor.py:830} INFO - Processing file /home/airflow/.local/lib/python3.12/site-packages/airflow/example_dags/example_xcomargs.py for tasks to queue
[2025-11-12T19:06:44.019+0000] {logging_mixin.py:188} INFO - [2025-11-12T19:06:44.018+0000] {dagbag.py:545} INFO - Filling up the DagBag from /home/airflow/.local/lib/python3.12/site-packages/airflow/example_dags/example_xcomargs.py
[2025-11-12T19:06:44.026+0000] {processor.py:840} INFO - DAG(s) 'example_xcom_args_with_operators', 'example_xcom_args' retrieved from /home/airflow/.local/lib/python3.12/site-packages/airflow/example_dags/example_xcomargs.py
[2025-11-12T19:06:44.053+0000] {logging_mixin.py:188} INFO - [2025-11-12T19:06:44.053+0000] {dag.py:3096} INFO - Sync 2 DAGs
[2025-11-12T19:06:44.070+0000] {logging_mixin.py:188} INFO - [2025-11-12T19:06:44.069+0000] {dag.py:3954} INFO - Setting next_dagrun for example_xcom_args to None, run_after=None
[2025-11-12T19:06:44.075+0000] {logging_mixin.py:188} INFO - [2025-11-12T19:06:44.074+0000] {dag.py:3954} INFO - Setting next_dagrun for example_xcom_args_with_operators to None, run_after=None
[2025-11-12T19:06:44.101+0000] {processor.py:183} INFO - Processing /home/airflow/.local/lib/python3.12/site-packages/airflow/example_dags/example_xcomargs.py took 0.092 seconds
[2025-11-12T19:07:14.788+0000] {processor.py:161} INFO - Started process (PID=227) to work on /home/airflow/.local/lib/python3.12/site-packages/airflow/example_dags/example_xcomargs.py
[2025-11-12T19:07:14.789+0000] {processor.py:830} INFO - Processing file /home/airflow/.local/lib/python3.12/site-packages/airflow/example_dags/example_xcomargs.py for tasks to queue
[2025-11-12T19:07:14.791+0000] {logging_mixin.py:188} INFO - [2025-11-12T19:07:14.791+0000] {dagbag.py:545} INFO - Filling up the DagBag from /home/airflow/.local/lib/python3.12/site-packages/airflow/example_dags/example_xcomargs.py
[2025-11-12T19:07:14.798+0000] {processor.py:840} INFO - DAG(s) 'example_xcom_args_with_operators', 'example_xcom_args' retrieved from /home/airflow/.local/lib/python3.12/site-packages/airflow/example_dags/example_xcomargs.py
[2025-11-12T19:07:14.825+0000] {logging_mixin.py:188} INFO - [2025-11-12T19:07:14.825+0000] {dag.py:3096} INFO - Sync 2 DAGs
[2025-11-12T19:07:14.835+0000] {logging_mixin.py:188} INFO - [2025-11-12T19:07:14.835+0000] {dag.py:3954} INFO - Setting next_dagrun for example_xcom_args to None, run_after=None
[2025-11-12T19:07:14.841+0000] {logging_mixin.py:188} INFO - [2025-11-12T19:07:14.841+0000] {dag.py:3954} INFO - Setting next_dagrun for example_xcom_args_with_operators to None, run_after=None
[2025-11-12T19:07:14.861+0000] {processor.py:183} INFO - Processing /home/airflow/.local/lib/python3.12/site-packages/airflow/example_dags/example_xcomargs.py took 0.077 seconds
[2025-11-12T19:07:45.202+0000] {processor.py:161} INFO - Started process (PID=287) to work on /home/airflow/.local/lib/python3.12/site-packages/airflow/example_dags/example_xcomargs.py
[2025-11-12T19:07:45.203+0000] {processor.py:830} INFO - Processing file /home/airflow/.local/lib/python3.12/site-packages/airflow/example_dags/example_xcomargs.py for tasks to queue
[2025-11-12T19:07:45.206+0000] {logging_mixin.py:188} INFO - [2025-11-12T19:07:45.205+0000] {dagbag.py:545} INFO - Filling up the DagBag from /home/airflow/.local/lib/python3.12/site-packages/airflow/example_dags/example_xcomargs.py
[2025-11-12T19:07:45.216+0000] {processor.py:840} INFO - DAG(s) 'example_xcom_args_with_operators', 'example_xcom_args' retrieved from /home/airflow/.local/lib/python3.12/site-packages/airflow/example_dags/example_xcomargs.py
[2025-11-12T19:07:45.248+0000] {logging_mixin.py:188} INFO - [2025-11-12T19:07:45.248+0000] {dag.py:3096} INFO - Sync 2 DAGs
[2025-11-12T19:07:45.260+0000] {logging_mixin.py:188} INFO - [2025-11-12T19:07:45.260+0000] {dag.py:3954} INFO - Setting next_dagrun for example_xcom_args to None, run_after=None
[2025-11-12T19:07:45.265+0000] {logging_mixin.py:188} INFO - [2025-11-12T19:07:45.265+0000] {dag.py:3954} INFO - Setting next_dagrun for example_xcom_args_with_operators to None, run_after=None
[2025-11-12T19:07:45.286+0000] {processor.py:183} INFO - Processing /home/airflow/.local/lib/python3.12/site-packages/airflow/example_dags/example_xcomargs.py took 0.089 seconds
[2025-11-12T19:08:15.912+0000] {processor.py:161} INFO - Started process (PID=347) to work on /home/airflow/.local/lib/python3.12/site-packages/airflow/example_dags/example_xcomargs.py
[2025-11-12T19:08:15.913+0000] {processor.py:830} INFO - Processing file /home/airflow/.local/lib/python3.12/site-packages/airflow/example_dags/example_xcomargs.py for tasks to queue
[2025-11-12T19:08:15.914+0000] {logging_mixin.py:188} INFO - [2025-11-12T19:08:15.914+0000] {dagbag.py:545} INFO - Filling up the DagBag from /home/airflow/.local/lib/python3.12/site-packages/airflow/example_dags/example_xcomargs.py
[2025-11-12T19:08:15.921+0000] {processor.py:840} INFO - DAG(s) 'example_xcom_args', 'example_xcom_args_with_operators' retrieved from /home/airflow/.local/lib/python3.12/site-packages/airflow/example_dags/example_xcomargs.py
[2025-11-12T19:08:15.950+0000] {logging_mixin.py:188} INFO - [2025-11-12T19:08:15.950+0000] {dag.py:3096} INFO - Sync 2 DAGs
[2025-11-12T19:08:15.968+0000] {logging_mixin.py:188} INFO - [2025-11-12T19:08:15.967+0000] {dag.py:3954} INFO - Setting next_dagrun for example_xcom_args to None, run_after=None
[2025-11-12T19:08:15.972+0000] {logging_mixin.py:188} INFO - [2025-11-12T19:08:15.972+0000] {dag.py:3954} INFO - Setting next_dagrun for example_xcom_args_with_operators to None, run_after=None
[2025-11-12T19:08:15.993+0000] {processor.py:183} INFO - Processing /home/airflow/.local/lib/python3.12/site-packages/airflow/example_dags/example_xcomargs.py took 0.086 seconds
[2025-11-12T19:08:46.487+0000] {processor.py:161} INFO - Started process (PID=407) to work on /home/airflow/.local/lib/python3.12/site-packages/airflow/example_dags/example_xcomargs.py
[2025-11-12T19:08:46.488+0000] {processor.py:830} INFO - Processing file /home/airflow/.local/lib/python3.12/site-packages/airflow/example_dags/example_xcomargs.py for tasks to queue
[2025-11-12T19:08:46.488+0000] {logging_mixin.py:188} INFO - [2025-11-12T19:08:46.488+0000] {dagbag.py:545} INFO - Filling up the DagBag from /home/airflow/.local/lib/python3.12/site-packages/airflow/example_dags/example_xcomargs.py
[2025-11-12T19:08:46.497+0000] {processor.py:840} INFO - DAG(s) 'example_xcom_args', 'example_xcom_args_with_operators' retrieved from /home/airflow/.local/lib/python3.12/site-packages/airflow/example_dags/example_xcomargs.py
[2025-11-12T19:08:46.525+0000] {logging_mixin.py:188} INFO - [2025-11-12T19:08:46.525+0000] {dag.py:3096} INFO - Sync 2 DAGs
[2025-11-12T19:08:46.539+0000] {logging_mixin.py:188} INFO - [2025-11-12T19:08:46.539+0000] {dag.py:3954} INFO - Setting next_dagrun for example_xcom_args to None, run_after=None
[2025-11-12T19:08:46.545+0000] {logging_mixin.py:188} INFO - [2025-11-12T19:08:46.544+0000] {dag.py:3954} INFO - Setting next_dagrun for example_xcom_args_with_operators to None, run_after=None
[2025-11-12T19:08:46.569+0000] {processor.py:183} INFO - Processing /home/airflow/.local/lib/python3.12/site-packages/airflow/example_dags/example_xcomargs.py took 0.087 seconds
[2025-11-12T19:09:17.052+0000] {processor.py:161} INFO - Started process (PID=468) to work on /home/airflow/.local/lib/python3.12/site-packages/airflow/example_dags/example_xcomargs.py
[2025-11-12T19:09:17.054+0000] {processor.py:830} INFO - Processing file /home/airflow/.local/lib/python3.12/site-packages/airflow/example_dags/example_xcomargs.py for tasks to queue
[2025-11-12T19:09:17.055+0000] {logging_mixin.py:188} INFO - [2025-11-12T19:09:17.054+0000] {dagbag.py:545} INFO - Filling up the DagBag from /home/airflow/.local/lib/python3.12/site-packages/airflow/example_dags/example_xcomargs.py
[2025-11-12T19:09:17.064+0000] {processor.py:840} INFO - DAG(s) 'example_xcom_args', 'example_xcom_args_with_operators' retrieved from /home/airflow/.local/lib/python3.12/site-packages/airflow/example_dags/example_xcomargs.py
[2025-11-12T19:09:17.098+0000] {logging_mixin.py:188} INFO - [2025-11-12T19:09:17.098+0000] {dag.py:3096} INFO - Sync 2 DAGs
[2025-11-12T19:09:17.114+0000] {logging_mixin.py:188} INFO - [2025-11-12T19:09:17.113+0000] {dag.py:3954} INFO - Setting next_dagrun for example_xcom_args to None, run_after=None
[2025-11-12T19:09:17.119+0000] {logging_mixin.py:188} INFO - [2025-11-12T19:09:17.119+0000] {dag.py:3954} INFO - Setting next_dagrun for example_xcom_args_with_operators to None, run_after=None
[2025-11-12T19:09:17.141+0000] {processor.py:183} INFO - Processing /home/airflow/.local/lib/python3.12/site-packages/airflow/example_dags/example_xcomargs.py took 0.094 seconds
[2025-11-12T19:09:47.887+0000] {processor.py:161} INFO - Started process (PID=529) to work on /home/airflow/.local/lib/python3.12/site-packages/airflow/example_dags/example_xcomargs.py
[2025-11-12T19:09:47.888+0000] {processor.py:830} INFO - Processing file /home/airflow/.local/lib/python3.12/site-packages/airflow/example_dags/example_xcomargs.py for tasks to queue
[2025-11-12T19:09:47.889+0000] {logging_mixin.py:188} INFO - [2025-11-12T19:09:47.889+0000] {dagbag.py:545} INFO - Filling up the DagBag from /home/airflow/.local/lib/python3.12/site-packages/airflow/example_dags/example_xcomargs.py
[2025-11-12T19:09:47.896+0000] {processor.py:840} INFO - DAG(s) 'example_xcom_args', 'example_xcom_args_with_operators' retrieved from /home/airflow/.local/lib/python3.12/site-packages/airflow/example_dags/example_xcomargs.py
[2025-11-12T19:09:47.923+0000] {logging_mixin.py:188} INFO - [2025-11-12T19:09:47.923+0000] {dag.py:3096} INFO - Sync 2 DAGs
[2025-11-12T19:09:47.941+0000] {logging_mixin.py:188} INFO - [2025-11-12T19:09:47.940+0000] {dag.py:3954} INFO - Setting next_dagrun for example_xcom_args to None, run_after=None
[2025-11-12T19:09:47.946+0000] {logging_mixin.py:188} INFO - [2025-11-12T19:09:47.945+0000] {dag.py:3954} INFO - Setting next_dagrun for example_xcom_args_with_operators to None, run_after=None
[2025-11-12T19:09:47.978+0000] {processor.py:183} INFO - Processing /home/airflow/.local/lib/python3.12/site-packages/airflow/example_dags/example_xcomargs.py took 0.095 seconds
[2025-11-12T19:10:18.899+0000] {processor.py:161} INFO - Started process (PID=589) to work on /home/airflow/.local/lib/python3.12/site-packages/airflow/example_dags/example_xcomargs.py
[2025-11-12T19:10:18.901+0000] {processor.py:830} INFO - Processing file /home/airflow/.local/lib/python3.12/site-packages/airflow/example_dags/example_xcomargs.py for tasks to queue
[2025-11-12T19:10:18.902+0000] {logging_mixin.py:188} INFO - [2025-11-12T19:10:18.901+0000] {dagbag.py:545} INFO - Filling up the DagBag from /home/airflow/.local/lib/python3.12/site-packages/airflow/example_dags/example_xcomargs.py
[2025-11-12T19:10:18.909+0000] {processor.py:840} INFO - DAG(s) 'example_xcom_args_with_operators', 'example_xcom_args' retrieved from /home/airflow/.local/lib/python3.12/site-packages/airflow/example_dags/example_xcomargs.py
[2025-11-12T19:10:18.943+0000] {logging_mixin.py:188} INFO - [2025-11-12T19:10:18.943+0000] {dag.py:3096} INFO - Sync 2 DAGs
[2025-11-12T19:10:18.952+0000] {logging_mixin.py:188} INFO - [2025-11-12T19:10:18.952+0000] {dag.py:3954} INFO - Setting next_dagrun for example_xcom_args to None, run_after=None
[2025-11-12T19:10:18.956+0000] {logging_mixin.py:188} INFO - [2025-11-12T19:10:18.956+0000] {dag.py:3954} INFO - Setting next_dagrun for example_xcom_args_with_operators to None, run_after=None
[2025-11-12T19:10:18.975+0000] {processor.py:183} INFO - Processing /home/airflow/.local/lib/python3.12/site-packages/airflow/example_dags/example_xcomargs.py took 0.082 seconds
[2025-11-12T19:10:49.280+0000] {processor.py:161} INFO - Started process (PID=650) to work on /home/airflow/.local/lib/python3.12/site-packages/airflow/example_dags/example_xcomargs.py
[2025-11-12T19:10:49.281+0000] {processor.py:830} INFO - Processing file /home/airflow/.local/lib/python3.12/site-packages/airflow/example_dags/example_xcomargs.py for tasks to queue
[2025-11-12T19:10:49.283+0000] {logging_mixin.py:188} INFO - [2025-11-12T19:10:49.283+0000] {dagbag.py:545} INFO - Filling up the DagBag from /home/airflow/.local/lib/python3.12/site-packages/airflow/example_dags/example_xcomargs.py
[2025-11-12T19:10:49.290+0000] {processor.py:840} INFO - DAG(s) 'example_xcom_args_with_operators', 'example_xcom_args' retrieved from /home/airflow/.local/lib/python3.12/site-packages/airflow/example_dags/example_xcomargs.py
[2025-11-12T19:10:49.312+0000] {logging_mixin.py:188} INFO - [2025-11-12T19:10:49.312+0000] {dag.py:3096} INFO - Sync 2 DAGs
[2025-11-12T19:10:49.323+0000] {logging_mixin.py:188} INFO - [2025-11-12T19:10:49.323+0000] {dag.py:3954} INFO - Setting next_dagrun for example_xcom_args to None, run_after=None
[2025-11-12T19:10:49.327+0000] {logging_mixin.py:188} INFO - [2025-11-12T19:10:49.327+0000] {dag.py:3954} INFO - Setting next_dagrun for example_xcom_args_with_operators to None, run_after=None
[2025-11-12T19:10:49.346+0000] {processor.py:183} INFO - Processing /home/airflow/.local/lib/python3.12/site-packages/airflow/example_dags/example_xcomargs.py took 0.070 seconds
[2025-11-12T19:11:19.612+0000] {processor.py:161} INFO - Started process (PID=710) to work on /home/airflow/.local/lib/python3.12/site-packages/airflow/example_dags/example_xcomargs.py
[2025-11-12T19:11:19.613+0000] {processor.py:830} INFO - Processing file /home/airflow/.local/lib/python3.12/site-packages/airflow/example_dags/example_xcomargs.py for tasks to queue
[2025-11-12T19:11:19.614+0000] {logging_mixin.py:188} INFO - [2025-11-12T19:11:19.614+0000] {dagbag.py:545} INFO - Filling up the DagBag from /home/airflow/.local/lib/python3.12/site-packages/airflow/example_dags/example_xcomargs.py
[2025-11-12T19:11:19.623+0000] {processor.py:840} INFO - DAG(s) 'example_xcom_args_with_operators', 'example_xcom_args' retrieved from /home/airflow/.local/lib/python3.12/site-packages/airflow/example_dags/example_xcomargs.py
[2025-11-12T19:11:19.651+0000] {logging_mixin.py:188} INFO - [2025-11-12T19:11:19.651+0000] {dag.py:3096} INFO - Sync 2 DAGs
[2025-11-12T19:11:19.668+0000] {logging_mixin.py:188} INFO - [2025-11-12T19:11:19.668+0000] {dag.py:3954} INFO - Setting next_dagrun for example_xcom_args to None, run_after=None
[2025-11-12T19:11:19.673+0000] {logging_mixin.py:188} INFO - [2025-11-12T19:11:19.673+0000] {dag.py:3954} INFO - Setting next_dagrun for example_xcom_args_with_operators to None, run_after=None
[2025-11-12T19:11:19.698+0000] {processor.py:183} INFO - Processing /home/airflow/.local/lib/python3.12/site-packages/airflow/example_dags/example_xcomargs.py took 0.092 seconds
[2025-11-12T19:11:49.819+0000] {processor.py:161} INFO - Started process (PID=770) to work on /home/airflow/.local/lib/python3.12/site-packages/airflow/example_dags/example_xcomargs.py
[2025-11-12T19:11:49.820+0000] {processor.py:830} INFO - Processing file /home/airflow/.local/lib/python3.12/site-packages/airflow/example_dags/example_xcomargs.py for tasks to queue
[2025-11-12T19:11:49.821+0000] {logging_mixin.py:188} INFO - [2025-11-12T19:11:49.820+0000] {dagbag.py:545} INFO - Filling up the DagBag from /home/airflow/.local/lib/python3.12/site-packages/airflow/example_dags/example_xcomargs.py
[2025-11-12T19:11:49.828+0000] {processor.py:840} INFO - DAG(s) 'example_xcom_args', 'example_xcom_args_with_operators' retrieved from /home/airflow/.local/lib/python3.12/site-packages/airflow/example_dags/example_xcomargs.py
[2025-11-12T19:11:49.851+0000] {logging_mixin.py:188} INFO - [2025-11-12T19:11:49.851+0000] {dag.py:3096} INFO - Sync 2 DAGs
[2025-11-12T19:11:49.862+0000] {logging_mixin.py:188} INFO - [2025-11-12T19:11:49.862+0000] {dag.py:3954} INFO - Setting next_dagrun for example_xcom_args to None, run_after=None
[2025-11-12T19:11:49.867+0000] {logging_mixin.py:188} INFO - [2025-11-12T19:11:49.866+0000] {dag.py:3954} INFO - Setting next_dagrun for example_xcom_args_with_operators to None, run_after=None
[2025-11-12T19:11:49.892+0000] {processor.py:183} INFO - Processing /home/airflow/.local/lib/python3.12/site-packages/airflow/example_dags/example_xcomargs.py took 0.078 seconds
[2025-11-12T19:12:21.034+0000] {processor.py:161} INFO - Started process (PID=830) to work on /home/airflow/.local/lib/python3.12/site-packages/airflow/example_dags/example_xcomargs.py
[2025-11-12T19:12:21.035+0000] {processor.py:830} INFO - Processing file /home/airflow/.local/lib/python3.12/site-packages/airflow/example_dags/example_xcomargs.py for tasks to queue
[2025-11-12T19:12:21.036+0000] {logging_mixin.py:188} INFO - [2025-11-12T19:12:21.036+0000] {dagbag.py:545} INFO - Filling up the DagBag from /home/airflow/.local/lib/python3.12/site-packages/airflow/example_dags/example_xcomargs.py
[2025-11-12T19:12:21.045+0000] {processor.py:840} INFO - DAG(s) 'example_xcom_args_with_operators', 'example_xcom_args' retrieved from /home/airflow/.local/lib/python3.12/site-packages/airflow/example_dags/example_xcomargs.py
[2025-11-12T19:12:21.072+0000] {logging_mixin.py:188} INFO - [2025-11-12T19:12:21.072+0000] {dag.py:3096} INFO - Sync 2 DAGs
[2025-11-12T19:12:21.083+0000] {logging_mixin.py:188} INFO - [2025-11-12T19:12:21.083+0000] {dag.py:3954} INFO - Setting next_dagrun for example_xcom_args to None, run_after=None
[2025-11-12T19:12:21.086+0000] {logging_mixin.py:188} INFO - [2025-11-12T19:12:21.086+0000] {dag.py:3954} INFO - Setting next_dagrun for example_xcom_args_with_operators to None, run_after=None
[2025-11-12T19:12:21.105+0000] {processor.py:183} INFO - Processing /home/airflow/.local/lib/python3.12/site-packages/airflow/example_dags/example_xcomargs.py took 0.075 seconds
[2025-11-12T19:12:51.424+0000] {processor.py:161} INFO - Started process (PID=890) to work on /home/airflow/.local/lib/python3.12/site-packages/airflow/example_dags/example_xcomargs.py
[2025-11-12T19:12:51.425+0000] {processor.py:830} INFO - Processing file /home/airflow/.local/lib/python3.12/site-packages/airflow/example_dags/example_xcomargs.py for tasks to queue
[2025-11-12T19:12:51.426+0000] {logging_mixin.py:188} INFO - [2025-11-12T19:12:51.425+0000] {dagbag.py:545} INFO - Filling up the DagBag from /home/airflow/.local/lib/python3.12/site-packages/airflow/example_dags/example_xcomargs.py
[2025-11-12T19:12:51.434+0000] {processor.py:840} INFO - DAG(s) 'example_xcom_args', 'example_xcom_args_with_operators' retrieved from /home/airflow/.local/lib/python3.12/site-packages/airflow/example_dags/example_xcomargs.py
[2025-11-12T19:12:51.457+0000] {logging_mixin.py:188} INFO - [2025-11-12T19:12:51.457+0000] {dag.py:3096} INFO - Sync 2 DAGs
[2025-11-12T19:12:51.468+0000] {logging_mixin.py:188} INFO - [2025-11-12T19:12:51.468+0000] {dag.py:3954} INFO - Setting next_dagrun for example_xcom_args to None, run_after=None
[2025-11-12T19:12:51.473+0000] {logging_mixin.py:188} INFO - [2025-11-12T19:12:51.472+0000] {dag.py:3954} INFO - Setting next_dagrun for example_xcom_args_with_operators to None, run_after=None
[2025-11-12T19:12:51.495+0000] {processor.py:183} INFO - Processing /home/airflow/.local/lib/python3.12/site-packages/airflow/example_dags/example_xcomargs.py took 0.076 seconds
[2025-11-12T19:13:21.891+0000] {processor.py:161} INFO - Started process (PID=951) to work on /home/airflow/.local/lib/python3.12/site-packages/airflow/example_dags/example_xcomargs.py
[2025-11-12T19:13:21.892+0000] {processor.py:830} INFO - Processing file /home/airflow/.local/lib/python3.12/site-packages/airflow/example_dags/example_xcomargs.py for tasks to queue
[2025-11-12T19:13:21.893+0000] {logging_mixin.py:188} INFO - [2025-11-12T19:13:21.893+0000] {dagbag.py:545} INFO - Filling up the DagBag from /home/airflow/.local/lib/python3.12/site-packages/airflow/example_dags/example_xcomargs.py
[2025-11-12T19:13:21.901+0000] {processor.py:840} INFO - DAG(s) 'example_xcom_args', 'example_xcom_args_with_operators' retrieved from /home/airflow/.local/lib/python3.12/site-packages/airflow/example_dags/example_xcomargs.py
[2025-11-12T19:13:21.924+0000] {logging_mixin.py:188} INFO - [2025-11-12T19:13:21.924+0000] {dag.py:3096} INFO - Sync 2 DAGs
[2025-11-12T19:13:21.934+0000] {logging_mixin.py:188} INFO - [2025-11-12T19:13:21.934+0000] {dag.py:3954} INFO - Setting next_dagrun for example_xcom_args to None, run_after=None
[2025-11-12T19:13:21.939+0000] {logging_mixin.py:188} INFO - [2025-11-12T19:13:21.939+0000] {dag.py:3954} INFO - Setting next_dagrun for example_xcom_args_with_operators to None, run_after=None
[2025-11-12T19:13:21.960+0000] {processor.py:183} INFO - Processing /home/airflow/.local/lib/python3.12/site-packages/airflow/example_dags/example_xcomargs.py took 0.074 seconds
[2025-11-12T19:13:52.700+0000] {processor.py:161} INFO - Started process (PID=1011) to work on /home/airflow/.local/lib/python3.12/site-packages/airflow/example_dags/example_xcomargs.py
[2025-11-12T19:13:52.701+0000] {processor.py:830} INFO - Processing file /home/airflow/.local/lib/python3.12/site-packages/airflow/example_dags/example_xcomargs.py for tasks to queue
[2025-11-12T19:13:52.702+0000] {logging_mixin.py:188} INFO - [2025-11-12T19:13:52.702+0000] {dagbag.py:545} INFO - Filling up the DagBag from /home/airflow/.local/lib/python3.12/site-packages/airflow/example_dags/example_xcomargs.py
[2025-11-12T19:13:52.708+0000] {processor.py:840} INFO - DAG(s) 'example_xcom_args_with_operators', 'example_xcom_args' retrieved from /home/airflow/.local/lib/python3.12/site-packages/airflow/example_dags/example_xcomargs.py
[2025-11-12T19:13:52.733+0000] {logging_mixin.py:188} INFO - [2025-11-12T19:13:52.732+0000] {dag.py:3096} INFO - Sync 2 DAGs
[2025-11-12T19:13:52.742+0000] {logging_mixin.py:188} INFO - [2025-11-12T19:13:52.742+0000] {dag.py:3954} INFO - Setting next_dagrun for example_xcom_args to None, run_after=None
[2025-11-12T19:13:52.746+0000] {logging_mixin.py:188} INFO - [2025-11-12T19:13:52.746+0000] {dag.py:3954} INFO - Setting next_dagrun for example_xcom_args_with_operators to None, run_after=None
[2025-11-12T19:13:52.765+0000] {processor.py:183} INFO - Processing /home/airflow/.local/lib/python3.12/site-packages/airflow/example_dags/example_xcomargs.py took 0.069 seconds
[2025-11-12T19:14:23.504+0000] {processor.py:161} INFO - Started process (PID=1071) to work on /home/airflow/.local/lib/python3.12/site-packages/airflow/example_dags/example_xcomargs.py
[2025-11-12T19:14:23.505+0000] {processor.py:830} INFO - Processing file /home/airflow/.local/lib/python3.12/site-packages/airflow/example_dags/example_xcomargs.py for tasks to queue
[2025-11-12T19:14:23.506+0000] {logging_mixin.py:188} INFO - [2025-11-12T19:14:23.506+0000] {dagbag.py:545} INFO - Filling up the DagBag from /home/airflow/.local/lib/python3.12/site-packages/airflow/example_dags/example_xcomargs.py
[2025-11-12T19:14:23.516+0000] {processor.py:840} INFO - DAG(s) 'example_xcom_args_with_operators', 'example_xcom_args' retrieved from /home/airflow/.local/lib/python3.12/site-packages/airflow/example_dags/example_xcomargs.py
[2025-11-12T19:14:23.542+0000] {logging_mixin.py:188} INFO - [2025-11-12T19:14:23.542+0000] {dag.py:3096} INFO - Sync 2 DAGs
[2025-11-12T19:14:23.552+0000] {logging_mixin.py:188} INFO - [2025-11-12T19:14:23.551+0000] {dag.py:3954} INFO - Setting next_dagrun for example_xcom_args to None, run_after=None
[2025-11-12T19:14:23.556+0000] {logging_mixin.py:188} INFO - [2025-11-12T19:14:23.555+0000] {dag.py:3954} INFO - Setting next_dagrun for example_xcom_args_with_operators to None, run_after=None
[2025-11-12T19:14:23.576+0000] {processor.py:183} INFO - Processing /home/airflow/.local/lib/python3.12/site-packages/airflow/example_dags/example_xcomargs.py took 0.076 seconds
[2025-11-12T19:14:54.127+0000] {processor.py:161} INFO - Started process (PID=1131) to work on /home/airflow/.local/lib/python3.12/site-packages/airflow/example_dags/example_xcomargs.py
[2025-11-12T19:14:54.128+0000] {processor.py:830} INFO - Processing file /home/airflow/.local/lib/python3.12/site-packages/airflow/example_dags/example_xcomargs.py for tasks to queue
[2025-11-12T19:14:54.129+0000] {logging_mixin.py:188} INFO - [2025-11-12T19:14:54.129+0000] {dagbag.py:545} INFO - Filling up the DagBag from /home/airflow/.local/lib/python3.12/site-packages/airflow/example_dags/example_xcomargs.py
[2025-11-12T19:14:54.136+0000] {processor.py:840} INFO - DAG(s) 'example_xcom_args', 'example_xcom_args_with_operators' retrieved from /home/airflow/.local/lib/python3.12/site-packages/airflow/example_dags/example_xcomargs.py
[2025-11-12T19:14:54.161+0000] {logging_mixin.py:188} INFO - [2025-11-12T19:14:54.160+0000] {dag.py:3096} INFO - Sync 2 DAGs
[2025-11-12T19:14:54.173+0000] {logging_mixin.py:188} INFO - [2025-11-12T19:14:54.172+0000] {dag.py:3954} INFO - Setting next_dagrun for example_xcom_args to None, run_after=None
[2025-11-12T19:14:54.178+0000] {logging_mixin.py:188} INFO - [2025-11-12T19:14:54.177+0000] {dag.py:3954} INFO - Setting next_dagrun for example_xcom_args_with_operators to None, run_after=None
[2025-11-12T19:14:54.213+0000] {processor.py:183} INFO - Processing /home/airflow/.local/lib/python3.12/site-packages/airflow/example_dags/example_xcomargs.py took 0.092 seconds
[2025-11-12T19:15:25.272+0000] {processor.py:161} INFO - Started process (PID=1191) to work on /home/airflow/.local/lib/python3.12/site-packages/airflow/example_dags/example_xcomargs.py
[2025-11-12T19:15:25.273+0000] {processor.py:830} INFO - Processing file /home/airflow/.local/lib/python3.12/site-packages/airflow/example_dags/example_xcomargs.py for tasks to queue
[2025-11-12T19:15:25.275+0000] {logging_mixin.py:188} INFO - [2025-11-12T19:15:25.275+0000] {dagbag.py:545} INFO - Filling up the DagBag from /home/airflow/.local/lib/python3.12/site-packages/airflow/example_dags/example_xcomargs.py
[2025-11-12T19:15:25.285+0000] {processor.py:840} INFO - DAG(s) 'example_xcom_args', 'example_xcom_args_with_operators' retrieved from /home/airflow/.local/lib/python3.12/site-packages/airflow/example_dags/example_xcomargs.py
[2025-11-12T19:15:25.316+0000] {logging_mixin.py:188} INFO - [2025-11-12T19:15:25.316+0000] {dag.py:3096} INFO - Sync 2 DAGs
[2025-11-12T19:15:25.334+0000] {logging_mixin.py:188} INFO - [2025-11-12T19:15:25.334+0000] {dag.py:3954} INFO - Setting next_dagrun for example_xcom_args to None, run_after=None
[2025-11-12T19:15:25.340+0000] {logging_mixin.py:188} INFO - [2025-11-12T19:15:25.340+0000] {dag.py:3954} INFO - Setting next_dagrun for example_xcom_args_with_operators to None, run_after=None
[2025-11-12T19:15:25.364+0000] {processor.py:183} INFO - Processing /home/airflow/.local/lib/python3.12/site-packages/airflow/example_dags/example_xcomargs.py took 0.097 seconds
[2025-11-12T19:15:55.788+0000] {processor.py:161} INFO - Started process (PID=1251) to work on /home/airflow/.local/lib/python3.12/site-packages/airflow/example_dags/example_xcomargs.py
[2025-11-12T19:15:55.789+0000] {processor.py:830} INFO - Processing file /home/airflow/.local/lib/python3.12/site-packages/airflow/example_dags/example_xcomargs.py for tasks to queue
[2025-11-12T19:15:55.790+0000] {logging_mixin.py:188} INFO - [2025-11-12T19:15:55.790+0000] {dagbag.py:545} INFO - Filling up the DagBag from /home/airflow/.local/lib/python3.12/site-packages/airflow/example_dags/example_xcomargs.py
[2025-11-12T19:15:55.797+0000] {processor.py:840} INFO - DAG(s) 'example_xcom_args_with_operators', 'example_xcom_args' retrieved from /home/airflow/.local/lib/python3.12/site-packages/airflow/example_dags/example_xcomargs.py
[2025-11-12T19:15:55.901+0000] {logging_mixin.py:188} INFO - [2025-11-12T19:15:55.900+0000] {dag.py:3096} INFO - Sync 2 DAGs
[2025-11-12T19:15:55.938+0000] {logging_mixin.py:188} INFO - [2025-11-12T19:15:55.938+0000] {dag.py:3954} INFO - Setting next_dagrun for example_xcom_args to None, run_after=None
[2025-11-12T19:15:55.945+0000] {logging_mixin.py:188} INFO - [2025-11-12T19:15:55.945+0000] {dag.py:3954} INFO - Setting next_dagrun for example_xcom_args_with_operators to None, run_after=None
[2025-11-12T19:15:55.981+0000] {processor.py:183} INFO - Processing /home/airflow/.local/lib/python3.12/site-packages/airflow/example_dags/example_xcomargs.py took 0.198 seconds
[2025-11-12T19:16:59.650+0000] {processor.py:161} INFO - Started process (PID=107) to work on /home/airflow/.local/lib/python3.12/site-packages/airflow/example_dags/example_xcomargs.py
[2025-11-12T19:16:59.651+0000] {processor.py:830} INFO - Processing file /home/airflow/.local/lib/python3.12/site-packages/airflow/example_dags/example_xcomargs.py for tasks to queue
[2025-11-12T19:16:59.653+0000] {logging_mixin.py:188} INFO - [2025-11-12T19:16:59.653+0000] {dagbag.py:545} INFO - Filling up the DagBag from /home/airflow/.local/lib/python3.12/site-packages/airflow/example_dags/example_xcomargs.py
[2025-11-12T19:16:59.662+0000] {processor.py:840} INFO - DAG(s) 'example_xcom_args_with_operators', 'example_xcom_args' retrieved from /home/airflow/.local/lib/python3.12/site-packages/airflow/example_dags/example_xcomargs.py
[2025-11-12T19:16:59.739+0000] {logging_mixin.py:188} INFO - [2025-11-12T19:16:59.739+0000] {dag.py:3096} INFO - Sync 2 DAGs
[2025-11-12T19:16:59.749+0000] {logging_mixin.py:188} INFO - [2025-11-12T19:16:59.749+0000] {dag.py:3954} INFO - Setting next_dagrun for example_xcom_args to None, run_after=None
[2025-11-12T19:16:59.752+0000] {logging_mixin.py:188} INFO - [2025-11-12T19:16:59.752+0000] {dag.py:3954} INFO - Setting next_dagrun for example_xcom_args_with_operators to None, run_after=None
[2025-11-12T19:16:59.774+0000] {processor.py:183} INFO - Processing /home/airflow/.local/lib/python3.12/site-packages/airflow/example_dags/example_xcomargs.py took 0.169 seconds
[2025-11-12T19:17:30.125+0000] {processor.py:161} INFO - Started process (PID=167) to work on /home/airflow/.local/lib/python3.12/site-packages/airflow/example_dags/example_xcomargs.py
[2025-11-12T19:17:30.126+0000] {processor.py:830} INFO - Processing file /home/airflow/.local/lib/python3.12/site-packages/airflow/example_dags/example_xcomargs.py for tasks to queue
[2025-11-12T19:17:30.128+0000] {logging_mixin.py:188} INFO - [2025-11-12T19:17:30.128+0000] {dagbag.py:545} INFO - Filling up the DagBag from /home/airflow/.local/lib/python3.12/site-packages/airflow/example_dags/example_xcomargs.py
[2025-11-12T19:17:30.135+0000] {processor.py:840} INFO - DAG(s) 'example_xcom_args', 'example_xcom_args_with_operators' retrieved from /home/airflow/.local/lib/python3.12/site-packages/airflow/example_dags/example_xcomargs.py
[2025-11-12T19:17:30.159+0000] {logging_mixin.py:188} INFO - [2025-11-12T19:17:30.159+0000] {dag.py:3096} INFO - Sync 2 DAGs
[2025-11-12T19:17:30.170+0000] {logging_mixin.py:188} INFO - [2025-11-12T19:17:30.169+0000] {dag.py:3954} INFO - Setting next_dagrun for example_xcom_args to None, run_after=None
[2025-11-12T19:17:30.174+0000] {logging_mixin.py:188} INFO - [2025-11-12T19:17:30.174+0000] {dag.py:3954} INFO - Setting next_dagrun for example_xcom_args_with_operators to None, run_after=None
[2025-11-12T19:17:30.196+0000] {processor.py:183} INFO - Processing /home/airflow/.local/lib/python3.12/site-packages/airflow/example_dags/example_xcomargs.py took 0.075 seconds
[2025-11-12T19:18:01.078+0000] {processor.py:161} INFO - Started process (PID=227) to work on /home/airflow/.local/lib/python3.12/site-packages/airflow/example_dags/example_xcomargs.py
[2025-11-12T19:18:01.079+0000] {processor.py:830} INFO - Processing file /home/airflow/.local/lib/python3.12/site-packages/airflow/example_dags/example_xcomargs.py for tasks to queue
[2025-11-12T19:18:01.081+0000] {logging_mixin.py:188} INFO - [2025-11-12T19:18:01.081+0000] {dagbag.py:545} INFO - Filling up the DagBag from /home/airflow/.local/lib/python3.12/site-packages/airflow/example_dags/example_xcomargs.py
[2025-11-12T19:18:01.090+0000] {processor.py:840} INFO - DAG(s) 'example_xcom_args_with_operators', 'example_xcom_args' retrieved from /home/airflow/.local/lib/python3.12/site-packages/airflow/example_dags/example_xcomargs.py
[2025-11-12T19:18:01.114+0000] {logging_mixin.py:188} INFO - [2025-11-12T19:18:01.113+0000] {dag.py:3096} INFO - Sync 2 DAGs
[2025-11-12T19:18:01.125+0000] {logging_mixin.py:188} INFO - [2025-11-12T19:18:01.125+0000] {dag.py:3954} INFO - Setting next_dagrun for example_xcom_args to None, run_after=None
[2025-11-12T19:18:01.130+0000] {logging_mixin.py:188} INFO - [2025-11-12T19:18:01.129+0000] {dag.py:3954} INFO - Setting next_dagrun for example_xcom_args_with_operators to None, run_after=None
[2025-11-12T19:18:01.162+0000] {processor.py:183} INFO - Processing /home/airflow/.local/lib/python3.12/site-packages/airflow/example_dags/example_xcomargs.py took 0.095 seconds
[2025-11-12T19:18:31.474+0000] {processor.py:161} INFO - Started process (PID=287) to work on /home/airflow/.local/lib/python3.12/site-packages/airflow/example_dags/example_xcomargs.py
[2025-11-12T19:18:31.475+0000] {processor.py:830} INFO - Processing file /home/airflow/.local/lib/python3.12/site-packages/airflow/example_dags/example_xcomargs.py for tasks to queue
[2025-11-12T19:18:31.477+0000] {logging_mixin.py:188} INFO - [2025-11-12T19:18:31.476+0000] {dagbag.py:545} INFO - Filling up the DagBag from /home/airflow/.local/lib/python3.12/site-packages/airflow/example_dags/example_xcomargs.py
[2025-11-12T19:18:31.484+0000] {processor.py:840} INFO - DAG(s) 'example_xcom_args', 'example_xcom_args_with_operators' retrieved from /home/airflow/.local/lib/python3.12/site-packages/airflow/example_dags/example_xcomargs.py
[2025-11-12T19:18:31.512+0000] {logging_mixin.py:188} INFO - [2025-11-12T19:18:31.512+0000] {dag.py:3096} INFO - Sync 2 DAGs
[2025-11-12T19:18:31.523+0000] {logging_mixin.py:188} INFO - [2025-11-12T19:18:31.523+0000] {dag.py:3954} INFO - Setting next_dagrun for example_xcom_args to None, run_after=None
[2025-11-12T19:18:31.526+0000] {logging_mixin.py:188} INFO - [2025-11-12T19:18:31.526+0000] {dag.py:3954} INFO - Setting next_dagrun for example_xcom_args_with_operators to None, run_after=None
[2025-11-12T19:18:31.544+0000] {processor.py:183} INFO - Processing /home/airflow/.local/lib/python3.12/site-packages/airflow/example_dags/example_xcomargs.py took 0.075 seconds
[2025-11-12T19:19:01.973+0000] {processor.py:161} INFO - Started process (PID=348) to work on /home/airflow/.local/lib/python3.12/site-packages/airflow/example_dags/example_xcomargs.py
[2025-11-12T19:19:01.974+0000] {processor.py:830} INFO - Processing file /home/airflow/.local/lib/python3.12/site-packages/airflow/example_dags/example_xcomargs.py for tasks to queue
[2025-11-12T19:19:01.977+0000] {logging_mixin.py:188} INFO - [2025-11-12T19:19:01.976+0000] {dagbag.py:545} INFO - Filling up the DagBag from /home/airflow/.local/lib/python3.12/site-packages/airflow/example_dags/example_xcomargs.py
[2025-11-12T19:19:01.984+0000] {processor.py:840} INFO - DAG(s) 'example_xcom_args', 'example_xcom_args_with_operators' retrieved from /home/airflow/.local/lib/python3.12/site-packages/airflow/example_dags/example_xcomargs.py
[2025-11-12T19:19:02.009+0000] {logging_mixin.py:188} INFO - [2025-11-12T19:19:02.008+0000] {dag.py:3096} INFO - Sync 2 DAGs
[2025-11-12T19:19:02.021+0000] {logging_mixin.py:188} INFO - [2025-11-12T19:19:02.020+0000] {dag.py:3954} INFO - Setting next_dagrun for example_xcom_args to None, run_after=None
[2025-11-12T19:19:02.031+0000] {logging_mixin.py:188} INFO - [2025-11-12T19:19:02.031+0000] {dag.py:3954} INFO - Setting next_dagrun for example_xcom_args_with_operators to None, run_after=None
[2025-11-12T19:19:02.053+0000] {processor.py:183} INFO - Processing /home/airflow/.local/lib/python3.12/site-packages/airflow/example_dags/example_xcomargs.py took 0.085 seconds
[2025-11-12T19:19:33.021+0000] {processor.py:161} INFO - Started process (PID=408) to work on /home/airflow/.local/lib/python3.12/site-packages/airflow/example_dags/example_xcomargs.py
[2025-11-12T19:19:33.022+0000] {processor.py:830} INFO - Processing file /home/airflow/.local/lib/python3.12/site-packages/airflow/example_dags/example_xcomargs.py for tasks to queue
[2025-11-12T19:19:33.024+0000] {logging_mixin.py:188} INFO - [2025-11-12T19:19:33.023+0000] {dagbag.py:545} INFO - Filling up the DagBag from /home/airflow/.local/lib/python3.12/site-packages/airflow/example_dags/example_xcomargs.py
[2025-11-12T19:19:33.030+0000] {processor.py:840} INFO - DAG(s) 'example_xcom_args', 'example_xcom_args_with_operators' retrieved from /home/airflow/.local/lib/python3.12/site-packages/airflow/example_dags/example_xcomargs.py
[2025-11-12T19:19:33.055+0000] {logging_mixin.py:188} INFO - [2025-11-12T19:19:33.055+0000] {dag.py:3096} INFO - Sync 2 DAGs
[2025-11-12T19:19:33.067+0000] {logging_mixin.py:188} INFO - [2025-11-12T19:19:33.067+0000] {dag.py:3954} INFO - Setting next_dagrun for example_xcom_args to None, run_after=None
[2025-11-12T19:19:33.071+0000] {logging_mixin.py:188} INFO - [2025-11-12T19:19:33.071+0000] {dag.py:3954} INFO - Setting next_dagrun for example_xcom_args_with_operators to None, run_after=None
[2025-11-12T19:19:33.092+0000] {processor.py:183} INFO - Processing /home/airflow/.local/lib/python3.12/site-packages/airflow/example_dags/example_xcomargs.py took 0.076 seconds
[2025-11-12T19:20:03.496+0000] {processor.py:161} INFO - Started process (PID=468) to work on /home/airflow/.local/lib/python3.12/site-packages/airflow/example_dags/example_xcomargs.py
[2025-11-12T19:20:03.497+0000] {processor.py:830} INFO - Processing file /home/airflow/.local/lib/python3.12/site-packages/airflow/example_dags/example_xcomargs.py for tasks to queue
[2025-11-12T19:20:03.500+0000] {logging_mixin.py:188} INFO - [2025-11-12T19:20:03.499+0000] {dagbag.py:545} INFO - Filling up the DagBag from /home/airflow/.local/lib/python3.12/site-packages/airflow/example_dags/example_xcomargs.py
[2025-11-12T19:20:03.512+0000] {processor.py:840} INFO - DAG(s) 'example_xcom_args', 'example_xcom_args_with_operators' retrieved from /home/airflow/.local/lib/python3.12/site-packages/airflow/example_dags/example_xcomargs.py
[2025-11-12T19:20:03.540+0000] {logging_mixin.py:188} INFO - [2025-11-12T19:20:03.540+0000] {dag.py:3096} INFO - Sync 2 DAGs
[2025-11-12T19:20:03.552+0000] {logging_mixin.py:188} INFO - [2025-11-12T19:20:03.552+0000] {dag.py:3954} INFO - Setting next_dagrun for example_xcom_args to None, run_after=None
[2025-11-12T19:20:03.556+0000] {logging_mixin.py:188} INFO - [2025-11-12T19:20:03.556+0000] {dag.py:3954} INFO - Setting next_dagrun for example_xcom_args_with_operators to None, run_after=None
[2025-11-12T19:20:03.576+0000] {processor.py:183} INFO - Processing /home/airflow/.local/lib/python3.12/site-packages/airflow/example_dags/example_xcomargs.py took 0.086 seconds
[2025-11-12T19:20:34.000+0000] {processor.py:161} INFO - Started process (PID=529) to work on /home/airflow/.local/lib/python3.12/site-packages/airflow/example_dags/example_xcomargs.py
[2025-11-12T19:20:34.001+0000] {processor.py:830} INFO - Processing file /home/airflow/.local/lib/python3.12/site-packages/airflow/example_dags/example_xcomargs.py for tasks to queue
[2025-11-12T19:20:34.003+0000] {logging_mixin.py:188} INFO - [2025-11-12T19:20:34.003+0000] {dagbag.py:545} INFO - Filling up the DagBag from /home/airflow/.local/lib/python3.12/site-packages/airflow/example_dags/example_xcomargs.py
[2025-11-12T19:20:34.015+0000] {processor.py:840} INFO - DAG(s) 'example_xcom_args_with_operators', 'example_xcom_args' retrieved from /home/airflow/.local/lib/python3.12/site-packages/airflow/example_dags/example_xcomargs.py
[2025-11-12T19:20:34.045+0000] {logging_mixin.py:188} INFO - [2025-11-12T19:20:34.045+0000] {dag.py:3096} INFO - Sync 2 DAGs
[2025-11-12T19:20:34.062+0000] {logging_mixin.py:188} INFO - [2025-11-12T19:20:34.061+0000] {dag.py:3954} INFO - Setting next_dagrun for example_xcom_args to None, run_after=None
[2025-11-12T19:20:34.068+0000] {logging_mixin.py:188} INFO - [2025-11-12T19:20:34.067+0000] {dag.py:3954} INFO - Setting next_dagrun for example_xcom_args_with_operators to None, run_after=None
[2025-11-12T19:20:34.096+0000] {processor.py:183} INFO - Processing /home/airflow/.local/lib/python3.12/site-packages/airflow/example_dags/example_xcomargs.py took 0.100 seconds
[2025-11-12T19:21:04.264+0000] {processor.py:161} INFO - Started process (PID=589) to work on /home/airflow/.local/lib/python3.12/site-packages/airflow/example_dags/example_xcomargs.py
[2025-11-12T19:21:04.265+0000] {processor.py:830} INFO - Processing file /home/airflow/.local/lib/python3.12/site-packages/airflow/example_dags/example_xcomargs.py for tasks to queue
[2025-11-12T19:21:04.267+0000] {logging_mixin.py:188} INFO - [2025-11-12T19:21:04.267+0000] {dagbag.py:545} INFO - Filling up the DagBag from /home/airflow/.local/lib/python3.12/site-packages/airflow/example_dags/example_xcomargs.py
[2025-11-12T19:21:04.274+0000] {processor.py:840} INFO - DAG(s) 'example_xcom_args_with_operators', 'example_xcom_args' retrieved from /home/airflow/.local/lib/python3.12/site-packages/airflow/example_dags/example_xcomargs.py
[2025-11-12T19:21:04.300+0000] {logging_mixin.py:188} INFO - [2025-11-12T19:21:04.300+0000] {dag.py:3096} INFO - Sync 2 DAGs
[2025-11-12T19:21:04.312+0000] {logging_mixin.py:188} INFO - [2025-11-12T19:21:04.312+0000] {dag.py:3954} INFO - Setting next_dagrun for example_xcom_args to None, run_after=None
[2025-11-12T19:21:04.315+0000] {logging_mixin.py:188} INFO - [2025-11-12T19:21:04.315+0000] {dag.py:3954} INFO - Setting next_dagrun for example_xcom_args_with_operators to None, run_after=None
[2025-11-12T19:21:04.334+0000] {processor.py:183} INFO - Processing /home/airflow/.local/lib/python3.12/site-packages/airflow/example_dags/example_xcomargs.py took 0.075 seconds
[2025-11-12T19:21:34.462+0000] {processor.py:161} INFO - Started process (PID=649) to work on /home/airflow/.local/lib/python3.12/site-packages/airflow/example_dags/example_xcomargs.py
[2025-11-12T19:21:34.463+0000] {processor.py:830} INFO - Processing file /home/airflow/.local/lib/python3.12/site-packages/airflow/example_dags/example_xcomargs.py for tasks to queue
[2025-11-12T19:21:34.465+0000] {logging_mixin.py:188} INFO - [2025-11-12T19:21:34.465+0000] {dagbag.py:545} INFO - Filling up the DagBag from /home/airflow/.local/lib/python3.12/site-packages/airflow/example_dags/example_xcomargs.py
[2025-11-12T19:21:34.472+0000] {processor.py:840} INFO - DAG(s) 'example_xcom_args', 'example_xcom_args_with_operators' retrieved from /home/airflow/.local/lib/python3.12/site-packages/airflow/example_dags/example_xcomargs.py
[2025-11-12T19:21:34.494+0000] {logging_mixin.py:188} INFO - [2025-11-12T19:21:34.494+0000] {dag.py:3096} INFO - Sync 2 DAGs
[2025-11-12T19:21:34.504+0000] {logging_mixin.py:188} INFO - [2025-11-12T19:21:34.504+0000] {dag.py:3954} INFO - Setting next_dagrun for example_xcom_args to None, run_after=None
[2025-11-12T19:21:34.508+0000] {logging_mixin.py:188} INFO - [2025-11-12T19:21:34.507+0000] {dag.py:3954} INFO - Setting next_dagrun for example_xcom_args_with_operators to None, run_after=None
[2025-11-12T19:21:34.525+0000] {processor.py:183} INFO - Processing /home/airflow/.local/lib/python3.12/site-packages/airflow/example_dags/example_xcomargs.py took 0.067 seconds
[2025-11-12T19:22:04.807+0000] {processor.py:161} INFO - Started process (PID=709) to work on /home/airflow/.local/lib/python3.12/site-packages/airflow/example_dags/example_xcomargs.py
[2025-11-12T19:22:04.808+0000] {processor.py:830} INFO - Processing file /home/airflow/.local/lib/python3.12/site-packages/airflow/example_dags/example_xcomargs.py for tasks to queue
[2025-11-12T19:22:04.811+0000] {logging_mixin.py:188} INFO - [2025-11-12T19:22:04.810+0000] {dagbag.py:545} INFO - Filling up the DagBag from /home/airflow/.local/lib/python3.12/site-packages/airflow/example_dags/example_xcomargs.py
[2025-11-12T19:22:04.828+0000] {processor.py:840} INFO - DAG(s) 'example_xcom_args_with_operators', 'example_xcom_args' retrieved from /home/airflow/.local/lib/python3.12/site-packages/airflow/example_dags/example_xcomargs.py
[2025-11-12T19:22:04.860+0000] {logging_mixin.py:188} INFO - [2025-11-12T19:22:04.859+0000] {dag.py:3096} INFO - Sync 2 DAGs
[2025-11-12T19:22:04.871+0000] {logging_mixin.py:188} INFO - [2025-11-12T19:22:04.871+0000] {dag.py:3954} INFO - Setting next_dagrun for example_xcom_args to None, run_after=None
[2025-11-12T19:22:04.874+0000] {logging_mixin.py:188} INFO - [2025-11-12T19:22:04.874+0000] {dag.py:3954} INFO - Setting next_dagrun for example_xcom_args_with_operators to None, run_after=None
[2025-11-12T19:22:04.893+0000] {processor.py:183} INFO - Processing /home/airflow/.local/lib/python3.12/site-packages/airflow/example_dags/example_xcomargs.py took 0.093 seconds
[2025-11-12T19:22:35.197+0000] {processor.py:161} INFO - Started process (PID=770) to work on /home/airflow/.local/lib/python3.12/site-packages/airflow/example_dags/example_xcomargs.py
[2025-11-12T19:22:35.198+0000] {processor.py:830} INFO - Processing file /home/airflow/.local/lib/python3.12/site-packages/airflow/example_dags/example_xcomargs.py for tasks to queue
[2025-11-12T19:22:35.201+0000] {logging_mixin.py:188} INFO - [2025-11-12T19:22:35.200+0000] {dagbag.py:545} INFO - Filling up the DagBag from /home/airflow/.local/lib/python3.12/site-packages/airflow/example_dags/example_xcomargs.py
[2025-11-12T19:22:35.211+0000] {processor.py:840} INFO - DAG(s) 'example_xcom_args', 'example_xcom_args_with_operators' retrieved from /home/airflow/.local/lib/python3.12/site-packages/airflow/example_dags/example_xcomargs.py
[2025-11-12T19:22:35.238+0000] {logging_mixin.py:188} INFO - [2025-11-12T19:22:35.238+0000] {dag.py:3096} INFO - Sync 2 DAGs
[2025-11-12T19:22:35.251+0000] {logging_mixin.py:188} INFO - [2025-11-12T19:22:35.251+0000] {dag.py:3954} INFO - Setting next_dagrun for example_xcom_args to None, run_after=None
[2025-11-12T19:22:35.255+0000] {logging_mixin.py:188} INFO - [2025-11-12T19:22:35.254+0000] {dag.py:3954} INFO - Setting next_dagrun for example_xcom_args_with_operators to None, run_after=None
[2025-11-12T19:22:35.275+0000] {processor.py:183} INFO - Processing /home/airflow/.local/lib/python3.12/site-packages/airflow/example_dags/example_xcomargs.py took 0.084 seconds
[2025-11-12T19:23:05.495+0000] {processor.py:161} INFO - Started process (PID=830) to work on /home/airflow/.local/lib/python3.12/site-packages/airflow/example_dags/example_xcomargs.py
[2025-11-12T19:23:05.496+0000] {processor.py:830} INFO - Processing file /home/airflow/.local/lib/python3.12/site-packages/airflow/example_dags/example_xcomargs.py for tasks to queue
[2025-11-12T19:23:05.498+0000] {logging_mixin.py:188} INFO - [2025-11-12T19:23:05.498+0000] {dagbag.py:545} INFO - Filling up the DagBag from /home/airflow/.local/lib/python3.12/site-packages/airflow/example_dags/example_xcomargs.py
[2025-11-12T19:23:05.505+0000] {processor.py:840} INFO - DAG(s) 'example_xcom_args_with_operators', 'example_xcom_args' retrieved from /home/airflow/.local/lib/python3.12/site-packages/airflow/example_dags/example_xcomargs.py
[2025-11-12T19:23:05.528+0000] {logging_mixin.py:188} INFO - [2025-11-12T19:23:05.528+0000] {dag.py:3096} INFO - Sync 2 DAGs
[2025-11-12T19:23:05.538+0000] {logging_mixin.py:188} INFO - [2025-11-12T19:23:05.538+0000] {dag.py:3954} INFO - Setting next_dagrun for example_xcom_args to None, run_after=None
[2025-11-12T19:23:05.542+0000] {logging_mixin.py:188} INFO - [2025-11-12T19:23:05.542+0000] {dag.py:3954} INFO - Setting next_dagrun for example_xcom_args_with_operators to None, run_after=None
[2025-11-12T19:23:05.565+0000] {processor.py:183} INFO - Processing /home/airflow/.local/lib/python3.12/site-packages/airflow/example_dags/example_xcomargs.py took 0.084 seconds
[2025-11-12T19:23:35.722+0000] {processor.py:161} INFO - Started process (PID=890) to work on /home/airflow/.local/lib/python3.12/site-packages/airflow/example_dags/example_xcomargs.py
[2025-11-12T19:23:35.723+0000] {processor.py:830} INFO - Processing file /home/airflow/.local/lib/python3.12/site-packages/airflow/example_dags/example_xcomargs.py for tasks to queue
[2025-11-12T19:23:35.728+0000] {logging_mixin.py:188} INFO - [2025-11-12T19:23:35.727+0000] {dagbag.py:545} INFO - Filling up the DagBag from /home/airflow/.local/lib/python3.12/site-packages/airflow/example_dags/example_xcomargs.py
[2025-11-12T19:23:35.737+0000] {processor.py:840} INFO - DAG(s) 'example_xcom_args_with_operators', 'example_xcom_args' retrieved from /home/airflow/.local/lib/python3.12/site-packages/airflow/example_dags/example_xcomargs.py
[2025-11-12T19:23:35.765+0000] {logging_mixin.py:188} INFO - [2025-11-12T19:23:35.765+0000] {dag.py:3096} INFO - Sync 2 DAGs
[2025-11-12T19:23:35.777+0000] {logging_mixin.py:188} INFO - [2025-11-12T19:23:35.776+0000] {dag.py:3954} INFO - Setting next_dagrun for example_xcom_args to None, run_after=None
[2025-11-12T19:23:35.780+0000] {logging_mixin.py:188} INFO - [2025-11-12T19:23:35.780+0000] {dag.py:3954} INFO - Setting next_dagrun for example_xcom_args_with_operators to None, run_after=None
[2025-11-12T19:23:35.801+0000] {processor.py:183} INFO - Processing /home/airflow/.local/lib/python3.12/site-packages/airflow/example_dags/example_xcomargs.py took 0.088 seconds
[2025-11-12T19:24:05.918+0000] {processor.py:161} INFO - Started process (PID=949) to work on /home/airflow/.local/lib/python3.12/site-packages/airflow/example_dags/example_xcomargs.py
[2025-11-12T19:24:05.919+0000] {processor.py:830} INFO - Processing file /home/airflow/.local/lib/python3.12/site-packages/airflow/example_dags/example_xcomargs.py for tasks to queue
[2025-11-12T19:24:05.921+0000] {logging_mixin.py:188} INFO - [2025-11-12T19:24:05.921+0000] {dagbag.py:545} INFO - Filling up the DagBag from /home/airflow/.local/lib/python3.12/site-packages/airflow/example_dags/example_xcomargs.py
[2025-11-12T19:24:05.928+0000] {processor.py:840} INFO - DAG(s) 'example_xcom_args', 'example_xcom_args_with_operators' retrieved from /home/airflow/.local/lib/python3.12/site-packages/airflow/example_dags/example_xcomargs.py
[2025-11-12T19:24:05.950+0000] {logging_mixin.py:188} INFO - [2025-11-12T19:24:05.949+0000] {dag.py:3096} INFO - Sync 2 DAGs
[2025-11-12T19:24:05.960+0000] {logging_mixin.py:188} INFO - [2025-11-12T19:24:05.960+0000] {dag.py:3954} INFO - Setting next_dagrun for example_xcom_args to None, run_after=None
[2025-11-12T19:24:05.963+0000] {logging_mixin.py:188} INFO - [2025-11-12T19:24:05.963+0000] {dag.py:3954} INFO - Setting next_dagrun for example_xcom_args_with_operators to None, run_after=None
[2025-11-12T19:24:06.000+0000] {processor.py:183} INFO - Processing /home/airflow/.local/lib/python3.12/site-packages/airflow/example_dags/example_xcomargs.py took 0.086 seconds
[2025-11-12T19:24:37.182+0000] {processor.py:161} INFO - Started process (PID=1010) to work on /home/airflow/.local/lib/python3.12/site-packages/airflow/example_dags/example_xcomargs.py
[2025-11-12T19:24:37.184+0000] {processor.py:830} INFO - Processing file /home/airflow/.local/lib/python3.12/site-packages/airflow/example_dags/example_xcomargs.py for tasks to queue
[2025-11-12T19:24:37.187+0000] {logging_mixin.py:188} INFO - [2025-11-12T19:24:37.186+0000] {dagbag.py:545} INFO - Filling up the DagBag from /home/airflow/.local/lib/python3.12/site-packages/airflow/example_dags/example_xcomargs.py
[2025-11-12T19:24:37.200+0000] {processor.py:840} INFO - DAG(s) 'example_xcom_args_with_operators', 'example_xcom_args' retrieved from /home/airflow/.local/lib/python3.12/site-packages/airflow/example_dags/example_xcomargs.py
[2025-11-12T19:24:37.227+0000] {logging_mixin.py:188} INFO - [2025-11-12T19:24:37.227+0000] {dag.py:3096} INFO - Sync 2 DAGs
[2025-11-12T19:24:37.246+0000] {logging_mixin.py:188} INFO - [2025-11-12T19:24:37.245+0000] {dag.py:3954} INFO - Setting next_dagrun for example_xcom_args to None, run_after=None
[2025-11-12T19:24:37.251+0000] {logging_mixin.py:188} INFO - [2025-11-12T19:24:37.251+0000] {dag.py:3954} INFO - Setting next_dagrun for example_xcom_args_with_operators to None, run_after=None
[2025-11-12T19:24:37.278+0000] {processor.py:183} INFO - Processing /home/airflow/.local/lib/python3.12/site-packages/airflow/example_dags/example_xcomargs.py took 0.103 seconds
[2025-11-12T19:25:07.367+0000] {processor.py:161} INFO - Started process (PID=1069) to work on /home/airflow/.local/lib/python3.12/site-packages/airflow/example_dags/example_xcomargs.py
[2025-11-12T19:25:07.368+0000] {processor.py:830} INFO - Processing file /home/airflow/.local/lib/python3.12/site-packages/airflow/example_dags/example_xcomargs.py for tasks to queue
[2025-11-12T19:25:07.371+0000] {logging_mixin.py:188} INFO - [2025-11-12T19:25:07.370+0000] {dagbag.py:545} INFO - Filling up the DagBag from /home/airflow/.local/lib/python3.12/site-packages/airflow/example_dags/example_xcomargs.py
[2025-11-12T19:25:07.378+0000] {processor.py:840} INFO - DAG(s) 'example_xcom_args_with_operators', 'example_xcom_args' retrieved from /home/airflow/.local/lib/python3.12/site-packages/airflow/example_dags/example_xcomargs.py
[2025-11-12T19:25:07.400+0000] {logging_mixin.py:188} INFO - [2025-11-12T19:25:07.400+0000] {dag.py:3096} INFO - Sync 2 DAGs
[2025-11-12T19:25:07.411+0000] {logging_mixin.py:188} INFO - [2025-11-12T19:25:07.410+0000] {dag.py:3954} INFO - Setting next_dagrun for example_xcom_args to None, run_after=None
[2025-11-12T19:25:07.413+0000] {logging_mixin.py:188} INFO - [2025-11-12T19:25:07.413+0000] {dag.py:3954} INFO - Setting next_dagrun for example_xcom_args_with_operators to None, run_after=None
[2025-11-12T19:25:07.430+0000] {processor.py:183} INFO - Processing /home/airflow/.local/lib/python3.12/site-packages/airflow/example_dags/example_xcomargs.py took 0.067 seconds
[2025-11-12T19:25:37.795+0000] {processor.py:161} INFO - Started process (PID=1129) to work on /home/airflow/.local/lib/python3.12/site-packages/airflow/example_dags/example_xcomargs.py
[2025-11-12T19:25:37.796+0000] {processor.py:830} INFO - Processing file /home/airflow/.local/lib/python3.12/site-packages/airflow/example_dags/example_xcomargs.py for tasks to queue
[2025-11-12T19:25:37.799+0000] {logging_mixin.py:188} INFO - [2025-11-12T19:25:37.798+0000] {dagbag.py:545} INFO - Filling up the DagBag from /home/airflow/.local/lib/python3.12/site-packages/airflow/example_dags/example_xcomargs.py
[2025-11-12T19:25:37.808+0000] {processor.py:840} INFO - DAG(s) 'example_xcom_args', 'example_xcom_args_with_operators' retrieved from /home/airflow/.local/lib/python3.12/site-packages/airflow/example_dags/example_xcomargs.py
[2025-11-12T19:25:37.833+0000] {logging_mixin.py:188} INFO - [2025-11-12T19:25:37.832+0000] {dag.py:3096} INFO - Sync 2 DAGs
[2025-11-12T19:25:37.847+0000] {logging_mixin.py:188} INFO - [2025-11-12T19:25:37.846+0000] {dag.py:3954} INFO - Setting next_dagrun for example_xcom_args to None, run_after=None
[2025-11-12T19:25:37.852+0000] {logging_mixin.py:188} INFO - [2025-11-12T19:25:37.851+0000] {dag.py:3954} INFO - Setting next_dagrun for example_xcom_args_with_operators to None, run_after=None
[2025-11-12T19:25:37.873+0000] {processor.py:183} INFO - Processing /home/airflow/.local/lib/python3.12/site-packages/airflow/example_dags/example_xcomargs.py took 0.083 seconds
[2025-11-12T19:26:07.923+0000] {processor.py:161} INFO - Started process (PID=1189) to work on /home/airflow/.local/lib/python3.12/site-packages/airflow/example_dags/example_xcomargs.py
[2025-11-12T19:26:07.925+0000] {processor.py:830} INFO - Processing file /home/airflow/.local/lib/python3.12/site-packages/airflow/example_dags/example_xcomargs.py for tasks to queue
[2025-11-12T19:26:07.927+0000] {logging_mixin.py:188} INFO - [2025-11-12T19:26:07.926+0000] {dagbag.py:545} INFO - Filling up the DagBag from /home/airflow/.local/lib/python3.12/site-packages/airflow/example_dags/example_xcomargs.py
[2025-11-12T19:26:07.934+0000] {processor.py:840} INFO - DAG(s) 'example_xcom_args', 'example_xcom_args_with_operators' retrieved from /home/airflow/.local/lib/python3.12/site-packages/airflow/example_dags/example_xcomargs.py
[2025-11-12T19:26:07.960+0000] {logging_mixin.py:188} INFO - [2025-11-12T19:26:07.960+0000] {dag.py:3096} INFO - Sync 2 DAGs
[2025-11-12T19:26:07.972+0000] {logging_mixin.py:188} INFO - [2025-11-12T19:26:07.972+0000] {dag.py:3954} INFO - Setting next_dagrun for example_xcom_args to None, run_after=None
[2025-11-12T19:26:07.976+0000] {logging_mixin.py:188} INFO - [2025-11-12T19:26:07.976+0000] {dag.py:3954} INFO - Setting next_dagrun for example_xcom_args_with_operators to None, run_after=None
[2025-11-12T19:26:07.997+0000] {processor.py:183} INFO - Processing /home/airflow/.local/lib/python3.12/site-packages/airflow/example_dags/example_xcomargs.py took 0.079 seconds
[2025-11-12T19:26:38.586+0000] {processor.py:161} INFO - Started process (PID=1250) to work on /home/airflow/.local/lib/python3.12/site-packages/airflow/example_dags/example_xcomargs.py
[2025-11-12T19:26:38.587+0000] {processor.py:830} INFO - Processing file /home/airflow/.local/lib/python3.12/site-packages/airflow/example_dags/example_xcomargs.py for tasks to queue
[2025-11-12T19:26:38.590+0000] {logging_mixin.py:188} INFO - [2025-11-12T19:26:38.589+0000] {dagbag.py:545} INFO - Filling up the DagBag from /home/airflow/.local/lib/python3.12/site-packages/airflow/example_dags/example_xcomargs.py
[2025-11-12T19:26:38.600+0000] {processor.py:840} INFO - DAG(s) 'example_xcom_args_with_operators', 'example_xcom_args' retrieved from /home/airflow/.local/lib/python3.12/site-packages/airflow/example_dags/example_xcomargs.py
[2025-11-12T19:26:38.630+0000] {logging_mixin.py:188} INFO - [2025-11-12T19:26:38.630+0000] {dag.py:3096} INFO - Sync 2 DAGs
[2025-11-12T19:26:38.646+0000] {logging_mixin.py:188} INFO - [2025-11-12T19:26:38.645+0000] {dag.py:3954} INFO - Setting next_dagrun for example_xcom_args to None, run_after=None
[2025-11-12T19:26:38.651+0000] {logging_mixin.py:188} INFO - [2025-11-12T19:26:38.651+0000] {dag.py:3954} INFO - Setting next_dagrun for example_xcom_args_with_operators to None, run_after=None
[2025-11-12T19:26:38.686+0000] {processor.py:183} INFO - Processing /home/airflow/.local/lib/python3.12/site-packages/airflow/example_dags/example_xcomargs.py took 0.106 seconds
[2025-11-12T19:27:09.117+0000] {processor.py:161} INFO - Started process (PID=1310) to work on /home/airflow/.local/lib/python3.12/site-packages/airflow/example_dags/example_xcomargs.py
[2025-11-12T19:27:09.118+0000] {processor.py:830} INFO - Processing file /home/airflow/.local/lib/python3.12/site-packages/airflow/example_dags/example_xcomargs.py for tasks to queue
[2025-11-12T19:27:09.121+0000] {logging_mixin.py:188} INFO - [2025-11-12T19:27:09.120+0000] {dagbag.py:545} INFO - Filling up the DagBag from /home/airflow/.local/lib/python3.12/site-packages/airflow/example_dags/example_xcomargs.py
[2025-11-12T19:27:09.132+0000] {processor.py:840} INFO - DAG(s) 'example_xcom_args', 'example_xcom_args_with_operators' retrieved from /home/airflow/.local/lib/python3.12/site-packages/airflow/example_dags/example_xcomargs.py
[2025-11-12T19:27:09.170+0000] {logging_mixin.py:188} INFO - [2025-11-12T19:27:09.169+0000] {dag.py:3096} INFO - Sync 2 DAGs
[2025-11-12T19:27:09.187+0000] {logging_mixin.py:188} INFO - [2025-11-12T19:27:09.187+0000] {dag.py:3954} INFO - Setting next_dagrun for example_xcom_args to None, run_after=None
[2025-11-12T19:27:09.193+0000] {logging_mixin.py:188} INFO - [2025-11-12T19:27:09.193+0000] {dag.py:3954} INFO - Setting next_dagrun for example_xcom_args_with_operators to None, run_after=None
[2025-11-12T19:27:09.253+0000] {processor.py:183} INFO - Processing /home/airflow/.local/lib/python3.12/site-packages/airflow/example_dags/example_xcomargs.py took 0.143 seconds
[2025-11-12T19:27:39.350+0000] {processor.py:161} INFO - Started process (PID=1370) to work on /home/airflow/.local/lib/python3.12/site-packages/airflow/example_dags/example_xcomargs.py
[2025-11-12T19:27:39.351+0000] {processor.py:830} INFO - Processing file /home/airflow/.local/lib/python3.12/site-packages/airflow/example_dags/example_xcomargs.py for tasks to queue
[2025-11-12T19:27:39.353+0000] {logging_mixin.py:188} INFO - [2025-11-12T19:27:39.353+0000] {dagbag.py:545} INFO - Filling up the DagBag from /home/airflow/.local/lib/python3.12/site-packages/airflow/example_dags/example_xcomargs.py
[2025-11-12T19:27:39.361+0000] {processor.py:840} INFO - DAG(s) 'example_xcom_args', 'example_xcom_args_with_operators' retrieved from /home/airflow/.local/lib/python3.12/site-packages/airflow/example_dags/example_xcomargs.py
[2025-11-12T19:27:39.390+0000] {logging_mixin.py:188} INFO - [2025-11-12T19:27:39.390+0000] {dag.py:3096} INFO - Sync 2 DAGs
[2025-11-12T19:27:39.400+0000] {logging_mixin.py:188} INFO - [2025-11-12T19:27:39.400+0000] {dag.py:3954} INFO - Setting next_dagrun for example_xcom_args to None, run_after=None
[2025-11-12T19:27:39.404+0000] {logging_mixin.py:188} INFO - [2025-11-12T19:27:39.403+0000] {dag.py:3954} INFO - Setting next_dagrun for example_xcom_args_with_operators to None, run_after=None
[2025-11-12T19:27:39.421+0000] {processor.py:183} INFO - Processing /home/airflow/.local/lib/python3.12/site-packages/airflow/example_dags/example_xcomargs.py took 0.076 seconds
[2025-11-12T19:28:12.033+0000] {processor.py:161} INFO - Started process (PID=1431) to work on /home/airflow/.local/lib/python3.12/site-packages/airflow/example_dags/example_xcomargs.py
[2025-11-12T19:28:12.034+0000] {processor.py:830} INFO - Processing file /home/airflow/.local/lib/python3.12/site-packages/airflow/example_dags/example_xcomargs.py for tasks to queue
[2025-11-12T19:28:12.036+0000] {logging_mixin.py:188} INFO - [2025-11-12T19:28:12.036+0000] {dagbag.py:545} INFO - Filling up the DagBag from /home/airflow/.local/lib/python3.12/site-packages/airflow/example_dags/example_xcomargs.py
[2025-11-12T19:28:12.047+0000] {processor.py:840} INFO - DAG(s) 'example_xcom_args_with_operators', 'example_xcom_args' retrieved from /home/airflow/.local/lib/python3.12/site-packages/airflow/example_dags/example_xcomargs.py
[2025-11-12T19:28:12.074+0000] {logging_mixin.py:188} INFO - [2025-11-12T19:28:12.073+0000] {dag.py:3096} INFO - Sync 2 DAGs
[2025-11-12T19:28:12.289+0000] {logging_mixin.py:188} INFO - [2025-11-12T19:28:12.288+0000] {dag.py:3954} INFO - Setting next_dagrun for example_xcom_args to None, run_after=None
[2025-11-12T19:28:12.292+0000] {logging_mixin.py:188} INFO - [2025-11-12T19:28:12.292+0000] {dag.py:3954} INFO - Setting next_dagrun for example_xcom_args_with_operators to None, run_after=None
[2025-11-12T19:28:12.312+0000] {processor.py:183} INFO - Processing /home/airflow/.local/lib/python3.12/site-packages/airflow/example_dags/example_xcomargs.py took 0.285 seconds
[2025-11-12T19:28:42.796+0000] {processor.py:161} INFO - Started process (PID=1491) to work on /home/airflow/.local/lib/python3.12/site-packages/airflow/example_dags/example_xcomargs.py
[2025-11-12T19:28:42.797+0000] {processor.py:830} INFO - Processing file /home/airflow/.local/lib/python3.12/site-packages/airflow/example_dags/example_xcomargs.py for tasks to queue
[2025-11-12T19:28:42.800+0000] {logging_mixin.py:188} INFO - [2025-11-12T19:28:42.799+0000] {dagbag.py:545} INFO - Filling up the DagBag from /home/airflow/.local/lib/python3.12/site-packages/airflow/example_dags/example_xcomargs.py
[2025-11-12T19:28:42.809+0000] {processor.py:840} INFO - DAG(s) 'example_xcom_args', 'example_xcom_args_with_operators' retrieved from /home/airflow/.local/lib/python3.12/site-packages/airflow/example_dags/example_xcomargs.py
[2025-11-12T19:28:42.843+0000] {logging_mixin.py:188} INFO - [2025-11-12T19:28:42.842+0000] {dag.py:3096} INFO - Sync 2 DAGs
[2025-11-12T19:28:42.854+0000] {logging_mixin.py:188} INFO - [2025-11-12T19:28:42.854+0000] {dag.py:3954} INFO - Setting next_dagrun for example_xcom_args to None, run_after=None
[2025-11-12T19:28:42.858+0000] {logging_mixin.py:188} INFO - [2025-11-12T19:28:42.858+0000] {dag.py:3954} INFO - Setting next_dagrun for example_xcom_args_with_operators to None, run_after=None
[2025-11-12T19:28:42.877+0000] {processor.py:183} INFO - Processing /home/airflow/.local/lib/python3.12/site-packages/airflow/example_dags/example_xcomargs.py took 0.085 seconds
[2025-11-12T19:29:13.019+0000] {processor.py:161} INFO - Started process (PID=1551) to work on /home/airflow/.local/lib/python3.12/site-packages/airflow/example_dags/example_xcomargs.py
[2025-11-12T19:29:13.020+0000] {processor.py:830} INFO - Processing file /home/airflow/.local/lib/python3.12/site-packages/airflow/example_dags/example_xcomargs.py for tasks to queue
[2025-11-12T19:29:13.022+0000] {logging_mixin.py:188} INFO - [2025-11-12T19:29:13.022+0000] {dagbag.py:545} INFO - Filling up the DagBag from /home/airflow/.local/lib/python3.12/site-packages/airflow/example_dags/example_xcomargs.py
[2025-11-12T19:29:13.030+0000] {processor.py:840} INFO - DAG(s) 'example_xcom_args', 'example_xcom_args_with_operators' retrieved from /home/airflow/.local/lib/python3.12/site-packages/airflow/example_dags/example_xcomargs.py
[2025-11-12T19:29:13.053+0000] {logging_mixin.py:188} INFO - [2025-11-12T19:29:13.053+0000] {dag.py:3096} INFO - Sync 2 DAGs
[2025-11-12T19:29:13.065+0000] {logging_mixin.py:188} INFO - [2025-11-12T19:29:13.064+0000] {dag.py:3954} INFO - Setting next_dagrun for example_xcom_args to None, run_after=None
[2025-11-12T19:29:13.069+0000] {logging_mixin.py:188} INFO - [2025-11-12T19:29:13.069+0000] {dag.py:3954} INFO - Setting next_dagrun for example_xcom_args_with_operators to None, run_after=None
[2025-11-12T19:29:13.122+0000] {processor.py:183} INFO - Processing /home/airflow/.local/lib/python3.12/site-packages/airflow/example_dags/example_xcomargs.py took 0.107 seconds
[2025-11-12T19:29:45.753+0000] {processor.py:161} INFO - Started process (PID=1611) to work on /home/airflow/.local/lib/python3.12/site-packages/airflow/example_dags/example_xcomargs.py
[2025-11-12T19:29:45.754+0000] {processor.py:830} INFO - Processing file /home/airflow/.local/lib/python3.12/site-packages/airflow/example_dags/example_xcomargs.py for tasks to queue
[2025-11-12T19:29:45.756+0000] {logging_mixin.py:188} INFO - [2025-11-12T19:29:45.756+0000] {dagbag.py:545} INFO - Filling up the DagBag from /home/airflow/.local/lib/python3.12/site-packages/airflow/example_dags/example_xcomargs.py
[2025-11-12T19:29:45.765+0000] {processor.py:840} INFO - DAG(s) 'example_xcom_args_with_operators', 'example_xcom_args' retrieved from /home/airflow/.local/lib/python3.12/site-packages/airflow/example_dags/example_xcomargs.py
[2025-11-12T19:29:46.006+0000] {logging_mixin.py:188} INFO - [2025-11-12T19:29:46.006+0000] {dag.py:3096} INFO - Sync 2 DAGs
[2025-11-12T19:29:46.017+0000] {logging_mixin.py:188} INFO - [2025-11-12T19:29:46.016+0000] {dag.py:3954} INFO - Setting next_dagrun for example_xcom_args to None, run_after=None
[2025-11-12T19:29:46.022+0000] {logging_mixin.py:188} INFO - [2025-11-12T19:29:46.021+0000] {dag.py:3954} INFO - Setting next_dagrun for example_xcom_args_with_operators to None, run_after=None
[2025-11-12T19:29:46.047+0000] {processor.py:183} INFO - Processing /home/airflow/.local/lib/python3.12/site-packages/airflow/example_dags/example_xcomargs.py took 0.299 seconds
[2025-11-12T19:30:16.588+0000] {processor.py:161} INFO - Started process (PID=1671) to work on /home/airflow/.local/lib/python3.12/site-packages/airflow/example_dags/example_xcomargs.py
[2025-11-12T19:30:16.589+0000] {processor.py:830} INFO - Processing file /home/airflow/.local/lib/python3.12/site-packages/airflow/example_dags/example_xcomargs.py for tasks to queue
[2025-11-12T19:30:16.592+0000] {logging_mixin.py:188} INFO - [2025-11-12T19:30:16.591+0000] {dagbag.py:545} INFO - Filling up the DagBag from /home/airflow/.local/lib/python3.12/site-packages/airflow/example_dags/example_xcomargs.py
[2025-11-12T19:30:16.599+0000] {processor.py:840} INFO - DAG(s) 'example_xcom_args', 'example_xcom_args_with_operators' retrieved from /home/airflow/.local/lib/python3.12/site-packages/airflow/example_dags/example_xcomargs.py
[2025-11-12T19:30:16.623+0000] {logging_mixin.py:188} INFO - [2025-11-12T19:30:16.623+0000] {dag.py:3096} INFO - Sync 2 DAGs
[2025-11-12T19:30:16.636+0000] {logging_mixin.py:188} INFO - [2025-11-12T19:30:16.635+0000] {dag.py:3954} INFO - Setting next_dagrun for example_xcom_args to None, run_after=None
[2025-11-12T19:30:16.643+0000] {logging_mixin.py:188} INFO - [2025-11-12T19:30:16.642+0000] {dag.py:3954} INFO - Setting next_dagrun for example_xcom_args_with_operators to None, run_after=None
[2025-11-12T19:30:16.666+0000] {processor.py:183} INFO - Processing /home/airflow/.local/lib/python3.12/site-packages/airflow/example_dags/example_xcomargs.py took 0.084 seconds
[2025-11-12T19:30:46.876+0000] {processor.py:161} INFO - Started process (PID=1731) to work on /home/airflow/.local/lib/python3.12/site-packages/airflow/example_dags/example_xcomargs.py
[2025-11-12T19:30:46.880+0000] {processor.py:830} INFO - Processing file /home/airflow/.local/lib/python3.12/site-packages/airflow/example_dags/example_xcomargs.py for tasks to queue
[2025-11-12T19:30:46.882+0000] {logging_mixin.py:188} INFO - [2025-11-12T19:30:46.882+0000] {dagbag.py:545} INFO - Filling up the DagBag from /home/airflow/.local/lib/python3.12/site-packages/airflow/example_dags/example_xcomargs.py
[2025-11-12T19:30:46.896+0000] {processor.py:840} INFO - DAG(s) 'example_xcom_args_with_operators', 'example_xcom_args' retrieved from /home/airflow/.local/lib/python3.12/site-packages/airflow/example_dags/example_xcomargs.py
[2025-11-12T19:30:46.928+0000] {logging_mixin.py:188} INFO - [2025-11-12T19:30:46.928+0000] {dag.py:3096} INFO - Sync 2 DAGs
[2025-11-12T19:30:46.939+0000] {logging_mixin.py:188} INFO - [2025-11-12T19:30:46.939+0000] {dag.py:3954} INFO - Setting next_dagrun for example_xcom_args to None, run_after=None
[2025-11-12T19:30:46.944+0000] {logging_mixin.py:188} INFO - [2025-11-12T19:30:46.944+0000] {dag.py:3954} INFO - Setting next_dagrun for example_xcom_args_with_operators to None, run_after=None
[2025-11-12T19:30:46.964+0000] {processor.py:183} INFO - Processing /home/airflow/.local/lib/python3.12/site-packages/airflow/example_dags/example_xcomargs.py took 0.096 seconds
[2025-11-12T19:31:17.240+0000] {processor.py:161} INFO - Started process (PID=1791) to work on /home/airflow/.local/lib/python3.12/site-packages/airflow/example_dags/example_xcomargs.py
[2025-11-12T19:31:17.242+0000] {processor.py:830} INFO - Processing file /home/airflow/.local/lib/python3.12/site-packages/airflow/example_dags/example_xcomargs.py for tasks to queue
[2025-11-12T19:31:17.245+0000] {logging_mixin.py:188} INFO - [2025-11-12T19:31:17.244+0000] {dagbag.py:545} INFO - Filling up the DagBag from /home/airflow/.local/lib/python3.12/site-packages/airflow/example_dags/example_xcomargs.py
[2025-11-12T19:31:17.261+0000] {processor.py:840} INFO - DAG(s) 'example_xcom_args_with_operators', 'example_xcom_args' retrieved from /home/airflow/.local/lib/python3.12/site-packages/airflow/example_dags/example_xcomargs.py
[2025-11-12T19:31:17.307+0000] {logging_mixin.py:188} INFO - [2025-11-12T19:31:17.306+0000] {dag.py:3096} INFO - Sync 2 DAGs
[2025-11-12T19:31:17.328+0000] {logging_mixin.py:188} INFO - [2025-11-12T19:31:17.327+0000] {dag.py:3954} INFO - Setting next_dagrun for example_xcom_args to None, run_after=None
[2025-11-12T19:31:17.336+0000] {logging_mixin.py:188} INFO - [2025-11-12T19:31:17.335+0000] {dag.py:3954} INFO - Setting next_dagrun for example_xcom_args_with_operators to None, run_after=None
[2025-11-12T19:31:17.371+0000] {processor.py:183} INFO - Processing /home/airflow/.local/lib/python3.12/site-packages/airflow/example_dags/example_xcomargs.py took 0.139 seconds
[2025-11-12T19:31:47.697+0000] {processor.py:161} INFO - Started process (PID=1854) to work on /home/airflow/.local/lib/python3.12/site-packages/airflow/example_dags/example_xcomargs.py
[2025-11-12T19:31:47.699+0000] {processor.py:830} INFO - Processing file /home/airflow/.local/lib/python3.12/site-packages/airflow/example_dags/example_xcomargs.py for tasks to queue
[2025-11-12T19:31:47.703+0000] {logging_mixin.py:188} INFO - [2025-11-12T19:31:47.702+0000] {dagbag.py:545} INFO - Filling up the DagBag from /home/airflow/.local/lib/python3.12/site-packages/airflow/example_dags/example_xcomargs.py
[2025-11-12T19:31:47.712+0000] {processor.py:840} INFO - DAG(s) 'example_xcom_args_with_operators', 'example_xcom_args' retrieved from /home/airflow/.local/lib/python3.12/site-packages/airflow/example_dags/example_xcomargs.py
[2025-11-12T19:31:47.737+0000] {logging_mixin.py:188} INFO - [2025-11-12T19:31:47.737+0000] {dag.py:3096} INFO - Sync 2 DAGs
[2025-11-12T19:31:47.751+0000] {logging_mixin.py:188} INFO - [2025-11-12T19:31:47.750+0000] {dag.py:3954} INFO - Setting next_dagrun for example_xcom_args to None, run_after=None
[2025-11-12T19:31:47.755+0000] {logging_mixin.py:188} INFO - [2025-11-12T19:31:47.755+0000] {dag.py:3954} INFO - Setting next_dagrun for example_xcom_args_with_operators to None, run_after=None
[2025-11-12T19:31:47.774+0000] {processor.py:183} INFO - Processing /home/airflow/.local/lib/python3.12/site-packages/airflow/example_dags/example_xcomargs.py took 0.082 seconds
