[2025-11-12T19:06:13.793+0000] {processor.py:161} INFO - Started process (PID=109) to work on /home/airflow/.local/lib/python3.12/site-packages/airflow/example_dags/example_sensor_decorator.py
[2025-11-12T19:06:13.794+0000] {processor.py:830} INFO - Processing file /home/airflow/.local/lib/python3.12/site-packages/airflow/example_dags/example_sensor_decorator.py for tasks to queue
[2025-11-12T19:06:13.797+0000] {logging_mixin.py:188} INFO - [2025-11-12T19:06:13.797+0000] {dagbag.py:545} INFO - Filling up the DagBag from /home/airflow/.local/lib/python3.12/site-packages/airflow/example_dags/example_sensor_decorator.py
[2025-11-12T19:06:13.805+0000] {processor.py:840} INFO - DAG(s) 'example_sensor_decorator' retrieved from /home/airflow/.local/lib/python3.12/site-packages/airflow/example_dags/example_sensor_decorator.py
[2025-11-12T19:06:13.898+0000] {logging_mixin.py:188} INFO - [2025-11-12T19:06:13.898+0000] {dag.py:3096} INFO - Sync 1 DAGs
[2025-11-12T19:06:13.911+0000] {logging_mixin.py:188} INFO - [2025-11-12T19:06:13.911+0000] {dag.py:3954} INFO - Setting next_dagrun for example_sensor_decorator to None, run_after=None
[2025-11-12T19:06:13.934+0000] {processor.py:183} INFO - Processing /home/airflow/.local/lib/python3.12/site-packages/airflow/example_dags/example_sensor_decorator.py took 0.150 seconds
[2025-11-12T19:06:44.166+0000] {processor.py:161} INFO - Started process (PID=170) to work on /home/airflow/.local/lib/python3.12/site-packages/airflow/example_dags/example_sensor_decorator.py
[2025-11-12T19:06:44.167+0000] {processor.py:830} INFO - Processing file /home/airflow/.local/lib/python3.12/site-packages/airflow/example_dags/example_sensor_decorator.py for tasks to queue
[2025-11-12T19:06:44.169+0000] {logging_mixin.py:188} INFO - [2025-11-12T19:06:44.169+0000] {dagbag.py:545} INFO - Filling up the DagBag from /home/airflow/.local/lib/python3.12/site-packages/airflow/example_dags/example_sensor_decorator.py
[2025-11-12T19:06:44.177+0000] {processor.py:840} INFO - DAG(s) 'example_sensor_decorator' retrieved from /home/airflow/.local/lib/python3.12/site-packages/airflow/example_dags/example_sensor_decorator.py
[2025-11-12T19:06:44.211+0000] {logging_mixin.py:188} INFO - [2025-11-12T19:06:44.209+0000] {dag.py:3096} INFO - Sync 1 DAGs
[2025-11-12T19:06:44.231+0000] {logging_mixin.py:188} INFO - [2025-11-12T19:06:44.231+0000] {dag.py:3954} INFO - Setting next_dagrun for example_sensor_decorator to None, run_after=None
[2025-11-12T19:06:44.255+0000] {processor.py:183} INFO - Processing /home/airflow/.local/lib/python3.12/site-packages/airflow/example_dags/example_sensor_decorator.py took 0.095 seconds
[2025-11-12T19:07:15.000+0000] {processor.py:161} INFO - Started process (PID=230) to work on /home/airflow/.local/lib/python3.12/site-packages/airflow/example_dags/example_sensor_decorator.py
[2025-11-12T19:07:15.001+0000] {processor.py:830} INFO - Processing file /home/airflow/.local/lib/python3.12/site-packages/airflow/example_dags/example_sensor_decorator.py for tasks to queue
[2025-11-12T19:07:15.003+0000] {logging_mixin.py:188} INFO - [2025-11-12T19:07:15.003+0000] {dagbag.py:545} INFO - Filling up the DagBag from /home/airflow/.local/lib/python3.12/site-packages/airflow/example_dags/example_sensor_decorator.py
[2025-11-12T19:07:15.008+0000] {processor.py:840} INFO - DAG(s) 'example_sensor_decorator' retrieved from /home/airflow/.local/lib/python3.12/site-packages/airflow/example_dags/example_sensor_decorator.py
[2025-11-12T19:07:15.028+0000] {logging_mixin.py:188} INFO - [2025-11-12T19:07:15.027+0000] {dag.py:3096} INFO - Sync 1 DAGs
[2025-11-12T19:07:15.037+0000] {logging_mixin.py:188} INFO - [2025-11-12T19:07:15.037+0000] {dag.py:3954} INFO - Setting next_dagrun for example_sensor_decorator to None, run_after=None
[2025-11-12T19:07:15.056+0000] {processor.py:183} INFO - Processing /home/airflow/.local/lib/python3.12/site-packages/airflow/example_dags/example_sensor_decorator.py took 0.060 seconds
[2025-11-12T19:07:45.461+0000] {processor.py:161} INFO - Started process (PID=290) to work on /home/airflow/.local/lib/python3.12/site-packages/airflow/example_dags/example_sensor_decorator.py
[2025-11-12T19:07:45.462+0000] {processor.py:830} INFO - Processing file /home/airflow/.local/lib/python3.12/site-packages/airflow/example_dags/example_sensor_decorator.py for tasks to queue
[2025-11-12T19:07:45.465+0000] {logging_mixin.py:188} INFO - [2025-11-12T19:07:45.464+0000] {dagbag.py:545} INFO - Filling up the DagBag from /home/airflow/.local/lib/python3.12/site-packages/airflow/example_dags/example_sensor_decorator.py
[2025-11-12T19:07:45.472+0000] {processor.py:840} INFO - DAG(s) 'example_sensor_decorator' retrieved from /home/airflow/.local/lib/python3.12/site-packages/airflow/example_dags/example_sensor_decorator.py
[2025-11-12T19:07:45.494+0000] {logging_mixin.py:188} INFO - [2025-11-12T19:07:45.493+0000] {dag.py:3096} INFO - Sync 1 DAGs
[2025-11-12T19:07:45.505+0000] {logging_mixin.py:188} INFO - [2025-11-12T19:07:45.505+0000] {dag.py:3954} INFO - Setting next_dagrun for example_sensor_decorator to None, run_after=None
[2025-11-12T19:07:45.532+0000] {processor.py:183} INFO - Processing /home/airflow/.local/lib/python3.12/site-packages/airflow/example_dags/example_sensor_decorator.py took 0.077 seconds
[2025-11-12T19:08:16.183+0000] {processor.py:161} INFO - Started process (PID=350) to work on /home/airflow/.local/lib/python3.12/site-packages/airflow/example_dags/example_sensor_decorator.py
[2025-11-12T19:08:16.185+0000] {processor.py:830} INFO - Processing file /home/airflow/.local/lib/python3.12/site-packages/airflow/example_dags/example_sensor_decorator.py for tasks to queue
[2025-11-12T19:08:16.186+0000] {logging_mixin.py:188} INFO - [2025-11-12T19:08:16.185+0000] {dagbag.py:545} INFO - Filling up the DagBag from /home/airflow/.local/lib/python3.12/site-packages/airflow/example_dags/example_sensor_decorator.py
[2025-11-12T19:08:16.191+0000] {processor.py:840} INFO - DAG(s) 'example_sensor_decorator' retrieved from /home/airflow/.local/lib/python3.12/site-packages/airflow/example_dags/example_sensor_decorator.py
[2025-11-12T19:08:16.213+0000] {logging_mixin.py:188} INFO - [2025-11-12T19:08:16.213+0000] {dag.py:3096} INFO - Sync 1 DAGs
[2025-11-12T19:08:16.224+0000] {logging_mixin.py:188} INFO - [2025-11-12T19:08:16.224+0000] {dag.py:3954} INFO - Setting next_dagrun for example_sensor_decorator to None, run_after=None
[2025-11-12T19:08:16.252+0000] {processor.py:183} INFO - Processing /home/airflow/.local/lib/python3.12/site-packages/airflow/example_dags/example_sensor_decorator.py took 0.074 seconds
[2025-11-12T19:08:46.701+0000] {processor.py:161} INFO - Started process (PID=410) to work on /home/airflow/.local/lib/python3.12/site-packages/airflow/example_dags/example_sensor_decorator.py
[2025-11-12T19:08:46.702+0000] {processor.py:830} INFO - Processing file /home/airflow/.local/lib/python3.12/site-packages/airflow/example_dags/example_sensor_decorator.py for tasks to queue
[2025-11-12T19:08:46.703+0000] {logging_mixin.py:188} INFO - [2025-11-12T19:08:46.702+0000] {dagbag.py:545} INFO - Filling up the DagBag from /home/airflow/.local/lib/python3.12/site-packages/airflow/example_dags/example_sensor_decorator.py
[2025-11-12T19:08:46.708+0000] {processor.py:840} INFO - DAG(s) 'example_sensor_decorator' retrieved from /home/airflow/.local/lib/python3.12/site-packages/airflow/example_dags/example_sensor_decorator.py
[2025-11-12T19:08:46.728+0000] {logging_mixin.py:188} INFO - [2025-11-12T19:08:46.728+0000] {dag.py:3096} INFO - Sync 1 DAGs
[2025-11-12T19:08:46.738+0000] {logging_mixin.py:188} INFO - [2025-11-12T19:08:46.738+0000] {dag.py:3954} INFO - Setting next_dagrun for example_sensor_decorator to None, run_after=None
[2025-11-12T19:08:46.773+0000] {processor.py:183} INFO - Processing /home/airflow/.local/lib/python3.12/site-packages/airflow/example_dags/example_sensor_decorator.py took 0.077 seconds
[2025-11-12T19:09:17.227+0000] {processor.py:161} INFO - Started process (PID=471) to work on /home/airflow/.local/lib/python3.12/site-packages/airflow/example_dags/example_sensor_decorator.py
[2025-11-12T19:09:17.228+0000] {processor.py:830} INFO - Processing file /home/airflow/.local/lib/python3.12/site-packages/airflow/example_dags/example_sensor_decorator.py for tasks to queue
[2025-11-12T19:09:17.230+0000] {logging_mixin.py:188} INFO - [2025-11-12T19:09:17.230+0000] {dagbag.py:545} INFO - Filling up the DagBag from /home/airflow/.local/lib/python3.12/site-packages/airflow/example_dags/example_sensor_decorator.py
[2025-11-12T19:09:17.238+0000] {processor.py:840} INFO - DAG(s) 'example_sensor_decorator' retrieved from /home/airflow/.local/lib/python3.12/site-packages/airflow/example_dags/example_sensor_decorator.py
[2025-11-12T19:09:17.264+0000] {logging_mixin.py:188} INFO - [2025-11-12T19:09:17.263+0000] {dag.py:3096} INFO - Sync 1 DAGs
[2025-11-12T19:09:17.280+0000] {logging_mixin.py:188} INFO - [2025-11-12T19:09:17.280+0000] {dag.py:3954} INFO - Setting next_dagrun for example_sensor_decorator to None, run_after=None
[2025-11-12T19:09:17.304+0000] {processor.py:183} INFO - Processing /home/airflow/.local/lib/python3.12/site-packages/airflow/example_dags/example_sensor_decorator.py took 0.082 seconds
[2025-11-12T19:09:48.130+0000] {processor.py:161} INFO - Started process (PID=532) to work on /home/airflow/.local/lib/python3.12/site-packages/airflow/example_dags/example_sensor_decorator.py
[2025-11-12T19:09:48.132+0000] {processor.py:830} INFO - Processing file /home/airflow/.local/lib/python3.12/site-packages/airflow/example_dags/example_sensor_decorator.py for tasks to queue
[2025-11-12T19:09:48.133+0000] {logging_mixin.py:188} INFO - [2025-11-12T19:09:48.133+0000] {dagbag.py:545} INFO - Filling up the DagBag from /home/airflow/.local/lib/python3.12/site-packages/airflow/example_dags/example_sensor_decorator.py
[2025-11-12T19:09:48.142+0000] {processor.py:840} INFO - DAG(s) 'example_sensor_decorator' retrieved from /home/airflow/.local/lib/python3.12/site-packages/airflow/example_dags/example_sensor_decorator.py
[2025-11-12T19:09:48.167+0000] {logging_mixin.py:188} INFO - [2025-11-12T19:09:48.167+0000] {dag.py:3096} INFO - Sync 1 DAGs
[2025-11-12T19:09:48.180+0000] {logging_mixin.py:188} INFO - [2025-11-12T19:09:48.179+0000] {dag.py:3954} INFO - Setting next_dagrun for example_sensor_decorator to None, run_after=None
[2025-11-12T19:09:48.204+0000] {processor.py:183} INFO - Processing /home/airflow/.local/lib/python3.12/site-packages/airflow/example_dags/example_sensor_decorator.py took 0.081 seconds
[2025-11-12T19:10:19.167+0000] {processor.py:161} INFO - Started process (PID=592) to work on /home/airflow/.local/lib/python3.12/site-packages/airflow/example_dags/example_sensor_decorator.py
[2025-11-12T19:10:19.168+0000] {processor.py:830} INFO - Processing file /home/airflow/.local/lib/python3.12/site-packages/airflow/example_dags/example_sensor_decorator.py for tasks to queue
[2025-11-12T19:10:19.169+0000] {logging_mixin.py:188} INFO - [2025-11-12T19:10:19.168+0000] {dagbag.py:545} INFO - Filling up the DagBag from /home/airflow/.local/lib/python3.12/site-packages/airflow/example_dags/example_sensor_decorator.py
[2025-11-12T19:10:19.173+0000] {processor.py:840} INFO - DAG(s) 'example_sensor_decorator' retrieved from /home/airflow/.local/lib/python3.12/site-packages/airflow/example_dags/example_sensor_decorator.py
[2025-11-12T19:10:19.193+0000] {logging_mixin.py:188} INFO - [2025-11-12T19:10:19.193+0000] {dag.py:3096} INFO - Sync 1 DAGs
[2025-11-12T19:10:19.203+0000] {logging_mixin.py:188} INFO - [2025-11-12T19:10:19.203+0000] {dag.py:3954} INFO - Setting next_dagrun for example_sensor_decorator to None, run_after=None
[2025-11-12T19:10:19.223+0000] {processor.py:183} INFO - Processing /home/airflow/.local/lib/python3.12/site-packages/airflow/example_dags/example_sensor_decorator.py took 0.061 seconds
[2025-11-12T19:10:49.520+0000] {processor.py:161} INFO - Started process (PID=652) to work on /home/airflow/.local/lib/python3.12/site-packages/airflow/example_dags/example_sensor_decorator.py
[2025-11-12T19:10:49.522+0000] {processor.py:830} INFO - Processing file /home/airflow/.local/lib/python3.12/site-packages/airflow/example_dags/example_sensor_decorator.py for tasks to queue
[2025-11-12T19:10:49.523+0000] {logging_mixin.py:188} INFO - [2025-11-12T19:10:49.522+0000] {dagbag.py:545} INFO - Filling up the DagBag from /home/airflow/.local/lib/python3.12/site-packages/airflow/example_dags/example_sensor_decorator.py
[2025-11-12T19:10:49.528+0000] {processor.py:840} INFO - DAG(s) 'example_sensor_decorator' retrieved from /home/airflow/.local/lib/python3.12/site-packages/airflow/example_dags/example_sensor_decorator.py
[2025-11-12T19:10:49.546+0000] {logging_mixin.py:188} INFO - [2025-11-12T19:10:49.546+0000] {dag.py:3096} INFO - Sync 1 DAGs
[2025-11-12T19:10:49.556+0000] {logging_mixin.py:188} INFO - [2025-11-12T19:10:49.555+0000] {dag.py:3954} INFO - Setting next_dagrun for example_sensor_decorator to None, run_after=None
[2025-11-12T19:10:49.574+0000] {processor.py:183} INFO - Processing /home/airflow/.local/lib/python3.12/site-packages/airflow/example_dags/example_sensor_decorator.py took 0.058 seconds
[2025-11-12T19:11:19.891+0000] {processor.py:161} INFO - Started process (PID=713) to work on /home/airflow/.local/lib/python3.12/site-packages/airflow/example_dags/example_sensor_decorator.py
[2025-11-12T19:11:19.892+0000] {processor.py:830} INFO - Processing file /home/airflow/.local/lib/python3.12/site-packages/airflow/example_dags/example_sensor_decorator.py for tasks to queue
[2025-11-12T19:11:19.893+0000] {logging_mixin.py:188} INFO - [2025-11-12T19:11:19.893+0000] {dagbag.py:545} INFO - Filling up the DagBag from /home/airflow/.local/lib/python3.12/site-packages/airflow/example_dags/example_sensor_decorator.py
[2025-11-12T19:11:19.899+0000] {processor.py:840} INFO - DAG(s) 'example_sensor_decorator' retrieved from /home/airflow/.local/lib/python3.12/site-packages/airflow/example_dags/example_sensor_decorator.py
[2025-11-12T19:11:19.918+0000] {logging_mixin.py:188} INFO - [2025-11-12T19:11:19.918+0000] {dag.py:3096} INFO - Sync 1 DAGs
[2025-11-12T19:11:19.928+0000] {logging_mixin.py:188} INFO - [2025-11-12T19:11:19.928+0000] {dag.py:3954} INFO - Setting next_dagrun for example_sensor_decorator to None, run_after=None
[2025-11-12T19:11:19.947+0000] {processor.py:183} INFO - Processing /home/airflow/.local/lib/python3.12/site-packages/airflow/example_dags/example_sensor_decorator.py took 0.060 seconds
[2025-11-12T19:11:50.091+0000] {processor.py:161} INFO - Started process (PID=773) to work on /home/airflow/.local/lib/python3.12/site-packages/airflow/example_dags/example_sensor_decorator.py
[2025-11-12T19:11:50.092+0000] {processor.py:830} INFO - Processing file /home/airflow/.local/lib/python3.12/site-packages/airflow/example_dags/example_sensor_decorator.py for tasks to queue
[2025-11-12T19:11:50.093+0000] {logging_mixin.py:188} INFO - [2025-11-12T19:11:50.092+0000] {dagbag.py:545} INFO - Filling up the DagBag from /home/airflow/.local/lib/python3.12/site-packages/airflow/example_dags/example_sensor_decorator.py
[2025-11-12T19:11:50.100+0000] {processor.py:840} INFO - DAG(s) 'example_sensor_decorator' retrieved from /home/airflow/.local/lib/python3.12/site-packages/airflow/example_dags/example_sensor_decorator.py
[2025-11-12T19:11:50.122+0000] {logging_mixin.py:188} INFO - [2025-11-12T19:11:50.122+0000] {dag.py:3096} INFO - Sync 1 DAGs
[2025-11-12T19:11:50.133+0000] {logging_mixin.py:188} INFO - [2025-11-12T19:11:50.133+0000] {dag.py:3954} INFO - Setting next_dagrun for example_sensor_decorator to None, run_after=None
[2025-11-12T19:11:50.157+0000] {processor.py:183} INFO - Processing /home/airflow/.local/lib/python3.12/site-packages/airflow/example_dags/example_sensor_decorator.py took 0.071 seconds
[2025-11-12T19:12:21.280+0000] {processor.py:161} INFO - Started process (PID=833) to work on /home/airflow/.local/lib/python3.12/site-packages/airflow/example_dags/example_sensor_decorator.py
[2025-11-12T19:12:21.281+0000] {processor.py:830} INFO - Processing file /home/airflow/.local/lib/python3.12/site-packages/airflow/example_dags/example_sensor_decorator.py for tasks to queue
[2025-11-12T19:12:21.282+0000] {logging_mixin.py:188} INFO - [2025-11-12T19:12:21.282+0000] {dagbag.py:545} INFO - Filling up the DagBag from /home/airflow/.local/lib/python3.12/site-packages/airflow/example_dags/example_sensor_decorator.py
[2025-11-12T19:12:21.287+0000] {processor.py:840} INFO - DAG(s) 'example_sensor_decorator' retrieved from /home/airflow/.local/lib/python3.12/site-packages/airflow/example_dags/example_sensor_decorator.py
[2025-11-12T19:12:21.308+0000] {logging_mixin.py:188} INFO - [2025-11-12T19:12:21.308+0000] {dag.py:3096} INFO - Sync 1 DAGs
[2025-11-12T19:12:21.318+0000] {logging_mixin.py:188} INFO - [2025-11-12T19:12:21.317+0000] {dag.py:3954} INFO - Setting next_dagrun for example_sensor_decorator to None, run_after=None
[2025-11-12T19:12:21.338+0000] {processor.py:183} INFO - Processing /home/airflow/.local/lib/python3.12/site-packages/airflow/example_dags/example_sensor_decorator.py took 0.062 seconds
[2025-11-12T19:12:51.651+0000] {processor.py:161} INFO - Started process (PID=893) to work on /home/airflow/.local/lib/python3.12/site-packages/airflow/example_dags/example_sensor_decorator.py
[2025-11-12T19:12:51.652+0000] {processor.py:830} INFO - Processing file /home/airflow/.local/lib/python3.12/site-packages/airflow/example_dags/example_sensor_decorator.py for tasks to queue
[2025-11-12T19:12:51.653+0000] {logging_mixin.py:188} INFO - [2025-11-12T19:12:51.653+0000] {dagbag.py:545} INFO - Filling up the DagBag from /home/airflow/.local/lib/python3.12/site-packages/airflow/example_dags/example_sensor_decorator.py
[2025-11-12T19:12:51.659+0000] {processor.py:840} INFO - DAG(s) 'example_sensor_decorator' retrieved from /home/airflow/.local/lib/python3.12/site-packages/airflow/example_dags/example_sensor_decorator.py
[2025-11-12T19:12:51.683+0000] {logging_mixin.py:188} INFO - [2025-11-12T19:12:51.683+0000] {dag.py:3096} INFO - Sync 1 DAGs
[2025-11-12T19:12:51.694+0000] {logging_mixin.py:188} INFO - [2025-11-12T19:12:51.694+0000] {dag.py:3954} INFO - Setting next_dagrun for example_sensor_decorator to None, run_after=None
[2025-11-12T19:12:51.714+0000] {processor.py:183} INFO - Processing /home/airflow/.local/lib/python3.12/site-packages/airflow/example_dags/example_sensor_decorator.py took 0.067 seconds
[2025-11-12T19:13:22.042+0000] {processor.py:161} INFO - Started process (PID=954) to work on /home/airflow/.local/lib/python3.12/site-packages/airflow/example_dags/example_sensor_decorator.py
[2025-11-12T19:13:22.043+0000] {processor.py:830} INFO - Processing file /home/airflow/.local/lib/python3.12/site-packages/airflow/example_dags/example_sensor_decorator.py for tasks to queue
[2025-11-12T19:13:22.044+0000] {logging_mixin.py:188} INFO - [2025-11-12T19:13:22.044+0000] {dagbag.py:545} INFO - Filling up the DagBag from /home/airflow/.local/lib/python3.12/site-packages/airflow/example_dags/example_sensor_decorator.py
[2025-11-12T19:13:22.050+0000] {processor.py:840} INFO - DAG(s) 'example_sensor_decorator' retrieved from /home/airflow/.local/lib/python3.12/site-packages/airflow/example_dags/example_sensor_decorator.py
[2025-11-12T19:13:22.071+0000] {logging_mixin.py:188} INFO - [2025-11-12T19:13:22.071+0000] {dag.py:3096} INFO - Sync 1 DAGs
[2025-11-12T19:13:22.085+0000] {logging_mixin.py:188} INFO - [2025-11-12T19:13:22.084+0000] {dag.py:3954} INFO - Setting next_dagrun for example_sensor_decorator to None, run_after=None
[2025-11-12T19:13:22.107+0000] {processor.py:183} INFO - Processing /home/airflow/.local/lib/python3.12/site-packages/airflow/example_dags/example_sensor_decorator.py took 0.069 seconds
[2025-11-12T19:13:52.824+0000] {processor.py:161} INFO - Started process (PID=1014) to work on /home/airflow/.local/lib/python3.12/site-packages/airflow/example_dags/example_sensor_decorator.py
[2025-11-12T19:13:52.825+0000] {processor.py:830} INFO - Processing file /home/airflow/.local/lib/python3.12/site-packages/airflow/example_dags/example_sensor_decorator.py for tasks to queue
[2025-11-12T19:13:52.826+0000] {logging_mixin.py:188} INFO - [2025-11-12T19:13:52.826+0000] {dagbag.py:545} INFO - Filling up the DagBag from /home/airflow/.local/lib/python3.12/site-packages/airflow/example_dags/example_sensor_decorator.py
[2025-11-12T19:13:52.831+0000] {processor.py:840} INFO - DAG(s) 'example_sensor_decorator' retrieved from /home/airflow/.local/lib/python3.12/site-packages/airflow/example_dags/example_sensor_decorator.py
[2025-11-12T19:13:52.855+0000] {logging_mixin.py:188} INFO - [2025-11-12T19:13:52.854+0000] {dag.py:3096} INFO - Sync 1 DAGs
[2025-11-12T19:13:52.866+0000] {logging_mixin.py:188} INFO - [2025-11-12T19:13:52.866+0000] {dag.py:3954} INFO - Setting next_dagrun for example_sensor_decorator to None, run_after=None
[2025-11-12T19:13:52.892+0000] {processor.py:183} INFO - Processing /home/airflow/.local/lib/python3.12/site-packages/airflow/example_dags/example_sensor_decorator.py took 0.073 seconds
[2025-11-12T19:14:23.712+0000] {processor.py:161} INFO - Started process (PID=1074) to work on /home/airflow/.local/lib/python3.12/site-packages/airflow/example_dags/example_sensor_decorator.py
[2025-11-12T19:14:23.713+0000] {processor.py:830} INFO - Processing file /home/airflow/.local/lib/python3.12/site-packages/airflow/example_dags/example_sensor_decorator.py for tasks to queue
[2025-11-12T19:14:23.714+0000] {logging_mixin.py:188} INFO - [2025-11-12T19:14:23.714+0000] {dagbag.py:545} INFO - Filling up the DagBag from /home/airflow/.local/lib/python3.12/site-packages/airflow/example_dags/example_sensor_decorator.py
[2025-11-12T19:14:23.720+0000] {processor.py:840} INFO - DAG(s) 'example_sensor_decorator' retrieved from /home/airflow/.local/lib/python3.12/site-packages/airflow/example_dags/example_sensor_decorator.py
[2025-11-12T19:14:23.739+0000] {logging_mixin.py:188} INFO - [2025-11-12T19:14:23.739+0000] {dag.py:3096} INFO - Sync 1 DAGs
[2025-11-12T19:14:23.749+0000] {logging_mixin.py:188} INFO - [2025-11-12T19:14:23.749+0000] {dag.py:3954} INFO - Setting next_dagrun for example_sensor_decorator to None, run_after=None
[2025-11-12T19:14:23.775+0000] {processor.py:183} INFO - Processing /home/airflow/.local/lib/python3.12/site-packages/airflow/example_dags/example_sensor_decorator.py took 0.066 seconds
[2025-11-12T19:14:54.487+0000] {processor.py:161} INFO - Started process (PID=1134) to work on /home/airflow/.local/lib/python3.12/site-packages/airflow/example_dags/example_sensor_decorator.py
[2025-11-12T19:14:54.489+0000] {processor.py:830} INFO - Processing file /home/airflow/.local/lib/python3.12/site-packages/airflow/example_dags/example_sensor_decorator.py for tasks to queue
[2025-11-12T19:14:54.490+0000] {logging_mixin.py:188} INFO - [2025-11-12T19:14:54.490+0000] {dagbag.py:545} INFO - Filling up the DagBag from /home/airflow/.local/lib/python3.12/site-packages/airflow/example_dags/example_sensor_decorator.py
[2025-11-12T19:14:54.496+0000] {processor.py:840} INFO - DAG(s) 'example_sensor_decorator' retrieved from /home/airflow/.local/lib/python3.12/site-packages/airflow/example_dags/example_sensor_decorator.py
[2025-11-12T19:14:54.520+0000] {logging_mixin.py:188} INFO - [2025-11-12T19:14:54.520+0000] {dag.py:3096} INFO - Sync 1 DAGs
[2025-11-12T19:14:54.531+0000] {logging_mixin.py:188} INFO - [2025-11-12T19:14:54.531+0000] {dag.py:3954} INFO - Setting next_dagrun for example_sensor_decorator to None, run_after=None
[2025-11-12T19:14:54.552+0000] {processor.py:183} INFO - Processing /home/airflow/.local/lib/python3.12/site-packages/airflow/example_dags/example_sensor_decorator.py took 0.069 seconds
[2025-11-12T19:15:25.525+0000] {processor.py:161} INFO - Started process (PID=1194) to work on /home/airflow/.local/lib/python3.12/site-packages/airflow/example_dags/example_sensor_decorator.py
[2025-11-12T19:15:25.527+0000] {processor.py:830} INFO - Processing file /home/airflow/.local/lib/python3.12/site-packages/airflow/example_dags/example_sensor_decorator.py for tasks to queue
[2025-11-12T19:15:25.528+0000] {logging_mixin.py:188} INFO - [2025-11-12T19:15:25.527+0000] {dagbag.py:545} INFO - Filling up the DagBag from /home/airflow/.local/lib/python3.12/site-packages/airflow/example_dags/example_sensor_decorator.py
[2025-11-12T19:15:25.535+0000] {processor.py:840} INFO - DAG(s) 'example_sensor_decorator' retrieved from /home/airflow/.local/lib/python3.12/site-packages/airflow/example_dags/example_sensor_decorator.py
[2025-11-12T19:15:25.559+0000] {logging_mixin.py:188} INFO - [2025-11-12T19:15:25.559+0000] {dag.py:3096} INFO - Sync 1 DAGs
[2025-11-12T19:15:25.570+0000] {logging_mixin.py:188} INFO - [2025-11-12T19:15:25.570+0000] {dag.py:3954} INFO - Setting next_dagrun for example_sensor_decorator to None, run_after=None
[2025-11-12T19:15:25.595+0000] {processor.py:183} INFO - Processing /home/airflow/.local/lib/python3.12/site-packages/airflow/example_dags/example_sensor_decorator.py took 0.076 seconds
[2025-11-12T19:17:00.093+0000] {processor.py:161} INFO - Started process (PID=110) to work on /home/airflow/.local/lib/python3.12/site-packages/airflow/example_dags/example_sensor_decorator.py
[2025-11-12T19:17:00.095+0000] {processor.py:830} INFO - Processing file /home/airflow/.local/lib/python3.12/site-packages/airflow/example_dags/example_sensor_decorator.py for tasks to queue
[2025-11-12T19:17:00.097+0000] {logging_mixin.py:188} INFO - [2025-11-12T19:17:00.096+0000] {dagbag.py:545} INFO - Filling up the DagBag from /home/airflow/.local/lib/python3.12/site-packages/airflow/example_dags/example_sensor_decorator.py
[2025-11-12T19:17:00.103+0000] {processor.py:840} INFO - DAG(s) 'example_sensor_decorator' retrieved from /home/airflow/.local/lib/python3.12/site-packages/airflow/example_dags/example_sensor_decorator.py
[2025-11-12T19:17:00.196+0000] {logging_mixin.py:188} INFO - [2025-11-12T19:17:00.195+0000] {dag.py:3096} INFO - Sync 1 DAGs
[2025-11-12T19:17:00.205+0000] {logging_mixin.py:188} INFO - [2025-11-12T19:17:00.205+0000] {dag.py:3954} INFO - Setting next_dagrun for example_sensor_decorator to None, run_after=None
[2025-11-12T19:17:00.228+0000] {processor.py:183} INFO - Processing /home/airflow/.local/lib/python3.12/site-packages/airflow/example_dags/example_sensor_decorator.py took 0.143 seconds
[2025-11-12T19:17:30.422+0000] {processor.py:161} INFO - Started process (PID=170) to work on /home/airflow/.local/lib/python3.12/site-packages/airflow/example_dags/example_sensor_decorator.py
[2025-11-12T19:17:30.423+0000] {processor.py:830} INFO - Processing file /home/airflow/.local/lib/python3.12/site-packages/airflow/example_dags/example_sensor_decorator.py for tasks to queue
[2025-11-12T19:17:30.426+0000] {logging_mixin.py:188} INFO - [2025-11-12T19:17:30.425+0000] {dagbag.py:545} INFO - Filling up the DagBag from /home/airflow/.local/lib/python3.12/site-packages/airflow/example_dags/example_sensor_decorator.py
[2025-11-12T19:17:30.431+0000] {processor.py:840} INFO - DAG(s) 'example_sensor_decorator' retrieved from /home/airflow/.local/lib/python3.12/site-packages/airflow/example_dags/example_sensor_decorator.py
[2025-11-12T19:17:30.457+0000] {logging_mixin.py:188} INFO - [2025-11-12T19:17:30.456+0000] {dag.py:3096} INFO - Sync 1 DAGs
[2025-11-12T19:17:30.471+0000] {logging_mixin.py:188} INFO - [2025-11-12T19:17:30.471+0000] {dag.py:3954} INFO - Setting next_dagrun for example_sensor_decorator to None, run_after=None
[2025-11-12T19:17:30.493+0000] {processor.py:183} INFO - Processing /home/airflow/.local/lib/python3.12/site-packages/airflow/example_dags/example_sensor_decorator.py took 0.076 seconds
[2025-11-12T19:18:01.341+0000] {processor.py:161} INFO - Started process (PID=230) to work on /home/airflow/.local/lib/python3.12/site-packages/airflow/example_dags/example_sensor_decorator.py
[2025-11-12T19:18:01.343+0000] {processor.py:830} INFO - Processing file /home/airflow/.local/lib/python3.12/site-packages/airflow/example_dags/example_sensor_decorator.py for tasks to queue
[2025-11-12T19:18:01.345+0000] {logging_mixin.py:188} INFO - [2025-11-12T19:18:01.345+0000] {dagbag.py:545} INFO - Filling up the DagBag from /home/airflow/.local/lib/python3.12/site-packages/airflow/example_dags/example_sensor_decorator.py
[2025-11-12T19:18:01.351+0000] {processor.py:840} INFO - DAG(s) 'example_sensor_decorator' retrieved from /home/airflow/.local/lib/python3.12/site-packages/airflow/example_dags/example_sensor_decorator.py
[2025-11-12T19:18:01.373+0000] {logging_mixin.py:188} INFO - [2025-11-12T19:18:01.372+0000] {dag.py:3096} INFO - Sync 1 DAGs
[2025-11-12T19:18:01.384+0000] {logging_mixin.py:188} INFO - [2025-11-12T19:18:01.384+0000] {dag.py:3954} INFO - Setting next_dagrun for example_sensor_decorator to None, run_after=None
[2025-11-12T19:18:01.407+0000] {processor.py:183} INFO - Processing /home/airflow/.local/lib/python3.12/site-packages/airflow/example_dags/example_sensor_decorator.py took 0.070 seconds
[2025-11-12T19:18:31.698+0000] {processor.py:161} INFO - Started process (PID=290) to work on /home/airflow/.local/lib/python3.12/site-packages/airflow/example_dags/example_sensor_decorator.py
[2025-11-12T19:18:31.699+0000] {processor.py:830} INFO - Processing file /home/airflow/.local/lib/python3.12/site-packages/airflow/example_dags/example_sensor_decorator.py for tasks to queue
[2025-11-12T19:18:31.702+0000] {logging_mixin.py:188} INFO - [2025-11-12T19:18:31.701+0000] {dagbag.py:545} INFO - Filling up the DagBag from /home/airflow/.local/lib/python3.12/site-packages/airflow/example_dags/example_sensor_decorator.py
[2025-11-12T19:18:31.707+0000] {processor.py:840} INFO - DAG(s) 'example_sensor_decorator' retrieved from /home/airflow/.local/lib/python3.12/site-packages/airflow/example_dags/example_sensor_decorator.py
[2025-11-12T19:18:31.728+0000] {logging_mixin.py:188} INFO - [2025-11-12T19:18:31.727+0000] {dag.py:3096} INFO - Sync 1 DAGs
[2025-11-12T19:18:31.740+0000] {logging_mixin.py:188} INFO - [2025-11-12T19:18:31.740+0000] {dag.py:3954} INFO - Setting next_dagrun for example_sensor_decorator to None, run_after=None
[2025-11-12T19:18:31.763+0000] {processor.py:183} INFO - Processing /home/airflow/.local/lib/python3.12/site-packages/airflow/example_dags/example_sensor_decorator.py took 0.071 seconds
[2025-11-12T19:19:02.252+0000] {processor.py:161} INFO - Started process (PID=351) to work on /home/airflow/.local/lib/python3.12/site-packages/airflow/example_dags/example_sensor_decorator.py
[2025-11-12T19:19:02.253+0000] {processor.py:830} INFO - Processing file /home/airflow/.local/lib/python3.12/site-packages/airflow/example_dags/example_sensor_decorator.py for tasks to queue
[2025-11-12T19:19:02.255+0000] {logging_mixin.py:188} INFO - [2025-11-12T19:19:02.255+0000] {dagbag.py:545} INFO - Filling up the DagBag from /home/airflow/.local/lib/python3.12/site-packages/airflow/example_dags/example_sensor_decorator.py
[2025-11-12T19:19:02.261+0000] {processor.py:840} INFO - DAG(s) 'example_sensor_decorator' retrieved from /home/airflow/.local/lib/python3.12/site-packages/airflow/example_dags/example_sensor_decorator.py
[2025-11-12T19:19:02.282+0000] {logging_mixin.py:188} INFO - [2025-11-12T19:19:02.282+0000] {dag.py:3096} INFO - Sync 1 DAGs
[2025-11-12T19:19:02.294+0000] {logging_mixin.py:188} INFO - [2025-11-12T19:19:02.294+0000] {dag.py:3954} INFO - Setting next_dagrun for example_sensor_decorator to None, run_after=None
[2025-11-12T19:19:02.315+0000] {processor.py:183} INFO - Processing /home/airflow/.local/lib/python3.12/site-packages/airflow/example_dags/example_sensor_decorator.py took 0.068 seconds
[2025-11-12T19:19:33.157+0000] {processor.py:161} INFO - Started process (PID=411) to work on /home/airflow/.local/lib/python3.12/site-packages/airflow/example_dags/example_sensor_decorator.py
[2025-11-12T19:19:33.158+0000] {processor.py:830} INFO - Processing file /home/airflow/.local/lib/python3.12/site-packages/airflow/example_dags/example_sensor_decorator.py for tasks to queue
[2025-11-12T19:19:33.161+0000] {logging_mixin.py:188} INFO - [2025-11-12T19:19:33.160+0000] {dagbag.py:545} INFO - Filling up the DagBag from /home/airflow/.local/lib/python3.12/site-packages/airflow/example_dags/example_sensor_decorator.py
[2025-11-12T19:19:33.168+0000] {processor.py:840} INFO - DAG(s) 'example_sensor_decorator' retrieved from /home/airflow/.local/lib/python3.12/site-packages/airflow/example_dags/example_sensor_decorator.py
[2025-11-12T19:19:33.188+0000] {logging_mixin.py:188} INFO - [2025-11-12T19:19:33.188+0000] {dag.py:3096} INFO - Sync 1 DAGs
[2025-11-12T19:19:33.201+0000] {logging_mixin.py:188} INFO - [2025-11-12T19:19:33.201+0000] {dag.py:3954} INFO - Setting next_dagrun for example_sensor_decorator to None, run_after=None
[2025-11-12T19:19:33.224+0000] {processor.py:183} INFO - Processing /home/airflow/.local/lib/python3.12/site-packages/airflow/example_dags/example_sensor_decorator.py took 0.073 seconds
[2025-11-12T19:20:03.740+0000] {processor.py:161} INFO - Started process (PID=471) to work on /home/airflow/.local/lib/python3.12/site-packages/airflow/example_dags/example_sensor_decorator.py
[2025-11-12T19:20:03.742+0000] {processor.py:830} INFO - Processing file /home/airflow/.local/lib/python3.12/site-packages/airflow/example_dags/example_sensor_decorator.py for tasks to queue
[2025-11-12T19:20:03.746+0000] {logging_mixin.py:188} INFO - [2025-11-12T19:20:03.745+0000] {dagbag.py:545} INFO - Filling up the DagBag from /home/airflow/.local/lib/python3.12/site-packages/airflow/example_dags/example_sensor_decorator.py
[2025-11-12T19:20:03.752+0000] {processor.py:840} INFO - DAG(s) 'example_sensor_decorator' retrieved from /home/airflow/.local/lib/python3.12/site-packages/airflow/example_dags/example_sensor_decorator.py
[2025-11-12T19:20:03.774+0000] {logging_mixin.py:188} INFO - [2025-11-12T19:20:03.773+0000] {dag.py:3096} INFO - Sync 1 DAGs
[2025-11-12T19:20:03.784+0000] {logging_mixin.py:188} INFO - [2025-11-12T19:20:03.784+0000] {dag.py:3954} INFO - Setting next_dagrun for example_sensor_decorator to None, run_after=None
[2025-11-12T19:20:03.811+0000] {processor.py:183} INFO - Processing /home/airflow/.local/lib/python3.12/site-packages/airflow/example_dags/example_sensor_decorator.py took 0.077 seconds
[2025-11-12T19:20:34.184+0000] {processor.py:161} INFO - Started process (PID=532) to work on /home/airflow/.local/lib/python3.12/site-packages/airflow/example_dags/example_sensor_decorator.py
[2025-11-12T19:20:34.186+0000] {processor.py:830} INFO - Processing file /home/airflow/.local/lib/python3.12/site-packages/airflow/example_dags/example_sensor_decorator.py for tasks to queue
[2025-11-12T19:20:34.188+0000] {logging_mixin.py:188} INFO - [2025-11-12T19:20:34.188+0000] {dagbag.py:545} INFO - Filling up the DagBag from /home/airflow/.local/lib/python3.12/site-packages/airflow/example_dags/example_sensor_decorator.py
[2025-11-12T19:20:34.195+0000] {processor.py:840} INFO - DAG(s) 'example_sensor_decorator' retrieved from /home/airflow/.local/lib/python3.12/site-packages/airflow/example_dags/example_sensor_decorator.py
[2025-11-12T19:20:34.218+0000] {logging_mixin.py:188} INFO - [2025-11-12T19:20:34.217+0000] {dag.py:3096} INFO - Sync 1 DAGs
[2025-11-12T19:20:34.229+0000] {logging_mixin.py:188} INFO - [2025-11-12T19:20:34.228+0000] {dag.py:3954} INFO - Setting next_dagrun for example_sensor_decorator to None, run_after=None
[2025-11-12T19:20:34.251+0000] {processor.py:183} INFO - Processing /home/airflow/.local/lib/python3.12/site-packages/airflow/example_dags/example_sensor_decorator.py took 0.071 seconds
[2025-11-12T19:21:04.391+0000] {processor.py:161} INFO - Started process (PID=592) to work on /home/airflow/.local/lib/python3.12/site-packages/airflow/example_dags/example_sensor_decorator.py
[2025-11-12T19:21:04.392+0000] {processor.py:830} INFO - Processing file /home/airflow/.local/lib/python3.12/site-packages/airflow/example_dags/example_sensor_decorator.py for tasks to queue
[2025-11-12T19:21:04.394+0000] {logging_mixin.py:188} INFO - [2025-11-12T19:21:04.393+0000] {dagbag.py:545} INFO - Filling up the DagBag from /home/airflow/.local/lib/python3.12/site-packages/airflow/example_dags/example_sensor_decorator.py
[2025-11-12T19:21:04.399+0000] {processor.py:840} INFO - DAG(s) 'example_sensor_decorator' retrieved from /home/airflow/.local/lib/python3.12/site-packages/airflow/example_dags/example_sensor_decorator.py
[2025-11-12T19:21:04.419+0000] {logging_mixin.py:188} INFO - [2025-11-12T19:21:04.419+0000] {dag.py:3096} INFO - Sync 1 DAGs
[2025-11-12T19:21:04.431+0000] {logging_mixin.py:188} INFO - [2025-11-12T19:21:04.431+0000] {dag.py:3954} INFO - Setting next_dagrun for example_sensor_decorator to None, run_after=None
[2025-11-12T19:21:04.453+0000] {processor.py:183} INFO - Processing /home/airflow/.local/lib/python3.12/site-packages/airflow/example_dags/example_sensor_decorator.py took 0.067 seconds
[2025-11-12T19:21:34.737+0000] {processor.py:161} INFO - Started process (PID=652) to work on /home/airflow/.local/lib/python3.12/site-packages/airflow/example_dags/example_sensor_decorator.py
[2025-11-12T19:21:34.738+0000] {processor.py:830} INFO - Processing file /home/airflow/.local/lib/python3.12/site-packages/airflow/example_dags/example_sensor_decorator.py for tasks to queue
[2025-11-12T19:21:34.741+0000] {logging_mixin.py:188} INFO - [2025-11-12T19:21:34.740+0000] {dagbag.py:545} INFO - Filling up the DagBag from /home/airflow/.local/lib/python3.12/site-packages/airflow/example_dags/example_sensor_decorator.py
[2025-11-12T19:21:34.747+0000] {processor.py:840} INFO - DAG(s) 'example_sensor_decorator' retrieved from /home/airflow/.local/lib/python3.12/site-packages/airflow/example_dags/example_sensor_decorator.py
[2025-11-12T19:21:34.772+0000] {logging_mixin.py:188} INFO - [2025-11-12T19:21:34.771+0000] {dag.py:3096} INFO - Sync 1 DAGs
[2025-11-12T19:21:34.785+0000] {logging_mixin.py:188} INFO - [2025-11-12T19:21:34.785+0000] {dag.py:3954} INFO - Setting next_dagrun for example_sensor_decorator to None, run_after=None
[2025-11-12T19:21:34.813+0000] {processor.py:183} INFO - Processing /home/airflow/.local/lib/python3.12/site-packages/airflow/example_dags/example_sensor_decorator.py took 0.081 seconds
[2025-11-12T19:22:04.956+0000] {processor.py:161} INFO - Started process (PID=712) to work on /home/airflow/.local/lib/python3.12/site-packages/airflow/example_dags/example_sensor_decorator.py
[2025-11-12T19:22:04.957+0000] {processor.py:830} INFO - Processing file /home/airflow/.local/lib/python3.12/site-packages/airflow/example_dags/example_sensor_decorator.py for tasks to queue
[2025-11-12T19:22:04.958+0000] {logging_mixin.py:188} INFO - [2025-11-12T19:22:04.958+0000] {dagbag.py:545} INFO - Filling up the DagBag from /home/airflow/.local/lib/python3.12/site-packages/airflow/example_dags/example_sensor_decorator.py
[2025-11-12T19:22:04.963+0000] {processor.py:840} INFO - DAG(s) 'example_sensor_decorator' retrieved from /home/airflow/.local/lib/python3.12/site-packages/airflow/example_dags/example_sensor_decorator.py
[2025-11-12T19:22:04.982+0000] {logging_mixin.py:188} INFO - [2025-11-12T19:22:04.982+0000] {dag.py:3096} INFO - Sync 1 DAGs
[2025-11-12T19:22:04.993+0000] {logging_mixin.py:188} INFO - [2025-11-12T19:22:04.993+0000] {dag.py:3954} INFO - Setting next_dagrun for example_sensor_decorator to None, run_after=None
[2025-11-12T19:22:05.014+0000] {processor.py:183} INFO - Processing /home/airflow/.local/lib/python3.12/site-packages/airflow/example_dags/example_sensor_decorator.py took 0.063 seconds
[2025-11-12T19:22:35.438+0000] {processor.py:161} INFO - Started process (PID=773) to work on /home/airflow/.local/lib/python3.12/site-packages/airflow/example_dags/example_sensor_decorator.py
[2025-11-12T19:22:35.439+0000] {processor.py:830} INFO - Processing file /home/airflow/.local/lib/python3.12/site-packages/airflow/example_dags/example_sensor_decorator.py for tasks to queue
[2025-11-12T19:22:35.442+0000] {logging_mixin.py:188} INFO - [2025-11-12T19:22:35.441+0000] {dagbag.py:545} INFO - Filling up the DagBag from /home/airflow/.local/lib/python3.12/site-packages/airflow/example_dags/example_sensor_decorator.py
[2025-11-12T19:22:35.447+0000] {processor.py:840} INFO - DAG(s) 'example_sensor_decorator' retrieved from /home/airflow/.local/lib/python3.12/site-packages/airflow/example_dags/example_sensor_decorator.py
[2025-11-12T19:22:35.470+0000] {logging_mixin.py:188} INFO - [2025-11-12T19:22:35.470+0000] {dag.py:3096} INFO - Sync 1 DAGs
[2025-11-12T19:22:35.485+0000] {logging_mixin.py:188} INFO - [2025-11-12T19:22:35.485+0000] {dag.py:3954} INFO - Setting next_dagrun for example_sensor_decorator to None, run_after=None
[2025-11-12T19:22:35.510+0000] {processor.py:183} INFO - Processing /home/airflow/.local/lib/python3.12/site-packages/airflow/example_dags/example_sensor_decorator.py took 0.076 seconds
[2025-11-12T19:23:05.756+0000] {processor.py:161} INFO - Started process (PID=833) to work on /home/airflow/.local/lib/python3.12/site-packages/airflow/example_dags/example_sensor_decorator.py
[2025-11-12T19:23:05.757+0000] {processor.py:830} INFO - Processing file /home/airflow/.local/lib/python3.12/site-packages/airflow/example_dags/example_sensor_decorator.py for tasks to queue
[2025-11-12T19:23:05.759+0000] {logging_mixin.py:188} INFO - [2025-11-12T19:23:05.759+0000] {dagbag.py:545} INFO - Filling up the DagBag from /home/airflow/.local/lib/python3.12/site-packages/airflow/example_dags/example_sensor_decorator.py
[2025-11-12T19:23:05.765+0000] {processor.py:840} INFO - DAG(s) 'example_sensor_decorator' retrieved from /home/airflow/.local/lib/python3.12/site-packages/airflow/example_dags/example_sensor_decorator.py
[2025-11-12T19:23:05.786+0000] {logging_mixin.py:188} INFO - [2025-11-12T19:23:05.785+0000] {dag.py:3096} INFO - Sync 1 DAGs
[2025-11-12T19:23:05.799+0000] {logging_mixin.py:188} INFO - [2025-11-12T19:23:05.798+0000] {dag.py:3954} INFO - Setting next_dagrun for example_sensor_decorator to None, run_after=None
[2025-11-12T19:23:05.819+0000] {processor.py:183} INFO - Processing /home/airflow/.local/lib/python3.12/site-packages/airflow/example_dags/example_sensor_decorator.py took 0.068 seconds
[2025-11-12T19:23:36.096+0000] {processor.py:161} INFO - Started process (PID=893) to work on /home/airflow/.local/lib/python3.12/site-packages/airflow/example_dags/example_sensor_decorator.py
[2025-11-12T19:23:36.097+0000] {processor.py:830} INFO - Processing file /home/airflow/.local/lib/python3.12/site-packages/airflow/example_dags/example_sensor_decorator.py for tasks to queue
[2025-11-12T19:23:36.099+0000] {logging_mixin.py:188} INFO - [2025-11-12T19:23:36.099+0000] {dagbag.py:545} INFO - Filling up the DagBag from /home/airflow/.local/lib/python3.12/site-packages/airflow/example_dags/example_sensor_decorator.py
[2025-11-12T19:23:36.104+0000] {processor.py:840} INFO - DAG(s) 'example_sensor_decorator' retrieved from /home/airflow/.local/lib/python3.12/site-packages/airflow/example_dags/example_sensor_decorator.py
[2025-11-12T19:23:36.125+0000] {logging_mixin.py:188} INFO - [2025-11-12T19:23:36.125+0000] {dag.py:3096} INFO - Sync 1 DAGs
[2025-11-12T19:23:36.136+0000] {logging_mixin.py:188} INFO - [2025-11-12T19:23:36.135+0000] {dag.py:3954} INFO - Setting next_dagrun for example_sensor_decorator to None, run_after=None
[2025-11-12T19:23:36.159+0000] {processor.py:183} INFO - Processing /home/airflow/.local/lib/python3.12/site-packages/airflow/example_dags/example_sensor_decorator.py took 0.068 seconds
[2025-11-12T19:24:06.308+0000] {processor.py:161} INFO - Started process (PID=953) to work on /home/airflow/.local/lib/python3.12/site-packages/airflow/example_dags/example_sensor_decorator.py
[2025-11-12T19:24:06.311+0000] {processor.py:830} INFO - Processing file /home/airflow/.local/lib/python3.12/site-packages/airflow/example_dags/example_sensor_decorator.py for tasks to queue
[2025-11-12T19:24:06.317+0000] {logging_mixin.py:188} INFO - [2025-11-12T19:24:06.317+0000] {dagbag.py:545} INFO - Filling up the DagBag from /home/airflow/.local/lib/python3.12/site-packages/airflow/example_dags/example_sensor_decorator.py
[2025-11-12T19:24:06.327+0000] {processor.py:840} INFO - DAG(s) 'example_sensor_decorator' retrieved from /home/airflow/.local/lib/python3.12/site-packages/airflow/example_dags/example_sensor_decorator.py
[2025-11-12T19:24:06.357+0000] {logging_mixin.py:188} INFO - [2025-11-12T19:24:06.356+0000] {dag.py:3096} INFO - Sync 1 DAGs
[2025-11-12T19:24:06.375+0000] {logging_mixin.py:188} INFO - [2025-11-12T19:24:06.375+0000] {dag.py:3954} INFO - Setting next_dagrun for example_sensor_decorator to None, run_after=None
[2025-11-12T19:24:06.414+0000] {processor.py:183} INFO - Processing /home/airflow/.local/lib/python3.12/site-packages/airflow/example_dags/example_sensor_decorator.py took 0.114 seconds
[2025-11-12T19:24:37.439+0000] {processor.py:161} INFO - Started process (PID=1013) to work on /home/airflow/.local/lib/python3.12/site-packages/airflow/example_dags/example_sensor_decorator.py
[2025-11-12T19:24:37.440+0000] {processor.py:830} INFO - Processing file /home/airflow/.local/lib/python3.12/site-packages/airflow/example_dags/example_sensor_decorator.py for tasks to queue
[2025-11-12T19:24:37.442+0000] {logging_mixin.py:188} INFO - [2025-11-12T19:24:37.442+0000] {dagbag.py:545} INFO - Filling up the DagBag from /home/airflow/.local/lib/python3.12/site-packages/airflow/example_dags/example_sensor_decorator.py
[2025-11-12T19:24:37.448+0000] {processor.py:840} INFO - DAG(s) 'example_sensor_decorator' retrieved from /home/airflow/.local/lib/python3.12/site-packages/airflow/example_dags/example_sensor_decorator.py
[2025-11-12T19:24:37.468+0000] {logging_mixin.py:188} INFO - [2025-11-12T19:24:37.468+0000] {dag.py:3096} INFO - Sync 1 DAGs
[2025-11-12T19:24:37.478+0000] {logging_mixin.py:188} INFO - [2025-11-12T19:24:37.477+0000] {dag.py:3954} INFO - Setting next_dagrun for example_sensor_decorator to None, run_after=None
[2025-11-12T19:24:37.498+0000] {processor.py:183} INFO - Processing /home/airflow/.local/lib/python3.12/site-packages/airflow/example_dags/example_sensor_decorator.py took 0.064 seconds
[2025-11-12T19:25:07.726+0000] {processor.py:161} INFO - Started process (PID=1073) to work on /home/airflow/.local/lib/python3.12/site-packages/airflow/example_dags/example_sensor_decorator.py
[2025-11-12T19:25:07.728+0000] {processor.py:830} INFO - Processing file /home/airflow/.local/lib/python3.12/site-packages/airflow/example_dags/example_sensor_decorator.py for tasks to queue
[2025-11-12T19:25:07.730+0000] {logging_mixin.py:188} INFO - [2025-11-12T19:25:07.730+0000] {dagbag.py:545} INFO - Filling up the DagBag from /home/airflow/.local/lib/python3.12/site-packages/airflow/example_dags/example_sensor_decorator.py
[2025-11-12T19:25:07.739+0000] {processor.py:840} INFO - DAG(s) 'example_sensor_decorator' retrieved from /home/airflow/.local/lib/python3.12/site-packages/airflow/example_dags/example_sensor_decorator.py
[2025-11-12T19:25:07.764+0000] {logging_mixin.py:188} INFO - [2025-11-12T19:25:07.763+0000] {dag.py:3096} INFO - Sync 1 DAGs
[2025-11-12T19:25:07.783+0000] {logging_mixin.py:188} INFO - [2025-11-12T19:25:07.783+0000] {dag.py:3954} INFO - Setting next_dagrun for example_sensor_decorator to None, run_after=None
[2025-11-12T19:25:07.814+0000] {processor.py:183} INFO - Processing /home/airflow/.local/lib/python3.12/site-packages/airflow/example_dags/example_sensor_decorator.py took 0.093 seconds
[2025-11-12T19:25:37.936+0000] {processor.py:161} INFO - Started process (PID=1132) to work on /home/airflow/.local/lib/python3.12/site-packages/airflow/example_dags/example_sensor_decorator.py
[2025-11-12T19:25:37.937+0000] {processor.py:830} INFO - Processing file /home/airflow/.local/lib/python3.12/site-packages/airflow/example_dags/example_sensor_decorator.py for tasks to queue
[2025-11-12T19:25:37.940+0000] {logging_mixin.py:188} INFO - [2025-11-12T19:25:37.940+0000] {dagbag.py:545} INFO - Filling up the DagBag from /home/airflow/.local/lib/python3.12/site-packages/airflow/example_dags/example_sensor_decorator.py
[2025-11-12T19:25:37.945+0000] {processor.py:840} INFO - DAG(s) 'example_sensor_decorator' retrieved from /home/airflow/.local/lib/python3.12/site-packages/airflow/example_dags/example_sensor_decorator.py
[2025-11-12T19:25:37.966+0000] {logging_mixin.py:188} INFO - [2025-11-12T19:25:37.966+0000] {dag.py:3096} INFO - Sync 1 DAGs
[2025-11-12T19:25:37.979+0000] {logging_mixin.py:188} INFO - [2025-11-12T19:25:37.979+0000] {dag.py:3954} INFO - Setting next_dagrun for example_sensor_decorator to None, run_after=None
[2025-11-12T19:25:38.001+0000] {processor.py:183} INFO - Processing /home/airflow/.local/lib/python3.12/site-packages/airflow/example_dags/example_sensor_decorator.py took 0.070 seconds
[2025-11-12T19:26:08.159+0000] {processor.py:161} INFO - Started process (PID=1192) to work on /home/airflow/.local/lib/python3.12/site-packages/airflow/example_dags/example_sensor_decorator.py
[2025-11-12T19:26:08.161+0000] {processor.py:830} INFO - Processing file /home/airflow/.local/lib/python3.12/site-packages/airflow/example_dags/example_sensor_decorator.py for tasks to queue
[2025-11-12T19:26:08.165+0000] {logging_mixin.py:188} INFO - [2025-11-12T19:26:08.164+0000] {dagbag.py:545} INFO - Filling up the DagBag from /home/airflow/.local/lib/python3.12/site-packages/airflow/example_dags/example_sensor_decorator.py
[2025-11-12T19:26:08.174+0000] {processor.py:840} INFO - DAG(s) 'example_sensor_decorator' retrieved from /home/airflow/.local/lib/python3.12/site-packages/airflow/example_dags/example_sensor_decorator.py
[2025-11-12T19:26:08.196+0000] {logging_mixin.py:188} INFO - [2025-11-12T19:26:08.196+0000] {dag.py:3096} INFO - Sync 1 DAGs
[2025-11-12T19:26:08.209+0000] {logging_mixin.py:188} INFO - [2025-11-12T19:26:08.208+0000] {dag.py:3954} INFO - Setting next_dagrun for example_sensor_decorator to None, run_after=None
[2025-11-12T19:26:08.231+0000] {processor.py:183} INFO - Processing /home/airflow/.local/lib/python3.12/site-packages/airflow/example_dags/example_sensor_decorator.py took 0.079 seconds
[2025-11-12T19:26:38.757+0000] {processor.py:161} INFO - Started process (PID=1253) to work on /home/airflow/.local/lib/python3.12/site-packages/airflow/example_dags/example_sensor_decorator.py
[2025-11-12T19:26:38.758+0000] {processor.py:830} INFO - Processing file /home/airflow/.local/lib/python3.12/site-packages/airflow/example_dags/example_sensor_decorator.py for tasks to queue
[2025-11-12T19:26:38.761+0000] {logging_mixin.py:188} INFO - [2025-11-12T19:26:38.761+0000] {dagbag.py:545} INFO - Filling up the DagBag from /home/airflow/.local/lib/python3.12/site-packages/airflow/example_dags/example_sensor_decorator.py
[2025-11-12T19:26:38.768+0000] {processor.py:840} INFO - DAG(s) 'example_sensor_decorator' retrieved from /home/airflow/.local/lib/python3.12/site-packages/airflow/example_dags/example_sensor_decorator.py
[2025-11-12T19:26:38.802+0000] {logging_mixin.py:188} INFO - [2025-11-12T19:26:38.801+0000] {dag.py:3096} INFO - Sync 1 DAGs
[2025-11-12T19:26:38.819+0000] {logging_mixin.py:188} INFO - [2025-11-12T19:26:38.818+0000] {dag.py:3954} INFO - Setting next_dagrun for example_sensor_decorator to None, run_after=None
[2025-11-12T19:26:38.848+0000] {processor.py:183} INFO - Processing /home/airflow/.local/lib/python3.12/site-packages/airflow/example_dags/example_sensor_decorator.py took 0.096 seconds
[2025-11-12T19:27:09.438+0000] {processor.py:161} INFO - Started process (PID=1313) to work on /home/airflow/.local/lib/python3.12/site-packages/airflow/example_dags/example_sensor_decorator.py
[2025-11-12T19:27:09.440+0000] {processor.py:830} INFO - Processing file /home/airflow/.local/lib/python3.12/site-packages/airflow/example_dags/example_sensor_decorator.py for tasks to queue
[2025-11-12T19:27:09.443+0000] {logging_mixin.py:188} INFO - [2025-11-12T19:27:09.442+0000] {dagbag.py:545} INFO - Filling up the DagBag from /home/airflow/.local/lib/python3.12/site-packages/airflow/example_dags/example_sensor_decorator.py
[2025-11-12T19:27:09.453+0000] {processor.py:840} INFO - DAG(s) 'example_sensor_decorator' retrieved from /home/airflow/.local/lib/python3.12/site-packages/airflow/example_dags/example_sensor_decorator.py
[2025-11-12T19:27:09.484+0000] {logging_mixin.py:188} INFO - [2025-11-12T19:27:09.483+0000] {dag.py:3096} INFO - Sync 1 DAGs
[2025-11-12T19:27:09.499+0000] {logging_mixin.py:188} INFO - [2025-11-12T19:27:09.499+0000] {dag.py:3954} INFO - Setting next_dagrun for example_sensor_decorator to None, run_after=None
[2025-11-12T19:27:09.536+0000] {processor.py:183} INFO - Processing /home/airflow/.local/lib/python3.12/site-packages/airflow/example_dags/example_sensor_decorator.py took 0.104 seconds
[2025-11-12T19:27:39.641+0000] {processor.py:161} INFO - Started process (PID=1373) to work on /home/airflow/.local/lib/python3.12/site-packages/airflow/example_dags/example_sensor_decorator.py
[2025-11-12T19:27:39.644+0000] {processor.py:830} INFO - Processing file /home/airflow/.local/lib/python3.12/site-packages/airflow/example_dags/example_sensor_decorator.py for tasks to queue
[2025-11-12T19:27:39.647+0000] {logging_mixin.py:188} INFO - [2025-11-12T19:27:39.646+0000] {dagbag.py:545} INFO - Filling up the DagBag from /home/airflow/.local/lib/python3.12/site-packages/airflow/example_dags/example_sensor_decorator.py
[2025-11-12T19:27:39.655+0000] {processor.py:840} INFO - DAG(s) 'example_sensor_decorator' retrieved from /home/airflow/.local/lib/python3.12/site-packages/airflow/example_dags/example_sensor_decorator.py
[2025-11-12T19:27:39.677+0000] {logging_mixin.py:188} INFO - [2025-11-12T19:27:39.676+0000] {dag.py:3096} INFO - Sync 1 DAGs
[2025-11-12T19:27:39.688+0000] {logging_mixin.py:188} INFO - [2025-11-12T19:27:39.688+0000] {dag.py:3954} INFO - Setting next_dagrun for example_sensor_decorator to None, run_after=None
[2025-11-12T19:27:39.709+0000] {processor.py:183} INFO - Processing /home/airflow/.local/lib/python3.12/site-packages/airflow/example_dags/example_sensor_decorator.py took 0.075 seconds
[2025-11-12T19:28:12.414+0000] {processor.py:161} INFO - Started process (PID=1434) to work on /home/airflow/.local/lib/python3.12/site-packages/airflow/example_dags/example_sensor_decorator.py
[2025-11-12T19:28:12.416+0000] {processor.py:830} INFO - Processing file /home/airflow/.local/lib/python3.12/site-packages/airflow/example_dags/example_sensor_decorator.py for tasks to queue
[2025-11-12T19:28:12.418+0000] {logging_mixin.py:188} INFO - [2025-11-12T19:28:12.417+0000] {dagbag.py:545} INFO - Filling up the DagBag from /home/airflow/.local/lib/python3.12/site-packages/airflow/example_dags/example_sensor_decorator.py
[2025-11-12T19:28:12.424+0000] {processor.py:840} INFO - DAG(s) 'example_sensor_decorator' retrieved from /home/airflow/.local/lib/python3.12/site-packages/airflow/example_dags/example_sensor_decorator.py
[2025-11-12T19:28:12.445+0000] {logging_mixin.py:188} INFO - [2025-11-12T19:28:12.444+0000] {dag.py:3096} INFO - Sync 1 DAGs
[2025-11-12T19:28:12.669+0000] {logging_mixin.py:188} INFO - [2025-11-12T19:28:12.669+0000] {dag.py:3954} INFO - Setting next_dagrun for example_sensor_decorator to None, run_after=None
[2025-11-12T19:28:12.691+0000] {processor.py:183} INFO - Processing /home/airflow/.local/lib/python3.12/site-packages/airflow/example_dags/example_sensor_decorator.py took 0.282 seconds
[2025-11-12T19:28:43.077+0000] {processor.py:161} INFO - Started process (PID=1494) to work on /home/airflow/.local/lib/python3.12/site-packages/airflow/example_dags/example_sensor_decorator.py
[2025-11-12T19:28:43.079+0000] {processor.py:830} INFO - Processing file /home/airflow/.local/lib/python3.12/site-packages/airflow/example_dags/example_sensor_decorator.py for tasks to queue
[2025-11-12T19:28:43.082+0000] {logging_mixin.py:188} INFO - [2025-11-12T19:28:43.081+0000] {dagbag.py:545} INFO - Filling up the DagBag from /home/airflow/.local/lib/python3.12/site-packages/airflow/example_dags/example_sensor_decorator.py
[2025-11-12T19:28:43.090+0000] {processor.py:840} INFO - DAG(s) 'example_sensor_decorator' retrieved from /home/airflow/.local/lib/python3.12/site-packages/airflow/example_dags/example_sensor_decorator.py
[2025-11-12T19:28:43.115+0000] {logging_mixin.py:188} INFO - [2025-11-12T19:28:43.114+0000] {dag.py:3096} INFO - Sync 1 DAGs
[2025-11-12T19:28:43.129+0000] {logging_mixin.py:188} INFO - [2025-11-12T19:28:43.129+0000] {dag.py:3954} INFO - Setting next_dagrun for example_sensor_decorator to None, run_after=None
[2025-11-12T19:28:43.154+0000] {processor.py:183} INFO - Processing /home/airflow/.local/lib/python3.12/site-packages/airflow/example_dags/example_sensor_decorator.py took 0.081 seconds
[2025-11-12T19:29:13.329+0000] {processor.py:161} INFO - Started process (PID=1554) to work on /home/airflow/.local/lib/python3.12/site-packages/airflow/example_dags/example_sensor_decorator.py
[2025-11-12T19:29:13.330+0000] {processor.py:830} INFO - Processing file /home/airflow/.local/lib/python3.12/site-packages/airflow/example_dags/example_sensor_decorator.py for tasks to queue
[2025-11-12T19:29:13.332+0000] {logging_mixin.py:188} INFO - [2025-11-12T19:29:13.332+0000] {dagbag.py:545} INFO - Filling up the DagBag from /home/airflow/.local/lib/python3.12/site-packages/airflow/example_dags/example_sensor_decorator.py
[2025-11-12T19:29:13.337+0000] {processor.py:840} INFO - DAG(s) 'example_sensor_decorator' retrieved from /home/airflow/.local/lib/python3.12/site-packages/airflow/example_dags/example_sensor_decorator.py
[2025-11-12T19:29:13.357+0000] {logging_mixin.py:188} INFO - [2025-11-12T19:29:13.357+0000] {dag.py:3096} INFO - Sync 1 DAGs
[2025-11-12T19:29:13.367+0000] {logging_mixin.py:188} INFO - [2025-11-12T19:29:13.367+0000] {dag.py:3954} INFO - Setting next_dagrun for example_sensor_decorator to None, run_after=None
[2025-11-12T19:29:13.386+0000] {processor.py:183} INFO - Processing /home/airflow/.local/lib/python3.12/site-packages/airflow/example_dags/example_sensor_decorator.py took 0.062 seconds
[2025-11-12T19:29:46.489+0000] {processor.py:161} INFO - Started process (PID=1614) to work on /home/airflow/.local/lib/python3.12/site-packages/airflow/example_dags/example_sensor_decorator.py
[2025-11-12T19:29:46.490+0000] {processor.py:830} INFO - Processing file /home/airflow/.local/lib/python3.12/site-packages/airflow/example_dags/example_sensor_decorator.py for tasks to queue
[2025-11-12T19:29:46.492+0000] {logging_mixin.py:188} INFO - [2025-11-12T19:29:46.492+0000] {dagbag.py:545} INFO - Filling up the DagBag from /home/airflow/.local/lib/python3.12/site-packages/airflow/example_dags/example_sensor_decorator.py
[2025-11-12T19:29:46.499+0000] {processor.py:840} INFO - DAG(s) 'example_sensor_decorator' retrieved from /home/airflow/.local/lib/python3.12/site-packages/airflow/example_dags/example_sensor_decorator.py
[2025-11-12T19:29:46.862+0000] {logging_mixin.py:188} INFO - [2025-11-12T19:29:46.862+0000] {dag.py:3096} INFO - Sync 1 DAGs
[2025-11-12T19:29:46.873+0000] {logging_mixin.py:188} INFO - [2025-11-12T19:29:46.872+0000] {dag.py:3954} INFO - Setting next_dagrun for example_sensor_decorator to None, run_after=None
[2025-11-12T19:29:46.892+0000] {processor.py:183} INFO - Processing /home/airflow/.local/lib/python3.12/site-packages/airflow/example_dags/example_sensor_decorator.py took 0.407 seconds
[2025-11-12T19:30:17.791+0000] {processor.py:161} INFO - Started process (PID=1674) to work on /home/airflow/.local/lib/python3.12/site-packages/airflow/example_dags/example_sensor_decorator.py
[2025-11-12T19:30:17.793+0000] {processor.py:830} INFO - Processing file /home/airflow/.local/lib/python3.12/site-packages/airflow/example_dags/example_sensor_decorator.py for tasks to queue
[2025-11-12T19:30:17.797+0000] {logging_mixin.py:188} INFO - [2025-11-12T19:30:17.797+0000] {dagbag.py:545} INFO - Filling up the DagBag from /home/airflow/.local/lib/python3.12/site-packages/airflow/example_dags/example_sensor_decorator.py
[2025-11-12T19:30:17.804+0000] {processor.py:840} INFO - DAG(s) 'example_sensor_decorator' retrieved from /home/airflow/.local/lib/python3.12/site-packages/airflow/example_dags/example_sensor_decorator.py
[2025-11-12T19:30:17.828+0000] {logging_mixin.py:188} INFO - [2025-11-12T19:30:17.827+0000] {dag.py:3096} INFO - Sync 1 DAGs
[2025-11-12T19:30:17.840+0000] {logging_mixin.py:188} INFO - [2025-11-12T19:30:17.840+0000] {dag.py:3954} INFO - Setting next_dagrun for example_sensor_decorator to None, run_after=None
[2025-11-12T19:30:17.871+0000] {processor.py:183} INFO - Processing /home/airflow/.local/lib/python3.12/site-packages/airflow/example_dags/example_sensor_decorator.py took 0.086 seconds
[2025-11-12T19:30:48.044+0000] {processor.py:161} INFO - Started process (PID=1734) to work on /home/airflow/.local/lib/python3.12/site-packages/airflow/example_dags/example_sensor_decorator.py
[2025-11-12T19:30:48.045+0000] {processor.py:830} INFO - Processing file /home/airflow/.local/lib/python3.12/site-packages/airflow/example_dags/example_sensor_decorator.py for tasks to queue
[2025-11-12T19:30:48.047+0000] {logging_mixin.py:188} INFO - [2025-11-12T19:30:48.046+0000] {dagbag.py:545} INFO - Filling up the DagBag from /home/airflow/.local/lib/python3.12/site-packages/airflow/example_dags/example_sensor_decorator.py
[2025-11-12T19:30:48.052+0000] {processor.py:840} INFO - DAG(s) 'example_sensor_decorator' retrieved from /home/airflow/.local/lib/python3.12/site-packages/airflow/example_dags/example_sensor_decorator.py
[2025-11-12T19:30:48.078+0000] {logging_mixin.py:188} INFO - [2025-11-12T19:30:48.078+0000] {dag.py:3096} INFO - Sync 1 DAGs
[2025-11-12T19:30:48.089+0000] {logging_mixin.py:188} INFO - [2025-11-12T19:30:48.089+0000] {dag.py:3954} INFO - Setting next_dagrun for example_sensor_decorator to None, run_after=None
[2025-11-12T19:30:48.111+0000] {processor.py:183} INFO - Processing /home/airflow/.local/lib/python3.12/site-packages/airflow/example_dags/example_sensor_decorator.py took 0.072 seconds
[2025-11-12T19:31:18.463+0000] {processor.py:161} INFO - Started process (PID=1794) to work on /home/airflow/.local/lib/python3.12/site-packages/airflow/example_dags/example_sensor_decorator.py
[2025-11-12T19:31:18.465+0000] {processor.py:830} INFO - Processing file /home/airflow/.local/lib/python3.12/site-packages/airflow/example_dags/example_sensor_decorator.py for tasks to queue
[2025-11-12T19:31:18.467+0000] {logging_mixin.py:188} INFO - [2025-11-12T19:31:18.467+0000] {dagbag.py:545} INFO - Filling up the DagBag from /home/airflow/.local/lib/python3.12/site-packages/airflow/example_dags/example_sensor_decorator.py
[2025-11-12T19:31:18.472+0000] {processor.py:840} INFO - DAG(s) 'example_sensor_decorator' retrieved from /home/airflow/.local/lib/python3.12/site-packages/airflow/example_dags/example_sensor_decorator.py
[2025-11-12T19:31:18.494+0000] {logging_mixin.py:188} INFO - [2025-11-12T19:31:18.494+0000] {dag.py:3096} INFO - Sync 1 DAGs
[2025-11-12T19:31:18.505+0000] {logging_mixin.py:188} INFO - [2025-11-12T19:31:18.505+0000] {dag.py:3954} INFO - Setting next_dagrun for example_sensor_decorator to None, run_after=None
[2025-11-12T19:31:18.526+0000] {processor.py:183} INFO - Processing /home/airflow/.local/lib/python3.12/site-packages/airflow/example_dags/example_sensor_decorator.py took 0.067 seconds
[2025-11-12T19:31:48.868+0000] {processor.py:161} INFO - Started process (PID=1857) to work on /home/airflow/.local/lib/python3.12/site-packages/airflow/example_dags/example_sensor_decorator.py
[2025-11-12T19:31:48.869+0000] {processor.py:830} INFO - Processing file /home/airflow/.local/lib/python3.12/site-packages/airflow/example_dags/example_sensor_decorator.py for tasks to queue
[2025-11-12T19:31:48.873+0000] {logging_mixin.py:188} INFO - [2025-11-12T19:31:48.872+0000] {dagbag.py:545} INFO - Filling up the DagBag from /home/airflow/.local/lib/python3.12/site-packages/airflow/example_dags/example_sensor_decorator.py
[2025-11-12T19:31:48.882+0000] {processor.py:840} INFO - DAG(s) 'example_sensor_decorator' retrieved from /home/airflow/.local/lib/python3.12/site-packages/airflow/example_dags/example_sensor_decorator.py
[2025-11-12T19:31:48.908+0000] {logging_mixin.py:188} INFO - [2025-11-12T19:31:48.907+0000] {dag.py:3096} INFO - Sync 1 DAGs
[2025-11-12T19:31:48.923+0000] {logging_mixin.py:188} INFO - [2025-11-12T19:31:48.923+0000] {dag.py:3954} INFO - Setting next_dagrun for example_sensor_decorator to None, run_after=None
[2025-11-12T19:31:48.961+0000] {processor.py:183} INFO - Processing /home/airflow/.local/lib/python3.12/site-packages/airflow/example_dags/example_sensor_decorator.py took 0.102 seconds
