[2025-11-12T19:06:11.373+0000] {processor.py:161} INFO - Started process (PID=91) to work on /home/airflow/.local/lib/python3.12/site-packages/airflow/example_dags/example_branch_operator.py
[2025-11-12T19:06:11.374+0000] {processor.py:830} INFO - Processing file /home/airflow/.local/lib/python3.12/site-packages/airflow/example_dags/example_branch_operator.py for tasks to queue
[2025-11-12T19:06:11.377+0000] {logging_mixin.py:188} INFO - [2025-11-12T19:06:11.376+0000] {dagbag.py:545} INFO - Filling up the DagBag from /home/airflow/.local/lib/python3.12/site-packages/airflow/example_dags/example_branch_operator.py
[2025-11-12T19:06:11.397+0000] {processor.py:840} INFO - DAG(s) 'example_branch_operator' retrieved from /home/airflow/.local/lib/python3.12/site-packages/airflow/example_dags/example_branch_operator.py
[2025-11-12T19:06:11.576+0000] {logging_mixin.py:188} INFO - [2025-11-12T19:06:11.575+0000] {dag.py:3096} INFO - Sync 1 DAGs
[2025-11-12T19:06:11.613+0000] {logging_mixin.py:188} INFO - [2025-11-12T19:06:11.612+0000] {dag.py:3954} INFO - Setting next_dagrun for example_branch_operator to 2025-11-11 00:00:00+00:00, run_after=2025-11-12 00:00:00+00:00
[2025-11-12T19:06:11.655+0000] {processor.py:183} INFO - Processing /home/airflow/.local/lib/python3.12/site-packages/airflow/example_dags/example_branch_operator.py took 0.287 seconds
[2025-11-12T19:06:42.510+0000] {processor.py:161} INFO - Started process (PID=152) to work on /home/airflow/.local/lib/python3.12/site-packages/airflow/example_dags/example_branch_operator.py
[2025-11-12T19:06:42.511+0000] {processor.py:830} INFO - Processing file /home/airflow/.local/lib/python3.12/site-packages/airflow/example_dags/example_branch_operator.py for tasks to queue
[2025-11-12T19:06:42.513+0000] {logging_mixin.py:188} INFO - [2025-11-12T19:06:42.513+0000] {dagbag.py:545} INFO - Filling up the DagBag from /home/airflow/.local/lib/python3.12/site-packages/airflow/example_dags/example_branch_operator.py
[2025-11-12T19:06:42.526+0000] {processor.py:840} INFO - DAG(s) 'example_branch_operator' retrieved from /home/airflow/.local/lib/python3.12/site-packages/airflow/example_dags/example_branch_operator.py
[2025-11-12T19:06:42.558+0000] {logging_mixin.py:188} INFO - [2025-11-12T19:06:42.558+0000] {dag.py:3096} INFO - Sync 1 DAGs
[2025-11-12T19:06:42.583+0000] {logging_mixin.py:188} INFO - [2025-11-12T19:06:42.583+0000] {dag.py:3954} INFO - Setting next_dagrun for example_branch_operator to 2025-11-11 00:00:00+00:00, run_after=2025-11-12 00:00:00+00:00
[2025-11-12T19:06:42.609+0000] {processor.py:183} INFO - Processing /home/airflow/.local/lib/python3.12/site-packages/airflow/example_dags/example_branch_operator.py took 0.103 seconds
[2025-11-12T19:07:13.617+0000] {processor.py:161} INFO - Started process (PID=212) to work on /home/airflow/.local/lib/python3.12/site-packages/airflow/example_dags/example_branch_operator.py
[2025-11-12T19:07:13.618+0000] {processor.py:830} INFO - Processing file /home/airflow/.local/lib/python3.12/site-packages/airflow/example_dags/example_branch_operator.py for tasks to queue
[2025-11-12T19:07:13.620+0000] {logging_mixin.py:188} INFO - [2025-11-12T19:07:13.619+0000] {dagbag.py:545} INFO - Filling up the DagBag from /home/airflow/.local/lib/python3.12/site-packages/airflow/example_dags/example_branch_operator.py
[2025-11-12T19:07:13.634+0000] {processor.py:840} INFO - DAG(s) 'example_branch_operator' retrieved from /home/airflow/.local/lib/python3.12/site-packages/airflow/example_dags/example_branch_operator.py
[2025-11-12T19:07:13.662+0000] {logging_mixin.py:188} INFO - [2025-11-12T19:07:13.662+0000] {dag.py:3096} INFO - Sync 1 DAGs
[2025-11-12T19:07:13.687+0000] {logging_mixin.py:188} INFO - [2025-11-12T19:07:13.687+0000] {dag.py:3954} INFO - Setting next_dagrun for example_branch_operator to 2025-11-11 00:00:00+00:00, run_after=2025-11-12 00:00:00+00:00
[2025-11-12T19:07:13.712+0000] {processor.py:183} INFO - Processing /home/airflow/.local/lib/python3.12/site-packages/airflow/example_dags/example_branch_operator.py took 0.100 seconds
[2025-11-12T19:07:43.785+0000] {processor.py:161} INFO - Started process (PID=272) to work on /home/airflow/.local/lib/python3.12/site-packages/airflow/example_dags/example_branch_operator.py
[2025-11-12T19:07:43.786+0000] {processor.py:830} INFO - Processing file /home/airflow/.local/lib/python3.12/site-packages/airflow/example_dags/example_branch_operator.py for tasks to queue
[2025-11-12T19:07:43.788+0000] {logging_mixin.py:188} INFO - [2025-11-12T19:07:43.788+0000] {dagbag.py:545} INFO - Filling up the DagBag from /home/airflow/.local/lib/python3.12/site-packages/airflow/example_dags/example_branch_operator.py
[2025-11-12T19:07:43.802+0000] {processor.py:840} INFO - DAG(s) 'example_branch_operator' retrieved from /home/airflow/.local/lib/python3.12/site-packages/airflow/example_dags/example_branch_operator.py
[2025-11-12T19:07:43.829+0000] {logging_mixin.py:188} INFO - [2025-11-12T19:07:43.829+0000] {dag.py:3096} INFO - Sync 1 DAGs
[2025-11-12T19:07:43.853+0000] {logging_mixin.py:188} INFO - [2025-11-12T19:07:43.852+0000] {dag.py:3954} INFO - Setting next_dagrun for example_branch_operator to 2025-11-11 00:00:00+00:00, run_after=2025-11-12 00:00:00+00:00
[2025-11-12T19:07:43.876+0000] {processor.py:183} INFO - Processing /home/airflow/.local/lib/python3.12/site-packages/airflow/example_dags/example_branch_operator.py took 0.095 seconds
[2025-11-12T19:08:14.769+0000] {processor.py:161} INFO - Started process (PID=332) to work on /home/airflow/.local/lib/python3.12/site-packages/airflow/example_dags/example_branch_operator.py
[2025-11-12T19:08:14.770+0000] {processor.py:830} INFO - Processing file /home/airflow/.local/lib/python3.12/site-packages/airflow/example_dags/example_branch_operator.py for tasks to queue
[2025-11-12T19:08:14.772+0000] {logging_mixin.py:188} INFO - [2025-11-12T19:08:14.771+0000] {dagbag.py:545} INFO - Filling up the DagBag from /home/airflow/.local/lib/python3.12/site-packages/airflow/example_dags/example_branch_operator.py
[2025-11-12T19:08:14.795+0000] {processor.py:840} INFO - DAG(s) 'example_branch_operator' retrieved from /home/airflow/.local/lib/python3.12/site-packages/airflow/example_dags/example_branch_operator.py
[2025-11-12T19:08:14.833+0000] {logging_mixin.py:188} INFO - [2025-11-12T19:08:14.833+0000] {dag.py:3096} INFO - Sync 1 DAGs
[2025-11-12T19:08:14.852+0000] {logging_mixin.py:188} INFO - [2025-11-12T19:08:14.852+0000] {dag.py:3954} INFO - Setting next_dagrun for example_branch_operator to 2025-11-11 00:00:00+00:00, run_after=2025-11-12 00:00:00+00:00
[2025-11-12T19:08:14.872+0000] {processor.py:183} INFO - Processing /home/airflow/.local/lib/python3.12/site-packages/airflow/example_dags/example_branch_operator.py took 0.110 seconds
[2025-11-12T19:08:45.293+0000] {processor.py:161} INFO - Started process (PID=392) to work on /home/airflow/.local/lib/python3.12/site-packages/airflow/example_dags/example_branch_operator.py
[2025-11-12T19:08:45.294+0000] {processor.py:830} INFO - Processing file /home/airflow/.local/lib/python3.12/site-packages/airflow/example_dags/example_branch_operator.py for tasks to queue
[2025-11-12T19:08:45.297+0000] {logging_mixin.py:188} INFO - [2025-11-12T19:08:45.296+0000] {dagbag.py:545} INFO - Filling up the DagBag from /home/airflow/.local/lib/python3.12/site-packages/airflow/example_dags/example_branch_operator.py
[2025-11-12T19:08:45.318+0000] {processor.py:840} INFO - DAG(s) 'example_branch_operator' retrieved from /home/airflow/.local/lib/python3.12/site-packages/airflow/example_dags/example_branch_operator.py
[2025-11-12T19:08:45.355+0000] {logging_mixin.py:188} INFO - [2025-11-12T19:08:45.355+0000] {dag.py:3096} INFO - Sync 1 DAGs
[2025-11-12T19:08:45.381+0000] {logging_mixin.py:188} INFO - [2025-11-12T19:08:45.381+0000] {dag.py:3954} INFO - Setting next_dagrun for example_branch_operator to 2025-11-11 00:00:00+00:00, run_after=2025-11-12 00:00:00+00:00
[2025-11-12T19:08:45.410+0000] {processor.py:183} INFO - Processing /home/airflow/.local/lib/python3.12/site-packages/airflow/example_dags/example_branch_operator.py took 0.123 seconds
[2025-11-12T19:09:15.636+0000] {processor.py:161} INFO - Started process (PID=453) to work on /home/airflow/.local/lib/python3.12/site-packages/airflow/example_dags/example_branch_operator.py
[2025-11-12T19:09:15.637+0000] {processor.py:830} INFO - Processing file /home/airflow/.local/lib/python3.12/site-packages/airflow/example_dags/example_branch_operator.py for tasks to queue
[2025-11-12T19:09:15.638+0000] {logging_mixin.py:188} INFO - [2025-11-12T19:09:15.638+0000] {dagbag.py:545} INFO - Filling up the DagBag from /home/airflow/.local/lib/python3.12/site-packages/airflow/example_dags/example_branch_operator.py
[2025-11-12T19:09:15.651+0000] {processor.py:840} INFO - DAG(s) 'example_branch_operator' retrieved from /home/airflow/.local/lib/python3.12/site-packages/airflow/example_dags/example_branch_operator.py
[2025-11-12T19:09:15.680+0000] {logging_mixin.py:188} INFO - [2025-11-12T19:09:15.679+0000] {dag.py:3096} INFO - Sync 1 DAGs
[2025-11-12T19:09:15.702+0000] {logging_mixin.py:188} INFO - [2025-11-12T19:09:15.702+0000] {dag.py:3954} INFO - Setting next_dagrun for example_branch_operator to 2025-11-11 00:00:00+00:00, run_after=2025-11-12 00:00:00+00:00
[2025-11-12T19:09:15.726+0000] {processor.py:183} INFO - Processing /home/airflow/.local/lib/python3.12/site-packages/airflow/example_dags/example_branch_operator.py took 0.095 seconds
[2025-11-12T19:09:46.670+0000] {processor.py:161} INFO - Started process (PID=514) to work on /home/airflow/.local/lib/python3.12/site-packages/airflow/example_dags/example_branch_operator.py
[2025-11-12T19:09:46.671+0000] {processor.py:830} INFO - Processing file /home/airflow/.local/lib/python3.12/site-packages/airflow/example_dags/example_branch_operator.py for tasks to queue
[2025-11-12T19:09:46.672+0000] {logging_mixin.py:188} INFO - [2025-11-12T19:09:46.672+0000] {dagbag.py:545} INFO - Filling up the DagBag from /home/airflow/.local/lib/python3.12/site-packages/airflow/example_dags/example_branch_operator.py
[2025-11-12T19:09:46.685+0000] {processor.py:840} INFO - DAG(s) 'example_branch_operator' retrieved from /home/airflow/.local/lib/python3.12/site-packages/airflow/example_dags/example_branch_operator.py
[2025-11-12T19:09:46.712+0000] {logging_mixin.py:188} INFO - [2025-11-12T19:09:46.711+0000] {dag.py:3096} INFO - Sync 1 DAGs
[2025-11-12T19:09:46.732+0000] {logging_mixin.py:188} INFO - [2025-11-12T19:09:46.732+0000] {dag.py:3954} INFO - Setting next_dagrun for example_branch_operator to 2025-11-11 00:00:00+00:00, run_after=2025-11-12 00:00:00+00:00
[2025-11-12T19:09:46.754+0000] {processor.py:183} INFO - Processing /home/airflow/.local/lib/python3.12/site-packages/airflow/example_dags/example_branch_operator.py took 0.088 seconds
[2025-11-12T19:10:16.986+0000] {processor.py:161} INFO - Started process (PID=574) to work on /home/airflow/.local/lib/python3.12/site-packages/airflow/example_dags/example_branch_operator.py
[2025-11-12T19:10:16.988+0000] {processor.py:830} INFO - Processing file /home/airflow/.local/lib/python3.12/site-packages/airflow/example_dags/example_branch_operator.py for tasks to queue
[2025-11-12T19:10:16.990+0000] {logging_mixin.py:188} INFO - [2025-11-12T19:10:16.990+0000] {dagbag.py:545} INFO - Filling up the DagBag from /home/airflow/.local/lib/python3.12/site-packages/airflow/example_dags/example_branch_operator.py
[2025-11-12T19:10:17.014+0000] {processor.py:840} INFO - DAG(s) 'example_branch_operator' retrieved from /home/airflow/.local/lib/python3.12/site-packages/airflow/example_dags/example_branch_operator.py
[2025-11-12T19:10:17.058+0000] {logging_mixin.py:188} INFO - [2025-11-12T19:10:17.058+0000] {dag.py:3096} INFO - Sync 1 DAGs
[2025-11-12T19:10:17.085+0000] {logging_mixin.py:188} INFO - [2025-11-12T19:10:17.085+0000] {dag.py:3954} INFO - Setting next_dagrun for example_branch_operator to 2025-11-11 00:00:00+00:00, run_after=2025-11-12 00:00:00+00:00
[2025-11-12T19:10:17.108+0000] {processor.py:183} INFO - Processing /home/airflow/.local/lib/python3.12/site-packages/airflow/example_dags/example_branch_operator.py took 0.128 seconds
[2025-11-12T19:10:47.178+0000] {processor.py:161} INFO - Started process (PID=635) to work on /home/airflow/.local/lib/python3.12/site-packages/airflow/example_dags/example_branch_operator.py
[2025-11-12T19:10:47.179+0000] {processor.py:830} INFO - Processing file /home/airflow/.local/lib/python3.12/site-packages/airflow/example_dags/example_branch_operator.py for tasks to queue
[2025-11-12T19:10:47.180+0000] {logging_mixin.py:188} INFO - [2025-11-12T19:10:47.180+0000] {dagbag.py:545} INFO - Filling up the DagBag from /home/airflow/.local/lib/python3.12/site-packages/airflow/example_dags/example_branch_operator.py
[2025-11-12T19:10:47.192+0000] {processor.py:840} INFO - DAG(s) 'example_branch_operator' retrieved from /home/airflow/.local/lib/python3.12/site-packages/airflow/example_dags/example_branch_operator.py
[2025-11-12T19:10:47.224+0000] {logging_mixin.py:188} INFO - [2025-11-12T19:10:47.223+0000] {dag.py:3096} INFO - Sync 1 DAGs
[2025-11-12T19:10:47.255+0000] {logging_mixin.py:188} INFO - [2025-11-12T19:10:47.254+0000] {dag.py:3954} INFO - Setting next_dagrun for example_branch_operator to 2025-11-11 00:00:00+00:00, run_after=2025-11-12 00:00:00+00:00
[2025-11-12T19:10:47.287+0000] {processor.py:183} INFO - Processing /home/airflow/.local/lib/python3.12/site-packages/airflow/example_dags/example_branch_operator.py took 0.113 seconds
[2025-11-12T19:11:17.578+0000] {processor.py:161} INFO - Started process (PID=696) to work on /home/airflow/.local/lib/python3.12/site-packages/airflow/example_dags/example_branch_operator.py
[2025-11-12T19:11:17.579+0000] {processor.py:830} INFO - Processing file /home/airflow/.local/lib/python3.12/site-packages/airflow/example_dags/example_branch_operator.py for tasks to queue
[2025-11-12T19:11:17.579+0000] {logging_mixin.py:188} INFO - [2025-11-12T19:11:17.579+0000] {dagbag.py:545} INFO - Filling up the DagBag from /home/airflow/.local/lib/python3.12/site-packages/airflow/example_dags/example_branch_operator.py
[2025-11-12T19:11:17.591+0000] {processor.py:840} INFO - DAG(s) 'example_branch_operator' retrieved from /home/airflow/.local/lib/python3.12/site-packages/airflow/example_dags/example_branch_operator.py
[2025-11-12T19:11:17.616+0000] {logging_mixin.py:188} INFO - [2025-11-12T19:11:17.616+0000] {dag.py:3096} INFO - Sync 1 DAGs
[2025-11-12T19:11:17.633+0000] {logging_mixin.py:188} INFO - [2025-11-12T19:11:17.633+0000] {dag.py:3954} INFO - Setting next_dagrun for example_branch_operator to 2025-11-11 00:00:00+00:00, run_after=2025-11-12 00:00:00+00:00
[2025-11-12T19:11:17.660+0000] {processor.py:183} INFO - Processing /home/airflow/.local/lib/python3.12/site-packages/airflow/example_dags/example_branch_operator.py took 0.087 seconds
[2025-11-12T19:11:48.728+0000] {processor.py:161} INFO - Started process (PID=755) to work on /home/airflow/.local/lib/python3.12/site-packages/airflow/example_dags/example_branch_operator.py
[2025-11-12T19:11:48.730+0000] {processor.py:830} INFO - Processing file /home/airflow/.local/lib/python3.12/site-packages/airflow/example_dags/example_branch_operator.py for tasks to queue
[2025-11-12T19:11:48.731+0000] {logging_mixin.py:188} INFO - [2025-11-12T19:11:48.730+0000] {dagbag.py:545} INFO - Filling up the DagBag from /home/airflow/.local/lib/python3.12/site-packages/airflow/example_dags/example_branch_operator.py
[2025-11-12T19:11:48.744+0000] {processor.py:840} INFO - DAG(s) 'example_branch_operator' retrieved from /home/airflow/.local/lib/python3.12/site-packages/airflow/example_dags/example_branch_operator.py
[2025-11-12T19:11:48.770+0000] {logging_mixin.py:188} INFO - [2025-11-12T19:11:48.770+0000] {dag.py:3096} INFO - Sync 1 DAGs
[2025-11-12T19:11:48.789+0000] {logging_mixin.py:188} INFO - [2025-11-12T19:11:48.789+0000] {dag.py:3954} INFO - Setting next_dagrun for example_branch_operator to 2025-11-11 00:00:00+00:00, run_after=2025-11-12 00:00:00+00:00
[2025-11-12T19:11:48.810+0000] {processor.py:183} INFO - Processing /home/airflow/.local/lib/python3.12/site-packages/airflow/example_dags/example_branch_operator.py took 0.088 seconds
[2025-11-12T19:12:19.812+0000] {processor.py:161} INFO - Started process (PID=815) to work on /home/airflow/.local/lib/python3.12/site-packages/airflow/example_dags/example_branch_operator.py
[2025-11-12T19:12:19.814+0000] {processor.py:830} INFO - Processing file /home/airflow/.local/lib/python3.12/site-packages/airflow/example_dags/example_branch_operator.py for tasks to queue
[2025-11-12T19:12:19.815+0000] {logging_mixin.py:188} INFO - [2025-11-12T19:12:19.814+0000] {dagbag.py:545} INFO - Filling up the DagBag from /home/airflow/.local/lib/python3.12/site-packages/airflow/example_dags/example_branch_operator.py
[2025-11-12T19:12:19.827+0000] {processor.py:840} INFO - DAG(s) 'example_branch_operator' retrieved from /home/airflow/.local/lib/python3.12/site-packages/airflow/example_dags/example_branch_operator.py
[2025-11-12T19:12:19.857+0000] {logging_mixin.py:188} INFO - [2025-11-12T19:12:19.857+0000] {dag.py:3096} INFO - Sync 1 DAGs
[2025-11-12T19:12:19.877+0000] {logging_mixin.py:188} INFO - [2025-11-12T19:12:19.877+0000] {dag.py:3954} INFO - Setting next_dagrun for example_branch_operator to 2025-11-11 00:00:00+00:00, run_after=2025-11-12 00:00:00+00:00
[2025-11-12T19:12:19.898+0000] {processor.py:183} INFO - Processing /home/airflow/.local/lib/python3.12/site-packages/airflow/example_dags/example_branch_operator.py took 0.091 seconds
[2025-11-12T19:12:50.147+0000] {processor.py:161} INFO - Started process (PID=874) to work on /home/airflow/.local/lib/python3.12/site-packages/airflow/example_dags/example_branch_operator.py
[2025-11-12T19:12:50.148+0000] {processor.py:830} INFO - Processing file /home/airflow/.local/lib/python3.12/site-packages/airflow/example_dags/example_branch_operator.py for tasks to queue
[2025-11-12T19:12:50.149+0000] {logging_mixin.py:188} INFO - [2025-11-12T19:12:50.149+0000] {dagbag.py:545} INFO - Filling up the DagBag from /home/airflow/.local/lib/python3.12/site-packages/airflow/example_dags/example_branch_operator.py
[2025-11-12T19:12:50.161+0000] {processor.py:840} INFO - DAG(s) 'example_branch_operator' retrieved from /home/airflow/.local/lib/python3.12/site-packages/airflow/example_dags/example_branch_operator.py
[2025-11-12T19:12:50.190+0000] {logging_mixin.py:188} INFO - [2025-11-12T19:12:50.190+0000] {dag.py:3096} INFO - Sync 1 DAGs
[2025-11-12T19:12:50.213+0000] {logging_mixin.py:188} INFO - [2025-11-12T19:12:50.213+0000] {dag.py:3954} INFO - Setting next_dagrun for example_branch_operator to 2025-11-11 00:00:00+00:00, run_after=2025-11-12 00:00:00+00:00
[2025-11-12T19:12:50.235+0000] {processor.py:183} INFO - Processing /home/airflow/.local/lib/python3.12/site-packages/airflow/example_dags/example_branch_operator.py took 0.093 seconds
[2025-11-12T19:13:20.656+0000] {processor.py:161} INFO - Started process (PID=935) to work on /home/airflow/.local/lib/python3.12/site-packages/airflow/example_dags/example_branch_operator.py
[2025-11-12T19:13:20.657+0000] {processor.py:830} INFO - Processing file /home/airflow/.local/lib/python3.12/site-packages/airflow/example_dags/example_branch_operator.py for tasks to queue
[2025-11-12T19:13:20.658+0000] {logging_mixin.py:188} INFO - [2025-11-12T19:13:20.658+0000] {dagbag.py:545} INFO - Filling up the DagBag from /home/airflow/.local/lib/python3.12/site-packages/airflow/example_dags/example_branch_operator.py
[2025-11-12T19:13:20.670+0000] {processor.py:840} INFO - DAG(s) 'example_branch_operator' retrieved from /home/airflow/.local/lib/python3.12/site-packages/airflow/example_dags/example_branch_operator.py
[2025-11-12T19:13:20.696+0000] {logging_mixin.py:188} INFO - [2025-11-12T19:13:20.696+0000] {dag.py:3096} INFO - Sync 1 DAGs
[2025-11-12T19:13:20.713+0000] {logging_mixin.py:188} INFO - [2025-11-12T19:13:20.713+0000] {dag.py:3954} INFO - Setting next_dagrun for example_branch_operator to 2025-11-11 00:00:00+00:00, run_after=2025-11-12 00:00:00+00:00
[2025-11-12T19:13:20.735+0000] {processor.py:183} INFO - Processing /home/airflow/.local/lib/python3.12/site-packages/airflow/example_dags/example_branch_operator.py took 0.083 seconds
[2025-11-12T19:13:50.907+0000] {processor.py:161} INFO - Started process (PID=995) to work on /home/airflow/.local/lib/python3.12/site-packages/airflow/example_dags/example_branch_operator.py
[2025-11-12T19:13:50.909+0000] {processor.py:830} INFO - Processing file /home/airflow/.local/lib/python3.12/site-packages/airflow/example_dags/example_branch_operator.py for tasks to queue
[2025-11-12T19:13:50.910+0000] {logging_mixin.py:188} INFO - [2025-11-12T19:13:50.910+0000] {dagbag.py:545} INFO - Filling up the DagBag from /home/airflow/.local/lib/python3.12/site-packages/airflow/example_dags/example_branch_operator.py
[2025-11-12T19:13:50.929+0000] {processor.py:840} INFO - DAG(s) 'example_branch_operator' retrieved from /home/airflow/.local/lib/python3.12/site-packages/airflow/example_dags/example_branch_operator.py
[2025-11-12T19:13:50.958+0000] {logging_mixin.py:188} INFO - [2025-11-12T19:13:50.958+0000] {dag.py:3096} INFO - Sync 1 DAGs
[2025-11-12T19:13:50.978+0000] {logging_mixin.py:188} INFO - [2025-11-12T19:13:50.978+0000] {dag.py:3954} INFO - Setting next_dagrun for example_branch_operator to 2025-11-11 00:00:00+00:00, run_after=2025-11-12 00:00:00+00:00
[2025-11-12T19:13:50.997+0000] {processor.py:183} INFO - Processing /home/airflow/.local/lib/python3.12/site-packages/airflow/example_dags/example_branch_operator.py took 0.096 seconds
[2025-11-12T19:14:21.244+0000] {processor.py:161} INFO - Started process (PID=1055) to work on /home/airflow/.local/lib/python3.12/site-packages/airflow/example_dags/example_branch_operator.py
[2025-11-12T19:14:21.246+0000] {processor.py:830} INFO - Processing file /home/airflow/.local/lib/python3.12/site-packages/airflow/example_dags/example_branch_operator.py for tasks to queue
[2025-11-12T19:14:21.247+0000] {logging_mixin.py:188} INFO - [2025-11-12T19:14:21.246+0000] {dagbag.py:545} INFO - Filling up the DagBag from /home/airflow/.local/lib/python3.12/site-packages/airflow/example_dags/example_branch_operator.py
[2025-11-12T19:14:21.261+0000] {processor.py:840} INFO - DAG(s) 'example_branch_operator' retrieved from /home/airflow/.local/lib/python3.12/site-packages/airflow/example_dags/example_branch_operator.py
[2025-11-12T19:14:21.291+0000] {logging_mixin.py:188} INFO - [2025-11-12T19:14:21.291+0000] {dag.py:3096} INFO - Sync 1 DAGs
[2025-11-12T19:14:21.310+0000] {logging_mixin.py:188} INFO - [2025-11-12T19:14:21.309+0000] {dag.py:3954} INFO - Setting next_dagrun for example_branch_operator to 2025-11-11 00:00:00+00:00, run_after=2025-11-12 00:00:00+00:00
[2025-11-12T19:14:21.332+0000] {processor.py:183} INFO - Processing /home/airflow/.local/lib/python3.12/site-packages/airflow/example_dags/example_branch_operator.py took 0.092 seconds
[2025-11-12T19:14:52.053+0000] {processor.py:161} INFO - Started process (PID=1115) to work on /home/airflow/.local/lib/python3.12/site-packages/airflow/example_dags/example_branch_operator.py
[2025-11-12T19:14:52.054+0000] {processor.py:830} INFO - Processing file /home/airflow/.local/lib/python3.12/site-packages/airflow/example_dags/example_branch_operator.py for tasks to queue
[2025-11-12T19:14:52.055+0000] {logging_mixin.py:188} INFO - [2025-11-12T19:14:52.054+0000] {dagbag.py:545} INFO - Filling up the DagBag from /home/airflow/.local/lib/python3.12/site-packages/airflow/example_dags/example_branch_operator.py
[2025-11-12T19:14:52.067+0000] {processor.py:840} INFO - DAG(s) 'example_branch_operator' retrieved from /home/airflow/.local/lib/python3.12/site-packages/airflow/example_dags/example_branch_operator.py
[2025-11-12T19:14:52.094+0000] {logging_mixin.py:188} INFO - [2025-11-12T19:14:52.094+0000] {dag.py:3096} INFO - Sync 1 DAGs
[2025-11-12T19:14:52.114+0000] {logging_mixin.py:188} INFO - [2025-11-12T19:14:52.114+0000] {dag.py:3954} INFO - Setting next_dagrun for example_branch_operator to 2025-11-11 00:00:00+00:00, run_after=2025-11-12 00:00:00+00:00
[2025-11-12T19:14:52.382+0000] {processor.py:183} INFO - Processing /home/airflow/.local/lib/python3.12/site-packages/airflow/example_dags/example_branch_operator.py took 0.334 seconds
[2025-11-12T19:15:23.186+0000] {processor.py:161} INFO - Started process (PID=1175) to work on /home/airflow/.local/lib/python3.12/site-packages/airflow/example_dags/example_branch_operator.py
[2025-11-12T19:15:23.187+0000] {processor.py:830} INFO - Processing file /home/airflow/.local/lib/python3.12/site-packages/airflow/example_dags/example_branch_operator.py for tasks to queue
[2025-11-12T19:15:23.188+0000] {logging_mixin.py:188} INFO - [2025-11-12T19:15:23.188+0000] {dagbag.py:545} INFO - Filling up the DagBag from /home/airflow/.local/lib/python3.12/site-packages/airflow/example_dags/example_branch_operator.py
[2025-11-12T19:15:23.202+0000] {processor.py:840} INFO - DAG(s) 'example_branch_operator' retrieved from /home/airflow/.local/lib/python3.12/site-packages/airflow/example_dags/example_branch_operator.py
[2025-11-12T19:15:23.229+0000] {logging_mixin.py:188} INFO - [2025-11-12T19:15:23.229+0000] {dag.py:3096} INFO - Sync 1 DAGs
[2025-11-12T19:15:23.250+0000] {logging_mixin.py:188} INFO - [2025-11-12T19:15:23.250+0000] {dag.py:3954} INFO - Setting next_dagrun for example_branch_operator to 2025-11-11 00:00:00+00:00, run_after=2025-11-12 00:00:00+00:00
[2025-11-12T19:15:23.272+0000] {processor.py:183} INFO - Processing /home/airflow/.local/lib/python3.12/site-packages/airflow/example_dags/example_branch_operator.py took 0.090 seconds
[2025-11-12T19:15:53.645+0000] {processor.py:161} INFO - Started process (PID=1235) to work on /home/airflow/.local/lib/python3.12/site-packages/airflow/example_dags/example_branch_operator.py
[2025-11-12T19:15:53.647+0000] {processor.py:830} INFO - Processing file /home/airflow/.local/lib/python3.12/site-packages/airflow/example_dags/example_branch_operator.py for tasks to queue
[2025-11-12T19:15:53.648+0000] {logging_mixin.py:188} INFO - [2025-11-12T19:15:53.647+0000] {dagbag.py:545} INFO - Filling up the DagBag from /home/airflow/.local/lib/python3.12/site-packages/airflow/example_dags/example_branch_operator.py
[2025-11-12T19:15:53.666+0000] {processor.py:840} INFO - DAG(s) 'example_branch_operator' retrieved from /home/airflow/.local/lib/python3.12/site-packages/airflow/example_dags/example_branch_operator.py
[2025-11-12T19:15:53.700+0000] {logging_mixin.py:188} INFO - [2025-11-12T19:15:53.699+0000] {dag.py:3096} INFO - Sync 1 DAGs
[2025-11-12T19:15:53.729+0000] {logging_mixin.py:188} INFO - [2025-11-12T19:15:53.729+0000] {dag.py:3954} INFO - Setting next_dagrun for example_branch_operator to 2025-11-11 00:00:00+00:00, run_after=2025-11-12 00:00:00+00:00
[2025-11-12T19:15:53.755+0000] {processor.py:183} INFO - Processing /home/airflow/.local/lib/python3.12/site-packages/airflow/example_dags/example_branch_operator.py took 0.114 seconds
[2025-11-12T19:16:57.567+0000] {processor.py:161} INFO - Started process (PID=92) to work on /home/airflow/.local/lib/python3.12/site-packages/airflow/example_dags/example_branch_operator.py
[2025-11-12T19:16:57.568+0000] {processor.py:830} INFO - Processing file /home/airflow/.local/lib/python3.12/site-packages/airflow/example_dags/example_branch_operator.py for tasks to queue
[2025-11-12T19:16:57.571+0000] {logging_mixin.py:188} INFO - [2025-11-12T19:16:57.570+0000] {dagbag.py:545} INFO - Filling up the DagBag from /home/airflow/.local/lib/python3.12/site-packages/airflow/example_dags/example_branch_operator.py
[2025-11-12T19:16:57.593+0000] {processor.py:840} INFO - DAG(s) 'example_branch_operator' retrieved from /home/airflow/.local/lib/python3.12/site-packages/airflow/example_dags/example_branch_operator.py
[2025-11-12T19:16:57.734+0000] {logging_mixin.py:188} INFO - [2025-11-12T19:16:57.733+0000] {dag.py:3096} INFO - Sync 1 DAGs
[2025-11-12T19:16:57.756+0000] {logging_mixin.py:188} INFO - [2025-11-12T19:16:57.755+0000] {dag.py:3954} INFO - Setting next_dagrun for example_branch_operator to 2025-11-11 00:00:00+00:00, run_after=2025-11-12 00:00:00+00:00
[2025-11-12T19:16:57.785+0000] {processor.py:183} INFO - Processing /home/airflow/.local/lib/python3.12/site-packages/airflow/example_dags/example_branch_operator.py took 0.223 seconds
[2025-11-12T19:17:27.842+0000] {processor.py:161} INFO - Started process (PID=152) to work on /home/airflow/.local/lib/python3.12/site-packages/airflow/example_dags/example_branch_operator.py
[2025-11-12T19:17:27.843+0000] {processor.py:830} INFO - Processing file /home/airflow/.local/lib/python3.12/site-packages/airflow/example_dags/example_branch_operator.py for tasks to queue
[2025-11-12T19:17:27.845+0000] {logging_mixin.py:188} INFO - [2025-11-12T19:17:27.845+0000] {dagbag.py:545} INFO - Filling up the DagBag from /home/airflow/.local/lib/python3.12/site-packages/airflow/example_dags/example_branch_operator.py
[2025-11-12T19:17:27.862+0000] {processor.py:840} INFO - DAG(s) 'example_branch_operator' retrieved from /home/airflow/.local/lib/python3.12/site-packages/airflow/example_dags/example_branch_operator.py
[2025-11-12T19:17:27.890+0000] {logging_mixin.py:188} INFO - [2025-11-12T19:17:27.890+0000] {dag.py:3096} INFO - Sync 1 DAGs
[2025-11-12T19:17:27.910+0000] {logging_mixin.py:188} INFO - [2025-11-12T19:17:27.909+0000] {dag.py:3954} INFO - Setting next_dagrun for example_branch_operator to 2025-11-11 00:00:00+00:00, run_after=2025-11-12 00:00:00+00:00
[2025-11-12T19:17:27.939+0000] {processor.py:183} INFO - Processing /home/airflow/.local/lib/python3.12/site-packages/airflow/example_dags/example_branch_operator.py took 0.102 seconds
[2025-11-12T19:17:58.049+0000] {processor.py:161} INFO - Started process (PID=212) to work on /home/airflow/.local/lib/python3.12/site-packages/airflow/example_dags/example_branch_operator.py
[2025-11-12T19:17:58.050+0000] {processor.py:830} INFO - Processing file /home/airflow/.local/lib/python3.12/site-packages/airflow/example_dags/example_branch_operator.py for tasks to queue
[2025-11-12T19:17:58.052+0000] {logging_mixin.py:188} INFO - [2025-11-12T19:17:58.052+0000] {dagbag.py:545} INFO - Filling up the DagBag from /home/airflow/.local/lib/python3.12/site-packages/airflow/example_dags/example_branch_operator.py
[2025-11-12T19:17:58.066+0000] {processor.py:840} INFO - DAG(s) 'example_branch_operator' retrieved from /home/airflow/.local/lib/python3.12/site-packages/airflow/example_dags/example_branch_operator.py
[2025-11-12T19:17:58.095+0000] {logging_mixin.py:188} INFO - [2025-11-12T19:17:58.094+0000] {dag.py:3096} INFO - Sync 1 DAGs
[2025-11-12T19:17:58.116+0000] {logging_mixin.py:188} INFO - [2025-11-12T19:17:58.115+0000] {dag.py:3954} INFO - Setting next_dagrun for example_branch_operator to 2025-11-11 00:00:00+00:00, run_after=2025-11-12 00:00:00+00:00
[2025-11-12T19:17:58.136+0000] {processor.py:183} INFO - Processing /home/airflow/.local/lib/python3.12/site-packages/airflow/example_dags/example_branch_operator.py took 0.091 seconds
[2025-11-12T19:18:29.311+0000] {processor.py:161} INFO - Started process (PID=272) to work on /home/airflow/.local/lib/python3.12/site-packages/airflow/example_dags/example_branch_operator.py
[2025-11-12T19:18:29.312+0000] {processor.py:830} INFO - Processing file /home/airflow/.local/lib/python3.12/site-packages/airflow/example_dags/example_branch_operator.py for tasks to queue
[2025-11-12T19:18:29.313+0000] {logging_mixin.py:188} INFO - [2025-11-12T19:18:29.313+0000] {dagbag.py:545} INFO - Filling up the DagBag from /home/airflow/.local/lib/python3.12/site-packages/airflow/example_dags/example_branch_operator.py
[2025-11-12T19:18:29.326+0000] {processor.py:840} INFO - DAG(s) 'example_branch_operator' retrieved from /home/airflow/.local/lib/python3.12/site-packages/airflow/example_dags/example_branch_operator.py
[2025-11-12T19:18:29.352+0000] {logging_mixin.py:188} INFO - [2025-11-12T19:18:29.351+0000] {dag.py:3096} INFO - Sync 1 DAGs
[2025-11-12T19:18:29.376+0000] {logging_mixin.py:188} INFO - [2025-11-12T19:18:29.375+0000] {dag.py:3954} INFO - Setting next_dagrun for example_branch_operator to 2025-11-11 00:00:00+00:00, run_after=2025-11-12 00:00:00+00:00
[2025-11-12T19:18:29.394+0000] {processor.py:183} INFO - Processing /home/airflow/.local/lib/python3.12/site-packages/airflow/example_dags/example_branch_operator.py took 0.088 seconds
[2025-11-12T19:18:59.801+0000] {processor.py:161} INFO - Started process (PID=333) to work on /home/airflow/.local/lib/python3.12/site-packages/airflow/example_dags/example_branch_operator.py
[2025-11-12T19:18:59.803+0000] {processor.py:830} INFO - Processing file /home/airflow/.local/lib/python3.12/site-packages/airflow/example_dags/example_branch_operator.py for tasks to queue
[2025-11-12T19:18:59.805+0000] {logging_mixin.py:188} INFO - [2025-11-12T19:18:59.805+0000] {dagbag.py:545} INFO - Filling up the DagBag from /home/airflow/.local/lib/python3.12/site-packages/airflow/example_dags/example_branch_operator.py
[2025-11-12T19:18:59.826+0000] {processor.py:840} INFO - DAG(s) 'example_branch_operator' retrieved from /home/airflow/.local/lib/python3.12/site-packages/airflow/example_dags/example_branch_operator.py
[2025-11-12T19:18:59.858+0000] {logging_mixin.py:188} INFO - [2025-11-12T19:18:59.857+0000] {dag.py:3096} INFO - Sync 1 DAGs
[2025-11-12T19:18:59.881+0000] {logging_mixin.py:188} INFO - [2025-11-12T19:18:59.881+0000] {dag.py:3954} INFO - Setting next_dagrun for example_branch_operator to 2025-11-11 00:00:00+00:00, run_after=2025-11-12 00:00:00+00:00
[2025-11-12T19:18:59.911+0000] {processor.py:183} INFO - Processing /home/airflow/.local/lib/python3.12/site-packages/airflow/example_dags/example_branch_operator.py took 0.115 seconds
[2025-11-12T19:19:30.844+0000] {processor.py:161} INFO - Started process (PID=393) to work on /home/airflow/.local/lib/python3.12/site-packages/airflow/example_dags/example_branch_operator.py
[2025-11-12T19:19:30.845+0000] {processor.py:830} INFO - Processing file /home/airflow/.local/lib/python3.12/site-packages/airflow/example_dags/example_branch_operator.py for tasks to queue
[2025-11-12T19:19:30.848+0000] {logging_mixin.py:188} INFO - [2025-11-12T19:19:30.847+0000] {dagbag.py:545} INFO - Filling up the DagBag from /home/airflow/.local/lib/python3.12/site-packages/airflow/example_dags/example_branch_operator.py
[2025-11-12T19:19:30.861+0000] {processor.py:840} INFO - DAG(s) 'example_branch_operator' retrieved from /home/airflow/.local/lib/python3.12/site-packages/airflow/example_dags/example_branch_operator.py
[2025-11-12T19:19:30.892+0000] {logging_mixin.py:188} INFO - [2025-11-12T19:19:30.891+0000] {dag.py:3096} INFO - Sync 1 DAGs
[2025-11-12T19:19:30.918+0000] {logging_mixin.py:188} INFO - [2025-11-12T19:19:30.918+0000] {dag.py:3954} INFO - Setting next_dagrun for example_branch_operator to 2025-11-11 00:00:00+00:00, run_after=2025-11-12 00:00:00+00:00
[2025-11-12T19:19:30.943+0000] {processor.py:183} INFO - Processing /home/airflow/.local/lib/python3.12/site-packages/airflow/example_dags/example_branch_operator.py took 0.103 seconds
[2025-11-12T19:20:01.572+0000] {processor.py:161} INFO - Started process (PID=453) to work on /home/airflow/.local/lib/python3.12/site-packages/airflow/example_dags/example_branch_operator.py
[2025-11-12T19:20:01.573+0000] {processor.py:830} INFO - Processing file /home/airflow/.local/lib/python3.12/site-packages/airflow/example_dags/example_branch_operator.py for tasks to queue
[2025-11-12T19:20:01.576+0000] {logging_mixin.py:188} INFO - [2025-11-12T19:20:01.575+0000] {dagbag.py:545} INFO - Filling up the DagBag from /home/airflow/.local/lib/python3.12/site-packages/airflow/example_dags/example_branch_operator.py
[2025-11-12T19:20:01.591+0000] {processor.py:840} INFO - DAG(s) 'example_branch_operator' retrieved from /home/airflow/.local/lib/python3.12/site-packages/airflow/example_dags/example_branch_operator.py
[2025-11-12T19:20:01.626+0000] {logging_mixin.py:188} INFO - [2025-11-12T19:20:01.625+0000] {dag.py:3096} INFO - Sync 1 DAGs
[2025-11-12T19:20:01.657+0000] {logging_mixin.py:188} INFO - [2025-11-12T19:20:01.657+0000] {dag.py:3954} INFO - Setting next_dagrun for example_branch_operator to 2025-11-11 00:00:00+00:00, run_after=2025-11-12 00:00:00+00:00
[2025-11-12T19:20:01.683+0000] {processor.py:183} INFO - Processing /home/airflow/.local/lib/python3.12/site-packages/airflow/example_dags/example_branch_operator.py took 0.115 seconds
[2025-11-12T19:20:32.649+0000] {processor.py:161} INFO - Started process (PID=514) to work on /home/airflow/.local/lib/python3.12/site-packages/airflow/example_dags/example_branch_operator.py
[2025-11-12T19:20:32.651+0000] {processor.py:830} INFO - Processing file /home/airflow/.local/lib/python3.12/site-packages/airflow/example_dags/example_branch_operator.py for tasks to queue
[2025-11-12T19:20:32.654+0000] {logging_mixin.py:188} INFO - [2025-11-12T19:20:32.654+0000] {dagbag.py:545} INFO - Filling up the DagBag from /home/airflow/.local/lib/python3.12/site-packages/airflow/example_dags/example_branch_operator.py
[2025-11-12T19:20:32.674+0000] {processor.py:840} INFO - DAG(s) 'example_branch_operator' retrieved from /home/airflow/.local/lib/python3.12/site-packages/airflow/example_dags/example_branch_operator.py
[2025-11-12T19:20:32.709+0000] {logging_mixin.py:188} INFO - [2025-11-12T19:20:32.708+0000] {dag.py:3096} INFO - Sync 1 DAGs
[2025-11-12T19:20:32.735+0000] {logging_mixin.py:188} INFO - [2025-11-12T19:20:32.735+0000] {dag.py:3954} INFO - Setting next_dagrun for example_branch_operator to 2025-11-11 00:00:00+00:00, run_after=2025-11-12 00:00:00+00:00
[2025-11-12T19:20:32.763+0000] {processor.py:183} INFO - Processing /home/airflow/.local/lib/python3.12/site-packages/airflow/example_dags/example_branch_operator.py took 0.121 seconds
[2025-11-12T19:21:02.837+0000] {processor.py:161} INFO - Started process (PID=573) to work on /home/airflow/.local/lib/python3.12/site-packages/airflow/example_dags/example_branch_operator.py
[2025-11-12T19:21:02.838+0000] {processor.py:830} INFO - Processing file /home/airflow/.local/lib/python3.12/site-packages/airflow/example_dags/example_branch_operator.py for tasks to queue
[2025-11-12T19:21:02.840+0000] {logging_mixin.py:188} INFO - [2025-11-12T19:21:02.840+0000] {dagbag.py:545} INFO - Filling up the DagBag from /home/airflow/.local/lib/python3.12/site-packages/airflow/example_dags/example_branch_operator.py
[2025-11-12T19:21:02.853+0000] {processor.py:840} INFO - DAG(s) 'example_branch_operator' retrieved from /home/airflow/.local/lib/python3.12/site-packages/airflow/example_dags/example_branch_operator.py
[2025-11-12T19:21:02.880+0000] {logging_mixin.py:188} INFO - [2025-11-12T19:21:02.879+0000] {dag.py:3096} INFO - Sync 1 DAGs
[2025-11-12T19:21:02.898+0000] {logging_mixin.py:188} INFO - [2025-11-12T19:21:02.898+0000] {dag.py:3954} INFO - Setting next_dagrun for example_branch_operator to 2025-11-11 00:00:00+00:00, run_after=2025-11-12 00:00:00+00:00
[2025-11-12T19:21:02.922+0000] {processor.py:183} INFO - Processing /home/airflow/.local/lib/python3.12/site-packages/airflow/example_dags/example_branch_operator.py took 0.090 seconds
[2025-11-12T19:21:33.009+0000] {processor.py:161} INFO - Started process (PID=633) to work on /home/airflow/.local/lib/python3.12/site-packages/airflow/example_dags/example_branch_operator.py
[2025-11-12T19:21:33.010+0000] {processor.py:830} INFO - Processing file /home/airflow/.local/lib/python3.12/site-packages/airflow/example_dags/example_branch_operator.py for tasks to queue
[2025-11-12T19:21:33.012+0000] {logging_mixin.py:188} INFO - [2025-11-12T19:21:33.011+0000] {dagbag.py:545} INFO - Filling up the DagBag from /home/airflow/.local/lib/python3.12/site-packages/airflow/example_dags/example_branch_operator.py
[2025-11-12T19:21:33.024+0000] {processor.py:840} INFO - DAG(s) 'example_branch_operator' retrieved from /home/airflow/.local/lib/python3.12/site-packages/airflow/example_dags/example_branch_operator.py
[2025-11-12T19:21:33.049+0000] {logging_mixin.py:188} INFO - [2025-11-12T19:21:33.048+0000] {dag.py:3096} INFO - Sync 1 DAGs
[2025-11-12T19:21:33.065+0000] {logging_mixin.py:188} INFO - [2025-11-12T19:21:33.065+0000] {dag.py:3954} INFO - Setting next_dagrun for example_branch_operator to 2025-11-11 00:00:00+00:00, run_after=2025-11-12 00:00:00+00:00
[2025-11-12T19:21:33.087+0000] {processor.py:183} INFO - Processing /home/airflow/.local/lib/python3.12/site-packages/airflow/example_dags/example_branch_operator.py took 0.083 seconds
[2025-11-12T19:22:03.373+0000] {processor.py:161} INFO - Started process (PID=693) to work on /home/airflow/.local/lib/python3.12/site-packages/airflow/example_dags/example_branch_operator.py
[2025-11-12T19:22:03.374+0000] {processor.py:830} INFO - Processing file /home/airflow/.local/lib/python3.12/site-packages/airflow/example_dags/example_branch_operator.py for tasks to queue
[2025-11-12T19:22:03.376+0000] {logging_mixin.py:188} INFO - [2025-11-12T19:22:03.376+0000] {dagbag.py:545} INFO - Filling up the DagBag from /home/airflow/.local/lib/python3.12/site-packages/airflow/example_dags/example_branch_operator.py
[2025-11-12T19:22:03.388+0000] {processor.py:840} INFO - DAG(s) 'example_branch_operator' retrieved from /home/airflow/.local/lib/python3.12/site-packages/airflow/example_dags/example_branch_operator.py
[2025-11-12T19:22:03.412+0000] {logging_mixin.py:188} INFO - [2025-11-12T19:22:03.411+0000] {dag.py:3096} INFO - Sync 1 DAGs
[2025-11-12T19:22:03.429+0000] {logging_mixin.py:188} INFO - [2025-11-12T19:22:03.429+0000] {dag.py:3954} INFO - Setting next_dagrun for example_branch_operator to 2025-11-11 00:00:00+00:00, run_after=2025-11-12 00:00:00+00:00
[2025-11-12T19:22:03.445+0000] {processor.py:183} INFO - Processing /home/airflow/.local/lib/python3.12/site-packages/airflow/example_dags/example_branch_operator.py took 0.076 seconds
[2025-11-12T19:22:33.746+0000] {processor.py:161} INFO - Started process (PID=754) to work on /home/airflow/.local/lib/python3.12/site-packages/airflow/example_dags/example_branch_operator.py
[2025-11-12T19:22:33.747+0000] {processor.py:830} INFO - Processing file /home/airflow/.local/lib/python3.12/site-packages/airflow/example_dags/example_branch_operator.py for tasks to queue
[2025-11-12T19:22:33.749+0000] {logging_mixin.py:188} INFO - [2025-11-12T19:22:33.749+0000] {dagbag.py:545} INFO - Filling up the DagBag from /home/airflow/.local/lib/python3.12/site-packages/airflow/example_dags/example_branch_operator.py
[2025-11-12T19:22:33.761+0000] {processor.py:840} INFO - DAG(s) 'example_branch_operator' retrieved from /home/airflow/.local/lib/python3.12/site-packages/airflow/example_dags/example_branch_operator.py
[2025-11-12T19:22:33.785+0000] {logging_mixin.py:188} INFO - [2025-11-12T19:22:33.785+0000] {dag.py:3096} INFO - Sync 1 DAGs
[2025-11-12T19:22:33.802+0000] {logging_mixin.py:188} INFO - [2025-11-12T19:22:33.801+0000] {dag.py:3954} INFO - Setting next_dagrun for example_branch_operator to 2025-11-11 00:00:00+00:00, run_after=2025-11-12 00:00:00+00:00
[2025-11-12T19:22:33.824+0000] {processor.py:183} INFO - Processing /home/airflow/.local/lib/python3.12/site-packages/airflow/example_dags/example_branch_operator.py took 0.082 seconds
[2025-11-12T19:23:03.971+0000] {processor.py:161} INFO - Started process (PID=814) to work on /home/airflow/.local/lib/python3.12/site-packages/airflow/example_dags/example_branch_operator.py
[2025-11-12T19:23:03.972+0000] {processor.py:830} INFO - Processing file /home/airflow/.local/lib/python3.12/site-packages/airflow/example_dags/example_branch_operator.py for tasks to queue
[2025-11-12T19:23:03.974+0000] {logging_mixin.py:188} INFO - [2025-11-12T19:23:03.974+0000] {dagbag.py:545} INFO - Filling up the DagBag from /home/airflow/.local/lib/python3.12/site-packages/airflow/example_dags/example_branch_operator.py
[2025-11-12T19:23:03.986+0000] {processor.py:840} INFO - DAG(s) 'example_branch_operator' retrieved from /home/airflow/.local/lib/python3.12/site-packages/airflow/example_dags/example_branch_operator.py
[2025-11-12T19:23:04.009+0000] {logging_mixin.py:188} INFO - [2025-11-12T19:23:04.009+0000] {dag.py:3096} INFO - Sync 1 DAGs
[2025-11-12T19:23:04.026+0000] {logging_mixin.py:188} INFO - [2025-11-12T19:23:04.026+0000] {dag.py:3954} INFO - Setting next_dagrun for example_branch_operator to 2025-11-11 00:00:00+00:00, run_after=2025-11-12 00:00:00+00:00
[2025-11-12T19:23:04.044+0000] {processor.py:183} INFO - Processing /home/airflow/.local/lib/python3.12/site-packages/airflow/example_dags/example_branch_operator.py took 0.078 seconds
[2025-11-12T19:23:34.326+0000] {processor.py:161} INFO - Started process (PID=874) to work on /home/airflow/.local/lib/python3.12/site-packages/airflow/example_dags/example_branch_operator.py
[2025-11-12T19:23:34.327+0000] {processor.py:830} INFO - Processing file /home/airflow/.local/lib/python3.12/site-packages/airflow/example_dags/example_branch_operator.py for tasks to queue
[2025-11-12T19:23:34.329+0000] {logging_mixin.py:188} INFO - [2025-11-12T19:23:34.329+0000] {dagbag.py:545} INFO - Filling up the DagBag from /home/airflow/.local/lib/python3.12/site-packages/airflow/example_dags/example_branch_operator.py
[2025-11-12T19:23:34.342+0000] {processor.py:840} INFO - DAG(s) 'example_branch_operator' retrieved from /home/airflow/.local/lib/python3.12/site-packages/airflow/example_dags/example_branch_operator.py
[2025-11-12T19:23:34.366+0000] {logging_mixin.py:188} INFO - [2025-11-12T19:23:34.366+0000] {dag.py:3096} INFO - Sync 1 DAGs
[2025-11-12T19:23:34.384+0000] {logging_mixin.py:188} INFO - [2025-11-12T19:23:34.384+0000] {dag.py:3954} INFO - Setting next_dagrun for example_branch_operator to 2025-11-11 00:00:00+00:00, run_after=2025-11-12 00:00:00+00:00
[2025-11-12T19:23:34.406+0000] {processor.py:183} INFO - Processing /home/airflow/.local/lib/python3.12/site-packages/airflow/example_dags/example_branch_operator.py took 0.085 seconds
[2025-11-12T19:24:04.727+0000] {processor.py:161} INFO - Started process (PID=934) to work on /home/airflow/.local/lib/python3.12/site-packages/airflow/example_dags/example_branch_operator.py
[2025-11-12T19:24:04.728+0000] {processor.py:830} INFO - Processing file /home/airflow/.local/lib/python3.12/site-packages/airflow/example_dags/example_branch_operator.py for tasks to queue
[2025-11-12T19:24:04.730+0000] {logging_mixin.py:188} INFO - [2025-11-12T19:24:04.729+0000] {dagbag.py:545} INFO - Filling up the DagBag from /home/airflow/.local/lib/python3.12/site-packages/airflow/example_dags/example_branch_operator.py
[2025-11-12T19:24:04.742+0000] {processor.py:840} INFO - DAG(s) 'example_branch_operator' retrieved from /home/airflow/.local/lib/python3.12/site-packages/airflow/example_dags/example_branch_operator.py
[2025-11-12T19:24:04.766+0000] {logging_mixin.py:188} INFO - [2025-11-12T19:24:04.766+0000] {dag.py:3096} INFO - Sync 1 DAGs
[2025-11-12T19:24:04.805+0000] {logging_mixin.py:188} INFO - [2025-11-12T19:24:04.805+0000] {dag.py:3954} INFO - Setting next_dagrun for example_branch_operator to 2025-11-11 00:00:00+00:00, run_after=2025-11-12 00:00:00+00:00
[2025-11-12T19:24:04.841+0000] {processor.py:183} INFO - Processing /home/airflow/.local/lib/python3.12/site-packages/airflow/example_dags/example_branch_operator.py took 0.119 seconds
[2025-11-12T19:24:35.877+0000] {processor.py:161} INFO - Started process (PID=994) to work on /home/airflow/.local/lib/python3.12/site-packages/airflow/example_dags/example_branch_operator.py
[2025-11-12T19:24:35.878+0000] {processor.py:830} INFO - Processing file /home/airflow/.local/lib/python3.12/site-packages/airflow/example_dags/example_branch_operator.py for tasks to queue
[2025-11-12T19:24:35.880+0000] {logging_mixin.py:188} INFO - [2025-11-12T19:24:35.879+0000] {dagbag.py:545} INFO - Filling up the DagBag from /home/airflow/.local/lib/python3.12/site-packages/airflow/example_dags/example_branch_operator.py
[2025-11-12T19:24:35.894+0000] {processor.py:840} INFO - DAG(s) 'example_branch_operator' retrieved from /home/airflow/.local/lib/python3.12/site-packages/airflow/example_dags/example_branch_operator.py
[2025-11-12T19:24:35.921+0000] {logging_mixin.py:188} INFO - [2025-11-12T19:24:35.920+0000] {dag.py:3096} INFO - Sync 1 DAGs
[2025-11-12T19:24:35.940+0000] {logging_mixin.py:188} INFO - [2025-11-12T19:24:35.940+0000] {dag.py:3954} INFO - Setting next_dagrun for example_branch_operator to 2025-11-11 00:00:00+00:00, run_after=2025-11-12 00:00:00+00:00
[2025-11-12T19:24:35.962+0000] {processor.py:183} INFO - Processing /home/airflow/.local/lib/python3.12/site-packages/airflow/example_dags/example_branch_operator.py took 0.089 seconds
[2025-11-12T19:25:06.232+0000] {processor.py:161} INFO - Started process (PID=1054) to work on /home/airflow/.local/lib/python3.12/site-packages/airflow/example_dags/example_branch_operator.py
[2025-11-12T19:25:06.235+0000] {processor.py:830} INFO - Processing file /home/airflow/.local/lib/python3.12/site-packages/airflow/example_dags/example_branch_operator.py for tasks to queue
[2025-11-12T19:25:06.242+0000] {logging_mixin.py:188} INFO - [2025-11-12T19:25:06.240+0000] {dagbag.py:545} INFO - Filling up the DagBag from /home/airflow/.local/lib/python3.12/site-packages/airflow/example_dags/example_branch_operator.py
[2025-11-12T19:25:06.266+0000] {processor.py:840} INFO - DAG(s) 'example_branch_operator' retrieved from /home/airflow/.local/lib/python3.12/site-packages/airflow/example_dags/example_branch_operator.py
[2025-11-12T19:25:06.298+0000] {logging_mixin.py:188} INFO - [2025-11-12T19:25:06.298+0000] {dag.py:3096} INFO - Sync 1 DAGs
[2025-11-12T19:25:06.319+0000] {logging_mixin.py:188} INFO - [2025-11-12T19:25:06.318+0000] {dag.py:3954} INFO - Setting next_dagrun for example_branch_operator to 2025-11-11 00:00:00+00:00, run_after=2025-11-12 00:00:00+00:00
[2025-11-12T19:25:06.356+0000] {processor.py:183} INFO - Processing /home/airflow/.local/lib/python3.12/site-packages/airflow/example_dags/example_branch_operator.py took 0.130 seconds
[2025-11-12T19:25:36.456+0000] {processor.py:161} INFO - Started process (PID=1114) to work on /home/airflow/.local/lib/python3.12/site-packages/airflow/example_dags/example_branch_operator.py
[2025-11-12T19:25:36.459+0000] {processor.py:830} INFO - Processing file /home/airflow/.local/lib/python3.12/site-packages/airflow/example_dags/example_branch_operator.py for tasks to queue
[2025-11-12T19:25:36.462+0000] {logging_mixin.py:188} INFO - [2025-11-12T19:25:36.462+0000] {dagbag.py:545} INFO - Filling up the DagBag from /home/airflow/.local/lib/python3.12/site-packages/airflow/example_dags/example_branch_operator.py
[2025-11-12T19:25:36.497+0000] {processor.py:840} INFO - DAG(s) 'example_branch_operator' retrieved from /home/airflow/.local/lib/python3.12/site-packages/airflow/example_dags/example_branch_operator.py
[2025-11-12T19:25:36.548+0000] {logging_mixin.py:188} INFO - [2025-11-12T19:25:36.547+0000] {dag.py:3096} INFO - Sync 1 DAGs
[2025-11-12T19:25:36.579+0000] {logging_mixin.py:188} INFO - [2025-11-12T19:25:36.579+0000] {dag.py:3954} INFO - Setting next_dagrun for example_branch_operator to 2025-11-11 00:00:00+00:00, run_after=2025-11-12 00:00:00+00:00
[2025-11-12T19:25:36.617+0000] {processor.py:183} INFO - Processing /home/airflow/.local/lib/python3.12/site-packages/airflow/example_dags/example_branch_operator.py took 0.167 seconds
[2025-11-12T19:26:06.766+0000] {processor.py:161} INFO - Started process (PID=1174) to work on /home/airflow/.local/lib/python3.12/site-packages/airflow/example_dags/example_branch_operator.py
[2025-11-12T19:26:06.767+0000] {processor.py:830} INFO - Processing file /home/airflow/.local/lib/python3.12/site-packages/airflow/example_dags/example_branch_operator.py for tasks to queue
[2025-11-12T19:26:06.770+0000] {logging_mixin.py:188} INFO - [2025-11-12T19:26:06.770+0000] {dagbag.py:545} INFO - Filling up the DagBag from /home/airflow/.local/lib/python3.12/site-packages/airflow/example_dags/example_branch_operator.py
[2025-11-12T19:26:06.785+0000] {processor.py:840} INFO - DAG(s) 'example_branch_operator' retrieved from /home/airflow/.local/lib/python3.12/site-packages/airflow/example_dags/example_branch_operator.py
[2025-11-12T19:26:06.815+0000] {logging_mixin.py:188} INFO - [2025-11-12T19:26:06.815+0000] {dag.py:3096} INFO - Sync 1 DAGs
[2025-11-12T19:26:06.835+0000] {logging_mixin.py:188} INFO - [2025-11-12T19:26:06.835+0000] {dag.py:3954} INFO - Setting next_dagrun for example_branch_operator to 2025-11-11 00:00:00+00:00, run_after=2025-11-12 00:00:00+00:00
[2025-11-12T19:26:06.876+0000] {processor.py:183} INFO - Processing /home/airflow/.local/lib/python3.12/site-packages/airflow/example_dags/example_branch_operator.py took 0.117 seconds
[2025-11-12T19:26:37.349+0000] {processor.py:161} INFO - Started process (PID=1235) to work on /home/airflow/.local/lib/python3.12/site-packages/airflow/example_dags/example_branch_operator.py
[2025-11-12T19:26:37.350+0000] {processor.py:830} INFO - Processing file /home/airflow/.local/lib/python3.12/site-packages/airflow/example_dags/example_branch_operator.py for tasks to queue
[2025-11-12T19:26:37.352+0000] {logging_mixin.py:188} INFO - [2025-11-12T19:26:37.352+0000] {dagbag.py:545} INFO - Filling up the DagBag from /home/airflow/.local/lib/python3.12/site-packages/airflow/example_dags/example_branch_operator.py
[2025-11-12T19:26:37.365+0000] {processor.py:840} INFO - DAG(s) 'example_branch_operator' retrieved from /home/airflow/.local/lib/python3.12/site-packages/airflow/example_dags/example_branch_operator.py
[2025-11-12T19:26:37.398+0000] {logging_mixin.py:188} INFO - [2025-11-12T19:26:37.398+0000] {dag.py:3096} INFO - Sync 1 DAGs
[2025-11-12T19:26:37.417+0000] {logging_mixin.py:188} INFO - [2025-11-12T19:26:37.417+0000] {dag.py:3954} INFO - Setting next_dagrun for example_branch_operator to 2025-11-11 00:00:00+00:00, run_after=2025-11-12 00:00:00+00:00
[2025-11-12T19:26:37.438+0000] {processor.py:183} INFO - Processing /home/airflow/.local/lib/python3.12/site-packages/airflow/example_dags/example_branch_operator.py took 0.094 seconds
[2025-11-12T19:27:07.784+0000] {processor.py:161} INFO - Started process (PID=1295) to work on /home/airflow/.local/lib/python3.12/site-packages/airflow/example_dags/example_branch_operator.py
[2025-11-12T19:27:07.786+0000] {processor.py:830} INFO - Processing file /home/airflow/.local/lib/python3.12/site-packages/airflow/example_dags/example_branch_operator.py for tasks to queue
[2025-11-12T19:27:07.790+0000] {logging_mixin.py:188} INFO - [2025-11-12T19:27:07.789+0000] {dagbag.py:545} INFO - Filling up the DagBag from /home/airflow/.local/lib/python3.12/site-packages/airflow/example_dags/example_branch_operator.py
[2025-11-12T19:27:07.818+0000] {processor.py:840} INFO - DAG(s) 'example_branch_operator' retrieved from /home/airflow/.local/lib/python3.12/site-packages/airflow/example_dags/example_branch_operator.py
[2025-11-12T19:27:07.861+0000] {logging_mixin.py:188} INFO - [2025-11-12T19:27:07.860+0000] {dag.py:3096} INFO - Sync 1 DAGs
[2025-11-12T19:27:07.893+0000] {logging_mixin.py:188} INFO - [2025-11-12T19:27:07.893+0000] {dag.py:3954} INFO - Setting next_dagrun for example_branch_operator to 2025-11-11 00:00:00+00:00, run_after=2025-11-12 00:00:00+00:00
[2025-11-12T19:27:07.937+0000] {processor.py:183} INFO - Processing /home/airflow/.local/lib/python3.12/site-packages/airflow/example_dags/example_branch_operator.py took 0.161 seconds
[2025-11-12T19:27:38.050+0000] {processor.py:161} INFO - Started process (PID=1355) to work on /home/airflow/.local/lib/python3.12/site-packages/airflow/example_dags/example_branch_operator.py
[2025-11-12T19:27:38.051+0000] {processor.py:830} INFO - Processing file /home/airflow/.local/lib/python3.12/site-packages/airflow/example_dags/example_branch_operator.py for tasks to queue
[2025-11-12T19:27:38.054+0000] {logging_mixin.py:188} INFO - [2025-11-12T19:27:38.053+0000] {dagbag.py:545} INFO - Filling up the DagBag from /home/airflow/.local/lib/python3.12/site-packages/airflow/example_dags/example_branch_operator.py
[2025-11-12T19:27:38.069+0000] {processor.py:840} INFO - DAG(s) 'example_branch_operator' retrieved from /home/airflow/.local/lib/python3.12/site-packages/airflow/example_dags/example_branch_operator.py
[2025-11-12T19:27:38.098+0000] {logging_mixin.py:188} INFO - [2025-11-12T19:27:38.098+0000] {dag.py:3096} INFO - Sync 1 DAGs
[2025-11-12T19:27:38.122+0000] {logging_mixin.py:188} INFO - [2025-11-12T19:27:38.122+0000] {dag.py:3954} INFO - Setting next_dagrun for example_branch_operator to 2025-11-11 00:00:00+00:00, run_after=2025-11-12 00:00:00+00:00
[2025-11-12T19:27:38.148+0000] {processor.py:183} INFO - Processing /home/airflow/.local/lib/python3.12/site-packages/airflow/example_dags/example_branch_operator.py took 0.104 seconds
[2025-11-12T19:28:09.511+0000] {processor.py:161} INFO - Started process (PID=1416) to work on /home/airflow/.local/lib/python3.12/site-packages/airflow/example_dags/example_branch_operator.py
[2025-11-12T19:28:09.512+0000] {processor.py:830} INFO - Processing file /home/airflow/.local/lib/python3.12/site-packages/airflow/example_dags/example_branch_operator.py for tasks to queue
[2025-11-12T19:28:09.514+0000] {logging_mixin.py:188} INFO - [2025-11-12T19:28:09.514+0000] {dagbag.py:545} INFO - Filling up the DagBag from /home/airflow/.local/lib/python3.12/site-packages/airflow/example_dags/example_branch_operator.py
[2025-11-12T19:28:09.526+0000] {processor.py:840} INFO - DAG(s) 'example_branch_operator' retrieved from /home/airflow/.local/lib/python3.12/site-packages/airflow/example_dags/example_branch_operator.py
[2025-11-12T19:28:09.558+0000] {logging_mixin.py:188} INFO - [2025-11-12T19:28:09.557+0000] {dag.py:3096} INFO - Sync 1 DAGs
[2025-11-12T19:28:09.800+0000] {logging_mixin.py:188} INFO - [2025-11-12T19:28:09.800+0000] {dag.py:3954} INFO - Setting next_dagrun for example_branch_operator to 2025-11-11 00:00:00+00:00, run_after=2025-11-12 00:00:00+00:00
[2025-11-12T19:28:09.821+0000] {processor.py:183} INFO - Processing /home/airflow/.local/lib/python3.12/site-packages/airflow/example_dags/example_branch_operator.py took 0.314 seconds
[2025-11-12T19:28:40.710+0000] {processor.py:161} INFO - Started process (PID=1476) to work on /home/airflow/.local/lib/python3.12/site-packages/airflow/example_dags/example_branch_operator.py
[2025-11-12T19:28:40.711+0000] {processor.py:830} INFO - Processing file /home/airflow/.local/lib/python3.12/site-packages/airflow/example_dags/example_branch_operator.py for tasks to queue
[2025-11-12T19:28:40.714+0000] {logging_mixin.py:188} INFO - [2025-11-12T19:28:40.714+0000] {dagbag.py:545} INFO - Filling up the DagBag from /home/airflow/.local/lib/python3.12/site-packages/airflow/example_dags/example_branch_operator.py
[2025-11-12T19:28:40.733+0000] {processor.py:840} INFO - DAG(s) 'example_branch_operator' retrieved from /home/airflow/.local/lib/python3.12/site-packages/airflow/example_dags/example_branch_operator.py
[2025-11-12T19:28:40.761+0000] {logging_mixin.py:188} INFO - [2025-11-12T19:28:40.761+0000] {dag.py:3096} INFO - Sync 1 DAGs
[2025-11-12T19:28:40.781+0000] {logging_mixin.py:188} INFO - [2025-11-12T19:28:40.781+0000] {dag.py:3954} INFO - Setting next_dagrun for example_branch_operator to 2025-11-11 00:00:00+00:00, run_after=2025-11-12 00:00:00+00:00
[2025-11-12T19:28:40.800+0000] {processor.py:183} INFO - Processing /home/airflow/.local/lib/python3.12/site-packages/airflow/example_dags/example_branch_operator.py took 0.096 seconds
[2025-11-12T19:29:10.892+0000] {processor.py:161} INFO - Started process (PID=1536) to work on /home/airflow/.local/lib/python3.12/site-packages/airflow/example_dags/example_branch_operator.py
[2025-11-12T19:29:10.893+0000] {processor.py:830} INFO - Processing file /home/airflow/.local/lib/python3.12/site-packages/airflow/example_dags/example_branch_operator.py for tasks to queue
[2025-11-12T19:29:10.895+0000] {logging_mixin.py:188} INFO - [2025-11-12T19:29:10.895+0000] {dagbag.py:545} INFO - Filling up the DagBag from /home/airflow/.local/lib/python3.12/site-packages/airflow/example_dags/example_branch_operator.py
[2025-11-12T19:29:10.910+0000] {processor.py:840} INFO - DAG(s) 'example_branch_operator' retrieved from /home/airflow/.local/lib/python3.12/site-packages/airflow/example_dags/example_branch_operator.py
[2025-11-12T19:29:10.939+0000] {logging_mixin.py:188} INFO - [2025-11-12T19:29:10.938+0000] {dag.py:3096} INFO - Sync 1 DAGs
[2025-11-12T19:29:10.958+0000] {logging_mixin.py:188} INFO - [2025-11-12T19:29:10.958+0000] {dag.py:3954} INFO - Setting next_dagrun for example_branch_operator to 2025-11-11 00:00:00+00:00, run_after=2025-11-12 00:00:00+00:00
[2025-11-12T19:29:10.979+0000] {processor.py:183} INFO - Processing /home/airflow/.local/lib/python3.12/site-packages/airflow/example_dags/example_branch_operator.py took 0.091 seconds
[2025-11-12T19:29:42.493+0000] {processor.py:161} INFO - Started process (PID=1596) to work on /home/airflow/.local/lib/python3.12/site-packages/airflow/example_dags/example_branch_operator.py
[2025-11-12T19:29:42.494+0000] {processor.py:830} INFO - Processing file /home/airflow/.local/lib/python3.12/site-packages/airflow/example_dags/example_branch_operator.py for tasks to queue
[2025-11-12T19:29:42.496+0000] {logging_mixin.py:188} INFO - [2025-11-12T19:29:42.496+0000] {dagbag.py:545} INFO - Filling up the DagBag from /home/airflow/.local/lib/python3.12/site-packages/airflow/example_dags/example_branch_operator.py
[2025-11-12T19:29:42.508+0000] {processor.py:840} INFO - DAG(s) 'example_branch_operator' retrieved from /home/airflow/.local/lib/python3.12/site-packages/airflow/example_dags/example_branch_operator.py
[2025-11-12T19:29:42.718+0000] {logging_mixin.py:188} INFO - [2025-11-12T19:29:42.717+0000] {dag.py:3096} INFO - Sync 1 DAGs
[2025-11-12T19:29:42.734+0000] {logging_mixin.py:188} INFO - [2025-11-12T19:29:42.734+0000] {dag.py:3954} INFO - Setting next_dagrun for example_branch_operator to 2025-11-11 00:00:00+00:00, run_after=2025-11-12 00:00:00+00:00
[2025-11-12T19:29:42.753+0000] {processor.py:183} INFO - Processing /home/airflow/.local/lib/python3.12/site-packages/airflow/example_dags/example_branch_operator.py took 0.265 seconds
[2025-11-12T19:30:13.343+0000] {processor.py:161} INFO - Started process (PID=1656) to work on /home/airflow/.local/lib/python3.12/site-packages/airflow/example_dags/example_branch_operator.py
[2025-11-12T19:30:13.345+0000] {processor.py:830} INFO - Processing file /home/airflow/.local/lib/python3.12/site-packages/airflow/example_dags/example_branch_operator.py for tasks to queue
[2025-11-12T19:30:13.347+0000] {logging_mixin.py:188} INFO - [2025-11-12T19:30:13.346+0000] {dagbag.py:545} INFO - Filling up the DagBag from /home/airflow/.local/lib/python3.12/site-packages/airflow/example_dags/example_branch_operator.py
[2025-11-12T19:30:13.362+0000] {processor.py:840} INFO - DAG(s) 'example_branch_operator' retrieved from /home/airflow/.local/lib/python3.12/site-packages/airflow/example_dags/example_branch_operator.py
[2025-11-12T19:30:13.394+0000] {logging_mixin.py:188} INFO - [2025-11-12T19:30:13.392+0000] {dag.py:3096} INFO - Sync 1 DAGs
[2025-11-12T19:30:13.425+0000] {logging_mixin.py:188} INFO - [2025-11-12T19:30:13.425+0000] {dag.py:3954} INFO - Setting next_dagrun for example_branch_operator to 2025-11-11 00:00:00+00:00, run_after=2025-11-12 00:00:00+00:00
[2025-11-12T19:30:13.448+0000] {processor.py:183} INFO - Processing /home/airflow/.local/lib/python3.12/site-packages/airflow/example_dags/example_branch_operator.py took 0.110 seconds
[2025-11-12T19:30:43.543+0000] {processor.py:161} INFO - Started process (PID=1716) to work on /home/airflow/.local/lib/python3.12/site-packages/airflow/example_dags/example_branch_operator.py
[2025-11-12T19:30:43.544+0000] {processor.py:830} INFO - Processing file /home/airflow/.local/lib/python3.12/site-packages/airflow/example_dags/example_branch_operator.py for tasks to queue
[2025-11-12T19:30:43.546+0000] {logging_mixin.py:188} INFO - [2025-11-12T19:30:43.546+0000] {dagbag.py:545} INFO - Filling up the DagBag from /home/airflow/.local/lib/python3.12/site-packages/airflow/example_dags/example_branch_operator.py
[2025-11-12T19:30:43.559+0000] {processor.py:840} INFO - DAG(s) 'example_branch_operator' retrieved from /home/airflow/.local/lib/python3.12/site-packages/airflow/example_dags/example_branch_operator.py
[2025-11-12T19:30:43.583+0000] {logging_mixin.py:188} INFO - [2025-11-12T19:30:43.583+0000] {dag.py:3096} INFO - Sync 1 DAGs
[2025-11-12T19:30:43.602+0000] {logging_mixin.py:188} INFO - [2025-11-12T19:30:43.602+0000] {dag.py:3954} INFO - Setting next_dagrun for example_branch_operator to 2025-11-11 00:00:00+00:00, run_after=2025-11-12 00:00:00+00:00
[2025-11-12T19:30:43.623+0000] {processor.py:183} INFO - Processing /home/airflow/.local/lib/python3.12/site-packages/airflow/example_dags/example_branch_operator.py took 0.086 seconds
[2025-11-12T19:31:13.934+0000] {processor.py:161} INFO - Started process (PID=1776) to work on /home/airflow/.local/lib/python3.12/site-packages/airflow/example_dags/example_branch_operator.py
[2025-11-12T19:31:13.935+0000] {processor.py:830} INFO - Processing file /home/airflow/.local/lib/python3.12/site-packages/airflow/example_dags/example_branch_operator.py for tasks to queue
[2025-11-12T19:31:13.937+0000] {logging_mixin.py:188} INFO - [2025-11-12T19:31:13.937+0000] {dagbag.py:545} INFO - Filling up the DagBag from /home/airflow/.local/lib/python3.12/site-packages/airflow/example_dags/example_branch_operator.py
[2025-11-12T19:31:13.951+0000] {processor.py:840} INFO - DAG(s) 'example_branch_operator' retrieved from /home/airflow/.local/lib/python3.12/site-packages/airflow/example_dags/example_branch_operator.py
[2025-11-12T19:31:13.979+0000] {logging_mixin.py:188} INFO - [2025-11-12T19:31:13.978+0000] {dag.py:3096} INFO - Sync 1 DAGs
[2025-11-12T19:31:13.998+0000] {logging_mixin.py:188} INFO - [2025-11-12T19:31:13.997+0000] {dag.py:3954} INFO - Setting next_dagrun for example_branch_operator to 2025-11-11 00:00:00+00:00, run_after=2025-11-12 00:00:00+00:00
[2025-11-12T19:31:14.019+0000] {processor.py:183} INFO - Processing /home/airflow/.local/lib/python3.12/site-packages/airflow/example_dags/example_branch_operator.py took 0.090 seconds
[2025-11-12T19:31:44.629+0000] {processor.py:161} INFO - Started process (PID=1839) to work on /home/airflow/.local/lib/python3.12/site-packages/airflow/example_dags/example_branch_operator.py
[2025-11-12T19:31:44.630+0000] {processor.py:830} INFO - Processing file /home/airflow/.local/lib/python3.12/site-packages/airflow/example_dags/example_branch_operator.py for tasks to queue
[2025-11-12T19:31:44.632+0000] {logging_mixin.py:188} INFO - [2025-11-12T19:31:44.631+0000] {dagbag.py:545} INFO - Filling up the DagBag from /home/airflow/.local/lib/python3.12/site-packages/airflow/example_dags/example_branch_operator.py
[2025-11-12T19:31:44.647+0000] {processor.py:840} INFO - DAG(s) 'example_branch_operator' retrieved from /home/airflow/.local/lib/python3.12/site-packages/airflow/example_dags/example_branch_operator.py
[2025-11-12T19:31:44.672+0000] {logging_mixin.py:188} INFO - [2025-11-12T19:31:44.671+0000] {dag.py:3096} INFO - Sync 1 DAGs
[2025-11-12T19:31:44.693+0000] {logging_mixin.py:188} INFO - [2025-11-12T19:31:44.693+0000] {dag.py:3954} INFO - Setting next_dagrun for example_branch_operator to 2025-11-11 00:00:00+00:00, run_after=2025-11-12 00:00:00+00:00
[2025-11-12T19:31:44.721+0000] {processor.py:183} INFO - Processing /home/airflow/.local/lib/python3.12/site-packages/airflow/example_dags/example_branch_operator.py took 0.097 seconds
