[2025-11-12T19:06:09.728+0000] {processor.py:161} INFO - Started process (PID=79) to work on /home/airflow/.local/lib/python3.12/site-packages/airflow/example_dags/example_sensors.py
[2025-11-12T19:06:09.730+0000] {processor.py:830} INFO - Processing file /home/airflow/.local/lib/python3.12/site-packages/airflow/example_dags/example_sensors.py for tasks to queue
[2025-11-12T19:06:09.733+0000] {logging_mixin.py:188} INFO - [2025-11-12T19:06:09.733+0000] {dagbag.py:545} INFO - Filling up the DagBag from /home/airflow/.local/lib/python3.12/site-packages/airflow/example_dags/example_sensors.py
[2025-11-12T19:06:09.749+0000] {processor.py:840} INFO - DAG(s) 'example_sensors' retrieved from /home/airflow/.local/lib/python3.12/site-packages/airflow/example_dags/example_sensors.py
[2025-11-12T19:06:09.895+0000] {logging_mixin.py:188} INFO - [2025-11-12T19:06:09.894+0000] {dag.py:3096} INFO - Sync 1 DAGs
[2025-11-12T19:06:09.905+0000] {logging_mixin.py:188} INFO - [2025-11-12T19:06:09.905+0000] {dag.py:3954} INFO - Setting next_dagrun for example_sensors to None, run_after=None
[2025-11-12T19:06:09.943+0000] {processor.py:183} INFO - Processing /home/airflow/.local/lib/python3.12/site-packages/airflow/example_dags/example_sensors.py took 0.221 seconds
[2025-11-12T19:06:40.129+0000] {processor.py:161} INFO - Started process (PID=139) to work on /home/airflow/.local/lib/python3.12/site-packages/airflow/example_dags/example_sensors.py
[2025-11-12T19:06:40.130+0000] {processor.py:830} INFO - Processing file /home/airflow/.local/lib/python3.12/site-packages/airflow/example_dags/example_sensors.py for tasks to queue
[2025-11-12T19:06:40.132+0000] {logging_mixin.py:188} INFO - [2025-11-12T19:06:40.132+0000] {dagbag.py:545} INFO - Filling up the DagBag from /home/airflow/.local/lib/python3.12/site-packages/airflow/example_dags/example_sensors.py
[2025-11-12T19:06:40.139+0000] {processor.py:840} INFO - DAG(s) 'example_sensors' retrieved from /home/airflow/.local/lib/python3.12/site-packages/airflow/example_dags/example_sensors.py
[2025-11-12T19:06:40.161+0000] {logging_mixin.py:188} INFO - [2025-11-12T19:06:40.161+0000] {dag.py:3096} INFO - Sync 1 DAGs
[2025-11-12T19:06:40.171+0000] {logging_mixin.py:188} INFO - [2025-11-12T19:06:40.170+0000] {dag.py:3954} INFO - Setting next_dagrun for example_sensors to None, run_after=None
[2025-11-12T19:06:40.191+0000] {processor.py:183} INFO - Processing /home/airflow/.local/lib/python3.12/site-packages/airflow/example_dags/example_sensors.py took 0.067 seconds
[2025-11-12T19:07:10.792+0000] {processor.py:161} INFO - Started process (PID=199) to work on /home/airflow/.local/lib/python3.12/site-packages/airflow/example_dags/example_sensors.py
[2025-11-12T19:07:10.793+0000] {processor.py:830} INFO - Processing file /home/airflow/.local/lib/python3.12/site-packages/airflow/example_dags/example_sensors.py for tasks to queue
[2025-11-12T19:07:10.795+0000] {logging_mixin.py:188} INFO - [2025-11-12T19:07:10.795+0000] {dagbag.py:545} INFO - Filling up the DagBag from /home/airflow/.local/lib/python3.12/site-packages/airflow/example_dags/example_sensors.py
[2025-11-12T19:07:10.803+0000] {processor.py:840} INFO - DAG(s) 'example_sensors' retrieved from /home/airflow/.local/lib/python3.12/site-packages/airflow/example_dags/example_sensors.py
[2025-11-12T19:07:10.826+0000] {logging_mixin.py:188} INFO - [2025-11-12T19:07:10.826+0000] {dag.py:3096} INFO - Sync 1 DAGs
[2025-11-12T19:07:10.835+0000] {logging_mixin.py:188} INFO - [2025-11-12T19:07:10.835+0000] {dag.py:3954} INFO - Setting next_dagrun for example_sensors to None, run_after=None
[2025-11-12T19:07:10.854+0000] {processor.py:183} INFO - Processing /home/airflow/.local/lib/python3.12/site-packages/airflow/example_dags/example_sensors.py took 0.066 seconds
[2025-11-12T19:07:41.680+0000] {processor.py:161} INFO - Started process (PID=259) to work on /home/airflow/.local/lib/python3.12/site-packages/airflow/example_dags/example_sensors.py
[2025-11-12T19:07:41.681+0000] {processor.py:830} INFO - Processing file /home/airflow/.local/lib/python3.12/site-packages/airflow/example_dags/example_sensors.py for tasks to queue
[2025-11-12T19:07:41.682+0000] {logging_mixin.py:188} INFO - [2025-11-12T19:07:41.682+0000] {dagbag.py:545} INFO - Filling up the DagBag from /home/airflow/.local/lib/python3.12/site-packages/airflow/example_dags/example_sensors.py
[2025-11-12T19:07:41.690+0000] {processor.py:840} INFO - DAG(s) 'example_sensors' retrieved from /home/airflow/.local/lib/python3.12/site-packages/airflow/example_dags/example_sensors.py
[2025-11-12T19:07:41.718+0000] {logging_mixin.py:188} INFO - [2025-11-12T19:07:41.718+0000] {dag.py:3096} INFO - Sync 1 DAGs
[2025-11-12T19:07:41.728+0000] {logging_mixin.py:188} INFO - [2025-11-12T19:07:41.728+0000] {dag.py:3954} INFO - Setting next_dagrun for example_sensors to None, run_after=None
[2025-11-12T19:07:41.752+0000] {processor.py:183} INFO - Processing /home/airflow/.local/lib/python3.12/site-packages/airflow/example_dags/example_sensors.py took 0.076 seconds
[2025-11-12T19:08:12.259+0000] {processor.py:161} INFO - Started process (PID=319) to work on /home/airflow/.local/lib/python3.12/site-packages/airflow/example_dags/example_sensors.py
[2025-11-12T19:08:12.261+0000] {processor.py:830} INFO - Processing file /home/airflow/.local/lib/python3.12/site-packages/airflow/example_dags/example_sensors.py for tasks to queue
[2025-11-12T19:08:12.262+0000] {logging_mixin.py:188} INFO - [2025-11-12T19:08:12.262+0000] {dagbag.py:545} INFO - Filling up the DagBag from /home/airflow/.local/lib/python3.12/site-packages/airflow/example_dags/example_sensors.py
[2025-11-12T19:08:12.278+0000] {processor.py:840} INFO - DAG(s) 'example_sensors' retrieved from /home/airflow/.local/lib/python3.12/site-packages/airflow/example_dags/example_sensors.py
[2025-11-12T19:08:12.311+0000] {logging_mixin.py:188} INFO - [2025-11-12T19:08:12.311+0000] {dag.py:3096} INFO - Sync 1 DAGs
[2025-11-12T19:08:12.329+0000] {logging_mixin.py:188} INFO - [2025-11-12T19:08:12.329+0000] {dag.py:3954} INFO - Setting next_dagrun for example_sensors to None, run_after=None
[2025-11-12T19:08:12.355+0000] {processor.py:183} INFO - Processing /home/airflow/.local/lib/python3.12/site-packages/airflow/example_dags/example_sensors.py took 0.100 seconds
[2025-11-12T19:08:42.999+0000] {processor.py:161} INFO - Started process (PID=379) to work on /home/airflow/.local/lib/python3.12/site-packages/airflow/example_dags/example_sensors.py
[2025-11-12T19:08:43.000+0000] {processor.py:830} INFO - Processing file /home/airflow/.local/lib/python3.12/site-packages/airflow/example_dags/example_sensors.py for tasks to queue
[2025-11-12T19:08:43.001+0000] {logging_mixin.py:188} INFO - [2025-11-12T19:08:43.001+0000] {dagbag.py:545} INFO - Filling up the DagBag from /home/airflow/.local/lib/python3.12/site-packages/airflow/example_dags/example_sensors.py
[2025-11-12T19:08:43.009+0000] {processor.py:840} INFO - DAG(s) 'example_sensors' retrieved from /home/airflow/.local/lib/python3.12/site-packages/airflow/example_dags/example_sensors.py
[2025-11-12T19:08:43.033+0000] {logging_mixin.py:188} INFO - [2025-11-12T19:08:43.033+0000] {dag.py:3096} INFO - Sync 1 DAGs
[2025-11-12T19:08:43.043+0000] {logging_mixin.py:188} INFO - [2025-11-12T19:08:43.043+0000] {dag.py:3954} INFO - Setting next_dagrun for example_sensors to None, run_after=None
[2025-11-12T19:08:43.064+0000] {processor.py:183} INFO - Processing /home/airflow/.local/lib/python3.12/site-packages/airflow/example_dags/example_sensors.py took 0.070 seconds
[2025-11-12T19:09:13.521+0000] {processor.py:161} INFO - Started process (PID=441) to work on /home/airflow/.local/lib/python3.12/site-packages/airflow/example_dags/example_sensors.py
[2025-11-12T19:09:13.522+0000] {processor.py:830} INFO - Processing file /home/airflow/.local/lib/python3.12/site-packages/airflow/example_dags/example_sensors.py for tasks to queue
[2025-11-12T19:09:13.524+0000] {logging_mixin.py:188} INFO - [2025-11-12T19:09:13.523+0000] {dagbag.py:545} INFO - Filling up the DagBag from /home/airflow/.local/lib/python3.12/site-packages/airflow/example_dags/example_sensors.py
[2025-11-12T19:09:13.535+0000] {processor.py:840} INFO - DAG(s) 'example_sensors' retrieved from /home/airflow/.local/lib/python3.12/site-packages/airflow/example_dags/example_sensors.py
[2025-11-12T19:09:13.558+0000] {logging_mixin.py:188} INFO - [2025-11-12T19:09:13.558+0000] {dag.py:3096} INFO - Sync 1 DAGs
[2025-11-12T19:09:13.567+0000] {logging_mixin.py:188} INFO - [2025-11-12T19:09:13.567+0000] {dag.py:3954} INFO - Setting next_dagrun for example_sensors to None, run_after=None
[2025-11-12T19:09:13.586+0000] {processor.py:183} INFO - Processing /home/airflow/.local/lib/python3.12/site-packages/airflow/example_dags/example_sensors.py took 0.071 seconds
[2025-11-12T19:09:43.963+0000] {processor.py:161} INFO - Started process (PID=502) to work on /home/airflow/.local/lib/python3.12/site-packages/airflow/example_dags/example_sensors.py
[2025-11-12T19:09:43.964+0000] {processor.py:830} INFO - Processing file /home/airflow/.local/lib/python3.12/site-packages/airflow/example_dags/example_sensors.py for tasks to queue
[2025-11-12T19:09:43.966+0000] {logging_mixin.py:188} INFO - [2025-11-12T19:09:43.965+0000] {dagbag.py:545} INFO - Filling up the DagBag from /home/airflow/.local/lib/python3.12/site-packages/airflow/example_dags/example_sensors.py
[2025-11-12T19:09:43.975+0000] {processor.py:840} INFO - DAG(s) 'example_sensors' retrieved from /home/airflow/.local/lib/python3.12/site-packages/airflow/example_dags/example_sensors.py
[2025-11-12T19:09:44.012+0000] {logging_mixin.py:188} INFO - [2025-11-12T19:09:44.011+0000] {dag.py:3096} INFO - Sync 1 DAGs
[2025-11-12T19:09:44.024+0000] {logging_mixin.py:188} INFO - [2025-11-12T19:09:44.024+0000] {dag.py:3954} INFO - Setting next_dagrun for example_sensors to None, run_after=None
[2025-11-12T19:09:44.046+0000] {processor.py:183} INFO - Processing /home/airflow/.local/lib/python3.12/site-packages/airflow/example_dags/example_sensors.py took 0.087 seconds
[2025-11-12T19:10:14.785+0000] {processor.py:161} INFO - Started process (PID=562) to work on /home/airflow/.local/lib/python3.12/site-packages/airflow/example_dags/example_sensors.py
[2025-11-12T19:10:14.786+0000] {processor.py:830} INFO - Processing file /home/airflow/.local/lib/python3.12/site-packages/airflow/example_dags/example_sensors.py for tasks to queue
[2025-11-12T19:10:14.788+0000] {logging_mixin.py:188} INFO - [2025-11-12T19:10:14.787+0000] {dagbag.py:545} INFO - Filling up the DagBag from /home/airflow/.local/lib/python3.12/site-packages/airflow/example_dags/example_sensors.py
[2025-11-12T19:10:14.798+0000] {processor.py:840} INFO - DAG(s) 'example_sensors' retrieved from /home/airflow/.local/lib/python3.12/site-packages/airflow/example_dags/example_sensors.py
[2025-11-12T19:10:14.824+0000] {logging_mixin.py:188} INFO - [2025-11-12T19:10:14.824+0000] {dag.py:3096} INFO - Sync 1 DAGs
[2025-11-12T19:10:14.836+0000] {logging_mixin.py:188} INFO - [2025-11-12T19:10:14.836+0000] {dag.py:3954} INFO - Setting next_dagrun for example_sensors to None, run_after=None
[2025-11-12T19:10:14.860+0000] {processor.py:183} INFO - Processing /home/airflow/.local/lib/python3.12/site-packages/airflow/example_dags/example_sensors.py took 0.080 seconds
[2025-11-12T19:10:45.133+0000] {processor.py:161} INFO - Started process (PID=623) to work on /home/airflow/.local/lib/python3.12/site-packages/airflow/example_dags/example_sensors.py
[2025-11-12T19:10:45.134+0000] {processor.py:830} INFO - Processing file /home/airflow/.local/lib/python3.12/site-packages/airflow/example_dags/example_sensors.py for tasks to queue
[2025-11-12T19:10:45.135+0000] {logging_mixin.py:188} INFO - [2025-11-12T19:10:45.134+0000] {dagbag.py:545} INFO - Filling up the DagBag from /home/airflow/.local/lib/python3.12/site-packages/airflow/example_dags/example_sensors.py
[2025-11-12T19:10:45.144+0000] {processor.py:840} INFO - DAG(s) 'example_sensors' retrieved from /home/airflow/.local/lib/python3.12/site-packages/airflow/example_dags/example_sensors.py
[2025-11-12T19:10:45.172+0000] {logging_mixin.py:188} INFO - [2025-11-12T19:10:45.172+0000] {dag.py:3096} INFO - Sync 1 DAGs
[2025-11-12T19:10:45.187+0000] {logging_mixin.py:188} INFO - [2025-11-12T19:10:45.186+0000] {dag.py:3954} INFO - Setting next_dagrun for example_sensors to None, run_after=None
[2025-11-12T19:10:45.215+0000] {processor.py:183} INFO - Processing /home/airflow/.local/lib/python3.12/site-packages/airflow/example_dags/example_sensors.py took 0.088 seconds
[2025-11-12T19:11:15.348+0000] {processor.py:161} INFO - Started process (PID=683) to work on /home/airflow/.local/lib/python3.12/site-packages/airflow/example_dags/example_sensors.py
[2025-11-12T19:11:15.349+0000] {processor.py:830} INFO - Processing file /home/airflow/.local/lib/python3.12/site-packages/airflow/example_dags/example_sensors.py for tasks to queue
[2025-11-12T19:11:15.350+0000] {logging_mixin.py:188} INFO - [2025-11-12T19:11:15.350+0000] {dagbag.py:545} INFO - Filling up the DagBag from /home/airflow/.local/lib/python3.12/site-packages/airflow/example_dags/example_sensors.py
[2025-11-12T19:11:15.357+0000] {processor.py:840} INFO - DAG(s) 'example_sensors' retrieved from /home/airflow/.local/lib/python3.12/site-packages/airflow/example_dags/example_sensors.py
[2025-11-12T19:11:15.384+0000] {logging_mixin.py:188} INFO - [2025-11-12T19:11:15.384+0000] {dag.py:3096} INFO - Sync 1 DAGs
[2025-11-12T19:11:15.394+0000] {logging_mixin.py:188} INFO - [2025-11-12T19:11:15.394+0000] {dag.py:3954} INFO - Setting next_dagrun for example_sensors to None, run_after=None
[2025-11-12T19:11:15.428+0000] {processor.py:183} INFO - Processing /home/airflow/.local/lib/python3.12/site-packages/airflow/example_dags/example_sensors.py took 0.085 seconds
[2025-11-12T19:11:45.620+0000] {processor.py:161} INFO - Started process (PID=743) to work on /home/airflow/.local/lib/python3.12/site-packages/airflow/example_dags/example_sensors.py
[2025-11-12T19:11:45.622+0000] {processor.py:830} INFO - Processing file /home/airflow/.local/lib/python3.12/site-packages/airflow/example_dags/example_sensors.py for tasks to queue
[2025-11-12T19:11:45.623+0000] {logging_mixin.py:188} INFO - [2025-11-12T19:11:45.623+0000] {dagbag.py:545} INFO - Filling up the DagBag from /home/airflow/.local/lib/python3.12/site-packages/airflow/example_dags/example_sensors.py
[2025-11-12T19:11:45.634+0000] {processor.py:840} INFO - DAG(s) 'example_sensors' retrieved from /home/airflow/.local/lib/python3.12/site-packages/airflow/example_dags/example_sensors.py
[2025-11-12T19:11:45.674+0000] {logging_mixin.py:188} INFO - [2025-11-12T19:11:45.673+0000] {dag.py:3096} INFO - Sync 1 DAGs
[2025-11-12T19:11:45.687+0000] {logging_mixin.py:188} INFO - [2025-11-12T19:11:45.687+0000] {dag.py:3954} INFO - Setting next_dagrun for example_sensors to None, run_after=None
[2025-11-12T19:11:45.731+0000] {processor.py:183} INFO - Processing /home/airflow/.local/lib/python3.12/site-packages/airflow/example_dags/example_sensors.py took 0.117 seconds
[2025-11-12T19:12:15.861+0000] {processor.py:161} INFO - Started process (PID=803) to work on /home/airflow/.local/lib/python3.12/site-packages/airflow/example_dags/example_sensors.py
[2025-11-12T19:12:15.862+0000] {processor.py:830} INFO - Processing file /home/airflow/.local/lib/python3.12/site-packages/airflow/example_dags/example_sensors.py for tasks to queue
[2025-11-12T19:12:15.863+0000] {logging_mixin.py:188} INFO - [2025-11-12T19:12:15.863+0000] {dagbag.py:545} INFO - Filling up the DagBag from /home/airflow/.local/lib/python3.12/site-packages/airflow/example_dags/example_sensors.py
[2025-11-12T19:12:15.870+0000] {processor.py:840} INFO - DAG(s) 'example_sensors' retrieved from /home/airflow/.local/lib/python3.12/site-packages/airflow/example_dags/example_sensors.py
[2025-11-12T19:12:15.892+0000] {logging_mixin.py:188} INFO - [2025-11-12T19:12:15.892+0000] {dag.py:3096} INFO - Sync 1 DAGs
[2025-11-12T19:12:15.903+0000] {logging_mixin.py:188} INFO - [2025-11-12T19:12:15.903+0000] {dag.py:3954} INFO - Setting next_dagrun for example_sensors to None, run_after=None
[2025-11-12T19:12:15.923+0000] {processor.py:183} INFO - Processing /home/airflow/.local/lib/python3.12/site-packages/airflow/example_dags/example_sensors.py took 0.066 seconds
[2025-11-12T19:12:46.280+0000] {processor.py:161} INFO - Started process (PID=863) to work on /home/airflow/.local/lib/python3.12/site-packages/airflow/example_dags/example_sensors.py
[2025-11-12T19:12:46.281+0000] {processor.py:830} INFO - Processing file /home/airflow/.local/lib/python3.12/site-packages/airflow/example_dags/example_sensors.py for tasks to queue
[2025-11-12T19:12:46.282+0000] {logging_mixin.py:188} INFO - [2025-11-12T19:12:46.282+0000] {dagbag.py:545} INFO - Filling up the DagBag from /home/airflow/.local/lib/python3.12/site-packages/airflow/example_dags/example_sensors.py
[2025-11-12T19:12:46.290+0000] {processor.py:840} INFO - DAG(s) 'example_sensors' retrieved from /home/airflow/.local/lib/python3.12/site-packages/airflow/example_dags/example_sensors.py
[2025-11-12T19:12:46.313+0000] {logging_mixin.py:188} INFO - [2025-11-12T19:12:46.313+0000] {dag.py:3096} INFO - Sync 1 DAGs
[2025-11-12T19:12:46.325+0000] {logging_mixin.py:188} INFO - [2025-11-12T19:12:46.325+0000] {dag.py:3954} INFO - Setting next_dagrun for example_sensors to None, run_after=None
[2025-11-12T19:12:46.350+0000] {processor.py:183} INFO - Processing /home/airflow/.local/lib/python3.12/site-packages/airflow/example_dags/example_sensors.py took 0.074 seconds
[2025-11-12T19:13:16.696+0000] {processor.py:161} INFO - Started process (PID=923) to work on /home/airflow/.local/lib/python3.12/site-packages/airflow/example_dags/example_sensors.py
[2025-11-12T19:13:16.697+0000] {processor.py:830} INFO - Processing file /home/airflow/.local/lib/python3.12/site-packages/airflow/example_dags/example_sensors.py for tasks to queue
[2025-11-12T19:13:16.699+0000] {logging_mixin.py:188} INFO - [2025-11-12T19:13:16.698+0000] {dagbag.py:545} INFO - Filling up the DagBag from /home/airflow/.local/lib/python3.12/site-packages/airflow/example_dags/example_sensors.py
[2025-11-12T19:13:16.708+0000] {processor.py:840} INFO - DAG(s) 'example_sensors' retrieved from /home/airflow/.local/lib/python3.12/site-packages/airflow/example_dags/example_sensors.py
[2025-11-12T19:13:16.737+0000] {logging_mixin.py:188} INFO - [2025-11-12T19:13:16.736+0000] {dag.py:3096} INFO - Sync 1 DAGs
[2025-11-12T19:13:16.748+0000] {logging_mixin.py:188} INFO - [2025-11-12T19:13:16.748+0000] {dag.py:3954} INFO - Setting next_dagrun for example_sensors to None, run_after=None
[2025-11-12T19:13:16.772+0000] {processor.py:183} INFO - Processing /home/airflow/.local/lib/python3.12/site-packages/airflow/example_dags/example_sensors.py took 0.080 seconds
[2025-11-12T19:13:46.888+0000] {processor.py:161} INFO - Started process (PID=984) to work on /home/airflow/.local/lib/python3.12/site-packages/airflow/example_dags/example_sensors.py
[2025-11-12T19:13:46.889+0000] {processor.py:830} INFO - Processing file /home/airflow/.local/lib/python3.12/site-packages/airflow/example_dags/example_sensors.py for tasks to queue
[2025-11-12T19:13:46.890+0000] {logging_mixin.py:188} INFO - [2025-11-12T19:13:46.890+0000] {dagbag.py:545} INFO - Filling up the DagBag from /home/airflow/.local/lib/python3.12/site-packages/airflow/example_dags/example_sensors.py
[2025-11-12T19:13:46.910+0000] {processor.py:840} INFO - DAG(s) 'example_sensors' retrieved from /home/airflow/.local/lib/python3.12/site-packages/airflow/example_dags/example_sensors.py
[2025-11-12T19:13:46.955+0000] {logging_mixin.py:188} INFO - [2025-11-12T19:13:46.955+0000] {dag.py:3096} INFO - Sync 1 DAGs
[2025-11-12T19:13:46.978+0000] {logging_mixin.py:188} INFO - [2025-11-12T19:13:46.977+0000] {dag.py:3954} INFO - Setting next_dagrun for example_sensors to None, run_after=None
[2025-11-12T19:13:47.031+0000] {processor.py:183} INFO - Processing /home/airflow/.local/lib/python3.12/site-packages/airflow/example_dags/example_sensors.py took 0.149 seconds
[2025-11-12T19:14:17.528+0000] {processor.py:161} INFO - Started process (PID=1044) to work on /home/airflow/.local/lib/python3.12/site-packages/airflow/example_dags/example_sensors.py
[2025-11-12T19:14:17.530+0000] {processor.py:830} INFO - Processing file /home/airflow/.local/lib/python3.12/site-packages/airflow/example_dags/example_sensors.py for tasks to queue
[2025-11-12T19:14:17.531+0000] {logging_mixin.py:188} INFO - [2025-11-12T19:14:17.531+0000] {dagbag.py:545} INFO - Filling up the DagBag from /home/airflow/.local/lib/python3.12/site-packages/airflow/example_dags/example_sensors.py
[2025-11-12T19:14:17.539+0000] {processor.py:840} INFO - DAG(s) 'example_sensors' retrieved from /home/airflow/.local/lib/python3.12/site-packages/airflow/example_dags/example_sensors.py
[2025-11-12T19:14:17.561+0000] {logging_mixin.py:188} INFO - [2025-11-12T19:14:17.561+0000] {dag.py:3096} INFO - Sync 1 DAGs
[2025-11-12T19:14:17.571+0000] {logging_mixin.py:188} INFO - [2025-11-12T19:14:17.571+0000] {dag.py:3954} INFO - Setting next_dagrun for example_sensors to None, run_after=None
[2025-11-12T19:14:17.592+0000] {processor.py:183} INFO - Processing /home/airflow/.local/lib/python3.12/site-packages/airflow/example_dags/example_sensors.py took 0.068 seconds
[2025-11-12T19:14:48.280+0000] {processor.py:161} INFO - Started process (PID=1104) to work on /home/airflow/.local/lib/python3.12/site-packages/airflow/example_dags/example_sensors.py
[2025-11-12T19:14:48.281+0000] {processor.py:830} INFO - Processing file /home/airflow/.local/lib/python3.12/site-packages/airflow/example_dags/example_sensors.py for tasks to queue
[2025-11-12T19:14:48.282+0000] {logging_mixin.py:188} INFO - [2025-11-12T19:14:48.282+0000] {dagbag.py:545} INFO - Filling up the DagBag from /home/airflow/.local/lib/python3.12/site-packages/airflow/example_dags/example_sensors.py
[2025-11-12T19:14:48.291+0000] {processor.py:840} INFO - DAG(s) 'example_sensors' retrieved from /home/airflow/.local/lib/python3.12/site-packages/airflow/example_dags/example_sensors.py
[2025-11-12T19:14:48.319+0000] {logging_mixin.py:188} INFO - [2025-11-12T19:14:48.318+0000] {dag.py:3096} INFO - Sync 1 DAGs
[2025-11-12T19:14:48.330+0000] {logging_mixin.py:188} INFO - [2025-11-12T19:14:48.330+0000] {dag.py:3954} INFO - Setting next_dagrun for example_sensors to None, run_after=None
[2025-11-12T19:14:48.352+0000] {processor.py:183} INFO - Processing /home/airflow/.local/lib/python3.12/site-packages/airflow/example_dags/example_sensors.py took 0.076 seconds
[2025-11-12T19:15:19.400+0000] {processor.py:161} INFO - Started process (PID=1164) to work on /home/airflow/.local/lib/python3.12/site-packages/airflow/example_dags/example_sensors.py
[2025-11-12T19:15:19.401+0000] {processor.py:830} INFO - Processing file /home/airflow/.local/lib/python3.12/site-packages/airflow/example_dags/example_sensors.py for tasks to queue
[2025-11-12T19:15:19.402+0000] {logging_mixin.py:188} INFO - [2025-11-12T19:15:19.402+0000] {dagbag.py:545} INFO - Filling up the DagBag from /home/airflow/.local/lib/python3.12/site-packages/airflow/example_dags/example_sensors.py
[2025-11-12T19:15:19.410+0000] {processor.py:840} INFO - DAG(s) 'example_sensors' retrieved from /home/airflow/.local/lib/python3.12/site-packages/airflow/example_dags/example_sensors.py
[2025-11-12T19:15:19.433+0000] {logging_mixin.py:188} INFO - [2025-11-12T19:15:19.433+0000] {dag.py:3096} INFO - Sync 1 DAGs
[2025-11-12T19:15:19.445+0000] {logging_mixin.py:188} INFO - [2025-11-12T19:15:19.444+0000] {dag.py:3954} INFO - Setting next_dagrun for example_sensors to None, run_after=None
[2025-11-12T19:15:19.466+0000] {processor.py:183} INFO - Processing /home/airflow/.local/lib/python3.12/site-packages/airflow/example_dags/example_sensors.py took 0.071 seconds
[2025-11-12T19:15:49.795+0000] {processor.py:161} INFO - Started process (PID=1224) to work on /home/airflow/.local/lib/python3.12/site-packages/airflow/example_dags/example_sensors.py
[2025-11-12T19:15:49.796+0000] {processor.py:830} INFO - Processing file /home/airflow/.local/lib/python3.12/site-packages/airflow/example_dags/example_sensors.py for tasks to queue
[2025-11-12T19:15:49.797+0000] {logging_mixin.py:188} INFO - [2025-11-12T19:15:49.797+0000] {dagbag.py:545} INFO - Filling up the DagBag from /home/airflow/.local/lib/python3.12/site-packages/airflow/example_dags/example_sensors.py
[2025-11-12T19:15:49.805+0000] {processor.py:840} INFO - DAG(s) 'example_sensors' retrieved from /home/airflow/.local/lib/python3.12/site-packages/airflow/example_dags/example_sensors.py
[2025-11-12T19:15:49.838+0000] {logging_mixin.py:188} INFO - [2025-11-12T19:15:49.838+0000] {dag.py:3096} INFO - Sync 1 DAGs
[2025-11-12T19:15:49.849+0000] {logging_mixin.py:188} INFO - [2025-11-12T19:15:49.849+0000] {dag.py:3954} INFO - Setting next_dagrun for example_sensors to None, run_after=None
[2025-11-12T19:15:49.871+0000] {processor.py:183} INFO - Processing /home/airflow/.local/lib/python3.12/site-packages/airflow/example_dags/example_sensors.py took 0.081 seconds
[2025-11-12T19:16:56.018+0000] {processor.py:161} INFO - Started process (PID=80) to work on /home/airflow/.local/lib/python3.12/site-packages/airflow/example_dags/example_sensors.py
[2025-11-12T19:16:56.019+0000] {processor.py:830} INFO - Processing file /home/airflow/.local/lib/python3.12/site-packages/airflow/example_dags/example_sensors.py for tasks to queue
[2025-11-12T19:16:56.024+0000] {logging_mixin.py:188} INFO - [2025-11-12T19:16:56.022+0000] {dagbag.py:545} INFO - Filling up the DagBag from /home/airflow/.local/lib/python3.12/site-packages/airflow/example_dags/example_sensors.py
[2025-11-12T19:16:56.045+0000] {processor.py:840} INFO - DAG(s) 'example_sensors' retrieved from /home/airflow/.local/lib/python3.12/site-packages/airflow/example_dags/example_sensors.py
[2025-11-12T19:16:56.213+0000] {logging_mixin.py:188} INFO - [2025-11-12T19:16:56.213+0000] {dag.py:3096} INFO - Sync 1 DAGs
[2025-11-12T19:16:56.227+0000] {logging_mixin.py:188} INFO - [2025-11-12T19:16:56.226+0000] {dag.py:3954} INFO - Setting next_dagrun for example_sensors to None, run_after=None
[2025-11-12T19:16:56.269+0000] {processor.py:183} INFO - Processing /home/airflow/.local/lib/python3.12/site-packages/airflow/example_dags/example_sensors.py took 0.258 seconds
[2025-11-12T19:17:26.603+0000] {processor.py:161} INFO - Started process (PID=140) to work on /home/airflow/.local/lib/python3.12/site-packages/airflow/example_dags/example_sensors.py
[2025-11-12T19:17:26.604+0000] {processor.py:830} INFO - Processing file /home/airflow/.local/lib/python3.12/site-packages/airflow/example_dags/example_sensors.py for tasks to queue
[2025-11-12T19:17:26.607+0000] {logging_mixin.py:188} INFO - [2025-11-12T19:17:26.606+0000] {dagbag.py:545} INFO - Filling up the DagBag from /home/airflow/.local/lib/python3.12/site-packages/airflow/example_dags/example_sensors.py
[2025-11-12T19:17:26.616+0000] {processor.py:840} INFO - DAG(s) 'example_sensors' retrieved from /home/airflow/.local/lib/python3.12/site-packages/airflow/example_dags/example_sensors.py
[2025-11-12T19:17:26.639+0000] {logging_mixin.py:188} INFO - [2025-11-12T19:17:26.639+0000] {dag.py:3096} INFO - Sync 1 DAGs
[2025-11-12T19:17:26.650+0000] {logging_mixin.py:188} INFO - [2025-11-12T19:17:26.649+0000] {dag.py:3954} INFO - Setting next_dagrun for example_sensors to None, run_after=None
[2025-11-12T19:17:26.678+0000] {processor.py:183} INFO - Processing /home/airflow/.local/lib/python3.12/site-packages/airflow/example_dags/example_sensors.py took 0.080 seconds
[2025-11-12T19:17:57.090+0000] {processor.py:161} INFO - Started process (PID=200) to work on /home/airflow/.local/lib/python3.12/site-packages/airflow/example_dags/example_sensors.py
[2025-11-12T19:17:57.091+0000] {processor.py:830} INFO - Processing file /home/airflow/.local/lib/python3.12/site-packages/airflow/example_dags/example_sensors.py for tasks to queue
[2025-11-12T19:17:57.094+0000] {logging_mixin.py:188} INFO - [2025-11-12T19:17:57.093+0000] {dagbag.py:545} INFO - Filling up the DagBag from /home/airflow/.local/lib/python3.12/site-packages/airflow/example_dags/example_sensors.py
[2025-11-12T19:17:57.104+0000] {processor.py:840} INFO - DAG(s) 'example_sensors' retrieved from /home/airflow/.local/lib/python3.12/site-packages/airflow/example_dags/example_sensors.py
[2025-11-12T19:17:57.134+0000] {logging_mixin.py:188} INFO - [2025-11-12T19:17:57.134+0000] {dag.py:3096} INFO - Sync 1 DAGs
[2025-11-12T19:17:57.146+0000] {logging_mixin.py:188} INFO - [2025-11-12T19:17:57.146+0000] {dag.py:3954} INFO - Setting next_dagrun for example_sensors to None, run_after=None
[2025-11-12T19:17:57.168+0000] {processor.py:183} INFO - Processing /home/airflow/.local/lib/python3.12/site-packages/airflow/example_dags/example_sensors.py took 0.085 seconds
[2025-11-12T19:18:28.307+0000] {processor.py:161} INFO - Started process (PID=260) to work on /home/airflow/.local/lib/python3.12/site-packages/airflow/example_dags/example_sensors.py
[2025-11-12T19:18:28.308+0000] {processor.py:830} INFO - Processing file /home/airflow/.local/lib/python3.12/site-packages/airflow/example_dags/example_sensors.py for tasks to queue
[2025-11-12T19:18:28.310+0000] {logging_mixin.py:188} INFO - [2025-11-12T19:18:28.310+0000] {dagbag.py:545} INFO - Filling up the DagBag from /home/airflow/.local/lib/python3.12/site-packages/airflow/example_dags/example_sensors.py
[2025-11-12T19:18:28.320+0000] {processor.py:840} INFO - DAG(s) 'example_sensors' retrieved from /home/airflow/.local/lib/python3.12/site-packages/airflow/example_dags/example_sensors.py
[2025-11-12T19:18:28.343+0000] {logging_mixin.py:188} INFO - [2025-11-12T19:18:28.343+0000] {dag.py:3096} INFO - Sync 1 DAGs
[2025-11-12T19:18:28.353+0000] {logging_mixin.py:188} INFO - [2025-11-12T19:18:28.353+0000] {dag.py:3954} INFO - Setting next_dagrun for example_sensors to None, run_after=None
[2025-11-12T19:18:28.375+0000] {processor.py:183} INFO - Processing /home/airflow/.local/lib/python3.12/site-packages/airflow/example_dags/example_sensors.py took 0.075 seconds
[2025-11-12T19:18:58.848+0000] {processor.py:161} INFO - Started process (PID=321) to work on /home/airflow/.local/lib/python3.12/site-packages/airflow/example_dags/example_sensors.py
[2025-11-12T19:18:58.849+0000] {processor.py:830} INFO - Processing file /home/airflow/.local/lib/python3.12/site-packages/airflow/example_dags/example_sensors.py for tasks to queue
[2025-11-12T19:18:58.851+0000] {logging_mixin.py:188} INFO - [2025-11-12T19:18:58.850+0000] {dagbag.py:545} INFO - Filling up the DagBag from /home/airflow/.local/lib/python3.12/site-packages/airflow/example_dags/example_sensors.py
[2025-11-12T19:18:58.859+0000] {processor.py:840} INFO - DAG(s) 'example_sensors' retrieved from /home/airflow/.local/lib/python3.12/site-packages/airflow/example_dags/example_sensors.py
[2025-11-12T19:18:58.886+0000] {logging_mixin.py:188} INFO - [2025-11-12T19:18:58.885+0000] {dag.py:3096} INFO - Sync 1 DAGs
[2025-11-12T19:18:58.900+0000] {logging_mixin.py:188} INFO - [2025-11-12T19:18:58.899+0000] {dag.py:3954} INFO - Setting next_dagrun for example_sensors to None, run_after=None
[2025-11-12T19:18:58.929+0000] {processor.py:183} INFO - Processing /home/airflow/.local/lib/python3.12/site-packages/airflow/example_dags/example_sensors.py took 0.085 seconds
[2025-11-12T19:19:29.036+0000] {processor.py:161} INFO - Started process (PID=381) to work on /home/airflow/.local/lib/python3.12/site-packages/airflow/example_dags/example_sensors.py
[2025-11-12T19:19:29.038+0000] {processor.py:830} INFO - Processing file /home/airflow/.local/lib/python3.12/site-packages/airflow/example_dags/example_sensors.py for tasks to queue
[2025-11-12T19:19:29.040+0000] {logging_mixin.py:188} INFO - [2025-11-12T19:19:29.040+0000] {dagbag.py:545} INFO - Filling up the DagBag from /home/airflow/.local/lib/python3.12/site-packages/airflow/example_dags/example_sensors.py
[2025-11-12T19:19:29.050+0000] {processor.py:840} INFO - DAG(s) 'example_sensors' retrieved from /home/airflow/.local/lib/python3.12/site-packages/airflow/example_dags/example_sensors.py
[2025-11-12T19:19:29.078+0000] {logging_mixin.py:188} INFO - [2025-11-12T19:19:29.078+0000] {dag.py:3096} INFO - Sync 1 DAGs
[2025-11-12T19:19:29.090+0000] {logging_mixin.py:188} INFO - [2025-11-12T19:19:29.090+0000] {dag.py:3954} INFO - Setting next_dagrun for example_sensors to None, run_after=None
[2025-11-12T19:19:29.116+0000] {processor.py:183} INFO - Processing /home/airflow/.local/lib/python3.12/site-packages/airflow/example_dags/example_sensors.py took 0.086 seconds
[2025-11-12T19:19:59.688+0000] {processor.py:161} INFO - Started process (PID=441) to work on /home/airflow/.local/lib/python3.12/site-packages/airflow/example_dags/example_sensors.py
[2025-11-12T19:19:59.689+0000] {processor.py:830} INFO - Processing file /home/airflow/.local/lib/python3.12/site-packages/airflow/example_dags/example_sensors.py for tasks to queue
[2025-11-12T19:19:59.690+0000] {logging_mixin.py:188} INFO - [2025-11-12T19:19:59.690+0000] {dagbag.py:545} INFO - Filling up the DagBag from /home/airflow/.local/lib/python3.12/site-packages/airflow/example_dags/example_sensors.py
[2025-11-12T19:19:59.699+0000] {processor.py:840} INFO - DAG(s) 'example_sensors' retrieved from /home/airflow/.local/lib/python3.12/site-packages/airflow/example_dags/example_sensors.py
[2025-11-12T19:19:59.720+0000] {logging_mixin.py:188} INFO - [2025-11-12T19:19:59.719+0000] {dag.py:3096} INFO - Sync 1 DAGs
[2025-11-12T19:19:59.730+0000] {logging_mixin.py:188} INFO - [2025-11-12T19:19:59.730+0000] {dag.py:3954} INFO - Setting next_dagrun for example_sensors to None, run_after=None
[2025-11-12T19:19:59.750+0000] {processor.py:183} INFO - Processing /home/airflow/.local/lib/python3.12/site-packages/airflow/example_dags/example_sensors.py took 0.067 seconds
[2025-11-12T19:20:30.616+0000] {processor.py:161} INFO - Started process (PID=502) to work on /home/airflow/.local/lib/python3.12/site-packages/airflow/example_dags/example_sensors.py
[2025-11-12T19:20:30.617+0000] {processor.py:830} INFO - Processing file /home/airflow/.local/lib/python3.12/site-packages/airflow/example_dags/example_sensors.py for tasks to queue
[2025-11-12T19:20:30.619+0000] {logging_mixin.py:188} INFO - [2025-11-12T19:20:30.618+0000] {dagbag.py:545} INFO - Filling up the DagBag from /home/airflow/.local/lib/python3.12/site-packages/airflow/example_dags/example_sensors.py
[2025-11-12T19:20:30.626+0000] {processor.py:840} INFO - DAG(s) 'example_sensors' retrieved from /home/airflow/.local/lib/python3.12/site-packages/airflow/example_dags/example_sensors.py
[2025-11-12T19:20:30.653+0000] {logging_mixin.py:188} INFO - [2025-11-12T19:20:30.653+0000] {dag.py:3096} INFO - Sync 1 DAGs
[2025-11-12T19:20:30.665+0000] {logging_mixin.py:188} INFO - [2025-11-12T19:20:30.665+0000] {dag.py:3954} INFO - Setting next_dagrun for example_sensors to None, run_after=None
[2025-11-12T19:20:30.685+0000] {processor.py:183} INFO - Processing /home/airflow/.local/lib/python3.12/site-packages/airflow/example_dags/example_sensors.py took 0.074 seconds
[2025-11-12T19:21:00.801+0000] {processor.py:161} INFO - Started process (PID=562) to work on /home/airflow/.local/lib/python3.12/site-packages/airflow/example_dags/example_sensors.py
[2025-11-12T19:21:00.802+0000] {processor.py:830} INFO - Processing file /home/airflow/.local/lib/python3.12/site-packages/airflow/example_dags/example_sensors.py for tasks to queue
[2025-11-12T19:21:00.803+0000] {logging_mixin.py:188} INFO - [2025-11-12T19:21:00.803+0000] {dagbag.py:545} INFO - Filling up the DagBag from /home/airflow/.local/lib/python3.12/site-packages/airflow/example_dags/example_sensors.py
[2025-11-12T19:21:00.811+0000] {processor.py:840} INFO - DAG(s) 'example_sensors' retrieved from /home/airflow/.local/lib/python3.12/site-packages/airflow/example_dags/example_sensors.py
[2025-11-12T19:21:00.833+0000] {logging_mixin.py:188} INFO - [2025-11-12T19:21:00.833+0000] {dag.py:3096} INFO - Sync 1 DAGs
[2025-11-12T19:21:00.843+0000] {logging_mixin.py:188} INFO - [2025-11-12T19:21:00.843+0000] {dag.py:3954} INFO - Setting next_dagrun for example_sensors to None, run_after=None
[2025-11-12T19:21:00.863+0000] {processor.py:183} INFO - Processing /home/airflow/.local/lib/python3.12/site-packages/airflow/example_dags/example_sensors.py took 0.068 seconds
[2025-11-12T19:21:31.353+0000] {processor.py:161} INFO - Started process (PID=622) to work on /home/airflow/.local/lib/python3.12/site-packages/airflow/example_dags/example_sensors.py
[2025-11-12T19:21:31.355+0000] {processor.py:830} INFO - Processing file /home/airflow/.local/lib/python3.12/site-packages/airflow/example_dags/example_sensors.py for tasks to queue
[2025-11-12T19:21:31.356+0000] {logging_mixin.py:188} INFO - [2025-11-12T19:21:31.356+0000] {dagbag.py:545} INFO - Filling up the DagBag from /home/airflow/.local/lib/python3.12/site-packages/airflow/example_dags/example_sensors.py
[2025-11-12T19:21:31.363+0000] {processor.py:840} INFO - DAG(s) 'example_sensors' retrieved from /home/airflow/.local/lib/python3.12/site-packages/airflow/example_dags/example_sensors.py
[2025-11-12T19:21:31.387+0000] {logging_mixin.py:188} INFO - [2025-11-12T19:21:31.387+0000] {dag.py:3096} INFO - Sync 1 DAGs
[2025-11-12T19:21:31.397+0000] {logging_mixin.py:188} INFO - [2025-11-12T19:21:31.396+0000] {dag.py:3954} INFO - Setting next_dagrun for example_sensors to None, run_after=None
[2025-11-12T19:21:31.419+0000] {processor.py:183} INFO - Processing /home/airflow/.local/lib/python3.12/site-packages/airflow/example_dags/example_sensors.py took 0.070 seconds
[2025-11-12T19:22:01.585+0000] {processor.py:161} INFO - Started process (PID=682) to work on /home/airflow/.local/lib/python3.12/site-packages/airflow/example_dags/example_sensors.py
[2025-11-12T19:22:01.586+0000] {processor.py:830} INFO - Processing file /home/airflow/.local/lib/python3.12/site-packages/airflow/example_dags/example_sensors.py for tasks to queue
[2025-11-12T19:22:01.589+0000] {logging_mixin.py:188} INFO - [2025-11-12T19:22:01.589+0000] {dagbag.py:545} INFO - Filling up the DagBag from /home/airflow/.local/lib/python3.12/site-packages/airflow/example_dags/example_sensors.py
[2025-11-12T19:22:01.597+0000] {processor.py:840} INFO - DAG(s) 'example_sensors' retrieved from /home/airflow/.local/lib/python3.12/site-packages/airflow/example_dags/example_sensors.py
[2025-11-12T19:22:01.620+0000] {logging_mixin.py:188} INFO - [2025-11-12T19:22:01.619+0000] {dag.py:3096} INFO - Sync 1 DAGs
[2025-11-12T19:22:01.629+0000] {logging_mixin.py:188} INFO - [2025-11-12T19:22:01.629+0000] {dag.py:3954} INFO - Setting next_dagrun for example_sensors to None, run_after=None
[2025-11-12T19:22:01.649+0000] {processor.py:183} INFO - Processing /home/airflow/.local/lib/python3.12/site-packages/airflow/example_dags/example_sensors.py took 0.069 seconds
[2025-11-12T19:22:31.892+0000] {processor.py:161} INFO - Started process (PID=743) to work on /home/airflow/.local/lib/python3.12/site-packages/airflow/example_dags/example_sensors.py
[2025-11-12T19:22:31.893+0000] {processor.py:830} INFO - Processing file /home/airflow/.local/lib/python3.12/site-packages/airflow/example_dags/example_sensors.py for tasks to queue
[2025-11-12T19:22:31.895+0000] {logging_mixin.py:188} INFO - [2025-11-12T19:22:31.895+0000] {dagbag.py:545} INFO - Filling up the DagBag from /home/airflow/.local/lib/python3.12/site-packages/airflow/example_dags/example_sensors.py
[2025-11-12T19:22:31.902+0000] {processor.py:840} INFO - DAG(s) 'example_sensors' retrieved from /home/airflow/.local/lib/python3.12/site-packages/airflow/example_dags/example_sensors.py
[2025-11-12T19:22:31.925+0000] {logging_mixin.py:188} INFO - [2025-11-12T19:22:31.925+0000] {dag.py:3096} INFO - Sync 1 DAGs
[2025-11-12T19:22:31.935+0000] {logging_mixin.py:188} INFO - [2025-11-12T19:22:31.935+0000] {dag.py:3954} INFO - Setting next_dagrun for example_sensors to None, run_after=None
[2025-11-12T19:22:31.954+0000] {processor.py:183} INFO - Processing /home/airflow/.local/lib/python3.12/site-packages/airflow/example_dags/example_sensors.py took 0.066 seconds
[2025-11-12T19:23:02.119+0000] {processor.py:161} INFO - Started process (PID=803) to work on /home/airflow/.local/lib/python3.12/site-packages/airflow/example_dags/example_sensors.py
[2025-11-12T19:23:02.120+0000] {processor.py:830} INFO - Processing file /home/airflow/.local/lib/python3.12/site-packages/airflow/example_dags/example_sensors.py for tasks to queue
[2025-11-12T19:23:02.122+0000] {logging_mixin.py:188} INFO - [2025-11-12T19:23:02.121+0000] {dagbag.py:545} INFO - Filling up the DagBag from /home/airflow/.local/lib/python3.12/site-packages/airflow/example_dags/example_sensors.py
[2025-11-12T19:23:02.131+0000] {processor.py:840} INFO - DAG(s) 'example_sensors' retrieved from /home/airflow/.local/lib/python3.12/site-packages/airflow/example_dags/example_sensors.py
[2025-11-12T19:23:02.154+0000] {logging_mixin.py:188} INFO - [2025-11-12T19:23:02.154+0000] {dag.py:3096} INFO - Sync 1 DAGs
[2025-11-12T19:23:02.164+0000] {logging_mixin.py:188} INFO - [2025-11-12T19:23:02.164+0000] {dag.py:3954} INFO - Setting next_dagrun for example_sensors to None, run_after=None
[2025-11-12T19:23:02.186+0000] {processor.py:183} INFO - Processing /home/airflow/.local/lib/python3.12/site-packages/airflow/example_dags/example_sensors.py took 0.072 seconds
[2025-11-12T19:23:32.648+0000] {processor.py:161} INFO - Started process (PID=863) to work on /home/airflow/.local/lib/python3.12/site-packages/airflow/example_dags/example_sensors.py
[2025-11-12T19:23:32.649+0000] {processor.py:830} INFO - Processing file /home/airflow/.local/lib/python3.12/site-packages/airflow/example_dags/example_sensors.py for tasks to queue
[2025-11-12T19:23:32.652+0000] {logging_mixin.py:188} INFO - [2025-11-12T19:23:32.651+0000] {dagbag.py:545} INFO - Filling up the DagBag from /home/airflow/.local/lib/python3.12/site-packages/airflow/example_dags/example_sensors.py
[2025-11-12T19:23:32.661+0000] {processor.py:840} INFO - DAG(s) 'example_sensors' retrieved from /home/airflow/.local/lib/python3.12/site-packages/airflow/example_dags/example_sensors.py
[2025-11-12T19:23:32.686+0000] {logging_mixin.py:188} INFO - [2025-11-12T19:23:32.686+0000] {dag.py:3096} INFO - Sync 1 DAGs
[2025-11-12T19:23:32.696+0000] {logging_mixin.py:188} INFO - [2025-11-12T19:23:32.696+0000] {dag.py:3954} INFO - Setting next_dagrun for example_sensors to None, run_after=None
[2025-11-12T19:23:32.718+0000] {processor.py:183} INFO - Processing /home/airflow/.local/lib/python3.12/site-packages/airflow/example_dags/example_sensors.py took 0.075 seconds
[2025-11-12T19:24:02.960+0000] {processor.py:161} INFO - Started process (PID=923) to work on /home/airflow/.local/lib/python3.12/site-packages/airflow/example_dags/example_sensors.py
[2025-11-12T19:24:02.961+0000] {processor.py:830} INFO - Processing file /home/airflow/.local/lib/python3.12/site-packages/airflow/example_dags/example_sensors.py for tasks to queue
[2025-11-12T19:24:02.963+0000] {logging_mixin.py:188} INFO - [2025-11-12T19:24:02.963+0000] {dagbag.py:545} INFO - Filling up the DagBag from /home/airflow/.local/lib/python3.12/site-packages/airflow/example_dags/example_sensors.py
[2025-11-12T19:24:02.970+0000] {processor.py:840} INFO - DAG(s) 'example_sensors' retrieved from /home/airflow/.local/lib/python3.12/site-packages/airflow/example_dags/example_sensors.py
[2025-11-12T19:24:02.992+0000] {logging_mixin.py:188} INFO - [2025-11-12T19:24:02.991+0000] {dag.py:3096} INFO - Sync 1 DAGs
[2025-11-12T19:24:03.001+0000] {logging_mixin.py:188} INFO - [2025-11-12T19:24:03.001+0000] {dag.py:3954} INFO - Setting next_dagrun for example_sensors to None, run_after=None
[2025-11-12T19:24:03.021+0000] {processor.py:183} INFO - Processing /home/airflow/.local/lib/python3.12/site-packages/airflow/example_dags/example_sensors.py took 0.065 seconds
[2025-11-12T19:24:33.170+0000] {processor.py:161} INFO - Started process (PID=983) to work on /home/airflow/.local/lib/python3.12/site-packages/airflow/example_dags/example_sensors.py
[2025-11-12T19:24:33.171+0000] {processor.py:830} INFO - Processing file /home/airflow/.local/lib/python3.12/site-packages/airflow/example_dags/example_sensors.py for tasks to queue
[2025-11-12T19:24:33.173+0000] {logging_mixin.py:188} INFO - [2025-11-12T19:24:33.173+0000] {dagbag.py:545} INFO - Filling up the DagBag from /home/airflow/.local/lib/python3.12/site-packages/airflow/example_dags/example_sensors.py
[2025-11-12T19:24:33.180+0000] {processor.py:840} INFO - DAG(s) 'example_sensors' retrieved from /home/airflow/.local/lib/python3.12/site-packages/airflow/example_dags/example_sensors.py
[2025-11-12T19:24:33.208+0000] {logging_mixin.py:188} INFO - [2025-11-12T19:24:33.208+0000] {dag.py:3096} INFO - Sync 1 DAGs
[2025-11-12T19:24:33.221+0000] {logging_mixin.py:188} INFO - [2025-11-12T19:24:33.220+0000] {dag.py:3954} INFO - Setting next_dagrun for example_sensors to None, run_after=None
[2025-11-12T19:24:33.251+0000] {processor.py:183} INFO - Processing /home/airflow/.local/lib/python3.12/site-packages/airflow/example_dags/example_sensors.py took 0.085 seconds
[2025-11-12T19:25:04.293+0000] {processor.py:161} INFO - Started process (PID=1043) to work on /home/airflow/.local/lib/python3.12/site-packages/airflow/example_dags/example_sensors.py
[2025-11-12T19:25:04.294+0000] {processor.py:830} INFO - Processing file /home/airflow/.local/lib/python3.12/site-packages/airflow/example_dags/example_sensors.py for tasks to queue
[2025-11-12T19:25:04.295+0000] {logging_mixin.py:188} INFO - [2025-11-12T19:25:04.295+0000] {dagbag.py:545} INFO - Filling up the DagBag from /home/airflow/.local/lib/python3.12/site-packages/airflow/example_dags/example_sensors.py
[2025-11-12T19:25:04.302+0000] {processor.py:840} INFO - DAG(s) 'example_sensors' retrieved from /home/airflow/.local/lib/python3.12/site-packages/airflow/example_dags/example_sensors.py
[2025-11-12T19:25:04.326+0000] {logging_mixin.py:188} INFO - [2025-11-12T19:25:04.326+0000] {dag.py:3096} INFO - Sync 1 DAGs
[2025-11-12T19:25:04.338+0000] {logging_mixin.py:188} INFO - [2025-11-12T19:25:04.338+0000] {dag.py:3954} INFO - Setting next_dagrun for example_sensors to None, run_after=None
[2025-11-12T19:25:04.357+0000] {processor.py:183} INFO - Processing /home/airflow/.local/lib/python3.12/site-packages/airflow/example_dags/example_sensors.py took 0.069 seconds
[2025-11-12T19:25:34.561+0000] {processor.py:161} INFO - Started process (PID=1103) to work on /home/airflow/.local/lib/python3.12/site-packages/airflow/example_dags/example_sensors.py
[2025-11-12T19:25:34.562+0000] {processor.py:830} INFO - Processing file /home/airflow/.local/lib/python3.12/site-packages/airflow/example_dags/example_sensors.py for tasks to queue
[2025-11-12T19:25:34.564+0000] {logging_mixin.py:188} INFO - [2025-11-12T19:25:34.564+0000] {dagbag.py:545} INFO - Filling up the DagBag from /home/airflow/.local/lib/python3.12/site-packages/airflow/example_dags/example_sensors.py
[2025-11-12T19:25:34.571+0000] {processor.py:840} INFO - DAG(s) 'example_sensors' retrieved from /home/airflow/.local/lib/python3.12/site-packages/airflow/example_dags/example_sensors.py
[2025-11-12T19:25:34.596+0000] {logging_mixin.py:188} INFO - [2025-11-12T19:25:34.595+0000] {dag.py:3096} INFO - Sync 1 DAGs
[2025-11-12T19:25:34.608+0000] {logging_mixin.py:188} INFO - [2025-11-12T19:25:34.608+0000] {dag.py:3954} INFO - Setting next_dagrun for example_sensors to None, run_after=None
[2025-11-12T19:25:34.627+0000] {processor.py:183} INFO - Processing /home/airflow/.local/lib/python3.12/site-packages/airflow/example_dags/example_sensors.py took 0.070 seconds
[2025-11-12T19:26:04.915+0000] {processor.py:161} INFO - Started process (PID=1163) to work on /home/airflow/.local/lib/python3.12/site-packages/airflow/example_dags/example_sensors.py
[2025-11-12T19:26:04.916+0000] {processor.py:830} INFO - Processing file /home/airflow/.local/lib/python3.12/site-packages/airflow/example_dags/example_sensors.py for tasks to queue
[2025-11-12T19:26:04.918+0000] {logging_mixin.py:188} INFO - [2025-11-12T19:26:04.917+0000] {dagbag.py:545} INFO - Filling up the DagBag from /home/airflow/.local/lib/python3.12/site-packages/airflow/example_dags/example_sensors.py
[2025-11-12T19:26:04.925+0000] {processor.py:840} INFO - DAG(s) 'example_sensors' retrieved from /home/airflow/.local/lib/python3.12/site-packages/airflow/example_dags/example_sensors.py
[2025-11-12T19:26:04.947+0000] {logging_mixin.py:188} INFO - [2025-11-12T19:26:04.947+0000] {dag.py:3096} INFO - Sync 1 DAGs
[2025-11-12T19:26:04.957+0000] {logging_mixin.py:188} INFO - [2025-11-12T19:26:04.957+0000] {dag.py:3954} INFO - Setting next_dagrun for example_sensors to None, run_after=None
[2025-11-12T19:26:04.980+0000] {processor.py:183} INFO - Processing /home/airflow/.local/lib/python3.12/site-packages/airflow/example_dags/example_sensors.py took 0.070 seconds
[2025-11-12T19:26:35.521+0000] {processor.py:161} INFO - Started process (PID=1224) to work on /home/airflow/.local/lib/python3.12/site-packages/airflow/example_dags/example_sensors.py
[2025-11-12T19:26:35.522+0000] {processor.py:830} INFO - Processing file /home/airflow/.local/lib/python3.12/site-packages/airflow/example_dags/example_sensors.py for tasks to queue
[2025-11-12T19:26:35.524+0000] {logging_mixin.py:188} INFO - [2025-11-12T19:26:35.524+0000] {dagbag.py:545} INFO - Filling up the DagBag from /home/airflow/.local/lib/python3.12/site-packages/airflow/example_dags/example_sensors.py
[2025-11-12T19:26:35.533+0000] {processor.py:840} INFO - DAG(s) 'example_sensors' retrieved from /home/airflow/.local/lib/python3.12/site-packages/airflow/example_dags/example_sensors.py
[2025-11-12T19:26:35.561+0000] {logging_mixin.py:188} INFO - [2025-11-12T19:26:35.560+0000] {dag.py:3096} INFO - Sync 1 DAGs
[2025-11-12T19:26:35.573+0000] {logging_mixin.py:188} INFO - [2025-11-12T19:26:35.572+0000] {dag.py:3954} INFO - Setting next_dagrun for example_sensors to None, run_after=None
[2025-11-12T19:26:35.599+0000] {processor.py:183} INFO - Processing /home/airflow/.local/lib/python3.12/site-packages/airflow/example_dags/example_sensors.py took 0.084 seconds
[2025-11-12T19:27:05.961+0000] {processor.py:161} INFO - Started process (PID=1284) to work on /home/airflow/.local/lib/python3.12/site-packages/airflow/example_dags/example_sensors.py
[2025-11-12T19:27:05.962+0000] {processor.py:830} INFO - Processing file /home/airflow/.local/lib/python3.12/site-packages/airflow/example_dags/example_sensors.py for tasks to queue
[2025-11-12T19:27:05.965+0000] {logging_mixin.py:188} INFO - [2025-11-12T19:27:05.964+0000] {dagbag.py:545} INFO - Filling up the DagBag from /home/airflow/.local/lib/python3.12/site-packages/airflow/example_dags/example_sensors.py
[2025-11-12T19:27:05.973+0000] {processor.py:840} INFO - DAG(s) 'example_sensors' retrieved from /home/airflow/.local/lib/python3.12/site-packages/airflow/example_dags/example_sensors.py
[2025-11-12T19:27:05.997+0000] {logging_mixin.py:188} INFO - [2025-11-12T19:27:05.997+0000] {dag.py:3096} INFO - Sync 1 DAGs
[2025-11-12T19:27:06.008+0000] {logging_mixin.py:188} INFO - [2025-11-12T19:27:06.008+0000] {dag.py:3954} INFO - Setting next_dagrun for example_sensors to None, run_after=None
[2025-11-12T19:27:06.026+0000] {processor.py:183} INFO - Processing /home/airflow/.local/lib/python3.12/site-packages/airflow/example_dags/example_sensors.py took 0.070 seconds
[2025-11-12T19:27:36.852+0000] {processor.py:161} INFO - Started process (PID=1344) to work on /home/airflow/.local/lib/python3.12/site-packages/airflow/example_dags/example_sensors.py
[2025-11-12T19:27:36.853+0000] {processor.py:830} INFO - Processing file /home/airflow/.local/lib/python3.12/site-packages/airflow/example_dags/example_sensors.py for tasks to queue
[2025-11-12T19:27:36.855+0000] {logging_mixin.py:188} INFO - [2025-11-12T19:27:36.855+0000] {dagbag.py:545} INFO - Filling up the DagBag from /home/airflow/.local/lib/python3.12/site-packages/airflow/example_dags/example_sensors.py
[2025-11-12T19:27:36.866+0000] {processor.py:840} INFO - DAG(s) 'example_sensors' retrieved from /home/airflow/.local/lib/python3.12/site-packages/airflow/example_dags/example_sensors.py
[2025-11-12T19:27:36.897+0000] {logging_mixin.py:188} INFO - [2025-11-12T19:27:36.897+0000] {dag.py:3096} INFO - Sync 1 DAGs
[2025-11-12T19:27:36.910+0000] {logging_mixin.py:188} INFO - [2025-11-12T19:27:36.910+0000] {dag.py:3954} INFO - Setting next_dagrun for example_sensors to None, run_after=None
[2025-11-12T19:27:36.943+0000] {processor.py:183} INFO - Processing /home/airflow/.local/lib/python3.12/site-packages/airflow/example_dags/example_sensors.py took 0.095 seconds
[2025-11-12T19:28:07.720+0000] {processor.py:161} INFO - Started process (PID=1405) to work on /home/airflow/.local/lib/python3.12/site-packages/airflow/example_dags/example_sensors.py
[2025-11-12T19:28:07.721+0000] {processor.py:830} INFO - Processing file /home/airflow/.local/lib/python3.12/site-packages/airflow/example_dags/example_sensors.py for tasks to queue
[2025-11-12T19:28:07.723+0000] {logging_mixin.py:188} INFO - [2025-11-12T19:28:07.722+0000] {dagbag.py:545} INFO - Filling up the DagBag from /home/airflow/.local/lib/python3.12/site-packages/airflow/example_dags/example_sensors.py
[2025-11-12T19:28:07.732+0000] {processor.py:840} INFO - DAG(s) 'example_sensors' retrieved from /home/airflow/.local/lib/python3.12/site-packages/airflow/example_dags/example_sensors.py
[2025-11-12T19:28:07.756+0000] {logging_mixin.py:188} INFO - [2025-11-12T19:28:07.755+0000] {dag.py:3096} INFO - Sync 1 DAGs
[2025-11-12T19:28:07.767+0000] {logging_mixin.py:188} INFO - [2025-11-12T19:28:07.767+0000] {dag.py:3954} INFO - Setting next_dagrun for example_sensors to None, run_after=None
[2025-11-12T19:28:08.098+0000] {processor.py:183} INFO - Processing /home/airflow/.local/lib/python3.12/site-packages/airflow/example_dags/example_sensors.py took 0.383 seconds
[2025-11-12T19:28:38.831+0000] {processor.py:161} INFO - Started process (PID=1465) to work on /home/airflow/.local/lib/python3.12/site-packages/airflow/example_dags/example_sensors.py
[2025-11-12T19:28:38.832+0000] {processor.py:830} INFO - Processing file /home/airflow/.local/lib/python3.12/site-packages/airflow/example_dags/example_sensors.py for tasks to queue
[2025-11-12T19:28:38.834+0000] {logging_mixin.py:188} INFO - [2025-11-12T19:28:38.834+0000] {dagbag.py:545} INFO - Filling up the DagBag from /home/airflow/.local/lib/python3.12/site-packages/airflow/example_dags/example_sensors.py
[2025-11-12T19:28:38.841+0000] {processor.py:840} INFO - DAG(s) 'example_sensors' retrieved from /home/airflow/.local/lib/python3.12/site-packages/airflow/example_dags/example_sensors.py
[2025-11-12T19:28:38.866+0000] {logging_mixin.py:188} INFO - [2025-11-12T19:28:38.865+0000] {dag.py:3096} INFO - Sync 1 DAGs
[2025-11-12T19:28:38.875+0000] {logging_mixin.py:188} INFO - [2025-11-12T19:28:38.875+0000] {dag.py:3954} INFO - Setting next_dagrun for example_sensors to None, run_after=None
[2025-11-12T19:28:38.893+0000] {processor.py:183} INFO - Processing /home/airflow/.local/lib/python3.12/site-packages/airflow/example_dags/example_sensors.py took 0.066 seconds
[2025-11-12T19:29:09.002+0000] {processor.py:161} INFO - Started process (PID=1525) to work on /home/airflow/.local/lib/python3.12/site-packages/airflow/example_dags/example_sensors.py
[2025-11-12T19:29:09.003+0000] {processor.py:830} INFO - Processing file /home/airflow/.local/lib/python3.12/site-packages/airflow/example_dags/example_sensors.py for tasks to queue
[2025-11-12T19:29:09.005+0000] {logging_mixin.py:188} INFO - [2025-11-12T19:29:09.005+0000] {dagbag.py:545} INFO - Filling up the DagBag from /home/airflow/.local/lib/python3.12/site-packages/airflow/example_dags/example_sensors.py
[2025-11-12T19:29:09.013+0000] {processor.py:840} INFO - DAG(s) 'example_sensors' retrieved from /home/airflow/.local/lib/python3.12/site-packages/airflow/example_dags/example_sensors.py
[2025-11-12T19:29:09.037+0000] {logging_mixin.py:188} INFO - [2025-11-12T19:29:09.037+0000] {dag.py:3096} INFO - Sync 1 DAGs
[2025-11-12T19:29:09.051+0000] {logging_mixin.py:188} INFO - [2025-11-12T19:29:09.050+0000] {dag.py:3954} INFO - Setting next_dagrun for example_sensors to None, run_after=None
[2025-11-12T19:29:09.082+0000] {processor.py:183} INFO - Processing /home/airflow/.local/lib/python3.12/site-packages/airflow/example_dags/example_sensors.py took 0.085 seconds
[2025-11-12T19:29:40.351+0000] {processor.py:161} INFO - Started process (PID=1585) to work on /home/airflow/.local/lib/python3.12/site-packages/airflow/example_dags/example_sensors.py
[2025-11-12T19:29:40.352+0000] {processor.py:830} INFO - Processing file /home/airflow/.local/lib/python3.12/site-packages/airflow/example_dags/example_sensors.py for tasks to queue
[2025-11-12T19:29:40.354+0000] {logging_mixin.py:188} INFO - [2025-11-12T19:29:40.354+0000] {dagbag.py:545} INFO - Filling up the DagBag from /home/airflow/.local/lib/python3.12/site-packages/airflow/example_dags/example_sensors.py
[2025-11-12T19:29:40.362+0000] {processor.py:840} INFO - DAG(s) 'example_sensors' retrieved from /home/airflow/.local/lib/python3.12/site-packages/airflow/example_dags/example_sensors.py
[2025-11-12T19:29:40.599+0000] {logging_mixin.py:188} INFO - [2025-11-12T19:29:40.599+0000] {dag.py:3096} INFO - Sync 1 DAGs
[2025-11-12T19:29:40.609+0000] {logging_mixin.py:188} INFO - [2025-11-12T19:29:40.608+0000] {dag.py:3954} INFO - Setting next_dagrun for example_sensors to None, run_after=None
[2025-11-12T19:29:40.629+0000] {processor.py:183} INFO - Processing /home/airflow/.local/lib/python3.12/site-packages/airflow/example_dags/example_sensors.py took 0.283 seconds
[2025-11-12T19:30:11.361+0000] {processor.py:161} INFO - Started process (PID=1645) to work on /home/airflow/.local/lib/python3.12/site-packages/airflow/example_dags/example_sensors.py
[2025-11-12T19:30:11.362+0000] {processor.py:830} INFO - Processing file /home/airflow/.local/lib/python3.12/site-packages/airflow/example_dags/example_sensors.py for tasks to queue
[2025-11-12T19:30:11.365+0000] {logging_mixin.py:188} INFO - [2025-11-12T19:30:11.364+0000] {dagbag.py:545} INFO - Filling up the DagBag from /home/airflow/.local/lib/python3.12/site-packages/airflow/example_dags/example_sensors.py
[2025-11-12T19:30:11.372+0000] {processor.py:840} INFO - DAG(s) 'example_sensors' retrieved from /home/airflow/.local/lib/python3.12/site-packages/airflow/example_dags/example_sensors.py
[2025-11-12T19:30:11.404+0000] {logging_mixin.py:188} INFO - [2025-11-12T19:30:11.404+0000] {dag.py:3096} INFO - Sync 1 DAGs
[2025-11-12T19:30:11.418+0000] {logging_mixin.py:188} INFO - [2025-11-12T19:30:11.418+0000] {dag.py:3954} INFO - Setting next_dagrun for example_sensors to None, run_after=None
[2025-11-12T19:30:11.449+0000] {processor.py:183} INFO - Processing /home/airflow/.local/lib/python3.12/site-packages/airflow/example_dags/example_sensors.py took 0.092 seconds
[2025-11-12T19:30:41.664+0000] {processor.py:161} INFO - Started process (PID=1705) to work on /home/airflow/.local/lib/python3.12/site-packages/airflow/example_dags/example_sensors.py
[2025-11-12T19:30:41.665+0000] {processor.py:830} INFO - Processing file /home/airflow/.local/lib/python3.12/site-packages/airflow/example_dags/example_sensors.py for tasks to queue
[2025-11-12T19:30:41.668+0000] {logging_mixin.py:188} INFO - [2025-11-12T19:30:41.667+0000] {dagbag.py:545} INFO - Filling up the DagBag from /home/airflow/.local/lib/python3.12/site-packages/airflow/example_dags/example_sensors.py
[2025-11-12T19:30:41.675+0000] {processor.py:840} INFO - DAG(s) 'example_sensors' retrieved from /home/airflow/.local/lib/python3.12/site-packages/airflow/example_dags/example_sensors.py
[2025-11-12T19:30:41.700+0000] {logging_mixin.py:188} INFO - [2025-11-12T19:30:41.700+0000] {dag.py:3096} INFO - Sync 1 DAGs
[2025-11-12T19:30:41.710+0000] {logging_mixin.py:188} INFO - [2025-11-12T19:30:41.710+0000] {dag.py:3954} INFO - Setting next_dagrun for example_sensors to None, run_after=None
[2025-11-12T19:30:41.732+0000] {processor.py:183} INFO - Processing /home/airflow/.local/lib/python3.12/site-packages/airflow/example_dags/example_sensors.py took 0.075 seconds
[2025-11-12T19:31:12.111+0000] {processor.py:161} INFO - Started process (PID=1765) to work on /home/airflow/.local/lib/python3.12/site-packages/airflow/example_dags/example_sensors.py
[2025-11-12T19:31:12.112+0000] {processor.py:830} INFO - Processing file /home/airflow/.local/lib/python3.12/site-packages/airflow/example_dags/example_sensors.py for tasks to queue
[2025-11-12T19:31:12.114+0000] {logging_mixin.py:188} INFO - [2025-11-12T19:31:12.113+0000] {dagbag.py:545} INFO - Filling up the DagBag from /home/airflow/.local/lib/python3.12/site-packages/airflow/example_dags/example_sensors.py
[2025-11-12T19:31:12.123+0000] {processor.py:840} INFO - DAG(s) 'example_sensors' retrieved from /home/airflow/.local/lib/python3.12/site-packages/airflow/example_dags/example_sensors.py
[2025-11-12T19:31:12.162+0000] {logging_mixin.py:188} INFO - [2025-11-12T19:31:12.162+0000] {dag.py:3096} INFO - Sync 1 DAGs
[2025-11-12T19:31:12.181+0000] {logging_mixin.py:188} INFO - [2025-11-12T19:31:12.180+0000] {dag.py:3954} INFO - Setting next_dagrun for example_sensors to None, run_after=None
[2025-11-12T19:31:12.199+0000] {processor.py:183} INFO - Processing /home/airflow/.local/lib/python3.12/site-packages/airflow/example_dags/example_sensors.py took 0.093 seconds
[2025-11-12T19:31:42.892+0000] {processor.py:161} INFO - Started process (PID=1828) to work on /home/airflow/.local/lib/python3.12/site-packages/airflow/example_dags/example_sensors.py
[2025-11-12T19:31:42.893+0000] {processor.py:830} INFO - Processing file /home/airflow/.local/lib/python3.12/site-packages/airflow/example_dags/example_sensors.py for tasks to queue
[2025-11-12T19:31:42.895+0000] {logging_mixin.py:188} INFO - [2025-11-12T19:31:42.894+0000] {dagbag.py:545} INFO - Filling up the DagBag from /home/airflow/.local/lib/python3.12/site-packages/airflow/example_dags/example_sensors.py
[2025-11-12T19:31:42.904+0000] {processor.py:840} INFO - DAG(s) 'example_sensors' retrieved from /home/airflow/.local/lib/python3.12/site-packages/airflow/example_dags/example_sensors.py
[2025-11-12T19:31:42.928+0000] {logging_mixin.py:188} INFO - [2025-11-12T19:31:42.927+0000] {dag.py:3096} INFO - Sync 1 DAGs
[2025-11-12T19:31:42.937+0000] {logging_mixin.py:188} INFO - [2025-11-12T19:31:42.937+0000] {dag.py:3954} INFO - Setting next_dagrun for example_sensors to None, run_after=None
[2025-11-12T19:31:42.960+0000] {processor.py:183} INFO - Processing /home/airflow/.local/lib/python3.12/site-packages/airflow/example_dags/example_sensors.py took 0.073 seconds
