[2025-11-12T19:06:10.936+0000] {processor.py:161} INFO - Started process (PID=88) to work on /home/airflow/.local/lib/python3.12/site-packages/airflow/example_dags/example_sla_dag.py
[2025-11-12T19:06:10.937+0000] {processor.py:830} INFO - Processing file /home/airflow/.local/lib/python3.12/site-packages/airflow/example_dags/example_sla_dag.py for tasks to queue
[2025-11-12T19:06:10.940+0000] {logging_mixin.py:188} INFO - [2025-11-12T19:06:10.939+0000] {dagbag.py:545} INFO - Filling up the DagBag from /home/airflow/.local/lib/python3.12/site-packages/airflow/example_dags/example_sla_dag.py
[2025-11-12T19:06:10.952+0000] {processor.py:840} INFO - DAG(s) 'example_sla_dag' retrieved from /home/airflow/.local/lib/python3.12/site-packages/airflow/example_dags/example_sla_dag.py
[2025-11-12T19:06:11.086+0000] {logging_mixin.py:188} INFO - [2025-11-12T19:06:11.086+0000] {dag.py:3096} INFO - Sync 1 DAGs
[2025-11-12T19:06:11.113+0000] {logging_mixin.py:188} INFO - [2025-11-12T19:06:11.112+0000] {dag.py:3954} INFO - Setting next_dagrun for example_sla_dag to 2025-11-12 19:04:00+00:00, run_after=2025-11-12 19:06:00+00:00
[2025-11-12T19:06:11.145+0000] {processor.py:183} INFO - Processing /home/airflow/.local/lib/python3.12/site-packages/airflow/example_dags/example_sla_dag.py took 0.215 seconds
[2025-11-12T19:06:42.222+0000] {processor.py:161} INFO - Started process (PID=149) to work on /home/airflow/.local/lib/python3.12/site-packages/airflow/example_dags/example_sla_dag.py
[2025-11-12T19:06:42.223+0000] {processor.py:830} INFO - Processing file /home/airflow/.local/lib/python3.12/site-packages/airflow/example_dags/example_sla_dag.py for tasks to queue
[2025-11-12T19:06:42.225+0000] {logging_mixin.py:188} INFO - [2025-11-12T19:06:42.225+0000] {dagbag.py:545} INFO - Filling up the DagBag from /home/airflow/.local/lib/python3.12/site-packages/airflow/example_dags/example_sla_dag.py
[2025-11-12T19:06:42.234+0000] {processor.py:840} INFO - DAG(s) 'example_sla_dag' retrieved from /home/airflow/.local/lib/python3.12/site-packages/airflow/example_dags/example_sla_dag.py
[2025-11-12T19:06:42.257+0000] {logging_mixin.py:188} INFO - [2025-11-12T19:06:42.257+0000] {dag.py:3096} INFO - Sync 1 DAGs
[2025-11-12T19:06:42.283+0000] {logging_mixin.py:188} INFO - [2025-11-12T19:06:42.283+0000] {dag.py:3954} INFO - Setting next_dagrun for example_sla_dag to 2025-11-12 19:04:00+00:00, run_after=2025-11-12 19:06:00+00:00
[2025-11-12T19:06:42.310+0000] {processor.py:183} INFO - Processing /home/airflow/.local/lib/python3.12/site-packages/airflow/example_dags/example_sla_dag.py took 0.093 seconds
[2025-11-12T19:07:12.475+0000] {processor.py:161} INFO - Started process (PID=209) to work on /home/airflow/.local/lib/python3.12/site-packages/airflow/example_dags/example_sla_dag.py
[2025-11-12T19:07:12.476+0000] {processor.py:830} INFO - Processing file /home/airflow/.local/lib/python3.12/site-packages/airflow/example_dags/example_sla_dag.py for tasks to queue
[2025-11-12T19:07:12.478+0000] {logging_mixin.py:188} INFO - [2025-11-12T19:07:12.477+0000] {dagbag.py:545} INFO - Filling up the DagBag from /home/airflow/.local/lib/python3.12/site-packages/airflow/example_dags/example_sla_dag.py
[2025-11-12T19:07:12.485+0000] {processor.py:840} INFO - DAG(s) 'example_sla_dag' retrieved from /home/airflow/.local/lib/python3.12/site-packages/airflow/example_dags/example_sla_dag.py
[2025-11-12T19:07:12.508+0000] {logging_mixin.py:188} INFO - [2025-11-12T19:07:12.508+0000] {dag.py:3096} INFO - Sync 1 DAGs
[2025-11-12T19:07:12.531+0000] {logging_mixin.py:188} INFO - [2025-11-12T19:07:12.531+0000] {dag.py:3954} INFO - Setting next_dagrun for example_sla_dag to 2025-11-12 19:04:00+00:00, run_after=2025-11-12 19:06:00+00:00
[2025-11-12T19:07:12.551+0000] {processor.py:183} INFO - Processing /home/airflow/.local/lib/python3.12/site-packages/airflow/example_dags/example_sla_dag.py took 0.081 seconds
[2025-11-12T19:07:43.529+0000] {processor.py:161} INFO - Started process (PID=269) to work on /home/airflow/.local/lib/python3.12/site-packages/airflow/example_dags/example_sla_dag.py
[2025-11-12T19:07:43.530+0000] {processor.py:830} INFO - Processing file /home/airflow/.local/lib/python3.12/site-packages/airflow/example_dags/example_sla_dag.py for tasks to queue
[2025-11-12T19:07:43.532+0000] {logging_mixin.py:188} INFO - [2025-11-12T19:07:43.532+0000] {dagbag.py:545} INFO - Filling up the DagBag from /home/airflow/.local/lib/python3.12/site-packages/airflow/example_dags/example_sla_dag.py
[2025-11-12T19:07:43.539+0000] {processor.py:840} INFO - DAG(s) 'example_sla_dag' retrieved from /home/airflow/.local/lib/python3.12/site-packages/airflow/example_dags/example_sla_dag.py
[2025-11-12T19:07:43.559+0000] {logging_mixin.py:188} INFO - [2025-11-12T19:07:43.558+0000] {dag.py:3096} INFO - Sync 1 DAGs
[2025-11-12T19:07:43.580+0000] {logging_mixin.py:188} INFO - [2025-11-12T19:07:43.579+0000] {dag.py:3954} INFO - Setting next_dagrun for example_sla_dag to 2025-11-12 19:04:00+00:00, run_after=2025-11-12 19:06:00+00:00
[2025-11-12T19:07:43.600+0000] {processor.py:183} INFO - Processing /home/airflow/.local/lib/python3.12/site-packages/airflow/example_dags/example_sla_dag.py took 0.077 seconds
[2025-11-12T19:08:14.452+0000] {processor.py:161} INFO - Started process (PID=329) to work on /home/airflow/.local/lib/python3.12/site-packages/airflow/example_dags/example_sla_dag.py
[2025-11-12T19:08:14.453+0000] {processor.py:830} INFO - Processing file /home/airflow/.local/lib/python3.12/site-packages/airflow/example_dags/example_sla_dag.py for tasks to queue
[2025-11-12T19:08:14.455+0000] {logging_mixin.py:188} INFO - [2025-11-12T19:08:14.454+0000] {dagbag.py:545} INFO - Filling up the DagBag from /home/airflow/.local/lib/python3.12/site-packages/airflow/example_dags/example_sla_dag.py
[2025-11-12T19:08:14.463+0000] {processor.py:840} INFO - DAG(s) 'example_sla_dag' retrieved from /home/airflow/.local/lib/python3.12/site-packages/airflow/example_dags/example_sla_dag.py
[2025-11-12T19:08:14.492+0000] {logging_mixin.py:188} INFO - [2025-11-12T19:08:14.492+0000] {dag.py:3096} INFO - Sync 1 DAGs
[2025-11-12T19:08:14.525+0000] {logging_mixin.py:188} INFO - [2025-11-12T19:08:14.524+0000] {dag.py:3954} INFO - Setting next_dagrun for example_sla_dag to 2025-11-12 19:06:00+00:00, run_after=2025-11-12 19:08:00+00:00
[2025-11-12T19:08:14.555+0000] {processor.py:183} INFO - Processing /home/airflow/.local/lib/python3.12/site-packages/airflow/example_dags/example_sla_dag.py took 0.110 seconds
[2025-11-12T19:08:44.983+0000] {processor.py:161} INFO - Started process (PID=389) to work on /home/airflow/.local/lib/python3.12/site-packages/airflow/example_dags/example_sla_dag.py
[2025-11-12T19:08:44.985+0000] {processor.py:830} INFO - Processing file /home/airflow/.local/lib/python3.12/site-packages/airflow/example_dags/example_sla_dag.py for tasks to queue
[2025-11-12T19:08:44.986+0000] {logging_mixin.py:188} INFO - [2025-11-12T19:08:44.986+0000] {dagbag.py:545} INFO - Filling up the DagBag from /home/airflow/.local/lib/python3.12/site-packages/airflow/example_dags/example_sla_dag.py
[2025-11-12T19:08:44.994+0000] {processor.py:840} INFO - DAG(s) 'example_sla_dag' retrieved from /home/airflow/.local/lib/python3.12/site-packages/airflow/example_dags/example_sla_dag.py
[2025-11-12T19:08:45.021+0000] {logging_mixin.py:188} INFO - [2025-11-12T19:08:45.021+0000] {dag.py:3096} INFO - Sync 1 DAGs
[2025-11-12T19:08:45.047+0000] {logging_mixin.py:188} INFO - [2025-11-12T19:08:45.046+0000] {dag.py:3954} INFO - Setting next_dagrun for example_sla_dag to 2025-11-12 19:06:00+00:00, run_after=2025-11-12 19:08:00+00:00
[2025-11-12T19:08:45.072+0000] {processor.py:183} INFO - Processing /home/airflow/.local/lib/python3.12/site-packages/airflow/example_dags/example_sla_dag.py took 0.093 seconds
[2025-11-12T19:09:15.225+0000] {processor.py:161} INFO - Started process (PID=450) to work on /home/airflow/.local/lib/python3.12/site-packages/airflow/example_dags/example_sla_dag.py
[2025-11-12T19:09:15.226+0000] {processor.py:830} INFO - Processing file /home/airflow/.local/lib/python3.12/site-packages/airflow/example_dags/example_sla_dag.py for tasks to queue
[2025-11-12T19:09:15.228+0000] {logging_mixin.py:188} INFO - [2025-11-12T19:09:15.227+0000] {dagbag.py:545} INFO - Filling up the DagBag from /home/airflow/.local/lib/python3.12/site-packages/airflow/example_dags/example_sla_dag.py
[2025-11-12T19:09:15.235+0000] {processor.py:840} INFO - DAG(s) 'example_sla_dag' retrieved from /home/airflow/.local/lib/python3.12/site-packages/airflow/example_dags/example_sla_dag.py
[2025-11-12T19:09:15.261+0000] {logging_mixin.py:188} INFO - [2025-11-12T19:09:15.261+0000] {dag.py:3096} INFO - Sync 1 DAGs
[2025-11-12T19:09:15.287+0000] {logging_mixin.py:188} INFO - [2025-11-12T19:09:15.286+0000] {dag.py:3954} INFO - Setting next_dagrun for example_sla_dag to 2025-11-12 19:06:00+00:00, run_after=2025-11-12 19:08:00+00:00
[2025-11-12T19:09:15.315+0000] {processor.py:183} INFO - Processing /home/airflow/.local/lib/python3.12/site-packages/airflow/example_dags/example_sla_dag.py took 0.095 seconds
[2025-11-12T19:09:45.498+0000] {processor.py:161} INFO - Started process (PID=511) to work on /home/airflow/.local/lib/python3.12/site-packages/airflow/example_dags/example_sla_dag.py
[2025-11-12T19:09:45.499+0000] {processor.py:830} INFO - Processing file /home/airflow/.local/lib/python3.12/site-packages/airflow/example_dags/example_sla_dag.py for tasks to queue
[2025-11-12T19:09:45.500+0000] {logging_mixin.py:188} INFO - [2025-11-12T19:09:45.500+0000] {dagbag.py:545} INFO - Filling up the DagBag from /home/airflow/.local/lib/python3.12/site-packages/airflow/example_dags/example_sla_dag.py
[2025-11-12T19:09:45.508+0000] {processor.py:840} INFO - DAG(s) 'example_sla_dag' retrieved from /home/airflow/.local/lib/python3.12/site-packages/airflow/example_dags/example_sla_dag.py
[2025-11-12T19:09:45.530+0000] {logging_mixin.py:188} INFO - [2025-11-12T19:09:45.530+0000] {dag.py:3096} INFO - Sync 1 DAGs
[2025-11-12T19:09:45.552+0000] {logging_mixin.py:188} INFO - [2025-11-12T19:09:45.552+0000] {dag.py:3954} INFO - Setting next_dagrun for example_sla_dag to 2025-11-12 19:06:00+00:00, run_after=2025-11-12 19:08:00+00:00
[2025-11-12T19:09:45.579+0000] {processor.py:183} INFO - Processing /home/airflow/.local/lib/python3.12/site-packages/airflow/example_dags/example_sla_dag.py took 0.086 seconds
[2025-11-12T19:10:16.558+0000] {processor.py:161} INFO - Started process (PID=571) to work on /home/airflow/.local/lib/python3.12/site-packages/airflow/example_dags/example_sla_dag.py
[2025-11-12T19:10:16.559+0000] {processor.py:830} INFO - Processing file /home/airflow/.local/lib/python3.12/site-packages/airflow/example_dags/example_sla_dag.py for tasks to queue
[2025-11-12T19:10:16.560+0000] {logging_mixin.py:188} INFO - [2025-11-12T19:10:16.560+0000] {dagbag.py:545} INFO - Filling up the DagBag from /home/airflow/.local/lib/python3.12/site-packages/airflow/example_dags/example_sla_dag.py
[2025-11-12T19:10:16.568+0000] {processor.py:840} INFO - DAG(s) 'example_sla_dag' retrieved from /home/airflow/.local/lib/python3.12/site-packages/airflow/example_dags/example_sla_dag.py
[2025-11-12T19:10:16.594+0000] {logging_mixin.py:188} INFO - [2025-11-12T19:10:16.594+0000] {dag.py:3096} INFO - Sync 1 DAGs
[2025-11-12T19:10:16.615+0000] {logging_mixin.py:188} INFO - [2025-11-12T19:10:16.615+0000] {dag.py:3954} INFO - Setting next_dagrun for example_sla_dag to 2025-11-12 19:08:00+00:00, run_after=2025-11-12 19:10:00+00:00
[2025-11-12T19:10:16.646+0000] {processor.py:183} INFO - Processing /home/airflow/.local/lib/python3.12/site-packages/airflow/example_dags/example_sla_dag.py took 0.092 seconds
[2025-11-12T19:10:46.745+0000] {processor.py:161} INFO - Started process (PID=632) to work on /home/airflow/.local/lib/python3.12/site-packages/airflow/example_dags/example_sla_dag.py
[2025-11-12T19:10:46.746+0000] {processor.py:830} INFO - Processing file /home/airflow/.local/lib/python3.12/site-packages/airflow/example_dags/example_sla_dag.py for tasks to queue
[2025-11-12T19:10:46.747+0000] {logging_mixin.py:188} INFO - [2025-11-12T19:10:46.746+0000] {dagbag.py:545} INFO - Filling up the DagBag from /home/airflow/.local/lib/python3.12/site-packages/airflow/example_dags/example_sla_dag.py
[2025-11-12T19:10:46.755+0000] {processor.py:840} INFO - DAG(s) 'example_sla_dag' retrieved from /home/airflow/.local/lib/python3.12/site-packages/airflow/example_dags/example_sla_dag.py
[2025-11-12T19:10:46.780+0000] {logging_mixin.py:188} INFO - [2025-11-12T19:10:46.780+0000] {dag.py:3096} INFO - Sync 1 DAGs
[2025-11-12T19:10:46.806+0000] {logging_mixin.py:188} INFO - [2025-11-12T19:10:46.806+0000] {dag.py:3954} INFO - Setting next_dagrun for example_sla_dag to 2025-11-12 19:08:00+00:00, run_after=2025-11-12 19:10:00+00:00
[2025-11-12T19:10:46.831+0000] {processor.py:183} INFO - Processing /home/airflow/.local/lib/python3.12/site-packages/airflow/example_dags/example_sla_dag.py took 0.091 seconds
[2025-11-12T19:11:17.183+0000] {processor.py:161} INFO - Started process (PID=692) to work on /home/airflow/.local/lib/python3.12/site-packages/airflow/example_dags/example_sla_dag.py
[2025-11-12T19:11:17.184+0000] {processor.py:830} INFO - Processing file /home/airflow/.local/lib/python3.12/site-packages/airflow/example_dags/example_sla_dag.py for tasks to queue
[2025-11-12T19:11:17.186+0000] {logging_mixin.py:188} INFO - [2025-11-12T19:11:17.185+0000] {dagbag.py:545} INFO - Filling up the DagBag from /home/airflow/.local/lib/python3.12/site-packages/airflow/example_dags/example_sla_dag.py
[2025-11-12T19:11:17.197+0000] {processor.py:840} INFO - DAG(s) 'example_sla_dag' retrieved from /home/airflow/.local/lib/python3.12/site-packages/airflow/example_dags/example_sla_dag.py
[2025-11-12T19:11:17.224+0000] {logging_mixin.py:188} INFO - [2025-11-12T19:11:17.224+0000] {dag.py:3096} INFO - Sync 1 DAGs
[2025-11-12T19:11:17.254+0000] {logging_mixin.py:188} INFO - [2025-11-12T19:11:17.254+0000] {dag.py:3954} INFO - Setting next_dagrun for example_sla_dag to 2025-11-12 19:08:00+00:00, run_after=2025-11-12 19:10:00+00:00
[2025-11-12T19:11:17.285+0000] {processor.py:183} INFO - Processing /home/airflow/.local/lib/python3.12/site-packages/airflow/example_dags/example_sla_dag.py took 0.110 seconds
[2025-11-12T19:11:48.290+0000] {processor.py:161} INFO - Started process (PID=752) to work on /home/airflow/.local/lib/python3.12/site-packages/airflow/example_dags/example_sla_dag.py
[2025-11-12T19:11:48.291+0000] {processor.py:830} INFO - Processing file /home/airflow/.local/lib/python3.12/site-packages/airflow/example_dags/example_sla_dag.py for tasks to queue
[2025-11-12T19:11:48.292+0000] {logging_mixin.py:188} INFO - [2025-11-12T19:11:48.292+0000] {dagbag.py:545} INFO - Filling up the DagBag from /home/airflow/.local/lib/python3.12/site-packages/airflow/example_dags/example_sla_dag.py
[2025-11-12T19:11:48.299+0000] {processor.py:840} INFO - DAG(s) 'example_sla_dag' retrieved from /home/airflow/.local/lib/python3.12/site-packages/airflow/example_dags/example_sla_dag.py
[2025-11-12T19:11:48.328+0000] {logging_mixin.py:188} INFO - [2025-11-12T19:11:48.328+0000] {dag.py:3096} INFO - Sync 1 DAGs
[2025-11-12T19:11:48.357+0000] {logging_mixin.py:188} INFO - [2025-11-12T19:11:48.357+0000] {dag.py:3954} INFO - Setting next_dagrun for example_sla_dag to 2025-11-12 19:08:00+00:00, run_after=2025-11-12 19:10:00+00:00
[2025-11-12T19:11:48.387+0000] {processor.py:183} INFO - Processing /home/airflow/.local/lib/python3.12/site-packages/airflow/example_dags/example_sla_dag.py took 0.102 seconds
[2025-11-12T19:12:18.462+0000] {processor.py:161} INFO - Started process (PID=811) to work on /home/airflow/.local/lib/python3.12/site-packages/airflow/example_dags/example_sla_dag.py
[2025-11-12T19:12:18.463+0000] {processor.py:830} INFO - Processing file /home/airflow/.local/lib/python3.12/site-packages/airflow/example_dags/example_sla_dag.py for tasks to queue
[2025-11-12T19:12:18.464+0000] {logging_mixin.py:188} INFO - [2025-11-12T19:12:18.464+0000] {dagbag.py:545} INFO - Filling up the DagBag from /home/airflow/.local/lib/python3.12/site-packages/airflow/example_dags/example_sla_dag.py
[2025-11-12T19:12:18.473+0000] {processor.py:840} INFO - DAG(s) 'example_sla_dag' retrieved from /home/airflow/.local/lib/python3.12/site-packages/airflow/example_dags/example_sla_dag.py
[2025-11-12T19:12:18.492+0000] {logging_mixin.py:188} INFO - [2025-11-12T19:12:18.492+0000] {dag.py:3096} INFO - Sync 1 DAGs
[2025-11-12T19:12:18.512+0000] {logging_mixin.py:188} INFO - [2025-11-12T19:12:18.512+0000] {dag.py:3954} INFO - Setting next_dagrun for example_sla_dag to 2025-11-12 19:10:00+00:00, run_after=2025-11-12 19:12:00+00:00
[2025-11-12T19:12:18.532+0000] {processor.py:183} INFO - Processing /home/airflow/.local/lib/python3.12/site-packages/airflow/example_dags/example_sla_dag.py took 0.075 seconds
[2025-11-12T19:12:48.822+0000] {processor.py:161} INFO - Started process (PID=871) to work on /home/airflow/.local/lib/python3.12/site-packages/airflow/example_dags/example_sla_dag.py
[2025-11-12T19:12:48.823+0000] {processor.py:830} INFO - Processing file /home/airflow/.local/lib/python3.12/site-packages/airflow/example_dags/example_sla_dag.py for tasks to queue
[2025-11-12T19:12:48.824+0000] {logging_mixin.py:188} INFO - [2025-11-12T19:12:48.824+0000] {dagbag.py:545} INFO - Filling up the DagBag from /home/airflow/.local/lib/python3.12/site-packages/airflow/example_dags/example_sla_dag.py
[2025-11-12T19:12:48.833+0000] {processor.py:840} INFO - DAG(s) 'example_sla_dag' retrieved from /home/airflow/.local/lib/python3.12/site-packages/airflow/example_dags/example_sla_dag.py
[2025-11-12T19:12:48.859+0000] {logging_mixin.py:188} INFO - [2025-11-12T19:12:48.859+0000] {dag.py:3096} INFO - Sync 1 DAGs
[2025-11-12T19:12:48.890+0000] {logging_mixin.py:188} INFO - [2025-11-12T19:12:48.890+0000] {dag.py:3954} INFO - Setting next_dagrun for example_sla_dag to 2025-11-12 19:10:00+00:00, run_after=2025-11-12 19:12:00+00:00
[2025-11-12T19:12:48.918+0000] {processor.py:183} INFO - Processing /home/airflow/.local/lib/python3.12/site-packages/airflow/example_dags/example_sla_dag.py took 0.100 seconds
[2025-11-12T19:13:19.502+0000] {processor.py:161} INFO - Started process (PID=932) to work on /home/airflow/.local/lib/python3.12/site-packages/airflow/example_dags/example_sla_dag.py
[2025-11-12T19:13:19.503+0000] {processor.py:830} INFO - Processing file /home/airflow/.local/lib/python3.12/site-packages/airflow/example_dags/example_sla_dag.py for tasks to queue
[2025-11-12T19:13:19.504+0000] {logging_mixin.py:188} INFO - [2025-11-12T19:13:19.504+0000] {dagbag.py:545} INFO - Filling up the DagBag from /home/airflow/.local/lib/python3.12/site-packages/airflow/example_dags/example_sla_dag.py
[2025-11-12T19:13:19.511+0000] {processor.py:840} INFO - DAG(s) 'example_sla_dag' retrieved from /home/airflow/.local/lib/python3.12/site-packages/airflow/example_dags/example_sla_dag.py
[2025-11-12T19:13:19.531+0000] {logging_mixin.py:188} INFO - [2025-11-12T19:13:19.531+0000] {dag.py:3096} INFO - Sync 1 DAGs
[2025-11-12T19:13:19.561+0000] {logging_mixin.py:188} INFO - [2025-11-12T19:13:19.561+0000] {dag.py:3954} INFO - Setting next_dagrun for example_sla_dag to 2025-11-12 19:10:00+00:00, run_after=2025-11-12 19:12:00+00:00
[2025-11-12T19:13:19.597+0000] {processor.py:183} INFO - Processing /home/airflow/.local/lib/python3.12/site-packages/airflow/example_dags/example_sla_dag.py took 0.101 seconds
[2025-11-12T19:13:49.677+0000] {processor.py:161} INFO - Started process (PID=992) to work on /home/airflow/.local/lib/python3.12/site-packages/airflow/example_dags/example_sla_dag.py
[2025-11-12T19:13:49.678+0000] {processor.py:830} INFO - Processing file /home/airflow/.local/lib/python3.12/site-packages/airflow/example_dags/example_sla_dag.py for tasks to queue
[2025-11-12T19:13:49.679+0000] {logging_mixin.py:188} INFO - [2025-11-12T19:13:49.679+0000] {dagbag.py:545} INFO - Filling up the DagBag from /home/airflow/.local/lib/python3.12/site-packages/airflow/example_dags/example_sla_dag.py
[2025-11-12T19:13:49.686+0000] {processor.py:840} INFO - DAG(s) 'example_sla_dag' retrieved from /home/airflow/.local/lib/python3.12/site-packages/airflow/example_dags/example_sla_dag.py
[2025-11-12T19:13:49.706+0000] {logging_mixin.py:188} INFO - [2025-11-12T19:13:49.705+0000] {dag.py:3096} INFO - Sync 1 DAGs
[2025-11-12T19:13:49.728+0000] {logging_mixin.py:188} INFO - [2025-11-12T19:13:49.728+0000] {dag.py:3954} INFO - Setting next_dagrun for example_sla_dag to 2025-11-12 19:10:00+00:00, run_after=2025-11-12 19:12:00+00:00
[2025-11-12T19:13:49.747+0000] {processor.py:183} INFO - Processing /home/airflow/.local/lib/python3.12/site-packages/airflow/example_dags/example_sla_dag.py took 0.074 seconds
[2025-11-12T19:14:19.916+0000] {processor.py:161} INFO - Started process (PID=1052) to work on /home/airflow/.local/lib/python3.12/site-packages/airflow/example_dags/example_sla_dag.py
[2025-11-12T19:14:19.918+0000] {processor.py:830} INFO - Processing file /home/airflow/.local/lib/python3.12/site-packages/airflow/example_dags/example_sla_dag.py for tasks to queue
[2025-11-12T19:14:19.919+0000] {logging_mixin.py:188} INFO - [2025-11-12T19:14:19.918+0000] {dagbag.py:545} INFO - Filling up the DagBag from /home/airflow/.local/lib/python3.12/site-packages/airflow/example_dags/example_sla_dag.py
[2025-11-12T19:14:19.930+0000] {processor.py:840} INFO - DAG(s) 'example_sla_dag' retrieved from /home/airflow/.local/lib/python3.12/site-packages/airflow/example_dags/example_sla_dag.py
[2025-11-12T19:14:19.962+0000] {logging_mixin.py:188} INFO - [2025-11-12T19:14:19.962+0000] {dag.py:3096} INFO - Sync 1 DAGs
[2025-11-12T19:14:19.995+0000] {logging_mixin.py:188} INFO - [2025-11-12T19:14:19.995+0000] {dag.py:3954} INFO - Setting next_dagrun for example_sla_dag to 2025-11-12 19:12:00+00:00, run_after=2025-11-12 19:14:00+00:00
[2025-11-12T19:14:20.021+0000] {processor.py:183} INFO - Processing /home/airflow/.local/lib/python3.12/site-packages/airflow/example_dags/example_sla_dag.py took 0.113 seconds
[2025-11-12T19:14:50.781+0000] {processor.py:161} INFO - Started process (PID=1112) to work on /home/airflow/.local/lib/python3.12/site-packages/airflow/example_dags/example_sla_dag.py
[2025-11-12T19:14:50.782+0000] {processor.py:830} INFO - Processing file /home/airflow/.local/lib/python3.12/site-packages/airflow/example_dags/example_sla_dag.py for tasks to queue
[2025-11-12T19:14:50.783+0000] {logging_mixin.py:188} INFO - [2025-11-12T19:14:50.783+0000] {dagbag.py:545} INFO - Filling up the DagBag from /home/airflow/.local/lib/python3.12/site-packages/airflow/example_dags/example_sla_dag.py
[2025-11-12T19:14:50.790+0000] {processor.py:840} INFO - DAG(s) 'example_sla_dag' retrieved from /home/airflow/.local/lib/python3.12/site-packages/airflow/example_dags/example_sla_dag.py
[2025-11-12T19:14:50.815+0000] {logging_mixin.py:188} INFO - [2025-11-12T19:14:50.814+0000] {dag.py:3096} INFO - Sync 1 DAGs
[2025-11-12T19:14:50.834+0000] {logging_mixin.py:188} INFO - [2025-11-12T19:14:50.834+0000] {dag.py:3954} INFO - Setting next_dagrun for example_sla_dag to 2025-11-12 19:12:00+00:00, run_after=2025-11-12 19:14:00+00:00
[2025-11-12T19:14:50.856+0000] {processor.py:183} INFO - Processing /home/airflow/.local/lib/python3.12/site-packages/airflow/example_dags/example_sla_dag.py took 0.079 seconds
[2025-11-12T19:15:21.015+0000] {processor.py:161} INFO - Started process (PID=1172) to work on /home/airflow/.local/lib/python3.12/site-packages/airflow/example_dags/example_sla_dag.py
[2025-11-12T19:15:21.017+0000] {processor.py:830} INFO - Processing file /home/airflow/.local/lib/python3.12/site-packages/airflow/example_dags/example_sla_dag.py for tasks to queue
[2025-11-12T19:15:21.018+0000] {logging_mixin.py:188} INFO - [2025-11-12T19:15:21.018+0000] {dagbag.py:545} INFO - Filling up the DagBag from /home/airflow/.local/lib/python3.12/site-packages/airflow/example_dags/example_sla_dag.py
[2025-11-12T19:15:21.026+0000] {processor.py:840} INFO - DAG(s) 'example_sla_dag' retrieved from /home/airflow/.local/lib/python3.12/site-packages/airflow/example_dags/example_sla_dag.py
[2025-11-12T19:15:21.052+0000] {logging_mixin.py:188} INFO - [2025-11-12T19:15:21.051+0000] {dag.py:3096} INFO - Sync 1 DAGs
[2025-11-12T19:15:21.071+0000] {logging_mixin.py:188} INFO - [2025-11-12T19:15:21.070+0000] {dag.py:3954} INFO - Setting next_dagrun for example_sla_dag to 2025-11-12 19:12:00+00:00, run_after=2025-11-12 19:14:00+00:00
[2025-11-12T19:15:21.089+0000] {processor.py:183} INFO - Processing /home/airflow/.local/lib/python3.12/site-packages/airflow/example_dags/example_sla_dag.py took 0.079 seconds
[2025-11-12T19:15:51.301+0000] {processor.py:161} INFO - Started process (PID=1232) to work on /home/airflow/.local/lib/python3.12/site-packages/airflow/example_dags/example_sla_dag.py
[2025-11-12T19:15:51.302+0000] {processor.py:830} INFO - Processing file /home/airflow/.local/lib/python3.12/site-packages/airflow/example_dags/example_sla_dag.py for tasks to queue
[2025-11-12T19:15:51.303+0000] {logging_mixin.py:188} INFO - [2025-11-12T19:15:51.303+0000] {dagbag.py:545} INFO - Filling up the DagBag from /home/airflow/.local/lib/python3.12/site-packages/airflow/example_dags/example_sla_dag.py
[2025-11-12T19:15:51.314+0000] {processor.py:840} INFO - DAG(s) 'example_sla_dag' retrieved from /home/airflow/.local/lib/python3.12/site-packages/airflow/example_dags/example_sla_dag.py
[2025-11-12T19:15:51.345+0000] {logging_mixin.py:188} INFO - [2025-11-12T19:15:51.345+0000] {dag.py:3096} INFO - Sync 1 DAGs
[2025-11-12T19:15:51.378+0000] {logging_mixin.py:188} INFO - [2025-11-12T19:15:51.378+0000] {dag.py:3954} INFO - Setting next_dagrun for example_sla_dag to 2025-11-12 19:12:00+00:00, run_after=2025-11-12 19:14:00+00:00
[2025-11-12T19:15:51.411+0000] {processor.py:183} INFO - Processing /home/airflow/.local/lib/python3.12/site-packages/airflow/example_dags/example_sla_dag.py took 0.116 seconds
[2025-11-12T19:16:57.207+0000] {processor.py:161} INFO - Started process (PID=89) to work on /home/airflow/.local/lib/python3.12/site-packages/airflow/example_dags/example_sla_dag.py
[2025-11-12T19:16:57.209+0000] {processor.py:830} INFO - Processing file /home/airflow/.local/lib/python3.12/site-packages/airflow/example_dags/example_sla_dag.py for tasks to queue
[2025-11-12T19:16:57.211+0000] {logging_mixin.py:188} INFO - [2025-11-12T19:16:57.211+0000] {dagbag.py:545} INFO - Filling up the DagBag from /home/airflow/.local/lib/python3.12/site-packages/airflow/example_dags/example_sla_dag.py
[2025-11-12T19:16:57.229+0000] {processor.py:840} INFO - DAG(s) 'example_sla_dag' retrieved from /home/airflow/.local/lib/python3.12/site-packages/airflow/example_dags/example_sla_dag.py
[2025-11-12T19:16:57.355+0000] {logging_mixin.py:188} INFO - [2025-11-12T19:16:57.354+0000] {dag.py:3096} INFO - Sync 1 DAGs
[2025-11-12T19:16:57.375+0000] {logging_mixin.py:188} INFO - [2025-11-12T19:16:57.375+0000] {dag.py:3954} INFO - Setting next_dagrun for example_sla_dag to 2025-11-12 19:14:00+00:00, run_after=2025-11-12 19:16:00+00:00
[2025-11-12T19:16:57.404+0000] {processor.py:183} INFO - Processing /home/airflow/.local/lib/python3.12/site-packages/airflow/example_dags/example_sla_dag.py took 0.204 seconds
[2025-11-12T19:17:27.568+0000] {processor.py:161} INFO - Started process (PID=149) to work on /home/airflow/.local/lib/python3.12/site-packages/airflow/example_dags/example_sla_dag.py
[2025-11-12T19:17:27.569+0000] {processor.py:830} INFO - Processing file /home/airflow/.local/lib/python3.12/site-packages/airflow/example_dags/example_sla_dag.py for tasks to queue
[2025-11-12T19:17:27.571+0000] {logging_mixin.py:188} INFO - [2025-11-12T19:17:27.570+0000] {dagbag.py:545} INFO - Filling up the DagBag from /home/airflow/.local/lib/python3.12/site-packages/airflow/example_dags/example_sla_dag.py
[2025-11-12T19:17:27.579+0000] {processor.py:840} INFO - DAG(s) 'example_sla_dag' retrieved from /home/airflow/.local/lib/python3.12/site-packages/airflow/example_dags/example_sla_dag.py
[2025-11-12T19:17:27.603+0000] {logging_mixin.py:188} INFO - [2025-11-12T19:17:27.602+0000] {dag.py:3096} INFO - Sync 1 DAGs
[2025-11-12T19:17:27.627+0000] {logging_mixin.py:188} INFO - [2025-11-12T19:17:27.627+0000] {dag.py:3954} INFO - Setting next_dagrun for example_sla_dag to 2025-11-12 19:14:00+00:00, run_after=2025-11-12 19:16:00+00:00
[2025-11-12T19:17:27.654+0000] {processor.py:183} INFO - Processing /home/airflow/.local/lib/python3.12/site-packages/airflow/example_dags/example_sla_dag.py took 0.092 seconds
[2025-11-12T19:17:57.795+0000] {processor.py:161} INFO - Started process (PID=209) to work on /home/airflow/.local/lib/python3.12/site-packages/airflow/example_dags/example_sla_dag.py
[2025-11-12T19:17:57.797+0000] {processor.py:830} INFO - Processing file /home/airflow/.local/lib/python3.12/site-packages/airflow/example_dags/example_sla_dag.py for tasks to queue
[2025-11-12T19:17:57.799+0000] {logging_mixin.py:188} INFO - [2025-11-12T19:17:57.799+0000] {dagbag.py:545} INFO - Filling up the DagBag from /home/airflow/.local/lib/python3.12/site-packages/airflow/example_dags/example_sla_dag.py
[2025-11-12T19:17:57.806+0000] {processor.py:840} INFO - DAG(s) 'example_sla_dag' retrieved from /home/airflow/.local/lib/python3.12/site-packages/airflow/example_dags/example_sla_dag.py
[2025-11-12T19:17:57.827+0000] {logging_mixin.py:188} INFO - [2025-11-12T19:17:57.827+0000] {dag.py:3096} INFO - Sync 1 DAGs
[2025-11-12T19:17:57.845+0000] {logging_mixin.py:188} INFO - [2025-11-12T19:17:57.845+0000] {dag.py:3954} INFO - Setting next_dagrun for example_sla_dag to 2025-11-12 19:14:00+00:00, run_after=2025-11-12 19:16:00+00:00
[2025-11-12T19:17:57.865+0000] {processor.py:183} INFO - Processing /home/airflow/.local/lib/python3.12/site-packages/airflow/example_dags/example_sla_dag.py took 0.076 seconds
[2025-11-12T19:18:29.137+0000] {processor.py:161} INFO - Started process (PID=269) to work on /home/airflow/.local/lib/python3.12/site-packages/airflow/example_dags/example_sla_dag.py
[2025-11-12T19:18:29.138+0000] {processor.py:830} INFO - Processing file /home/airflow/.local/lib/python3.12/site-packages/airflow/example_dags/example_sla_dag.py for tasks to queue
[2025-11-12T19:18:29.140+0000] {logging_mixin.py:188} INFO - [2025-11-12T19:18:29.140+0000] {dagbag.py:545} INFO - Filling up the DagBag from /home/airflow/.local/lib/python3.12/site-packages/airflow/example_dags/example_sla_dag.py
[2025-11-12T19:18:29.148+0000] {processor.py:840} INFO - DAG(s) 'example_sla_dag' retrieved from /home/airflow/.local/lib/python3.12/site-packages/airflow/example_dags/example_sla_dag.py
[2025-11-12T19:18:29.170+0000] {logging_mixin.py:188} INFO - [2025-11-12T19:18:29.169+0000] {dag.py:3096} INFO - Sync 1 DAGs
[2025-11-12T19:18:29.191+0000] {logging_mixin.py:188} INFO - [2025-11-12T19:18:29.191+0000] {dag.py:3954} INFO - Setting next_dagrun for example_sla_dag to 2025-11-12 19:16:00+00:00, run_after=2025-11-12 19:18:00+00:00
[2025-11-12T19:18:29.217+0000] {processor.py:183} INFO - Processing /home/airflow/.local/lib/python3.12/site-packages/airflow/example_dags/example_sla_dag.py took 0.083 seconds
[2025-11-12T19:18:59.466+0000] {processor.py:161} INFO - Started process (PID=330) to work on /home/airflow/.local/lib/python3.12/site-packages/airflow/example_dags/example_sla_dag.py
[2025-11-12T19:18:59.467+0000] {processor.py:830} INFO - Processing file /home/airflow/.local/lib/python3.12/site-packages/airflow/example_dags/example_sla_dag.py for tasks to queue
[2025-11-12T19:18:59.469+0000] {logging_mixin.py:188} INFO - [2025-11-12T19:18:59.469+0000] {dagbag.py:545} INFO - Filling up the DagBag from /home/airflow/.local/lib/python3.12/site-packages/airflow/example_dags/example_sla_dag.py
[2025-11-12T19:18:59.477+0000] {processor.py:840} INFO - DAG(s) 'example_sla_dag' retrieved from /home/airflow/.local/lib/python3.12/site-packages/airflow/example_dags/example_sla_dag.py
[2025-11-12T19:18:59.502+0000] {logging_mixin.py:188} INFO - [2025-11-12T19:18:59.501+0000] {dag.py:3096} INFO - Sync 1 DAGs
[2025-11-12T19:18:59.482+0000] {logging_mixin.py:188} INFO - [2025-11-12T19:18:59.481+0000] {dag.py:3954} INFO - Setting next_dagrun for example_sla_dag to 2025-11-12 19:16:00+00:00, run_after=2025-11-12 19:18:00+00:00
[2025-11-12T19:18:59.507+0000] {processor.py:183} INFO - Processing /home/airflow/.local/lib/python3.12/site-packages/airflow/example_dags/example_sla_dag.py took 0.108 seconds
[2025-11-12T19:19:29.574+0000] {processor.py:161} INFO - Started process (PID=389) to work on /home/airflow/.local/lib/python3.12/site-packages/airflow/example_dags/example_sla_dag.py
[2025-11-12T19:19:29.575+0000] {processor.py:830} INFO - Processing file /home/airflow/.local/lib/python3.12/site-packages/airflow/example_dags/example_sla_dag.py for tasks to queue
[2025-11-12T19:19:29.577+0000] {logging_mixin.py:188} INFO - [2025-11-12T19:19:29.577+0000] {dagbag.py:545} INFO - Filling up the DagBag from /home/airflow/.local/lib/python3.12/site-packages/airflow/example_dags/example_sla_dag.py
[2025-11-12T19:19:29.584+0000] {processor.py:840} INFO - DAG(s) 'example_sla_dag' retrieved from /home/airflow/.local/lib/python3.12/site-packages/airflow/example_dags/example_sla_dag.py
[2025-11-12T19:19:29.604+0000] {logging_mixin.py:188} INFO - [2025-11-12T19:19:29.604+0000] {dag.py:3096} INFO - Sync 1 DAGs
[2025-11-12T19:19:29.626+0000] {logging_mixin.py:188} INFO - [2025-11-12T19:19:29.626+0000] {dag.py:3954} INFO - Setting next_dagrun for example_sla_dag to 2025-11-12 19:16:00+00:00, run_after=2025-11-12 19:18:00+00:00
[2025-11-12T19:19:29.646+0000] {processor.py:183} INFO - Processing /home/airflow/.local/lib/python3.12/site-packages/airflow/example_dags/example_sla_dag.py took 0.076 seconds
[2025-11-12T19:20:00.247+0000] {processor.py:161} INFO - Started process (PID=449) to work on /home/airflow/.local/lib/python3.12/site-packages/airflow/example_dags/example_sla_dag.py
[2025-11-12T19:20:00.248+0000] {processor.py:830} INFO - Processing file /home/airflow/.local/lib/python3.12/site-packages/airflow/example_dags/example_sla_dag.py for tasks to queue
[2025-11-12T19:20:00.250+0000] {logging_mixin.py:188} INFO - [2025-11-12T19:20:00.249+0000] {dagbag.py:545} INFO - Filling up the DagBag from /home/airflow/.local/lib/python3.12/site-packages/airflow/example_dags/example_sla_dag.py
[2025-11-12T19:20:00.259+0000] {processor.py:840} INFO - DAG(s) 'example_sla_dag' retrieved from /home/airflow/.local/lib/python3.12/site-packages/airflow/example_dags/example_sla_dag.py
[2025-11-12T19:20:00.280+0000] {logging_mixin.py:188} INFO - [2025-11-12T19:20:00.279+0000] {dag.py:3096} INFO - Sync 1 DAGs
[2025-11-12T19:20:00.299+0000] {logging_mixin.py:188} INFO - [2025-11-12T19:20:00.299+0000] {dag.py:3954} INFO - Setting next_dagrun for example_sla_dag to 2025-11-12 19:18:00+00:00, run_after=2025-11-12 19:20:00+00:00
[2025-11-12T19:20:00.320+0000] {processor.py:183} INFO - Processing /home/airflow/.local/lib/python3.12/site-packages/airflow/example_dags/example_sla_dag.py took 0.078 seconds
[2025-11-12T19:20:31.232+0000] {processor.py:161} INFO - Started process (PID=510) to work on /home/airflow/.local/lib/python3.12/site-packages/airflow/example_dags/example_sla_dag.py
[2025-11-12T19:20:31.233+0000] {processor.py:830} INFO - Processing file /home/airflow/.local/lib/python3.12/site-packages/airflow/example_dags/example_sla_dag.py for tasks to queue
[2025-11-12T19:20:31.235+0000] {logging_mixin.py:188} INFO - [2025-11-12T19:20:31.235+0000] {dagbag.py:545} INFO - Filling up the DagBag from /home/airflow/.local/lib/python3.12/site-packages/airflow/example_dags/example_sla_dag.py
[2025-11-12T19:20:31.241+0000] {processor.py:840} INFO - DAG(s) 'example_sla_dag' retrieved from /home/airflow/.local/lib/python3.12/site-packages/airflow/example_dags/example_sla_dag.py
[2025-11-12T19:20:31.266+0000] {logging_mixin.py:188} INFO - [2025-11-12T19:20:31.265+0000] {dag.py:3096} INFO - Sync 1 DAGs
[2025-11-12T19:20:31.289+0000] {logging_mixin.py:188} INFO - [2025-11-12T19:20:31.289+0000] {dag.py:3954} INFO - Setting next_dagrun for example_sla_dag to 2025-11-12 19:18:00+00:00, run_after=2025-11-12 19:20:00+00:00
[2025-11-12T19:20:31.313+0000] {processor.py:183} INFO - Processing /home/airflow/.local/lib/python3.12/site-packages/airflow/example_dags/example_sla_dag.py took 0.085 seconds
[2025-11-12T19:21:01.391+0000] {processor.py:161} INFO - Started process (PID=570) to work on /home/airflow/.local/lib/python3.12/site-packages/airflow/example_dags/example_sla_dag.py
[2025-11-12T19:21:01.392+0000] {processor.py:830} INFO - Processing file /home/airflow/.local/lib/python3.12/site-packages/airflow/example_dags/example_sla_dag.py for tasks to queue
[2025-11-12T19:21:01.394+0000] {logging_mixin.py:188} INFO - [2025-11-12T19:21:01.394+0000] {dagbag.py:545} INFO - Filling up the DagBag from /home/airflow/.local/lib/python3.12/site-packages/airflow/example_dags/example_sla_dag.py
[2025-11-12T19:21:01.401+0000] {processor.py:840} INFO - DAG(s) 'example_sla_dag' retrieved from /home/airflow/.local/lib/python3.12/site-packages/airflow/example_dags/example_sla_dag.py
[2025-11-12T19:21:01.424+0000] {logging_mixin.py:188} INFO - [2025-11-12T19:21:01.423+0000] {dag.py:3096} INFO - Sync 1 DAGs
[2025-11-12T19:21:01.446+0000] {logging_mixin.py:188} INFO - [2025-11-12T19:21:01.445+0000] {dag.py:3954} INFO - Setting next_dagrun for example_sla_dag to 2025-11-12 19:18:00+00:00, run_after=2025-11-12 19:20:00+00:00
[2025-11-12T19:21:01.466+0000] {processor.py:183} INFO - Processing /home/airflow/.local/lib/python3.12/site-packages/airflow/example_dags/example_sla_dag.py took 0.079 seconds
[2025-11-12T19:21:31.755+0000] {processor.py:161} INFO - Started process (PID=630) to work on /home/airflow/.local/lib/python3.12/site-packages/airflow/example_dags/example_sla_dag.py
[2025-11-12T19:21:31.756+0000] {processor.py:830} INFO - Processing file /home/airflow/.local/lib/python3.12/site-packages/airflow/example_dags/example_sla_dag.py for tasks to queue
[2025-11-12T19:21:31.757+0000] {logging_mixin.py:188} INFO - [2025-11-12T19:21:31.757+0000] {dagbag.py:545} INFO - Filling up the DagBag from /home/airflow/.local/lib/python3.12/site-packages/airflow/example_dags/example_sla_dag.py
[2025-11-12T19:21:31.764+0000] {processor.py:840} INFO - DAG(s) 'example_sla_dag' retrieved from /home/airflow/.local/lib/python3.12/site-packages/airflow/example_dags/example_sla_dag.py
[2025-11-12T19:21:31.782+0000] {logging_mixin.py:188} INFO - [2025-11-12T19:21:31.781+0000] {dag.py:3096} INFO - Sync 1 DAGs
[2025-11-12T19:21:31.803+0000] {logging_mixin.py:188} INFO - [2025-11-12T19:21:31.803+0000] {dag.py:3954} INFO - Setting next_dagrun for example_sla_dag to 2025-11-12 19:18:00+00:00, run_after=2025-11-12 19:20:00+00:00
[2025-11-12T19:21:31.823+0000] {processor.py:183} INFO - Processing /home/airflow/.local/lib/python3.12/site-packages/airflow/example_dags/example_sla_dag.py took 0.073 seconds
[2025-11-12T19:22:02.129+0000] {processor.py:161} INFO - Started process (PID=690) to work on /home/airflow/.local/lib/python3.12/site-packages/airflow/example_dags/example_sla_dag.py
[2025-11-12T19:22:02.130+0000] {processor.py:830} INFO - Processing file /home/airflow/.local/lib/python3.12/site-packages/airflow/example_dags/example_sla_dag.py for tasks to queue
[2025-11-12T19:22:02.132+0000] {logging_mixin.py:188} INFO - [2025-11-12T19:22:02.131+0000] {dagbag.py:545} INFO - Filling up the DagBag from /home/airflow/.local/lib/python3.12/site-packages/airflow/example_dags/example_sla_dag.py
[2025-11-12T19:22:02.138+0000] {processor.py:840} INFO - DAG(s) 'example_sla_dag' retrieved from /home/airflow/.local/lib/python3.12/site-packages/airflow/example_dags/example_sla_dag.py
[2025-11-12T19:22:02.159+0000] {logging_mixin.py:188} INFO - [2025-11-12T19:22:02.158+0000] {dag.py:3096} INFO - Sync 1 DAGs
[2025-11-12T19:22:02.176+0000] {logging_mixin.py:188} INFO - [2025-11-12T19:22:02.176+0000] {dag.py:3954} INFO - Setting next_dagrun for example_sla_dag to 2025-11-12 19:20:00+00:00, run_after=2025-11-12 19:22:00+00:00
[2025-11-12T19:22:02.196+0000] {processor.py:183} INFO - Processing /home/airflow/.local/lib/python3.12/site-packages/airflow/example_dags/example_sla_dag.py took 0.071 seconds
[2025-11-12T19:22:32.592+0000] {processor.py:161} INFO - Started process (PID=751) to work on /home/airflow/.local/lib/python3.12/site-packages/airflow/example_dags/example_sla_dag.py
[2025-11-12T19:22:32.593+0000] {processor.py:830} INFO - Processing file /home/airflow/.local/lib/python3.12/site-packages/airflow/example_dags/example_sla_dag.py for tasks to queue
[2025-11-12T19:22:32.594+0000] {logging_mixin.py:188} INFO - [2025-11-12T19:22:32.594+0000] {dagbag.py:545} INFO - Filling up the DagBag from /home/airflow/.local/lib/python3.12/site-packages/airflow/example_dags/example_sla_dag.py
[2025-11-12T19:22:32.601+0000] {processor.py:840} INFO - DAG(s) 'example_sla_dag' retrieved from /home/airflow/.local/lib/python3.12/site-packages/airflow/example_dags/example_sla_dag.py
[2025-11-12T19:22:32.620+0000] {logging_mixin.py:188} INFO - [2025-11-12T19:22:32.620+0000] {dag.py:3096} INFO - Sync 1 DAGs
[2025-11-12T19:22:32.638+0000] {logging_mixin.py:188} INFO - [2025-11-12T19:22:32.637+0000] {dag.py:3954} INFO - Setting next_dagrun for example_sla_dag to 2025-11-12 19:20:00+00:00, run_after=2025-11-12 19:22:00+00:00
[2025-11-12T19:22:32.666+0000] {processor.py:183} INFO - Processing /home/airflow/.local/lib/python3.12/site-packages/airflow/example_dags/example_sla_dag.py took 0.079 seconds
[2025-11-12T19:23:02.823+0000] {processor.py:161} INFO - Started process (PID=811) to work on /home/airflow/.local/lib/python3.12/site-packages/airflow/example_dags/example_sla_dag.py
[2025-11-12T19:23:02.824+0000] {processor.py:830} INFO - Processing file /home/airflow/.local/lib/python3.12/site-packages/airflow/example_dags/example_sla_dag.py for tasks to queue
[2025-11-12T19:23:02.826+0000] {logging_mixin.py:188} INFO - [2025-11-12T19:23:02.825+0000] {dagbag.py:545} INFO - Filling up the DagBag from /home/airflow/.local/lib/python3.12/site-packages/airflow/example_dags/example_sla_dag.py
[2025-11-12T19:23:02.832+0000] {processor.py:840} INFO - DAG(s) 'example_sla_dag' retrieved from /home/airflow/.local/lib/python3.12/site-packages/airflow/example_dags/example_sla_dag.py
[2025-11-12T19:23:02.852+0000] {logging_mixin.py:188} INFO - [2025-11-12T19:23:02.852+0000] {dag.py:3096} INFO - Sync 1 DAGs
[2025-11-12T19:23:02.869+0000] {logging_mixin.py:188} INFO - [2025-11-12T19:23:02.869+0000] {dag.py:3954} INFO - Setting next_dagrun for example_sla_dag to 2025-11-12 19:20:00+00:00, run_after=2025-11-12 19:22:00+00:00
[2025-11-12T19:23:02.890+0000] {processor.py:183} INFO - Processing /home/airflow/.local/lib/python3.12/site-packages/airflow/example_dags/example_sla_dag.py took 0.071 seconds
[2025-11-12T19:23:33.062+0000] {processor.py:161} INFO - Started process (PID=871) to work on /home/airflow/.local/lib/python3.12/site-packages/airflow/example_dags/example_sla_dag.py
[2025-11-12T19:23:33.063+0000] {processor.py:830} INFO - Processing file /home/airflow/.local/lib/python3.12/site-packages/airflow/example_dags/example_sla_dag.py for tasks to queue
[2025-11-12T19:23:33.065+0000] {logging_mixin.py:188} INFO - [2025-11-12T19:23:33.065+0000] {dagbag.py:545} INFO - Filling up the DagBag from /home/airflow/.local/lib/python3.12/site-packages/airflow/example_dags/example_sla_dag.py
[2025-11-12T19:23:33.072+0000] {processor.py:840} INFO - DAG(s) 'example_sla_dag' retrieved from /home/airflow/.local/lib/python3.12/site-packages/airflow/example_dags/example_sla_dag.py
[2025-11-12T19:23:33.092+0000] {logging_mixin.py:188} INFO - [2025-11-12T19:23:33.092+0000] {dag.py:3096} INFO - Sync 1 DAGs
[2025-11-12T19:23:33.129+0000] {logging_mixin.py:188} INFO - [2025-11-12T19:23:33.128+0000] {dag.py:3954} INFO - Setting next_dagrun for example_sla_dag to 2025-11-12 19:20:00+00:00, run_after=2025-11-12 19:22:00+00:00
[2025-11-12T19:23:33.154+0000] {processor.py:183} INFO - Processing /home/airflow/.local/lib/python3.12/site-packages/airflow/example_dags/example_sla_dag.py took 0.098 seconds
[2025-11-12T19:24:03.545+0000] {processor.py:161} INFO - Started process (PID=931) to work on /home/airflow/.local/lib/python3.12/site-packages/airflow/example_dags/example_sla_dag.py
[2025-11-12T19:24:03.547+0000] {processor.py:830} INFO - Processing file /home/airflow/.local/lib/python3.12/site-packages/airflow/example_dags/example_sla_dag.py for tasks to queue
[2025-11-12T19:24:03.549+0000] {logging_mixin.py:188} INFO - [2025-11-12T19:24:03.549+0000] {dagbag.py:545} INFO - Filling up the DagBag from /home/airflow/.local/lib/python3.12/site-packages/airflow/example_dags/example_sla_dag.py
[2025-11-12T19:24:03.558+0000] {processor.py:840} INFO - DAG(s) 'example_sla_dag' retrieved from /home/airflow/.local/lib/python3.12/site-packages/airflow/example_dags/example_sla_dag.py
[2025-11-12T19:24:03.579+0000] {logging_mixin.py:188} INFO - [2025-11-12T19:24:03.578+0000] {dag.py:3096} INFO - Sync 1 DAGs
[2025-11-12T19:24:03.599+0000] {logging_mixin.py:188} INFO - [2025-11-12T19:24:03.599+0000] {dag.py:3954} INFO - Setting next_dagrun for example_sla_dag to 2025-11-12 19:22:00+00:00, run_after=2025-11-12 19:24:00+00:00
[2025-11-12T19:24:03.619+0000] {processor.py:183} INFO - Processing /home/airflow/.local/lib/python3.12/site-packages/airflow/example_dags/example_sla_dag.py took 0.079 seconds
[2025-11-12T19:24:33.736+0000] {processor.py:161} INFO - Started process (PID=991) to work on /home/airflow/.local/lib/python3.12/site-packages/airflow/example_dags/example_sla_dag.py
[2025-11-12T19:24:33.738+0000] {processor.py:830} INFO - Processing file /home/airflow/.local/lib/python3.12/site-packages/airflow/example_dags/example_sla_dag.py for tasks to queue
[2025-11-12T19:24:33.740+0000] {logging_mixin.py:188} INFO - [2025-11-12T19:24:33.739+0000] {dagbag.py:545} INFO - Filling up the DagBag from /home/airflow/.local/lib/python3.12/site-packages/airflow/example_dags/example_sla_dag.py
[2025-11-12T19:24:33.746+0000] {processor.py:840} INFO - DAG(s) 'example_sla_dag' retrieved from /home/airflow/.local/lib/python3.12/site-packages/airflow/example_dags/example_sla_dag.py
[2025-11-12T19:24:33.765+0000] {logging_mixin.py:188} INFO - [2025-11-12T19:24:33.765+0000] {dag.py:3096} INFO - Sync 1 DAGs
[2025-11-12T19:24:33.784+0000] {logging_mixin.py:188} INFO - [2025-11-12T19:24:33.783+0000] {dag.py:3954} INFO - Setting next_dagrun for example_sla_dag to 2025-11-12 19:22:00+00:00, run_after=2025-11-12 19:24:00+00:00
[2025-11-12T19:24:33.802+0000] {processor.py:183} INFO - Processing /home/airflow/.local/lib/python3.12/site-packages/airflow/example_dags/example_sla_dag.py took 0.071 seconds
[2025-11-12T19:25:04.931+0000] {processor.py:161} INFO - Started process (PID=1051) to work on /home/airflow/.local/lib/python3.12/site-packages/airflow/example_dags/example_sla_dag.py
[2025-11-12T19:25:04.932+0000] {processor.py:830} INFO - Processing file /home/airflow/.local/lib/python3.12/site-packages/airflow/example_dags/example_sla_dag.py for tasks to queue
[2025-11-12T19:25:04.935+0000] {logging_mixin.py:188} INFO - [2025-11-12T19:25:04.934+0000] {dagbag.py:545} INFO - Filling up the DagBag from /home/airflow/.local/lib/python3.12/site-packages/airflow/example_dags/example_sla_dag.py
[2025-11-12T19:25:04.941+0000] {processor.py:840} INFO - DAG(s) 'example_sla_dag' retrieved from /home/airflow/.local/lib/python3.12/site-packages/airflow/example_dags/example_sla_dag.py
[2025-11-12T19:25:04.968+0000] {logging_mixin.py:188} INFO - [2025-11-12T19:25:04.967+0000] {dag.py:3096} INFO - Sync 1 DAGs
[2025-11-12T19:25:04.991+0000] {logging_mixin.py:188} INFO - [2025-11-12T19:25:04.991+0000] {dag.py:3954} INFO - Setting next_dagrun for example_sla_dag to 2025-11-12 19:22:00+00:00, run_after=2025-11-12 19:24:00+00:00
[2025-11-12T19:25:05.014+0000] {processor.py:183} INFO - Processing /home/airflow/.local/lib/python3.12/site-packages/airflow/example_dags/example_sla_dag.py took 0.088 seconds
[2025-11-12T19:25:35.168+0000] {processor.py:161} INFO - Started process (PID=1111) to work on /home/airflow/.local/lib/python3.12/site-packages/airflow/example_dags/example_sla_dag.py
[2025-11-12T19:25:35.169+0000] {processor.py:830} INFO - Processing file /home/airflow/.local/lib/python3.12/site-packages/airflow/example_dags/example_sla_dag.py for tasks to queue
[2025-11-12T19:25:35.171+0000] {logging_mixin.py:188} INFO - [2025-11-12T19:25:35.171+0000] {dagbag.py:545} INFO - Filling up the DagBag from /home/airflow/.local/lib/python3.12/site-packages/airflow/example_dags/example_sla_dag.py
[2025-11-12T19:25:35.179+0000] {processor.py:840} INFO - DAG(s) 'example_sla_dag' retrieved from /home/airflow/.local/lib/python3.12/site-packages/airflow/example_dags/example_sla_dag.py
[2025-11-12T19:25:35.201+0000] {logging_mixin.py:188} INFO - [2025-11-12T19:25:35.201+0000] {dag.py:3096} INFO - Sync 1 DAGs
[2025-11-12T19:25:35.224+0000] {logging_mixin.py:188} INFO - [2025-11-12T19:25:35.224+0000] {dag.py:3954} INFO - Setting next_dagrun for example_sla_dag to 2025-11-12 19:22:00+00:00, run_after=2025-11-12 19:24:00+00:00
[2025-11-12T19:25:35.246+0000] {processor.py:183} INFO - Processing /home/airflow/.local/lib/python3.12/site-packages/airflow/example_dags/example_sla_dag.py took 0.082 seconds
[2025-11-12T19:26:05.504+0000] {processor.py:161} INFO - Started process (PID=1171) to work on /home/airflow/.local/lib/python3.12/site-packages/airflow/example_dags/example_sla_dag.py
[2025-11-12T19:26:05.505+0000] {processor.py:830} INFO - Processing file /home/airflow/.local/lib/python3.12/site-packages/airflow/example_dags/example_sla_dag.py for tasks to queue
[2025-11-12T19:26:05.508+0000] {logging_mixin.py:188} INFO - [2025-11-12T19:26:05.507+0000] {dagbag.py:545} INFO - Filling up the DagBag from /home/airflow/.local/lib/python3.12/site-packages/airflow/example_dags/example_sla_dag.py
[2025-11-12T19:26:05.515+0000] {processor.py:840} INFO - DAG(s) 'example_sla_dag' retrieved from /home/airflow/.local/lib/python3.12/site-packages/airflow/example_dags/example_sla_dag.py
[2025-11-12T19:26:05.544+0000] {logging_mixin.py:188} INFO - [2025-11-12T19:26:05.542+0000] {dag.py:3096} INFO - Sync 1 DAGs
[2025-11-12T19:26:05.566+0000] {logging_mixin.py:188} INFO - [2025-11-12T19:26:05.565+0000] {dag.py:3954} INFO - Setting next_dagrun for example_sla_dag to 2025-11-12 19:24:00+00:00, run_after=2025-11-12 19:26:00+00:00
[2025-11-12T19:26:05.587+0000] {processor.py:183} INFO - Processing /home/airflow/.local/lib/python3.12/site-packages/airflow/example_dags/example_sla_dag.py took 0.088 seconds
[2025-11-12T19:26:36.192+0000] {processor.py:161} INFO - Started process (PID=1232) to work on /home/airflow/.local/lib/python3.12/site-packages/airflow/example_dags/example_sla_dag.py
[2025-11-12T19:26:36.193+0000] {processor.py:830} INFO - Processing file /home/airflow/.local/lib/python3.12/site-packages/airflow/example_dags/example_sla_dag.py for tasks to queue
[2025-11-12T19:26:36.195+0000] {logging_mixin.py:188} INFO - [2025-11-12T19:26:36.194+0000] {dagbag.py:545} INFO - Filling up the DagBag from /home/airflow/.local/lib/python3.12/site-packages/airflow/example_dags/example_sla_dag.py
[2025-11-12T19:26:36.202+0000] {processor.py:840} INFO - DAG(s) 'example_sla_dag' retrieved from /home/airflow/.local/lib/python3.12/site-packages/airflow/example_dags/example_sla_dag.py
[2025-11-12T19:26:36.221+0000] {logging_mixin.py:188} INFO - [2025-11-12T19:26:36.220+0000] {dag.py:3096} INFO - Sync 1 DAGs
[2025-11-12T19:26:36.243+0000] {logging_mixin.py:188} INFO - [2025-11-12T19:26:36.243+0000] {dag.py:3954} INFO - Setting next_dagrun for example_sla_dag to 2025-11-12 19:24:00+00:00, run_after=2025-11-12 19:26:00+00:00
[2025-11-12T19:26:36.271+0000] {processor.py:183} INFO - Processing /home/airflow/.local/lib/python3.12/site-packages/airflow/example_dags/example_sla_dag.py took 0.084 seconds
[2025-11-12T19:27:06.587+0000] {processor.py:161} INFO - Started process (PID=1292) to work on /home/airflow/.local/lib/python3.12/site-packages/airflow/example_dags/example_sla_dag.py
[2025-11-12T19:27:06.588+0000] {processor.py:830} INFO - Processing file /home/airflow/.local/lib/python3.12/site-packages/airflow/example_dags/example_sla_dag.py for tasks to queue
[2025-11-12T19:27:06.591+0000] {logging_mixin.py:188} INFO - [2025-11-12T19:27:06.590+0000] {dagbag.py:545} INFO - Filling up the DagBag from /home/airflow/.local/lib/python3.12/site-packages/airflow/example_dags/example_sla_dag.py
[2025-11-12T19:27:06.601+0000] {processor.py:840} INFO - DAG(s) 'example_sla_dag' retrieved from /home/airflow/.local/lib/python3.12/site-packages/airflow/example_dags/example_sla_dag.py
[2025-11-12T19:27:06.627+0000] {logging_mixin.py:188} INFO - [2025-11-12T19:27:06.626+0000] {dag.py:3096} INFO - Sync 1 DAGs
[2025-11-12T19:27:06.663+0000] {logging_mixin.py:188} INFO - [2025-11-12T19:27:06.662+0000] {dag.py:3954} INFO - Setting next_dagrun for example_sla_dag to 2025-11-12 19:24:00+00:00, run_after=2025-11-12 19:26:00+00:00
[2025-11-12T19:27:06.683+0000] {processor.py:183} INFO - Processing /home/airflow/.local/lib/python3.12/site-packages/airflow/example_dags/example_sla_dag.py took 0.103 seconds
[2025-11-12T19:27:37.629+0000] {processor.py:161} INFO - Started process (PID=1352) to work on /home/airflow/.local/lib/python3.12/site-packages/airflow/example_dags/example_sla_dag.py
[2025-11-12T19:27:37.631+0000] {processor.py:830} INFO - Processing file /home/airflow/.local/lib/python3.12/site-packages/airflow/example_dags/example_sla_dag.py for tasks to queue
[2025-11-12T19:27:37.634+0000] {logging_mixin.py:188} INFO - [2025-11-12T19:27:37.633+0000] {dagbag.py:545} INFO - Filling up the DagBag from /home/airflow/.local/lib/python3.12/site-packages/airflow/example_dags/example_sla_dag.py
[2025-11-12T19:27:37.644+0000] {processor.py:840} INFO - DAG(s) 'example_sla_dag' retrieved from /home/airflow/.local/lib/python3.12/site-packages/airflow/example_dags/example_sla_dag.py
[2025-11-12T19:27:37.667+0000] {logging_mixin.py:188} INFO - [2025-11-12T19:27:37.666+0000] {dag.py:3096} INFO - Sync 1 DAGs
[2025-11-12T19:27:37.695+0000] {logging_mixin.py:188} INFO - [2025-11-12T19:27:37.695+0000] {dag.py:3954} INFO - Setting next_dagrun for example_sla_dag to 2025-11-12 19:24:00+00:00, run_after=2025-11-12 19:26:00+00:00
[2025-11-12T19:27:37.724+0000] {processor.py:183} INFO - Processing /home/airflow/.local/lib/python3.12/site-packages/airflow/example_dags/example_sla_dag.py took 0.101 seconds
[2025-11-12T19:28:08.957+0000] {processor.py:161} INFO - Started process (PID=1413) to work on /home/airflow/.local/lib/python3.12/site-packages/airflow/example_dags/example_sla_dag.py
[2025-11-12T19:28:08.958+0000] {processor.py:830} INFO - Processing file /home/airflow/.local/lib/python3.12/site-packages/airflow/example_dags/example_sla_dag.py for tasks to queue
[2025-11-12T19:28:08.960+0000] {logging_mixin.py:188} INFO - [2025-11-12T19:28:08.960+0000] {dagbag.py:545} INFO - Filling up the DagBag from /home/airflow/.local/lib/python3.12/site-packages/airflow/example_dags/example_sla_dag.py
[2025-11-12T19:28:08.967+0000] {processor.py:840} INFO - DAG(s) 'example_sla_dag' retrieved from /home/airflow/.local/lib/python3.12/site-packages/airflow/example_dags/example_sla_dag.py
[2025-11-12T19:28:08.988+0000] {logging_mixin.py:188} INFO - [2025-11-12T19:28:08.988+0000] {dag.py:3096} INFO - Sync 1 DAGs
[2025-11-12T19:28:09.011+0000] {logging_mixin.py:188} INFO - [2025-11-12T19:28:09.010+0000] {dag.py:3954} INFO - Setting next_dagrun for example_sla_dag to 2025-11-12 19:26:00+00:00, run_after=2025-11-12 19:28:00+00:00
[2025-11-12T19:28:09.272+0000] {processor.py:183} INFO - Processing /home/airflow/.local/lib/python3.12/site-packages/airflow/example_dags/example_sla_dag.py took 0.321 seconds
[2025-11-12T19:28:39.426+0000] {processor.py:161} INFO - Started process (PID=1473) to work on /home/airflow/.local/lib/python3.12/site-packages/airflow/example_dags/example_sla_dag.py
[2025-11-12T19:28:39.427+0000] {processor.py:830} INFO - Processing file /home/airflow/.local/lib/python3.12/site-packages/airflow/example_dags/example_sla_dag.py for tasks to queue
[2025-11-12T19:28:39.429+0000] {logging_mixin.py:188} INFO - [2025-11-12T19:28:39.429+0000] {dagbag.py:545} INFO - Filling up the DagBag from /home/airflow/.local/lib/python3.12/site-packages/airflow/example_dags/example_sla_dag.py
[2025-11-12T19:28:39.436+0000] {processor.py:840} INFO - DAG(s) 'example_sla_dag' retrieved from /home/airflow/.local/lib/python3.12/site-packages/airflow/example_dags/example_sla_dag.py
[2025-11-12T19:28:39.456+0000] {logging_mixin.py:188} INFO - [2025-11-12T19:28:39.455+0000] {dag.py:3096} INFO - Sync 1 DAGs
[2025-11-12T19:28:39.475+0000] {logging_mixin.py:188} INFO - [2025-11-12T19:28:39.475+0000] {dag.py:3954} INFO - Setting next_dagrun for example_sla_dag to 2025-11-12 19:26:00+00:00, run_after=2025-11-12 19:28:00+00:00
[2025-11-12T19:28:39.495+0000] {processor.py:183} INFO - Processing /home/airflow/.local/lib/python3.12/site-packages/airflow/example_dags/example_sla_dag.py took 0.074 seconds
[2025-11-12T19:29:09.736+0000] {processor.py:161} INFO - Started process (PID=1533) to work on /home/airflow/.local/lib/python3.12/site-packages/airflow/example_dags/example_sla_dag.py
[2025-11-12T19:29:09.737+0000] {processor.py:830} INFO - Processing file /home/airflow/.local/lib/python3.12/site-packages/airflow/example_dags/example_sla_dag.py for tasks to queue
[2025-11-12T19:29:09.739+0000] {logging_mixin.py:188} INFO - [2025-11-12T19:29:09.739+0000] {dagbag.py:545} INFO - Filling up the DagBag from /home/airflow/.local/lib/python3.12/site-packages/airflow/example_dags/example_sla_dag.py
[2025-11-12T19:29:09.746+0000] {processor.py:840} INFO - DAG(s) 'example_sla_dag' retrieved from /home/airflow/.local/lib/python3.12/site-packages/airflow/example_dags/example_sla_dag.py
[2025-11-12T19:29:09.764+0000] {logging_mixin.py:188} INFO - [2025-11-12T19:29:09.764+0000] {dag.py:3096} INFO - Sync 1 DAGs
[2025-11-12T19:29:09.782+0000] {logging_mixin.py:188} INFO - [2025-11-12T19:29:09.782+0000] {dag.py:3954} INFO - Setting next_dagrun for example_sla_dag to 2025-11-12 19:26:00+00:00, run_after=2025-11-12 19:28:00+00:00
[2025-11-12T19:29:09.821+0000] {processor.py:183} INFO - Processing /home/airflow/.local/lib/python3.12/site-packages/airflow/example_dags/example_sla_dag.py took 0.090 seconds
[2025-11-12T19:29:41.675+0000] {processor.py:161} INFO - Started process (PID=1593) to work on /home/airflow/.local/lib/python3.12/site-packages/airflow/example_dags/example_sla_dag.py
[2025-11-12T19:29:41.676+0000] {processor.py:830} INFO - Processing file /home/airflow/.local/lib/python3.12/site-packages/airflow/example_dags/example_sla_dag.py for tasks to queue
[2025-11-12T19:29:41.678+0000] {logging_mixin.py:188} INFO - [2025-11-12T19:29:41.678+0000] {dagbag.py:545} INFO - Filling up the DagBag from /home/airflow/.local/lib/python3.12/site-packages/airflow/example_dags/example_sla_dag.py
[2025-11-12T19:29:41.685+0000] {processor.py:840} INFO - DAG(s) 'example_sla_dag' retrieved from /home/airflow/.local/lib/python3.12/site-packages/airflow/example_dags/example_sla_dag.py
[2025-11-12T19:29:41.954+0000] {logging_mixin.py:188} INFO - [2025-11-12T19:29:41.707+0000] {dag.py:3096} INFO - Sync 1 DAGs
[2025-11-12T19:29:41.977+0000] {logging_mixin.py:188} INFO - [2025-11-12T19:29:41.977+0000] {dag.py:3954} INFO - Setting next_dagrun for example_sla_dag to 2025-11-12 19:26:00+00:00, run_after=2025-11-12 19:28:00+00:00
[2025-11-12T19:29:41.999+0000] {processor.py:183} INFO - Processing /home/airflow/.local/lib/python3.12/site-packages/airflow/example_dags/example_sla_dag.py took 0.330 seconds
[2025-11-12T19:30:12.056+0000] {processor.py:161} INFO - Started process (PID=1653) to work on /home/airflow/.local/lib/python3.12/site-packages/airflow/example_dags/example_sla_dag.py
[2025-11-12T19:30:12.057+0000] {processor.py:830} INFO - Processing file /home/airflow/.local/lib/python3.12/site-packages/airflow/example_dags/example_sla_dag.py for tasks to queue
[2025-11-12T19:30:12.059+0000] {logging_mixin.py:188} INFO - [2025-11-12T19:30:12.058+0000] {dagbag.py:545} INFO - Filling up the DagBag from /home/airflow/.local/lib/python3.12/site-packages/airflow/example_dags/example_sla_dag.py
[2025-11-12T19:30:12.065+0000] {processor.py:840} INFO - DAG(s) 'example_sla_dag' retrieved from /home/airflow/.local/lib/python3.12/site-packages/airflow/example_dags/example_sla_dag.py
[2025-11-12T19:30:12.087+0000] {logging_mixin.py:188} INFO - [2025-11-12T19:30:12.087+0000] {dag.py:3096} INFO - Sync 1 DAGs
[2025-11-12T19:30:12.108+0000] {logging_mixin.py:188} INFO - [2025-11-12T19:30:12.108+0000] {dag.py:3954} INFO - Setting next_dagrun for example_sla_dag to 2025-11-12 19:28:00+00:00, run_after=2025-11-12 19:30:00+00:00
[2025-11-12T19:30:12.129+0000] {processor.py:183} INFO - Processing /home/airflow/.local/lib/python3.12/site-packages/airflow/example_dags/example_sla_dag.py took 0.078 seconds
[2025-11-12T19:30:42.281+0000] {processor.py:161} INFO - Started process (PID=1713) to work on /home/airflow/.local/lib/python3.12/site-packages/airflow/example_dags/example_sla_dag.py
[2025-11-12T19:30:42.283+0000] {processor.py:830} INFO - Processing file /home/airflow/.local/lib/python3.12/site-packages/airflow/example_dags/example_sla_dag.py for tasks to queue
[2025-11-12T19:30:42.285+0000] {logging_mixin.py:188} INFO - [2025-11-12T19:30:42.284+0000] {dagbag.py:545} INFO - Filling up the DagBag from /home/airflow/.local/lib/python3.12/site-packages/airflow/example_dags/example_sla_dag.py
[2025-11-12T19:30:42.291+0000] {processor.py:840} INFO - DAG(s) 'example_sla_dag' retrieved from /home/airflow/.local/lib/python3.12/site-packages/airflow/example_dags/example_sla_dag.py
[2025-11-12T19:30:42.315+0000] {logging_mixin.py:188} INFO - [2025-11-12T19:30:42.315+0000] {dag.py:3096} INFO - Sync 1 DAGs
[2025-11-12T19:30:42.333+0000] {logging_mixin.py:188} INFO - [2025-11-12T19:30:42.333+0000] {dag.py:3954} INFO - Setting next_dagrun for example_sla_dag to 2025-11-12 19:28:00+00:00, run_after=2025-11-12 19:30:00+00:00
[2025-11-12T19:30:42.356+0000] {processor.py:183} INFO - Processing /home/airflow/.local/lib/python3.12/site-packages/airflow/example_dags/example_sla_dag.py took 0.078 seconds
[2025-11-12T19:31:12.751+0000] {processor.py:161} INFO - Started process (PID=1773) to work on /home/airflow/.local/lib/python3.12/site-packages/airflow/example_dags/example_sla_dag.py
[2025-11-12T19:31:12.752+0000] {processor.py:830} INFO - Processing file /home/airflow/.local/lib/python3.12/site-packages/airflow/example_dags/example_sla_dag.py for tasks to queue
[2025-11-12T19:31:12.754+0000] {logging_mixin.py:188} INFO - [2025-11-12T19:31:12.754+0000] {dagbag.py:545} INFO - Filling up the DagBag from /home/airflow/.local/lib/python3.12/site-packages/airflow/example_dags/example_sla_dag.py
[2025-11-12T19:31:12.761+0000] {processor.py:840} INFO - DAG(s) 'example_sla_dag' retrieved from /home/airflow/.local/lib/python3.12/site-packages/airflow/example_dags/example_sla_dag.py
[2025-11-12T19:31:12.784+0000] {logging_mixin.py:188} INFO - [2025-11-12T19:31:12.783+0000] {dag.py:3096} INFO - Sync 1 DAGs
[2025-11-12T19:31:12.817+0000] {logging_mixin.py:188} INFO - [2025-11-12T19:31:12.817+0000] {dag.py:3954} INFO - Setting next_dagrun for example_sla_dag to 2025-11-12 19:28:00+00:00, run_after=2025-11-12 19:30:00+00:00
[2025-11-12T19:31:12.847+0000] {processor.py:183} INFO - Processing /home/airflow/.local/lib/python3.12/site-packages/airflow/example_dags/example_sla_dag.py took 0.103 seconds
[2025-11-12T19:31:43.447+0000] {processor.py:161} INFO - Started process (PID=1836) to work on /home/airflow/.local/lib/python3.12/site-packages/airflow/example_dags/example_sla_dag.py
[2025-11-12T19:31:43.448+0000] {processor.py:830} INFO - Processing file /home/airflow/.local/lib/python3.12/site-packages/airflow/example_dags/example_sla_dag.py for tasks to queue
[2025-11-12T19:31:43.450+0000] {logging_mixin.py:188} INFO - [2025-11-12T19:31:43.449+0000] {dagbag.py:545} INFO - Filling up the DagBag from /home/airflow/.local/lib/python3.12/site-packages/airflow/example_dags/example_sla_dag.py
[2025-11-12T19:31:43.456+0000] {processor.py:840} INFO - DAG(s) 'example_sla_dag' retrieved from /home/airflow/.local/lib/python3.12/site-packages/airflow/example_dags/example_sla_dag.py
[2025-11-12T19:31:43.474+0000] {logging_mixin.py:188} INFO - [2025-11-12T19:31:43.473+0000] {dag.py:3096} INFO - Sync 1 DAGs
[2025-11-12T19:31:43.494+0000] {logging_mixin.py:188} INFO - [2025-11-12T19:31:43.494+0000] {dag.py:3954} INFO - Setting next_dagrun for example_sla_dag to 2025-11-12 19:28:00+00:00, run_after=2025-11-12 19:30:00+00:00
[2025-11-12T19:31:43.516+0000] {processor.py:183} INFO - Processing /home/airflow/.local/lib/python3.12/site-packages/airflow/example_dags/example_sla_dag.py took 0.073 seconds
