[2025-11-12T19:06:11.708+0000] {processor.py:161} INFO - Started process (PID=93) to work on /home/airflow/.local/lib/python3.12/site-packages/airflow/example_dags/example_external_task_marker_dag.py
[2025-11-12T19:06:11.710+0000] {processor.py:830} INFO - Processing file /home/airflow/.local/lib/python3.12/site-packages/airflow/example_dags/example_external_task_marker_dag.py for tasks to queue
[2025-11-12T19:06:11.712+0000] {logging_mixin.py:188} INFO - [2025-11-12T19:06:11.712+0000] {dagbag.py:545} INFO - Filling up the DagBag from /home/airflow/.local/lib/python3.12/site-packages/airflow/example_dags/example_external_task_marker_dag.py
[2025-11-12T19:06:11.726+0000] {processor.py:840} INFO - DAG(s) 'example_external_task_marker_child', 'example_external_task_marker_parent' retrieved from /home/airflow/.local/lib/python3.12/site-packages/airflow/example_dags/example_external_task_marker_dag.py
[2025-11-12T19:06:11.895+0000] {logging_mixin.py:188} INFO - [2025-11-12T19:06:11.894+0000] {dag.py:3096} INFO - Sync 2 DAGs
[2025-11-12T19:06:11.908+0000] {logging_mixin.py:188} INFO - [2025-11-12T19:06:11.908+0000] {dag.py:3954} INFO - Setting next_dagrun for example_external_task_marker_child to None, run_after=None
[2025-11-12T19:06:11.913+0000] {logging_mixin.py:188} INFO - [2025-11-12T19:06:11.912+0000] {dag.py:3954} INFO - Setting next_dagrun for example_external_task_marker_parent to None, run_after=None
[2025-11-12T19:06:11.940+0000] {processor.py:183} INFO - Processing /home/airflow/.local/lib/python3.12/site-packages/airflow/example_dags/example_external_task_marker_dag.py took 0.238 seconds
[2025-11-12T19:06:42.823+0000] {processor.py:161} INFO - Started process (PID=154) to work on /home/airflow/.local/lib/python3.12/site-packages/airflow/example_dags/example_external_task_marker_dag.py
[2025-11-12T19:06:42.824+0000] {processor.py:830} INFO - Processing file /home/airflow/.local/lib/python3.12/site-packages/airflow/example_dags/example_external_task_marker_dag.py for tasks to queue
[2025-11-12T19:06:42.826+0000] {logging_mixin.py:188} INFO - [2025-11-12T19:06:42.826+0000] {dagbag.py:545} INFO - Filling up the DagBag from /home/airflow/.local/lib/python3.12/site-packages/airflow/example_dags/example_external_task_marker_dag.py
[2025-11-12T19:06:42.833+0000] {processor.py:840} INFO - DAG(s) 'example_external_task_marker_parent', 'example_external_task_marker_child' retrieved from /home/airflow/.local/lib/python3.12/site-packages/airflow/example_dags/example_external_task_marker_dag.py
[2025-11-12T19:06:42.866+0000] {logging_mixin.py:188} INFO - [2025-11-12T19:06:42.865+0000] {dag.py:3096} INFO - Sync 2 DAGs
[2025-11-12T19:06:42.882+0000] {logging_mixin.py:188} INFO - [2025-11-12T19:06:42.882+0000] {dag.py:3954} INFO - Setting next_dagrun for example_external_task_marker_child to None, run_after=None
[2025-11-12T19:06:42.886+0000] {logging_mixin.py:188} INFO - [2025-11-12T19:06:42.886+0000] {dag.py:3954} INFO - Setting next_dagrun for example_external_task_marker_parent to None, run_after=None
[2025-11-12T19:06:42.907+0000] {processor.py:183} INFO - Processing /home/airflow/.local/lib/python3.12/site-packages/airflow/example_dags/example_external_task_marker_dag.py took 0.089 seconds
[2025-11-12T19:07:13.871+0000] {processor.py:161} INFO - Started process (PID=214) to work on /home/airflow/.local/lib/python3.12/site-packages/airflow/example_dags/example_external_task_marker_dag.py
[2025-11-12T19:07:13.872+0000] {processor.py:830} INFO - Processing file /home/airflow/.local/lib/python3.12/site-packages/airflow/example_dags/example_external_task_marker_dag.py for tasks to queue
[2025-11-12T19:07:13.873+0000] {logging_mixin.py:188} INFO - [2025-11-12T19:07:13.873+0000] {dagbag.py:545} INFO - Filling up the DagBag from /home/airflow/.local/lib/python3.12/site-packages/airflow/example_dags/example_external_task_marker_dag.py
[2025-11-12T19:07:13.879+0000] {processor.py:840} INFO - DAG(s) 'example_external_task_marker_child', 'example_external_task_marker_parent' retrieved from /home/airflow/.local/lib/python3.12/site-packages/airflow/example_dags/example_external_task_marker_dag.py
[2025-11-12T19:07:13.905+0000] {logging_mixin.py:188} INFO - [2025-11-12T19:07:13.905+0000] {dag.py:3096} INFO - Sync 2 DAGs
[2025-11-12T19:07:13.915+0000] {logging_mixin.py:188} INFO - [2025-11-12T19:07:13.915+0000] {dag.py:3954} INFO - Setting next_dagrun for example_external_task_marker_child to None, run_after=None
[2025-11-12T19:07:13.919+0000] {logging_mixin.py:188} INFO - [2025-11-12T19:07:13.919+0000] {dag.py:3954} INFO - Setting next_dagrun for example_external_task_marker_parent to None, run_after=None
[2025-11-12T19:07:13.935+0000] {processor.py:183} INFO - Processing /home/airflow/.local/lib/python3.12/site-packages/airflow/example_dags/example_external_task_marker_dag.py took 0.069 seconds
[2025-11-12T19:07:44.063+0000] {processor.py:161} INFO - Started process (PID=274) to work on /home/airflow/.local/lib/python3.12/site-packages/airflow/example_dags/example_external_task_marker_dag.py
[2025-11-12T19:07:44.064+0000] {processor.py:830} INFO - Processing file /home/airflow/.local/lib/python3.12/site-packages/airflow/example_dags/example_external_task_marker_dag.py for tasks to queue
[2025-11-12T19:07:44.066+0000] {logging_mixin.py:188} INFO - [2025-11-12T19:07:44.066+0000] {dagbag.py:545} INFO - Filling up the DagBag from /home/airflow/.local/lib/python3.12/site-packages/airflow/example_dags/example_external_task_marker_dag.py
[2025-11-12T19:07:44.073+0000] {processor.py:840} INFO - DAG(s) 'example_external_task_marker_child', 'example_external_task_marker_parent' retrieved from /home/airflow/.local/lib/python3.12/site-packages/airflow/example_dags/example_external_task_marker_dag.py
[2025-11-12T19:07:44.099+0000] {logging_mixin.py:188} INFO - [2025-11-12T19:07:44.099+0000] {dag.py:3096} INFO - Sync 2 DAGs
[2025-11-12T19:07:44.111+0000] {logging_mixin.py:188} INFO - [2025-11-12T19:07:44.111+0000] {dag.py:3954} INFO - Setting next_dagrun for example_external_task_marker_child to None, run_after=None
[2025-11-12T19:07:44.115+0000] {logging_mixin.py:188} INFO - [2025-11-12T19:07:44.115+0000] {dag.py:3954} INFO - Setting next_dagrun for example_external_task_marker_parent to None, run_after=None
[2025-11-12T19:07:44.137+0000] {processor.py:183} INFO - Processing /home/airflow/.local/lib/python3.12/site-packages/airflow/example_dags/example_external_task_marker_dag.py took 0.079 seconds
[2025-11-12T19:08:14.914+0000] {processor.py:161} INFO - Started process (PID=334) to work on /home/airflow/.local/lib/python3.12/site-packages/airflow/example_dags/example_external_task_marker_dag.py
[2025-11-12T19:08:14.915+0000] {processor.py:830} INFO - Processing file /home/airflow/.local/lib/python3.12/site-packages/airflow/example_dags/example_external_task_marker_dag.py for tasks to queue
[2025-11-12T19:08:14.916+0000] {logging_mixin.py:188} INFO - [2025-11-12T19:08:14.916+0000] {dagbag.py:545} INFO - Filling up the DagBag from /home/airflow/.local/lib/python3.12/site-packages/airflow/example_dags/example_external_task_marker_dag.py
[2025-11-12T19:08:14.921+0000] {processor.py:840} INFO - DAG(s) 'example_external_task_marker_child', 'example_external_task_marker_parent' retrieved from /home/airflow/.local/lib/python3.12/site-packages/airflow/example_dags/example_external_task_marker_dag.py
[2025-11-12T19:08:14.943+0000] {logging_mixin.py:188} INFO - [2025-11-12T19:08:14.943+0000] {dag.py:3096} INFO - Sync 2 DAGs
[2025-11-12T19:08:14.954+0000] {logging_mixin.py:188} INFO - [2025-11-12T19:08:14.954+0000] {dag.py:3954} INFO - Setting next_dagrun for example_external_task_marker_child to None, run_after=None
[2025-11-12T19:08:14.957+0000] {logging_mixin.py:188} INFO - [2025-11-12T19:08:14.957+0000] {dag.py:3954} INFO - Setting next_dagrun for example_external_task_marker_parent to None, run_after=None
[2025-11-12T19:08:14.976+0000] {processor.py:183} INFO - Processing /home/airflow/.local/lib/python3.12/site-packages/airflow/example_dags/example_external_task_marker_dag.py took 0.066 seconds
[2025-11-12T19:08:45.430+0000] {processor.py:161} INFO - Started process (PID=394) to work on /home/airflow/.local/lib/python3.12/site-packages/airflow/example_dags/example_external_task_marker_dag.py
[2025-11-12T19:08:45.431+0000] {processor.py:830} INFO - Processing file /home/airflow/.local/lib/python3.12/site-packages/airflow/example_dags/example_external_task_marker_dag.py for tasks to queue
[2025-11-12T19:08:45.433+0000] {logging_mixin.py:188} INFO - [2025-11-12T19:08:45.433+0000] {dagbag.py:545} INFO - Filling up the DagBag from /home/airflow/.local/lib/python3.12/site-packages/airflow/example_dags/example_external_task_marker_dag.py
[2025-11-12T19:08:45.439+0000] {processor.py:840} INFO - DAG(s) 'example_external_task_marker_child', 'example_external_task_marker_parent' retrieved from /home/airflow/.local/lib/python3.12/site-packages/airflow/example_dags/example_external_task_marker_dag.py
[2025-11-12T19:08:45.467+0000] {logging_mixin.py:188} INFO - [2025-11-12T19:08:45.467+0000] {dag.py:3096} INFO - Sync 2 DAGs
[2025-11-12T19:08:45.478+0000] {logging_mixin.py:188} INFO - [2025-11-12T19:08:45.478+0000] {dag.py:3954} INFO - Setting next_dagrun for example_external_task_marker_child to None, run_after=None
[2025-11-12T19:08:45.482+0000] {logging_mixin.py:188} INFO - [2025-11-12T19:08:45.482+0000] {dag.py:3954} INFO - Setting next_dagrun for example_external_task_marker_parent to None, run_after=None
[2025-11-12T19:08:45.521+0000] {processor.py:183} INFO - Processing /home/airflow/.local/lib/python3.12/site-packages/airflow/example_dags/example_external_task_marker_dag.py took 0.096 seconds
[2025-11-12T19:09:15.765+0000] {processor.py:161} INFO - Started process (PID=455) to work on /home/airflow/.local/lib/python3.12/site-packages/airflow/example_dags/example_external_task_marker_dag.py
[2025-11-12T19:09:15.767+0000] {processor.py:830} INFO - Processing file /home/airflow/.local/lib/python3.12/site-packages/airflow/example_dags/example_external_task_marker_dag.py for tasks to queue
[2025-11-12T19:09:15.767+0000] {logging_mixin.py:188} INFO - [2025-11-12T19:09:15.767+0000] {dagbag.py:545} INFO - Filling up the DagBag from /home/airflow/.local/lib/python3.12/site-packages/airflow/example_dags/example_external_task_marker_dag.py
[2025-11-12T19:09:15.773+0000] {processor.py:840} INFO - DAG(s) 'example_external_task_marker_child', 'example_external_task_marker_parent' retrieved from /home/airflow/.local/lib/python3.12/site-packages/airflow/example_dags/example_external_task_marker_dag.py
[2025-11-12T19:09:15.794+0000] {logging_mixin.py:188} INFO - [2025-11-12T19:09:15.794+0000] {dag.py:3096} INFO - Sync 2 DAGs
[2025-11-12T19:09:15.806+0000] {logging_mixin.py:188} INFO - [2025-11-12T19:09:15.805+0000] {dag.py:3954} INFO - Setting next_dagrun for example_external_task_marker_child to None, run_after=None
[2025-11-12T19:09:15.809+0000] {logging_mixin.py:188} INFO - [2025-11-12T19:09:15.809+0000] {dag.py:3954} INFO - Setting next_dagrun for example_external_task_marker_parent to None, run_after=None
[2025-11-12T19:09:15.825+0000] {processor.py:183} INFO - Processing /home/airflow/.local/lib/python3.12/site-packages/airflow/example_dags/example_external_task_marker_dag.py took 0.064 seconds
[2025-11-12T19:09:46.798+0000] {processor.py:161} INFO - Started process (PID=516) to work on /home/airflow/.local/lib/python3.12/site-packages/airflow/example_dags/example_external_task_marker_dag.py
[2025-11-12T19:09:46.799+0000] {processor.py:830} INFO - Processing file /home/airflow/.local/lib/python3.12/site-packages/airflow/example_dags/example_external_task_marker_dag.py for tasks to queue
[2025-11-12T19:09:46.801+0000] {logging_mixin.py:188} INFO - [2025-11-12T19:09:46.800+0000] {dagbag.py:545} INFO - Filling up the DagBag from /home/airflow/.local/lib/python3.12/site-packages/airflow/example_dags/example_external_task_marker_dag.py
[2025-11-12T19:09:46.806+0000] {processor.py:840} INFO - DAG(s) 'example_external_task_marker_parent', 'example_external_task_marker_child' retrieved from /home/airflow/.local/lib/python3.12/site-packages/airflow/example_dags/example_external_task_marker_dag.py
[2025-11-12T19:09:46.835+0000] {logging_mixin.py:188} INFO - [2025-11-12T19:09:46.835+0000] {dag.py:3096} INFO - Sync 2 DAGs
[2025-11-12T19:09:46.849+0000] {logging_mixin.py:188} INFO - [2025-11-12T19:09:46.848+0000] {dag.py:3954} INFO - Setting next_dagrun for example_external_task_marker_child to None, run_after=None
[2025-11-12T19:09:46.853+0000] {logging_mixin.py:188} INFO - [2025-11-12T19:09:46.853+0000] {dag.py:3954} INFO - Setting next_dagrun for example_external_task_marker_parent to None, run_after=None
[2025-11-12T19:09:46.879+0000] {processor.py:183} INFO - Processing /home/airflow/.local/lib/python3.12/site-packages/airflow/example_dags/example_external_task_marker_dag.py took 0.085 seconds
[2025-11-12T19:10:17.129+0000] {processor.py:161} INFO - Started process (PID=576) to work on /home/airflow/.local/lib/python3.12/site-packages/airflow/example_dags/example_external_task_marker_dag.py
[2025-11-12T19:10:17.131+0000] {processor.py:830} INFO - Processing file /home/airflow/.local/lib/python3.12/site-packages/airflow/example_dags/example_external_task_marker_dag.py for tasks to queue
[2025-11-12T19:10:17.132+0000] {logging_mixin.py:188} INFO - [2025-11-12T19:10:17.131+0000] {dagbag.py:545} INFO - Filling up the DagBag from /home/airflow/.local/lib/python3.12/site-packages/airflow/example_dags/example_external_task_marker_dag.py
[2025-11-12T19:10:17.137+0000] {processor.py:840} INFO - DAG(s) 'example_external_task_marker_parent', 'example_external_task_marker_child' retrieved from /home/airflow/.local/lib/python3.12/site-packages/airflow/example_dags/example_external_task_marker_dag.py
[2025-11-12T19:10:17.161+0000] {logging_mixin.py:188} INFO - [2025-11-12T19:10:17.160+0000] {dag.py:3096} INFO - Sync 2 DAGs
[2025-11-12T19:10:17.172+0000] {logging_mixin.py:188} INFO - [2025-11-12T19:10:17.171+0000] {dag.py:3954} INFO - Setting next_dagrun for example_external_task_marker_child to None, run_after=None
[2025-11-12T19:10:17.175+0000] {logging_mixin.py:188} INFO - [2025-11-12T19:10:17.175+0000] {dag.py:3954} INFO - Setting next_dagrun for example_external_task_marker_parent to None, run_after=None
[2025-11-12T19:10:17.194+0000] {processor.py:183} INFO - Processing /home/airflow/.local/lib/python3.12/site-packages/airflow/example_dags/example_external_task_marker_dag.py took 0.070 seconds
[2025-11-12T19:10:47.339+0000] {processor.py:161} INFO - Started process (PID=637) to work on /home/airflow/.local/lib/python3.12/site-packages/airflow/example_dags/example_external_task_marker_dag.py
[2025-11-12T19:10:47.340+0000] {processor.py:830} INFO - Processing file /home/airflow/.local/lib/python3.12/site-packages/airflow/example_dags/example_external_task_marker_dag.py for tasks to queue
[2025-11-12T19:10:47.341+0000] {logging_mixin.py:188} INFO - [2025-11-12T19:10:47.340+0000] {dagbag.py:545} INFO - Filling up the DagBag from /home/airflow/.local/lib/python3.12/site-packages/airflow/example_dags/example_external_task_marker_dag.py
[2025-11-12T19:10:47.347+0000] {processor.py:840} INFO - DAG(s) 'example_external_task_marker_child', 'example_external_task_marker_parent' retrieved from /home/airflow/.local/lib/python3.12/site-packages/airflow/example_dags/example_external_task_marker_dag.py
[2025-11-12T19:10:47.371+0000] {logging_mixin.py:188} INFO - [2025-11-12T19:10:47.370+0000] {dag.py:3096} INFO - Sync 2 DAGs
[2025-11-12T19:10:47.382+0000] {logging_mixin.py:188} INFO - [2025-11-12T19:10:47.382+0000] {dag.py:3954} INFO - Setting next_dagrun for example_external_task_marker_child to None, run_after=None
[2025-11-12T19:10:47.386+0000] {logging_mixin.py:188} INFO - [2025-11-12T19:10:47.386+0000] {dag.py:3954} INFO - Setting next_dagrun for example_external_task_marker_parent to None, run_after=None
[2025-11-12T19:10:47.403+0000] {processor.py:183} INFO - Processing /home/airflow/.local/lib/python3.12/site-packages/airflow/example_dags/example_external_task_marker_dag.py took 0.069 seconds
[2025-11-12T19:11:17.585+0000] {processor.py:161} INFO - Started process (PID=697) to work on /home/airflow/.local/lib/python3.12/site-packages/airflow/example_dags/example_external_task_marker_dag.py
[2025-11-12T19:11:17.586+0000] {processor.py:830} INFO - Processing file /home/airflow/.local/lib/python3.12/site-packages/airflow/example_dags/example_external_task_marker_dag.py for tasks to queue
[2025-11-12T19:11:17.587+0000] {logging_mixin.py:188} INFO - [2025-11-12T19:11:17.587+0000] {dagbag.py:545} INFO - Filling up the DagBag from /home/airflow/.local/lib/python3.12/site-packages/airflow/example_dags/example_external_task_marker_dag.py
[2025-11-12T19:11:17.592+0000] {processor.py:840} INFO - DAG(s) 'example_external_task_marker_child', 'example_external_task_marker_parent' retrieved from /home/airflow/.local/lib/python3.12/site-packages/airflow/example_dags/example_external_task_marker_dag.py
[2025-11-12T19:11:17.614+0000] {logging_mixin.py:188} INFO - [2025-11-12T19:11:17.614+0000] {dag.py:3096} INFO - Sync 2 DAGs
[2025-11-12T19:11:17.625+0000] {logging_mixin.py:188} INFO - [2025-11-12T19:11:17.625+0000] {dag.py:3954} INFO - Setting next_dagrun for example_external_task_marker_child to None, run_after=None
[2025-11-12T19:11:17.629+0000] {logging_mixin.py:188} INFO - [2025-11-12T19:11:17.628+0000] {dag.py:3954} INFO - Setting next_dagrun for example_external_task_marker_parent to None, run_after=None
[2025-11-12T19:11:17.653+0000] {processor.py:183} INFO - Processing /home/airflow/.local/lib/python3.12/site-packages/airflow/example_dags/example_external_task_marker_dag.py took 0.072 seconds
[2025-11-12T19:11:48.856+0000] {processor.py:161} INFO - Started process (PID=757) to work on /home/airflow/.local/lib/python3.12/site-packages/airflow/example_dags/example_external_task_marker_dag.py
[2025-11-12T19:11:48.857+0000] {processor.py:830} INFO - Processing file /home/airflow/.local/lib/python3.12/site-packages/airflow/example_dags/example_external_task_marker_dag.py for tasks to queue
[2025-11-12T19:11:48.858+0000] {logging_mixin.py:188} INFO - [2025-11-12T19:11:48.858+0000] {dagbag.py:545} INFO - Filling up the DagBag from /home/airflow/.local/lib/python3.12/site-packages/airflow/example_dags/example_external_task_marker_dag.py
[2025-11-12T19:11:48.864+0000] {processor.py:840} INFO - DAG(s) 'example_external_task_marker_child', 'example_external_task_marker_parent' retrieved from /home/airflow/.local/lib/python3.12/site-packages/airflow/example_dags/example_external_task_marker_dag.py
[2025-11-12T19:11:48.892+0000] {logging_mixin.py:188} INFO - [2025-11-12T19:11:48.891+0000] {dag.py:3096} INFO - Sync 2 DAGs
[2025-11-12T19:11:48.903+0000] {logging_mixin.py:188} INFO - [2025-11-12T19:11:48.903+0000] {dag.py:3954} INFO - Setting next_dagrun for example_external_task_marker_child to None, run_after=None
[2025-11-12T19:11:48.908+0000] {logging_mixin.py:188} INFO - [2025-11-12T19:11:48.907+0000] {dag.py:3954} INFO - Setting next_dagrun for example_external_task_marker_parent to None, run_after=None
[2025-11-12T19:11:48.926+0000] {processor.py:183} INFO - Processing /home/airflow/.local/lib/python3.12/site-packages/airflow/example_dags/example_external_task_marker_dag.py took 0.075 seconds
[2025-11-12T19:12:20.052+0000] {processor.py:161} INFO - Started process (PID=817) to work on /home/airflow/.local/lib/python3.12/site-packages/airflow/example_dags/example_external_task_marker_dag.py
[2025-11-12T19:12:20.053+0000] {processor.py:830} INFO - Processing file /home/airflow/.local/lib/python3.12/site-packages/airflow/example_dags/example_external_task_marker_dag.py for tasks to queue
[2025-11-12T19:12:20.054+0000] {logging_mixin.py:188} INFO - [2025-11-12T19:12:20.053+0000] {dagbag.py:545} INFO - Filling up the DagBag from /home/airflow/.local/lib/python3.12/site-packages/airflow/example_dags/example_external_task_marker_dag.py
[2025-11-12T19:12:20.059+0000] {processor.py:840} INFO - DAG(s) 'example_external_task_marker_child', 'example_external_task_marker_parent' retrieved from /home/airflow/.local/lib/python3.12/site-packages/airflow/example_dags/example_external_task_marker_dag.py
[2025-11-12T19:12:20.084+0000] {logging_mixin.py:188} INFO - [2025-11-12T19:12:20.083+0000] {dag.py:3096} INFO - Sync 2 DAGs
[2025-11-12T19:12:20.095+0000] {logging_mixin.py:188} INFO - [2025-11-12T19:12:20.095+0000] {dag.py:3954} INFO - Setting next_dagrun for example_external_task_marker_child to None, run_after=None
[2025-11-12T19:12:20.103+0000] {logging_mixin.py:188} INFO - [2025-11-12T19:12:20.102+0000] {dag.py:3954} INFO - Setting next_dagrun for example_external_task_marker_parent to None, run_after=None
[2025-11-12T19:12:20.124+0000] {processor.py:183} INFO - Processing /home/airflow/.local/lib/python3.12/site-packages/airflow/example_dags/example_external_task_marker_dag.py took 0.077 seconds
[2025-11-12T19:12:50.385+0000] {processor.py:161} INFO - Started process (PID=877) to work on /home/airflow/.local/lib/python3.12/site-packages/airflow/example_dags/example_external_task_marker_dag.py
[2025-11-12T19:12:50.387+0000] {processor.py:830} INFO - Processing file /home/airflow/.local/lib/python3.12/site-packages/airflow/example_dags/example_external_task_marker_dag.py for tasks to queue
[2025-11-12T19:12:50.388+0000] {logging_mixin.py:188} INFO - [2025-11-12T19:12:50.387+0000] {dagbag.py:545} INFO - Filling up the DagBag from /home/airflow/.local/lib/python3.12/site-packages/airflow/example_dags/example_external_task_marker_dag.py
[2025-11-12T19:12:50.393+0000] {processor.py:840} INFO - DAG(s) 'example_external_task_marker_parent', 'example_external_task_marker_child' retrieved from /home/airflow/.local/lib/python3.12/site-packages/airflow/example_dags/example_external_task_marker_dag.py
[2025-11-12T19:12:50.418+0000] {logging_mixin.py:188} INFO - [2025-11-12T19:12:50.417+0000] {dag.py:3096} INFO - Sync 2 DAGs
[2025-11-12T19:12:50.431+0000] {logging_mixin.py:188} INFO - [2025-11-12T19:12:50.431+0000] {dag.py:3954} INFO - Setting next_dagrun for example_external_task_marker_child to None, run_after=None
[2025-11-12T19:12:50.435+0000] {logging_mixin.py:188} INFO - [2025-11-12T19:12:50.435+0000] {dag.py:3954} INFO - Setting next_dagrun for example_external_task_marker_parent to None, run_after=None
[2025-11-12T19:12:50.455+0000] {processor.py:183} INFO - Processing /home/airflow/.local/lib/python3.12/site-packages/airflow/example_dags/example_external_task_marker_dag.py took 0.074 seconds
[2025-11-12T19:13:20.770+0000] {processor.py:161} INFO - Started process (PID=937) to work on /home/airflow/.local/lib/python3.12/site-packages/airflow/example_dags/example_external_task_marker_dag.py
[2025-11-12T19:13:20.771+0000] {processor.py:830} INFO - Processing file /home/airflow/.local/lib/python3.12/site-packages/airflow/example_dags/example_external_task_marker_dag.py for tasks to queue
[2025-11-12T19:13:20.772+0000] {logging_mixin.py:188} INFO - [2025-11-12T19:13:20.772+0000] {dagbag.py:545} INFO - Filling up the DagBag from /home/airflow/.local/lib/python3.12/site-packages/airflow/example_dags/example_external_task_marker_dag.py
[2025-11-12T19:13:20.778+0000] {processor.py:840} INFO - DAG(s) 'example_external_task_marker_parent', 'example_external_task_marker_child' retrieved from /home/airflow/.local/lib/python3.12/site-packages/airflow/example_dags/example_external_task_marker_dag.py
[2025-11-12T19:13:20.802+0000] {logging_mixin.py:188} INFO - [2025-11-12T19:13:20.801+0000] {dag.py:3096} INFO - Sync 2 DAGs
[2025-11-12T19:13:20.811+0000] {logging_mixin.py:188} INFO - [2025-11-12T19:13:20.811+0000] {dag.py:3954} INFO - Setting next_dagrun for example_external_task_marker_child to None, run_after=None
[2025-11-12T19:13:20.815+0000] {logging_mixin.py:188} INFO - [2025-11-12T19:13:20.815+0000] {dag.py:3954} INFO - Setting next_dagrun for example_external_task_marker_parent to None, run_after=None
[2025-11-12T19:13:20.833+0000] {processor.py:183} INFO - Processing /home/airflow/.local/lib/python3.12/site-packages/airflow/example_dags/example_external_task_marker_dag.py took 0.067 seconds
[2025-11-12T19:13:51.171+0000] {processor.py:161} INFO - Started process (PID=997) to work on /home/airflow/.local/lib/python3.12/site-packages/airflow/example_dags/example_external_task_marker_dag.py
[2025-11-12T19:13:51.172+0000] {processor.py:830} INFO - Processing file /home/airflow/.local/lib/python3.12/site-packages/airflow/example_dags/example_external_task_marker_dag.py for tasks to queue
[2025-11-12T19:13:51.173+0000] {logging_mixin.py:188} INFO - [2025-11-12T19:13:51.173+0000] {dagbag.py:545} INFO - Filling up the DagBag from /home/airflow/.local/lib/python3.12/site-packages/airflow/example_dags/example_external_task_marker_dag.py
[2025-11-12T19:13:51.178+0000] {processor.py:840} INFO - DAG(s) 'example_external_task_marker_parent', 'example_external_task_marker_child' retrieved from /home/airflow/.local/lib/python3.12/site-packages/airflow/example_dags/example_external_task_marker_dag.py
[2025-11-12T19:13:51.208+0000] {logging_mixin.py:188} INFO - [2025-11-12T19:13:51.207+0000] {dag.py:3096} INFO - Sync 2 DAGs
[2025-11-12T19:13:51.218+0000] {logging_mixin.py:188} INFO - [2025-11-12T19:13:51.218+0000] {dag.py:3954} INFO - Setting next_dagrun for example_external_task_marker_child to None, run_after=None
[2025-11-12T19:13:51.223+0000] {logging_mixin.py:188} INFO - [2025-11-12T19:13:51.223+0000] {dag.py:3954} INFO - Setting next_dagrun for example_external_task_marker_parent to None, run_after=None
[2025-11-12T19:13:51.242+0000] {processor.py:183} INFO - Processing /home/airflow/.local/lib/python3.12/site-packages/airflow/example_dags/example_external_task_marker_dag.py took 0.075 seconds
[2025-11-12T19:14:21.385+0000] {processor.py:161} INFO - Started process (PID=1057) to work on /home/airflow/.local/lib/python3.12/site-packages/airflow/example_dags/example_external_task_marker_dag.py
[2025-11-12T19:14:21.386+0000] {processor.py:830} INFO - Processing file /home/airflow/.local/lib/python3.12/site-packages/airflow/example_dags/example_external_task_marker_dag.py for tasks to queue
[2025-11-12T19:14:21.387+0000] {logging_mixin.py:188} INFO - [2025-11-12T19:14:21.387+0000] {dagbag.py:545} INFO - Filling up the DagBag from /home/airflow/.local/lib/python3.12/site-packages/airflow/example_dags/example_external_task_marker_dag.py
[2025-11-12T19:14:21.393+0000] {processor.py:840} INFO - DAG(s) 'example_external_task_marker_child', 'example_external_task_marker_parent' retrieved from /home/airflow/.local/lib/python3.12/site-packages/airflow/example_dags/example_external_task_marker_dag.py
[2025-11-12T19:14:21.420+0000] {logging_mixin.py:188} INFO - [2025-11-12T19:14:21.419+0000] {dag.py:3096} INFO - Sync 2 DAGs
[2025-11-12T19:14:21.431+0000] {logging_mixin.py:188} INFO - [2025-11-12T19:14:21.431+0000] {dag.py:3954} INFO - Setting next_dagrun for example_external_task_marker_child to None, run_after=None
[2025-11-12T19:14:21.435+0000] {logging_mixin.py:188} INFO - [2025-11-12T19:14:21.435+0000] {dag.py:3954} INFO - Setting next_dagrun for example_external_task_marker_parent to None, run_after=None
[2025-11-12T19:14:21.454+0000] {processor.py:183} INFO - Processing /home/airflow/.local/lib/python3.12/site-packages/airflow/example_dags/example_external_task_marker_dag.py took 0.074 seconds
[2025-11-12T19:14:52.433+0000] {processor.py:161} INFO - Started process (PID=1117) to work on /home/airflow/.local/lib/python3.12/site-packages/airflow/example_dags/example_external_task_marker_dag.py
[2025-11-12T19:14:52.434+0000] {processor.py:830} INFO - Processing file /home/airflow/.local/lib/python3.12/site-packages/airflow/example_dags/example_external_task_marker_dag.py for tasks to queue
[2025-11-12T19:14:52.435+0000] {logging_mixin.py:188} INFO - [2025-11-12T19:14:52.435+0000] {dagbag.py:545} INFO - Filling up the DagBag from /home/airflow/.local/lib/python3.12/site-packages/airflow/example_dags/example_external_task_marker_dag.py
[2025-11-12T19:14:52.442+0000] {processor.py:840} INFO - DAG(s) 'example_external_task_marker_child', 'example_external_task_marker_parent' retrieved from /home/airflow/.local/lib/python3.12/site-packages/airflow/example_dags/example_external_task_marker_dag.py
[2025-11-12T19:14:52.469+0000] {logging_mixin.py:188} INFO - [2025-11-12T19:14:52.469+0000] {dag.py:3096} INFO - Sync 2 DAGs
[2025-11-12T19:14:52.479+0000] {logging_mixin.py:188} INFO - [2025-11-12T19:14:52.479+0000] {dag.py:3954} INFO - Setting next_dagrun for example_external_task_marker_child to None, run_after=None
[2025-11-12T19:14:52.483+0000] {logging_mixin.py:188} INFO - [2025-11-12T19:14:52.483+0000] {dag.py:3954} INFO - Setting next_dagrun for example_external_task_marker_parent to None, run_after=None
[2025-11-12T19:14:52.506+0000] {processor.py:183} INFO - Processing /home/airflow/.local/lib/python3.12/site-packages/airflow/example_dags/example_external_task_marker_dag.py took 0.078 seconds
[2025-11-12T19:15:23.314+0000] {processor.py:161} INFO - Started process (PID=1177) to work on /home/airflow/.local/lib/python3.12/site-packages/airflow/example_dags/example_external_task_marker_dag.py
[2025-11-12T19:15:23.315+0000] {processor.py:830} INFO - Processing file /home/airflow/.local/lib/python3.12/site-packages/airflow/example_dags/example_external_task_marker_dag.py for tasks to queue
[2025-11-12T19:15:23.316+0000] {logging_mixin.py:188} INFO - [2025-11-12T19:15:23.316+0000] {dagbag.py:545} INFO - Filling up the DagBag from /home/airflow/.local/lib/python3.12/site-packages/airflow/example_dags/example_external_task_marker_dag.py
[2025-11-12T19:15:23.322+0000] {processor.py:840} INFO - DAG(s) 'example_external_task_marker_parent', 'example_external_task_marker_child' retrieved from /home/airflow/.local/lib/python3.12/site-packages/airflow/example_dags/example_external_task_marker_dag.py
[2025-11-12T19:15:23.345+0000] {logging_mixin.py:188} INFO - [2025-11-12T19:15:23.345+0000] {dag.py:3096} INFO - Sync 2 DAGs
[2025-11-12T19:15:23.355+0000] {logging_mixin.py:188} INFO - [2025-11-12T19:15:23.355+0000] {dag.py:3954} INFO - Setting next_dagrun for example_external_task_marker_child to None, run_after=None
[2025-11-12T19:15:23.359+0000] {logging_mixin.py:188} INFO - [2025-11-12T19:15:23.359+0000] {dag.py:3954} INFO - Setting next_dagrun for example_external_task_marker_parent to None, run_after=None
[2025-11-12T19:15:23.376+0000] {processor.py:183} INFO - Processing /home/airflow/.local/lib/python3.12/site-packages/airflow/example_dags/example_external_task_marker_dag.py took 0.066 seconds
[2025-11-12T19:15:53.787+0000] {processor.py:161} INFO - Started process (PID=1237) to work on /home/airflow/.local/lib/python3.12/site-packages/airflow/example_dags/example_external_task_marker_dag.py
[2025-11-12T19:15:53.788+0000] {processor.py:830} INFO - Processing file /home/airflow/.local/lib/python3.12/site-packages/airflow/example_dags/example_external_task_marker_dag.py for tasks to queue
[2025-11-12T19:15:53.789+0000] {logging_mixin.py:188} INFO - [2025-11-12T19:15:53.789+0000] {dagbag.py:545} INFO - Filling up the DagBag from /home/airflow/.local/lib/python3.12/site-packages/airflow/example_dags/example_external_task_marker_dag.py
[2025-11-12T19:15:53.796+0000] {processor.py:840} INFO - DAG(s) 'example_external_task_marker_child', 'example_external_task_marker_parent' retrieved from /home/airflow/.local/lib/python3.12/site-packages/airflow/example_dags/example_external_task_marker_dag.py
[2025-11-12T19:15:53.822+0000] {logging_mixin.py:188} INFO - [2025-11-12T19:15:53.821+0000] {dag.py:3096} INFO - Sync 2 DAGs
[2025-11-12T19:15:53.832+0000] {logging_mixin.py:188} INFO - [2025-11-12T19:15:53.832+0000] {dag.py:3954} INFO - Setting next_dagrun for example_external_task_marker_child to None, run_after=None
[2025-11-12T19:15:53.837+0000] {logging_mixin.py:188} INFO - [2025-11-12T19:15:53.836+0000] {dag.py:3954} INFO - Setting next_dagrun for example_external_task_marker_parent to None, run_after=None
[2025-11-12T19:15:53.856+0000] {processor.py:183} INFO - Processing /home/airflow/.local/lib/python3.12/site-packages/airflow/example_dags/example_external_task_marker_dag.py took 0.076 seconds
[2025-11-12T19:16:57.829+0000] {processor.py:161} INFO - Started process (PID=94) to work on /home/airflow/.local/lib/python3.12/site-packages/airflow/example_dags/example_external_task_marker_dag.py
[2025-11-12T19:16:57.830+0000] {processor.py:830} INFO - Processing file /home/airflow/.local/lib/python3.12/site-packages/airflow/example_dags/example_external_task_marker_dag.py for tasks to queue
[2025-11-12T19:16:57.832+0000] {logging_mixin.py:188} INFO - [2025-11-12T19:16:57.832+0000] {dagbag.py:545} INFO - Filling up the DagBag from /home/airflow/.local/lib/python3.12/site-packages/airflow/example_dags/example_external_task_marker_dag.py
[2025-11-12T19:16:57.844+0000] {processor.py:840} INFO - DAG(s) 'example_external_task_marker_parent', 'example_external_task_marker_child' retrieved from /home/airflow/.local/lib/python3.12/site-packages/airflow/example_dags/example_external_task_marker_dag.py
[2025-11-12T19:16:57.970+0000] {logging_mixin.py:188} INFO - [2025-11-12T19:16:57.969+0000] {dag.py:3096} INFO - Sync 2 DAGs
[2025-11-12T19:16:57.980+0000] {logging_mixin.py:188} INFO - [2025-11-12T19:16:57.980+0000] {dag.py:3954} INFO - Setting next_dagrun for example_external_task_marker_child to None, run_after=None
[2025-11-12T19:16:57.983+0000] {logging_mixin.py:188} INFO - [2025-11-12T19:16:57.983+0000] {dag.py:3954} INFO - Setting next_dagrun for example_external_task_marker_parent to None, run_after=None
[2025-11-12T19:16:58.004+0000] {processor.py:183} INFO - Processing /home/airflow/.local/lib/python3.12/site-packages/airflow/example_dags/example_external_task_marker_dag.py took 0.181 seconds
[2025-11-12T19:17:28.131+0000] {processor.py:161} INFO - Started process (PID=154) to work on /home/airflow/.local/lib/python3.12/site-packages/airflow/example_dags/example_external_task_marker_dag.py
[2025-11-12T19:17:28.132+0000] {processor.py:830} INFO - Processing file /home/airflow/.local/lib/python3.12/site-packages/airflow/example_dags/example_external_task_marker_dag.py for tasks to queue
[2025-11-12T19:17:28.134+0000] {logging_mixin.py:188} INFO - [2025-11-12T19:17:28.134+0000] {dagbag.py:545} INFO - Filling up the DagBag from /home/airflow/.local/lib/python3.12/site-packages/airflow/example_dags/example_external_task_marker_dag.py
[2025-11-12T19:17:28.140+0000] {processor.py:840} INFO - DAG(s) 'example_external_task_marker_child', 'example_external_task_marker_parent' retrieved from /home/airflow/.local/lib/python3.12/site-packages/airflow/example_dags/example_external_task_marker_dag.py
[2025-11-12T19:17:28.164+0000] {logging_mixin.py:188} INFO - [2025-11-12T19:17:28.164+0000] {dag.py:3096} INFO - Sync 2 DAGs
[2025-11-12T19:17:28.177+0000] {logging_mixin.py:188} INFO - [2025-11-12T19:17:28.177+0000] {dag.py:3954} INFO - Setting next_dagrun for example_external_task_marker_child to None, run_after=None
[2025-11-12T19:17:28.181+0000] {logging_mixin.py:188} INFO - [2025-11-12T19:17:28.181+0000] {dag.py:3954} INFO - Setting next_dagrun for example_external_task_marker_parent to None, run_after=None
[2025-11-12T19:17:28.201+0000] {processor.py:183} INFO - Processing /home/airflow/.local/lib/python3.12/site-packages/airflow/example_dags/example_external_task_marker_dag.py took 0.075 seconds
[2025-11-12T19:17:58.335+0000] {processor.py:161} INFO - Started process (PID=214) to work on /home/airflow/.local/lib/python3.12/site-packages/airflow/example_dags/example_external_task_marker_dag.py
[2025-11-12T19:17:58.336+0000] {processor.py:830} INFO - Processing file /home/airflow/.local/lib/python3.12/site-packages/airflow/example_dags/example_external_task_marker_dag.py for tasks to queue
[2025-11-12T19:17:58.338+0000] {logging_mixin.py:188} INFO - [2025-11-12T19:17:58.337+0000] {dagbag.py:545} INFO - Filling up the DagBag from /home/airflow/.local/lib/python3.12/site-packages/airflow/example_dags/example_external_task_marker_dag.py
[2025-11-12T19:17:58.343+0000] {processor.py:840} INFO - DAG(s) 'example_external_task_marker_child', 'example_external_task_marker_parent' retrieved from /home/airflow/.local/lib/python3.12/site-packages/airflow/example_dags/example_external_task_marker_dag.py
[2025-11-12T19:17:58.368+0000] {logging_mixin.py:188} INFO - [2025-11-12T19:17:58.367+0000] {dag.py:3096} INFO - Sync 2 DAGs
[2025-11-12T19:17:58.378+0000] {logging_mixin.py:188} INFO - [2025-11-12T19:17:58.378+0000] {dag.py:3954} INFO - Setting next_dagrun for example_external_task_marker_child to None, run_after=None
[2025-11-12T19:17:58.382+0000] {logging_mixin.py:188} INFO - [2025-11-12T19:17:58.382+0000] {dag.py:3954} INFO - Setting next_dagrun for example_external_task_marker_parent to None, run_after=None
[2025-11-12T19:17:58.400+0000] {processor.py:183} INFO - Processing /home/airflow/.local/lib/python3.12/site-packages/airflow/example_dags/example_external_task_marker_dag.py took 0.071 seconds
[2025-11-12T19:18:29.428+0000] {processor.py:161} INFO - Started process (PID=274) to work on /home/airflow/.local/lib/python3.12/site-packages/airflow/example_dags/example_external_task_marker_dag.py
[2025-11-12T19:18:29.428+0000] {processor.py:830} INFO - Processing file /home/airflow/.local/lib/python3.12/site-packages/airflow/example_dags/example_external_task_marker_dag.py for tasks to queue
[2025-11-12T19:18:29.430+0000] {logging_mixin.py:188} INFO - [2025-11-12T19:18:29.430+0000] {dagbag.py:545} INFO - Filling up the DagBag from /home/airflow/.local/lib/python3.12/site-packages/airflow/example_dags/example_external_task_marker_dag.py
[2025-11-12T19:18:29.437+0000] {processor.py:840} INFO - DAG(s) 'example_external_task_marker_child', 'example_external_task_marker_parent' retrieved from /home/airflow/.local/lib/python3.12/site-packages/airflow/example_dags/example_external_task_marker_dag.py
[2025-11-12T19:18:29.459+0000] {logging_mixin.py:188} INFO - [2025-11-12T19:18:29.459+0000] {dag.py:3096} INFO - Sync 2 DAGs
[2025-11-12T19:18:29.470+0000] {logging_mixin.py:188} INFO - [2025-11-12T19:18:29.470+0000] {dag.py:3954} INFO - Setting next_dagrun for example_external_task_marker_child to None, run_after=None
[2025-11-12T19:18:29.474+0000] {logging_mixin.py:188} INFO - [2025-11-12T19:18:29.474+0000] {dag.py:3954} INFO - Setting next_dagrun for example_external_task_marker_parent to None, run_after=None
[2025-11-12T19:18:29.490+0000] {processor.py:183} INFO - Processing /home/airflow/.local/lib/python3.12/site-packages/airflow/example_dags/example_external_task_marker_dag.py took 0.067 seconds
[2025-11-12T19:18:59.948+0000] {processor.py:161} INFO - Started process (PID=335) to work on /home/airflow/.local/lib/python3.12/site-packages/airflow/example_dags/example_external_task_marker_dag.py
[2025-11-12T19:18:59.949+0000] {processor.py:830} INFO - Processing file /home/airflow/.local/lib/python3.12/site-packages/airflow/example_dags/example_external_task_marker_dag.py for tasks to queue
[2025-11-12T19:18:59.952+0000] {logging_mixin.py:188} INFO - [2025-11-12T19:18:59.951+0000] {dagbag.py:545} INFO - Filling up the DagBag from /home/airflow/.local/lib/python3.12/site-packages/airflow/example_dags/example_external_task_marker_dag.py
[2025-11-12T19:18:59.959+0000] {processor.py:840} INFO - DAG(s) 'example_external_task_marker_child', 'example_external_task_marker_parent' retrieved from /home/airflow/.local/lib/python3.12/site-packages/airflow/example_dags/example_external_task_marker_dag.py
[2025-11-12T19:18:59.985+0000] {logging_mixin.py:188} INFO - [2025-11-12T19:18:59.984+0000] {dag.py:3096} INFO - Sync 2 DAGs
[2025-11-12T19:18:59.998+0000] {logging_mixin.py:188} INFO - [2025-11-12T19:18:59.998+0000] {dag.py:3954} INFO - Setting next_dagrun for example_external_task_marker_child to None, run_after=None
[2025-11-12T19:19:00.002+0000] {logging_mixin.py:188} INFO - [2025-11-12T19:19:00.002+0000] {dag.py:3954} INFO - Setting next_dagrun for example_external_task_marker_parent to None, run_after=None
[2025-11-12T19:19:00.022+0000] {processor.py:183} INFO - Processing /home/airflow/.local/lib/python3.12/site-packages/airflow/example_dags/example_external_task_marker_dag.py took 0.079 seconds
[2025-11-12T19:19:30.990+0000] {processor.py:161} INFO - Started process (PID=395) to work on /home/airflow/.local/lib/python3.12/site-packages/airflow/example_dags/example_external_task_marker_dag.py
[2025-11-12T19:19:30.992+0000] {processor.py:830} INFO - Processing file /home/airflow/.local/lib/python3.12/site-packages/airflow/example_dags/example_external_task_marker_dag.py for tasks to queue
[2025-11-12T19:19:30.993+0000] {logging_mixin.py:188} INFO - [2025-11-12T19:19:30.993+0000] {dagbag.py:545} INFO - Filling up the DagBag from /home/airflow/.local/lib/python3.12/site-packages/airflow/example_dags/example_external_task_marker_dag.py
[2025-11-12T19:19:30.999+0000] {processor.py:840} INFO - DAG(s) 'example_external_task_marker_child', 'example_external_task_marker_parent' retrieved from /home/airflow/.local/lib/python3.12/site-packages/airflow/example_dags/example_external_task_marker_dag.py
[2025-11-12T19:19:31.025+0000] {logging_mixin.py:188} INFO - [2025-11-12T19:19:31.024+0000] {dag.py:3096} INFO - Sync 2 DAGs
[2025-11-12T19:19:31.038+0000] {logging_mixin.py:188} INFO - [2025-11-12T19:19:31.038+0000] {dag.py:3954} INFO - Setting next_dagrun for example_external_task_marker_child to None, run_after=None
[2025-11-12T19:19:31.044+0000] {logging_mixin.py:188} INFO - [2025-11-12T19:19:31.044+0000] {dag.py:3954} INFO - Setting next_dagrun for example_external_task_marker_parent to None, run_after=None
[2025-11-12T19:19:31.065+0000] {processor.py:183} INFO - Processing /home/airflow/.local/lib/python3.12/site-packages/airflow/example_dags/example_external_task_marker_dag.py took 0.080 seconds
[2025-11-12T19:20:01.719+0000] {processor.py:161} INFO - Started process (PID=455) to work on /home/airflow/.local/lib/python3.12/site-packages/airflow/example_dags/example_external_task_marker_dag.py
[2025-11-12T19:20:01.720+0000] {processor.py:830} INFO - Processing file /home/airflow/.local/lib/python3.12/site-packages/airflow/example_dags/example_external_task_marker_dag.py for tasks to queue
[2025-11-12T19:20:01.722+0000] {logging_mixin.py:188} INFO - [2025-11-12T19:20:01.721+0000] {dagbag.py:545} INFO - Filling up the DagBag from /home/airflow/.local/lib/python3.12/site-packages/airflow/example_dags/example_external_task_marker_dag.py
[2025-11-12T19:20:01.728+0000] {processor.py:840} INFO - DAG(s) 'example_external_task_marker_parent', 'example_external_task_marker_child' retrieved from /home/airflow/.local/lib/python3.12/site-packages/airflow/example_dags/example_external_task_marker_dag.py
[2025-11-12T19:20:01.752+0000] {logging_mixin.py:188} INFO - [2025-11-12T19:20:01.752+0000] {dag.py:3096} INFO - Sync 2 DAGs
[2025-11-12T19:20:01.768+0000] {logging_mixin.py:188} INFO - [2025-11-12T19:20:01.768+0000] {dag.py:3954} INFO - Setting next_dagrun for example_external_task_marker_child to None, run_after=None
[2025-11-12T19:20:01.775+0000] {logging_mixin.py:188} INFO - [2025-11-12T19:20:01.774+0000] {dag.py:3954} INFO - Setting next_dagrun for example_external_task_marker_parent to None, run_after=None
[2025-11-12T19:20:01.796+0000] {processor.py:183} INFO - Processing /home/airflow/.local/lib/python3.12/site-packages/airflow/example_dags/example_external_task_marker_dag.py took 0.082 seconds
[2025-11-12T19:20:32.922+0000] {processor.py:161} INFO - Started process (PID=516) to work on /home/airflow/.local/lib/python3.12/site-packages/airflow/example_dags/example_external_task_marker_dag.py
[2025-11-12T19:20:32.923+0000] {processor.py:830} INFO - Processing file /home/airflow/.local/lib/python3.12/site-packages/airflow/example_dags/example_external_task_marker_dag.py for tasks to queue
[2025-11-12T19:20:32.926+0000] {logging_mixin.py:188} INFO - [2025-11-12T19:20:32.925+0000] {dagbag.py:545} INFO - Filling up the DagBag from /home/airflow/.local/lib/python3.12/site-packages/airflow/example_dags/example_external_task_marker_dag.py
[2025-11-12T19:20:32.931+0000] {processor.py:840} INFO - DAG(s) 'example_external_task_marker_child', 'example_external_task_marker_parent' retrieved from /home/airflow/.local/lib/python3.12/site-packages/airflow/example_dags/example_external_task_marker_dag.py
[2025-11-12T19:20:32.954+0000] {logging_mixin.py:188} INFO - [2025-11-12T19:20:32.953+0000] {dag.py:3096} INFO - Sync 2 DAGs
[2025-11-12T19:20:32.965+0000] {logging_mixin.py:188} INFO - [2025-11-12T19:20:32.965+0000] {dag.py:3954} INFO - Setting next_dagrun for example_external_task_marker_child to None, run_after=None
[2025-11-12T19:20:32.969+0000] {logging_mixin.py:188} INFO - [2025-11-12T19:20:32.969+0000] {dag.py:3954} INFO - Setting next_dagrun for example_external_task_marker_parent to None, run_after=None
[2025-11-12T19:20:32.986+0000] {processor.py:183} INFO - Processing /home/airflow/.local/lib/python3.12/site-packages/airflow/example_dags/example_external_task_marker_dag.py took 0.069 seconds
[2025-11-12T19:21:03.078+0000] {processor.py:161} INFO - Started process (PID=576) to work on /home/airflow/.local/lib/python3.12/site-packages/airflow/example_dags/example_external_task_marker_dag.py
[2025-11-12T19:21:03.079+0000] {processor.py:830} INFO - Processing file /home/airflow/.local/lib/python3.12/site-packages/airflow/example_dags/example_external_task_marker_dag.py for tasks to queue
[2025-11-12T19:21:03.081+0000] {logging_mixin.py:188} INFO - [2025-11-12T19:21:03.080+0000] {dagbag.py:545} INFO - Filling up the DagBag from /home/airflow/.local/lib/python3.12/site-packages/airflow/example_dags/example_external_task_marker_dag.py
[2025-11-12T19:21:03.088+0000] {processor.py:840} INFO - DAG(s) 'example_external_task_marker_parent', 'example_external_task_marker_child' retrieved from /home/airflow/.local/lib/python3.12/site-packages/airflow/example_dags/example_external_task_marker_dag.py
[2025-11-12T19:21:03.111+0000] {logging_mixin.py:188} INFO - [2025-11-12T19:21:03.111+0000] {dag.py:3096} INFO - Sync 2 DAGs
[2025-11-12T19:21:03.122+0000] {logging_mixin.py:188} INFO - [2025-11-12T19:21:03.122+0000] {dag.py:3954} INFO - Setting next_dagrun for example_external_task_marker_child to None, run_after=None
[2025-11-12T19:21:03.126+0000] {logging_mixin.py:188} INFO - [2025-11-12T19:21:03.126+0000] {dag.py:3954} INFO - Setting next_dagrun for example_external_task_marker_parent to None, run_after=None
[2025-11-12T19:21:03.145+0000] {processor.py:183} INFO - Processing /home/airflow/.local/lib/python3.12/site-packages/airflow/example_dags/example_external_task_marker_dag.py took 0.072 seconds
[2025-11-12T19:21:33.263+0000] {processor.py:161} INFO - Started process (PID=635) to work on /home/airflow/.local/lib/python3.12/site-packages/airflow/example_dags/example_external_task_marker_dag.py
[2025-11-12T19:21:33.264+0000] {processor.py:830} INFO - Processing file /home/airflow/.local/lib/python3.12/site-packages/airflow/example_dags/example_external_task_marker_dag.py for tasks to queue
[2025-11-12T19:21:33.266+0000] {logging_mixin.py:188} INFO - [2025-11-12T19:21:33.266+0000] {dagbag.py:545} INFO - Filling up the DagBag from /home/airflow/.local/lib/python3.12/site-packages/airflow/example_dags/example_external_task_marker_dag.py
[2025-11-12T19:21:33.271+0000] {processor.py:840} INFO - DAG(s) 'example_external_task_marker_parent', 'example_external_task_marker_child' retrieved from /home/airflow/.local/lib/python3.12/site-packages/airflow/example_dags/example_external_task_marker_dag.py
[2025-11-12T19:21:33.297+0000] {logging_mixin.py:188} INFO - [2025-11-12T19:21:33.296+0000] {dag.py:3096} INFO - Sync 2 DAGs
[2025-11-12T19:21:33.308+0000] {logging_mixin.py:188} INFO - [2025-11-12T19:21:33.308+0000] {dag.py:3954} INFO - Setting next_dagrun for example_external_task_marker_child to None, run_after=None
[2025-11-12T19:21:33.311+0000] {logging_mixin.py:188} INFO - [2025-11-12T19:21:33.311+0000] {dag.py:3954} INFO - Setting next_dagrun for example_external_task_marker_parent to None, run_after=None
[2025-11-12T19:21:33.329+0000] {processor.py:183} INFO - Processing /home/airflow/.local/lib/python3.12/site-packages/airflow/example_dags/example_external_task_marker_dag.py took 0.071 seconds
[2025-11-12T19:22:03.622+0000] {processor.py:161} INFO - Started process (PID=695) to work on /home/airflow/.local/lib/python3.12/site-packages/airflow/example_dags/example_external_task_marker_dag.py
[2025-11-12T19:22:03.623+0000] {processor.py:830} INFO - Processing file /home/airflow/.local/lib/python3.12/site-packages/airflow/example_dags/example_external_task_marker_dag.py for tasks to queue
[2025-11-12T19:22:03.625+0000] {logging_mixin.py:188} INFO - [2025-11-12T19:22:03.625+0000] {dagbag.py:545} INFO - Filling up the DagBag from /home/airflow/.local/lib/python3.12/site-packages/airflow/example_dags/example_external_task_marker_dag.py
[2025-11-12T19:22:03.631+0000] {processor.py:840} INFO - DAG(s) 'example_external_task_marker_child', 'example_external_task_marker_parent' retrieved from /home/airflow/.local/lib/python3.12/site-packages/airflow/example_dags/example_external_task_marker_dag.py
[2025-11-12T19:22:03.654+0000] {logging_mixin.py:188} INFO - [2025-11-12T19:22:03.653+0000] {dag.py:3096} INFO - Sync 2 DAGs
[2025-11-12T19:22:03.664+0000] {logging_mixin.py:188} INFO - [2025-11-12T19:22:03.664+0000] {dag.py:3954} INFO - Setting next_dagrun for example_external_task_marker_child to None, run_after=None
[2025-11-12T19:22:03.668+0000] {logging_mixin.py:188} INFO - [2025-11-12T19:22:03.668+0000] {dag.py:3954} INFO - Setting next_dagrun for example_external_task_marker_parent to None, run_after=None
[2025-11-12T19:22:03.686+0000] {processor.py:183} INFO - Processing /home/airflow/.local/lib/python3.12/site-packages/airflow/example_dags/example_external_task_marker_dag.py took 0.070 seconds
[2025-11-12T19:22:33.884+0000] {processor.py:161} INFO - Started process (PID=756) to work on /home/airflow/.local/lib/python3.12/site-packages/airflow/example_dags/example_external_task_marker_dag.py
[2025-11-12T19:22:33.885+0000] {processor.py:830} INFO - Processing file /home/airflow/.local/lib/python3.12/site-packages/airflow/example_dags/example_external_task_marker_dag.py for tasks to queue
[2025-11-12T19:22:33.887+0000] {logging_mixin.py:188} INFO - [2025-11-12T19:22:33.887+0000] {dagbag.py:545} INFO - Filling up the DagBag from /home/airflow/.local/lib/python3.12/site-packages/airflow/example_dags/example_external_task_marker_dag.py
[2025-11-12T19:22:33.892+0000] {processor.py:840} INFO - DAG(s) 'example_external_task_marker_parent', 'example_external_task_marker_child' retrieved from /home/airflow/.local/lib/python3.12/site-packages/airflow/example_dags/example_external_task_marker_dag.py
[2025-11-12T19:22:33.913+0000] {logging_mixin.py:188} INFO - [2025-11-12T19:22:33.913+0000] {dag.py:3096} INFO - Sync 2 DAGs
[2025-11-12T19:22:33.926+0000] {logging_mixin.py:188} INFO - [2025-11-12T19:22:33.926+0000] {dag.py:3954} INFO - Setting next_dagrun for example_external_task_marker_child to None, run_after=None
[2025-11-12T19:22:33.931+0000] {logging_mixin.py:188} INFO - [2025-11-12T19:22:33.931+0000] {dag.py:3954} INFO - Setting next_dagrun for example_external_task_marker_parent to None, run_after=None
[2025-11-12T19:22:33.956+0000] {processor.py:183} INFO - Processing /home/airflow/.local/lib/python3.12/site-packages/airflow/example_dags/example_external_task_marker_dag.py took 0.076 seconds
[2025-11-12T19:23:04.094+0000] {processor.py:161} INFO - Started process (PID=816) to work on /home/airflow/.local/lib/python3.12/site-packages/airflow/example_dags/example_external_task_marker_dag.py
[2025-11-12T19:23:04.095+0000] {processor.py:830} INFO - Processing file /home/airflow/.local/lib/python3.12/site-packages/airflow/example_dags/example_external_task_marker_dag.py for tasks to queue
[2025-11-12T19:23:04.097+0000] {logging_mixin.py:188} INFO - [2025-11-12T19:23:04.097+0000] {dagbag.py:545} INFO - Filling up the DagBag from /home/airflow/.local/lib/python3.12/site-packages/airflow/example_dags/example_external_task_marker_dag.py
[2025-11-12T19:23:04.103+0000] {processor.py:840} INFO - DAG(s) 'example_external_task_marker_child', 'example_external_task_marker_parent' retrieved from /home/airflow/.local/lib/python3.12/site-packages/airflow/example_dags/example_external_task_marker_dag.py
[2025-11-12T19:23:04.130+0000] {logging_mixin.py:188} INFO - [2025-11-12T19:23:04.130+0000] {dag.py:3096} INFO - Sync 2 DAGs
[2025-11-12T19:23:04.142+0000] {logging_mixin.py:188} INFO - [2025-11-12T19:23:04.142+0000] {dag.py:3954} INFO - Setting next_dagrun for example_external_task_marker_child to None, run_after=None
[2025-11-12T19:23:04.149+0000] {logging_mixin.py:188} INFO - [2025-11-12T19:23:04.148+0000] {dag.py:3954} INFO - Setting next_dagrun for example_external_task_marker_parent to None, run_after=None
[2025-11-12T19:23:04.173+0000] {processor.py:183} INFO - Processing /home/airflow/.local/lib/python3.12/site-packages/airflow/example_dags/example_external_task_marker_dag.py took 0.084 seconds
[2025-11-12T19:23:34.454+0000] {processor.py:161} INFO - Started process (PID=876) to work on /home/airflow/.local/lib/python3.12/site-packages/airflow/example_dags/example_external_task_marker_dag.py
[2025-11-12T19:23:34.455+0000] {processor.py:830} INFO - Processing file /home/airflow/.local/lib/python3.12/site-packages/airflow/example_dags/example_external_task_marker_dag.py for tasks to queue
[2025-11-12T19:23:34.457+0000] {logging_mixin.py:188} INFO - [2025-11-12T19:23:34.456+0000] {dagbag.py:545} INFO - Filling up the DagBag from /home/airflow/.local/lib/python3.12/site-packages/airflow/example_dags/example_external_task_marker_dag.py
[2025-11-12T19:23:34.462+0000] {processor.py:840} INFO - DAG(s) 'example_external_task_marker_parent', 'example_external_task_marker_child' retrieved from /home/airflow/.local/lib/python3.12/site-packages/airflow/example_dags/example_external_task_marker_dag.py
[2025-11-12T19:23:34.486+0000] {logging_mixin.py:188} INFO - [2025-11-12T19:23:34.486+0000] {dag.py:3096} INFO - Sync 2 DAGs
[2025-11-12T19:23:34.496+0000] {logging_mixin.py:188} INFO - [2025-11-12T19:23:34.496+0000] {dag.py:3954} INFO - Setting next_dagrun for example_external_task_marker_child to None, run_after=None
[2025-11-12T19:23:34.499+0000] {logging_mixin.py:188} INFO - [2025-11-12T19:23:34.499+0000] {dag.py:3954} INFO - Setting next_dagrun for example_external_task_marker_parent to None, run_after=None
[2025-11-12T19:23:34.518+0000] {processor.py:183} INFO - Processing /home/airflow/.local/lib/python3.12/site-packages/airflow/example_dags/example_external_task_marker_dag.py took 0.069 seconds
[2025-11-12T19:24:04.893+0000] {processor.py:161} INFO - Started process (PID=936) to work on /home/airflow/.local/lib/python3.12/site-packages/airflow/example_dags/example_external_task_marker_dag.py
[2025-11-12T19:24:04.894+0000] {processor.py:830} INFO - Processing file /home/airflow/.local/lib/python3.12/site-packages/airflow/example_dags/example_external_task_marker_dag.py for tasks to queue
[2025-11-12T19:24:04.896+0000] {logging_mixin.py:188} INFO - [2025-11-12T19:24:04.896+0000] {dagbag.py:545} INFO - Filling up the DagBag from /home/airflow/.local/lib/python3.12/site-packages/airflow/example_dags/example_external_task_marker_dag.py
[2025-11-12T19:24:04.901+0000] {processor.py:840} INFO - DAG(s) 'example_external_task_marker_parent', 'example_external_task_marker_child' retrieved from /home/airflow/.local/lib/python3.12/site-packages/airflow/example_dags/example_external_task_marker_dag.py
[2025-11-12T19:24:04.924+0000] {logging_mixin.py:188} INFO - [2025-11-12T19:24:04.924+0000] {dag.py:3096} INFO - Sync 2 DAGs
[2025-11-12T19:24:04.935+0000] {logging_mixin.py:188} INFO - [2025-11-12T19:24:04.934+0000] {dag.py:3954} INFO - Setting next_dagrun for example_external_task_marker_child to None, run_after=None
[2025-11-12T19:24:04.938+0000] {logging_mixin.py:188} INFO - [2025-11-12T19:24:04.938+0000] {dag.py:3954} INFO - Setting next_dagrun for example_external_task_marker_parent to None, run_after=None
[2025-11-12T19:24:04.957+0000] {processor.py:183} INFO - Processing /home/airflow/.local/lib/python3.12/site-packages/airflow/example_dags/example_external_task_marker_dag.py took 0.068 seconds
[2025-11-12T19:24:35.992+0000] {processor.py:161} INFO - Started process (PID=996) to work on /home/airflow/.local/lib/python3.12/site-packages/airflow/example_dags/example_external_task_marker_dag.py
[2025-11-12T19:24:35.993+0000] {processor.py:830} INFO - Processing file /home/airflow/.local/lib/python3.12/site-packages/airflow/example_dags/example_external_task_marker_dag.py for tasks to queue
[2025-11-12T19:24:35.995+0000] {logging_mixin.py:188} INFO - [2025-11-12T19:24:35.995+0000] {dagbag.py:545} INFO - Filling up the DagBag from /home/airflow/.local/lib/python3.12/site-packages/airflow/example_dags/example_external_task_marker_dag.py
[2025-11-12T19:24:36.000+0000] {processor.py:840} INFO - DAG(s) 'example_external_task_marker_child', 'example_external_task_marker_parent' retrieved from /home/airflow/.local/lib/python3.12/site-packages/airflow/example_dags/example_external_task_marker_dag.py
[2025-11-12T19:24:36.024+0000] {logging_mixin.py:188} INFO - [2025-11-12T19:24:36.024+0000] {dag.py:3096} INFO - Sync 2 DAGs
[2025-11-12T19:24:36.034+0000] {logging_mixin.py:188} INFO - [2025-11-12T19:24:36.034+0000] {dag.py:3954} INFO - Setting next_dagrun for example_external_task_marker_child to None, run_after=None
[2025-11-12T19:24:36.037+0000] {logging_mixin.py:188} INFO - [2025-11-12T19:24:36.037+0000] {dag.py:3954} INFO - Setting next_dagrun for example_external_task_marker_parent to None, run_after=None
[2025-11-12T19:24:36.057+0000] {processor.py:183} INFO - Processing /home/airflow/.local/lib/python3.12/site-packages/airflow/example_dags/example_external_task_marker_dag.py took 0.069 seconds
[2025-11-12T19:25:06.419+0000] {processor.py:161} INFO - Started process (PID=1056) to work on /home/airflow/.local/lib/python3.12/site-packages/airflow/example_dags/example_external_task_marker_dag.py
[2025-11-12T19:25:06.420+0000] {processor.py:830} INFO - Processing file /home/airflow/.local/lib/python3.12/site-packages/airflow/example_dags/example_external_task_marker_dag.py for tasks to queue
[2025-11-12T19:25:06.423+0000] {logging_mixin.py:188} INFO - [2025-11-12T19:25:06.422+0000] {dagbag.py:545} INFO - Filling up the DagBag from /home/airflow/.local/lib/python3.12/site-packages/airflow/example_dags/example_external_task_marker_dag.py
[2025-11-12T19:25:06.431+0000] {processor.py:840} INFO - DAG(s) 'example_external_task_marker_child', 'example_external_task_marker_parent' retrieved from /home/airflow/.local/lib/python3.12/site-packages/airflow/example_dags/example_external_task_marker_dag.py
[2025-11-12T19:25:06.466+0000] {logging_mixin.py:188} INFO - [2025-11-12T19:25:06.466+0000] {dag.py:3096} INFO - Sync 2 DAGs
[2025-11-12T19:25:06.485+0000] {logging_mixin.py:188} INFO - [2025-11-12T19:25:06.484+0000] {dag.py:3954} INFO - Setting next_dagrun for example_external_task_marker_child to None, run_after=None
[2025-11-12T19:25:06.494+0000] {logging_mixin.py:188} INFO - [2025-11-12T19:25:06.494+0000] {dag.py:3954} INFO - Setting next_dagrun for example_external_task_marker_parent to None, run_after=None
[2025-11-12T19:25:06.527+0000] {processor.py:183} INFO - Processing /home/airflow/.local/lib/python3.12/site-packages/airflow/example_dags/example_external_task_marker_dag.py took 0.114 seconds
[2025-11-12T19:25:36.666+0000] {processor.py:161} INFO - Started process (PID=1116) to work on /home/airflow/.local/lib/python3.12/site-packages/airflow/example_dags/example_external_task_marker_dag.py
[2025-11-12T19:25:36.668+0000] {processor.py:830} INFO - Processing file /home/airflow/.local/lib/python3.12/site-packages/airflow/example_dags/example_external_task_marker_dag.py for tasks to queue
[2025-11-12T19:25:36.671+0000] {logging_mixin.py:188} INFO - [2025-11-12T19:25:36.670+0000] {dagbag.py:545} INFO - Filling up the DagBag from /home/airflow/.local/lib/python3.12/site-packages/airflow/example_dags/example_external_task_marker_dag.py
[2025-11-12T19:25:36.677+0000] {processor.py:840} INFO - DAG(s) 'example_external_task_marker_parent', 'example_external_task_marker_child' retrieved from /home/airflow/.local/lib/python3.12/site-packages/airflow/example_dags/example_external_task_marker_dag.py
[2025-11-12T19:25:36.705+0000] {logging_mixin.py:188} INFO - [2025-11-12T19:25:36.704+0000] {dag.py:3096} INFO - Sync 2 DAGs
[2025-11-12T19:25:36.717+0000] {logging_mixin.py:188} INFO - [2025-11-12T19:25:36.717+0000] {dag.py:3954} INFO - Setting next_dagrun for example_external_task_marker_child to None, run_after=None
[2025-11-12T19:25:36.721+0000] {logging_mixin.py:188} INFO - [2025-11-12T19:25:36.721+0000] {dag.py:3954} INFO - Setting next_dagrun for example_external_task_marker_parent to None, run_after=None
[2025-11-12T19:25:36.741+0000] {processor.py:183} INFO - Processing /home/airflow/.local/lib/python3.12/site-packages/airflow/example_dags/example_external_task_marker_dag.py took 0.083 seconds
[2025-11-12T19:26:06.919+0000] {processor.py:161} INFO - Started process (PID=1176) to work on /home/airflow/.local/lib/python3.12/site-packages/airflow/example_dags/example_external_task_marker_dag.py
[2025-11-12T19:26:06.920+0000] {processor.py:830} INFO - Processing file /home/airflow/.local/lib/python3.12/site-packages/airflow/example_dags/example_external_task_marker_dag.py for tasks to queue
[2025-11-12T19:26:06.922+0000] {logging_mixin.py:188} INFO - [2025-11-12T19:26:06.922+0000] {dagbag.py:545} INFO - Filling up the DagBag from /home/airflow/.local/lib/python3.12/site-packages/airflow/example_dags/example_external_task_marker_dag.py
[2025-11-12T19:26:06.928+0000] {processor.py:840} INFO - DAG(s) 'example_external_task_marker_child', 'example_external_task_marker_parent' retrieved from /home/airflow/.local/lib/python3.12/site-packages/airflow/example_dags/example_external_task_marker_dag.py
[2025-11-12T19:26:06.953+0000] {logging_mixin.py:188} INFO - [2025-11-12T19:26:06.953+0000] {dag.py:3096} INFO - Sync 2 DAGs
[2025-11-12T19:26:06.964+0000] {logging_mixin.py:188} INFO - [2025-11-12T19:26:06.964+0000] {dag.py:3954} INFO - Setting next_dagrun for example_external_task_marker_child to None, run_after=None
[2025-11-12T19:26:06.968+0000] {logging_mixin.py:188} INFO - [2025-11-12T19:26:06.968+0000] {dag.py:3954} INFO - Setting next_dagrun for example_external_task_marker_parent to None, run_after=None
[2025-11-12T19:26:06.988+0000] {processor.py:183} INFO - Processing /home/airflow/.local/lib/python3.12/site-packages/airflow/example_dags/example_external_task_marker_dag.py took 0.074 seconds
[2025-11-12T19:26:37.481+0000] {processor.py:161} INFO - Started process (PID=1237) to work on /home/airflow/.local/lib/python3.12/site-packages/airflow/example_dags/example_external_task_marker_dag.py
[2025-11-12T19:26:37.482+0000] {processor.py:830} INFO - Processing file /home/airflow/.local/lib/python3.12/site-packages/airflow/example_dags/example_external_task_marker_dag.py for tasks to queue
[2025-11-12T19:26:37.484+0000] {logging_mixin.py:188} INFO - [2025-11-12T19:26:37.484+0000] {dagbag.py:545} INFO - Filling up the DagBag from /home/airflow/.local/lib/python3.12/site-packages/airflow/example_dags/example_external_task_marker_dag.py
[2025-11-12T19:26:37.490+0000] {processor.py:840} INFO - DAG(s) 'example_external_task_marker_child', 'example_external_task_marker_parent' retrieved from /home/airflow/.local/lib/python3.12/site-packages/airflow/example_dags/example_external_task_marker_dag.py
[2025-11-12T19:26:37.515+0000] {logging_mixin.py:188} INFO - [2025-11-12T19:26:37.515+0000] {dag.py:3096} INFO - Sync 2 DAGs
[2025-11-12T19:26:37.527+0000] {logging_mixin.py:188} INFO - [2025-11-12T19:26:37.526+0000] {dag.py:3954} INFO - Setting next_dagrun for example_external_task_marker_child to None, run_after=None
[2025-11-12T19:26:37.531+0000] {logging_mixin.py:188} INFO - [2025-11-12T19:26:37.531+0000] {dag.py:3954} INFO - Setting next_dagrun for example_external_task_marker_parent to None, run_after=None
[2025-11-12T19:26:37.549+0000] {processor.py:183} INFO - Processing /home/airflow/.local/lib/python3.12/site-packages/airflow/example_dags/example_external_task_marker_dag.py took 0.073 seconds
[2025-11-12T19:27:07.969+0000] {processor.py:161} INFO - Started process (PID=1297) to work on /home/airflow/.local/lib/python3.12/site-packages/airflow/example_dags/example_external_task_marker_dag.py
[2025-11-12T19:27:07.971+0000] {processor.py:830} INFO - Processing file /home/airflow/.local/lib/python3.12/site-packages/airflow/example_dags/example_external_task_marker_dag.py for tasks to queue
[2025-11-12T19:27:07.975+0000] {logging_mixin.py:188} INFO - [2025-11-12T19:27:07.974+0000] {dagbag.py:545} INFO - Filling up the DagBag from /home/airflow/.local/lib/python3.12/site-packages/airflow/example_dags/example_external_task_marker_dag.py
[2025-11-12T19:27:07.985+0000] {processor.py:840} INFO - DAG(s) 'example_external_task_marker_parent', 'example_external_task_marker_child' retrieved from /home/airflow/.local/lib/python3.12/site-packages/airflow/example_dags/example_external_task_marker_dag.py
[2025-11-12T19:27:08.029+0000] {logging_mixin.py:188} INFO - [2025-11-12T19:27:08.028+0000] {dag.py:3096} INFO - Sync 2 DAGs
[2025-11-12T19:27:08.048+0000] {logging_mixin.py:188} INFO - [2025-11-12T19:27:08.048+0000] {dag.py:3954} INFO - Setting next_dagrun for example_external_task_marker_child to None, run_after=None
[2025-11-12T19:27:08.055+0000] {logging_mixin.py:188} INFO - [2025-11-12T19:27:08.055+0000] {dag.py:3954} INFO - Setting next_dagrun for example_external_task_marker_parent to None, run_after=None
[2025-11-12T19:27:08.089+0000] {processor.py:183} INFO - Processing /home/airflow/.local/lib/python3.12/site-packages/airflow/example_dags/example_external_task_marker_dag.py took 0.127 seconds
[2025-11-12T19:27:38.201+0000] {processor.py:161} INFO - Started process (PID=1357) to work on /home/airflow/.local/lib/python3.12/site-packages/airflow/example_dags/example_external_task_marker_dag.py
[2025-11-12T19:27:38.203+0000] {processor.py:830} INFO - Processing file /home/airflow/.local/lib/python3.12/site-packages/airflow/example_dags/example_external_task_marker_dag.py for tasks to queue
[2025-11-12T19:27:38.206+0000] {logging_mixin.py:188} INFO - [2025-11-12T19:27:38.205+0000] {dagbag.py:545} INFO - Filling up the DagBag from /home/airflow/.local/lib/python3.12/site-packages/airflow/example_dags/example_external_task_marker_dag.py
[2025-11-12T19:27:38.213+0000] {processor.py:840} INFO - DAG(s) 'example_external_task_marker_parent', 'example_external_task_marker_child' retrieved from /home/airflow/.local/lib/python3.12/site-packages/airflow/example_dags/example_external_task_marker_dag.py
[2025-11-12T19:27:38.239+0000] {logging_mixin.py:188} INFO - [2025-11-12T19:27:38.238+0000] {dag.py:3096} INFO - Sync 2 DAGs
[2025-11-12T19:27:38.250+0000] {logging_mixin.py:188} INFO - [2025-11-12T19:27:38.250+0000] {dag.py:3954} INFO - Setting next_dagrun for example_external_task_marker_child to None, run_after=None
[2025-11-12T19:27:38.254+0000] {logging_mixin.py:188} INFO - [2025-11-12T19:27:38.254+0000] {dag.py:3954} INFO - Setting next_dagrun for example_external_task_marker_parent to None, run_after=None
[2025-11-12T19:27:38.275+0000] {processor.py:183} INFO - Processing /home/airflow/.local/lib/python3.12/site-packages/airflow/example_dags/example_external_task_marker_dag.py took 0.080 seconds
[2025-11-12T19:28:09.866+0000] {processor.py:161} INFO - Started process (PID=1418) to work on /home/airflow/.local/lib/python3.12/site-packages/airflow/example_dags/example_external_task_marker_dag.py
[2025-11-12T19:28:09.867+0000] {processor.py:830} INFO - Processing file /home/airflow/.local/lib/python3.12/site-packages/airflow/example_dags/example_external_task_marker_dag.py for tasks to queue
[2025-11-12T19:28:09.869+0000] {logging_mixin.py:188} INFO - [2025-11-12T19:28:09.869+0000] {dagbag.py:545} INFO - Filling up the DagBag from /home/airflow/.local/lib/python3.12/site-packages/airflow/example_dags/example_external_task_marker_dag.py
[2025-11-12T19:28:09.875+0000] {processor.py:840} INFO - DAG(s) 'example_external_task_marker_parent', 'example_external_task_marker_child' retrieved from /home/airflow/.local/lib/python3.12/site-packages/airflow/example_dags/example_external_task_marker_dag.py
[2025-11-12T19:28:09.901+0000] {logging_mixin.py:188} INFO - [2025-11-12T19:28:09.901+0000] {dag.py:3096} INFO - Sync 2 DAGs
[2025-11-12T19:28:10.099+0000] {logging_mixin.py:188} INFO - [2025-11-12T19:28:10.099+0000] {dag.py:3954} INFO - Setting next_dagrun for example_external_task_marker_child to None, run_after=None
[2025-11-12T19:28:10.104+0000] {logging_mixin.py:188} INFO - [2025-11-12T19:28:10.104+0000] {dag.py:3954} INFO - Setting next_dagrun for example_external_task_marker_parent to None, run_after=None
[2025-11-12T19:28:10.124+0000] {processor.py:183} INFO - Processing /home/airflow/.local/lib/python3.12/site-packages/airflow/example_dags/example_external_task_marker_dag.py took 0.263 seconds
[2025-11-12T19:28:40.835+0000] {processor.py:161} INFO - Started process (PID=1478) to work on /home/airflow/.local/lib/python3.12/site-packages/airflow/example_dags/example_external_task_marker_dag.py
[2025-11-12T19:28:40.837+0000] {processor.py:830} INFO - Processing file /home/airflow/.local/lib/python3.12/site-packages/airflow/example_dags/example_external_task_marker_dag.py for tasks to queue
[2025-11-12T19:28:40.838+0000] {logging_mixin.py:188} INFO - [2025-11-12T19:28:40.838+0000] {dagbag.py:545} INFO - Filling up the DagBag from /home/airflow/.local/lib/python3.12/site-packages/airflow/example_dags/example_external_task_marker_dag.py
[2025-11-12T19:28:40.843+0000] {processor.py:840} INFO - DAG(s) 'example_external_task_marker_child', 'example_external_task_marker_parent' retrieved from /home/airflow/.local/lib/python3.12/site-packages/airflow/example_dags/example_external_task_marker_dag.py
[2025-11-12T19:28:40.867+0000] {logging_mixin.py:188} INFO - [2025-11-12T19:28:40.866+0000] {dag.py:3096} INFO - Sync 2 DAGs
[2025-11-12T19:28:40.877+0000] {logging_mixin.py:188} INFO - [2025-11-12T19:28:40.876+0000] {dag.py:3954} INFO - Setting next_dagrun for example_external_task_marker_child to None, run_after=None
[2025-11-12T19:28:40.881+0000] {logging_mixin.py:188} INFO - [2025-11-12T19:28:40.880+0000] {dag.py:3954} INFO - Setting next_dagrun for example_external_task_marker_parent to None, run_after=None
[2025-11-12T19:28:40.900+0000] {processor.py:183} INFO - Processing /home/airflow/.local/lib/python3.12/site-packages/airflow/example_dags/example_external_task_marker_dag.py took 0.069 seconds
[2025-11-12T19:29:11.027+0000] {processor.py:161} INFO - Started process (PID=1538) to work on /home/airflow/.local/lib/python3.12/site-packages/airflow/example_dags/example_external_task_marker_dag.py
[2025-11-12T19:29:11.029+0000] {processor.py:830} INFO - Processing file /home/airflow/.local/lib/python3.12/site-packages/airflow/example_dags/example_external_task_marker_dag.py for tasks to queue
[2025-11-12T19:29:11.031+0000] {logging_mixin.py:188} INFO - [2025-11-12T19:29:11.030+0000] {dagbag.py:545} INFO - Filling up the DagBag from /home/airflow/.local/lib/python3.12/site-packages/airflow/example_dags/example_external_task_marker_dag.py
[2025-11-12T19:29:11.039+0000] {processor.py:840} INFO - DAG(s) 'example_external_task_marker_parent', 'example_external_task_marker_child' retrieved from /home/airflow/.local/lib/python3.12/site-packages/airflow/example_dags/example_external_task_marker_dag.py
[2025-11-12T19:29:11.069+0000] {logging_mixin.py:188} INFO - [2025-11-12T19:29:11.068+0000] {dag.py:3096} INFO - Sync 2 DAGs
[2025-11-12T19:29:11.080+0000] {logging_mixin.py:188} INFO - [2025-11-12T19:29:11.079+0000] {dag.py:3954} INFO - Setting next_dagrun for example_external_task_marker_child to None, run_after=None
[2025-11-12T19:29:11.084+0000] {logging_mixin.py:188} INFO - [2025-11-12T19:29:11.084+0000] {dag.py:3954} INFO - Setting next_dagrun for example_external_task_marker_parent to None, run_after=None
[2025-11-12T19:29:11.111+0000] {processor.py:183} INFO - Processing /home/airflow/.local/lib/python3.12/site-packages/airflow/example_dags/example_external_task_marker_dag.py took 0.089 seconds
[2025-11-12T19:29:42.806+0000] {processor.py:161} INFO - Started process (PID=1598) to work on /home/airflow/.local/lib/python3.12/site-packages/airflow/example_dags/example_external_task_marker_dag.py
[2025-11-12T19:29:42.808+0000] {processor.py:830} INFO - Processing file /home/airflow/.local/lib/python3.12/site-packages/airflow/example_dags/example_external_task_marker_dag.py for tasks to queue
[2025-11-12T19:29:42.809+0000] {logging_mixin.py:188} INFO - [2025-11-12T19:29:42.809+0000] {dagbag.py:545} INFO - Filling up the DagBag from /home/airflow/.local/lib/python3.12/site-packages/airflow/example_dags/example_external_task_marker_dag.py
[2025-11-12T19:29:42.814+0000] {processor.py:840} INFO - DAG(s) 'example_external_task_marker_child', 'example_external_task_marker_parent' retrieved from /home/airflow/.local/lib/python3.12/site-packages/airflow/example_dags/example_external_task_marker_dag.py
[2025-11-12T19:29:43.044+0000] {logging_mixin.py:188} INFO - [2025-11-12T19:29:43.043+0000] {dag.py:3096} INFO - Sync 2 DAGs
[2025-11-12T19:29:43.054+0000] {logging_mixin.py:188} INFO - [2025-11-12T19:29:43.053+0000] {dag.py:3954} INFO - Setting next_dagrun for example_external_task_marker_child to None, run_after=None
[2025-11-12T19:29:43.057+0000] {logging_mixin.py:188} INFO - [2025-11-12T19:29:43.057+0000] {dag.py:3954} INFO - Setting next_dagrun for example_external_task_marker_parent to None, run_after=None
[2025-11-12T19:29:43.080+0000] {processor.py:183} INFO - Processing /home/airflow/.local/lib/python3.12/site-packages/airflow/example_dags/example_external_task_marker_dag.py took 0.279 seconds
[2025-11-12T19:30:13.505+0000] {processor.py:161} INFO - Started process (PID=1658) to work on /home/airflow/.local/lib/python3.12/site-packages/airflow/example_dags/example_external_task_marker_dag.py
[2025-11-12T19:30:13.507+0000] {processor.py:830} INFO - Processing file /home/airflow/.local/lib/python3.12/site-packages/airflow/example_dags/example_external_task_marker_dag.py for tasks to queue
[2025-11-12T19:30:13.510+0000] {logging_mixin.py:188} INFO - [2025-11-12T19:30:13.509+0000] {dagbag.py:545} INFO - Filling up the DagBag from /home/airflow/.local/lib/python3.12/site-packages/airflow/example_dags/example_external_task_marker_dag.py
[2025-11-12T19:30:13.517+0000] {processor.py:840} INFO - DAG(s) 'example_external_task_marker_child', 'example_external_task_marker_parent' retrieved from /home/airflow/.local/lib/python3.12/site-packages/airflow/example_dags/example_external_task_marker_dag.py
[2025-11-12T19:30:13.543+0000] {logging_mixin.py:188} INFO - [2025-11-12T19:30:13.542+0000] {dag.py:3096} INFO - Sync 2 DAGs
[2025-11-12T19:30:13.556+0000] {logging_mixin.py:188} INFO - [2025-11-12T19:30:13.556+0000] {dag.py:3954} INFO - Setting next_dagrun for example_external_task_marker_child to None, run_after=None
[2025-11-12T19:30:13.560+0000] {logging_mixin.py:188} INFO - [2025-11-12T19:30:13.560+0000] {dag.py:3954} INFO - Setting next_dagrun for example_external_task_marker_parent to None, run_after=None
[2025-11-12T19:30:13.578+0000] {processor.py:183} INFO - Processing /home/airflow/.local/lib/python3.12/site-packages/airflow/example_dags/example_external_task_marker_dag.py took 0.080 seconds
[2025-11-12T19:30:43.674+0000] {processor.py:161} INFO - Started process (PID=1718) to work on /home/airflow/.local/lib/python3.12/site-packages/airflow/example_dags/example_external_task_marker_dag.py
[2025-11-12T19:30:43.675+0000] {processor.py:830} INFO - Processing file /home/airflow/.local/lib/python3.12/site-packages/airflow/example_dags/example_external_task_marker_dag.py for tasks to queue
[2025-11-12T19:30:43.677+0000] {logging_mixin.py:188} INFO - [2025-11-12T19:30:43.677+0000] {dagbag.py:545} INFO - Filling up the DagBag from /home/airflow/.local/lib/python3.12/site-packages/airflow/example_dags/example_external_task_marker_dag.py
[2025-11-12T19:30:43.684+0000] {processor.py:840} INFO - DAG(s) 'example_external_task_marker_parent', 'example_external_task_marker_child' retrieved from /home/airflow/.local/lib/python3.12/site-packages/airflow/example_dags/example_external_task_marker_dag.py
[2025-11-12T19:30:43.711+0000] {logging_mixin.py:188} INFO - [2025-11-12T19:30:43.711+0000] {dag.py:3096} INFO - Sync 2 DAGs
[2025-11-12T19:30:43.723+0000] {logging_mixin.py:188} INFO - [2025-11-12T19:30:43.722+0000] {dag.py:3954} INFO - Setting next_dagrun for example_external_task_marker_child to None, run_after=None
[2025-11-12T19:30:43.730+0000] {logging_mixin.py:188} INFO - [2025-11-12T19:30:43.729+0000] {dag.py:3954} INFO - Setting next_dagrun for example_external_task_marker_parent to None, run_after=None
[2025-11-12T19:30:43.750+0000] {processor.py:183} INFO - Processing /home/airflow/.local/lib/python3.12/site-packages/airflow/example_dags/example_external_task_marker_dag.py took 0.082 seconds
[2025-11-12T19:31:14.072+0000] {processor.py:161} INFO - Started process (PID=1777) to work on /home/airflow/.local/lib/python3.12/site-packages/airflow/example_dags/example_external_task_marker_dag.py
[2025-11-12T19:31:14.074+0000] {processor.py:830} INFO - Processing file /home/airflow/.local/lib/python3.12/site-packages/airflow/example_dags/example_external_task_marker_dag.py for tasks to queue
[2025-11-12T19:31:14.075+0000] {logging_mixin.py:188} INFO - [2025-11-12T19:31:14.075+0000] {dagbag.py:545} INFO - Filling up the DagBag from /home/airflow/.local/lib/python3.12/site-packages/airflow/example_dags/example_external_task_marker_dag.py
[2025-11-12T19:31:14.081+0000] {processor.py:840} INFO - DAG(s) 'example_external_task_marker_child', 'example_external_task_marker_parent' retrieved from /home/airflow/.local/lib/python3.12/site-packages/airflow/example_dags/example_external_task_marker_dag.py
[2025-11-12T19:31:14.110+0000] {logging_mixin.py:188} INFO - [2025-11-12T19:31:14.110+0000] {dag.py:3096} INFO - Sync 2 DAGs
[2025-11-12T19:31:14.123+0000] {logging_mixin.py:188} INFO - [2025-11-12T19:31:14.123+0000] {dag.py:3954} INFO - Setting next_dagrun for example_external_task_marker_child to None, run_after=None
[2025-11-12T19:31:14.128+0000] {logging_mixin.py:188} INFO - [2025-11-12T19:31:14.128+0000] {dag.py:3954} INFO - Setting next_dagrun for example_external_task_marker_parent to None, run_after=None
[2025-11-12T19:31:14.147+0000] {processor.py:183} INFO - Processing /home/airflow/.local/lib/python3.12/site-packages/airflow/example_dags/example_external_task_marker_dag.py took 0.080 seconds
[2025-11-12T19:31:44.770+0000] {processor.py:161} INFO - Started process (PID=1841) to work on /home/airflow/.local/lib/python3.12/site-packages/airflow/example_dags/example_external_task_marker_dag.py
[2025-11-12T19:31:44.772+0000] {processor.py:830} INFO - Processing file /home/airflow/.local/lib/python3.12/site-packages/airflow/example_dags/example_external_task_marker_dag.py for tasks to queue
[2025-11-12T19:31:44.774+0000] {logging_mixin.py:188} INFO - [2025-11-12T19:31:44.773+0000] {dagbag.py:545} INFO - Filling up the DagBag from /home/airflow/.local/lib/python3.12/site-packages/airflow/example_dags/example_external_task_marker_dag.py
[2025-11-12T19:31:44.782+0000] {processor.py:840} INFO - DAG(s) 'example_external_task_marker_parent', 'example_external_task_marker_child' retrieved from /home/airflow/.local/lib/python3.12/site-packages/airflow/example_dags/example_external_task_marker_dag.py
[2025-11-12T19:31:44.808+0000] {logging_mixin.py:188} INFO - [2025-11-12T19:31:44.808+0000] {dag.py:3096} INFO - Sync 2 DAGs
[2025-11-12T19:31:44.826+0000] {logging_mixin.py:188} INFO - [2025-11-12T19:31:44.825+0000] {dag.py:3954} INFO - Setting next_dagrun for example_external_task_marker_child to None, run_after=None
[2025-11-12T19:31:44.830+0000] {logging_mixin.py:188} INFO - [2025-11-12T19:31:44.830+0000] {dag.py:3954} INFO - Setting next_dagrun for example_external_task_marker_parent to None, run_after=None
[2025-11-12T19:31:44.854+0000] {processor.py:183} INFO - Processing /home/airflow/.local/lib/python3.12/site-packages/airflow/example_dags/example_external_task_marker_dag.py took 0.089 seconds
