[2025-11-12T19:06:13.604+0000] {processor.py:161} INFO - Started process (PID=108) to work on /home/airflow/.local/lib/python3.12/site-packages/airflow/example_dags/tutorial_taskflow_api.py
[2025-11-12T19:06:13.605+0000] {processor.py:830} INFO - Processing file /home/airflow/.local/lib/python3.12/site-packages/airflow/example_dags/tutorial_taskflow_api.py for tasks to queue
[2025-11-12T19:06:13.607+0000] {logging_mixin.py:188} INFO - [2025-11-12T19:06:13.607+0000] {dagbag.py:545} INFO - Filling up the DagBag from /home/airflow/.local/lib/python3.12/site-packages/airflow/example_dags/tutorial_taskflow_api.py
[2025-11-12T19:06:13.615+0000] {processor.py:840} INFO - DAG(s) 'tutorial_taskflow_api' retrieved from /home/airflow/.local/lib/python3.12/site-packages/airflow/example_dags/tutorial_taskflow_api.py
[2025-11-12T19:06:13.706+0000] {logging_mixin.py:188} INFO - [2025-11-12T19:06:13.706+0000] {dag.py:3096} INFO - Sync 1 DAGs
[2025-11-12T19:06:13.718+0000] {logging_mixin.py:188} INFO - [2025-11-12T19:06:13.718+0000] {dag.py:3954} INFO - Setting next_dagrun for tutorial_taskflow_api to None, run_after=None
[2025-11-12T19:06:13.741+0000] {processor.py:183} INFO - Processing /home/airflow/.local/lib/python3.12/site-packages/airflow/example_dags/tutorial_taskflow_api.py took 0.141 seconds
[2025-11-12T19:06:44.146+0000] {processor.py:161} INFO - Started process (PID=169) to work on /home/airflow/.local/lib/python3.12/site-packages/airflow/example_dags/tutorial_taskflow_api.py
[2025-11-12T19:06:44.150+0000] {processor.py:830} INFO - Processing file /home/airflow/.local/lib/python3.12/site-packages/airflow/example_dags/tutorial_taskflow_api.py for tasks to queue
[2025-11-12T19:06:44.152+0000] {logging_mixin.py:188} INFO - [2025-11-12T19:06:44.152+0000] {dagbag.py:545} INFO - Filling up the DagBag from /home/airflow/.local/lib/python3.12/site-packages/airflow/example_dags/tutorial_taskflow_api.py
[2025-11-12T19:06:44.159+0000] {processor.py:840} INFO - DAG(s) 'tutorial_taskflow_api' retrieved from /home/airflow/.local/lib/python3.12/site-packages/airflow/example_dags/tutorial_taskflow_api.py
[2025-11-12T19:06:44.186+0000] {logging_mixin.py:188} INFO - [2025-11-12T19:06:44.185+0000] {dag.py:3096} INFO - Sync 1 DAGs
[2025-11-12T19:06:44.209+0000] {logging_mixin.py:188} INFO - [2025-11-12T19:06:44.209+0000] {dag.py:3954} INFO - Setting next_dagrun for tutorial_taskflow_api to None, run_after=None
[2025-11-12T19:06:44.241+0000] {processor.py:183} INFO - Processing /home/airflow/.local/lib/python3.12/site-packages/airflow/example_dags/tutorial_taskflow_api.py took 0.100 seconds
[2025-11-12T19:07:14.908+0000] {processor.py:161} INFO - Started process (PID=229) to work on /home/airflow/.local/lib/python3.12/site-packages/airflow/example_dags/tutorial_taskflow_api.py
[2025-11-12T19:07:14.909+0000] {processor.py:830} INFO - Processing file /home/airflow/.local/lib/python3.12/site-packages/airflow/example_dags/tutorial_taskflow_api.py for tasks to queue
[2025-11-12T19:07:14.911+0000] {logging_mixin.py:188} INFO - [2025-11-12T19:07:14.910+0000] {dagbag.py:545} INFO - Filling up the DagBag from /home/airflow/.local/lib/python3.12/site-packages/airflow/example_dags/tutorial_taskflow_api.py
[2025-11-12T19:07:14.916+0000] {processor.py:840} INFO - DAG(s) 'tutorial_taskflow_api' retrieved from /home/airflow/.local/lib/python3.12/site-packages/airflow/example_dags/tutorial_taskflow_api.py
[2025-11-12T19:07:14.937+0000] {logging_mixin.py:188} INFO - [2025-11-12T19:07:14.936+0000] {dag.py:3096} INFO - Sync 1 DAGs
[2025-11-12T19:07:14.946+0000] {logging_mixin.py:188} INFO - [2025-11-12T19:07:14.946+0000] {dag.py:3954} INFO - Setting next_dagrun for tutorial_taskflow_api to None, run_after=None
[2025-11-12T19:07:14.965+0000] {processor.py:183} INFO - Processing /home/airflow/.local/lib/python3.12/site-packages/airflow/example_dags/tutorial_taskflow_api.py took 0.061 seconds
[2025-11-12T19:07:45.342+0000] {processor.py:161} INFO - Started process (PID=289) to work on /home/airflow/.local/lib/python3.12/site-packages/airflow/example_dags/tutorial_taskflow_api.py
[2025-11-12T19:07:45.343+0000] {processor.py:830} INFO - Processing file /home/airflow/.local/lib/python3.12/site-packages/airflow/example_dags/tutorial_taskflow_api.py for tasks to queue
[2025-11-12T19:07:45.346+0000] {logging_mixin.py:188} INFO - [2025-11-12T19:07:45.345+0000] {dagbag.py:545} INFO - Filling up the DagBag from /home/airflow/.local/lib/python3.12/site-packages/airflow/example_dags/tutorial_taskflow_api.py
[2025-11-12T19:07:45.351+0000] {processor.py:840} INFO - DAG(s) 'tutorial_taskflow_api' retrieved from /home/airflow/.local/lib/python3.12/site-packages/airflow/example_dags/tutorial_taskflow_api.py
[2025-11-12T19:07:45.376+0000] {logging_mixin.py:188} INFO - [2025-11-12T19:07:45.376+0000] {dag.py:3096} INFO - Sync 1 DAGs
[2025-11-12T19:07:45.390+0000] {logging_mixin.py:188} INFO - [2025-11-12T19:07:45.389+0000] {dag.py:3954} INFO - Setting next_dagrun for tutorial_taskflow_api to None, run_after=None
[2025-11-12T19:07:45.419+0000] {processor.py:183} INFO - Processing /home/airflow/.local/lib/python3.12/site-packages/airflow/example_dags/tutorial_taskflow_api.py took 0.083 seconds
[2025-11-12T19:08:16.183+0000] {processor.py:161} INFO - Started process (PID=349) to work on /home/airflow/.local/lib/python3.12/site-packages/airflow/example_dags/tutorial_taskflow_api.py
[2025-11-12T19:08:16.185+0000] {processor.py:830} INFO - Processing file /home/airflow/.local/lib/python3.12/site-packages/airflow/example_dags/tutorial_taskflow_api.py for tasks to queue
[2025-11-12T19:08:16.186+0000] {logging_mixin.py:188} INFO - [2025-11-12T19:08:16.185+0000] {dagbag.py:545} INFO - Filling up the DagBag from /home/airflow/.local/lib/python3.12/site-packages/airflow/example_dags/tutorial_taskflow_api.py
[2025-11-12T19:08:16.192+0000] {processor.py:840} INFO - DAG(s) 'tutorial_taskflow_api' retrieved from /home/airflow/.local/lib/python3.12/site-packages/airflow/example_dags/tutorial_taskflow_api.py
[2025-11-12T19:08:16.213+0000] {logging_mixin.py:188} INFO - [2025-11-12T19:08:16.213+0000] {dag.py:3096} INFO - Sync 1 DAGs
[2025-11-12T19:08:16.224+0000] {logging_mixin.py:188} INFO - [2025-11-12T19:08:16.224+0000] {dag.py:3954} INFO - Setting next_dagrun for tutorial_taskflow_api to None, run_after=None
[2025-11-12T19:08:16.246+0000] {processor.py:183} INFO - Processing /home/airflow/.local/lib/python3.12/site-packages/airflow/example_dags/tutorial_taskflow_api.py took 0.068 seconds
[2025-11-12T19:08:46.610+0000] {processor.py:161} INFO - Started process (PID=409) to work on /home/airflow/.local/lib/python3.12/site-packages/airflow/example_dags/tutorial_taskflow_api.py
[2025-11-12T19:08:46.611+0000] {processor.py:830} INFO - Processing file /home/airflow/.local/lib/python3.12/site-packages/airflow/example_dags/tutorial_taskflow_api.py for tasks to queue
[2025-11-12T19:08:46.612+0000] {logging_mixin.py:188} INFO - [2025-11-12T19:08:46.612+0000] {dagbag.py:545} INFO - Filling up the DagBag from /home/airflow/.local/lib/python3.12/site-packages/airflow/example_dags/tutorial_taskflow_api.py
[2025-11-12T19:08:46.618+0000] {processor.py:840} INFO - DAG(s) 'tutorial_taskflow_api' retrieved from /home/airflow/.local/lib/python3.12/site-packages/airflow/example_dags/tutorial_taskflow_api.py
[2025-11-12T19:08:46.636+0000] {logging_mixin.py:188} INFO - [2025-11-12T19:08:46.635+0000] {dag.py:3096} INFO - Sync 1 DAGs
[2025-11-12T19:08:46.645+0000] {logging_mixin.py:188} INFO - [2025-11-12T19:08:46.645+0000] {dag.py:3954} INFO - Setting next_dagrun for tutorial_taskflow_api to None, run_after=None
[2025-11-12T19:08:46.667+0000] {processor.py:183} INFO - Processing /home/airflow/.local/lib/python3.12/site-packages/airflow/example_dags/tutorial_taskflow_api.py took 0.062 seconds
[2025-11-12T19:09:17.184+0000] {processor.py:161} INFO - Started process (PID=470) to work on /home/airflow/.local/lib/python3.12/site-packages/airflow/example_dags/tutorial_taskflow_api.py
[2025-11-12T19:09:17.188+0000] {processor.py:830} INFO - Processing file /home/airflow/.local/lib/python3.12/site-packages/airflow/example_dags/tutorial_taskflow_api.py for tasks to queue
[2025-11-12T19:09:17.190+0000] {logging_mixin.py:188} INFO - [2025-11-12T19:09:17.190+0000] {dagbag.py:545} INFO - Filling up the DagBag from /home/airflow/.local/lib/python3.12/site-packages/airflow/example_dags/tutorial_taskflow_api.py
[2025-11-12T19:09:17.200+0000] {processor.py:840} INFO - DAG(s) 'tutorial_taskflow_api' retrieved from /home/airflow/.local/lib/python3.12/site-packages/airflow/example_dags/tutorial_taskflow_api.py
[2025-11-12T19:09:17.229+0000] {logging_mixin.py:188} INFO - [2025-11-12T19:09:17.229+0000] {dag.py:3096} INFO - Sync 1 DAGs
[2025-11-12T19:09:17.246+0000] {logging_mixin.py:188} INFO - [2025-11-12T19:09:17.245+0000] {dag.py:3954} INFO - Setting next_dagrun for tutorial_taskflow_api to None, run_after=None
[2025-11-12T19:09:17.277+0000] {processor.py:183} INFO - Processing /home/airflow/.local/lib/python3.12/site-packages/airflow/example_dags/tutorial_taskflow_api.py took 0.099 seconds
[2025-11-12T19:09:48.019+0000] {processor.py:161} INFO - Started process (PID=531) to work on /home/airflow/.local/lib/python3.12/site-packages/airflow/example_dags/tutorial_taskflow_api.py
[2025-11-12T19:09:48.020+0000] {processor.py:830} INFO - Processing file /home/airflow/.local/lib/python3.12/site-packages/airflow/example_dags/tutorial_taskflow_api.py for tasks to queue
[2025-11-12T19:09:48.021+0000] {logging_mixin.py:188} INFO - [2025-11-12T19:09:48.021+0000] {dagbag.py:545} INFO - Filling up the DagBag from /home/airflow/.local/lib/python3.12/site-packages/airflow/example_dags/tutorial_taskflow_api.py
[2025-11-12T19:09:48.028+0000] {processor.py:840} INFO - DAG(s) 'tutorial_taskflow_api' retrieved from /home/airflow/.local/lib/python3.12/site-packages/airflow/example_dags/tutorial_taskflow_api.py
[2025-11-12T19:09:48.051+0000] {logging_mixin.py:188} INFO - [2025-11-12T19:09:48.051+0000] {dag.py:3096} INFO - Sync 1 DAGs
[2025-11-12T19:09:48.063+0000] {logging_mixin.py:188} INFO - [2025-11-12T19:09:48.063+0000] {dag.py:3954} INFO - Setting next_dagrun for tutorial_taskflow_api to None, run_after=None
[2025-11-12T19:09:48.085+0000] {processor.py:183} INFO - Processing /home/airflow/.local/lib/python3.12/site-packages/airflow/example_dags/tutorial_taskflow_api.py took 0.070 seconds
[2025-11-12T19:10:19.166+0000] {processor.py:161} INFO - Started process (PID=591) to work on /home/airflow/.local/lib/python3.12/site-packages/airflow/example_dags/tutorial_taskflow_api.py
[2025-11-12T19:10:19.167+0000] {processor.py:830} INFO - Processing file /home/airflow/.local/lib/python3.12/site-packages/airflow/example_dags/tutorial_taskflow_api.py for tasks to queue
[2025-11-12T19:10:19.168+0000] {logging_mixin.py:188} INFO - [2025-11-12T19:10:19.168+0000] {dagbag.py:545} INFO - Filling up the DagBag from /home/airflow/.local/lib/python3.12/site-packages/airflow/example_dags/tutorial_taskflow_api.py
[2025-11-12T19:10:19.174+0000] {processor.py:840} INFO - DAG(s) 'tutorial_taskflow_api' retrieved from /home/airflow/.local/lib/python3.12/site-packages/airflow/example_dags/tutorial_taskflow_api.py
[2025-11-12T19:10:19.193+0000] {logging_mixin.py:188} INFO - [2025-11-12T19:10:19.193+0000] {dag.py:3096} INFO - Sync 1 DAGs
[2025-11-12T19:10:19.204+0000] {logging_mixin.py:188} INFO - [2025-11-12T19:10:19.203+0000] {dag.py:3954} INFO - Setting next_dagrun for tutorial_taskflow_api to None, run_after=None
[2025-11-12T19:10:19.226+0000] {processor.py:183} INFO - Processing /home/airflow/.local/lib/python3.12/site-packages/airflow/example_dags/tutorial_taskflow_api.py took 0.064 seconds
[2025-11-12T19:10:49.622+0000] {processor.py:161} INFO - Started process (PID=653) to work on /home/airflow/.local/lib/python3.12/site-packages/airflow/example_dags/tutorial_taskflow_api.py
[2025-11-12T19:10:49.623+0000] {processor.py:830} INFO - Processing file /home/airflow/.local/lib/python3.12/site-packages/airflow/example_dags/tutorial_taskflow_api.py for tasks to queue
[2025-11-12T19:10:49.624+0000] {logging_mixin.py:188} INFO - [2025-11-12T19:10:49.624+0000] {dagbag.py:545} INFO - Filling up the DagBag from /home/airflow/.local/lib/python3.12/site-packages/airflow/example_dags/tutorial_taskflow_api.py
[2025-11-12T19:10:49.640+0000] {processor.py:840} INFO - DAG(s) 'tutorial_taskflow_api' retrieved from /home/airflow/.local/lib/python3.12/site-packages/airflow/example_dags/tutorial_taskflow_api.py
[2025-11-12T19:10:49.663+0000] {logging_mixin.py:188} INFO - [2025-11-12T19:10:49.662+0000] {dag.py:3096} INFO - Sync 1 DAGs
[2025-11-12T19:10:49.675+0000] {logging_mixin.py:188} INFO - [2025-11-12T19:10:49.674+0000] {dag.py:3954} INFO - Setting next_dagrun for tutorial_taskflow_api to None, run_after=None
[2025-11-12T19:10:49.696+0000] {processor.py:183} INFO - Processing /home/airflow/.local/lib/python3.12/site-packages/airflow/example_dags/tutorial_taskflow_api.py took 0.079 seconds
[2025-11-12T19:11:19.891+0000] {processor.py:161} INFO - Started process (PID=712) to work on /home/airflow/.local/lib/python3.12/site-packages/airflow/example_dags/tutorial_taskflow_api.py
[2025-11-12T19:11:19.892+0000] {processor.py:830} INFO - Processing file /home/airflow/.local/lib/python3.12/site-packages/airflow/example_dags/tutorial_taskflow_api.py for tasks to queue
[2025-11-12T19:11:19.893+0000] {logging_mixin.py:188} INFO - [2025-11-12T19:11:19.893+0000] {dagbag.py:545} INFO - Filling up the DagBag from /home/airflow/.local/lib/python3.12/site-packages/airflow/example_dags/tutorial_taskflow_api.py
[2025-11-12T19:11:19.899+0000] {processor.py:840} INFO - DAG(s) 'tutorial_taskflow_api' retrieved from /home/airflow/.local/lib/python3.12/site-packages/airflow/example_dags/tutorial_taskflow_api.py
[2025-11-12T19:11:19.918+0000] {logging_mixin.py:188} INFO - [2025-11-12T19:11:19.918+0000] {dag.py:3096} INFO - Sync 1 DAGs
[2025-11-12T19:11:19.929+0000] {logging_mixin.py:188} INFO - [2025-11-12T19:11:19.929+0000] {dag.py:3954} INFO - Setting next_dagrun for tutorial_taskflow_api to None, run_after=None
[2025-11-12T19:11:19.948+0000] {processor.py:183} INFO - Processing /home/airflow/.local/lib/python3.12/site-packages/airflow/example_dags/tutorial_taskflow_api.py took 0.062 seconds
[2025-11-12T19:11:50.091+0000] {processor.py:161} INFO - Started process (PID=772) to work on /home/airflow/.local/lib/python3.12/site-packages/airflow/example_dags/tutorial_taskflow_api.py
[2025-11-12T19:11:50.092+0000] {processor.py:830} INFO - Processing file /home/airflow/.local/lib/python3.12/site-packages/airflow/example_dags/tutorial_taskflow_api.py for tasks to queue
[2025-11-12T19:11:50.093+0000] {logging_mixin.py:188} INFO - [2025-11-12T19:11:50.092+0000] {dagbag.py:545} INFO - Filling up the DagBag from /home/airflow/.local/lib/python3.12/site-packages/airflow/example_dags/tutorial_taskflow_api.py
[2025-11-12T19:11:50.100+0000] {processor.py:840} INFO - DAG(s) 'tutorial_taskflow_api' retrieved from /home/airflow/.local/lib/python3.12/site-packages/airflow/example_dags/tutorial_taskflow_api.py
[2025-11-12T19:11:50.122+0000] {logging_mixin.py:188} INFO - [2025-11-12T19:11:50.122+0000] {dag.py:3096} INFO - Sync 1 DAGs
[2025-11-12T19:11:50.133+0000] {logging_mixin.py:188} INFO - [2025-11-12T19:11:50.132+0000] {dag.py:3954} INFO - Setting next_dagrun for tutorial_taskflow_api to None, run_after=None
[2025-11-12T19:11:50.156+0000] {processor.py:183} INFO - Processing /home/airflow/.local/lib/python3.12/site-packages/airflow/example_dags/tutorial_taskflow_api.py took 0.069 seconds
[2025-11-12T19:12:21.280+0000] {processor.py:161} INFO - Started process (PID=832) to work on /home/airflow/.local/lib/python3.12/site-packages/airflow/example_dags/tutorial_taskflow_api.py
[2025-11-12T19:12:21.281+0000] {processor.py:830} INFO - Processing file /home/airflow/.local/lib/python3.12/site-packages/airflow/example_dags/tutorial_taskflow_api.py for tasks to queue
[2025-11-12T19:12:21.282+0000] {logging_mixin.py:188} INFO - [2025-11-12T19:12:21.282+0000] {dagbag.py:545} INFO - Filling up the DagBag from /home/airflow/.local/lib/python3.12/site-packages/airflow/example_dags/tutorial_taskflow_api.py
[2025-11-12T19:12:21.287+0000] {processor.py:840} INFO - DAG(s) 'tutorial_taskflow_api' retrieved from /home/airflow/.local/lib/python3.12/site-packages/airflow/example_dags/tutorial_taskflow_api.py
[2025-11-12T19:12:21.307+0000] {logging_mixin.py:188} INFO - [2025-11-12T19:12:21.307+0000] {dag.py:3096} INFO - Sync 1 DAGs
[2025-11-12T19:12:21.317+0000] {logging_mixin.py:188} INFO - [2025-11-12T19:12:21.317+0000] {dag.py:3954} INFO - Setting next_dagrun for tutorial_taskflow_api to None, run_after=None
[2025-11-12T19:12:21.336+0000] {processor.py:183} INFO - Processing /home/airflow/.local/lib/python3.12/site-packages/airflow/example_dags/tutorial_taskflow_api.py took 0.060 seconds
[2025-11-12T19:12:51.551+0000] {processor.py:161} INFO - Started process (PID=892) to work on /home/airflow/.local/lib/python3.12/site-packages/airflow/example_dags/tutorial_taskflow_api.py
[2025-11-12T19:12:51.552+0000] {processor.py:830} INFO - Processing file /home/airflow/.local/lib/python3.12/site-packages/airflow/example_dags/tutorial_taskflow_api.py for tasks to queue
[2025-11-12T19:12:51.553+0000] {logging_mixin.py:188} INFO - [2025-11-12T19:12:51.553+0000] {dagbag.py:545} INFO - Filling up the DagBag from /home/airflow/.local/lib/python3.12/site-packages/airflow/example_dags/tutorial_taskflow_api.py
[2025-11-12T19:12:51.561+0000] {processor.py:840} INFO - DAG(s) 'tutorial_taskflow_api' retrieved from /home/airflow/.local/lib/python3.12/site-packages/airflow/example_dags/tutorial_taskflow_api.py
[2025-11-12T19:12:51.586+0000] {logging_mixin.py:188} INFO - [2025-11-12T19:12:51.585+0000] {dag.py:3096} INFO - Sync 1 DAGs
[2025-11-12T19:12:51.596+0000] {logging_mixin.py:188} INFO - [2025-11-12T19:12:51.596+0000] {dag.py:3954} INFO - Setting next_dagrun for tutorial_taskflow_api to None, run_after=None
[2025-11-12T19:12:51.620+0000] {processor.py:183} INFO - Processing /home/airflow/.local/lib/python3.12/site-packages/airflow/example_dags/tutorial_taskflow_api.py took 0.074 seconds
[2025-11-12T19:13:21.997+0000] {processor.py:161} INFO - Started process (PID=953) to work on /home/airflow/.local/lib/python3.12/site-packages/airflow/example_dags/tutorial_taskflow_api.py
[2025-11-12T19:13:21.998+0000] {processor.py:830} INFO - Processing file /home/airflow/.local/lib/python3.12/site-packages/airflow/example_dags/tutorial_taskflow_api.py for tasks to queue
[2025-11-12T19:13:21.999+0000] {logging_mixin.py:188} INFO - [2025-11-12T19:13:21.999+0000] {dagbag.py:545} INFO - Filling up the DagBag from /home/airflow/.local/lib/python3.12/site-packages/airflow/example_dags/tutorial_taskflow_api.py
[2025-11-12T19:13:22.006+0000] {processor.py:840} INFO - DAG(s) 'tutorial_taskflow_api' retrieved from /home/airflow/.local/lib/python3.12/site-packages/airflow/example_dags/tutorial_taskflow_api.py
[2025-11-12T19:13:22.027+0000] {logging_mixin.py:188} INFO - [2025-11-12T19:13:22.027+0000] {dag.py:3096} INFO - Sync 1 DAGs
[2025-11-12T19:13:22.038+0000] {logging_mixin.py:188} INFO - [2025-11-12T19:13:22.038+0000] {dag.py:3954} INFO - Setting next_dagrun for tutorial_taskflow_api to None, run_after=None
[2025-11-12T19:13:22.060+0000] {processor.py:183} INFO - Processing /home/airflow/.local/lib/python3.12/site-packages/airflow/example_dags/tutorial_taskflow_api.py took 0.067 seconds
[2025-11-12T19:13:52.801+0000] {processor.py:161} INFO - Started process (PID=1013) to work on /home/airflow/.local/lib/python3.12/site-packages/airflow/example_dags/tutorial_taskflow_api.py
[2025-11-12T19:13:52.802+0000] {processor.py:830} INFO - Processing file /home/airflow/.local/lib/python3.12/site-packages/airflow/example_dags/tutorial_taskflow_api.py for tasks to queue
[2025-11-12T19:13:52.804+0000] {logging_mixin.py:188} INFO - [2025-11-12T19:13:52.803+0000] {dagbag.py:545} INFO - Filling up the DagBag from /home/airflow/.local/lib/python3.12/site-packages/airflow/example_dags/tutorial_taskflow_api.py
[2025-11-12T19:13:52.809+0000] {processor.py:840} INFO - DAG(s) 'tutorial_taskflow_api' retrieved from /home/airflow/.local/lib/python3.12/site-packages/airflow/example_dags/tutorial_taskflow_api.py
[2025-11-12T19:13:52.829+0000] {logging_mixin.py:188} INFO - [2025-11-12T19:13:52.829+0000] {dag.py:3096} INFO - Sync 1 DAGs
[2025-11-12T19:13:52.840+0000] {logging_mixin.py:188} INFO - [2025-11-12T19:13:52.840+0000] {dag.py:3954} INFO - Setting next_dagrun for tutorial_taskflow_api to None, run_after=None
[2025-11-12T19:13:52.860+0000] {processor.py:183} INFO - Processing /home/airflow/.local/lib/python3.12/site-packages/airflow/example_dags/tutorial_taskflow_api.py took 0.063 seconds
[2025-11-12T19:14:23.618+0000] {processor.py:161} INFO - Started process (PID=1073) to work on /home/airflow/.local/lib/python3.12/site-packages/airflow/example_dags/tutorial_taskflow_api.py
[2025-11-12T19:14:23.619+0000] {processor.py:830} INFO - Processing file /home/airflow/.local/lib/python3.12/site-packages/airflow/example_dags/tutorial_taskflow_api.py for tasks to queue
[2025-11-12T19:14:23.619+0000] {logging_mixin.py:188} INFO - [2025-11-12T19:14:23.619+0000] {dagbag.py:545} INFO - Filling up the DagBag from /home/airflow/.local/lib/python3.12/site-packages/airflow/example_dags/tutorial_taskflow_api.py
[2025-11-12T19:14:23.625+0000] {processor.py:840} INFO - DAG(s) 'tutorial_taskflow_api' retrieved from /home/airflow/.local/lib/python3.12/site-packages/airflow/example_dags/tutorial_taskflow_api.py
[2025-11-12T19:14:23.644+0000] {logging_mixin.py:188} INFO - [2025-11-12T19:14:23.643+0000] {dag.py:3096} INFO - Sync 1 DAGs
[2025-11-12T19:14:23.653+0000] {logging_mixin.py:188} INFO - [2025-11-12T19:14:23.653+0000] {dag.py:3954} INFO - Setting next_dagrun for tutorial_taskflow_api to None, run_after=None
[2025-11-12T19:14:23.670+0000] {processor.py:183} INFO - Processing /home/airflow/.local/lib/python3.12/site-packages/airflow/example_dags/tutorial_taskflow_api.py took 0.057 seconds
[2025-11-12T19:14:54.359+0000] {processor.py:161} INFO - Started process (PID=1133) to work on /home/airflow/.local/lib/python3.12/site-packages/airflow/example_dags/tutorial_taskflow_api.py
[2025-11-12T19:14:54.360+0000] {processor.py:830} INFO - Processing file /home/airflow/.local/lib/python3.12/site-packages/airflow/example_dags/tutorial_taskflow_api.py for tasks to queue
[2025-11-12T19:14:54.362+0000] {logging_mixin.py:188} INFO - [2025-11-12T19:14:54.362+0000] {dagbag.py:545} INFO - Filling up the DagBag from /home/airflow/.local/lib/python3.12/site-packages/airflow/example_dags/tutorial_taskflow_api.py
[2025-11-12T19:14:54.370+0000] {processor.py:840} INFO - DAG(s) 'tutorial_taskflow_api' retrieved from /home/airflow/.local/lib/python3.12/site-packages/airflow/example_dags/tutorial_taskflow_api.py
[2025-11-12T19:14:54.402+0000] {logging_mixin.py:188} INFO - [2025-11-12T19:14:54.401+0000] {dag.py:3096} INFO - Sync 1 DAGs
[2025-11-12T19:14:54.417+0000] {logging_mixin.py:188} INFO - [2025-11-12T19:14:54.417+0000] {dag.py:3954} INFO - Setting next_dagrun for tutorial_taskflow_api to None, run_after=None
[2025-11-12T19:14:54.445+0000] {processor.py:183} INFO - Processing /home/airflow/.local/lib/python3.12/site-packages/airflow/example_dags/tutorial_taskflow_api.py took 0.092 seconds
[2025-11-12T19:15:25.425+0000] {processor.py:161} INFO - Started process (PID=1193) to work on /home/airflow/.local/lib/python3.12/site-packages/airflow/example_dags/tutorial_taskflow_api.py
[2025-11-12T19:15:25.426+0000] {processor.py:830} INFO - Processing file /home/airflow/.local/lib/python3.12/site-packages/airflow/example_dags/tutorial_taskflow_api.py for tasks to queue
[2025-11-12T19:15:25.427+0000] {logging_mixin.py:188} INFO - [2025-11-12T19:15:25.427+0000] {dagbag.py:545} INFO - Filling up the DagBag from /home/airflow/.local/lib/python3.12/site-packages/airflow/example_dags/tutorial_taskflow_api.py
[2025-11-12T19:15:25.434+0000] {processor.py:840} INFO - DAG(s) 'tutorial_taskflow_api' retrieved from /home/airflow/.local/lib/python3.12/site-packages/airflow/example_dags/tutorial_taskflow_api.py
[2025-11-12T19:15:25.457+0000] {logging_mixin.py:188} INFO - [2025-11-12T19:15:25.456+0000] {dag.py:3096} INFO - Sync 1 DAGs
[2025-11-12T19:15:25.469+0000] {logging_mixin.py:188} INFO - [2025-11-12T19:15:25.469+0000] {dag.py:3954} INFO - Setting next_dagrun for tutorial_taskflow_api to None, run_after=None
[2025-11-12T19:15:25.490+0000] {processor.py:183} INFO - Processing /home/airflow/.local/lib/python3.12/site-packages/airflow/example_dags/tutorial_taskflow_api.py took 0.070 seconds
[2025-11-12T19:15:56.331+0000] {processor.py:161} INFO - Started process (PID=1253) to work on /home/airflow/.local/lib/python3.12/site-packages/airflow/example_dags/tutorial_taskflow_api.py
[2025-11-12T19:15:56.333+0000] {processor.py:830} INFO - Processing file /home/airflow/.local/lib/python3.12/site-packages/airflow/example_dags/tutorial_taskflow_api.py for tasks to queue
[2025-11-12T19:15:56.334+0000] {logging_mixin.py:188} INFO - [2025-11-12T19:15:56.334+0000] {dagbag.py:545} INFO - Filling up the DagBag from /home/airflow/.local/lib/python3.12/site-packages/airflow/example_dags/tutorial_taskflow_api.py
[2025-11-12T19:15:56.349+0000] {processor.py:840} INFO - DAG(s) 'tutorial_taskflow_api' retrieved from /home/airflow/.local/lib/python3.12/site-packages/airflow/example_dags/tutorial_taskflow_api.py
[2025-11-12T19:15:56.382+0000] {logging_mixin.py:188} INFO - [2025-11-12T19:15:56.382+0000] {dag.py:3096} INFO - Sync 1 DAGs
[2025-11-12T19:15:56.403+0000] {logging_mixin.py:188} INFO - [2025-11-12T19:15:56.403+0000] {dag.py:3954} INFO - Setting next_dagrun for tutorial_taskflow_api to None, run_after=None
[2025-11-12T19:15:56.442+0000] {processor.py:183} INFO - Processing /home/airflow/.local/lib/python3.12/site-packages/airflow/example_dags/tutorial_taskflow_api.py took 0.116 seconds
[2025-11-12T19:17:00.090+0000] {processor.py:161} INFO - Started process (PID=109) to work on /home/airflow/.local/lib/python3.12/site-packages/airflow/example_dags/tutorial_taskflow_api.py
[2025-11-12T19:17:00.091+0000] {processor.py:830} INFO - Processing file /home/airflow/.local/lib/python3.12/site-packages/airflow/example_dags/tutorial_taskflow_api.py for tasks to queue
[2025-11-12T19:17:00.094+0000] {logging_mixin.py:188} INFO - [2025-11-12T19:17:00.093+0000] {dagbag.py:545} INFO - Filling up the DagBag from /home/airflow/.local/lib/python3.12/site-packages/airflow/example_dags/tutorial_taskflow_api.py
[2025-11-12T19:17:00.103+0000] {processor.py:840} INFO - DAG(s) 'tutorial_taskflow_api' retrieved from /home/airflow/.local/lib/python3.12/site-packages/airflow/example_dags/tutorial_taskflow_api.py
[2025-11-12T19:17:00.199+0000] {logging_mixin.py:188} INFO - [2025-11-12T19:17:00.199+0000] {dag.py:3096} INFO - Sync 1 DAGs
[2025-11-12T19:17:00.211+0000] {logging_mixin.py:188} INFO - [2025-11-12T19:17:00.210+0000] {dag.py:3954} INFO - Setting next_dagrun for tutorial_taskflow_api to None, run_after=None
[2025-11-12T19:17:00.235+0000] {processor.py:183} INFO - Processing /home/airflow/.local/lib/python3.12/site-packages/airflow/example_dags/tutorial_taskflow_api.py took 0.153 seconds
[2025-11-12T19:17:30.422+0000] {processor.py:161} INFO - Started process (PID=169) to work on /home/airflow/.local/lib/python3.12/site-packages/airflow/example_dags/tutorial_taskflow_api.py
[2025-11-12T19:17:30.423+0000] {processor.py:830} INFO - Processing file /home/airflow/.local/lib/python3.12/site-packages/airflow/example_dags/tutorial_taskflow_api.py for tasks to queue
[2025-11-12T19:17:30.425+0000] {logging_mixin.py:188} INFO - [2025-11-12T19:17:30.425+0000] {dagbag.py:545} INFO - Filling up the DagBag from /home/airflow/.local/lib/python3.12/site-packages/airflow/example_dags/tutorial_taskflow_api.py
[2025-11-12T19:17:30.431+0000] {processor.py:840} INFO - DAG(s) 'tutorial_taskflow_api' retrieved from /home/airflow/.local/lib/python3.12/site-packages/airflow/example_dags/tutorial_taskflow_api.py
[2025-11-12T19:17:30.458+0000] {logging_mixin.py:188} INFO - [2025-11-12T19:17:30.457+0000] {dag.py:3096} INFO - Sync 1 DAGs
[2025-11-12T19:17:30.471+0000] {logging_mixin.py:188} INFO - [2025-11-12T19:17:30.471+0000] {dag.py:3954} INFO - Setting next_dagrun for tutorial_taskflow_api to None, run_after=None
[2025-11-12T19:17:30.496+0000] {processor.py:183} INFO - Processing /home/airflow/.local/lib/python3.12/site-packages/airflow/example_dags/tutorial_taskflow_api.py took 0.078 seconds
[2025-11-12T19:18:01.232+0000] {processor.py:161} INFO - Started process (PID=229) to work on /home/airflow/.local/lib/python3.12/site-packages/airflow/example_dags/tutorial_taskflow_api.py
[2025-11-12T19:18:01.233+0000] {processor.py:830} INFO - Processing file /home/airflow/.local/lib/python3.12/site-packages/airflow/example_dags/tutorial_taskflow_api.py for tasks to queue
[2025-11-12T19:18:01.236+0000] {logging_mixin.py:188} INFO - [2025-11-12T19:18:01.236+0000] {dagbag.py:545} INFO - Filling up the DagBag from /home/airflow/.local/lib/python3.12/site-packages/airflow/example_dags/tutorial_taskflow_api.py
[2025-11-12T19:18:01.246+0000] {processor.py:840} INFO - DAG(s) 'tutorial_taskflow_api' retrieved from /home/airflow/.local/lib/python3.12/site-packages/airflow/example_dags/tutorial_taskflow_api.py
[2025-11-12T19:18:01.269+0000] {logging_mixin.py:188} INFO - [2025-11-12T19:18:01.268+0000] {dag.py:3096} INFO - Sync 1 DAGs
[2025-11-12T19:18:01.281+0000] {logging_mixin.py:188} INFO - [2025-11-12T19:18:01.281+0000] {dag.py:3954} INFO - Setting next_dagrun for tutorial_taskflow_api to None, run_after=None
[2025-11-12T19:18:01.307+0000] {processor.py:183} INFO - Processing /home/airflow/.local/lib/python3.12/site-packages/airflow/example_dags/tutorial_taskflow_api.py took 0.080 seconds
[2025-11-12T19:18:31.597+0000] {processor.py:161} INFO - Started process (PID=289) to work on /home/airflow/.local/lib/python3.12/site-packages/airflow/example_dags/tutorial_taskflow_api.py
[2025-11-12T19:18:31.598+0000] {processor.py:830} INFO - Processing file /home/airflow/.local/lib/python3.12/site-packages/airflow/example_dags/tutorial_taskflow_api.py for tasks to queue
[2025-11-12T19:18:31.601+0000] {logging_mixin.py:188} INFO - [2025-11-12T19:18:31.600+0000] {dagbag.py:545} INFO - Filling up the DagBag from /home/airflow/.local/lib/python3.12/site-packages/airflow/example_dags/tutorial_taskflow_api.py
[2025-11-12T19:18:31.606+0000] {processor.py:840} INFO - DAG(s) 'tutorial_taskflow_api' retrieved from /home/airflow/.local/lib/python3.12/site-packages/airflow/example_dags/tutorial_taskflow_api.py
[2025-11-12T19:18:31.627+0000] {logging_mixin.py:188} INFO - [2025-11-12T19:18:31.627+0000] {dag.py:3096} INFO - Sync 1 DAGs
[2025-11-12T19:18:31.636+0000] {logging_mixin.py:188} INFO - [2025-11-12T19:18:31.636+0000] {dag.py:3954} INFO - Setting next_dagrun for tutorial_taskflow_api to None, run_after=None
[2025-11-12T19:18:31.657+0000] {processor.py:183} INFO - Processing /home/airflow/.local/lib/python3.12/site-packages/airflow/example_dags/tutorial_taskflow_api.py took 0.065 seconds
[2025-11-12T19:19:01.973+0000] {processor.py:161} INFO - Started process (PID=349) to work on /home/airflow/.local/lib/python3.12/site-packages/airflow/example_dags/tutorial_taskflow_api.py
[2025-11-12T19:19:01.974+0000] {processor.py:830} INFO - Processing file /home/airflow/.local/lib/python3.12/site-packages/airflow/example_dags/tutorial_taskflow_api.py for tasks to queue
[2025-11-12T19:19:01.977+0000] {logging_mixin.py:188} INFO - [2025-11-12T19:19:01.976+0000] {dagbag.py:545} INFO - Filling up the DagBag from /home/airflow/.local/lib/python3.12/site-packages/airflow/example_dags/tutorial_taskflow_api.py
[2025-11-12T19:19:01.982+0000] {processor.py:840} INFO - DAG(s) 'tutorial_taskflow_api' retrieved from /home/airflow/.local/lib/python3.12/site-packages/airflow/example_dags/tutorial_taskflow_api.py
[2025-11-12T19:19:02.005+0000] {logging_mixin.py:188} INFO - [2025-11-12T19:19:02.004+0000] {dag.py:3096} INFO - Sync 1 DAGs
[2025-11-12T19:19:02.016+0000] {logging_mixin.py:188} INFO - [2025-11-12T19:19:02.015+0000] {dag.py:3954} INFO - Setting next_dagrun for tutorial_taskflow_api to None, run_after=None
[2025-11-12T19:19:02.046+0000] {processor.py:183} INFO - Processing /home/airflow/.local/lib/python3.12/site-packages/airflow/example_dags/tutorial_taskflow_api.py took 0.077 seconds
[2025-11-12T19:19:33.131+0000] {processor.py:161} INFO - Started process (PID=410) to work on /home/airflow/.local/lib/python3.12/site-packages/airflow/example_dags/tutorial_taskflow_api.py
[2025-11-12T19:19:33.132+0000] {processor.py:830} INFO - Processing file /home/airflow/.local/lib/python3.12/site-packages/airflow/example_dags/tutorial_taskflow_api.py for tasks to queue
[2025-11-12T19:19:33.135+0000] {logging_mixin.py:188} INFO - [2025-11-12T19:19:33.134+0000] {dagbag.py:545} INFO - Filling up the DagBag from /home/airflow/.local/lib/python3.12/site-packages/airflow/example_dags/tutorial_taskflow_api.py
[2025-11-12T19:19:33.142+0000] {processor.py:840} INFO - DAG(s) 'tutorial_taskflow_api' retrieved from /home/airflow/.local/lib/python3.12/site-packages/airflow/example_dags/tutorial_taskflow_api.py
[2025-11-12T19:19:33.167+0000] {logging_mixin.py:188} INFO - [2025-11-12T19:19:33.166+0000] {dag.py:3096} INFO - Sync 1 DAGs
[2025-11-12T19:19:33.180+0000] {logging_mixin.py:188} INFO - [2025-11-12T19:19:33.180+0000] {dag.py:3954} INFO - Setting next_dagrun for tutorial_taskflow_api to None, run_after=None
[2025-11-12T19:19:33.201+0000] {processor.py:183} INFO - Processing /home/airflow/.local/lib/python3.12/site-packages/airflow/example_dags/tutorial_taskflow_api.py took 0.076 seconds
[2025-11-12T19:20:03.621+0000] {processor.py:161} INFO - Started process (PID=470) to work on /home/airflow/.local/lib/python3.12/site-packages/airflow/example_dags/tutorial_taskflow_api.py
[2025-11-12T19:20:03.622+0000] {processor.py:830} INFO - Processing file /home/airflow/.local/lib/python3.12/site-packages/airflow/example_dags/tutorial_taskflow_api.py for tasks to queue
[2025-11-12T19:20:03.625+0000] {logging_mixin.py:188} INFO - [2025-11-12T19:20:03.625+0000] {dagbag.py:545} INFO - Filling up the DagBag from /home/airflow/.local/lib/python3.12/site-packages/airflow/example_dags/tutorial_taskflow_api.py
[2025-11-12T19:20:03.632+0000] {processor.py:840} INFO - DAG(s) 'tutorial_taskflow_api' retrieved from /home/airflow/.local/lib/python3.12/site-packages/airflow/example_dags/tutorial_taskflow_api.py
[2025-11-12T19:20:03.656+0000] {logging_mixin.py:188} INFO - [2025-11-12T19:20:03.655+0000] {dag.py:3096} INFO - Sync 1 DAGs
[2025-11-12T19:20:03.669+0000] {logging_mixin.py:188} INFO - [2025-11-12T19:20:03.669+0000] {dag.py:3954} INFO - Setting next_dagrun for tutorial_taskflow_api to None, run_after=None
[2025-11-12T19:20:03.693+0000] {processor.py:183} INFO - Processing /home/airflow/.local/lib/python3.12/site-packages/airflow/example_dags/tutorial_taskflow_api.py took 0.078 seconds
[2025-11-12T19:20:34.146+0000] {processor.py:161} INFO - Started process (PID=531) to work on /home/airflow/.local/lib/python3.12/site-packages/airflow/example_dags/tutorial_taskflow_api.py
[2025-11-12T19:20:34.149+0000] {processor.py:830} INFO - Processing file /home/airflow/.local/lib/python3.12/site-packages/airflow/example_dags/tutorial_taskflow_api.py for tasks to queue
[2025-11-12T19:20:34.153+0000] {logging_mixin.py:188} INFO - [2025-11-12T19:20:34.153+0000] {dagbag.py:545} INFO - Filling up the DagBag from /home/airflow/.local/lib/python3.12/site-packages/airflow/example_dags/tutorial_taskflow_api.py
[2025-11-12T19:20:34.161+0000] {processor.py:840} INFO - DAG(s) 'tutorial_taskflow_api' retrieved from /home/airflow/.local/lib/python3.12/site-packages/airflow/example_dags/tutorial_taskflow_api.py
[2025-11-12T19:20:34.186+0000] {logging_mixin.py:188} INFO - [2025-11-12T19:20:34.185+0000] {dag.py:3096} INFO - Sync 1 DAGs
[2025-11-12T19:20:34.200+0000] {logging_mixin.py:188} INFO - [2025-11-12T19:20:34.200+0000] {dag.py:3954} INFO - Setting next_dagrun for tutorial_taskflow_api to None, run_after=None
[2025-11-12T19:20:34.223+0000] {processor.py:183} INFO - Processing /home/airflow/.local/lib/python3.12/site-packages/airflow/example_dags/tutorial_taskflow_api.py took 0.083 seconds
[2025-11-12T19:21:04.383+0000] {processor.py:161} INFO - Started process (PID=591) to work on /home/airflow/.local/lib/python3.12/site-packages/airflow/example_dags/tutorial_taskflow_api.py
[2025-11-12T19:21:04.384+0000] {processor.py:830} INFO - Processing file /home/airflow/.local/lib/python3.12/site-packages/airflow/example_dags/tutorial_taskflow_api.py for tasks to queue
[2025-11-12T19:21:04.386+0000] {logging_mixin.py:188} INFO - [2025-11-12T19:21:04.386+0000] {dagbag.py:545} INFO - Filling up the DagBag from /home/airflow/.local/lib/python3.12/site-packages/airflow/example_dags/tutorial_taskflow_api.py
[2025-11-12T19:21:04.394+0000] {processor.py:840} INFO - DAG(s) 'tutorial_taskflow_api' retrieved from /home/airflow/.local/lib/python3.12/site-packages/airflow/example_dags/tutorial_taskflow_api.py
[2025-11-12T19:21:04.418+0000] {logging_mixin.py:188} INFO - [2025-11-12T19:21:04.417+0000] {dag.py:3096} INFO - Sync 1 DAGs
[2025-11-12T19:21:04.431+0000] {logging_mixin.py:188} INFO - [2025-11-12T19:21:04.431+0000] {dag.py:3954} INFO - Setting next_dagrun for tutorial_taskflow_api to None, run_after=None
[2025-11-12T19:21:04.462+0000] {processor.py:183} INFO - Processing /home/airflow/.local/lib/python3.12/site-packages/airflow/example_dags/tutorial_taskflow_api.py took 0.083 seconds
[2025-11-12T19:21:34.735+0000] {processor.py:161} INFO - Started process (PID=651) to work on /home/airflow/.local/lib/python3.12/site-packages/airflow/example_dags/tutorial_taskflow_api.py
[2025-11-12T19:21:34.737+0000] {processor.py:830} INFO - Processing file /home/airflow/.local/lib/python3.12/site-packages/airflow/example_dags/tutorial_taskflow_api.py for tasks to queue
[2025-11-12T19:21:34.739+0000] {logging_mixin.py:188} INFO - [2025-11-12T19:21:34.739+0000] {dagbag.py:545} INFO - Filling up the DagBag from /home/airflow/.local/lib/python3.12/site-packages/airflow/example_dags/tutorial_taskflow_api.py
[2025-11-12T19:21:34.747+0000] {processor.py:840} INFO - DAG(s) 'tutorial_taskflow_api' retrieved from /home/airflow/.local/lib/python3.12/site-packages/airflow/example_dags/tutorial_taskflow_api.py
[2025-11-12T19:21:34.771+0000] {logging_mixin.py:188} INFO - [2025-11-12T19:21:34.770+0000] {dag.py:3096} INFO - Sync 1 DAGs
[2025-11-12T19:21:34.783+0000] {logging_mixin.py:188} INFO - [2025-11-12T19:21:34.782+0000] {dag.py:3954} INFO - Setting next_dagrun for tutorial_taskflow_api to None, run_after=None
[2025-11-12T19:21:34.809+0000] {processor.py:183} INFO - Processing /home/airflow/.local/lib/python3.12/site-packages/airflow/example_dags/tutorial_taskflow_api.py took 0.078 seconds
[2025-11-12T19:22:04.931+0000] {processor.py:161} INFO - Started process (PID=711) to work on /home/airflow/.local/lib/python3.12/site-packages/airflow/example_dags/tutorial_taskflow_api.py
[2025-11-12T19:22:04.931+0000] {processor.py:830} INFO - Processing file /home/airflow/.local/lib/python3.12/site-packages/airflow/example_dags/tutorial_taskflow_api.py for tasks to queue
[2025-11-12T19:22:04.933+0000] {logging_mixin.py:188} INFO - [2025-11-12T19:22:04.933+0000] {dagbag.py:545} INFO - Filling up the DagBag from /home/airflow/.local/lib/python3.12/site-packages/airflow/example_dags/tutorial_taskflow_api.py
[2025-11-12T19:22:04.938+0000] {processor.py:840} INFO - DAG(s) 'tutorial_taskflow_api' retrieved from /home/airflow/.local/lib/python3.12/site-packages/airflow/example_dags/tutorial_taskflow_api.py
[2025-11-12T19:22:04.959+0000] {logging_mixin.py:188} INFO - [2025-11-12T19:22:04.958+0000] {dag.py:3096} INFO - Sync 1 DAGs
[2025-11-12T19:22:04.969+0000] {logging_mixin.py:188} INFO - [2025-11-12T19:22:04.969+0000] {dag.py:3954} INFO - Setting next_dagrun for tutorial_taskflow_api to None, run_after=None
[2025-11-12T19:22:04.992+0000] {processor.py:183} INFO - Processing /home/airflow/.local/lib/python3.12/site-packages/airflow/example_dags/tutorial_taskflow_api.py took 0.066 seconds
[2025-11-12T19:22:35.329+0000] {processor.py:161} INFO - Started process (PID=772) to work on /home/airflow/.local/lib/python3.12/site-packages/airflow/example_dags/tutorial_taskflow_api.py
[2025-11-12T19:22:35.330+0000] {processor.py:830} INFO - Processing file /home/airflow/.local/lib/python3.12/site-packages/airflow/example_dags/tutorial_taskflow_api.py for tasks to queue
[2025-11-12T19:22:35.332+0000] {logging_mixin.py:188} INFO - [2025-11-12T19:22:35.332+0000] {dagbag.py:545} INFO - Filling up the DagBag from /home/airflow/.local/lib/python3.12/site-packages/airflow/example_dags/tutorial_taskflow_api.py
[2025-11-12T19:22:35.339+0000] {processor.py:840} INFO - DAG(s) 'tutorial_taskflow_api' retrieved from /home/airflow/.local/lib/python3.12/site-packages/airflow/example_dags/tutorial_taskflow_api.py
[2025-11-12T19:22:35.362+0000] {logging_mixin.py:188} INFO - [2025-11-12T19:22:35.362+0000] {dag.py:3096} INFO - Sync 1 DAGs
[2025-11-12T19:22:35.373+0000] {logging_mixin.py:188} INFO - [2025-11-12T19:22:35.373+0000] {dag.py:3954} INFO - Setting next_dagrun for tutorial_taskflow_api to None, run_after=None
[2025-11-12T19:22:35.398+0000] {processor.py:183} INFO - Processing /home/airflow/.local/lib/python3.12/site-packages/airflow/example_dags/tutorial_taskflow_api.py took 0.075 seconds
[2025-11-12T19:23:05.662+0000] {processor.py:161} INFO - Started process (PID=832) to work on /home/airflow/.local/lib/python3.12/site-packages/airflow/example_dags/tutorial_taskflow_api.py
[2025-11-12T19:23:05.663+0000] {processor.py:830} INFO - Processing file /home/airflow/.local/lib/python3.12/site-packages/airflow/example_dags/tutorial_taskflow_api.py for tasks to queue
[2025-11-12T19:23:05.665+0000] {logging_mixin.py:188} INFO - [2025-11-12T19:23:05.665+0000] {dagbag.py:545} INFO - Filling up the DagBag from /home/airflow/.local/lib/python3.12/site-packages/airflow/example_dags/tutorial_taskflow_api.py
[2025-11-12T19:23:05.671+0000] {processor.py:840} INFO - DAG(s) 'tutorial_taskflow_api' retrieved from /home/airflow/.local/lib/python3.12/site-packages/airflow/example_dags/tutorial_taskflow_api.py
[2025-11-12T19:23:05.692+0000] {logging_mixin.py:188} INFO - [2025-11-12T19:23:05.691+0000] {dag.py:3096} INFO - Sync 1 DAGs
[2025-11-12T19:23:05.702+0000] {logging_mixin.py:188} INFO - [2025-11-12T19:23:05.702+0000] {dag.py:3954} INFO - Setting next_dagrun for tutorial_taskflow_api to None, run_after=None
[2025-11-12T19:23:05.721+0000] {processor.py:183} INFO - Processing /home/airflow/.local/lib/python3.12/site-packages/airflow/example_dags/tutorial_taskflow_api.py took 0.064 seconds
[2025-11-12T19:23:35.981+0000] {processor.py:161} INFO - Started process (PID=892) to work on /home/airflow/.local/lib/python3.12/site-packages/airflow/example_dags/tutorial_taskflow_api.py
[2025-11-12T19:23:35.982+0000] {processor.py:830} INFO - Processing file /home/airflow/.local/lib/python3.12/site-packages/airflow/example_dags/tutorial_taskflow_api.py for tasks to queue
[2025-11-12T19:23:35.984+0000] {logging_mixin.py:188} INFO - [2025-11-12T19:23:35.984+0000] {dagbag.py:545} INFO - Filling up the DagBag from /home/airflow/.local/lib/python3.12/site-packages/airflow/example_dags/tutorial_taskflow_api.py
[2025-11-12T19:23:35.990+0000] {processor.py:840} INFO - DAG(s) 'tutorial_taskflow_api' retrieved from /home/airflow/.local/lib/python3.12/site-packages/airflow/example_dags/tutorial_taskflow_api.py
[2025-11-12T19:23:36.009+0000] {logging_mixin.py:188} INFO - [2025-11-12T19:23:36.009+0000] {dag.py:3096} INFO - Sync 1 DAGs
[2025-11-12T19:23:36.019+0000] {logging_mixin.py:188} INFO - [2025-11-12T19:23:36.019+0000] {dag.py:3954} INFO - Setting next_dagrun for tutorial_taskflow_api to None, run_after=None
[2025-11-12T19:23:36.052+0000] {processor.py:183} INFO - Processing /home/airflow/.local/lib/python3.12/site-packages/airflow/example_dags/tutorial_taskflow_api.py took 0.076 seconds
[2025-11-12T19:24:06.190+0000] {processor.py:161} INFO - Started process (PID=951) to work on /home/airflow/.local/lib/python3.12/site-packages/airflow/example_dags/tutorial_taskflow_api.py
[2025-11-12T19:24:06.191+0000] {processor.py:830} INFO - Processing file /home/airflow/.local/lib/python3.12/site-packages/airflow/example_dags/tutorial_taskflow_api.py for tasks to queue
[2025-11-12T19:24:06.193+0000] {logging_mixin.py:188} INFO - [2025-11-12T19:24:06.193+0000] {dagbag.py:545} INFO - Filling up the DagBag from /home/airflow/.local/lib/python3.12/site-packages/airflow/example_dags/tutorial_taskflow_api.py
[2025-11-12T19:24:06.199+0000] {processor.py:840} INFO - DAG(s) 'tutorial_taskflow_api' retrieved from /home/airflow/.local/lib/python3.12/site-packages/airflow/example_dags/tutorial_taskflow_api.py
[2025-11-12T19:24:06.219+0000] {logging_mixin.py:188} INFO - [2025-11-12T19:24:06.219+0000] {dag.py:3096} INFO - Sync 1 DAGs
[2025-11-12T19:24:06.232+0000] {logging_mixin.py:188} INFO - [2025-11-12T19:24:06.231+0000] {dag.py:3954} INFO - Setting next_dagrun for tutorial_taskflow_api to None, run_after=None
[2025-11-12T19:24:06.254+0000] {processor.py:183} INFO - Processing /home/airflow/.local/lib/python3.12/site-packages/airflow/example_dags/tutorial_taskflow_api.py took 0.069 seconds
[2025-11-12T19:24:37.417+0000] {processor.py:161} INFO - Started process (PID=1012) to work on /home/airflow/.local/lib/python3.12/site-packages/airflow/example_dags/tutorial_taskflow_api.py
[2025-11-12T19:24:37.419+0000] {processor.py:830} INFO - Processing file /home/airflow/.local/lib/python3.12/site-packages/airflow/example_dags/tutorial_taskflow_api.py for tasks to queue
[2025-11-12T19:24:37.420+0000] {logging_mixin.py:188} INFO - [2025-11-12T19:24:37.420+0000] {dagbag.py:545} INFO - Filling up the DagBag from /home/airflow/.local/lib/python3.12/site-packages/airflow/example_dags/tutorial_taskflow_api.py
[2025-11-12T19:24:37.426+0000] {processor.py:840} INFO - DAG(s) 'tutorial_taskflow_api' retrieved from /home/airflow/.local/lib/python3.12/site-packages/airflow/example_dags/tutorial_taskflow_api.py
[2025-11-12T19:24:37.448+0000] {logging_mixin.py:188} INFO - [2025-11-12T19:24:37.448+0000] {dag.py:3096} INFO - Sync 1 DAGs
[2025-11-12T19:24:37.458+0000] {logging_mixin.py:188} INFO - [2025-11-12T19:24:37.458+0000] {dag.py:3954} INFO - Setting next_dagrun for tutorial_taskflow_api to None, run_after=None
[2025-11-12T19:24:37.478+0000] {processor.py:183} INFO - Processing /home/airflow/.local/lib/python3.12/site-packages/airflow/example_dags/tutorial_taskflow_api.py took 0.065 seconds
[2025-11-12T19:25:07.616+0000] {processor.py:161} INFO - Started process (PID=1072) to work on /home/airflow/.local/lib/python3.12/site-packages/airflow/example_dags/tutorial_taskflow_api.py
[2025-11-12T19:25:07.617+0000] {processor.py:830} INFO - Processing file /home/airflow/.local/lib/python3.12/site-packages/airflow/example_dags/tutorial_taskflow_api.py for tasks to queue
[2025-11-12T19:25:07.619+0000] {logging_mixin.py:188} INFO - [2025-11-12T19:25:07.619+0000] {dagbag.py:545} INFO - Filling up the DagBag from /home/airflow/.local/lib/python3.12/site-packages/airflow/example_dags/tutorial_taskflow_api.py
[2025-11-12T19:25:07.625+0000] {processor.py:840} INFO - DAG(s) 'tutorial_taskflow_api' retrieved from /home/airflow/.local/lib/python3.12/site-packages/airflow/example_dags/tutorial_taskflow_api.py
[2025-11-12T19:25:07.652+0000] {logging_mixin.py:188} INFO - [2025-11-12T19:25:07.651+0000] {dag.py:3096} INFO - Sync 1 DAGs
[2025-11-12T19:25:07.667+0000] {logging_mixin.py:188} INFO - [2025-11-12T19:25:07.666+0000] {dag.py:3954} INFO - Setting next_dagrun for tutorial_taskflow_api to None, run_after=None
[2025-11-12T19:25:07.690+0000] {processor.py:183} INFO - Processing /home/airflow/.local/lib/python3.12/site-packages/airflow/example_dags/tutorial_taskflow_api.py took 0.079 seconds
[2025-11-12T19:25:37.912+0000] {processor.py:161} INFO - Started process (PID=1131) to work on /home/airflow/.local/lib/python3.12/site-packages/airflow/example_dags/tutorial_taskflow_api.py
[2025-11-12T19:25:37.913+0000] {processor.py:830} INFO - Processing file /home/airflow/.local/lib/python3.12/site-packages/airflow/example_dags/tutorial_taskflow_api.py for tasks to queue
[2025-11-12T19:25:37.915+0000] {logging_mixin.py:188} INFO - [2025-11-12T19:25:37.914+0000] {dagbag.py:545} INFO - Filling up the DagBag from /home/airflow/.local/lib/python3.12/site-packages/airflow/example_dags/tutorial_taskflow_api.py
[2025-11-12T19:25:37.920+0000] {processor.py:840} INFO - DAG(s) 'tutorial_taskflow_api' retrieved from /home/airflow/.local/lib/python3.12/site-packages/airflow/example_dags/tutorial_taskflow_api.py
[2025-11-12T19:25:37.940+0000] {logging_mixin.py:188} INFO - [2025-11-12T19:25:37.939+0000] {dag.py:3096} INFO - Sync 1 DAGs
[2025-11-12T19:25:37.951+0000] {logging_mixin.py:188} INFO - [2025-11-12T19:25:37.951+0000] {dag.py:3954} INFO - Setting next_dagrun for tutorial_taskflow_api to None, run_after=None
[2025-11-12T19:25:37.978+0000] {processor.py:183} INFO - Processing /home/airflow/.local/lib/python3.12/site-packages/airflow/example_dags/tutorial_taskflow_api.py took 0.070 seconds
[2025-11-12T19:26:08.040+0000] {processor.py:161} INFO - Started process (PID=1191) to work on /home/airflow/.local/lib/python3.12/site-packages/airflow/example_dags/tutorial_taskflow_api.py
[2025-11-12T19:26:08.042+0000] {processor.py:830} INFO - Processing file /home/airflow/.local/lib/python3.12/site-packages/airflow/example_dags/tutorial_taskflow_api.py for tasks to queue
[2025-11-12T19:26:08.044+0000] {logging_mixin.py:188} INFO - [2025-11-12T19:26:08.043+0000] {dagbag.py:545} INFO - Filling up the DagBag from /home/airflow/.local/lib/python3.12/site-packages/airflow/example_dags/tutorial_taskflow_api.py
[2025-11-12T19:26:08.050+0000] {processor.py:840} INFO - DAG(s) 'tutorial_taskflow_api' retrieved from /home/airflow/.local/lib/python3.12/site-packages/airflow/example_dags/tutorial_taskflow_api.py
[2025-11-12T19:26:08.070+0000] {logging_mixin.py:188} INFO - [2025-11-12T19:26:08.069+0000] {dag.py:3096} INFO - Sync 1 DAGs
[2025-11-12T19:26:08.082+0000] {logging_mixin.py:188} INFO - [2025-11-12T19:26:08.081+0000] {dag.py:3954} INFO - Setting next_dagrun for tutorial_taskflow_api to None, run_after=None
[2025-11-12T19:26:08.102+0000] {processor.py:183} INFO - Processing /home/airflow/.local/lib/python3.12/site-packages/airflow/example_dags/tutorial_taskflow_api.py took 0.067 seconds
[2025-11-12T19:26:38.726+0000] {processor.py:161} INFO - Started process (PID=1252) to work on /home/airflow/.local/lib/python3.12/site-packages/airflow/example_dags/tutorial_taskflow_api.py
[2025-11-12T19:26:38.728+0000] {processor.py:830} INFO - Processing file /home/airflow/.local/lib/python3.12/site-packages/airflow/example_dags/tutorial_taskflow_api.py for tasks to queue
[2025-11-12T19:26:38.730+0000] {logging_mixin.py:188} INFO - [2025-11-12T19:26:38.730+0000] {dagbag.py:545} INFO - Filling up the DagBag from /home/airflow/.local/lib/python3.12/site-packages/airflow/example_dags/tutorial_taskflow_api.py
[2025-11-12T19:26:38.740+0000] {processor.py:840} INFO - DAG(s) 'tutorial_taskflow_api' retrieved from /home/airflow/.local/lib/python3.12/site-packages/airflow/example_dags/tutorial_taskflow_api.py
[2025-11-12T19:26:38.770+0000] {logging_mixin.py:188} INFO - [2025-11-12T19:26:38.770+0000] {dag.py:3096} INFO - Sync 1 DAGs
[2025-11-12T19:26:38.790+0000] {logging_mixin.py:188} INFO - [2025-11-12T19:26:38.789+0000] {dag.py:3954} INFO - Setting next_dagrun for tutorial_taskflow_api to None, run_after=None
[2025-11-12T19:26:38.823+0000] {processor.py:183} INFO - Processing /home/airflow/.local/lib/python3.12/site-packages/airflow/example_dags/tutorial_taskflow_api.py took 0.103 seconds
[2025-11-12T19:27:09.307+0000] {processor.py:161} INFO - Started process (PID=1312) to work on /home/airflow/.local/lib/python3.12/site-packages/airflow/example_dags/tutorial_taskflow_api.py
[2025-11-12T19:27:09.308+0000] {processor.py:830} INFO - Processing file /home/airflow/.local/lib/python3.12/site-packages/airflow/example_dags/tutorial_taskflow_api.py for tasks to queue
[2025-11-12T19:27:09.312+0000] {logging_mixin.py:188} INFO - [2025-11-12T19:27:09.311+0000] {dagbag.py:545} INFO - Filling up the DagBag from /home/airflow/.local/lib/python3.12/site-packages/airflow/example_dags/tutorial_taskflow_api.py
[2025-11-12T19:27:09.320+0000] {processor.py:840} INFO - DAG(s) 'tutorial_taskflow_api' retrieved from /home/airflow/.local/lib/python3.12/site-packages/airflow/example_dags/tutorial_taskflow_api.py
[2025-11-12T19:27:09.364+0000] {logging_mixin.py:188} INFO - [2025-11-12T19:27:09.364+0000] {dag.py:3096} INFO - Sync 1 DAGs
[2025-11-12T19:27:09.382+0000] {logging_mixin.py:188} INFO - [2025-11-12T19:27:09.382+0000] {dag.py:3954} INFO - Setting next_dagrun for tutorial_taskflow_api to None, run_after=None
[2025-11-12T19:27:09.422+0000] {processor.py:183} INFO - Processing /home/airflow/.local/lib/python3.12/site-packages/airflow/example_dags/tutorial_taskflow_api.py took 0.122 seconds
[2025-11-12T19:27:39.640+0000] {processor.py:161} INFO - Started process (PID=1372) to work on /home/airflow/.local/lib/python3.12/site-packages/airflow/example_dags/tutorial_taskflow_api.py
[2025-11-12T19:27:39.641+0000] {processor.py:830} INFO - Processing file /home/airflow/.local/lib/python3.12/site-packages/airflow/example_dags/tutorial_taskflow_api.py for tasks to queue
[2025-11-12T19:27:39.653+0000] {logging_mixin.py:188} INFO - [2025-11-12T19:27:39.652+0000] {dagbag.py:545} INFO - Filling up the DagBag from /home/airflow/.local/lib/python3.12/site-packages/airflow/example_dags/tutorial_taskflow_api.py
[2025-11-12T19:27:39.660+0000] {processor.py:840} INFO - DAG(s) 'tutorial_taskflow_api' retrieved from /home/airflow/.local/lib/python3.12/site-packages/airflow/example_dags/tutorial_taskflow_api.py
[2025-11-12T19:27:39.679+0000] {logging_mixin.py:188} INFO - [2025-11-12T19:27:39.678+0000] {dag.py:3096} INFO - Sync 1 DAGs
[2025-11-12T19:27:39.690+0000] {logging_mixin.py:188} INFO - [2025-11-12T19:27:39.690+0000] {dag.py:3954} INFO - Setting next_dagrun for tutorial_taskflow_api to None, run_after=None
[2025-11-12T19:27:39.714+0000] {processor.py:183} INFO - Processing /home/airflow/.local/lib/python3.12/site-packages/airflow/example_dags/tutorial_taskflow_api.py took 0.080 seconds
[2025-11-12T19:28:12.357+0000] {processor.py:161} INFO - Started process (PID=1433) to work on /home/airflow/.local/lib/python3.12/site-packages/airflow/example_dags/tutorial_taskflow_api.py
[2025-11-12T19:28:12.358+0000] {processor.py:830} INFO - Processing file /home/airflow/.local/lib/python3.12/site-packages/airflow/example_dags/tutorial_taskflow_api.py for tasks to queue
[2025-11-12T19:28:12.360+0000] {logging_mixin.py:188} INFO - [2025-11-12T19:28:12.360+0000] {dagbag.py:545} INFO - Filling up the DagBag from /home/airflow/.local/lib/python3.12/site-packages/airflow/example_dags/tutorial_taskflow_api.py
[2025-11-12T19:28:12.367+0000] {processor.py:840} INFO - DAG(s) 'tutorial_taskflow_api' retrieved from /home/airflow/.local/lib/python3.12/site-packages/airflow/example_dags/tutorial_taskflow_api.py
[2025-11-12T19:28:12.390+0000] {logging_mixin.py:188} INFO - [2025-11-12T19:28:12.389+0000] {dag.py:3096} INFO - Sync 1 DAGs
[2025-11-12T19:28:12.629+0000] {logging_mixin.py:188} INFO - [2025-11-12T19:28:12.629+0000] {dag.py:3954} INFO - Setting next_dagrun for tutorial_taskflow_api to None, run_after=None
[2025-11-12T19:28:12.651+0000] {processor.py:183} INFO - Processing /home/airflow/.local/lib/python3.12/site-packages/airflow/example_dags/tutorial_taskflow_api.py took 0.300 seconds
[2025-11-12T19:28:43.082+0000] {processor.py:161} INFO - Started process (PID=1493) to work on /home/airflow/.local/lib/python3.12/site-packages/airflow/example_dags/tutorial_taskflow_api.py
[2025-11-12T19:28:43.084+0000] {processor.py:830} INFO - Processing file /home/airflow/.local/lib/python3.12/site-packages/airflow/example_dags/tutorial_taskflow_api.py for tasks to queue
[2025-11-12T19:28:43.087+0000] {logging_mixin.py:188} INFO - [2025-11-12T19:28:43.086+0000] {dagbag.py:545} INFO - Filling up the DagBag from /home/airflow/.local/lib/python3.12/site-packages/airflow/example_dags/tutorial_taskflow_api.py
[2025-11-12T19:28:43.096+0000] {processor.py:840} INFO - DAG(s) 'tutorial_taskflow_api' retrieved from /home/airflow/.local/lib/python3.12/site-packages/airflow/example_dags/tutorial_taskflow_api.py
[2025-11-12T19:28:43.122+0000] {logging_mixin.py:188} INFO - [2025-11-12T19:28:43.121+0000] {dag.py:3096} INFO - Sync 1 DAGs
[2025-11-12T19:28:43.134+0000] {logging_mixin.py:188} INFO - [2025-11-12T19:28:43.134+0000] {dag.py:3954} INFO - Setting next_dagrun for tutorial_taskflow_api to None, run_after=None
[2025-11-12T19:28:43.156+0000] {processor.py:183} INFO - Processing /home/airflow/.local/lib/python3.12/site-packages/airflow/example_dags/tutorial_taskflow_api.py took 0.083 seconds
[2025-11-12T19:29:13.329+0000] {processor.py:161} INFO - Started process (PID=1553) to work on /home/airflow/.local/lib/python3.12/site-packages/airflow/example_dags/tutorial_taskflow_api.py
[2025-11-12T19:29:13.330+0000] {processor.py:830} INFO - Processing file /home/airflow/.local/lib/python3.12/site-packages/airflow/example_dags/tutorial_taskflow_api.py for tasks to queue
[2025-11-12T19:29:13.332+0000] {logging_mixin.py:188} INFO - [2025-11-12T19:29:13.332+0000] {dagbag.py:545} INFO - Filling up the DagBag from /home/airflow/.local/lib/python3.12/site-packages/airflow/example_dags/tutorial_taskflow_api.py
[2025-11-12T19:29:13.338+0000] {processor.py:840} INFO - DAG(s) 'tutorial_taskflow_api' retrieved from /home/airflow/.local/lib/python3.12/site-packages/airflow/example_dags/tutorial_taskflow_api.py
[2025-11-12T19:29:13.357+0000] {logging_mixin.py:188} INFO - [2025-11-12T19:29:13.356+0000] {dag.py:3096} INFO - Sync 1 DAGs
[2025-11-12T19:29:13.367+0000] {logging_mixin.py:188} INFO - [2025-11-12T19:29:13.367+0000] {dag.py:3954} INFO - Setting next_dagrun for tutorial_taskflow_api to None, run_after=None
[2025-11-12T19:29:13.387+0000] {processor.py:183} INFO - Processing /home/airflow/.local/lib/python3.12/site-packages/airflow/example_dags/tutorial_taskflow_api.py took 0.063 seconds
[2025-11-12T19:29:46.101+0000] {processor.py:161} INFO - Started process (PID=1613) to work on /home/airflow/.local/lib/python3.12/site-packages/airflow/example_dags/tutorial_taskflow_api.py
[2025-11-12T19:29:46.103+0000] {processor.py:830} INFO - Processing file /home/airflow/.local/lib/python3.12/site-packages/airflow/example_dags/tutorial_taskflow_api.py for tasks to queue
[2025-11-12T19:29:46.105+0000] {logging_mixin.py:188} INFO - [2025-11-12T19:29:46.105+0000] {dagbag.py:545} INFO - Filling up the DagBag from /home/airflow/.local/lib/python3.12/site-packages/airflow/example_dags/tutorial_taskflow_api.py
[2025-11-12T19:29:46.110+0000] {processor.py:840} INFO - DAG(s) 'tutorial_taskflow_api' retrieved from /home/airflow/.local/lib/python3.12/site-packages/airflow/example_dags/tutorial_taskflow_api.py
[2025-11-12T19:29:46.402+0000] {logging_mixin.py:188} INFO - [2025-11-12T19:29:46.401+0000] {dag.py:3096} INFO - Sync 1 DAGs
[2025-11-12T19:29:46.413+0000] {logging_mixin.py:188} INFO - [2025-11-12T19:29:46.412+0000] {dag.py:3954} INFO - Setting next_dagrun for tutorial_taskflow_api to None, run_after=None
[2025-11-12T19:29:46.435+0000] {processor.py:183} INFO - Processing /home/airflow/.local/lib/python3.12/site-packages/airflow/example_dags/tutorial_taskflow_api.py took 0.338 seconds
[2025-11-12T19:30:16.730+0000] {processor.py:161} INFO - Started process (PID=1673) to work on /home/airflow/.local/lib/python3.12/site-packages/airflow/example_dags/tutorial_taskflow_api.py
[2025-11-12T19:30:16.731+0000] {processor.py:830} INFO - Processing file /home/airflow/.local/lib/python3.12/site-packages/airflow/example_dags/tutorial_taskflow_api.py for tasks to queue
[2025-11-12T19:30:16.734+0000] {logging_mixin.py:188} INFO - [2025-11-12T19:30:16.734+0000] {dagbag.py:545} INFO - Filling up the DagBag from /home/airflow/.local/lib/python3.12/site-packages/airflow/example_dags/tutorial_taskflow_api.py
[2025-11-12T19:30:16.743+0000] {processor.py:840} INFO - DAG(s) 'tutorial_taskflow_api' retrieved from /home/airflow/.local/lib/python3.12/site-packages/airflow/example_dags/tutorial_taskflow_api.py
[2025-11-12T19:30:16.778+0000] {logging_mixin.py:188} INFO - [2025-11-12T19:30:16.778+0000] {dag.py:3096} INFO - Sync 1 DAGs
[2025-11-12T19:30:16.796+0000] {logging_mixin.py:188} INFO - [2025-11-12T19:30:16.795+0000] {dag.py:3954} INFO - Setting next_dagrun for tutorial_taskflow_api to None, run_after=None
[2025-11-12T19:30:16.838+0000] {processor.py:183} INFO - Processing /home/airflow/.local/lib/python3.12/site-packages/airflow/example_dags/tutorial_taskflow_api.py took 0.116 seconds
[2025-11-12T19:30:47.006+0000] {processor.py:161} INFO - Started process (PID=1733) to work on /home/airflow/.local/lib/python3.12/site-packages/airflow/example_dags/tutorial_taskflow_api.py
[2025-11-12T19:30:47.007+0000] {processor.py:830} INFO - Processing file /home/airflow/.local/lib/python3.12/site-packages/airflow/example_dags/tutorial_taskflow_api.py for tasks to queue
[2025-11-12T19:30:47.009+0000] {logging_mixin.py:188} INFO - [2025-11-12T19:30:47.008+0000] {dagbag.py:545} INFO - Filling up the DagBag from /home/airflow/.local/lib/python3.12/site-packages/airflow/example_dags/tutorial_taskflow_api.py
[2025-11-12T19:30:47.014+0000] {processor.py:840} INFO - DAG(s) 'tutorial_taskflow_api' retrieved from /home/airflow/.local/lib/python3.12/site-packages/airflow/example_dags/tutorial_taskflow_api.py
[2025-11-12T19:30:47.032+0000] {logging_mixin.py:188} INFO - [2025-11-12T19:30:47.032+0000] {dag.py:3096} INFO - Sync 1 DAGs
[2025-11-12T19:30:47.042+0000] {logging_mixin.py:188} INFO - [2025-11-12T19:30:47.042+0000] {dag.py:3954} INFO - Setting next_dagrun for tutorial_taskflow_api to None, run_after=None
[2025-11-12T19:30:47.065+0000] {processor.py:183} INFO - Processing /home/airflow/.local/lib/python3.12/site-packages/airflow/example_dags/tutorial_taskflow_api.py took 0.064 seconds
[2025-11-12T19:31:17.413+0000] {processor.py:161} INFO - Started process (PID=1793) to work on /home/airflow/.local/lib/python3.12/site-packages/airflow/example_dags/tutorial_taskflow_api.py
[2025-11-12T19:31:17.414+0000] {processor.py:830} INFO - Processing file /home/airflow/.local/lib/python3.12/site-packages/airflow/example_dags/tutorial_taskflow_api.py for tasks to queue
[2025-11-12T19:31:17.416+0000] {logging_mixin.py:188} INFO - [2025-11-12T19:31:17.415+0000] {dagbag.py:545} INFO - Filling up the DagBag from /home/airflow/.local/lib/python3.12/site-packages/airflow/example_dags/tutorial_taskflow_api.py
[2025-11-12T19:31:17.422+0000] {processor.py:840} INFO - DAG(s) 'tutorial_taskflow_api' retrieved from /home/airflow/.local/lib/python3.12/site-packages/airflow/example_dags/tutorial_taskflow_api.py
[2025-11-12T19:31:17.445+0000] {logging_mixin.py:188} INFO - [2025-11-12T19:31:17.444+0000] {dag.py:3096} INFO - Sync 1 DAGs
[2025-11-12T19:31:17.456+0000] {logging_mixin.py:188} INFO - [2025-11-12T19:31:17.456+0000] {dag.py:3954} INFO - Setting next_dagrun for tutorial_taskflow_api to None, run_after=None
[2025-11-12T19:31:17.477+0000] {processor.py:183} INFO - Processing /home/airflow/.local/lib/python3.12/site-packages/airflow/example_dags/tutorial_taskflow_api.py took 0.069 seconds
[2025-11-12T19:31:47.808+0000] {processor.py:161} INFO - Started process (PID=1856) to work on /home/airflow/.local/lib/python3.12/site-packages/airflow/example_dags/tutorial_taskflow_api.py
[2025-11-12T19:31:47.809+0000] {processor.py:830} INFO - Processing file /home/airflow/.local/lib/python3.12/site-packages/airflow/example_dags/tutorial_taskflow_api.py for tasks to queue
[2025-11-12T19:31:47.811+0000] {logging_mixin.py:188} INFO - [2025-11-12T19:31:47.811+0000] {dagbag.py:545} INFO - Filling up the DagBag from /home/airflow/.local/lib/python3.12/site-packages/airflow/example_dags/tutorial_taskflow_api.py
[2025-11-12T19:31:47.817+0000] {processor.py:840} INFO - DAG(s) 'tutorial_taskflow_api' retrieved from /home/airflow/.local/lib/python3.12/site-packages/airflow/example_dags/tutorial_taskflow_api.py
[2025-11-12T19:31:47.835+0000] {logging_mixin.py:188} INFO - [2025-11-12T19:31:47.835+0000] {dag.py:3096} INFO - Sync 1 DAGs
[2025-11-12T19:31:47.845+0000] {logging_mixin.py:188} INFO - [2025-11-12T19:31:47.845+0000] {dag.py:3954} INFO - Setting next_dagrun for tutorial_taskflow_api to None, run_after=None
[2025-11-12T19:31:47.865+0000] {processor.py:183} INFO - Processing /home/airflow/.local/lib/python3.12/site-packages/airflow/example_dags/tutorial_taskflow_api.py took 0.061 seconds
