[2025-11-12T19:06:14.703+0000] {processor.py:161} INFO - Started process (PID=116) to work on /home/airflow/.local/lib/python3.12/site-packages/airflow/example_dags/tutorial.py
[2025-11-12T19:06:14.705+0000] {processor.py:830} INFO - Processing file /home/airflow/.local/lib/python3.12/site-packages/airflow/example_dags/tutorial.py for tasks to queue
[2025-11-12T19:06:14.707+0000] {logging_mixin.py:188} INFO - [2025-11-12T19:06:14.707+0000] {dagbag.py:545} INFO - Filling up the DagBag from /home/airflow/.local/lib/python3.12/site-packages/airflow/example_dags/tutorial.py
[2025-11-12T19:06:14.714+0000] {processor.py:840} INFO - DAG(s) 'tutorial' retrieved from /home/airflow/.local/lib/python3.12/site-packages/airflow/example_dags/tutorial.py
[2025-11-12T19:06:14.808+0000] {logging_mixin.py:188} INFO - [2025-11-12T19:06:14.808+0000] {dag.py:3096} INFO - Sync 1 DAGs
[2025-11-12T19:06:14.826+0000] {logging_mixin.py:188} INFO - [2025-11-12T19:06:14.825+0000] {dag.py:3954} INFO - Setting next_dagrun for tutorial to 2025-11-11 00:00:00+00:00, run_after=2025-11-12 00:00:00+00:00
[2025-11-12T19:06:14.848+0000] {processor.py:183} INFO - Processing /home/airflow/.local/lib/python3.12/site-packages/airflow/example_dags/tutorial.py took 0.150 seconds
[2025-11-12T19:06:45.688+0000] {processor.py:161} INFO - Started process (PID=177) to work on /home/airflow/.local/lib/python3.12/site-packages/airflow/example_dags/tutorial.py
[2025-11-12T19:06:45.690+0000] {processor.py:830} INFO - Processing file /home/airflow/.local/lib/python3.12/site-packages/airflow/example_dags/tutorial.py for tasks to queue
[2025-11-12T19:06:45.692+0000] {logging_mixin.py:188} INFO - [2025-11-12T19:06:45.691+0000] {dagbag.py:545} INFO - Filling up the DagBag from /home/airflow/.local/lib/python3.12/site-packages/airflow/example_dags/tutorial.py
[2025-11-12T19:06:45.697+0000] {processor.py:840} INFO - DAG(s) 'tutorial' retrieved from /home/airflow/.local/lib/python3.12/site-packages/airflow/example_dags/tutorial.py
[2025-11-12T19:06:45.717+0000] {logging_mixin.py:188} INFO - [2025-11-12T19:06:45.717+0000] {dag.py:3096} INFO - Sync 1 DAGs
[2025-11-12T19:06:45.738+0000] {logging_mixin.py:188} INFO - [2025-11-12T19:06:45.738+0000] {dag.py:3954} INFO - Setting next_dagrun for tutorial to 2025-11-11 00:00:00+00:00, run_after=2025-11-12 00:00:00+00:00
[2025-11-12T19:06:45.759+0000] {processor.py:183} INFO - Processing /home/airflow/.local/lib/python3.12/site-packages/airflow/example_dags/tutorial.py took 0.075 seconds
[2025-11-12T19:07:16.451+0000] {processor.py:161} INFO - Started process (PID=237) to work on /home/airflow/.local/lib/python3.12/site-packages/airflow/example_dags/tutorial.py
[2025-11-12T19:07:16.453+0000] {processor.py:830} INFO - Processing file /home/airflow/.local/lib/python3.12/site-packages/airflow/example_dags/tutorial.py for tasks to queue
[2025-11-12T19:07:16.455+0000] {logging_mixin.py:188} INFO - [2025-11-12T19:07:16.454+0000] {dagbag.py:545} INFO - Filling up the DagBag from /home/airflow/.local/lib/python3.12/site-packages/airflow/example_dags/tutorial.py
[2025-11-12T19:07:16.462+0000] {processor.py:840} INFO - DAG(s) 'tutorial' retrieved from /home/airflow/.local/lib/python3.12/site-packages/airflow/example_dags/tutorial.py
[2025-11-12T19:07:16.486+0000] {logging_mixin.py:188} INFO - [2025-11-12T19:07:16.486+0000] {dag.py:3096} INFO - Sync 1 DAGs
[2025-11-12T19:07:16.505+0000] {logging_mixin.py:188} INFO - [2025-11-12T19:07:16.504+0000] {dag.py:3954} INFO - Setting next_dagrun for tutorial to 2025-11-11 00:00:00+00:00, run_after=2025-11-12 00:00:00+00:00
[2025-11-12T19:07:16.526+0000] {processor.py:183} INFO - Processing /home/airflow/.local/lib/python3.12/site-packages/airflow/example_dags/tutorial.py took 0.081 seconds
[2025-11-12T19:07:46.972+0000] {processor.py:161} INFO - Started process (PID=297) to work on /home/airflow/.local/lib/python3.12/site-packages/airflow/example_dags/tutorial.py
[2025-11-12T19:07:46.974+0000] {processor.py:830} INFO - Processing file /home/airflow/.local/lib/python3.12/site-packages/airflow/example_dags/tutorial.py for tasks to queue
[2025-11-12T19:07:46.975+0000] {logging_mixin.py:188} INFO - [2025-11-12T19:07:46.975+0000] {dagbag.py:545} INFO - Filling up the DagBag from /home/airflow/.local/lib/python3.12/site-packages/airflow/example_dags/tutorial.py
[2025-11-12T19:07:46.981+0000] {processor.py:840} INFO - DAG(s) 'tutorial' retrieved from /home/airflow/.local/lib/python3.12/site-packages/airflow/example_dags/tutorial.py
[2025-11-12T19:07:47.002+0000] {logging_mixin.py:188} INFO - [2025-11-12T19:07:47.001+0000] {dag.py:3096} INFO - Sync 1 DAGs
[2025-11-12T19:07:47.020+0000] {logging_mixin.py:188} INFO - [2025-11-12T19:07:47.020+0000] {dag.py:3954} INFO - Setting next_dagrun for tutorial to 2025-11-11 00:00:00+00:00, run_after=2025-11-12 00:00:00+00:00
[2025-11-12T19:07:47.042+0000] {processor.py:183} INFO - Processing /home/airflow/.local/lib/python3.12/site-packages/airflow/example_dags/tutorial.py took 0.074 seconds
[2025-11-12T19:08:17.669+0000] {processor.py:161} INFO - Started process (PID=357) to work on /home/airflow/.local/lib/python3.12/site-packages/airflow/example_dags/tutorial.py
[2025-11-12T19:08:17.670+0000] {processor.py:830} INFO - Processing file /home/airflow/.local/lib/python3.12/site-packages/airflow/example_dags/tutorial.py for tasks to queue
[2025-11-12T19:08:17.671+0000] {logging_mixin.py:188} INFO - [2025-11-12T19:08:17.671+0000] {dagbag.py:545} INFO - Filling up the DagBag from /home/airflow/.local/lib/python3.12/site-packages/airflow/example_dags/tutorial.py
[2025-11-12T19:08:17.677+0000] {processor.py:840} INFO - DAG(s) 'tutorial' retrieved from /home/airflow/.local/lib/python3.12/site-packages/airflow/example_dags/tutorial.py
[2025-11-12T19:08:17.699+0000] {logging_mixin.py:188} INFO - [2025-11-12T19:08:17.698+0000] {dag.py:3096} INFO - Sync 1 DAGs
[2025-11-12T19:08:17.734+0000] {logging_mixin.py:188} INFO - [2025-11-12T19:08:17.734+0000] {dag.py:3954} INFO - Setting next_dagrun for tutorial to 2025-11-11 00:00:00+00:00, run_after=2025-11-12 00:00:00+00:00
[2025-11-12T19:08:17.756+0000] {processor.py:183} INFO - Processing /home/airflow/.local/lib/python3.12/site-packages/airflow/example_dags/tutorial.py took 0.091 seconds
[2025-11-12T19:08:48.124+0000] {processor.py:161} INFO - Started process (PID=417) to work on /home/airflow/.local/lib/python3.12/site-packages/airflow/example_dags/tutorial.py
[2025-11-12T19:08:48.125+0000] {processor.py:830} INFO - Processing file /home/airflow/.local/lib/python3.12/site-packages/airflow/example_dags/tutorial.py for tasks to queue
[2025-11-12T19:08:48.126+0000] {logging_mixin.py:188} INFO - [2025-11-12T19:08:48.126+0000] {dagbag.py:545} INFO - Filling up the DagBag from /home/airflow/.local/lib/python3.12/site-packages/airflow/example_dags/tutorial.py
[2025-11-12T19:08:48.132+0000] {processor.py:840} INFO - DAG(s) 'tutorial' retrieved from /home/airflow/.local/lib/python3.12/site-packages/airflow/example_dags/tutorial.py
[2025-11-12T19:08:48.153+0000] {logging_mixin.py:188} INFO - [2025-11-12T19:08:48.152+0000] {dag.py:3096} INFO - Sync 1 DAGs
[2025-11-12T19:08:48.170+0000] {logging_mixin.py:188} INFO - [2025-11-12T19:08:48.170+0000] {dag.py:3954} INFO - Setting next_dagrun for tutorial to 2025-11-11 00:00:00+00:00, run_after=2025-11-12 00:00:00+00:00
[2025-11-12T19:08:48.189+0000] {processor.py:183} INFO - Processing /home/airflow/.local/lib/python3.12/site-packages/airflow/example_dags/tutorial.py took 0.069 seconds
[2025-11-12T19:09:18.786+0000] {processor.py:161} INFO - Started process (PID=478) to work on /home/airflow/.local/lib/python3.12/site-packages/airflow/example_dags/tutorial.py
[2025-11-12T19:09:18.788+0000] {processor.py:830} INFO - Processing file /home/airflow/.local/lib/python3.12/site-packages/airflow/example_dags/tutorial.py for tasks to queue
[2025-11-12T19:09:18.790+0000] {logging_mixin.py:188} INFO - [2025-11-12T19:09:18.789+0000] {dagbag.py:545} INFO - Filling up the DagBag from /home/airflow/.local/lib/python3.12/site-packages/airflow/example_dags/tutorial.py
[2025-11-12T19:09:18.796+0000] {processor.py:840} INFO - DAG(s) 'tutorial' retrieved from /home/airflow/.local/lib/python3.12/site-packages/airflow/example_dags/tutorial.py
[2025-11-12T19:09:18.821+0000] {logging_mixin.py:188} INFO - [2025-11-12T19:09:18.821+0000] {dag.py:3096} INFO - Sync 1 DAGs
[2025-11-12T19:09:18.844+0000] {logging_mixin.py:188} INFO - [2025-11-12T19:09:18.844+0000] {dag.py:3954} INFO - Setting next_dagrun for tutorial to 2025-11-11 00:00:00+00:00, run_after=2025-11-12 00:00:00+00:00
[2025-11-12T19:09:18.868+0000] {processor.py:183} INFO - Processing /home/airflow/.local/lib/python3.12/site-packages/airflow/example_dags/tutorial.py took 0.087 seconds
[2025-11-12T19:09:49.613+0000] {processor.py:161} INFO - Started process (PID=539) to work on /home/airflow/.local/lib/python3.12/site-packages/airflow/example_dags/tutorial.py
[2025-11-12T19:09:49.614+0000] {processor.py:830} INFO - Processing file /home/airflow/.local/lib/python3.12/site-packages/airflow/example_dags/tutorial.py for tasks to queue
[2025-11-12T19:09:49.616+0000] {logging_mixin.py:188} INFO - [2025-11-12T19:09:49.615+0000] {dagbag.py:545} INFO - Filling up the DagBag from /home/airflow/.local/lib/python3.12/site-packages/airflow/example_dags/tutorial.py
[2025-11-12T19:09:49.625+0000] {processor.py:840} INFO - DAG(s) 'tutorial' retrieved from /home/airflow/.local/lib/python3.12/site-packages/airflow/example_dags/tutorial.py
[2025-11-12T19:09:49.652+0000] {logging_mixin.py:188} INFO - [2025-11-12T19:09:49.652+0000] {dag.py:3096} INFO - Sync 1 DAGs
[2025-11-12T19:09:49.681+0000] {logging_mixin.py:188} INFO - [2025-11-12T19:09:49.681+0000] {dag.py:3954} INFO - Setting next_dagrun for tutorial to 2025-11-11 00:00:00+00:00, run_after=2025-11-12 00:00:00+00:00
[2025-11-12T19:09:49.709+0000] {processor.py:183} INFO - Processing /home/airflow/.local/lib/python3.12/site-packages/airflow/example_dags/tutorial.py took 0.100 seconds
[2025-11-12T19:10:20.653+0000] {processor.py:161} INFO - Started process (PID=599) to work on /home/airflow/.local/lib/python3.12/site-packages/airflow/example_dags/tutorial.py
[2025-11-12T19:10:20.654+0000] {processor.py:830} INFO - Processing file /home/airflow/.local/lib/python3.12/site-packages/airflow/example_dags/tutorial.py for tasks to queue
[2025-11-12T19:10:20.655+0000] {logging_mixin.py:188} INFO - [2025-11-12T19:10:20.654+0000] {dagbag.py:545} INFO - Filling up the DagBag from /home/airflow/.local/lib/python3.12/site-packages/airflow/example_dags/tutorial.py
[2025-11-12T19:10:20.660+0000] {processor.py:840} INFO - DAG(s) 'tutorial' retrieved from /home/airflow/.local/lib/python3.12/site-packages/airflow/example_dags/tutorial.py
[2025-11-12T19:10:20.682+0000] {logging_mixin.py:188} INFO - [2025-11-12T19:10:20.682+0000] {dag.py:3096} INFO - Sync 1 DAGs
[2025-11-12T19:10:20.702+0000] {logging_mixin.py:188} INFO - [2025-11-12T19:10:20.701+0000] {dag.py:3954} INFO - Setting next_dagrun for tutorial to 2025-11-11 00:00:00+00:00, run_after=2025-11-12 00:00:00+00:00
[2025-11-12T19:10:20.724+0000] {processor.py:183} INFO - Processing /home/airflow/.local/lib/python3.12/site-packages/airflow/example_dags/tutorial.py took 0.077 seconds
[2025-11-12T19:10:51.050+0000] {processor.py:161} INFO - Started process (PID=660) to work on /home/airflow/.local/lib/python3.12/site-packages/airflow/example_dags/tutorial.py
[2025-11-12T19:10:51.051+0000] {processor.py:830} INFO - Processing file /home/airflow/.local/lib/python3.12/site-packages/airflow/example_dags/tutorial.py for tasks to queue
[2025-11-12T19:10:51.052+0000] {logging_mixin.py:188} INFO - [2025-11-12T19:10:51.052+0000] {dagbag.py:545} INFO - Filling up the DagBag from /home/airflow/.local/lib/python3.12/site-packages/airflow/example_dags/tutorial.py
[2025-11-12T19:10:51.058+0000] {processor.py:840} INFO - DAG(s) 'tutorial' retrieved from /home/airflow/.local/lib/python3.12/site-packages/airflow/example_dags/tutorial.py
[2025-11-12T19:10:51.078+0000] {logging_mixin.py:188} INFO - [2025-11-12T19:10:51.078+0000] {dag.py:3096} INFO - Sync 1 DAGs
[2025-11-12T19:10:51.103+0000] {logging_mixin.py:188} INFO - [2025-11-12T19:10:51.102+0000] {dag.py:3954} INFO - Setting next_dagrun for tutorial to 2025-11-11 00:00:00+00:00, run_after=2025-11-12 00:00:00+00:00
[2025-11-12T19:10:51.123+0000] {processor.py:183} INFO - Processing /home/airflow/.local/lib/python3.12/site-packages/airflow/example_dags/tutorial.py took 0.080 seconds
[2025-11-12T19:11:21.437+0000] {processor.py:161} INFO - Started process (PID=720) to work on /home/airflow/.local/lib/python3.12/site-packages/airflow/example_dags/tutorial.py
[2025-11-12T19:11:21.439+0000] {processor.py:830} INFO - Processing file /home/airflow/.local/lib/python3.12/site-packages/airflow/example_dags/tutorial.py for tasks to queue
[2025-11-12T19:11:21.440+0000] {logging_mixin.py:188} INFO - [2025-11-12T19:11:21.440+0000] {dagbag.py:545} INFO - Filling up the DagBag from /home/airflow/.local/lib/python3.12/site-packages/airflow/example_dags/tutorial.py
[2025-11-12T19:11:21.456+0000] {processor.py:840} INFO - DAG(s) 'tutorial' retrieved from /home/airflow/.local/lib/python3.12/site-packages/airflow/example_dags/tutorial.py
[2025-11-12T19:11:21.480+0000] {logging_mixin.py:188} INFO - [2025-11-12T19:11:21.480+0000] {dag.py:3096} INFO - Sync 1 DAGs
[2025-11-12T19:11:21.500+0000] {logging_mixin.py:188} INFO - [2025-11-12T19:11:21.500+0000] {dag.py:3954} INFO - Setting next_dagrun for tutorial to 2025-11-11 00:00:00+00:00, run_after=2025-11-12 00:00:00+00:00
[2025-11-12T19:11:21.532+0000] {processor.py:183} INFO - Processing /home/airflow/.local/lib/python3.12/site-packages/airflow/example_dags/tutorial.py took 0.106 seconds
[2025-11-12T19:11:51.622+0000] {processor.py:161} INFO - Started process (PID=780) to work on /home/airflow/.local/lib/python3.12/site-packages/airflow/example_dags/tutorial.py
[2025-11-12T19:11:51.623+0000] {processor.py:830} INFO - Processing file /home/airflow/.local/lib/python3.12/site-packages/airflow/example_dags/tutorial.py for tasks to queue
[2025-11-12T19:11:51.624+0000] {logging_mixin.py:188} INFO - [2025-11-12T19:11:51.624+0000] {dagbag.py:545} INFO - Filling up the DagBag from /home/airflow/.local/lib/python3.12/site-packages/airflow/example_dags/tutorial.py
[2025-11-12T19:11:51.631+0000] {processor.py:840} INFO - DAG(s) 'tutorial' retrieved from /home/airflow/.local/lib/python3.12/site-packages/airflow/example_dags/tutorial.py
[2025-11-12T19:11:51.653+0000] {logging_mixin.py:188} INFO - [2025-11-12T19:11:51.653+0000] {dag.py:3096} INFO - Sync 1 DAGs
[2025-11-12T19:11:51.670+0000] {logging_mixin.py:188} INFO - [2025-11-12T19:11:51.670+0000] {dag.py:3954} INFO - Setting next_dagrun for tutorial to 2025-11-11 00:00:00+00:00, run_after=2025-11-12 00:00:00+00:00
[2025-11-12T19:11:51.695+0000] {processor.py:183} INFO - Processing /home/airflow/.local/lib/python3.12/site-packages/airflow/example_dags/tutorial.py took 0.079 seconds
[2025-11-12T19:12:21.900+0000] {processor.py:161} INFO - Started process (PID=840) to work on /home/airflow/.local/lib/python3.12/site-packages/airflow/example_dags/tutorial.py
[2025-11-12T19:12:21.901+0000] {processor.py:830} INFO - Processing file /home/airflow/.local/lib/python3.12/site-packages/airflow/example_dags/tutorial.py for tasks to queue
[2025-11-12T19:12:21.902+0000] {logging_mixin.py:188} INFO - [2025-11-12T19:12:21.902+0000] {dagbag.py:545} INFO - Filling up the DagBag from /home/airflow/.local/lib/python3.12/site-packages/airflow/example_dags/tutorial.py
[2025-11-12T19:12:21.910+0000] {processor.py:840} INFO - DAG(s) 'tutorial' retrieved from /home/airflow/.local/lib/python3.12/site-packages/airflow/example_dags/tutorial.py
[2025-11-12T19:12:21.934+0000] {logging_mixin.py:188} INFO - [2025-11-12T19:12:21.934+0000] {dag.py:3096} INFO - Sync 1 DAGs
[2025-11-12T19:12:21.956+0000] {logging_mixin.py:188} INFO - [2025-11-12T19:12:21.955+0000] {dag.py:3954} INFO - Setting next_dagrun for tutorial to 2025-11-11 00:00:00+00:00, run_after=2025-11-12 00:00:00+00:00
[2025-11-12T19:12:21.979+0000] {processor.py:183} INFO - Processing /home/airflow/.local/lib/python3.12/site-packages/airflow/example_dags/tutorial.py took 0.088 seconds
[2025-11-12T19:12:52.050+0000] {processor.py:161} INFO - Started process (PID=899) to work on /home/airflow/.local/lib/python3.12/site-packages/airflow/example_dags/tutorial.py
[2025-11-12T19:12:52.051+0000] {processor.py:830} INFO - Processing file /home/airflow/.local/lib/python3.12/site-packages/airflow/example_dags/tutorial.py for tasks to queue
[2025-11-12T19:12:52.052+0000] {logging_mixin.py:188} INFO - [2025-11-12T19:12:52.052+0000] {dagbag.py:545} INFO - Filling up the DagBag from /home/airflow/.local/lib/python3.12/site-packages/airflow/example_dags/tutorial.py
[2025-11-12T19:12:52.058+0000] {processor.py:840} INFO - DAG(s) 'tutorial' retrieved from /home/airflow/.local/lib/python3.12/site-packages/airflow/example_dags/tutorial.py
[2025-11-12T19:12:52.077+0000] {logging_mixin.py:188} INFO - [2025-11-12T19:12:52.077+0000] {dag.py:3096} INFO - Sync 1 DAGs
[2025-11-12T19:12:52.096+0000] {logging_mixin.py:188} INFO - [2025-11-12T19:12:52.095+0000] {dag.py:3954} INFO - Setting next_dagrun for tutorial to 2025-11-11 00:00:00+00:00, run_after=2025-11-12 00:00:00+00:00
[2025-11-12T19:12:52.116+0000] {processor.py:183} INFO - Processing /home/airflow/.local/lib/python3.12/site-packages/airflow/example_dags/tutorial.py took 0.070 seconds
[2025-11-12T19:13:22.447+0000] {processor.py:161} INFO - Started process (PID=961) to work on /home/airflow/.local/lib/python3.12/site-packages/airflow/example_dags/tutorial.py
[2025-11-12T19:13:22.448+0000] {processor.py:830} INFO - Processing file /home/airflow/.local/lib/python3.12/site-packages/airflow/example_dags/tutorial.py for tasks to queue
[2025-11-12T19:13:22.451+0000] {logging_mixin.py:188} INFO - [2025-11-12T19:13:22.449+0000] {dagbag.py:545} INFO - Filling up the DagBag from /home/airflow/.local/lib/python3.12/site-packages/airflow/example_dags/tutorial.py
[2025-11-12T19:13:22.458+0000] {processor.py:840} INFO - DAG(s) 'tutorial' retrieved from /home/airflow/.local/lib/python3.12/site-packages/airflow/example_dags/tutorial.py
[2025-11-12T19:13:22.479+0000] {logging_mixin.py:188} INFO - [2025-11-12T19:13:22.478+0000] {dag.py:3096} INFO - Sync 1 DAGs
[2025-11-12T19:13:22.498+0000] {logging_mixin.py:188} INFO - [2025-11-12T19:13:22.498+0000] {dag.py:3954} INFO - Setting next_dagrun for tutorial to 2025-11-11 00:00:00+00:00, run_after=2025-11-12 00:00:00+00:00
[2025-11-12T19:13:22.520+0000] {processor.py:183} INFO - Processing /home/airflow/.local/lib/python3.12/site-packages/airflow/example_dags/tutorial.py took 0.077 seconds
[2025-11-12T19:13:53.269+0000] {processor.py:161} INFO - Started process (PID=1021) to work on /home/airflow/.local/lib/python3.12/site-packages/airflow/example_dags/tutorial.py
[2025-11-12T19:13:53.270+0000] {processor.py:830} INFO - Processing file /home/airflow/.local/lib/python3.12/site-packages/airflow/example_dags/tutorial.py for tasks to queue
[2025-11-12T19:13:53.271+0000] {logging_mixin.py:188} INFO - [2025-11-12T19:13:53.271+0000] {dagbag.py:545} INFO - Filling up the DagBag from /home/airflow/.local/lib/python3.12/site-packages/airflow/example_dags/tutorial.py
[2025-11-12T19:13:53.278+0000] {processor.py:840} INFO - DAG(s) 'tutorial' retrieved from /home/airflow/.local/lib/python3.12/site-packages/airflow/example_dags/tutorial.py
[2025-11-12T19:13:53.299+0000] {logging_mixin.py:188} INFO - [2025-11-12T19:13:53.299+0000] {dag.py:3096} INFO - Sync 1 DAGs
[2025-11-12T19:13:53.324+0000] {logging_mixin.py:188} INFO - [2025-11-12T19:13:53.323+0000] {dag.py:3954} INFO - Setting next_dagrun for tutorial to 2025-11-11 00:00:00+00:00, run_after=2025-11-12 00:00:00+00:00
[2025-11-12T19:13:53.344+0000] {processor.py:183} INFO - Processing /home/airflow/.local/lib/python3.12/site-packages/airflow/example_dags/tutorial.py took 0.079 seconds
[2025-11-12T19:14:24.196+0000] {processor.py:161} INFO - Started process (PID=1081) to work on /home/airflow/.local/lib/python3.12/site-packages/airflow/example_dags/tutorial.py
[2025-11-12T19:14:24.197+0000] {processor.py:830} INFO - Processing file /home/airflow/.local/lib/python3.12/site-packages/airflow/example_dags/tutorial.py for tasks to queue
[2025-11-12T19:14:24.198+0000] {logging_mixin.py:188} INFO - [2025-11-12T19:14:24.198+0000] {dagbag.py:545} INFO - Filling up the DagBag from /home/airflow/.local/lib/python3.12/site-packages/airflow/example_dags/tutorial.py
[2025-11-12T19:14:24.204+0000] {processor.py:840} INFO - DAG(s) 'tutorial' retrieved from /home/airflow/.local/lib/python3.12/site-packages/airflow/example_dags/tutorial.py
[2025-11-12T19:14:24.224+0000] {logging_mixin.py:188} INFO - [2025-11-12T19:14:24.224+0000] {dag.py:3096} INFO - Sync 1 DAGs
[2025-11-12T19:14:24.242+0000] {logging_mixin.py:188} INFO - [2025-11-12T19:14:24.241+0000] {dag.py:3954} INFO - Setting next_dagrun for tutorial to 2025-11-11 00:00:00+00:00, run_after=2025-11-12 00:00:00+00:00
[2025-11-12T19:14:24.260+0000] {processor.py:183} INFO - Processing /home/airflow/.local/lib/python3.12/site-packages/airflow/example_dags/tutorial.py took 0.069 seconds
[2025-11-12T19:14:55.031+0000] {processor.py:161} INFO - Started process (PID=1141) to work on /home/airflow/.local/lib/python3.12/site-packages/airflow/example_dags/tutorial.py
[2025-11-12T19:14:55.032+0000] {processor.py:830} INFO - Processing file /home/airflow/.local/lib/python3.12/site-packages/airflow/example_dags/tutorial.py for tasks to queue
[2025-11-12T19:14:55.034+0000] {logging_mixin.py:188} INFO - [2025-11-12T19:14:55.033+0000] {dagbag.py:545} INFO - Filling up the DagBag from /home/airflow/.local/lib/python3.12/site-packages/airflow/example_dags/tutorial.py
[2025-11-12T19:14:55.041+0000] {processor.py:840} INFO - DAG(s) 'tutorial' retrieved from /home/airflow/.local/lib/python3.12/site-packages/airflow/example_dags/tutorial.py
[2025-11-12T19:14:55.063+0000] {logging_mixin.py:188} INFO - [2025-11-12T19:14:55.063+0000] {dag.py:3096} INFO - Sync 1 DAGs
[2025-11-12T19:14:55.081+0000] {logging_mixin.py:188} INFO - [2025-11-12T19:14:55.081+0000] {dag.py:3954} INFO - Setting next_dagrun for tutorial to 2025-11-11 00:00:00+00:00, run_after=2025-11-12 00:00:00+00:00
[2025-11-12T19:14:55.102+0000] {processor.py:183} INFO - Processing /home/airflow/.local/lib/python3.12/site-packages/airflow/example_dags/tutorial.py took 0.075 seconds
[2025-11-12T19:15:26.019+0000] {processor.py:161} INFO - Started process (PID=1201) to work on /home/airflow/.local/lib/python3.12/site-packages/airflow/example_dags/tutorial.py
[2025-11-12T19:15:26.021+0000] {processor.py:830} INFO - Processing file /home/airflow/.local/lib/python3.12/site-packages/airflow/example_dags/tutorial.py for tasks to queue
[2025-11-12T19:15:26.023+0000] {logging_mixin.py:188} INFO - [2025-11-12T19:15:26.022+0000] {dagbag.py:545} INFO - Filling up the DagBag from /home/airflow/.local/lib/python3.12/site-packages/airflow/example_dags/tutorial.py
[2025-11-12T19:15:26.031+0000] {processor.py:840} INFO - DAG(s) 'tutorial' retrieved from /home/airflow/.local/lib/python3.12/site-packages/airflow/example_dags/tutorial.py
[2025-11-12T19:15:26.059+0000] {logging_mixin.py:188} INFO - [2025-11-12T19:15:26.059+0000] {dag.py:3096} INFO - Sync 1 DAGs
[2025-11-12T19:15:26.082+0000] {logging_mixin.py:188} INFO - [2025-11-12T19:15:26.082+0000] {dag.py:3954} INFO - Setting next_dagrun for tutorial to 2025-11-11 00:00:00+00:00, run_after=2025-11-12 00:00:00+00:00
[2025-11-12T19:15:26.107+0000] {processor.py:183} INFO - Processing /home/airflow/.local/lib/python3.12/site-packages/airflow/example_dags/tutorial.py took 0.093 seconds
[2025-11-12T19:17:01.092+0000] {processor.py:161} INFO - Started process (PID=117) to work on /home/airflow/.local/lib/python3.12/site-packages/airflow/example_dags/tutorial.py
[2025-11-12T19:17:01.093+0000] {processor.py:830} INFO - Processing file /home/airflow/.local/lib/python3.12/site-packages/airflow/example_dags/tutorial.py for tasks to queue
[2025-11-12T19:17:01.096+0000] {logging_mixin.py:188} INFO - [2025-11-12T19:17:01.096+0000] {dagbag.py:545} INFO - Filling up the DagBag from /home/airflow/.local/lib/python3.12/site-packages/airflow/example_dags/tutorial.py
[2025-11-12T19:17:01.103+0000] {processor.py:840} INFO - DAG(s) 'tutorial' retrieved from /home/airflow/.local/lib/python3.12/site-packages/airflow/example_dags/tutorial.py
[2025-11-12T19:17:01.198+0000] {logging_mixin.py:188} INFO - [2025-11-12T19:17:01.198+0000] {dag.py:3096} INFO - Sync 1 DAGs
[2025-11-12T19:17:01.218+0000] {logging_mixin.py:188} INFO - [2025-11-12T19:17:01.217+0000] {dag.py:3954} INFO - Setting next_dagrun for tutorial to 2025-11-11 00:00:00+00:00, run_after=2025-11-12 00:00:00+00:00
[2025-11-12T19:17:01.241+0000] {processor.py:183} INFO - Processing /home/airflow/.local/lib/python3.12/site-packages/airflow/example_dags/tutorial.py took 0.153 seconds
[2025-11-12T19:17:31.875+0000] {processor.py:161} INFO - Started process (PID=177) to work on /home/airflow/.local/lib/python3.12/site-packages/airflow/example_dags/tutorial.py
[2025-11-12T19:17:31.876+0000] {processor.py:830} INFO - Processing file /home/airflow/.local/lib/python3.12/site-packages/airflow/example_dags/tutorial.py for tasks to queue
[2025-11-12T19:17:31.878+0000] {logging_mixin.py:188} INFO - [2025-11-12T19:17:31.878+0000] {dagbag.py:545} INFO - Filling up the DagBag from /home/airflow/.local/lib/python3.12/site-packages/airflow/example_dags/tutorial.py
[2025-11-12T19:17:31.883+0000] {processor.py:840} INFO - DAG(s) 'tutorial' retrieved from /home/airflow/.local/lib/python3.12/site-packages/airflow/example_dags/tutorial.py
[2025-11-12T19:17:31.903+0000] {logging_mixin.py:188} INFO - [2025-11-12T19:17:31.903+0000] {dag.py:3096} INFO - Sync 1 DAGs
[2025-11-12T19:17:31.921+0000] {logging_mixin.py:188} INFO - [2025-11-12T19:17:31.921+0000] {dag.py:3954} INFO - Setting next_dagrun for tutorial to 2025-11-11 00:00:00+00:00, run_after=2025-11-12 00:00:00+00:00
[2025-11-12T19:17:31.940+0000] {processor.py:183} INFO - Processing /home/airflow/.local/lib/python3.12/site-packages/airflow/example_dags/tutorial.py took 0.069 seconds
[2025-11-12T19:18:02.863+0000] {processor.py:161} INFO - Started process (PID=237) to work on /home/airflow/.local/lib/python3.12/site-packages/airflow/example_dags/tutorial.py
[2025-11-12T19:18:02.865+0000] {processor.py:830} INFO - Processing file /home/airflow/.local/lib/python3.12/site-packages/airflow/example_dags/tutorial.py for tasks to queue
[2025-11-12T19:18:02.867+0000] {logging_mixin.py:188} INFO - [2025-11-12T19:18:02.867+0000] {dagbag.py:545} INFO - Filling up the DagBag from /home/airflow/.local/lib/python3.12/site-packages/airflow/example_dags/tutorial.py
[2025-11-12T19:18:02.875+0000] {processor.py:840} INFO - DAG(s) 'tutorial' retrieved from /home/airflow/.local/lib/python3.12/site-packages/airflow/example_dags/tutorial.py
[2025-11-12T19:18:02.900+0000] {logging_mixin.py:188} INFO - [2025-11-12T19:18:02.899+0000] {dag.py:3096} INFO - Sync 1 DAGs
[2025-11-12T19:18:02.930+0000] {logging_mixin.py:188} INFO - [2025-11-12T19:18:02.930+0000] {dag.py:3954} INFO - Setting next_dagrun for tutorial to 2025-11-11 00:00:00+00:00, run_after=2025-11-12 00:00:00+00:00
[2025-11-12T19:18:02.954+0000] {processor.py:183} INFO - Processing /home/airflow/.local/lib/python3.12/site-packages/airflow/example_dags/tutorial.py took 0.096 seconds
[2025-11-12T19:18:33.228+0000] {processor.py:161} INFO - Started process (PID=297) to work on /home/airflow/.local/lib/python3.12/site-packages/airflow/example_dags/tutorial.py
[2025-11-12T19:18:33.229+0000] {processor.py:830} INFO - Processing file /home/airflow/.local/lib/python3.12/site-packages/airflow/example_dags/tutorial.py for tasks to queue
[2025-11-12T19:18:33.231+0000] {logging_mixin.py:188} INFO - [2025-11-12T19:18:33.231+0000] {dagbag.py:545} INFO - Filling up the DagBag from /home/airflow/.local/lib/python3.12/site-packages/airflow/example_dags/tutorial.py
[2025-11-12T19:18:33.237+0000] {processor.py:840} INFO - DAG(s) 'tutorial' retrieved from /home/airflow/.local/lib/python3.12/site-packages/airflow/example_dags/tutorial.py
[2025-11-12T19:18:33.257+0000] {logging_mixin.py:188} INFO - [2025-11-12T19:18:33.256+0000] {dag.py:3096} INFO - Sync 1 DAGs
[2025-11-12T19:18:33.278+0000] {logging_mixin.py:188} INFO - [2025-11-12T19:18:33.278+0000] {dag.py:3954} INFO - Setting next_dagrun for tutorial to 2025-11-11 00:00:00+00:00, run_after=2025-11-12 00:00:00+00:00
[2025-11-12T19:18:33.297+0000] {processor.py:183} INFO - Processing /home/airflow/.local/lib/python3.12/site-packages/airflow/example_dags/tutorial.py took 0.073 seconds
[2025-11-12T19:19:03.709+0000] {processor.py:161} INFO - Started process (PID=358) to work on /home/airflow/.local/lib/python3.12/site-packages/airflow/example_dags/tutorial.py
[2025-11-12T19:19:03.710+0000] {processor.py:830} INFO - Processing file /home/airflow/.local/lib/python3.12/site-packages/airflow/example_dags/tutorial.py for tasks to queue
[2025-11-12T19:19:03.712+0000] {logging_mixin.py:188} INFO - [2025-11-12T19:19:03.711+0000] {dagbag.py:545} INFO - Filling up the DagBag from /home/airflow/.local/lib/python3.12/site-packages/airflow/example_dags/tutorial.py
[2025-11-12T19:19:03.717+0000] {processor.py:840} INFO - DAG(s) 'tutorial' retrieved from /home/airflow/.local/lib/python3.12/site-packages/airflow/example_dags/tutorial.py
[2025-11-12T19:19:03.739+0000] {logging_mixin.py:188} INFO - [2025-11-12T19:19:03.739+0000] {dag.py:3096} INFO - Sync 1 DAGs
[2025-11-12T19:19:03.760+0000] {logging_mixin.py:188} INFO - [2025-11-12T19:19:03.760+0000] {dag.py:3954} INFO - Setting next_dagrun for tutorial to 2025-11-11 00:00:00+00:00, run_after=2025-11-12 00:00:00+00:00
[2025-11-12T19:19:03.785+0000] {processor.py:183} INFO - Processing /home/airflow/.local/lib/python3.12/site-packages/airflow/example_dags/tutorial.py took 0.081 seconds
[2025-11-12T19:19:34.609+0000] {processor.py:161} INFO - Started process (PID=418) to work on /home/airflow/.local/lib/python3.12/site-packages/airflow/example_dags/tutorial.py
[2025-11-12T19:19:34.610+0000] {processor.py:830} INFO - Processing file /home/airflow/.local/lib/python3.12/site-packages/airflow/example_dags/tutorial.py for tasks to queue
[2025-11-12T19:19:34.613+0000] {logging_mixin.py:188} INFO - [2025-11-12T19:19:34.612+0000] {dagbag.py:545} INFO - Filling up the DagBag from /home/airflow/.local/lib/python3.12/site-packages/airflow/example_dags/tutorial.py
[2025-11-12T19:19:34.618+0000] {processor.py:840} INFO - DAG(s) 'tutorial' retrieved from /home/airflow/.local/lib/python3.12/site-packages/airflow/example_dags/tutorial.py
[2025-11-12T19:19:34.641+0000] {logging_mixin.py:188} INFO - [2025-11-12T19:19:34.641+0000] {dag.py:3096} INFO - Sync 1 DAGs
[2025-11-12T19:19:34.661+0000] {logging_mixin.py:188} INFO - [2025-11-12T19:19:34.661+0000] {dag.py:3954} INFO - Setting next_dagrun for tutorial to 2025-11-11 00:00:00+00:00, run_after=2025-11-12 00:00:00+00:00
[2025-11-12T19:19:34.682+0000] {processor.py:183} INFO - Processing /home/airflow/.local/lib/python3.12/site-packages/airflow/example_dags/tutorial.py took 0.078 seconds
[2025-11-12T19:20:05.305+0000] {processor.py:161} INFO - Started process (PID=478) to work on /home/airflow/.local/lib/python3.12/site-packages/airflow/example_dags/tutorial.py
[2025-11-12T19:20:05.307+0000] {processor.py:830} INFO - Processing file /home/airflow/.local/lib/python3.12/site-packages/airflow/example_dags/tutorial.py for tasks to queue
[2025-11-12T19:20:05.309+0000] {logging_mixin.py:188} INFO - [2025-11-12T19:20:05.309+0000] {dagbag.py:545} INFO - Filling up the DagBag from /home/airflow/.local/lib/python3.12/site-packages/airflow/example_dags/tutorial.py
[2025-11-12T19:20:05.317+0000] {processor.py:840} INFO - DAG(s) 'tutorial' retrieved from /home/airflow/.local/lib/python3.12/site-packages/airflow/example_dags/tutorial.py
[2025-11-12T19:20:05.348+0000] {logging_mixin.py:188} INFO - [2025-11-12T19:20:05.348+0000] {dag.py:3096} INFO - Sync 1 DAGs
[2025-11-12T19:20:05.373+0000] {logging_mixin.py:188} INFO - [2025-11-12T19:20:05.373+0000] {dag.py:3954} INFO - Setting next_dagrun for tutorial to 2025-11-11 00:00:00+00:00, run_after=2025-11-12 00:00:00+00:00
[2025-11-12T19:20:05.400+0000] {processor.py:183} INFO - Processing /home/airflow/.local/lib/python3.12/site-packages/airflow/example_dags/tutorial.py took 0.101 seconds
[2025-11-12T19:20:35.685+0000] {processor.py:161} INFO - Started process (PID=539) to work on /home/airflow/.local/lib/python3.12/site-packages/airflow/example_dags/tutorial.py
[2025-11-12T19:20:35.686+0000] {processor.py:830} INFO - Processing file /home/airflow/.local/lib/python3.12/site-packages/airflow/example_dags/tutorial.py for tasks to queue
[2025-11-12T19:20:35.689+0000] {logging_mixin.py:188} INFO - [2025-11-12T19:20:35.689+0000] {dagbag.py:545} INFO - Filling up the DagBag from /home/airflow/.local/lib/python3.12/site-packages/airflow/example_dags/tutorial.py
[2025-11-12T19:20:35.697+0000] {processor.py:840} INFO - DAG(s) 'tutorial' retrieved from /home/airflow/.local/lib/python3.12/site-packages/airflow/example_dags/tutorial.py
[2025-11-12T19:20:35.720+0000] {logging_mixin.py:188} INFO - [2025-11-12T19:20:35.720+0000] {dag.py:3096} INFO - Sync 1 DAGs
[2025-11-12T19:20:35.738+0000] {logging_mixin.py:188} INFO - [2025-11-12T19:20:35.737+0000] {dag.py:3954} INFO - Setting next_dagrun for tutorial to 2025-11-11 00:00:00+00:00, run_after=2025-11-12 00:00:00+00:00
[2025-11-12T19:20:35.756+0000] {processor.py:183} INFO - Processing /home/airflow/.local/lib/python3.12/site-packages/airflow/example_dags/tutorial.py took 0.078 seconds
[2025-11-12T19:21:05.915+0000] {processor.py:161} INFO - Started process (PID=599) to work on /home/airflow/.local/lib/python3.12/site-packages/airflow/example_dags/tutorial.py
[2025-11-12T19:21:05.915+0000] {processor.py:830} INFO - Processing file /home/airflow/.local/lib/python3.12/site-packages/airflow/example_dags/tutorial.py for tasks to queue
[2025-11-12T19:21:05.918+0000] {logging_mixin.py:188} INFO - [2025-11-12T19:21:05.917+0000] {dagbag.py:545} INFO - Filling up the DagBag from /home/airflow/.local/lib/python3.12/site-packages/airflow/example_dags/tutorial.py
[2025-11-12T19:21:05.923+0000] {processor.py:840} INFO - DAG(s) 'tutorial' retrieved from /home/airflow/.local/lib/python3.12/site-packages/airflow/example_dags/tutorial.py
[2025-11-12T19:21:05.943+0000] {logging_mixin.py:188} INFO - [2025-11-12T19:21:05.942+0000] {dag.py:3096} INFO - Sync 1 DAGs
[2025-11-12T19:21:05.962+0000] {logging_mixin.py:188} INFO - [2025-11-12T19:21:05.962+0000] {dag.py:3954} INFO - Setting next_dagrun for tutorial to 2025-11-11 00:00:00+00:00, run_after=2025-11-12 00:00:00+00:00
[2025-11-12T19:21:05.981+0000] {processor.py:183} INFO - Processing /home/airflow/.local/lib/python3.12/site-packages/airflow/example_dags/tutorial.py took 0.070 seconds
[2025-11-12T19:21:36.332+0000] {processor.py:161} INFO - Started process (PID=659) to work on /home/airflow/.local/lib/python3.12/site-packages/airflow/example_dags/tutorial.py
[2025-11-12T19:21:36.334+0000] {processor.py:830} INFO - Processing file /home/airflow/.local/lib/python3.12/site-packages/airflow/example_dags/tutorial.py for tasks to queue
[2025-11-12T19:21:36.337+0000] {logging_mixin.py:188} INFO - [2025-11-12T19:21:36.337+0000] {dagbag.py:545} INFO - Filling up the DagBag from /home/airflow/.local/lib/python3.12/site-packages/airflow/example_dags/tutorial.py
[2025-11-12T19:21:36.347+0000] {processor.py:840} INFO - DAG(s) 'tutorial' retrieved from /home/airflow/.local/lib/python3.12/site-packages/airflow/example_dags/tutorial.py
[2025-11-12T19:21:36.379+0000] {logging_mixin.py:188} INFO - [2025-11-12T19:21:36.379+0000] {dag.py:3096} INFO - Sync 1 DAGs
[2025-11-12T19:21:36.406+0000] {logging_mixin.py:188} INFO - [2025-11-12T19:21:36.405+0000] {dag.py:3954} INFO - Setting next_dagrun for tutorial to 2025-11-11 00:00:00+00:00, run_after=2025-11-12 00:00:00+00:00
[2025-11-12T19:21:36.434+0000] {processor.py:183} INFO - Processing /home/airflow/.local/lib/python3.12/site-packages/airflow/example_dags/tutorial.py took 0.109 seconds
[2025-11-12T19:22:06.540+0000] {processor.py:161} INFO - Started process (PID=719) to work on /home/airflow/.local/lib/python3.12/site-packages/airflow/example_dags/tutorial.py
[2025-11-12T19:22:06.541+0000] {processor.py:830} INFO - Processing file /home/airflow/.local/lib/python3.12/site-packages/airflow/example_dags/tutorial.py for tasks to queue
[2025-11-12T19:22:06.543+0000] {logging_mixin.py:188} INFO - [2025-11-12T19:22:06.543+0000] {dagbag.py:545} INFO - Filling up the DagBag from /home/airflow/.local/lib/python3.12/site-packages/airflow/example_dags/tutorial.py
[2025-11-12T19:22:06.548+0000] {processor.py:840} INFO - DAG(s) 'tutorial' retrieved from /home/airflow/.local/lib/python3.12/site-packages/airflow/example_dags/tutorial.py
[2025-11-12T19:22:06.569+0000] {logging_mixin.py:188} INFO - [2025-11-12T19:22:06.569+0000] {dag.py:3096} INFO - Sync 1 DAGs
[2025-11-12T19:22:06.587+0000] {logging_mixin.py:188} INFO - [2025-11-12T19:22:06.587+0000] {dag.py:3954} INFO - Setting next_dagrun for tutorial to 2025-11-11 00:00:00+00:00, run_after=2025-11-12 00:00:00+00:00
[2025-11-12T19:22:06.606+0000] {processor.py:183} INFO - Processing /home/airflow/.local/lib/python3.12/site-packages/airflow/example_dags/tutorial.py took 0.071 seconds
[2025-11-12T19:22:37.001+0000] {processor.py:161} INFO - Started process (PID=780) to work on /home/airflow/.local/lib/python3.12/site-packages/airflow/example_dags/tutorial.py
[2025-11-12T19:22:37.002+0000] {processor.py:830} INFO - Processing file /home/airflow/.local/lib/python3.12/site-packages/airflow/example_dags/tutorial.py for tasks to queue
[2025-11-12T19:22:37.005+0000] {logging_mixin.py:188} INFO - [2025-11-12T19:22:37.004+0000] {dagbag.py:545} INFO - Filling up the DagBag from /home/airflow/.local/lib/python3.12/site-packages/airflow/example_dags/tutorial.py
[2025-11-12T19:22:37.009+0000] {processor.py:840} INFO - DAG(s) 'tutorial' retrieved from /home/airflow/.local/lib/python3.12/site-packages/airflow/example_dags/tutorial.py
[2025-11-12T19:22:37.030+0000] {logging_mixin.py:188} INFO - [2025-11-12T19:22:37.029+0000] {dag.py:3096} INFO - Sync 1 DAGs
[2025-11-12T19:22:37.050+0000] {logging_mixin.py:188} INFO - [2025-11-12T19:22:37.050+0000] {dag.py:3954} INFO - Setting next_dagrun for tutorial to 2025-11-11 00:00:00+00:00, run_after=2025-11-12 00:00:00+00:00
[2025-11-12T19:22:37.069+0000] {processor.py:183} INFO - Processing /home/airflow/.local/lib/python3.12/site-packages/airflow/example_dags/tutorial.py took 0.075 seconds
[2025-11-12T19:23:07.284+0000] {processor.py:161} INFO - Started process (PID=840) to work on /home/airflow/.local/lib/python3.12/site-packages/airflow/example_dags/tutorial.py
[2025-11-12T19:23:07.285+0000] {processor.py:830} INFO - Processing file /home/airflow/.local/lib/python3.12/site-packages/airflow/example_dags/tutorial.py for tasks to queue
[2025-11-12T19:23:07.287+0000] {logging_mixin.py:188} INFO - [2025-11-12T19:23:07.287+0000] {dagbag.py:545} INFO - Filling up the DagBag from /home/airflow/.local/lib/python3.12/site-packages/airflow/example_dags/tutorial.py
[2025-11-12T19:23:07.292+0000] {processor.py:840} INFO - DAG(s) 'tutorial' retrieved from /home/airflow/.local/lib/python3.12/site-packages/airflow/example_dags/tutorial.py
[2025-11-12T19:23:07.314+0000] {logging_mixin.py:188} INFO - [2025-11-12T19:23:07.314+0000] {dag.py:3096} INFO - Sync 1 DAGs
[2025-11-12T19:23:07.334+0000] {logging_mixin.py:188} INFO - [2025-11-12T19:23:07.334+0000] {dag.py:3954} INFO - Setting next_dagrun for tutorial to 2025-11-11 00:00:00+00:00, run_after=2025-11-12 00:00:00+00:00
[2025-11-12T19:23:07.366+0000] {processor.py:183} INFO - Processing /home/airflow/.local/lib/python3.12/site-packages/airflow/example_dags/tutorial.py took 0.087 seconds
[2025-11-12T19:23:37.486+0000] {processor.py:161} INFO - Started process (PID=899) to work on /home/airflow/.local/lib/python3.12/site-packages/airflow/example_dags/tutorial.py
[2025-11-12T19:23:37.488+0000] {processor.py:830} INFO - Processing file /home/airflow/.local/lib/python3.12/site-packages/airflow/example_dags/tutorial.py for tasks to queue
[2025-11-12T19:23:37.490+0000] {logging_mixin.py:188} INFO - [2025-11-12T19:23:37.489+0000] {dagbag.py:545} INFO - Filling up the DagBag from /home/airflow/.local/lib/python3.12/site-packages/airflow/example_dags/tutorial.py
[2025-11-12T19:23:37.496+0000] {processor.py:840} INFO - DAG(s) 'tutorial' retrieved from /home/airflow/.local/lib/python3.12/site-packages/airflow/example_dags/tutorial.py
[2025-11-12T19:23:37.515+0000] {logging_mixin.py:188} INFO - [2025-11-12T19:23:37.515+0000] {dag.py:3096} INFO - Sync 1 DAGs
[2025-11-12T19:23:37.533+0000] {logging_mixin.py:188} INFO - [2025-11-12T19:23:37.533+0000] {dag.py:3954} INFO - Setting next_dagrun for tutorial to 2025-11-11 00:00:00+00:00, run_after=2025-11-12 00:00:00+00:00
[2025-11-12T19:23:37.552+0000] {processor.py:183} INFO - Processing /home/airflow/.local/lib/python3.12/site-packages/airflow/example_dags/tutorial.py took 0.071 seconds
[2025-11-12T19:24:07.857+0000] {processor.py:161} INFO - Started process (PID=959) to work on /home/airflow/.local/lib/python3.12/site-packages/airflow/example_dags/tutorial.py
[2025-11-12T19:24:07.858+0000] {processor.py:830} INFO - Processing file /home/airflow/.local/lib/python3.12/site-packages/airflow/example_dags/tutorial.py for tasks to queue
[2025-11-12T19:24:07.860+0000] {logging_mixin.py:188} INFO - [2025-11-12T19:24:07.860+0000] {dagbag.py:545} INFO - Filling up the DagBag from /home/airflow/.local/lib/python3.12/site-packages/airflow/example_dags/tutorial.py
[2025-11-12T19:24:07.865+0000] {processor.py:840} INFO - DAG(s) 'tutorial' retrieved from /home/airflow/.local/lib/python3.12/site-packages/airflow/example_dags/tutorial.py
[2025-11-12T19:24:07.887+0000] {logging_mixin.py:188} INFO - [2025-11-12T19:24:07.887+0000] {dag.py:3096} INFO - Sync 1 DAGs
[2025-11-12T19:24:07.904+0000] {logging_mixin.py:188} INFO - [2025-11-12T19:24:07.904+0000] {dag.py:3954} INFO - Setting next_dagrun for tutorial to 2025-11-11 00:00:00+00:00, run_after=2025-11-12 00:00:00+00:00
[2025-11-12T19:24:07.923+0000] {processor.py:183} INFO - Processing /home/airflow/.local/lib/python3.12/site-packages/airflow/example_dags/tutorial.py took 0.070 seconds
[2025-11-12T19:24:38.924+0000] {processor.py:161} INFO - Started process (PID=1020) to work on /home/airflow/.local/lib/python3.12/site-packages/airflow/example_dags/tutorial.py
[2025-11-12T19:24:38.925+0000] {processor.py:830} INFO - Processing file /home/airflow/.local/lib/python3.12/site-packages/airflow/example_dags/tutorial.py for tasks to queue
[2025-11-12T19:24:38.927+0000] {logging_mixin.py:188} INFO - [2025-11-12T19:24:38.926+0000] {dagbag.py:545} INFO - Filling up the DagBag from /home/airflow/.local/lib/python3.12/site-packages/airflow/example_dags/tutorial.py
[2025-11-12T19:24:38.932+0000] {processor.py:840} INFO - DAG(s) 'tutorial' retrieved from /home/airflow/.local/lib/python3.12/site-packages/airflow/example_dags/tutorial.py
[2025-11-12T19:24:38.953+0000] {logging_mixin.py:188} INFO - [2025-11-12T19:24:38.952+0000] {dag.py:3096} INFO - Sync 1 DAGs
[2025-11-12T19:24:38.971+0000] {logging_mixin.py:188} INFO - [2025-11-12T19:24:38.971+0000] {dag.py:3954} INFO - Setting next_dagrun for tutorial to 2025-11-11 00:00:00+00:00, run_after=2025-11-12 00:00:00+00:00
[2025-11-12T19:24:38.992+0000] {processor.py:183} INFO - Processing /home/airflow/.local/lib/python3.12/site-packages/airflow/example_dags/tutorial.py took 0.073 seconds
[2025-11-12T19:25:09.385+0000] {processor.py:161} INFO - Started process (PID=1080) to work on /home/airflow/.local/lib/python3.12/site-packages/airflow/example_dags/tutorial.py
[2025-11-12T19:25:09.386+0000] {processor.py:830} INFO - Processing file /home/airflow/.local/lib/python3.12/site-packages/airflow/example_dags/tutorial.py for tasks to queue
[2025-11-12T19:25:09.388+0000] {logging_mixin.py:188} INFO - [2025-11-12T19:25:09.388+0000] {dagbag.py:545} INFO - Filling up the DagBag from /home/airflow/.local/lib/python3.12/site-packages/airflow/example_dags/tutorial.py
[2025-11-12T19:25:09.394+0000] {processor.py:840} INFO - DAG(s) 'tutorial' retrieved from /home/airflow/.local/lib/python3.12/site-packages/airflow/example_dags/tutorial.py
[2025-11-12T19:25:09.412+0000] {logging_mixin.py:188} INFO - [2025-11-12T19:25:09.412+0000] {dag.py:3096} INFO - Sync 1 DAGs
[2025-11-12T19:25:09.436+0000] {logging_mixin.py:188} INFO - [2025-11-12T19:25:09.435+0000] {dag.py:3954} INFO - Setting next_dagrun for tutorial to 2025-11-11 00:00:00+00:00, run_after=2025-11-12 00:00:00+00:00
[2025-11-12T19:25:09.457+0000] {processor.py:183} INFO - Processing /home/airflow/.local/lib/python3.12/site-packages/airflow/example_dags/tutorial.py took 0.076 seconds
[2025-11-12T19:25:39.568+0000] {processor.py:161} INFO - Started process (PID=1140) to work on /home/airflow/.local/lib/python3.12/site-packages/airflow/example_dags/tutorial.py
[2025-11-12T19:25:39.569+0000] {processor.py:830} INFO - Processing file /home/airflow/.local/lib/python3.12/site-packages/airflow/example_dags/tutorial.py for tasks to queue
[2025-11-12T19:25:39.571+0000] {logging_mixin.py:188} INFO - [2025-11-12T19:25:39.571+0000] {dagbag.py:545} INFO - Filling up the DagBag from /home/airflow/.local/lib/python3.12/site-packages/airflow/example_dags/tutorial.py
[2025-11-12T19:25:39.576+0000] {processor.py:840} INFO - DAG(s) 'tutorial' retrieved from /home/airflow/.local/lib/python3.12/site-packages/airflow/example_dags/tutorial.py
[2025-11-12T19:25:39.595+0000] {logging_mixin.py:188} INFO - [2025-11-12T19:25:39.595+0000] {dag.py:3096} INFO - Sync 1 DAGs
[2025-11-12T19:25:39.612+0000] {logging_mixin.py:188} INFO - [2025-11-12T19:25:39.611+0000] {dag.py:3954} INFO - Setting next_dagrun for tutorial to 2025-11-11 00:00:00+00:00, run_after=2025-11-12 00:00:00+00:00
[2025-11-12T19:25:39.632+0000] {processor.py:183} INFO - Processing /home/airflow/.local/lib/python3.12/site-packages/airflow/example_dags/tutorial.py took 0.069 seconds
[2025-11-12T19:26:10.090+0000] {processor.py:161} INFO - Started process (PID=1200) to work on /home/airflow/.local/lib/python3.12/site-packages/airflow/example_dags/tutorial.py
[2025-11-12T19:26:10.091+0000] {processor.py:830} INFO - Processing file /home/airflow/.local/lib/python3.12/site-packages/airflow/example_dags/tutorial.py for tasks to queue
[2025-11-12T19:26:10.094+0000] {logging_mixin.py:188} INFO - [2025-11-12T19:26:10.093+0000] {dagbag.py:545} INFO - Filling up the DagBag from /home/airflow/.local/lib/python3.12/site-packages/airflow/example_dags/tutorial.py
[2025-11-12T19:26:10.100+0000] {processor.py:840} INFO - DAG(s) 'tutorial' retrieved from /home/airflow/.local/lib/python3.12/site-packages/airflow/example_dags/tutorial.py
[2025-11-12T19:26:10.123+0000] {logging_mixin.py:188} INFO - [2025-11-12T19:26:10.123+0000] {dag.py:3096} INFO - Sync 1 DAGs
[2025-11-12T19:26:10.141+0000] {logging_mixin.py:188} INFO - [2025-11-12T19:26:10.141+0000] {dag.py:3954} INFO - Setting next_dagrun for tutorial to 2025-11-11 00:00:00+00:00, run_after=2025-11-12 00:00:00+00:00
[2025-11-12T19:26:10.165+0000] {processor.py:183} INFO - Processing /home/airflow/.local/lib/python3.12/site-packages/airflow/example_dags/tutorial.py took 0.082 seconds
[2025-11-12T19:26:40.514+0000] {processor.py:161} INFO - Started process (PID=1261) to work on /home/airflow/.local/lib/python3.12/site-packages/airflow/example_dags/tutorial.py
[2025-11-12T19:26:40.515+0000] {processor.py:830} INFO - Processing file /home/airflow/.local/lib/python3.12/site-packages/airflow/example_dags/tutorial.py for tasks to queue
[2025-11-12T19:26:40.517+0000] {logging_mixin.py:188} INFO - [2025-11-12T19:26:40.517+0000] {dagbag.py:545} INFO - Filling up the DagBag from /home/airflow/.local/lib/python3.12/site-packages/airflow/example_dags/tutorial.py
[2025-11-12T19:26:40.524+0000] {processor.py:840} INFO - DAG(s) 'tutorial' retrieved from /home/airflow/.local/lib/python3.12/site-packages/airflow/example_dags/tutorial.py
[2025-11-12T19:26:40.547+0000] {logging_mixin.py:188} INFO - [2025-11-12T19:26:40.547+0000] {dag.py:3096} INFO - Sync 1 DAGs
[2025-11-12T19:26:40.567+0000] {logging_mixin.py:188} INFO - [2025-11-12T19:26:40.566+0000] {dag.py:3954} INFO - Setting next_dagrun for tutorial to 2025-11-11 00:00:00+00:00, run_after=2025-11-12 00:00:00+00:00
[2025-11-12T19:26:40.590+0000] {processor.py:183} INFO - Processing /home/airflow/.local/lib/python3.12/site-packages/airflow/example_dags/tutorial.py took 0.081 seconds
[2025-11-12T19:27:11.467+0000] {processor.py:161} INFO - Started process (PID=1321) to work on /home/airflow/.local/lib/python3.12/site-packages/airflow/example_dags/tutorial.py
[2025-11-12T19:27:11.469+0000] {processor.py:830} INFO - Processing file /home/airflow/.local/lib/python3.12/site-packages/airflow/example_dags/tutorial.py for tasks to queue
[2025-11-12T19:27:11.471+0000] {logging_mixin.py:188} INFO - [2025-11-12T19:27:11.471+0000] {dagbag.py:545} INFO - Filling up the DagBag from /home/airflow/.local/lib/python3.12/site-packages/airflow/example_dags/tutorial.py
[2025-11-12T19:27:11.480+0000] {processor.py:840} INFO - DAG(s) 'tutorial' retrieved from /home/airflow/.local/lib/python3.12/site-packages/airflow/example_dags/tutorial.py
[2025-11-12T19:27:11.516+0000] {logging_mixin.py:188} INFO - [2025-11-12T19:27:11.515+0000] {dag.py:3096} INFO - Sync 1 DAGs
[2025-11-12T19:27:11.545+0000] {logging_mixin.py:188} INFO - [2025-11-12T19:27:11.544+0000] {dag.py:3954} INFO - Setting next_dagrun for tutorial to 2025-11-11 00:00:00+00:00, run_after=2025-11-12 00:00:00+00:00
[2025-11-12T19:27:11.602+0000] {processor.py:183} INFO - Processing /home/airflow/.local/lib/python3.12/site-packages/airflow/example_dags/tutorial.py took 0.141 seconds
[2025-11-12T19:27:42.336+0000] {processor.py:161} INFO - Started process (PID=1380) to work on /home/airflow/.local/lib/python3.12/site-packages/airflow/example_dags/tutorial.py
[2025-11-12T19:27:42.337+0000] {processor.py:830} INFO - Processing file /home/airflow/.local/lib/python3.12/site-packages/airflow/example_dags/tutorial.py for tasks to queue
[2025-11-12T19:27:42.339+0000] {logging_mixin.py:188} INFO - [2025-11-12T19:27:42.339+0000] {dagbag.py:545} INFO - Filling up the DagBag from /home/airflow/.local/lib/python3.12/site-packages/airflow/example_dags/tutorial.py
[2025-11-12T19:27:42.346+0000] {processor.py:840} INFO - DAG(s) 'tutorial' retrieved from /home/airflow/.local/lib/python3.12/site-packages/airflow/example_dags/tutorial.py
[2025-11-12T19:27:42.374+0000] {logging_mixin.py:188} INFO - [2025-11-12T19:27:42.373+0000] {dag.py:3096} INFO - Sync 1 DAGs
[2025-11-12T19:27:42.407+0000] {logging_mixin.py:188} INFO - [2025-11-12T19:27:42.406+0000] {dag.py:3954} INFO - Setting next_dagrun for tutorial to 2025-11-11 00:00:00+00:00, run_after=2025-11-12 00:00:00+00:00
[2025-11-12T19:27:42.438+0000] {processor.py:183} INFO - Processing /home/airflow/.local/lib/python3.12/site-packages/airflow/example_dags/tutorial.py took 0.110 seconds
[2025-11-12T19:28:13.616+0000] {processor.py:161} INFO - Started process (PID=1442) to work on /home/airflow/.local/lib/python3.12/site-packages/airflow/example_dags/tutorial.py
[2025-11-12T19:28:13.617+0000] {processor.py:830} INFO - Processing file /home/airflow/.local/lib/python3.12/site-packages/airflow/example_dags/tutorial.py for tasks to queue
[2025-11-12T19:28:13.619+0000] {logging_mixin.py:188} INFO - [2025-11-12T19:28:13.618+0000] {dagbag.py:545} INFO - Filling up the DagBag from /home/airflow/.local/lib/python3.12/site-packages/airflow/example_dags/tutorial.py
[2025-11-12T19:28:13.624+0000] {processor.py:840} INFO - DAG(s) 'tutorial' retrieved from /home/airflow/.local/lib/python3.12/site-packages/airflow/example_dags/tutorial.py
[2025-11-12T19:28:13.646+0000] {logging_mixin.py:188} INFO - [2025-11-12T19:28:13.646+0000] {dag.py:3096} INFO - Sync 1 DAGs
[2025-11-12T19:28:13.670+0000] {logging_mixin.py:188} INFO - [2025-11-12T19:28:13.670+0000] {dag.py:3954} INFO - Setting next_dagrun for tutorial to 2025-11-11 00:00:00+00:00, run_after=2025-11-12 00:00:00+00:00
[2025-11-12T19:28:13.694+0000] {processor.py:183} INFO - Processing /home/airflow/.local/lib/python3.12/site-packages/airflow/example_dags/tutorial.py took 0.083 seconds
[2025-11-12T19:28:44.203+0000] {processor.py:161} INFO - Started process (PID=1502) to work on /home/airflow/.local/lib/python3.12/site-packages/airflow/example_dags/tutorial.py
[2025-11-12T19:28:44.204+0000] {processor.py:830} INFO - Processing file /home/airflow/.local/lib/python3.12/site-packages/airflow/example_dags/tutorial.py for tasks to queue
[2025-11-12T19:28:44.206+0000] {logging_mixin.py:188} INFO - [2025-11-12T19:28:44.206+0000] {dagbag.py:545} INFO - Filling up the DagBag from /home/airflow/.local/lib/python3.12/site-packages/airflow/example_dags/tutorial.py
[2025-11-12T19:28:44.214+0000] {processor.py:840} INFO - DAG(s) 'tutorial' retrieved from /home/airflow/.local/lib/python3.12/site-packages/airflow/example_dags/tutorial.py
[2025-11-12T19:28:44.239+0000] {logging_mixin.py:188} INFO - [2025-11-12T19:28:44.239+0000] {dag.py:3096} INFO - Sync 1 DAGs
[2025-11-12T19:28:44.265+0000] {logging_mixin.py:188} INFO - [2025-11-12T19:28:44.265+0000] {dag.py:3954} INFO - Setting next_dagrun for tutorial to 2025-11-11 00:00:00+00:00, run_after=2025-11-12 00:00:00+00:00
[2025-11-12T19:28:44.570+0000] {processor.py:183} INFO - Processing /home/airflow/.local/lib/python3.12/site-packages/airflow/example_dags/tutorial.py took 0.371 seconds
[2025-11-12T19:29:15.455+0000] {processor.py:161} INFO - Started process (PID=1562) to work on /home/airflow/.local/lib/python3.12/site-packages/airflow/example_dags/tutorial.py
[2025-11-12T19:29:15.457+0000] {processor.py:830} INFO - Processing file /home/airflow/.local/lib/python3.12/site-packages/airflow/example_dags/tutorial.py for tasks to queue
[2025-11-12T19:29:15.459+0000] {logging_mixin.py:188} INFO - [2025-11-12T19:29:15.459+0000] {dagbag.py:545} INFO - Filling up the DagBag from /home/airflow/.local/lib/python3.12/site-packages/airflow/example_dags/tutorial.py
[2025-11-12T19:29:15.466+0000] {processor.py:840} INFO - DAG(s) 'tutorial' retrieved from /home/airflow/.local/lib/python3.12/site-packages/airflow/example_dags/tutorial.py
[2025-11-12T19:29:15.489+0000] {logging_mixin.py:188} INFO - [2025-11-12T19:29:15.489+0000] {dag.py:3096} INFO - Sync 1 DAGs
[2025-11-12T19:29:15.512+0000] {logging_mixin.py:188} INFO - [2025-11-12T19:29:15.512+0000] {dag.py:3954} INFO - Setting next_dagrun for tutorial to 2025-11-11 00:00:00+00:00, run_after=2025-11-12 00:00:00+00:00
[2025-11-12T19:29:15.539+0000] {processor.py:183} INFO - Processing /home/airflow/.local/lib/python3.12/site-packages/airflow/example_dags/tutorial.py took 0.090 seconds
[2025-11-12T19:29:48.393+0000] {processor.py:161} INFO - Started process (PID=1622) to work on /home/airflow/.local/lib/python3.12/site-packages/airflow/example_dags/tutorial.py
[2025-11-12T19:29:48.394+0000] {processor.py:830} INFO - Processing file /home/airflow/.local/lib/python3.12/site-packages/airflow/example_dags/tutorial.py for tasks to queue
[2025-11-12T19:29:48.396+0000] {logging_mixin.py:188} INFO - [2025-11-12T19:29:48.396+0000] {dagbag.py:545} INFO - Filling up the DagBag from /home/airflow/.local/lib/python3.12/site-packages/airflow/example_dags/tutorial.py
[2025-11-12T19:29:48.627+0000] {processor.py:840} INFO - DAG(s) 'tutorial' retrieved from /home/airflow/.local/lib/python3.12/site-packages/airflow/example_dags/tutorial.py
[2025-11-12T19:29:48.653+0000] {logging_mixin.py:188} INFO - [2025-11-12T19:29:48.653+0000] {dag.py:3096} INFO - Sync 1 DAGs
[2025-11-12T19:29:48.676+0000] {logging_mixin.py:188} INFO - [2025-11-12T19:29:48.675+0000] {dag.py:3954} INFO - Setting next_dagrun for tutorial to 2025-11-11 00:00:00+00:00, run_after=2025-11-12 00:00:00+00:00
[2025-11-12T19:29:48.713+0000] {processor.py:183} INFO - Processing /home/airflow/.local/lib/python3.12/site-packages/airflow/example_dags/tutorial.py took 0.325 seconds
[2025-11-12T19:30:19.687+0000] {processor.py:161} INFO - Started process (PID=1684) to work on /home/airflow/.local/lib/python3.12/site-packages/airflow/example_dags/tutorial.py
[2025-11-12T19:30:19.688+0000] {processor.py:830} INFO - Processing file /home/airflow/.local/lib/python3.12/site-packages/airflow/example_dags/tutorial.py for tasks to queue
[2025-11-12T19:30:19.690+0000] {logging_mixin.py:188} INFO - [2025-11-12T19:30:19.690+0000] {dagbag.py:545} INFO - Filling up the DagBag from /home/airflow/.local/lib/python3.12/site-packages/airflow/example_dags/tutorial.py
[2025-11-12T19:30:19.697+0000] {processor.py:840} INFO - DAG(s) 'tutorial' retrieved from /home/airflow/.local/lib/python3.12/site-packages/airflow/example_dags/tutorial.py
[2025-11-12T19:30:19.719+0000] {logging_mixin.py:188} INFO - [2025-11-12T19:30:19.718+0000] {dag.py:3096} INFO - Sync 1 DAGs
[2025-11-12T19:30:19.741+0000] {logging_mixin.py:188} INFO - [2025-11-12T19:30:19.740+0000] {dag.py:3954} INFO - Setting next_dagrun for tutorial to 2025-11-11 00:00:00+00:00, run_after=2025-11-12 00:00:00+00:00
[2025-11-12T19:30:19.762+0000] {processor.py:183} INFO - Processing /home/airflow/.local/lib/python3.12/site-packages/airflow/example_dags/tutorial.py took 0.079 seconds
[2025-11-12T19:30:50.036+0000] {processor.py:161} INFO - Started process (PID=1744) to work on /home/airflow/.local/lib/python3.12/site-packages/airflow/example_dags/tutorial.py
[2025-11-12T19:30:50.037+0000] {processor.py:830} INFO - Processing file /home/airflow/.local/lib/python3.12/site-packages/airflow/example_dags/tutorial.py for tasks to queue
[2025-11-12T19:30:50.039+0000] {logging_mixin.py:188} INFO - [2025-11-12T19:30:50.039+0000] {dagbag.py:545} INFO - Filling up the DagBag from /home/airflow/.local/lib/python3.12/site-packages/airflow/example_dags/tutorial.py
[2025-11-12T19:30:50.045+0000] {processor.py:840} INFO - DAG(s) 'tutorial' retrieved from /home/airflow/.local/lib/python3.12/site-packages/airflow/example_dags/tutorial.py
[2025-11-12T19:30:50.066+0000] {logging_mixin.py:188} INFO - [2025-11-12T19:30:50.065+0000] {dag.py:3096} INFO - Sync 1 DAGs
[2025-11-12T19:30:50.083+0000] {logging_mixin.py:188} INFO - [2025-11-12T19:30:50.083+0000] {dag.py:3954} INFO - Setting next_dagrun for tutorial to 2025-11-11 00:00:00+00:00, run_after=2025-11-12 00:00:00+00:00
[2025-11-12T19:30:50.108+0000] {processor.py:183} INFO - Processing /home/airflow/.local/lib/python3.12/site-packages/airflow/example_dags/tutorial.py took 0.076 seconds
[2025-11-12T19:31:20.395+0000] {processor.py:161} INFO - Started process (PID=1804) to work on /home/airflow/.local/lib/python3.12/site-packages/airflow/example_dags/tutorial.py
[2025-11-12T19:31:20.397+0000] {processor.py:830} INFO - Processing file /home/airflow/.local/lib/python3.12/site-packages/airflow/example_dags/tutorial.py for tasks to queue
[2025-11-12T19:31:20.400+0000] {logging_mixin.py:188} INFO - [2025-11-12T19:31:20.399+0000] {dagbag.py:545} INFO - Filling up the DagBag from /home/airflow/.local/lib/python3.12/site-packages/airflow/example_dags/tutorial.py
[2025-11-12T19:31:20.407+0000] {processor.py:840} INFO - DAG(s) 'tutorial' retrieved from /home/airflow/.local/lib/python3.12/site-packages/airflow/example_dags/tutorial.py
[2025-11-12T19:31:20.439+0000] {logging_mixin.py:188} INFO - [2025-11-12T19:31:20.439+0000] {dag.py:3096} INFO - Sync 1 DAGs
[2025-11-12T19:31:20.460+0000] {logging_mixin.py:188} INFO - [2025-11-12T19:31:20.460+0000] {dag.py:3954} INFO - Setting next_dagrun for tutorial to 2025-11-11 00:00:00+00:00, run_after=2025-11-12 00:00:00+00:00
[2025-11-12T19:31:20.490+0000] {processor.py:183} INFO - Processing /home/airflow/.local/lib/python3.12/site-packages/airflow/example_dags/tutorial.py took 0.100 seconds
[2025-11-12T19:31:50.725+0000] {processor.py:161} INFO - Started process (PID=1866) to work on /home/airflow/.local/lib/python3.12/site-packages/airflow/example_dags/tutorial.py
[2025-11-12T19:31:50.726+0000] {processor.py:830} INFO - Processing file /home/airflow/.local/lib/python3.12/site-packages/airflow/example_dags/tutorial.py for tasks to queue
[2025-11-12T19:31:50.728+0000] {logging_mixin.py:188} INFO - [2025-11-12T19:31:50.728+0000] {dagbag.py:545} INFO - Filling up the DagBag from /home/airflow/.local/lib/python3.12/site-packages/airflow/example_dags/tutorial.py
[2025-11-12T19:31:50.735+0000] {processor.py:840} INFO - DAG(s) 'tutorial' retrieved from /home/airflow/.local/lib/python3.12/site-packages/airflow/example_dags/tutorial.py
[2025-11-12T19:31:50.760+0000] {logging_mixin.py:188} INFO - [2025-11-12T19:31:50.760+0000] {dag.py:3096} INFO - Sync 1 DAGs
[2025-11-12T19:31:50.782+0000] {logging_mixin.py:188} INFO - [2025-11-12T19:31:50.782+0000] {dag.py:3954} INFO - Setting next_dagrun for tutorial to 2025-11-11 00:00:00+00:00, run_after=2025-11-12 00:00:00+00:00
[2025-11-12T19:31:50.805+0000] {processor.py:183} INFO - Processing /home/airflow/.local/lib/python3.12/site-packages/airflow/example_dags/tutorial.py took 0.086 seconds
