[2025-11-10T23:16:56.895+0000] {local_task_job_runner.py:120} INFO - ::group::Pre task execution logs
[2025-11-10T23:16:56.914+0000] {taskinstance.py:2076} INFO - Dependencies all met for dep_context=non-requeueable deps ti=<TaskInstance: ingest_flight_status.upload_to_gcs manual__2025-11-10T23:16:50.403910+00:00 [queued]>
[2025-11-10T23:16:56.926+0000] {taskinstance.py:2076} INFO - Dependencies all met for dep_context=requeueable deps ti=<TaskInstance: ingest_flight_status.upload_to_gcs manual__2025-11-10T23:16:50.403910+00:00 [queued]>
[2025-11-10T23:16:56.927+0000] {taskinstance.py:2306} INFO - Starting attempt 1 of 1
[2025-11-10T23:16:56.949+0000] {taskinstance.py:2330} INFO - Executing <Task(PythonOperator): upload_to_gcs> on 2025-11-10 23:16:50.403910+00:00
[2025-11-10T23:16:56.961+0000] {warnings.py:110} WARNING - /home/***/.local/lib/python3.12/site-packages/***/task/task_runner/standard_task_runner.py:61: DeprecationWarning: This process (pid=587) is multi-threaded, use of fork() may lead to deadlocks in the child.
  pid = os.fork()

[2025-11-10T23:16:56.962+0000] {standard_task_runner.py:90} INFO - Running: ['***', 'tasks', 'run', 'ingest_flight_status', 'upload_to_gcs', 'manual__2025-11-10T23:16:50.403910+00:00', '--job-id', '10', '--raw', '--subdir', 'DAGS_FOLDER/ingest_flight_status.py', '--cfg-path', '/tmp/tmpds8up8fw']
[2025-11-10T23:16:56.963+0000] {standard_task_runner.py:63} INFO - Started process 589 to run task
[2025-11-10T23:16:56.964+0000] {standard_task_runner.py:91} INFO - Job 10: Subtask upload_to_gcs
[2025-11-10T23:16:57.032+0000] {task_command.py:426} INFO - Running <TaskInstance: ingest_flight_status.upload_to_gcs manual__2025-11-10T23:16:50.403910+00:00 [running]> on host 980bf7015eaf
[2025-11-10T23:16:57.119+0000] {taskinstance.py:2648} INFO - Exporting env vars: AIRFLOW_CTX_DAG_OWNER='***' AIRFLOW_CTX_DAG_ID='ingest_flight_status' AIRFLOW_CTX_TASK_ID='upload_to_gcs' AIRFLOW_CTX_EXECUTION_DATE='2025-11-10T23:16:50.403910+00:00' AIRFLOW_CTX_TRY_NUMBER='1' AIRFLOW_CTX_DAG_RUN_ID='manual__2025-11-10T23:16:50.403910+00:00'
[2025-11-10T23:16:57.121+0000] {taskinstance.py:430} INFO - ::endgroup::
[2025-11-10T23:16:57.149+0000] {connection.py:274} WARNING - Connection schemes (type: google_cloud_platform) shall not contain '_' according to RFC3986.
[2025-11-10T23:16:57.151+0000] {base.py:84} INFO - Using connection ID 'google_cloud_default' for task execution.
[2025-11-10T23:16:57.720+0000] {gcs.py:556} INFO - File /opt/***/logs/flights_20251110_231657.json uploaded to flights_20251110_231657.json in flight-intel-raw bucket
[2025-11-10T23:16:57.721+0000] {python.py:237} INFO - Done. Returned value was: None
[2025-11-10T23:16:57.722+0000] {taskinstance.py:441} INFO - ::group::Post task execution logs
[2025-11-10T23:16:57.733+0000] {taskinstance.py:1206} INFO - Marking task as SUCCESS. dag_id=ingest_flight_status, task_id=upload_to_gcs, run_id=manual__2025-11-10T23:16:50.403910+00:00, execution_date=20251110T231650, start_date=20251110T231656, end_date=20251110T231657
[2025-11-10T23:16:57.790+0000] {local_task_job_runner.py:240} INFO - Task exited with return code 0
[2025-11-10T23:16:57.806+0000] {taskinstance.py:3498} INFO - 0 downstream tasks scheduled from follow-on schedule check
[2025-11-10T23:16:57.809+0000] {local_task_job_runner.py:222} INFO - ::endgroup::
