[2025-11-10T22:48:02.280+0000] {local_task_job_runner.py:120} INFO - ::group::Pre task execution logs
[2025-11-10T22:48:02.297+0000] {taskinstance.py:2076} INFO - Dependencies all met for dep_context=non-requeueable deps ti=<TaskInstance: ingest_flight_status.fetch_flights manual__2025-11-10T22:47:59.473604+00:00 [queued]>
[2025-11-10T22:48:02.304+0000] {taskinstance.py:2076} INFO - Dependencies all met for dep_context=requeueable deps ti=<TaskInstance: ingest_flight_status.fetch_flights manual__2025-11-10T22:47:59.473604+00:00 [queued]>
[2025-11-10T22:48:02.305+0000] {taskinstance.py:2306} INFO - Starting attempt 1 of 1
[2025-11-10T22:48:02.317+0000] {taskinstance.py:2330} INFO - Executing <Task(PythonOperator): fetch_flights> on 2025-11-10 22:47:59.473604+00:00
[2025-11-10T22:48:02.326+0000] {warnings.py:110} WARNING - /home/***/.local/lib/python3.12/site-packages/***/task/task_runner/standard_task_runner.py:61: DeprecationWarning: This process (pid=174) is multi-threaded, use of fork() may lead to deadlocks in the child.
  pid = os.fork()

[2025-11-10T22:48:02.328+0000] {standard_task_runner.py:63} INFO - Started process 176 to run task
[2025-11-10T22:48:02.328+0000] {standard_task_runner.py:90} INFO - Running: ['***', 'tasks', 'run', 'ingest_flight_status', 'fetch_flights', 'manual__2025-11-10T22:47:59.473604+00:00', '--job-id', '4', '--raw', '--subdir', 'DAGS_FOLDER/ingest_flight_status.py', '--cfg-path', '/tmp/tmpf4jilrne']
[2025-11-10T22:48:02.332+0000] {standard_task_runner.py:91} INFO - Job 4: Subtask fetch_flights
[2025-11-10T22:48:02.410+0000] {task_command.py:426} INFO - Running <TaskInstance: ingest_flight_status.fetch_flights manual__2025-11-10T22:47:59.473604+00:00 [running]> on host 980bf7015eaf
[2025-11-10T22:48:02.519+0000] {taskinstance.py:2648} INFO - Exporting env vars: AIRFLOW_CTX_DAG_OWNER='***' AIRFLOW_CTX_DAG_ID='ingest_flight_status' AIRFLOW_CTX_TASK_ID='fetch_flights' AIRFLOW_CTX_EXECUTION_DATE='2025-11-10T22:47:59.473604+00:00' AIRFLOW_CTX_TRY_NUMBER='1' AIRFLOW_CTX_DAG_RUN_ID='manual__2025-11-10T22:47:59.473604+00:00'
[2025-11-10T22:48:02.521+0000] {taskinstance.py:430} INFO - ::endgroup::
[2025-11-10T22:48:02.533+0000] {taskinstance.py:441} INFO - ::group::Post task execution logs
[2025-11-10T22:48:02.549+0000] {taskinstance.py:2905} ERROR - Task failed with exception
Traceback (most recent call last):
  File "/home/airflow/.local/lib/python3.12/site-packages/airflow/models/taskinstance.py", line 465, in _execute_task
    result = _execute_callable(context=context, **execute_callable_kwargs)
             ^^^^^^^^^^^^^^^^^^^^^^^^^^^^^^^^^^^^^^^^^^^^^^^^^^^^^^^^^^^^^
  File "/home/airflow/.local/lib/python3.12/site-packages/airflow/models/taskinstance.py", line 432, in _execute_callable
    return execute_callable(context=context, **execute_callable_kwargs)
           ^^^^^^^^^^^^^^^^^^^^^^^^^^^^^^^^^^^^^^^^^^^^^^^^^^^^^^^^^^^^
  File "/home/airflow/.local/lib/python3.12/site-packages/airflow/models/baseoperator.py", line 400, in wrapper
    return func(self, *args, **kwargs)
           ^^^^^^^^^^^^^^^^^^^^^^^^^^^
  File "/home/airflow/.local/lib/python3.12/site-packages/airflow/operators/python.py", line 235, in execute
    return_value = self.execute_callable()
                   ^^^^^^^^^^^^^^^^^^^^^^^
  File "/home/airflow/.local/lib/python3.12/site-packages/airflow/operators/python.py", line 252, in execute_callable
    return self.python_callable(*self.op_args, **self.op_kwargs)
           ^^^^^^^^^^^^^^^^^^^^^^^^^^^^^^^^^^^^^^^^^^^^^^^^^^^^^
  File "/opt/airflow/dags/ingest_flight_status.py", line 16, in _fetch_flights
    resp = http.run(endpoint=endpoint, data=None)
           ^^^^^^^^^^^^^^^^^^^^^^^^^^^^^^^^^^^^^^
  File "/home/airflow/.local/lib/python3.12/site-packages/airflow/providers/http/hooks/http.py", line 166, in run
    session = self.get_conn(headers)
              ^^^^^^^^^^^^^^^^^^^^^^
  File "/home/airflow/.local/lib/python3.12/site-packages/airflow/providers/http/hooks/http.py", line 108, in get_conn
    conn = self.get_connection(self.http_conn_id)
           ^^^^^^^^^^^^^^^^^^^^^^^^^^^^^^^^^^^^^^
  File "/home/airflow/.local/lib/python3.12/site-packages/airflow/hooks/base.py", line 83, in get_connection
    conn = Connection.get_connection_from_secrets(conn_id)
           ^^^^^^^^^^^^^^^^^^^^^^^^^^^^^^^^^^^^^^^^^^^^^^^
  File "/home/airflow/.local/lib/python3.12/site-packages/airflow/models/connection.py", line 519, in get_connection_from_secrets
    raise AirflowNotFoundException(f"The conn_id `{conn_id}` isn't defined")
airflow.exceptions.AirflowNotFoundException: The conn_id `aviationstack_api` isn't defined
[2025-11-10T22:48:02.561+0000] {taskinstance.py:1206} INFO - Marking task as FAILED. dag_id=ingest_flight_status, task_id=fetch_flights, run_id=manual__2025-11-10T22:47:59.473604+00:00, execution_date=20251110T224759, start_date=20251110T224802, end_date=20251110T224802
[2025-11-10T22:48:02.575+0000] {standard_task_runner.py:110} ERROR - Failed to execute job 4 for task fetch_flights (The conn_id `aviationstack_api` isn't defined; 176)
[2025-11-10T22:48:02.586+0000] {local_task_job_runner.py:240} INFO - Task exited with return code 1
[2025-11-10T22:48:02.608+0000] {taskinstance.py:3498} INFO - 0 downstream tasks scheduled from follow-on schedule check
[2025-11-10T22:48:02.614+0000] {local_task_job_runner.py:222} INFO - ::endgroup::
