[2025-11-10T23:24:53.359+0000] {local_task_job_runner.py:120} INFO - ::group::Pre task execution logs
[2025-11-10T23:24:53.376+0000] {taskinstance.py:2076} INFO - Dependencies all met for dep_context=non-requeueable deps ti=<TaskInstance: ingest_flight_status.load_to_bigquery manual__2025-11-10T23:24:45.225565+00:00 [queued]>
[2025-11-10T23:24:53.384+0000] {taskinstance.py:2076} INFO - Dependencies all met for dep_context=requeueable deps ti=<TaskInstance: ingest_flight_status.load_to_bigquery manual__2025-11-10T23:24:45.225565+00:00 [queued]>
[2025-11-10T23:24:53.386+0000] {taskinstance.py:2306} INFO - Starting attempt 1 of 1
[2025-11-10T23:24:53.400+0000] {taskinstance.py:2330} INFO - Executing <Task(GCSToBigQueryOperator): load_to_bigquery> on 2025-11-10 23:24:45.225565+00:00
[2025-11-10T23:24:53.408+0000] {warnings.py:110} WARNING - /home/***/.local/lib/python3.12/site-packages/***/task/task_runner/standard_task_runner.py:61: DeprecationWarning: This process (pid=713) is multi-threaded, use of fork() may lead to deadlocks in the child.
  pid = os.fork()

[2025-11-10T23:24:53.409+0000] {standard_task_runner.py:63} INFO - Started process 715 to run task
[2025-11-10T23:24:53.409+0000] {standard_task_runner.py:90} INFO - Running: ['***', 'tasks', 'run', 'ingest_flight_status', 'load_to_bigquery', 'manual__2025-11-10T23:24:45.225565+00:00', '--job-id', '16', '--raw', '--subdir', 'DAGS_FOLDER/ingest_flight_status.py', '--cfg-path', '/tmp/tmp5mnz3ll_']
[2025-11-10T23:24:53.412+0000] {standard_task_runner.py:91} INFO - Job 16: Subtask load_to_bigquery
[2025-11-10T23:24:53.485+0000] {task_command.py:426} INFO - Running <TaskInstance: ingest_flight_status.load_to_bigquery manual__2025-11-10T23:24:45.225565+00:00 [running]> on host 980bf7015eaf
[2025-11-10T23:24:53.914+0000] {taskinstance.py:2648} INFO - Exporting env vars: AIRFLOW_CTX_DAG_OWNER='***' AIRFLOW_CTX_DAG_ID='ingest_flight_status' AIRFLOW_CTX_TASK_ID='load_to_bigquery' AIRFLOW_CTX_EXECUTION_DATE='2025-11-10T23:24:45.225565+00:00' AIRFLOW_CTX_TRY_NUMBER='1' AIRFLOW_CTX_DAG_RUN_ID='manual__2025-11-10T23:24:45.225565+00:00'
[2025-11-10T23:24:53.916+0000] {taskinstance.py:430} INFO - ::endgroup::
[2025-11-10T23:24:53.925+0000] {connection.py:274} WARNING - Connection schemes (type: google_cloud_platform) shall not contain '_' according to RFC3986.
[2025-11-10T23:24:53.926+0000] {base.py:84} INFO - Using connection ID 'google_cloud_default' for task execution.
[2025-11-10T23:24:53.927+0000] {gcs_to_bigquery.py:380} INFO - Using existing BigQuery table for storing data...
[2025-11-10T23:24:53.973+0000] {gcs_to_bigquery.py:384} INFO - Executing: {'load': {'autodetect': True, 'createDisposition': 'CREATE_IF_NEEDED', 'destinationTable': {'projectId': 'flight-intel-platform', 'datasetId': 'flights_dataset', 'tableId': 'flights_raw'}, 'sourceFormat': 'NEWLINE_DELIMITED_JSON', 'sourceUris': ['gs://flight-intel-raw/flights_*.json'], 'writeDisposition': 'WRITE_APPEND', 'ignoreUnknownValues': False}}
[2025-11-10T23:24:53.975+0000] {bigquery.py:1660} INFO - Inserting job ***_ingest_flight_status_load_to_bigquery_2025_11_10T23_24_45_225565_00_00_55a1f6444092c0515682e14886859913
[2025-11-10T23:24:57.732+0000] {taskinstance.py:441} INFO - ::group::Post task execution logs
[2025-11-10T23:24:57.747+0000] {taskinstance.py:1206} INFO - Marking task as SUCCESS. dag_id=ingest_flight_status, task_id=load_to_bigquery, run_id=manual__2025-11-10T23:24:45.225565+00:00, execution_date=20251110T232445, start_date=20251110T232453, end_date=20251110T232457
[2025-11-10T23:24:57.814+0000] {local_task_job_runner.py:240} INFO - Task exited with return code 0
[2025-11-10T23:24:57.833+0000] {taskinstance.py:3498} INFO - 0 downstream tasks scheduled from follow-on schedule check
[2025-11-10T23:24:57.837+0000] {local_task_job_runner.py:222} INFO - ::endgroup::
