[2025-11-12T19:09:48.087+0000] {local_task_job_runner.py:120} INFO - ::group::Pre task execution logs
[2025-11-12T19:09:48.113+0000] {taskinstance.py:2076} INFO - Dependencies all met for dep_context=non-requeueable deps ti=<TaskInstance: ingest_flight_status_usa.upload_to_gcs manual__2025-11-12T19:09:41.581510+00:00 [queued]>
[2025-11-12T19:09:48.123+0000] {taskinstance.py:2076} INFO - Dependencies all met for dep_context=requeueable deps ti=<TaskInstance: ingest_flight_status_usa.upload_to_gcs manual__2025-11-12T19:09:41.581510+00:00 [queued]>
[2025-11-12T19:09:48.124+0000] {taskinstance.py:2306} INFO - Starting attempt 1 of 1
[2025-11-12T19:09:48.138+0000] {taskinstance.py:2330} INFO - Executing <Task(PythonOperator): upload_to_gcs> on 2025-11-12 19:09:41.581510+00:00
[2025-11-12T19:09:48.147+0000] {warnings.py:110} WARNING - /home/***/.local/lib/python3.12/site-packages/***/task/task_runner/standard_task_runner.py:61: DeprecationWarning: This process (pid=131) is multi-threaded, use of fork() may lead to deadlocks in the child.
  pid = os.fork()

[2025-11-12T19:09:48.149+0000] {standard_task_runner.py:63} INFO - Started process 133 to run task
[2025-11-12T19:09:48.149+0000] {standard_task_runner.py:90} INFO - Running: ['***', 'tasks', 'run', 'ingest_flight_status_usa', 'upload_to_gcs', 'manual__2025-11-12T19:09:41.581510+00:00', '--job-id', '25', '--raw', '--subdir', 'DAGS_FOLDER/ingest_flight_status.py', '--cfg-path', '/tmp/tmpvkj98lea']
[2025-11-12T19:09:48.151+0000] {standard_task_runner.py:91} INFO - Job 25: Subtask upload_to_gcs
[2025-11-12T19:09:48.216+0000] {task_command.py:426} INFO - Running <TaskInstance: ingest_flight_status_usa.upload_to_gcs manual__2025-11-12T19:09:41.581510+00:00 [running]> on host 123cfee3bb1b
[2025-11-12T19:09:48.297+0000] {taskinstance.py:2648} INFO - Exporting env vars: AIRFLOW_CTX_DAG_OWNER='***' AIRFLOW_CTX_DAG_ID='ingest_flight_status_usa' AIRFLOW_CTX_TASK_ID='upload_to_gcs' AIRFLOW_CTX_EXECUTION_DATE='2025-11-12T19:09:41.581510+00:00' AIRFLOW_CTX_TRY_NUMBER='1' AIRFLOW_CTX_DAG_RUN_ID='manual__2025-11-12T19:09:41.581510+00:00'
[2025-11-12T19:09:48.299+0000] {taskinstance.py:430} INFO - ::endgroup::
[2025-11-12T19:09:48.600+0000] {connection.py:274} WARNING - Connection schemes (type: google_cloud_platform) shall not contain '_' according to RFC3986.
[2025-11-12T19:09:48.602+0000] {base.py:84} INFO - Using connection ID 'google_cloud_default' for task execution.
[2025-11-12T19:09:49.710+0000] {gcs.py:556} INFO - File /opt/***/logs/flights_20251112_190948.json uploaded to flights_20251112_190948.json in flight-intel-raw bucket
[2025-11-12T19:09:49.711+0000] {python.py:237} INFO - Done. Returned value was: None
[2025-11-12T19:09:49.711+0000] {taskinstance.py:441} INFO - ::group::Post task execution logs
[2025-11-12T19:09:49.724+0000] {taskinstance.py:1206} INFO - Marking task as SUCCESS. dag_id=ingest_flight_status_usa, task_id=upload_to_gcs, run_id=manual__2025-11-12T19:09:41.581510+00:00, execution_date=20251112T190941, start_date=20251112T190948, end_date=20251112T190949
[2025-11-12T19:09:49.774+0000] {local_task_job_runner.py:240} INFO - Task exited with return code 0
[2025-11-12T19:09:49.798+0000] {taskinstance.py:3498} INFO - 1 downstream tasks scheduled from follow-on schedule check
[2025-11-12T19:09:49.801+0000] {local_task_job_runner.py:222} INFO - ::endgroup::
