[2025-11-12T19:14:37.985+0000] {local_task_job_runner.py:120} INFO - ::group::Pre task execution logs
[2025-11-12T19:14:38.003+0000] {taskinstance.py:2076} INFO - Dependencies all met for dep_context=non-requeueable deps ti=<TaskInstance: ingest_flight_status_usa.upload_to_gcs manual__2025-11-12T19:14:32.522516+00:00 [queued]>
[2025-11-12T19:14:38.011+0000] {taskinstance.py:2076} INFO - Dependencies all met for dep_context=requeueable deps ti=<TaskInstance: ingest_flight_status_usa.upload_to_gcs manual__2025-11-12T19:14:32.522516+00:00 [queued]>
[2025-11-12T19:14:38.012+0000] {taskinstance.py:2306} INFO - Starting attempt 1 of 1
[2025-11-12T19:14:38.025+0000] {taskinstance.py:2330} INFO - Executing <Task(PythonOperator): upload_to_gcs> on 2025-11-12 19:14:32.522516+00:00
[2025-11-12T19:14:38.032+0000] {warnings.py:110} WARNING - /home/***/.local/lib/python3.12/site-packages/***/task/task_runner/standard_task_runner.py:61: DeprecationWarning: This process (pid=203) is multi-threaded, use of fork() may lead to deadlocks in the child.
  pid = os.fork()

[2025-11-12T19:14:38.034+0000] {standard_task_runner.py:63} INFO - Started process 205 to run task
[2025-11-12T19:14:38.034+0000] {standard_task_runner.py:90} INFO - Running: ['***', 'tasks', 'run', 'ingest_flight_status_usa', 'upload_to_gcs', 'manual__2025-11-12T19:14:32.522516+00:00', '--job-id', '28', '--raw', '--subdir', 'DAGS_FOLDER/ingest_flight_status.py', '--cfg-path', '/tmp/tmptet0m7rq']
[2025-11-12T19:14:38.035+0000] {standard_task_runner.py:91} INFO - Job 28: Subtask upload_to_gcs
[2025-11-12T19:14:38.107+0000] {task_command.py:426} INFO - Running <TaskInstance: ingest_flight_status_usa.upload_to_gcs manual__2025-11-12T19:14:32.522516+00:00 [running]> on host 123cfee3bb1b
[2025-11-12T19:14:38.195+0000] {taskinstance.py:2648} INFO - Exporting env vars: AIRFLOW_CTX_DAG_OWNER='***' AIRFLOW_CTX_DAG_ID='ingest_flight_status_usa' AIRFLOW_CTX_TASK_ID='upload_to_gcs' AIRFLOW_CTX_EXECUTION_DATE='2025-11-12T19:14:32.522516+00:00' AIRFLOW_CTX_TRY_NUMBER='1' AIRFLOW_CTX_DAG_RUN_ID='manual__2025-11-12T19:14:32.522516+00:00'
[2025-11-12T19:14:38.197+0000] {taskinstance.py:430} INFO - ::endgroup::
[2025-11-12T19:14:38.540+0000] {connection.py:274} WARNING - Connection schemes (type: google_cloud_platform) shall not contain '_' according to RFC3986.
[2025-11-12T19:14:38.541+0000] {base.py:84} INFO - Using connection ID 'google_cloud_default' for task execution.
[2025-11-12T19:14:39.113+0000] {gcs.py:556} INFO - File /opt/***/logs/flights_usa_20251112_191438.json uploaded to flights_usa_20251112_191438.json in flight-intel-raw bucket
[2025-11-12T19:14:39.115+0000] {logging_mixin.py:188} INFO - Uploaded 0 records to flight-intel-raw/flights_usa_20251112_191438.json
[2025-11-12T19:14:39.115+0000] {python.py:237} INFO - Done. Returned value was: None
[2025-11-12T19:14:39.116+0000] {taskinstance.py:441} INFO - ::group::Post task execution logs
[2025-11-12T19:14:39.128+0000] {taskinstance.py:1206} INFO - Marking task as SUCCESS. dag_id=ingest_flight_status_usa, task_id=upload_to_gcs, run_id=manual__2025-11-12T19:14:32.522516+00:00, execution_date=20251112T191432, start_date=20251112T191438, end_date=20251112T191439
[2025-11-12T19:14:39.174+0000] {local_task_job_runner.py:240} INFO - Task exited with return code 0
[2025-11-12T19:14:39.199+0000] {taskinstance.py:3498} INFO - 1 downstream tasks scheduled from follow-on schedule check
[2025-11-12T19:14:39.210+0000] {local_task_job_runner.py:222} INFO - ::endgroup::
