[2025-11-10T23:21:48.103+0000] {local_task_job_runner.py:120} INFO - ::group::Pre task execution logs
[2025-11-10T23:21:48.119+0000] {taskinstance.py:2076} INFO - Dependencies all met for dep_context=non-requeueable deps ti=<TaskInstance: ingest_flight_status.load_to_bigquery manual__2025-11-10T23:21:37.737550+00:00 [queued]>
[2025-11-10T23:21:48.126+0000] {taskinstance.py:2076} INFO - Dependencies all met for dep_context=requeueable deps ti=<TaskInstance: ingest_flight_status.load_to_bigquery manual__2025-11-10T23:21:37.737550+00:00 [queued]>
[2025-11-10T23:21:48.127+0000] {taskinstance.py:2306} INFO - Starting attempt 1 of 1
[2025-11-10T23:21:48.139+0000] {taskinstance.py:2330} INFO - Executing <Task(GCSToBigQueryOperator): load_to_bigquery> on 2025-11-10 23:21:37.737550+00:00
[2025-11-10T23:21:48.148+0000] {warnings.py:110} WARNING - /home/***/.local/lib/python3.12/site-packages/***/task/task_runner/standard_task_runner.py:61: DeprecationWarning: This process (pid=659) is multi-threaded, use of fork() may lead to deadlocks in the child.
  pid = os.fork()

[2025-11-10T23:21:48.151+0000] {standard_task_runner.py:63} INFO - Started process 661 to run task
[2025-11-10T23:21:48.151+0000] {standard_task_runner.py:90} INFO - Running: ['***', 'tasks', 'run', 'ingest_flight_status', 'load_to_bigquery', 'manual__2025-11-10T23:21:37.737550+00:00', '--job-id', '13', '--raw', '--subdir', 'DAGS_FOLDER/ingest_flight_status.py', '--cfg-path', '/tmp/tmpa0_zhcpr']
[2025-11-10T23:21:48.152+0000] {standard_task_runner.py:91} INFO - Job 13: Subtask load_to_bigquery
[2025-11-10T23:21:48.229+0000] {task_command.py:426} INFO - Running <TaskInstance: ingest_flight_status.load_to_bigquery manual__2025-11-10T23:21:37.737550+00:00 [running]> on host 980bf7015eaf
[2025-11-10T23:21:48.629+0000] {taskinstance.py:2648} INFO - Exporting env vars: AIRFLOW_CTX_DAG_OWNER='***' AIRFLOW_CTX_DAG_ID='ingest_flight_status' AIRFLOW_CTX_TASK_ID='load_to_bigquery' AIRFLOW_CTX_EXECUTION_DATE='2025-11-10T23:21:37.737550+00:00' AIRFLOW_CTX_TRY_NUMBER='1' AIRFLOW_CTX_DAG_RUN_ID='manual__2025-11-10T23:21:37.737550+00:00'
[2025-11-10T23:21:48.630+0000] {taskinstance.py:430} INFO - ::endgroup::
[2025-11-10T23:21:48.643+0000] {connection.py:274} WARNING - Connection schemes (type: google_cloud_platform) shall not contain '_' according to RFC3986.
[2025-11-10T23:21:48.644+0000] {base.py:84} INFO - Using connection ID 'google_cloud_default' for task execution.
[2025-11-10T23:21:48.645+0000] {gcs_to_bigquery.py:380} INFO - Using existing BigQuery table for storing data...
[2025-11-10T23:21:48.691+0000] {gcs_to_bigquery.py:384} INFO - Executing: {'load': {'autodetect': True, 'createDisposition': 'CREATE_IF_NEEDED', 'destinationTable': {'projectId': 'flight-intel-platform', 'datasetId': 'flights_dataset', 'tableId': 'flights_raw'}, 'sourceFormat': 'NEWLINE_DELIMITED_JSON', 'sourceUris': ['gs://flight-intel-raw/flights_*.json'], 'writeDisposition': 'WRITE_APPEND', 'ignoreUnknownValues': False}}
[2025-11-10T23:21:48.693+0000] {bigquery.py:1660} INFO - Inserting job ***_ingest_flight_status_load_to_bigquery_2025_11_10T23_21_37_737550_00_00_594f9bd572b6060cb437c76c0b613f69
[2025-11-10T23:21:49.220+0000] {taskinstance.py:441} INFO - ::group::Post task execution logs
[2025-11-10T23:21:49.220+0000] {taskinstance.py:2905} ERROR - Task failed with exception
Traceback (most recent call last):
  File "/home/airflow/.local/lib/python3.12/site-packages/airflow/models/taskinstance.py", line 465, in _execute_task
    result = _execute_callable(context=context, **execute_callable_kwargs)
             ^^^^^^^^^^^^^^^^^^^^^^^^^^^^^^^^^^^^^^^^^^^^^^^^^^^^^^^^^^^^^
  File "/home/airflow/.local/lib/python3.12/site-packages/airflow/models/taskinstance.py", line 432, in _execute_callable
    return execute_callable(context=context, **execute_callable_kwargs)
           ^^^^^^^^^^^^^^^^^^^^^^^^^^^^^^^^^^^^^^^^^^^^^^^^^^^^^^^^^^^^
  File "/home/airflow/.local/lib/python3.12/site-packages/airflow/models/baseoperator.py", line 400, in wrapper
    return func(self, *args, **kwargs)
           ^^^^^^^^^^^^^^^^^^^^^^^^^^^
  File "/home/airflow/.local/lib/python3.12/site-packages/airflow/providers/google/cloud/transfers/gcs_to_bigquery.py", line 385, in execute
    job: BigQueryJob | UnknownJob = self._submit_job(self.hook, job_id)
                                    ^^^^^^^^^^^^^^^^^^^^^^^^^^^^^^^^^^^
  File "/home/airflow/.local/lib/python3.12/site-packages/airflow/providers/google/cloud/transfers/gcs_to_bigquery.py", line 307, in _submit_job
    return hook.insert_job(
           ^^^^^^^^^^^^^^^^
  File "/home/airflow/.local/lib/python3.12/site-packages/airflow/providers/google/common/hooks/base_google.py", line 486, in inner_wrapper
    return func(self, *args, **kwargs)
           ^^^^^^^^^^^^^^^^^^^^^^^^^^^
  File "/home/airflow/.local/lib/python3.12/site-packages/airflow/providers/google/cloud/hooks/bigquery.py", line 1663, in insert_job
    job_api_repr._begin()
  File "/home/airflow/.local/lib/python3.12/site-packages/google/cloud/bigquery/job/base.py", line 740, in _begin
    api_response = client._call_api(
                   ^^^^^^^^^^^^^^^^^
  File "/home/airflow/.local/lib/python3.12/site-packages/google/cloud/bigquery/client.py", line 831, in _call_api
    return call()
           ^^^^^^
  File "/home/airflow/.local/lib/python3.12/site-packages/google/api_core/retry/retry_unary.py", line 293, in retry_wrapped_func
    return retry_target(
           ^^^^^^^^^^^^^
  File "/home/airflow/.local/lib/python3.12/site-packages/google/api_core/retry/retry_unary.py", line 153, in retry_target
    _retry_error_helper(
  File "/home/airflow/.local/lib/python3.12/site-packages/google/api_core/retry/retry_base.py", line 212, in _retry_error_helper
    raise final_exc from source_exc
  File "/home/airflow/.local/lib/python3.12/site-packages/google/api_core/retry/retry_unary.py", line 144, in retry_target
    result = target()
             ^^^^^^^^
  File "/home/airflow/.local/lib/python3.12/site-packages/google/cloud/_http/__init__.py", line 494, in api_request
    raise exceptions.from_http_response(response)
google.api_core.exceptions.NotFound: 404 POST https://bigquery.googleapis.com/bigquery/v2/projects/flight-intel-platform/jobs?prettyPrint=false: Not found: Dataset flight-intel-platform:flights_dataset
[2025-11-10T23:21:49.237+0000] {taskinstance.py:1206} INFO - Marking task as FAILED. dag_id=ingest_flight_status, task_id=load_to_bigquery, run_id=manual__2025-11-10T23:21:37.737550+00:00, execution_date=20251110T232137, start_date=20251110T232148, end_date=20251110T232149
[2025-11-10T23:21:49.252+0000] {standard_task_runner.py:110} ERROR - Failed to execute job 13 for task load_to_bigquery (404 POST https://bigquery.googleapis.com/bigquery/v2/projects/flight-intel-platform/jobs?prettyPrint=false: Not found: Dataset flight-intel-platform:flights_dataset; 661)
[2025-11-10T23:21:49.289+0000] {local_task_job_runner.py:240} INFO - Task exited with return code 1
[2025-11-10T23:21:49.305+0000] {taskinstance.py:3498} INFO - 0 downstream tasks scheduled from follow-on schedule check
[2025-11-10T23:21:49.309+0000] {local_task_job_runner.py:222} INFO - ::endgroup::
