[2025-11-10T20:32:29.543+0000] {local_task_job_runner.py:120} INFO - ::group::Pre task execution logs
[2025-11-10T20:32:29.560+0000] {taskinstance.py:2076} INFO - Dependencies all met for dep_context=non-requeueable deps ti=<TaskInstance: ingest_flight_status.fetch_flights manual__2025-11-10T20:26:21.035009+00:00 [queued]>
[2025-11-10T20:32:29.568+0000] {taskinstance.py:2076} INFO - Dependencies all met for dep_context=requeueable deps ti=<TaskInstance: ingest_flight_status.fetch_flights manual__2025-11-10T20:26:21.035009+00:00 [queued]>
[2025-11-10T20:32:29.570+0000] {taskinstance.py:2306} INFO - Starting attempt 4 of 4
[2025-11-10T20:32:29.583+0000] {taskinstance.py:2330} INFO - Executing <Task(PythonOperator): fetch_flights> on 2025-11-10 20:26:21.035009+00:00
[2025-11-10T20:32:29.591+0000] {warnings.py:110} WARNING - /home/***/.local/lib/python3.12/site-packages/***/task/task_runner/standard_task_runner.py:61: DeprecationWarning: This process (pid=574) is multi-threaded, use of fork() may lead to deadlocks in the child.
  pid = os.fork()

[2025-11-10T20:32:29.593+0000] {standard_task_runner.py:63} INFO - Started process 576 to run task
[2025-11-10T20:32:29.593+0000] {standard_task_runner.py:90} INFO - Running: ['***', 'tasks', 'run', 'ingest_flight_status', 'fetch_flights', 'manual__2025-11-10T20:26:21.035009+00:00', '--job-id', '28', '--raw', '--subdir', 'DAGS_FOLDER/ingest_flight_status.py', '--cfg-path', '/tmp/tmp30c4zg25']
[2025-11-10T20:32:29.596+0000] {standard_task_runner.py:91} INFO - Job 28: Subtask fetch_flights
[2025-11-10T20:32:29.683+0000] {task_command.py:426} INFO - Running <TaskInstance: ingest_flight_status.fetch_flights manual__2025-11-10T20:26:21.035009+00:00 [running]> on host 96b856182cef
[2025-11-10T20:32:29.779+0000] {taskinstance.py:2648} INFO - Exporting env vars: AIRFLOW_CTX_DAG_OWNER='***' AIRFLOW_CTX_DAG_ID='ingest_flight_status' AIRFLOW_CTX_TASK_ID='fetch_flights' AIRFLOW_CTX_EXECUTION_DATE='2025-11-10T20:26:21.035009+00:00' AIRFLOW_CTX_TRY_NUMBER='4' AIRFLOW_CTX_DAG_RUN_ID='manual__2025-11-10T20:26:21.035009+00:00'
[2025-11-10T20:32:29.782+0000] {taskinstance.py:430} INFO - ::endgroup::
[2025-11-10T20:32:29.796+0000] {base.py:84} INFO - Using connection ID 'aviationstack_api' for task execution.
[2025-11-10T20:32:29.805+0000] {base.py:84} INFO - Using connection ID 'aviationstack_api' for task execution.
[2025-11-10T20:32:31.132+0000] {python.py:237} INFO - Done. Returned value was: {'count': 100}
[2025-11-10T20:32:31.133+0000] {taskinstance.py:441} INFO - ::group::Post task execution logs
[2025-11-10T20:32:31.159+0000] {taskinstance.py:1206} INFO - Marking task as SUCCESS. dag_id=ingest_flight_status, task_id=fetch_flights, run_id=manual__2025-11-10T20:26:21.035009+00:00, execution_date=20251110T202621, start_date=20251110T203229, end_date=20251110T203231
[2025-11-10T20:32:31.209+0000] {local_task_job_runner.py:240} INFO - Task exited with return code 0
[2025-11-10T20:32:31.230+0000] {taskinstance.py:3498} INFO - 1 downstream tasks scheduled from follow-on schedule check
[2025-11-10T20:32:31.237+0000] {local_task_job_runner.py:222} INFO - ::endgroup::
