[2025-11-12T19:17:21.655+0000] {local_task_job_runner.py:120} INFO - ::group::Pre task execution logs
[2025-11-12T19:17:21.672+0000] {taskinstance.py:2076} INFO - Dependencies all met for dep_context=non-requeueable deps ti=<TaskInstance: ingest_flight_status_usa.fetch_flights manual__2025-11-12T19:17:16.929812+00:00 [queued]>
[2025-11-12T19:17:21.683+0000] {taskinstance.py:2076} INFO - Dependencies all met for dep_context=requeueable deps ti=<TaskInstance: ingest_flight_status_usa.fetch_flights manual__2025-11-12T19:17:16.929812+00:00 [queued]>
[2025-11-12T19:17:21.684+0000] {taskinstance.py:2306} INFO - Starting attempt 1 of 1
[2025-11-12T19:17:21.701+0000] {taskinstance.py:2330} INFO - Executing <Task(PythonOperator): fetch_flights> on 2025-11-12 19:17:16.929812+00:00
[2025-11-12T19:17:21.713+0000] {standard_task_runner.py:90} INFO - Running: ['***', 'tasks', 'run', 'ingest_flight_status_usa', 'fetch_flights', 'manual__2025-11-12T19:17:16.929812+00:00', '--job-id', '32', '--raw', '--subdir', 'DAGS_FOLDER/ingest_flight_status.py', '--cfg-path', '/tmp/tmpnon7wxrf']
[2025-11-12T19:17:21.711+0000] {warnings.py:110} WARNING - /home/***/.local/lib/python3.12/site-packages/***/task/task_runner/standard_task_runner.py:61: DeprecationWarning: This process (pid=77) is multi-threaded, use of fork() may lead to deadlocks in the child.
  pid = os.fork()

[2025-11-12T19:17:21.715+0000] {standard_task_runner.py:91} INFO - Job 32: Subtask fetch_flights
[2025-11-12T19:17:21.715+0000] {standard_task_runner.py:63} INFO - Started process 79 to run task
[2025-11-12T19:17:21.801+0000] {task_command.py:426} INFO - Running <TaskInstance: ingest_flight_status_usa.fetch_flights manual__2025-11-12T19:17:16.929812+00:00 [running]> on host cf939b0931bf
[2025-11-12T19:17:22.304+0000] {taskinstance.py:2648} INFO - Exporting env vars: AIRFLOW_CTX_DAG_OWNER='***' AIRFLOW_CTX_DAG_ID='ingest_flight_status_usa' AIRFLOW_CTX_TASK_ID='fetch_flights' AIRFLOW_CTX_EXECUTION_DATE='2025-11-12T19:17:16.929812+00:00' AIRFLOW_CTX_TRY_NUMBER='1' AIRFLOW_CTX_DAG_RUN_ID='manual__2025-11-12T19:17:16.929812+00:00'
[2025-11-12T19:17:22.306+0000] {taskinstance.py:430} INFO - ::endgroup::
[2025-11-12T19:17:22.315+0000] {base.py:84} INFO - Using connection ID 'aviationstack_api' for task execution.
[2025-11-12T19:17:22.972+0000] {python.py:237} INFO - Done. Returned value was: {'pagination': {'limit': 50, 'offset': 0, 'count': 0, 'total': 0}, 'data': []}
[2025-11-12T19:17:22.973+0000] {taskinstance.py:441} INFO - ::group::Post task execution logs
[2025-11-12T19:17:22.995+0000] {taskinstance.py:1206} INFO - Marking task as SUCCESS. dag_id=ingest_flight_status_usa, task_id=fetch_flights, run_id=manual__2025-11-12T19:17:16.929812+00:00, execution_date=20251112T191716, start_date=20251112T191721, end_date=20251112T191722
[2025-11-12T19:17:23.062+0000] {local_task_job_runner.py:240} INFO - Task exited with return code 0
[2025-11-12T19:17:23.085+0000] {taskinstance.py:3498} INFO - 1 downstream tasks scheduled from follow-on schedule check
[2025-11-12T19:17:23.090+0000] {local_task_job_runner.py:222} INFO - ::endgroup::
