[2025-11-10T22:44:41.606+0000] {local_task_job_runner.py:120} INFO - ::group::Pre task execution logs
[2025-11-10T22:44:41.635+0000] {taskinstance.py:2076} INFO - Dependencies all met for dep_context=non-requeueable deps ti=<TaskInstance: hello_dag.hello_task manual__2025-11-10T22:44:37.888319+00:00 [queued]>
[2025-11-10T22:44:41.645+0000] {taskinstance.py:2076} INFO - Dependencies all met for dep_context=requeueable deps ti=<TaskInstance: hello_dag.hello_task manual__2025-11-10T22:44:37.888319+00:00 [queued]>
[2025-11-10T22:44:41.647+0000] {taskinstance.py:2306} INFO - Starting attempt 1 of 1
[2025-11-10T22:44:41.665+0000] {taskinstance.py:2330} INFO - Executing <Task(PythonOperator): hello_task> on 2025-11-10 22:44:37.888319+00:00
[2025-11-10T22:44:41.675+0000] {warnings.py:110} WARNING - /home/***/.local/lib/python3.12/site-packages/***/task/task_runner/standard_task_runner.py:61: DeprecationWarning: This process (pid=120) is multi-threaded, use of fork() may lead to deadlocks in the child.
  pid = os.fork()

[2025-11-10T22:44:41.679+0000] {standard_task_runner.py:63} INFO - Started process 122 to run task
[2025-11-10T22:44:41.676+0000] {standard_task_runner.py:90} INFO - Running: ['***', 'tasks', 'run', 'hello_dag', 'hello_task', 'manual__2025-11-10T22:44:37.888319+00:00', '--job-id', '3', '--raw', '--subdir', 'DAGS_FOLDER/hello_dag.py', '--cfg-path', '/tmp/tmp_7ecu0sf']
[2025-11-10T22:44:41.680+0000] {standard_task_runner.py:91} INFO - Job 3: Subtask hello_task
[2025-11-10T22:44:41.776+0000] {task_command.py:426} INFO - Running <TaskInstance: hello_dag.hello_task manual__2025-11-10T22:44:37.888319+00:00 [running]> on host 980bf7015eaf
[2025-11-10T22:44:41.895+0000] {taskinstance.py:2648} INFO - Exporting env vars: AIRFLOW_CTX_DAG_OWNER='***' AIRFLOW_CTX_DAG_ID='hello_dag' AIRFLOW_CTX_TASK_ID='hello_task' AIRFLOW_CTX_EXECUTION_DATE='2025-11-10T22:44:37.888319+00:00' AIRFLOW_CTX_TRY_NUMBER='1' AIRFLOW_CTX_DAG_RUN_ID='manual__2025-11-10T22:44:37.888319+00:00'
[2025-11-10T22:44:41.897+0000] {taskinstance.py:430} INFO - ::endgroup::
[2025-11-10T22:44:41.898+0000] {logging_mixin.py:188} INFO - Hello from Airflow worker!
[2025-11-10T22:44:41.898+0000] {python.py:237} INFO - Done. Returned value was: None
[2025-11-10T22:44:41.899+0000] {taskinstance.py:441} INFO - ::group::Post task execution logs
[2025-11-10T22:44:41.908+0000] {taskinstance.py:1206} INFO - Marking task as SUCCESS. dag_id=hello_dag, task_id=hello_task, run_id=manual__2025-11-10T22:44:37.888319+00:00, execution_date=20251110T224437, start_date=20251110T224441, end_date=20251110T224441
[2025-11-10T22:44:41.935+0000] {local_task_job_runner.py:240} INFO - Task exited with return code 0
[2025-11-10T22:44:41.950+0000] {taskinstance.py:3498} INFO - 0 downstream tasks scheduled from follow-on schedule check
[2025-11-10T22:44:41.953+0000] {local_task_job_runner.py:222} INFO - ::endgroup::
