[2025-11-12T19:04:54.167+0000] {processor.py:161} INFO - Started process (PID=62) to work on /opt/airflow/dags/hello_dag.py
[2025-11-12T19:04:54.169+0000] {processor.py:830} INFO - Processing file /opt/airflow/dags/hello_dag.py for tasks to queue
[2025-11-12T19:04:54.172+0000] {logging_mixin.py:188} INFO - [2025-11-12T19:04:54.172+0000] {dagbag.py:545} INFO - Filling up the DagBag from /opt/airflow/dags/hello_dag.py
[2025-11-12T19:04:54.214+0000] {processor.py:840} INFO - DAG(s) 'hello_dag' retrieved from /opt/airflow/dags/hello_dag.py
[2025-11-12T19:04:54.258+0000] {logging_mixin.py:188} INFO - [2025-11-12T19:04:54.257+0000] {dag.py:3096} INFO - Sync 1 DAGs
[2025-11-12T19:04:54.287+0000] {logging_mixin.py:188} INFO - [2025-11-12T19:04:54.287+0000] {dag.py:3954} INFO - Setting next_dagrun for hello_dag to None, run_after=None
[2025-11-12T19:04:54.332+0000] {processor.py:183} INFO - Processing /opt/airflow/dags/hello_dag.py took 0.171 seconds
[2025-11-12T19:06:08.067+0000] {processor.py:161} INFO - Started process (PID=69) to work on /opt/airflow/dags/hello_dag.py
[2025-11-12T19:06:08.069+0000] {processor.py:830} INFO - Processing file /opt/airflow/dags/hello_dag.py for tasks to queue
[2025-11-12T19:06:08.071+0000] {logging_mixin.py:188} INFO - [2025-11-12T19:06:08.070+0000] {dagbag.py:545} INFO - Filling up the DagBag from /opt/airflow/dags/hello_dag.py
[2025-11-12T19:06:08.112+0000] {processor.py:840} INFO - DAG(s) 'hello_dag' retrieved from /opt/airflow/dags/hello_dag.py
[2025-11-12T19:06:08.404+0000] {logging_mixin.py:188} INFO - [2025-11-12T19:06:08.404+0000] {dag.py:3096} INFO - Sync 1 DAGs
[2025-11-12T19:06:08.416+0000] {logging_mixin.py:188} INFO - [2025-11-12T19:06:08.416+0000] {dag.py:3954} INFO - Setting next_dagrun for hello_dag to None, run_after=None
[2025-11-12T19:06:08.448+0000] {processor.py:183} INFO - Processing /opt/airflow/dags/hello_dag.py took 0.388 seconds
[2025-11-12T19:06:39.223+0000] {processor.py:161} INFO - Started process (PID=129) to work on /opt/airflow/dags/hello_dag.py
[2025-11-12T19:06:39.224+0000] {processor.py:830} INFO - Processing file /opt/airflow/dags/hello_dag.py for tasks to queue
[2025-11-12T19:06:39.228+0000] {logging_mixin.py:188} INFO - [2025-11-12T19:06:39.227+0000] {dagbag.py:545} INFO - Filling up the DagBag from /opt/airflow/dags/hello_dag.py
[2025-11-12T19:06:39.249+0000] {processor.py:840} INFO - DAG(s) 'hello_dag' retrieved from /opt/airflow/dags/hello_dag.py
[2025-11-12T19:06:39.275+0000] {logging_mixin.py:188} INFO - [2025-11-12T19:06:39.275+0000] {dag.py:3096} INFO - Sync 1 DAGs
[2025-11-12T19:06:39.293+0000] {logging_mixin.py:188} INFO - [2025-11-12T19:06:39.293+0000] {dag.py:3954} INFO - Setting next_dagrun for hello_dag to None, run_after=None
[2025-11-12T19:06:39.328+0000] {processor.py:183} INFO - Processing /opt/airflow/dags/hello_dag.py took 0.121 seconds
[2025-11-12T19:07:10.234+0000] {processor.py:161} INFO - Started process (PID=189) to work on /opt/airflow/dags/hello_dag.py
[2025-11-12T19:07:10.235+0000] {processor.py:830} INFO - Processing file /opt/airflow/dags/hello_dag.py for tasks to queue
[2025-11-12T19:07:10.238+0000] {logging_mixin.py:188} INFO - [2025-11-12T19:07:10.238+0000] {dagbag.py:545} INFO - Filling up the DagBag from /opt/airflow/dags/hello_dag.py
[2025-11-12T19:07:10.264+0000] {processor.py:840} INFO - DAG(s) 'hello_dag' retrieved from /opt/airflow/dags/hello_dag.py
[2025-11-12T19:07:10.289+0000] {logging_mixin.py:188} INFO - [2025-11-12T19:07:10.289+0000] {dag.py:3096} INFO - Sync 1 DAGs
[2025-11-12T19:07:10.302+0000] {logging_mixin.py:188} INFO - [2025-11-12T19:07:10.302+0000] {dag.py:3954} INFO - Setting next_dagrun for hello_dag to None, run_after=None
[2025-11-12T19:07:10.326+0000] {processor.py:183} INFO - Processing /opt/airflow/dags/hello_dag.py took 0.098 seconds
[2025-11-12T19:07:40.976+0000] {processor.py:161} INFO - Started process (PID=249) to work on /opt/airflow/dags/hello_dag.py
[2025-11-12T19:07:40.977+0000] {processor.py:830} INFO - Processing file /opt/airflow/dags/hello_dag.py for tasks to queue
[2025-11-12T19:07:40.980+0000] {logging_mixin.py:188} INFO - [2025-11-12T19:07:40.979+0000] {dagbag.py:545} INFO - Filling up the DagBag from /opt/airflow/dags/hello_dag.py
[2025-11-12T19:07:41.002+0000] {processor.py:840} INFO - DAG(s) 'hello_dag' retrieved from /opt/airflow/dags/hello_dag.py
[2025-11-12T19:07:41.024+0000] {logging_mixin.py:188} INFO - [2025-11-12T19:07:41.023+0000] {dag.py:3096} INFO - Sync 1 DAGs
[2025-11-12T19:07:41.034+0000] {logging_mixin.py:188} INFO - [2025-11-12T19:07:41.034+0000] {dag.py:3954} INFO - Setting next_dagrun for hello_dag to None, run_after=None
[2025-11-12T19:07:41.057+0000] {processor.py:183} INFO - Processing /opt/airflow/dags/hello_dag.py took 0.086 seconds
[2025-11-12T19:08:11.513+0000] {processor.py:161} INFO - Started process (PID=309) to work on /opt/airflow/dags/hello_dag.py
[2025-11-12T19:08:11.514+0000] {processor.py:830} INFO - Processing file /opt/airflow/dags/hello_dag.py for tasks to queue
[2025-11-12T19:08:11.515+0000] {logging_mixin.py:188} INFO - [2025-11-12T19:08:11.515+0000] {dagbag.py:545} INFO - Filling up the DagBag from /opt/airflow/dags/hello_dag.py
[2025-11-12T19:08:11.545+0000] {processor.py:840} INFO - DAG(s) 'hello_dag' retrieved from /opt/airflow/dags/hello_dag.py
[2025-11-12T19:08:11.576+0000] {logging_mixin.py:188} INFO - [2025-11-12T19:08:11.575+0000] {dag.py:3096} INFO - Sync 1 DAGs
[2025-11-12T19:08:11.593+0000] {logging_mixin.py:188} INFO - [2025-11-12T19:08:11.593+0000] {dag.py:3954} INFO - Setting next_dagrun for hello_dag to None, run_after=None
[2025-11-12T19:08:11.626+0000] {processor.py:183} INFO - Processing /opt/airflow/dags/hello_dag.py took 0.123 seconds
[2025-11-12T19:08:42.213+0000] {processor.py:161} INFO - Started process (PID=369) to work on /opt/airflow/dags/hello_dag.py
[2025-11-12T19:08:42.215+0000] {processor.py:830} INFO - Processing file /opt/airflow/dags/hello_dag.py for tasks to queue
[2025-11-12T19:08:42.216+0000] {logging_mixin.py:188} INFO - [2025-11-12T19:08:42.215+0000] {dagbag.py:545} INFO - Filling up the DagBag from /opt/airflow/dags/hello_dag.py
[2025-11-12T19:08:42.243+0000] {processor.py:840} INFO - DAG(s) 'hello_dag' retrieved from /opt/airflow/dags/hello_dag.py
[2025-11-12T19:08:42.268+0000] {logging_mixin.py:188} INFO - [2025-11-12T19:08:42.268+0000] {dag.py:3096} INFO - Sync 1 DAGs
[2025-11-12T19:08:42.283+0000] {logging_mixin.py:188} INFO - [2025-11-12T19:08:42.283+0000] {dag.py:3954} INFO - Setting next_dagrun for hello_dag to None, run_after=None
[2025-11-12T19:08:42.311+0000] {processor.py:183} INFO - Processing /opt/airflow/dags/hello_dag.py took 0.105 seconds
[2025-11-12T19:09:12.821+0000] {processor.py:161} INFO - Started process (PID=431) to work on /opt/airflow/dags/hello_dag.py
[2025-11-12T19:09:12.822+0000] {processor.py:830} INFO - Processing file /opt/airflow/dags/hello_dag.py for tasks to queue
[2025-11-12T19:09:12.823+0000] {logging_mixin.py:188} INFO - [2025-11-12T19:09:12.823+0000] {dagbag.py:545} INFO - Filling up the DagBag from /opt/airflow/dags/hello_dag.py
[2025-11-12T19:09:12.849+0000] {processor.py:840} INFO - DAG(s) 'hello_dag' retrieved from /opt/airflow/dags/hello_dag.py
[2025-11-12T19:09:12.876+0000] {logging_mixin.py:188} INFO - [2025-11-12T19:09:12.876+0000] {dag.py:3096} INFO - Sync 1 DAGs
[2025-11-12T19:09:12.894+0000] {logging_mixin.py:188} INFO - [2025-11-12T19:09:12.894+0000] {dag.py:3954} INFO - Setting next_dagrun for hello_dag to None, run_after=None
[2025-11-12T19:09:12.925+0000] {processor.py:183} INFO - Processing /opt/airflow/dags/hello_dag.py took 0.110 seconds
[2025-11-12T19:09:43.321+0000] {processor.py:161} INFO - Started process (PID=492) to work on /opt/airflow/dags/hello_dag.py
[2025-11-12T19:09:43.323+0000] {processor.py:830} INFO - Processing file /opt/airflow/dags/hello_dag.py for tasks to queue
[2025-11-12T19:09:43.324+0000] {logging_mixin.py:188} INFO - [2025-11-12T19:09:43.324+0000] {dagbag.py:545} INFO - Filling up the DagBag from /opt/airflow/dags/hello_dag.py
[2025-11-12T19:09:43.355+0000] {processor.py:840} INFO - DAG(s) 'hello_dag' retrieved from /opt/airflow/dags/hello_dag.py
[2025-11-12T19:09:43.386+0000] {logging_mixin.py:188} INFO - [2025-11-12T19:09:43.386+0000] {dag.py:3096} INFO - Sync 1 DAGs
[2025-11-12T19:09:43.404+0000] {logging_mixin.py:188} INFO - [2025-11-12T19:09:43.404+0000] {dag.py:3954} INFO - Setting next_dagrun for hello_dag to None, run_after=None
[2025-11-12T19:09:43.436+0000] {processor.py:183} INFO - Processing /opt/airflow/dags/hello_dag.py took 0.125 seconds
[2025-11-12T19:10:14.201+0000] {processor.py:161} INFO - Started process (PID=552) to work on /opt/airflow/dags/hello_dag.py
[2025-11-12T19:10:14.203+0000] {processor.py:830} INFO - Processing file /opt/airflow/dags/hello_dag.py for tasks to queue
[2025-11-12T19:10:14.204+0000] {logging_mixin.py:188} INFO - [2025-11-12T19:10:14.203+0000] {dagbag.py:545} INFO - Filling up the DagBag from /opt/airflow/dags/hello_dag.py
[2025-11-12T19:10:14.239+0000] {processor.py:840} INFO - DAG(s) 'hello_dag' retrieved from /opt/airflow/dags/hello_dag.py
[2025-11-12T19:10:14.269+0000] {logging_mixin.py:188} INFO - [2025-11-12T19:10:14.268+0000] {dag.py:3096} INFO - Sync 1 DAGs
[2025-11-12T19:10:14.283+0000] {logging_mixin.py:188} INFO - [2025-11-12T19:10:14.283+0000] {dag.py:3954} INFO - Setting next_dagrun for hello_dag to None, run_after=None
[2025-11-12T19:10:14.314+0000] {processor.py:183} INFO - Processing /opt/airflow/dags/hello_dag.py took 0.119 seconds
[2025-11-12T19:10:44.384+0000] {processor.py:161} INFO - Started process (PID=613) to work on /opt/airflow/dags/hello_dag.py
[2025-11-12T19:10:44.385+0000] {processor.py:830} INFO - Processing file /opt/airflow/dags/hello_dag.py for tasks to queue
[2025-11-12T19:10:44.386+0000] {logging_mixin.py:188} INFO - [2025-11-12T19:10:44.386+0000] {dagbag.py:545} INFO - Filling up the DagBag from /opt/airflow/dags/hello_dag.py
[2025-11-12T19:10:44.408+0000] {processor.py:840} INFO - DAG(s) 'hello_dag' retrieved from /opt/airflow/dags/hello_dag.py
[2025-11-12T19:10:44.436+0000] {logging_mixin.py:188} INFO - [2025-11-12T19:10:44.435+0000] {dag.py:3096} INFO - Sync 1 DAGs
[2025-11-12T19:10:44.453+0000] {logging_mixin.py:188} INFO - [2025-11-12T19:10:44.453+0000] {dag.py:3954} INFO - Setting next_dagrun for hello_dag to None, run_after=None
[2025-11-12T19:10:44.486+0000] {processor.py:183} INFO - Processing /opt/airflow/dags/hello_dag.py took 0.107 seconds
[2025-11-12T19:11:14.738+0000] {processor.py:161} INFO - Started process (PID=673) to work on /opt/airflow/dags/hello_dag.py
[2025-11-12T19:11:14.743+0000] {processor.py:830} INFO - Processing file /opt/airflow/dags/hello_dag.py for tasks to queue
[2025-11-12T19:11:14.746+0000] {logging_mixin.py:188} INFO - [2025-11-12T19:11:14.745+0000] {dagbag.py:545} INFO - Filling up the DagBag from /opt/airflow/dags/hello_dag.py
[2025-11-12T19:11:14.782+0000] {processor.py:840} INFO - DAG(s) 'hello_dag' retrieved from /opt/airflow/dags/hello_dag.py
[2025-11-12T19:11:14.812+0000] {logging_mixin.py:188} INFO - [2025-11-12T19:11:14.812+0000] {dag.py:3096} INFO - Sync 1 DAGs
[2025-11-12T19:11:14.829+0000] {logging_mixin.py:188} INFO - [2025-11-12T19:11:14.828+0000] {dag.py:3954} INFO - Setting next_dagrun for hello_dag to None, run_after=None
[2025-11-12T19:11:14.866+0000] {processor.py:183} INFO - Processing /opt/airflow/dags/hello_dag.py took 0.134 seconds
[2025-11-12T19:11:45.042+0000] {processor.py:161} INFO - Started process (PID=733) to work on /opt/airflow/dags/hello_dag.py
[2025-11-12T19:11:45.044+0000] {processor.py:830} INFO - Processing file /opt/airflow/dags/hello_dag.py for tasks to queue
[2025-11-12T19:11:45.046+0000] {logging_mixin.py:188} INFO - [2025-11-12T19:11:45.045+0000] {dagbag.py:545} INFO - Filling up the DagBag from /opt/airflow/dags/hello_dag.py
[2025-11-12T19:11:45.068+0000] {processor.py:840} INFO - DAG(s) 'hello_dag' retrieved from /opt/airflow/dags/hello_dag.py
[2025-11-12T19:11:45.093+0000] {logging_mixin.py:188} INFO - [2025-11-12T19:11:45.093+0000] {dag.py:3096} INFO - Sync 1 DAGs
[2025-11-12T19:11:45.107+0000] {logging_mixin.py:188} INFO - [2025-11-12T19:11:45.107+0000] {dag.py:3954} INFO - Setting next_dagrun for hello_dag to None, run_after=None
[2025-11-12T19:11:45.162+0000] {processor.py:183} INFO - Processing /opt/airflow/dags/hello_dag.py took 0.127 seconds
[2025-11-12T19:12:15.332+0000] {processor.py:161} INFO - Started process (PID=794) to work on /opt/airflow/dags/hello_dag.py
[2025-11-12T19:12:15.333+0000] {processor.py:830} INFO - Processing file /opt/airflow/dags/hello_dag.py for tasks to queue
[2025-11-12T19:12:15.334+0000] {logging_mixin.py:188} INFO - [2025-11-12T19:12:15.333+0000] {dagbag.py:545} INFO - Filling up the DagBag from /opt/airflow/dags/hello_dag.py
[2025-11-12T19:12:15.359+0000] {processor.py:840} INFO - DAG(s) 'hello_dag' retrieved from /opt/airflow/dags/hello_dag.py
[2025-11-12T19:12:15.385+0000] {logging_mixin.py:188} INFO - [2025-11-12T19:12:15.385+0000] {dag.py:3096} INFO - Sync 1 DAGs
[2025-11-12T19:12:15.399+0000] {logging_mixin.py:188} INFO - [2025-11-12T19:12:15.398+0000] {dag.py:3954} INFO - Setting next_dagrun for hello_dag to None, run_after=None
[2025-11-12T19:12:15.421+0000] {processor.py:183} INFO - Processing /opt/airflow/dags/hello_dag.py took 0.094 seconds
[2025-11-12T19:12:45.580+0000] {processor.py:161} INFO - Started process (PID=853) to work on /opt/airflow/dags/hello_dag.py
[2025-11-12T19:12:45.582+0000] {processor.py:830} INFO - Processing file /opt/airflow/dags/hello_dag.py for tasks to queue
[2025-11-12T19:12:45.583+0000] {logging_mixin.py:188} INFO - [2025-11-12T19:12:45.582+0000] {dagbag.py:545} INFO - Filling up the DagBag from /opt/airflow/dags/hello_dag.py
[2025-11-12T19:12:45.621+0000] {processor.py:840} INFO - DAG(s) 'hello_dag' retrieved from /opt/airflow/dags/hello_dag.py
[2025-11-12T19:12:45.647+0000] {logging_mixin.py:188} INFO - [2025-11-12T19:12:45.646+0000] {dag.py:3096} INFO - Sync 1 DAGs
[2025-11-12T19:12:45.662+0000] {logging_mixin.py:188} INFO - [2025-11-12T19:12:45.661+0000] {dag.py:3954} INFO - Setting next_dagrun for hello_dag to None, run_after=None
[2025-11-12T19:12:45.689+0000] {processor.py:183} INFO - Processing /opt/airflow/dags/hello_dag.py took 0.117 seconds
[2025-11-12T19:13:15.845+0000] {processor.py:161} INFO - Started process (PID=913) to work on /opt/airflow/dags/hello_dag.py
[2025-11-12T19:13:15.847+0000] {processor.py:830} INFO - Processing file /opt/airflow/dags/hello_dag.py for tasks to queue
[2025-11-12T19:13:15.848+0000] {logging_mixin.py:188} INFO - [2025-11-12T19:13:15.847+0000] {dagbag.py:545} INFO - Filling up the DagBag from /opt/airflow/dags/hello_dag.py
[2025-11-12T19:13:15.878+0000] {processor.py:840} INFO - DAG(s) 'hello_dag' retrieved from /opt/airflow/dags/hello_dag.py
[2025-11-12T19:13:15.909+0000] {logging_mixin.py:188} INFO - [2025-11-12T19:13:15.908+0000] {dag.py:3096} INFO - Sync 1 DAGs
[2025-11-12T19:13:15.926+0000] {logging_mixin.py:188} INFO - [2025-11-12T19:13:15.926+0000] {dag.py:3954} INFO - Setting next_dagrun for hello_dag to None, run_after=None
[2025-11-12T19:13:15.951+0000] {processor.py:183} INFO - Processing /opt/airflow/dags/hello_dag.py took 0.117 seconds
[2025-11-12T19:13:46.197+0000] {processor.py:161} INFO - Started process (PID=974) to work on /opt/airflow/dags/hello_dag.py
[2025-11-12T19:13:46.199+0000] {processor.py:830} INFO - Processing file /opt/airflow/dags/hello_dag.py for tasks to queue
[2025-11-12T19:13:46.200+0000] {logging_mixin.py:188} INFO - [2025-11-12T19:13:46.199+0000] {dagbag.py:545} INFO - Filling up the DagBag from /opt/airflow/dags/hello_dag.py
[2025-11-12T19:13:46.224+0000] {processor.py:840} INFO - DAG(s) 'hello_dag' retrieved from /opt/airflow/dags/hello_dag.py
[2025-11-12T19:13:46.256+0000] {logging_mixin.py:188} INFO - [2025-11-12T19:13:46.255+0000] {dag.py:3096} INFO - Sync 1 DAGs
[2025-11-12T19:13:46.270+0000] {logging_mixin.py:188} INFO - [2025-11-12T19:13:46.270+0000] {dag.py:3954} INFO - Setting next_dagrun for hello_dag to None, run_after=None
[2025-11-12T19:13:46.300+0000] {processor.py:183} INFO - Processing /opt/airflow/dags/hello_dag.py took 0.107 seconds
[2025-11-12T19:14:16.763+0000] {processor.py:161} INFO - Started process (PID=1034) to work on /opt/airflow/dags/hello_dag.py
[2025-11-12T19:14:16.764+0000] {processor.py:830} INFO - Processing file /opt/airflow/dags/hello_dag.py for tasks to queue
[2025-11-12T19:14:16.766+0000] {logging_mixin.py:188} INFO - [2025-11-12T19:14:16.766+0000] {dagbag.py:545} INFO - Filling up the DagBag from /opt/airflow/dags/hello_dag.py
[2025-11-12T19:14:16.794+0000] {processor.py:840} INFO - DAG(s) 'hello_dag' retrieved from /opt/airflow/dags/hello_dag.py
[2025-11-12T19:14:16.821+0000] {logging_mixin.py:188} INFO - [2025-11-12T19:14:16.820+0000] {dag.py:3096} INFO - Sync 1 DAGs
[2025-11-12T19:14:16.834+0000] {logging_mixin.py:188} INFO - [2025-11-12T19:14:16.834+0000] {dag.py:3954} INFO - Setting next_dagrun for hello_dag to None, run_after=None
[2025-11-12T19:14:16.863+0000] {processor.py:183} INFO - Processing /opt/airflow/dags/hello_dag.py took 0.106 seconds
[2025-11-12T19:14:47.737+0000] {processor.py:161} INFO - Started process (PID=1094) to work on /opt/airflow/dags/hello_dag.py
[2025-11-12T19:14:47.743+0000] {processor.py:830} INFO - Processing file /opt/airflow/dags/hello_dag.py for tasks to queue
[2025-11-12T19:14:47.744+0000] {logging_mixin.py:188} INFO - [2025-11-12T19:14:47.744+0000] {dagbag.py:545} INFO - Filling up the DagBag from /opt/airflow/dags/hello_dag.py
[2025-11-12T19:14:47.768+0000] {processor.py:840} INFO - DAG(s) 'hello_dag' retrieved from /opt/airflow/dags/hello_dag.py
[2025-11-12T19:14:47.787+0000] {logging_mixin.py:188} INFO - [2025-11-12T19:14:47.787+0000] {dag.py:3096} INFO - Sync 1 DAGs
[2025-11-12T19:14:47.800+0000] {logging_mixin.py:188} INFO - [2025-11-12T19:14:47.800+0000] {dag.py:3954} INFO - Setting next_dagrun for hello_dag to None, run_after=None
[2025-11-12T19:14:47.820+0000] {processor.py:183} INFO - Processing /opt/airflow/dags/hello_dag.py took 0.089 seconds
[2025-11-12T19:15:18.740+0000] {processor.py:161} INFO - Started process (PID=1154) to work on /opt/airflow/dags/hello_dag.py
[2025-11-12T19:15:18.741+0000] {processor.py:830} INFO - Processing file /opt/airflow/dags/hello_dag.py for tasks to queue
[2025-11-12T19:15:18.744+0000] {logging_mixin.py:188} INFO - [2025-11-12T19:15:18.743+0000] {dagbag.py:545} INFO - Filling up the DagBag from /opt/airflow/dags/hello_dag.py
[2025-11-12T19:15:18.776+0000] {processor.py:840} INFO - DAG(s) 'hello_dag' retrieved from /opt/airflow/dags/hello_dag.py
[2025-11-12T19:15:18.808+0000] {logging_mixin.py:188} INFO - [2025-11-12T19:15:18.808+0000] {dag.py:3096} INFO - Sync 1 DAGs
[2025-11-12T19:15:18.822+0000] {logging_mixin.py:188} INFO - [2025-11-12T19:15:18.822+0000] {dag.py:3954} INFO - Setting next_dagrun for hello_dag to None, run_after=None
[2025-11-12T19:15:18.857+0000] {processor.py:183} INFO - Processing /opt/airflow/dags/hello_dag.py took 0.128 seconds
[2025-11-12T19:15:48.976+0000] {processor.py:161} INFO - Started process (PID=1214) to work on /opt/airflow/dags/hello_dag.py
[2025-11-12T19:15:48.977+0000] {processor.py:830} INFO - Processing file /opt/airflow/dags/hello_dag.py for tasks to queue
[2025-11-12T19:15:48.979+0000] {logging_mixin.py:188} INFO - [2025-11-12T19:15:48.978+0000] {dagbag.py:545} INFO - Filling up the DagBag from /opt/airflow/dags/hello_dag.py
[2025-11-12T19:15:49.006+0000] {processor.py:840} INFO - DAG(s) 'hello_dag' retrieved from /opt/airflow/dags/hello_dag.py
[2025-11-12T19:15:49.031+0000] {logging_mixin.py:188} INFO - [2025-11-12T19:15:49.030+0000] {dag.py:3096} INFO - Sync 1 DAGs
[2025-11-12T19:15:49.042+0000] {logging_mixin.py:188} INFO - [2025-11-12T19:15:49.041+0000] {dag.py:3954} INFO - Setting next_dagrun for hello_dag to None, run_after=None
[2025-11-12T19:15:49.062+0000] {processor.py:183} INFO - Processing /opt/airflow/dags/hello_dag.py took 0.091 seconds
[2025-11-12T19:16:54.386+0000] {processor.py:161} INFO - Started process (PID=70) to work on /opt/airflow/dags/hello_dag.py
[2025-11-12T19:16:54.388+0000] {processor.py:830} INFO - Processing file /opt/airflow/dags/hello_dag.py for tasks to queue
[2025-11-12T19:16:54.391+0000] {logging_mixin.py:188} INFO - [2025-11-12T19:16:54.391+0000] {dagbag.py:545} INFO - Filling up the DagBag from /opt/airflow/dags/hello_dag.py
[2025-11-12T19:16:54.437+0000] {processor.py:840} INFO - DAG(s) 'hello_dag' retrieved from /opt/airflow/dags/hello_dag.py
[2025-11-12T19:16:54.672+0000] {logging_mixin.py:188} INFO - [2025-11-12T19:16:54.671+0000] {dag.py:3096} INFO - Sync 1 DAGs
[2025-11-12T19:16:54.684+0000] {logging_mixin.py:188} INFO - [2025-11-12T19:16:54.683+0000] {dag.py:3954} INFO - Setting next_dagrun for hello_dag to None, run_after=None
[2025-11-12T19:16:54.710+0000] {processor.py:183} INFO - Processing /opt/airflow/dags/hello_dag.py took 0.334 seconds
[2025-11-12T19:17:25.791+0000] {processor.py:161} INFO - Started process (PID=130) to work on /opt/airflow/dags/hello_dag.py
[2025-11-12T19:17:25.792+0000] {processor.py:830} INFO - Processing file /opt/airflow/dags/hello_dag.py for tasks to queue
[2025-11-12T19:17:25.796+0000] {logging_mixin.py:188} INFO - [2025-11-12T19:17:25.795+0000] {dagbag.py:545} INFO - Filling up the DagBag from /opt/airflow/dags/hello_dag.py
[2025-11-12T19:17:25.818+0000] {processor.py:840} INFO - DAG(s) 'hello_dag' retrieved from /opt/airflow/dags/hello_dag.py
[2025-11-12T19:17:25.850+0000] {logging_mixin.py:188} INFO - [2025-11-12T19:17:25.849+0000] {dag.py:3096} INFO - Sync 1 DAGs
[2025-11-12T19:17:25.869+0000] {logging_mixin.py:188} INFO - [2025-11-12T19:17:25.868+0000] {dag.py:3954} INFO - Setting next_dagrun for hello_dag to None, run_after=None
[2025-11-12T19:17:25.901+0000] {processor.py:183} INFO - Processing /opt/airflow/dags/hello_dag.py took 0.118 seconds
[2025-11-12T19:17:56.409+0000] {processor.py:161} INFO - Started process (PID=190) to work on /opt/airflow/dags/hello_dag.py
[2025-11-12T19:17:56.410+0000] {processor.py:830} INFO - Processing file /opt/airflow/dags/hello_dag.py for tasks to queue
[2025-11-12T19:17:56.412+0000] {logging_mixin.py:188} INFO - [2025-11-12T19:17:56.412+0000] {dagbag.py:545} INFO - Filling up the DagBag from /opt/airflow/dags/hello_dag.py
[2025-11-12T19:17:56.431+0000] {processor.py:840} INFO - DAG(s) 'hello_dag' retrieved from /opt/airflow/dags/hello_dag.py
[2025-11-12T19:17:56.451+0000] {logging_mixin.py:188} INFO - [2025-11-12T19:17:56.450+0000] {dag.py:3096} INFO - Sync 1 DAGs
[2025-11-12T19:17:56.462+0000] {logging_mixin.py:188} INFO - [2025-11-12T19:17:56.461+0000] {dag.py:3954} INFO - Setting next_dagrun for hello_dag to None, run_after=None
[2025-11-12T19:17:56.484+0000] {processor.py:183} INFO - Processing /opt/airflow/dags/hello_dag.py took 0.079 seconds
[2025-11-12T19:18:27.530+0000] {processor.py:161} INFO - Started process (PID=250) to work on /opt/airflow/dags/hello_dag.py
[2025-11-12T19:18:27.532+0000] {processor.py:830} INFO - Processing file /opt/airflow/dags/hello_dag.py for tasks to queue
[2025-11-12T19:18:27.535+0000] {logging_mixin.py:188} INFO - [2025-11-12T19:18:27.534+0000] {dagbag.py:545} INFO - Filling up the DagBag from /opt/airflow/dags/hello_dag.py
[2025-11-12T19:18:27.560+0000] {processor.py:840} INFO - DAG(s) 'hello_dag' retrieved from /opt/airflow/dags/hello_dag.py
[2025-11-12T19:18:27.587+0000] {logging_mixin.py:188} INFO - [2025-11-12T19:18:27.586+0000] {dag.py:3096} INFO - Sync 1 DAGs
[2025-11-12T19:18:27.600+0000] {logging_mixin.py:188} INFO - [2025-11-12T19:18:27.600+0000] {dag.py:3954} INFO - Setting next_dagrun for hello_dag to None, run_after=None
[2025-11-12T19:18:27.624+0000] {processor.py:183} INFO - Processing /opt/airflow/dags/hello_dag.py took 0.101 seconds
[2025-11-12T19:18:57.972+0000] {processor.py:161} INFO - Started process (PID=311) to work on /opt/airflow/dags/hello_dag.py
[2025-11-12T19:18:57.974+0000] {processor.py:830} INFO - Processing file /opt/airflow/dags/hello_dag.py for tasks to queue
[2025-11-12T19:18:57.977+0000] {logging_mixin.py:188} INFO - [2025-11-12T19:18:57.976+0000] {dagbag.py:545} INFO - Filling up the DagBag from /opt/airflow/dags/hello_dag.py
[2025-11-12T19:18:58.002+0000] {processor.py:840} INFO - DAG(s) 'hello_dag' retrieved from /opt/airflow/dags/hello_dag.py
[2025-11-12T19:18:58.033+0000] {logging_mixin.py:188} INFO - [2025-11-12T19:18:58.032+0000] {dag.py:3096} INFO - Sync 1 DAGs
[2025-11-12T19:18:58.049+0000] {logging_mixin.py:188} INFO - [2025-11-12T19:18:58.049+0000] {dag.py:3954} INFO - Setting next_dagrun for hello_dag to None, run_after=None
[2025-11-12T19:18:58.080+0000] {processor.py:183} INFO - Processing /opt/airflow/dags/hello_dag.py took 0.117 seconds
[2025-11-12T19:19:28.381+0000] {processor.py:161} INFO - Started process (PID=371) to work on /opt/airflow/dags/hello_dag.py
[2025-11-12T19:19:28.384+0000] {processor.py:830} INFO - Processing file /opt/airflow/dags/hello_dag.py for tasks to queue
[2025-11-12T19:19:28.403+0000] {logging_mixin.py:188} INFO - [2025-11-12T19:19:28.403+0000] {dagbag.py:545} INFO - Filling up the DagBag from /opt/airflow/dags/hello_dag.py
[2025-11-12T19:19:28.426+0000] {processor.py:840} INFO - DAG(s) 'hello_dag' retrieved from /opt/airflow/dags/hello_dag.py
[2025-11-12T19:19:28.448+0000] {logging_mixin.py:188} INFO - [2025-11-12T19:19:28.447+0000] {dag.py:3096} INFO - Sync 1 DAGs
[2025-11-12T19:19:28.458+0000] {logging_mixin.py:188} INFO - [2025-11-12T19:19:28.458+0000] {dag.py:3954} INFO - Setting next_dagrun for hello_dag to None, run_after=None
[2025-11-12T19:19:28.485+0000] {processor.py:183} INFO - Processing /opt/airflow/dags/hello_dag.py took 0.110 seconds
[2025-11-12T19:19:59.142+0000] {processor.py:161} INFO - Started process (PID=431) to work on /opt/airflow/dags/hello_dag.py
[2025-11-12T19:19:59.143+0000] {processor.py:830} INFO - Processing file /opt/airflow/dags/hello_dag.py for tasks to queue
[2025-11-12T19:19:59.146+0000] {logging_mixin.py:188} INFO - [2025-11-12T19:19:59.146+0000] {dagbag.py:545} INFO - Filling up the DagBag from /opt/airflow/dags/hello_dag.py
[2025-11-12T19:19:59.175+0000] {processor.py:840} INFO - DAG(s) 'hello_dag' retrieved from /opt/airflow/dags/hello_dag.py
[2025-11-12T19:19:59.211+0000] {logging_mixin.py:188} INFO - [2025-11-12T19:19:59.210+0000] {dag.py:3096} INFO - Sync 1 DAGs
[2025-11-12T19:19:59.223+0000] {logging_mixin.py:188} INFO - [2025-11-12T19:19:59.223+0000] {dag.py:3954} INFO - Setting next_dagrun for hello_dag to None, run_after=None
[2025-11-12T19:19:59.250+0000] {processor.py:183} INFO - Processing /opt/airflow/dags/hello_dag.py took 0.115 seconds
[2025-11-12T19:20:29.890+0000] {processor.py:161} INFO - Started process (PID=492) to work on /opt/airflow/dags/hello_dag.py
[2025-11-12T19:20:29.892+0000] {processor.py:830} INFO - Processing file /opt/airflow/dags/hello_dag.py for tasks to queue
[2025-11-12T19:20:29.896+0000] {logging_mixin.py:188} INFO - [2025-11-12T19:20:29.896+0000] {dagbag.py:545} INFO - Filling up the DagBag from /opt/airflow/dags/hello_dag.py
[2025-11-12T19:20:29.921+0000] {processor.py:840} INFO - DAG(s) 'hello_dag' retrieved from /opt/airflow/dags/hello_dag.py
[2025-11-12T19:20:29.949+0000] {logging_mixin.py:188} INFO - [2025-11-12T19:20:29.948+0000] {dag.py:3096} INFO - Sync 1 DAGs
[2025-11-12T19:20:29.962+0000] {logging_mixin.py:188} INFO - [2025-11-12T19:20:29.962+0000] {dag.py:3954} INFO - Setting next_dagrun for hello_dag to None, run_after=None
[2025-11-12T19:20:29.987+0000] {processor.py:183} INFO - Processing /opt/airflow/dags/hello_dag.py took 0.104 seconds
[2025-11-12T19:21:00.272+0000] {processor.py:161} INFO - Started process (PID=552) to work on /opt/airflow/dags/hello_dag.py
[2025-11-12T19:21:00.274+0000] {processor.py:830} INFO - Processing file /opt/airflow/dags/hello_dag.py for tasks to queue
[2025-11-12T19:21:00.276+0000] {logging_mixin.py:188} INFO - [2025-11-12T19:21:00.276+0000] {dagbag.py:545} INFO - Filling up the DagBag from /opt/airflow/dags/hello_dag.py
[2025-11-12T19:21:00.295+0000] {processor.py:840} INFO - DAG(s) 'hello_dag' retrieved from /opt/airflow/dags/hello_dag.py
[2025-11-12T19:21:00.315+0000] {logging_mixin.py:188} INFO - [2025-11-12T19:21:00.315+0000] {dag.py:3096} INFO - Sync 1 DAGs
[2025-11-12T19:21:00.324+0000] {logging_mixin.py:188} INFO - [2025-11-12T19:21:00.324+0000] {dag.py:3954} INFO - Setting next_dagrun for hello_dag to None, run_after=None
[2025-11-12T19:21:00.343+0000] {processor.py:183} INFO - Processing /opt/airflow/dags/hello_dag.py took 0.076 seconds
[2025-11-12T19:21:30.519+0000] {processor.py:161} INFO - Started process (PID=612) to work on /opt/airflow/dags/hello_dag.py
[2025-11-12T19:21:30.521+0000] {processor.py:830} INFO - Processing file /opt/airflow/dags/hello_dag.py for tasks to queue
[2025-11-12T19:21:30.523+0000] {logging_mixin.py:188} INFO - [2025-11-12T19:21:30.523+0000] {dagbag.py:545} INFO - Filling up the DagBag from /opt/airflow/dags/hello_dag.py
[2025-11-12T19:21:30.547+0000] {processor.py:840} INFO - DAG(s) 'hello_dag' retrieved from /opt/airflow/dags/hello_dag.py
[2025-11-12T19:21:30.568+0000] {logging_mixin.py:188} INFO - [2025-11-12T19:21:30.567+0000] {dag.py:3096} INFO - Sync 1 DAGs
[2025-11-12T19:21:30.578+0000] {logging_mixin.py:188} INFO - [2025-11-12T19:21:30.578+0000] {dag.py:3954} INFO - Setting next_dagrun for hello_dag to None, run_after=None
[2025-11-12T19:21:30.601+0000] {processor.py:183} INFO - Processing /opt/airflow/dags/hello_dag.py took 0.089 seconds
[2025-11-12T19:22:01.008+0000] {processor.py:161} INFO - Started process (PID=672) to work on /opt/airflow/dags/hello_dag.py
[2025-11-12T19:22:01.009+0000] {processor.py:830} INFO - Processing file /opt/airflow/dags/hello_dag.py for tasks to queue
[2025-11-12T19:22:01.011+0000] {logging_mixin.py:188} INFO - [2025-11-12T19:22:01.011+0000] {dagbag.py:545} INFO - Filling up the DagBag from /opt/airflow/dags/hello_dag.py
[2025-11-12T19:22:01.033+0000] {processor.py:840} INFO - DAG(s) 'hello_dag' retrieved from /opt/airflow/dags/hello_dag.py
[2025-11-12T19:22:01.054+0000] {logging_mixin.py:188} INFO - [2025-11-12T19:22:01.054+0000] {dag.py:3096} INFO - Sync 1 DAGs
[2025-11-12T19:22:01.063+0000] {logging_mixin.py:188} INFO - [2025-11-12T19:22:01.063+0000] {dag.py:3954} INFO - Setting next_dagrun for hello_dag to None, run_after=None
[2025-11-12T19:22:01.086+0000] {processor.py:183} INFO - Processing /opt/airflow/dags/hello_dag.py took 0.083 seconds
[2025-11-12T19:22:31.165+0000] {processor.py:161} INFO - Started process (PID=733) to work on /opt/airflow/dags/hello_dag.py
[2025-11-12T19:22:31.166+0000] {processor.py:830} INFO - Processing file /opt/airflow/dags/hello_dag.py for tasks to queue
[2025-11-12T19:22:31.169+0000] {logging_mixin.py:188} INFO - [2025-11-12T19:22:31.168+0000] {dagbag.py:545} INFO - Filling up the DagBag from /opt/airflow/dags/hello_dag.py
[2025-11-12T19:22:31.192+0000] {processor.py:840} INFO - DAG(s) 'hello_dag' retrieved from /opt/airflow/dags/hello_dag.py
[2025-11-12T19:22:31.218+0000] {logging_mixin.py:188} INFO - [2025-11-12T19:22:31.217+0000] {dag.py:3096} INFO - Sync 1 DAGs
[2025-11-12T19:22:31.231+0000] {logging_mixin.py:188} INFO - [2025-11-12T19:22:31.231+0000] {dag.py:3954} INFO - Setting next_dagrun for hello_dag to None, run_after=None
[2025-11-12T19:22:31.257+0000] {processor.py:183} INFO - Processing /opt/airflow/dags/hello_dag.py took 0.098 seconds
[2025-11-12T19:23:01.536+0000] {processor.py:161} INFO - Started process (PID=793) to work on /opt/airflow/dags/hello_dag.py
[2025-11-12T19:23:01.537+0000] {processor.py:830} INFO - Processing file /opt/airflow/dags/hello_dag.py for tasks to queue
[2025-11-12T19:23:01.539+0000] {logging_mixin.py:188} INFO - [2025-11-12T19:23:01.539+0000] {dagbag.py:545} INFO - Filling up the DagBag from /opt/airflow/dags/hello_dag.py
[2025-11-12T19:23:01.561+0000] {processor.py:840} INFO - DAG(s) 'hello_dag' retrieved from /opt/airflow/dags/hello_dag.py
[2025-11-12T19:23:01.593+0000] {logging_mixin.py:188} INFO - [2025-11-12T19:23:01.592+0000] {dag.py:3096} INFO - Sync 1 DAGs
[2025-11-12T19:23:01.604+0000] {logging_mixin.py:188} INFO - [2025-11-12T19:23:01.603+0000] {dag.py:3954} INFO - Setting next_dagrun for hello_dag to None, run_after=None
[2025-11-12T19:23:01.622+0000] {processor.py:183} INFO - Processing /opt/airflow/dags/hello_dag.py took 0.091 seconds
[2025-11-12T19:23:31.977+0000] {processor.py:161} INFO - Started process (PID=853) to work on /opt/airflow/dags/hello_dag.py
[2025-11-12T19:23:31.978+0000] {processor.py:830} INFO - Processing file /opt/airflow/dags/hello_dag.py for tasks to queue
[2025-11-12T19:23:31.982+0000] {logging_mixin.py:188} INFO - [2025-11-12T19:23:31.981+0000] {dagbag.py:545} INFO - Filling up the DagBag from /opt/airflow/dags/hello_dag.py
[2025-11-12T19:23:32.004+0000] {processor.py:840} INFO - DAG(s) 'hello_dag' retrieved from /opt/airflow/dags/hello_dag.py
[2025-11-12T19:23:32.022+0000] {logging_mixin.py:188} INFO - [2025-11-12T19:23:32.021+0000] {dag.py:3096} INFO - Sync 1 DAGs
[2025-11-12T19:23:32.031+0000] {logging_mixin.py:188} INFO - [2025-11-12T19:23:32.031+0000] {dag.py:3954} INFO - Setting next_dagrun for hello_dag to None, run_after=None
[2025-11-12T19:23:32.050+0000] {processor.py:183} INFO - Processing /opt/airflow/dags/hello_dag.py took 0.080 seconds
[2025-11-12T19:24:02.224+0000] {processor.py:161} INFO - Started process (PID=913) to work on /opt/airflow/dags/hello_dag.py
[2025-11-12T19:24:02.225+0000] {processor.py:830} INFO - Processing file /opt/airflow/dags/hello_dag.py for tasks to queue
[2025-11-12T19:24:02.228+0000] {logging_mixin.py:188} INFO - [2025-11-12T19:24:02.227+0000] {dagbag.py:545} INFO - Filling up the DagBag from /opt/airflow/dags/hello_dag.py
[2025-11-12T19:24:02.252+0000] {processor.py:840} INFO - DAG(s) 'hello_dag' retrieved from /opt/airflow/dags/hello_dag.py
[2025-11-12T19:24:02.272+0000] {logging_mixin.py:188} INFO - [2025-11-12T19:24:02.271+0000] {dag.py:3096} INFO - Sync 1 DAGs
[2025-11-12T19:24:02.283+0000] {logging_mixin.py:188} INFO - [2025-11-12T19:24:02.282+0000] {dag.py:3954} INFO - Setting next_dagrun for hello_dag to None, run_after=None
[2025-11-12T19:24:02.307+0000] {processor.py:183} INFO - Processing /opt/airflow/dags/hello_dag.py took 0.089 seconds
[2025-11-12T19:24:32.547+0000] {processor.py:161} INFO - Started process (PID=973) to work on /opt/airflow/dags/hello_dag.py
[2025-11-12T19:24:32.548+0000] {processor.py:830} INFO - Processing file /opt/airflow/dags/hello_dag.py for tasks to queue
[2025-11-12T19:24:32.552+0000] {logging_mixin.py:188} INFO - [2025-11-12T19:24:32.551+0000] {dagbag.py:545} INFO - Filling up the DagBag from /opt/airflow/dags/hello_dag.py
[2025-11-12T19:24:32.574+0000] {processor.py:840} INFO - DAG(s) 'hello_dag' retrieved from /opt/airflow/dags/hello_dag.py
[2025-11-12T19:24:32.602+0000] {logging_mixin.py:188} INFO - [2025-11-12T19:24:32.601+0000] {dag.py:3096} INFO - Sync 1 DAGs
[2025-11-12T19:24:32.617+0000] {logging_mixin.py:188} INFO - [2025-11-12T19:24:32.616+0000] {dag.py:3954} INFO - Setting next_dagrun for hello_dag to None, run_after=None
[2025-11-12T19:24:32.639+0000] {processor.py:183} INFO - Processing /opt/airflow/dags/hello_dag.py took 0.101 seconds
[2025-11-12T19:25:03.586+0000] {processor.py:161} INFO - Started process (PID=1033) to work on /opt/airflow/dags/hello_dag.py
[2025-11-12T19:25:03.588+0000] {processor.py:830} INFO - Processing file /opt/airflow/dags/hello_dag.py for tasks to queue
[2025-11-12T19:25:03.590+0000] {logging_mixin.py:188} INFO - [2025-11-12T19:25:03.590+0000] {dagbag.py:545} INFO - Filling up the DagBag from /opt/airflow/dags/hello_dag.py
[2025-11-12T19:25:03.612+0000] {processor.py:840} INFO - DAG(s) 'hello_dag' retrieved from /opt/airflow/dags/hello_dag.py
[2025-11-12T19:25:03.631+0000] {logging_mixin.py:188} INFO - [2025-11-12T19:25:03.630+0000] {dag.py:3096} INFO - Sync 1 DAGs
[2025-11-12T19:25:03.642+0000] {logging_mixin.py:188} INFO - [2025-11-12T19:25:03.642+0000] {dag.py:3954} INFO - Setting next_dagrun for hello_dag to None, run_after=None
[2025-11-12T19:25:03.667+0000] {processor.py:183} INFO - Processing /opt/airflow/dags/hello_dag.py took 0.087 seconds
[2025-11-12T19:25:33.833+0000] {processor.py:161} INFO - Started process (PID=1093) to work on /opt/airflow/dags/hello_dag.py
[2025-11-12T19:25:33.834+0000] {processor.py:830} INFO - Processing file /opt/airflow/dags/hello_dag.py for tasks to queue
[2025-11-12T19:25:33.837+0000] {logging_mixin.py:188} INFO - [2025-11-12T19:25:33.837+0000] {dagbag.py:545} INFO - Filling up the DagBag from /opt/airflow/dags/hello_dag.py
[2025-11-12T19:25:33.859+0000] {processor.py:840} INFO - DAG(s) 'hello_dag' retrieved from /opt/airflow/dags/hello_dag.py
[2025-11-12T19:25:33.882+0000] {logging_mixin.py:188} INFO - [2025-11-12T19:25:33.882+0000] {dag.py:3096} INFO - Sync 1 DAGs
[2025-11-12T19:25:33.893+0000] {logging_mixin.py:188} INFO - [2025-11-12T19:25:33.893+0000] {dag.py:3954} INFO - Setting next_dagrun for hello_dag to None, run_after=None
[2025-11-12T19:25:33.921+0000] {processor.py:183} INFO - Processing /opt/airflow/dags/hello_dag.py took 0.093 seconds
[2025-11-12T19:26:04.143+0000] {processor.py:161} INFO - Started process (PID=1153) to work on /opt/airflow/dags/hello_dag.py
[2025-11-12T19:26:04.144+0000] {processor.py:830} INFO - Processing file /opt/airflow/dags/hello_dag.py for tasks to queue
[2025-11-12T19:26:04.147+0000] {logging_mixin.py:188} INFO - [2025-11-12T19:26:04.147+0000] {dagbag.py:545} INFO - Filling up the DagBag from /opt/airflow/dags/hello_dag.py
[2025-11-12T19:26:04.176+0000] {processor.py:840} INFO - DAG(s) 'hello_dag' retrieved from /opt/airflow/dags/hello_dag.py
[2025-11-12T19:26:04.206+0000] {logging_mixin.py:188} INFO - [2025-11-12T19:26:04.206+0000] {dag.py:3096} INFO - Sync 1 DAGs
[2025-11-12T19:26:04.221+0000] {logging_mixin.py:188} INFO - [2025-11-12T19:26:04.221+0000] {dag.py:3954} INFO - Setting next_dagrun for hello_dag to None, run_after=None
[2025-11-12T19:26:04.251+0000] {processor.py:183} INFO - Processing /opt/airflow/dags/hello_dag.py took 0.117 seconds
[2025-11-12T19:26:34.678+0000] {processor.py:161} INFO - Started process (PID=1214) to work on /opt/airflow/dags/hello_dag.py
[2025-11-12T19:26:34.679+0000] {processor.py:830} INFO - Processing file /opt/airflow/dags/hello_dag.py for tasks to queue
[2025-11-12T19:26:34.682+0000] {logging_mixin.py:188} INFO - [2025-11-12T19:26:34.681+0000] {dagbag.py:545} INFO - Filling up the DagBag from /opt/airflow/dags/hello_dag.py
[2025-11-12T19:26:34.709+0000] {processor.py:840} INFO - DAG(s) 'hello_dag' retrieved from /opt/airflow/dags/hello_dag.py
[2025-11-12T19:26:34.737+0000] {logging_mixin.py:188} INFO - [2025-11-12T19:26:34.735+0000] {dag.py:3096} INFO - Sync 1 DAGs
[2025-11-12T19:26:34.754+0000] {logging_mixin.py:188} INFO - [2025-11-12T19:26:34.754+0000] {dag.py:3954} INFO - Setting next_dagrun for hello_dag to None, run_after=None
[2025-11-12T19:26:34.789+0000] {processor.py:183} INFO - Processing /opt/airflow/dags/hello_dag.py took 0.117 seconds
[2025-11-12T19:27:05.246+0000] {processor.py:161} INFO - Started process (PID=1274) to work on /opt/airflow/dags/hello_dag.py
[2025-11-12T19:27:05.247+0000] {processor.py:830} INFO - Processing file /opt/airflow/dags/hello_dag.py for tasks to queue
[2025-11-12T19:27:05.249+0000] {logging_mixin.py:188} INFO - [2025-11-12T19:27:05.249+0000] {dagbag.py:545} INFO - Filling up the DagBag from /opt/airflow/dags/hello_dag.py
[2025-11-12T19:27:05.270+0000] {processor.py:840} INFO - DAG(s) 'hello_dag' retrieved from /opt/airflow/dags/hello_dag.py
[2025-11-12T19:27:05.291+0000] {logging_mixin.py:188} INFO - [2025-11-12T19:27:05.290+0000] {dag.py:3096} INFO - Sync 1 DAGs
[2025-11-12T19:27:05.301+0000] {logging_mixin.py:188} INFO - [2025-11-12T19:27:05.301+0000] {dag.py:3954} INFO - Setting next_dagrun for hello_dag to None, run_after=None
[2025-11-12T19:27:05.324+0000] {processor.py:183} INFO - Processing /opt/airflow/dags/hello_dag.py took 0.083 seconds
[2025-11-12T19:27:35.414+0000] {processor.py:161} INFO - Started process (PID=1334) to work on /opt/airflow/dags/hello_dag.py
[2025-11-12T19:27:35.415+0000] {processor.py:830} INFO - Processing file /opt/airflow/dags/hello_dag.py for tasks to queue
[2025-11-12T19:27:35.419+0000] {logging_mixin.py:188} INFO - [2025-11-12T19:27:35.419+0000] {dagbag.py:545} INFO - Filling up the DagBag from /opt/airflow/dags/hello_dag.py
[2025-11-12T19:27:35.447+0000] {processor.py:840} INFO - DAG(s) 'hello_dag' retrieved from /opt/airflow/dags/hello_dag.py
[2025-11-12T19:27:35.475+0000] {logging_mixin.py:188} INFO - [2025-11-12T19:27:35.474+0000] {dag.py:3096} INFO - Sync 1 DAGs
[2025-11-12T19:27:35.497+0000] {logging_mixin.py:188} INFO - [2025-11-12T19:27:35.497+0000] {dag.py:3954} INFO - Setting next_dagrun for hello_dag to None, run_after=None
[2025-11-12T19:27:35.536+0000] {processor.py:183} INFO - Processing /opt/airflow/dags/hello_dag.py took 0.132 seconds
[2025-11-12T19:28:06.052+0000] {processor.py:161} INFO - Started process (PID=1395) to work on /opt/airflow/dags/hello_dag.py
[2025-11-12T19:28:06.053+0000] {processor.py:830} INFO - Processing file /opt/airflow/dags/hello_dag.py for tasks to queue
[2025-11-12T19:28:06.056+0000] {logging_mixin.py:188} INFO - [2025-11-12T19:28:06.056+0000] {dagbag.py:545} INFO - Filling up the DagBag from /opt/airflow/dags/hello_dag.py
[2025-11-12T19:28:06.078+0000] {processor.py:840} INFO - DAG(s) 'hello_dag' retrieved from /opt/airflow/dags/hello_dag.py
[2025-11-12T19:28:06.097+0000] {logging_mixin.py:188} INFO - [2025-11-12T19:28:06.096+0000] {dag.py:3096} INFO - Sync 1 DAGs
[2025-11-12T19:28:06.108+0000] {logging_mixin.py:188} INFO - [2025-11-12T19:28:06.108+0000] {dag.py:3954} INFO - Setting next_dagrun for hello_dag to None, run_after=None
[2025-11-12T19:28:06.129+0000] {processor.py:183} INFO - Processing /opt/airflow/dags/hello_dag.py took 0.082 seconds
[2025-11-12T19:28:37.083+0000] {processor.py:161} INFO - Started process (PID=1455) to work on /opt/airflow/dags/hello_dag.py
[2025-11-12T19:28:37.085+0000] {processor.py:830} INFO - Processing file /opt/airflow/dags/hello_dag.py for tasks to queue
[2025-11-12T19:28:37.088+0000] {logging_mixin.py:188} INFO - [2025-11-12T19:28:37.087+0000] {dagbag.py:545} INFO - Filling up the DagBag from /opt/airflow/dags/hello_dag.py
[2025-11-12T19:28:37.111+0000] {processor.py:840} INFO - DAG(s) 'hello_dag' retrieved from /opt/airflow/dags/hello_dag.py
[2025-11-12T19:28:37.135+0000] {logging_mixin.py:188} INFO - [2025-11-12T19:28:37.135+0000] {dag.py:3096} INFO - Sync 1 DAGs
[2025-11-12T19:28:37.145+0000] {logging_mixin.py:188} INFO - [2025-11-12T19:28:37.145+0000] {dag.py:3954} INFO - Setting next_dagrun for hello_dag to None, run_after=None
[2025-11-12T19:28:37.166+0000] {processor.py:183} INFO - Processing /opt/airflow/dags/hello_dag.py took 0.091 seconds
[2025-11-12T19:29:07.339+0000] {processor.py:161} INFO - Started process (PID=1515) to work on /opt/airflow/dags/hello_dag.py
[2025-11-12T19:29:07.341+0000] {processor.py:830} INFO - Processing file /opt/airflow/dags/hello_dag.py for tasks to queue
[2025-11-12T19:29:07.347+0000] {logging_mixin.py:188} INFO - [2025-11-12T19:29:07.347+0000] {dagbag.py:545} INFO - Filling up the DagBag from /opt/airflow/dags/hello_dag.py
[2025-11-12T19:29:07.385+0000] {processor.py:840} INFO - DAG(s) 'hello_dag' retrieved from /opt/airflow/dags/hello_dag.py
[2025-11-12T19:29:07.419+0000] {logging_mixin.py:188} INFO - [2025-11-12T19:29:07.418+0000] {dag.py:3096} INFO - Sync 1 DAGs
[2025-11-12T19:29:07.439+0000] {logging_mixin.py:188} INFO - [2025-11-12T19:29:07.438+0000] {dag.py:3954} INFO - Setting next_dagrun for hello_dag to None, run_after=None
[2025-11-12T19:29:07.780+0000] {processor.py:183} INFO - Processing /opt/airflow/dags/hello_dag.py took 0.451 seconds
[2025-11-12T19:29:37.963+0000] {processor.py:161} INFO - Started process (PID=1575) to work on /opt/airflow/dags/hello_dag.py
[2025-11-12T19:29:37.964+0000] {processor.py:830} INFO - Processing file /opt/airflow/dags/hello_dag.py for tasks to queue
[2025-11-12T19:29:37.967+0000] {logging_mixin.py:188} INFO - [2025-11-12T19:29:37.967+0000] {dagbag.py:545} INFO - Filling up the DagBag from /opt/airflow/dags/hello_dag.py
[2025-11-12T19:29:37.993+0000] {processor.py:840} INFO - DAG(s) 'hello_dag' retrieved from /opt/airflow/dags/hello_dag.py
[2025-11-12T19:29:38.018+0000] {logging_mixin.py:188} INFO - [2025-11-12T19:29:38.017+0000] {dag.py:3096} INFO - Sync 1 DAGs
[2025-11-12T19:29:38.031+0000] {logging_mixin.py:188} INFO - [2025-11-12T19:29:38.031+0000] {dag.py:3954} INFO - Setting next_dagrun for hello_dag to None, run_after=None
[2025-11-12T19:29:38.060+0000] {processor.py:183} INFO - Processing /opt/airflow/dags/hello_dag.py took 0.103 seconds
[2025-11-12T19:30:08.299+0000] {processor.py:161} INFO - Started process (PID=1635) to work on /opt/airflow/dags/hello_dag.py
[2025-11-12T19:30:08.300+0000] {processor.py:830} INFO - Processing file /opt/airflow/dags/hello_dag.py for tasks to queue
[2025-11-12T19:30:08.302+0000] {logging_mixin.py:188} INFO - [2025-11-12T19:30:08.301+0000] {dagbag.py:545} INFO - Filling up the DagBag from /opt/airflow/dags/hello_dag.py
[2025-11-12T19:30:08.323+0000] {processor.py:840} INFO - DAG(s) 'hello_dag' retrieved from /opt/airflow/dags/hello_dag.py
[2025-11-12T19:30:08.343+0000] {logging_mixin.py:188} INFO - [2025-11-12T19:30:08.342+0000] {dag.py:3096} INFO - Sync 1 DAGs
[2025-11-12T19:30:08.357+0000] {logging_mixin.py:188} INFO - [2025-11-12T19:30:08.356+0000] {dag.py:3954} INFO - Setting next_dagrun for hello_dag to None, run_after=None
[2025-11-12T19:30:08.416+0000] {processor.py:183} INFO - Processing /opt/airflow/dags/hello_dag.py took 0.125 seconds
[2025-11-12T19:30:39.072+0000] {processor.py:161} INFO - Started process (PID=1695) to work on /opt/airflow/dags/hello_dag.py
[2025-11-12T19:30:39.073+0000] {processor.py:830} INFO - Processing file /opt/airflow/dags/hello_dag.py for tasks to queue
[2025-11-12T19:30:39.075+0000] {logging_mixin.py:188} INFO - [2025-11-12T19:30:39.075+0000] {dagbag.py:545} INFO - Filling up the DagBag from /opt/airflow/dags/hello_dag.py
[2025-11-12T19:30:39.098+0000] {processor.py:840} INFO - DAG(s) 'hello_dag' retrieved from /opt/airflow/dags/hello_dag.py
[2025-11-12T19:30:39.127+0000] {logging_mixin.py:188} INFO - [2025-11-12T19:30:39.126+0000] {dag.py:3096} INFO - Sync 1 DAGs
[2025-11-12T19:30:39.140+0000] {logging_mixin.py:188} INFO - [2025-11-12T19:30:39.140+0000] {dag.py:3954} INFO - Setting next_dagrun for hello_dag to None, run_after=None
[2025-11-12T19:30:39.174+0000] {processor.py:183} INFO - Processing /opt/airflow/dags/hello_dag.py took 0.108 seconds
[2025-11-12T19:31:09.407+0000] {processor.py:161} INFO - Started process (PID=1755) to work on /opt/airflow/dags/hello_dag.py
[2025-11-12T19:31:09.408+0000] {processor.py:830} INFO - Processing file /opt/airflow/dags/hello_dag.py for tasks to queue
[2025-11-12T19:31:09.412+0000] {logging_mixin.py:188} INFO - [2025-11-12T19:31:09.412+0000] {dagbag.py:545} INFO - Filling up the DagBag from /opt/airflow/dags/hello_dag.py
[2025-11-12T19:31:09.454+0000] {processor.py:840} INFO - DAG(s) 'hello_dag' retrieved from /opt/airflow/dags/hello_dag.py
[2025-11-12T19:31:09.487+0000] {logging_mixin.py:188} INFO - [2025-11-12T19:31:09.486+0000] {dag.py:3096} INFO - Sync 1 DAGs
[2025-11-12T19:31:09.502+0000] {logging_mixin.py:188} INFO - [2025-11-12T19:31:09.502+0000] {dag.py:3954} INFO - Setting next_dagrun for hello_dag to None, run_after=None
[2025-11-12T19:31:09.528+0000] {processor.py:183} INFO - Processing /opt/airflow/dags/hello_dag.py took 0.130 seconds
[2025-11-12T19:31:40.136+0000] {processor.py:161} INFO - Started process (PID=1817) to work on /opt/airflow/dags/hello_dag.py
[2025-11-12T19:31:40.137+0000] {processor.py:830} INFO - Processing file /opt/airflow/dags/hello_dag.py for tasks to queue
[2025-11-12T19:31:40.139+0000] {logging_mixin.py:188} INFO - [2025-11-12T19:31:40.139+0000] {dagbag.py:545} INFO - Filling up the DagBag from /opt/airflow/dags/hello_dag.py
[2025-11-12T19:31:40.168+0000] {processor.py:840} INFO - DAG(s) 'hello_dag' retrieved from /opt/airflow/dags/hello_dag.py
[2025-11-12T19:31:40.187+0000] {logging_mixin.py:188} INFO - [2025-11-12T19:31:40.186+0000] {dag.py:3096} INFO - Sync 1 DAGs
[2025-11-12T19:31:40.198+0000] {logging_mixin.py:188} INFO - [2025-11-12T19:31:40.198+0000] {dag.py:3954} INFO - Setting next_dagrun for hello_dag to None, run_after=None
[2025-11-12T19:31:40.232+0000] {processor.py:183} INFO - Processing /opt/airflow/dags/hello_dag.py took 0.101 seconds
