[2025-11-12T19:04:54.151+0000] {processor.py:161} INFO - Started process (PID=61) to work on /opt/airflow/dags/ingest_flight_status.py
[2025-11-12T19:04:54.153+0000] {processor.py:830} INFO - Processing file /opt/airflow/dags/ingest_flight_status.py for tasks to queue
[2025-11-12T19:04:54.156+0000] {logging_mixin.py:188} INFO - [2025-11-12T19:04:54.155+0000] {dagbag.py:545} INFO - Filling up the DagBag from /opt/airflow/dags/ingest_flight_status.py
[2025-11-12T19:04:54.223+0000] {processor.py:840} INFO - DAG(s) 'ingest_flight_status' retrieved from /opt/airflow/dags/ingest_flight_status.py
[2025-11-12T19:06:08.053+0000] {processor.py:161} INFO - Started process (PID=68) to work on /opt/airflow/dags/ingest_flight_status.py
[2025-11-12T19:06:08.054+0000] {processor.py:830} INFO - Processing file /opt/airflow/dags/ingest_flight_status.py for tasks to queue
[2025-11-12T19:06:08.058+0000] {logging_mixin.py:188} INFO - [2025-11-12T19:06:08.058+0000] {dagbag.py:545} INFO - Filling up the DagBag from /opt/airflow/dags/ingest_flight_status.py
[2025-11-12T19:06:08.127+0000] {processor.py:840} INFO - DAG(s) 'ingest_flight_status' retrieved from /opt/airflow/dags/ingest_flight_status.py
[2025-11-12T19:06:08.408+0000] {logging_mixin.py:188} INFO - [2025-11-12T19:06:08.408+0000] {dag.py:3096} INFO - Sync 1 DAGs
[2025-11-12T19:06:08.439+0000] {logging_mixin.py:188} INFO - [2025-11-12T19:06:08.439+0000] {dag.py:3954} INFO - Setting next_dagrun for ingest_flight_status to 2025-11-12 18:00:00+00:00, run_after=2025-11-12 19:00:00+00:00
[2025-11-12T19:06:08.473+0000] {processor.py:183} INFO - Processing /opt/airflow/dags/ingest_flight_status.py took 0.427 seconds
[2025-11-12T19:06:39.204+0000] {processor.py:161} INFO - Started process (PID=128) to work on /opt/airflow/dags/ingest_flight_status.py
[2025-11-12T19:06:39.206+0000] {processor.py:830} INFO - Processing file /opt/airflow/dags/ingest_flight_status.py for tasks to queue
[2025-11-12T19:06:39.217+0000] {logging_mixin.py:188} INFO - [2025-11-12T19:06:39.216+0000] {dagbag.py:545} INFO - Filling up the DagBag from /opt/airflow/dags/ingest_flight_status.py
[2025-11-12T19:06:39.253+0000] {processor.py:840} INFO - DAG(s) 'ingest_flight_status' retrieved from /opt/airflow/dags/ingest_flight_status.py
[2025-11-12T19:06:39.277+0000] {logging_mixin.py:188} INFO - [2025-11-12T19:06:39.276+0000] {dag.py:3096} INFO - Sync 1 DAGs
[2025-11-12T19:06:39.311+0000] {logging_mixin.py:188} INFO - [2025-11-12T19:06:39.310+0000] {dag.py:3954} INFO - Setting next_dagrun for ingest_flight_status to 2025-11-12 19:00:00+00:00, run_after=2025-11-12 20:00:00+00:00
[2025-11-12T19:06:39.355+0000] {processor.py:183} INFO - Processing /opt/airflow/dags/ingest_flight_status.py took 0.161 seconds
[2025-11-12T19:06:42.022+0000] {processor.py:161} INFO - Started process (PID=147) to work on /opt/airflow/dags/ingest_flight_status.py
[2025-11-12T19:06:42.024+0000] {processor.py:830} INFO - Processing file /opt/airflow/dags/ingest_flight_status.py for tasks to queue
[2025-11-12T19:06:42.027+0000] {logging_mixin.py:188} INFO - [2025-11-12T19:06:42.027+0000] {dagbag.py:545} INFO - Filling up the DagBag from /opt/airflow/dags/ingest_flight_status.py
[2025-11-12T19:06:42.085+0000] {processor.py:840} INFO - DAG(s) 'ingest_flight_status_usa' retrieved from /opt/airflow/dags/ingest_flight_status.py
[2025-11-12T19:06:42.225+0000] {logging_mixin.py:188} INFO - [2025-11-12T19:06:42.224+0000] {override.py:1829} INFO - Created Permission View: can read on DAG:ingest_flight_status_usa
[2025-11-12T19:06:42.239+0000] {logging_mixin.py:188} INFO - [2025-11-12T19:06:42.238+0000] {override.py:1829} INFO - Created Permission View: can edit on DAG:ingest_flight_status_usa
[2025-11-12T19:06:42.250+0000] {logging_mixin.py:188} INFO - [2025-11-12T19:06:42.249+0000] {override.py:1829} INFO - Created Permission View: can delete on DAG:ingest_flight_status_usa
[2025-11-12T19:06:42.251+0000] {logging_mixin.py:188} INFO - [2025-11-12T19:06:42.250+0000] {dag.py:3096} INFO - Sync 1 DAGs
[2025-11-12T19:06:42.264+0000] {logging_mixin.py:188} INFO - [2025-11-12T19:06:42.264+0000] {dag.py:3118} INFO - Creating ORM DAG for ingest_flight_status_usa
[2025-11-12T19:06:42.277+0000] {logging_mixin.py:188} INFO - [2025-11-12T19:06:42.276+0000] {dag.py:3954} INFO - Setting next_dagrun for ingest_flight_status_usa to 2025-11-12 18:00:00+00:00, run_after=2025-11-12 19:00:00+00:00
[2025-11-12T19:06:42.304+0000] {processor.py:183} INFO - Processing /opt/airflow/dags/ingest_flight_status.py took 0.290 seconds
[2025-11-12T19:07:12.379+0000] {processor.py:161} INFO - Started process (PID=208) to work on /opt/airflow/dags/ingest_flight_status.py
[2025-11-12T19:07:12.380+0000] {processor.py:830} INFO - Processing file /opt/airflow/dags/ingest_flight_status.py for tasks to queue
[2025-11-12T19:07:12.383+0000] {logging_mixin.py:188} INFO - [2025-11-12T19:07:12.383+0000] {dagbag.py:545} INFO - Filling up the DagBag from /opt/airflow/dags/ingest_flight_status.py
[2025-11-12T19:07:12.410+0000] {processor.py:840} INFO - DAG(s) 'ingest_flight_status_usa' retrieved from /opt/airflow/dags/ingest_flight_status.py
[2025-11-12T19:07:12.437+0000] {logging_mixin.py:188} INFO - [2025-11-12T19:07:12.436+0000] {dag.py:3096} INFO - Sync 1 DAGs
[2025-11-12T19:07:12.457+0000] {logging_mixin.py:188} INFO - [2025-11-12T19:07:12.457+0000] {dag.py:3954} INFO - Setting next_dagrun for ingest_flight_status_usa to 2025-11-12 18:00:00+00:00, run_after=2025-11-12 19:00:00+00:00
[2025-11-12T19:07:12.477+0000] {processor.py:183} INFO - Processing /opt/airflow/dags/ingest_flight_status.py took 0.103 seconds
[2025-11-12T19:07:43.375+0000] {processor.py:161} INFO - Started process (PID=267) to work on /opt/airflow/dags/ingest_flight_status.py
[2025-11-12T19:07:43.378+0000] {processor.py:830} INFO - Processing file /opt/airflow/dags/ingest_flight_status.py for tasks to queue
[2025-11-12T19:07:43.381+0000] {logging_mixin.py:188} INFO - [2025-11-12T19:07:43.380+0000] {dagbag.py:545} INFO - Filling up the DagBag from /opt/airflow/dags/ingest_flight_status.py
[2025-11-12T19:07:43.409+0000] {processor.py:840} INFO - DAG(s) 'ingest_flight_status_usa' retrieved from /opt/airflow/dags/ingest_flight_status.py
[2025-11-12T19:07:43.428+0000] {logging_mixin.py:188} INFO - [2025-11-12T19:07:43.427+0000] {dag.py:3096} INFO - Sync 1 DAGs
[2025-11-12T19:07:43.449+0000] {logging_mixin.py:188} INFO - [2025-11-12T19:07:43.449+0000] {dag.py:3954} INFO - Setting next_dagrun for ingest_flight_status_usa to 2025-11-12 18:00:00+00:00, run_after=2025-11-12 19:00:00+00:00
[2025-11-12T19:07:43.481+0000] {processor.py:183} INFO - Processing /opt/airflow/dags/ingest_flight_status.py took 0.114 seconds
[2025-11-12T19:08:14.271+0000] {processor.py:161} INFO - Started process (PID=327) to work on /opt/airflow/dags/ingest_flight_status.py
[2025-11-12T19:08:14.272+0000] {processor.py:830} INFO - Processing file /opt/airflow/dags/ingest_flight_status.py for tasks to queue
[2025-11-12T19:08:14.274+0000] {logging_mixin.py:188} INFO - [2025-11-12T19:08:14.273+0000] {dagbag.py:545} INFO - Filling up the DagBag from /opt/airflow/dags/ingest_flight_status.py
[2025-11-12T19:08:14.304+0000] {processor.py:840} INFO - DAG(s) 'ingest_flight_status_usa' retrieved from /opt/airflow/dags/ingest_flight_status.py
[2025-11-12T19:08:14.331+0000] {logging_mixin.py:188} INFO - [2025-11-12T19:08:14.331+0000] {dag.py:3096} INFO - Sync 1 DAGs
[2025-11-12T19:08:14.359+0000] {logging_mixin.py:188} INFO - [2025-11-12T19:08:14.358+0000] {dag.py:3954} INFO - Setting next_dagrun for ingest_flight_status_usa to 2025-11-12 19:00:00+00:00, run_after=2025-11-12 20:00:00+00:00
[2025-11-12T19:08:14.390+0000] {processor.py:183} INFO - Processing /opt/airflow/dags/ingest_flight_status.py took 0.125 seconds
[2025-11-12T19:08:44.788+0000] {processor.py:161} INFO - Started process (PID=387) to work on /opt/airflow/dags/ingest_flight_status.py
[2025-11-12T19:08:44.790+0000] {processor.py:830} INFO - Processing file /opt/airflow/dags/ingest_flight_status.py for tasks to queue
[2025-11-12T19:08:44.791+0000] {logging_mixin.py:188} INFO - [2025-11-12T19:08:44.791+0000] {dagbag.py:545} INFO - Filling up the DagBag from /opt/airflow/dags/ingest_flight_status.py
[2025-11-12T19:08:44.832+0000] {processor.py:840} INFO - DAG(s) 'ingest_flight_status_usa' retrieved from /opt/airflow/dags/ingest_flight_status.py
[2025-11-12T19:08:44.866+0000] {logging_mixin.py:188} INFO - [2025-11-12T19:08:44.865+0000] {dag.py:3096} INFO - Sync 1 DAGs
[2025-11-12T19:08:44.897+0000] {logging_mixin.py:188} INFO - [2025-11-12T19:08:44.897+0000] {dag.py:3954} INFO - Setting next_dagrun for ingest_flight_status_usa to 2025-11-12 19:00:00+00:00, run_after=2025-11-12 20:00:00+00:00
[2025-11-12T19:08:44.925+0000] {processor.py:183} INFO - Processing /opt/airflow/dags/ingest_flight_status.py took 0.142 seconds
[2025-11-12T19:08:53.458+0000] {processor.py:161} INFO - Started process (PID=423) to work on /opt/airflow/dags/ingest_flight_status.py
[2025-11-12T19:08:53.459+0000] {processor.py:830} INFO - Processing file /opt/airflow/dags/ingest_flight_status.py for tasks to queue
[2025-11-12T19:08:53.460+0000] {logging_mixin.py:188} INFO - [2025-11-12T19:08:53.460+0000] {dagbag.py:545} INFO - Filling up the DagBag from /opt/airflow/dags/ingest_flight_status.py
[2025-11-12T19:08:53.508+0000] {processor.py:840} INFO - DAG(s) 'ingest_flight_status_usa' retrieved from /opt/airflow/dags/ingest_flight_status.py
[2025-11-12T19:08:53.529+0000] {logging_mixin.py:188} INFO - [2025-11-12T19:08:53.529+0000] {dag.py:3096} INFO - Sync 1 DAGs
[2025-11-12T19:08:53.549+0000] {logging_mixin.py:188} INFO - [2025-11-12T19:08:53.549+0000] {dag.py:3954} INFO - Setting next_dagrun for ingest_flight_status_usa to 2025-11-12 19:00:00+00:00, run_after=2025-11-12 20:00:00+00:00
[2025-11-12T19:08:53.580+0000] {processor.py:183} INFO - Processing /opt/airflow/dags/ingest_flight_status.py took 0.126 seconds
[2025-11-12T19:08:54.530+0000] {processor.py:161} INFO - Started process (PID=424) to work on /opt/airflow/dags/ingest_flight_status.py
[2025-11-12T19:08:54.532+0000] {processor.py:830} INFO - Processing file /opt/airflow/dags/ingest_flight_status.py for tasks to queue
[2025-11-12T19:08:54.534+0000] {logging_mixin.py:188} INFO - [2025-11-12T19:08:54.533+0000] {dagbag.py:545} INFO - Filling up the DagBag from /opt/airflow/dags/ingest_flight_status.py
[2025-11-12T19:08:54.594+0000] {processor.py:840} INFO - DAG(s) 'ingest_flight_status_usa' retrieved from /opt/airflow/dags/ingest_flight_status.py
[2025-11-12T19:08:54.626+0000] {logging_mixin.py:188} INFO - [2025-11-12T19:08:54.626+0000] {dag.py:3096} INFO - Sync 1 DAGs
[2025-11-12T19:08:54.655+0000] {logging_mixin.py:188} INFO - [2025-11-12T19:08:54.655+0000] {dag.py:3954} INFO - Setting next_dagrun for ingest_flight_status_usa to 2025-11-12 19:00:00+00:00, run_after=2025-11-12 20:00:00+00:00
[2025-11-12T19:08:54.687+0000] {processor.py:183} INFO - Processing /opt/airflow/dags/ingest_flight_status.py took 0.165 seconds
[2025-11-12T19:09:25.120+0000] {processor.py:161} INFO - Started process (PID=484) to work on /opt/airflow/dags/ingest_flight_status.py
[2025-11-12T19:09:25.122+0000] {processor.py:830} INFO - Processing file /opt/airflow/dags/ingest_flight_status.py for tasks to queue
[2025-11-12T19:09:25.124+0000] {logging_mixin.py:188} INFO - [2025-11-12T19:09:25.123+0000] {dagbag.py:545} INFO - Filling up the DagBag from /opt/airflow/dags/ingest_flight_status.py
[2025-11-12T19:09:25.153+0000] {processor.py:840} INFO - DAG(s) 'ingest_flight_status_usa' retrieved from /opt/airflow/dags/ingest_flight_status.py
[2025-11-12T19:09:25.174+0000] {logging_mixin.py:188} INFO - [2025-11-12T19:09:25.173+0000] {dag.py:3096} INFO - Sync 1 DAGs
[2025-11-12T19:09:25.198+0000] {logging_mixin.py:188} INFO - [2025-11-12T19:09:25.198+0000] {dag.py:3954} INFO - Setting next_dagrun for ingest_flight_status_usa to 2025-11-12 19:00:00+00:00, run_after=2025-11-12 20:00:00+00:00
[2025-11-12T19:09:25.224+0000] {processor.py:183} INFO - Processing /opt/airflow/dags/ingest_flight_status.py took 0.108 seconds
[2025-11-12T19:09:55.998+0000] {processor.py:161} INFO - Started process (PID=545) to work on /opt/airflow/dags/ingest_flight_status.py
[2025-11-12T19:09:55.999+0000] {processor.py:830} INFO - Processing file /opt/airflow/dags/ingest_flight_status.py for tasks to queue
[2025-11-12T19:09:56.000+0000] {logging_mixin.py:188} INFO - [2025-11-12T19:09:56.000+0000] {dagbag.py:545} INFO - Filling up the DagBag from /opt/airflow/dags/ingest_flight_status.py
[2025-11-12T19:09:56.032+0000] {processor.py:840} INFO - DAG(s) 'ingest_flight_status_usa' retrieved from /opt/airflow/dags/ingest_flight_status.py
[2025-11-12T19:09:56.051+0000] {logging_mixin.py:188} INFO - [2025-11-12T19:09:56.051+0000] {dag.py:3096} INFO - Sync 1 DAGs
[2025-11-12T19:09:56.075+0000] {logging_mixin.py:188} INFO - [2025-11-12T19:09:56.075+0000] {dag.py:3954} INFO - Setting next_dagrun for ingest_flight_status_usa to 2025-11-12 19:00:00+00:00, run_after=2025-11-12 20:00:00+00:00
[2025-11-12T19:09:56.099+0000] {processor.py:183} INFO - Processing /opt/airflow/dags/ingest_flight_status.py took 0.108 seconds
[2025-11-12T19:10:27.013+0000] {processor.py:161} INFO - Started process (PID=605) to work on /opt/airflow/dags/ingest_flight_status.py
[2025-11-12T19:10:27.015+0000] {processor.py:830} INFO - Processing file /opt/airflow/dags/ingest_flight_status.py for tasks to queue
[2025-11-12T19:10:27.016+0000] {logging_mixin.py:188} INFO - [2025-11-12T19:10:27.016+0000] {dagbag.py:545} INFO - Filling up the DagBag from /opt/airflow/dags/ingest_flight_status.py
[2025-11-12T19:10:27.057+0000] {processor.py:840} INFO - DAG(s) 'ingest_flight_status_usa' retrieved from /opt/airflow/dags/ingest_flight_status.py
[2025-11-12T19:10:27.083+0000] {logging_mixin.py:188} INFO - [2025-11-12T19:10:27.083+0000] {dag.py:3096} INFO - Sync 1 DAGs
[2025-11-12T19:10:27.103+0000] {logging_mixin.py:188} INFO - [2025-11-12T19:10:27.102+0000] {dag.py:3954} INFO - Setting next_dagrun for ingest_flight_status_usa to 2025-11-12 19:00:00+00:00, run_after=2025-11-12 20:00:00+00:00
[2025-11-12T19:10:27.130+0000] {processor.py:183} INFO - Processing /opt/airflow/dags/ingest_flight_status.py took 0.125 seconds
[2025-11-12T19:10:57.410+0000] {processor.py:161} INFO - Started process (PID=666) to work on /opt/airflow/dags/ingest_flight_status.py
[2025-11-12T19:10:57.412+0000] {processor.py:830} INFO - Processing file /opt/airflow/dags/ingest_flight_status.py for tasks to queue
[2025-11-12T19:10:57.413+0000] {logging_mixin.py:188} INFO - [2025-11-12T19:10:57.413+0000] {dagbag.py:545} INFO - Filling up the DagBag from /opt/airflow/dags/ingest_flight_status.py
[2025-11-12T19:10:57.449+0000] {processor.py:840} INFO - DAG(s) 'ingest_flight_status_usa' retrieved from /opt/airflow/dags/ingest_flight_status.py
[2025-11-12T19:10:57.482+0000] {logging_mixin.py:188} INFO - [2025-11-12T19:10:57.482+0000] {dag.py:3096} INFO - Sync 1 DAGs
[2025-11-12T19:10:57.521+0000] {logging_mixin.py:188} INFO - [2025-11-12T19:10:57.521+0000] {dag.py:3954} INFO - Setting next_dagrun for ingest_flight_status_usa to 2025-11-12 19:00:00+00:00, run_after=2025-11-12 20:00:00+00:00
[2025-11-12T19:10:57.550+0000] {processor.py:183} INFO - Processing /opt/airflow/dags/ingest_flight_status.py took 0.147 seconds
[2025-11-12T19:11:27.795+0000] {processor.py:161} INFO - Started process (PID=726) to work on /opt/airflow/dags/ingest_flight_status.py
[2025-11-12T19:11:27.797+0000] {processor.py:830} INFO - Processing file /opt/airflow/dags/ingest_flight_status.py for tasks to queue
[2025-11-12T19:11:27.798+0000] {logging_mixin.py:188} INFO - [2025-11-12T19:11:27.798+0000] {dagbag.py:545} INFO - Filling up the DagBag from /opt/airflow/dags/ingest_flight_status.py
[2025-11-12T19:11:27.827+0000] {processor.py:840} INFO - DAG(s) 'ingest_flight_status_usa' retrieved from /opt/airflow/dags/ingest_flight_status.py
[2025-11-12T19:11:27.846+0000] {logging_mixin.py:188} INFO - [2025-11-12T19:11:27.846+0000] {dag.py:3096} INFO - Sync 1 DAGs
[2025-11-12T19:11:27.864+0000] {logging_mixin.py:188} INFO - [2025-11-12T19:11:27.864+0000] {dag.py:3954} INFO - Setting next_dagrun for ingest_flight_status_usa to 2025-11-12 19:00:00+00:00, run_after=2025-11-12 20:00:00+00:00
[2025-11-12T19:11:27.888+0000] {processor.py:183} INFO - Processing /opt/airflow/dags/ingest_flight_status.py took 0.098 seconds
[2025-11-12T19:11:58.034+0000] {processor.py:161} INFO - Started process (PID=786) to work on /opt/airflow/dags/ingest_flight_status.py
[2025-11-12T19:11:58.035+0000] {processor.py:830} INFO - Processing file /opt/airflow/dags/ingest_flight_status.py for tasks to queue
[2025-11-12T19:11:58.037+0000] {logging_mixin.py:188} INFO - [2025-11-12T19:11:58.036+0000] {dagbag.py:545} INFO - Filling up the DagBag from /opt/airflow/dags/ingest_flight_status.py
[2025-11-12T19:11:58.066+0000] {processor.py:840} INFO - DAG(s) 'ingest_flight_status_usa' retrieved from /opt/airflow/dags/ingest_flight_status.py
[2025-11-12T19:11:58.091+0000] {logging_mixin.py:188} INFO - [2025-11-12T19:11:58.091+0000] {dag.py:3096} INFO - Sync 1 DAGs
[2025-11-12T19:11:58.109+0000] {logging_mixin.py:188} INFO - [2025-11-12T19:11:58.108+0000] {dag.py:3954} INFO - Setting next_dagrun for ingest_flight_status_usa to 2025-11-12 19:00:00+00:00, run_after=2025-11-12 20:00:00+00:00
[2025-11-12T19:11:58.129+0000] {processor.py:183} INFO - Processing /opt/airflow/dags/ingest_flight_status.py took 0.100 seconds
[2025-11-12T19:12:28.337+0000] {processor.py:161} INFO - Started process (PID=846) to work on /opt/airflow/dags/ingest_flight_status.py
[2025-11-12T19:12:28.338+0000] {processor.py:830} INFO - Processing file /opt/airflow/dags/ingest_flight_status.py for tasks to queue
[2025-11-12T19:12:28.339+0000] {logging_mixin.py:188} INFO - [2025-11-12T19:12:28.339+0000] {dagbag.py:545} INFO - Filling up the DagBag from /opt/airflow/dags/ingest_flight_status.py
[2025-11-12T19:12:28.407+0000] {processor.py:840} INFO - DAG(s) 'ingest_flight_status_usa' retrieved from /opt/airflow/dags/ingest_flight_status.py
[2025-11-12T19:12:28.426+0000] {logging_mixin.py:188} INFO - [2025-11-12T19:12:28.426+0000] {dag.py:3096} INFO - Sync 1 DAGs
[2025-11-12T19:12:28.448+0000] {logging_mixin.py:188} INFO - [2025-11-12T19:12:28.448+0000] {dag.py:3954} INFO - Setting next_dagrun for ingest_flight_status_usa to 2025-11-12 19:00:00+00:00, run_after=2025-11-12 20:00:00+00:00
[2025-11-12T19:12:28.478+0000] {processor.py:183} INFO - Processing /opt/airflow/dags/ingest_flight_status.py took 0.147 seconds
[2025-11-12T19:12:58.548+0000] {processor.py:161} INFO - Started process (PID=906) to work on /opt/airflow/dags/ingest_flight_status.py
[2025-11-12T19:12:58.549+0000] {processor.py:830} INFO - Processing file /opt/airflow/dags/ingest_flight_status.py for tasks to queue
[2025-11-12T19:12:58.550+0000] {logging_mixin.py:188} INFO - [2025-11-12T19:12:58.550+0000] {dagbag.py:545} INFO - Filling up the DagBag from /opt/airflow/dags/ingest_flight_status.py
[2025-11-12T19:12:58.579+0000] {processor.py:840} INFO - DAG(s) 'ingest_flight_status_usa' retrieved from /opt/airflow/dags/ingest_flight_status.py
[2025-11-12T19:12:58.599+0000] {logging_mixin.py:188} INFO - [2025-11-12T19:12:58.598+0000] {dag.py:3096} INFO - Sync 1 DAGs
[2025-11-12T19:12:58.621+0000] {logging_mixin.py:188} INFO - [2025-11-12T19:12:58.620+0000] {dag.py:3954} INFO - Setting next_dagrun for ingest_flight_status_usa to 2025-11-12 19:00:00+00:00, run_after=2025-11-12 20:00:00+00:00
[2025-11-12T19:12:58.653+0000] {processor.py:183} INFO - Processing /opt/airflow/dags/ingest_flight_status.py took 0.109 seconds
[2025-11-12T19:13:19.335+0000] {processor.py:161} INFO - Started process (PID=930) to work on /opt/airflow/dags/ingest_flight_status.py
[2025-11-12T19:13:19.336+0000] {processor.py:830} INFO - Processing file /opt/airflow/dags/ingest_flight_status.py for tasks to queue
[2025-11-12T19:13:19.337+0000] {logging_mixin.py:188} INFO - [2025-11-12T19:13:19.337+0000] {dagbag.py:545} INFO - Filling up the DagBag from /opt/airflow/dags/ingest_flight_status.py
[2025-11-12T19:13:19.383+0000] {processor.py:840} INFO - DAG(s) 'ingest_flight_status_usa' retrieved from /opt/airflow/dags/ingest_flight_status.py
[2025-11-12T19:13:19.403+0000] {logging_mixin.py:188} INFO - [2025-11-12T19:13:19.402+0000] {dag.py:3096} INFO - Sync 1 DAGs
[2025-11-12T19:13:19.428+0000] {logging_mixin.py:188} INFO - [2025-11-12T19:13:19.428+0000] {dag.py:3954} INFO - Setting next_dagrun for ingest_flight_status_usa to 2025-11-12 19:00:00+00:00, run_after=2025-11-12 20:00:00+00:00
[2025-11-12T19:13:19.458+0000] {processor.py:183} INFO - Processing /opt/airflow/dags/ingest_flight_status.py took 0.130 seconds
[2025-11-12T19:13:39.069+0000] {processor.py:161} INFO - Started process (PID=973) to work on /opt/airflow/dags/ingest_flight_status.py
[2025-11-12T19:13:39.071+0000] {processor.py:830} INFO - Processing file /opt/airflow/dags/ingest_flight_status.py for tasks to queue
[2025-11-12T19:13:39.072+0000] {logging_mixin.py:188} INFO - [2025-11-12T19:13:39.071+0000] {dagbag.py:545} INFO - Filling up the DagBag from /opt/airflow/dags/ingest_flight_status.py
[2025-11-12T19:13:39.119+0000] {processor.py:840} INFO - DAG(s) 'ingest_flight_status_usa' retrieved from /opt/airflow/dags/ingest_flight_status.py
[2025-11-12T19:13:39.231+0000] {logging_mixin.py:188} INFO - [2025-11-12T19:13:39.231+0000] {dag.py:3096} INFO - Sync 1 DAGs
[2025-11-12T19:13:39.256+0000] {logging_mixin.py:188} INFO - [2025-11-12T19:13:39.256+0000] {dag.py:3954} INFO - Setting next_dagrun for ingest_flight_status_usa to 2025-11-12 19:00:00+00:00, run_after=2025-11-12 20:00:00+00:00
[2025-11-12T19:13:39.283+0000] {processor.py:183} INFO - Processing /opt/airflow/dags/ingest_flight_status.py took 0.218 seconds
[2025-11-12T19:14:09.619+0000] {processor.py:161} INFO - Started process (PID=1033) to work on /opt/airflow/dags/ingest_flight_status.py
[2025-11-12T19:14:09.620+0000] {processor.py:830} INFO - Processing file /opt/airflow/dags/ingest_flight_status.py for tasks to queue
[2025-11-12T19:14:09.622+0000] {logging_mixin.py:188} INFO - [2025-11-12T19:14:09.622+0000] {dagbag.py:545} INFO - Filling up the DagBag from /opt/airflow/dags/ingest_flight_status.py
[2025-11-12T19:14:09.653+0000] {processor.py:840} INFO - DAG(s) 'ingest_flight_status_usa' retrieved from /opt/airflow/dags/ingest_flight_status.py
[2025-11-12T19:14:09.672+0000] {logging_mixin.py:188} INFO - [2025-11-12T19:14:09.672+0000] {dag.py:3096} INFO - Sync 1 DAGs
[2025-11-12T19:14:09.690+0000] {logging_mixin.py:188} INFO - [2025-11-12T19:14:09.690+0000] {dag.py:3954} INFO - Setting next_dagrun for ingest_flight_status_usa to 2025-11-12 19:00:00+00:00, run_after=2025-11-12 20:00:00+00:00
[2025-11-12T19:14:09.713+0000] {processor.py:183} INFO - Processing /opt/airflow/dags/ingest_flight_status.py took 0.098 seconds
[2025-11-12T19:14:40.579+0000] {processor.py:161} INFO - Started process (PID=1093) to work on /opt/airflow/dags/ingest_flight_status.py
[2025-11-12T19:14:40.581+0000] {processor.py:830} INFO - Processing file /opt/airflow/dags/ingest_flight_status.py for tasks to queue
[2025-11-12T19:14:40.582+0000] {logging_mixin.py:188} INFO - [2025-11-12T19:14:40.581+0000] {dagbag.py:545} INFO - Filling up the DagBag from /opt/airflow/dags/ingest_flight_status.py
[2025-11-12T19:14:40.613+0000] {processor.py:840} INFO - DAG(s) 'ingest_flight_status_usa' retrieved from /opt/airflow/dags/ingest_flight_status.py
[2025-11-12T19:14:40.638+0000] {logging_mixin.py:188} INFO - [2025-11-12T19:14:40.638+0000] {dag.py:3096} INFO - Sync 1 DAGs
[2025-11-12T19:14:40.659+0000] {logging_mixin.py:188} INFO - [2025-11-12T19:14:40.659+0000] {dag.py:3954} INFO - Setting next_dagrun for ingest_flight_status_usa to 2025-11-12 19:00:00+00:00, run_after=2025-11-12 20:00:00+00:00
[2025-11-12T19:14:40.689+0000] {processor.py:183} INFO - Processing /opt/airflow/dags/ingest_flight_status.py took 0.114 seconds
[2025-11-12T19:15:11.591+0000] {processor.py:161} INFO - Started process (PID=1153) to work on /opt/airflow/dags/ingest_flight_status.py
[2025-11-12T19:15:11.594+0000] {processor.py:830} INFO - Processing file /opt/airflow/dags/ingest_flight_status.py for tasks to queue
[2025-11-12T19:15:11.602+0000] {logging_mixin.py:188} INFO - [2025-11-12T19:15:11.601+0000] {dagbag.py:545} INFO - Filling up the DagBag from /opt/airflow/dags/ingest_flight_status.py
[2025-11-12T19:15:11.632+0000] {processor.py:840} INFO - DAG(s) 'ingest_flight_status_usa' retrieved from /opt/airflow/dags/ingest_flight_status.py
[2025-11-12T19:15:11.650+0000] {logging_mixin.py:188} INFO - [2025-11-12T19:15:11.650+0000] {dag.py:3096} INFO - Sync 1 DAGs
[2025-11-12T19:15:11.668+0000] {logging_mixin.py:188} INFO - [2025-11-12T19:15:11.667+0000] {dag.py:3954} INFO - Setting next_dagrun for ingest_flight_status_usa to 2025-11-12 19:00:00+00:00, run_after=2025-11-12 20:00:00+00:00
[2025-11-12T19:15:11.689+0000] {processor.py:183} INFO - Processing /opt/airflow/dags/ingest_flight_status.py took 0.105 seconds
[2025-11-12T19:15:42.485+0000] {processor.py:161} INFO - Started process (PID=1213) to work on /opt/airflow/dags/ingest_flight_status.py
[2025-11-12T19:15:42.487+0000] {processor.py:830} INFO - Processing file /opt/airflow/dags/ingest_flight_status.py for tasks to queue
[2025-11-12T19:15:42.488+0000] {logging_mixin.py:188} INFO - [2025-11-12T19:15:42.487+0000] {dagbag.py:545} INFO - Filling up the DagBag from /opt/airflow/dags/ingest_flight_status.py
[2025-11-12T19:15:42.518+0000] {processor.py:840} INFO - DAG(s) 'ingest_flight_status_usa' retrieved from /opt/airflow/dags/ingest_flight_status.py
[2025-11-12T19:15:42.540+0000] {logging_mixin.py:188} INFO - [2025-11-12T19:15:42.540+0000] {dag.py:3096} INFO - Sync 1 DAGs
[2025-11-12T19:15:42.560+0000] {logging_mixin.py:188} INFO - [2025-11-12T19:15:42.560+0000] {dag.py:3954} INFO - Setting next_dagrun for ingest_flight_status_usa to 2025-11-12 19:00:00+00:00, run_after=2025-11-12 20:00:00+00:00
[2025-11-12T19:15:42.813+0000] {processor.py:183} INFO - Processing /opt/airflow/dags/ingest_flight_status.py took 0.332 seconds
[2025-11-12T19:16:54.370+0000] {processor.py:161} INFO - Started process (PID=69) to work on /opt/airflow/dags/ingest_flight_status.py
[2025-11-12T19:16:54.373+0000] {processor.py:830} INFO - Processing file /opt/airflow/dags/ingest_flight_status.py for tasks to queue
[2025-11-12T19:16:54.378+0000] {logging_mixin.py:188} INFO - [2025-11-12T19:16:54.377+0000] {dagbag.py:545} INFO - Filling up the DagBag from /opt/airflow/dags/ingest_flight_status.py
[2025-11-12T19:16:54.438+0000] {processor.py:840} INFO - DAG(s) 'ingest_flight_status_usa' retrieved from /opt/airflow/dags/ingest_flight_status.py
[2025-11-12T19:16:54.671+0000] {logging_mixin.py:188} INFO - [2025-11-12T19:16:54.671+0000] {dag.py:3096} INFO - Sync 1 DAGs
[2025-11-12T19:16:54.696+0000] {logging_mixin.py:188} INFO - [2025-11-12T19:16:54.695+0000] {dag.py:3954} INFO - Setting next_dagrun for ingest_flight_status_usa to 2025-11-12 19:00:00+00:00, run_after=2025-11-12 20:00:00+00:00
[2025-11-12T19:16:54.721+0000] {processor.py:183} INFO - Processing /opt/airflow/dags/ingest_flight_status.py took 0.361 seconds
[2025-11-12T19:17:25.783+0000] {processor.py:161} INFO - Started process (PID=129) to work on /opt/airflow/dags/ingest_flight_status.py
[2025-11-12T19:17:25.785+0000] {processor.py:830} INFO - Processing file /opt/airflow/dags/ingest_flight_status.py for tasks to queue
[2025-11-12T19:17:25.788+0000] {logging_mixin.py:188} INFO - [2025-11-12T19:17:25.788+0000] {dagbag.py:545} INFO - Filling up the DagBag from /opt/airflow/dags/ingest_flight_status.py
[2025-11-12T19:17:25.821+0000] {processor.py:840} INFO - DAG(s) 'ingest_flight_status_usa' retrieved from /opt/airflow/dags/ingest_flight_status.py
[2025-11-12T19:17:25.851+0000] {logging_mixin.py:188} INFO - [2025-11-12T19:17:25.851+0000] {dag.py:3096} INFO - Sync 1 DAGs
[2025-11-12T19:17:25.885+0000] {logging_mixin.py:188} INFO - [2025-11-12T19:17:25.884+0000] {dag.py:3954} INFO - Setting next_dagrun for ingest_flight_status_usa to 2025-11-12 19:00:00+00:00, run_after=2025-11-12 20:00:00+00:00
[2025-11-12T19:17:25.909+0000] {processor.py:183} INFO - Processing /opt/airflow/dags/ingest_flight_status.py took 0.136 seconds
[2025-11-12T19:17:56.401+0000] {processor.py:161} INFO - Started process (PID=189) to work on /opt/airflow/dags/ingest_flight_status.py
[2025-11-12T19:17:56.402+0000] {processor.py:830} INFO - Processing file /opt/airflow/dags/ingest_flight_status.py for tasks to queue
[2025-11-12T19:17:56.405+0000] {logging_mixin.py:188} INFO - [2025-11-12T19:17:56.404+0000] {dagbag.py:545} INFO - Filling up the DagBag from /opt/airflow/dags/ingest_flight_status.py
[2025-11-12T19:17:56.432+0000] {processor.py:840} INFO - DAG(s) 'ingest_flight_status_usa' retrieved from /opt/airflow/dags/ingest_flight_status.py
[2025-11-12T19:17:56.452+0000] {logging_mixin.py:188} INFO - [2025-11-12T19:17:56.452+0000] {dag.py:3096} INFO - Sync 1 DAGs
[2025-11-12T19:17:56.472+0000] {logging_mixin.py:188} INFO - [2025-11-12T19:17:56.472+0000] {dag.py:3954} INFO - Setting next_dagrun for ingest_flight_status_usa to 2025-11-12 19:00:00+00:00, run_after=2025-11-12 20:00:00+00:00
[2025-11-12T19:17:56.494+0000] {processor.py:183} INFO - Processing /opt/airflow/dags/ingest_flight_status.py took 0.098 seconds
[2025-11-12T19:18:27.520+0000] {processor.py:161} INFO - Started process (PID=249) to work on /opt/airflow/dags/ingest_flight_status.py
[2025-11-12T19:18:27.521+0000] {processor.py:830} INFO - Processing file /opt/airflow/dags/ingest_flight_status.py for tasks to queue
[2025-11-12T19:18:27.525+0000] {logging_mixin.py:188} INFO - [2025-11-12T19:18:27.525+0000] {dagbag.py:545} INFO - Filling up the DagBag from /opt/airflow/dags/ingest_flight_status.py
[2025-11-12T19:18:27.575+0000] {processor.py:840} INFO - DAG(s) 'ingest_flight_status_usa' retrieved from /opt/airflow/dags/ingest_flight_status.py
[2025-11-12T19:18:27.598+0000] {logging_mixin.py:188} INFO - [2025-11-12T19:18:27.597+0000] {dag.py:3096} INFO - Sync 1 DAGs
[2025-11-12T19:18:27.622+0000] {logging_mixin.py:188} INFO - [2025-11-12T19:18:27.622+0000] {dag.py:3954} INFO - Setting next_dagrun for ingest_flight_status_usa to 2025-11-12 19:00:00+00:00, run_after=2025-11-12 20:00:00+00:00
[2025-11-12T19:18:27.651+0000] {processor.py:183} INFO - Processing /opt/airflow/dags/ingest_flight_status.py took 0.144 seconds
[2025-11-12T19:18:33.447+0000] {processor.py:161} INFO - Started process (PID=300) to work on /opt/airflow/dags/ingest_flight_status.py
[2025-11-12T19:18:33.448+0000] {processor.py:830} INFO - Processing file /opt/airflow/dags/ingest_flight_status.py for tasks to queue
[2025-11-12T19:18:33.451+0000] {logging_mixin.py:188} INFO - [2025-11-12T19:18:33.450+0000] {dagbag.py:545} INFO - Filling up the DagBag from /opt/airflow/dags/ingest_flight_status.py
[2025-11-12T19:18:33.500+0000] {processor.py:840} INFO - DAG(s) 'ingest_flight_status_usa' retrieved from /opt/airflow/dags/ingest_flight_status.py
[2025-11-12T19:18:33.520+0000] {logging_mixin.py:188} INFO - [2025-11-12T19:18:33.520+0000] {dag.py:3096} INFO - Sync 1 DAGs
[2025-11-12T19:18:33.540+0000] {logging_mixin.py:188} INFO - [2025-11-12T19:18:33.540+0000] {dag.py:3954} INFO - Setting next_dagrun for ingest_flight_status_usa to 2025-11-12 19:00:00+00:00, run_after=2025-11-12 20:00:00+00:00
[2025-11-12T19:18:33.566+0000] {processor.py:183} INFO - Processing /opt/airflow/dags/ingest_flight_status.py took 0.125 seconds
[2025-11-12T19:18:36.682+0000] {processor.py:161} INFO - Started process (PID=304) to work on /opt/airflow/dags/ingest_flight_status.py
[2025-11-12T19:18:36.683+0000] {processor.py:830} INFO - Processing file /opt/airflow/dags/ingest_flight_status.py for tasks to queue
[2025-11-12T19:18:36.687+0000] {logging_mixin.py:188} INFO - [2025-11-12T19:18:36.687+0000] {dagbag.py:545} INFO - Filling up the DagBag from /opt/airflow/dags/ingest_flight_status.py
[2025-11-12T19:18:36.745+0000] {processor.py:840} INFO - DAG(s) 'ingest_flight_status_usa' retrieved from /opt/airflow/dags/ingest_flight_status.py
[2025-11-12T19:18:36.776+0000] {logging_mixin.py:188} INFO - [2025-11-12T19:18:36.775+0000] {dag.py:3096} INFO - Sync 1 DAGs
[2025-11-12T19:18:36.805+0000] {logging_mixin.py:188} INFO - [2025-11-12T19:18:36.805+0000] {dag.py:3954} INFO - Setting next_dagrun for ingest_flight_status_usa to 2025-11-12 19:00:00+00:00, run_after=2025-11-12 20:00:00+00:00
[2025-11-12T19:18:36.839+0000] {processor.py:183} INFO - Processing /opt/airflow/dags/ingest_flight_status.py took 0.167 seconds
[2025-11-12T19:19:07.086+0000] {processor.py:161} INFO - Started process (PID=364) to work on /opt/airflow/dags/ingest_flight_status.py
[2025-11-12T19:19:07.089+0000] {processor.py:830} INFO - Processing file /opt/airflow/dags/ingest_flight_status.py for tasks to queue
[2025-11-12T19:19:07.091+0000] {logging_mixin.py:188} INFO - [2025-11-12T19:19:07.091+0000] {dagbag.py:545} INFO - Filling up the DagBag from /opt/airflow/dags/ingest_flight_status.py
[2025-11-12T19:19:07.127+0000] {processor.py:840} INFO - DAG(s) 'ingest_flight_status_usa' retrieved from /opt/airflow/dags/ingest_flight_status.py
[2025-11-12T19:19:07.155+0000] {logging_mixin.py:188} INFO - [2025-11-12T19:19:07.154+0000] {dag.py:3096} INFO - Sync 1 DAGs
[2025-11-12T19:19:07.176+0000] {logging_mixin.py:188} INFO - [2025-11-12T19:19:07.176+0000] {dag.py:3954} INFO - Setting next_dagrun for ingest_flight_status_usa to 2025-11-12 19:00:00+00:00, run_after=2025-11-12 20:00:00+00:00
[2025-11-12T19:19:07.198+0000] {processor.py:183} INFO - Processing /opt/airflow/dags/ingest_flight_status.py took 0.120 seconds
[2025-11-12T19:19:37.850+0000] {processor.py:161} INFO - Started process (PID=424) to work on /opt/airflow/dags/ingest_flight_status.py
[2025-11-12T19:19:37.851+0000] {processor.py:830} INFO - Processing file /opt/airflow/dags/ingest_flight_status.py for tasks to queue
[2025-11-12T19:19:37.853+0000] {logging_mixin.py:188} INFO - [2025-11-12T19:19:37.853+0000] {dagbag.py:545} INFO - Filling up the DagBag from /opt/airflow/dags/ingest_flight_status.py
[2025-11-12T19:19:37.881+0000] {processor.py:840} INFO - DAG(s) 'ingest_flight_status_usa' retrieved from /opt/airflow/dags/ingest_flight_status.py
[2025-11-12T19:19:37.900+0000] {logging_mixin.py:188} INFO - [2025-11-12T19:19:37.899+0000] {dag.py:3096} INFO - Sync 1 DAGs
[2025-11-12T19:19:37.917+0000] {logging_mixin.py:188} INFO - [2025-11-12T19:19:37.917+0000] {dag.py:3954} INFO - Setting next_dagrun for ingest_flight_status_usa to 2025-11-12 19:00:00+00:00, run_after=2025-11-12 20:00:00+00:00
[2025-11-12T19:19:37.941+0000] {processor.py:183} INFO - Processing /opt/airflow/dags/ingest_flight_status.py took 0.096 seconds
[2025-11-12T19:20:08.569+0000] {processor.py:161} INFO - Started process (PID=484) to work on /opt/airflow/dags/ingest_flight_status.py
[2025-11-12T19:20:08.570+0000] {processor.py:830} INFO - Processing file /opt/airflow/dags/ingest_flight_status.py for tasks to queue
[2025-11-12T19:20:08.572+0000] {logging_mixin.py:188} INFO - [2025-11-12T19:20:08.572+0000] {dagbag.py:545} INFO - Filling up the DagBag from /opt/airflow/dags/ingest_flight_status.py
[2025-11-12T19:20:08.601+0000] {processor.py:840} INFO - DAG(s) 'ingest_flight_status_usa' retrieved from /opt/airflow/dags/ingest_flight_status.py
[2025-11-12T19:20:08.623+0000] {logging_mixin.py:188} INFO - [2025-11-12T19:20:08.622+0000] {dag.py:3096} INFO - Sync 1 DAGs
[2025-11-12T19:20:08.644+0000] {logging_mixin.py:188} INFO - [2025-11-12T19:20:08.644+0000] {dag.py:3954} INFO - Setting next_dagrun for ingest_flight_status_usa to 2025-11-12 19:00:00+00:00, run_after=2025-11-12 20:00:00+00:00
[2025-11-12T19:20:08.668+0000] {processor.py:183} INFO - Processing /opt/airflow/dags/ingest_flight_status.py took 0.104 seconds
[2025-11-12T19:20:38.986+0000] {processor.py:161} INFO - Started process (PID=545) to work on /opt/airflow/dags/ingest_flight_status.py
[2025-11-12T19:20:38.987+0000] {processor.py:830} INFO - Processing file /opt/airflow/dags/ingest_flight_status.py for tasks to queue
[2025-11-12T19:20:38.990+0000] {logging_mixin.py:188} INFO - [2025-11-12T19:20:38.990+0000] {dagbag.py:545} INFO - Filling up the DagBag from /opt/airflow/dags/ingest_flight_status.py
[2025-11-12T19:20:39.023+0000] {processor.py:840} INFO - DAG(s) 'ingest_flight_status_usa' retrieved from /opt/airflow/dags/ingest_flight_status.py
[2025-11-12T19:20:39.051+0000] {logging_mixin.py:188} INFO - [2025-11-12T19:20:39.050+0000] {dag.py:3096} INFO - Sync 1 DAGs
[2025-11-12T19:20:39.078+0000] {logging_mixin.py:188} INFO - [2025-11-12T19:20:39.078+0000] {dag.py:3954} INFO - Setting next_dagrun for ingest_flight_status_usa to 2025-11-12 19:00:00+00:00, run_after=2025-11-12 20:00:00+00:00
[2025-11-12T19:20:39.106+0000] {processor.py:183} INFO - Processing /opt/airflow/dags/ingest_flight_status.py took 0.129 seconds
[2025-11-12T19:21:09.240+0000] {processor.py:161} INFO - Started process (PID=605) to work on /opt/airflow/dags/ingest_flight_status.py
[2025-11-12T19:21:09.241+0000] {processor.py:830} INFO - Processing file /opt/airflow/dags/ingest_flight_status.py for tasks to queue
[2025-11-12T19:21:09.244+0000] {logging_mixin.py:188} INFO - [2025-11-12T19:21:09.243+0000] {dagbag.py:545} INFO - Filling up the DagBag from /opt/airflow/dags/ingest_flight_status.py
[2025-11-12T19:21:09.274+0000] {processor.py:840} INFO - DAG(s) 'ingest_flight_status_usa' retrieved from /opt/airflow/dags/ingest_flight_status.py
[2025-11-12T19:21:09.297+0000] {logging_mixin.py:188} INFO - [2025-11-12T19:21:09.296+0000] {dag.py:3096} INFO - Sync 1 DAGs
[2025-11-12T19:21:09.317+0000] {logging_mixin.py:188} INFO - [2025-11-12T19:21:09.317+0000] {dag.py:3954} INFO - Setting next_dagrun for ingest_flight_status_usa to 2025-11-12 19:00:00+00:00, run_after=2025-11-12 20:00:00+00:00
[2025-11-12T19:21:09.342+0000] {processor.py:183} INFO - Processing /opt/airflow/dags/ingest_flight_status.py took 0.109 seconds
[2025-11-12T19:21:39.657+0000] {processor.py:161} INFO - Started process (PID=665) to work on /opt/airflow/dags/ingest_flight_status.py
[2025-11-12T19:21:39.658+0000] {processor.py:830} INFO - Processing file /opt/airflow/dags/ingest_flight_status.py for tasks to queue
[2025-11-12T19:21:39.660+0000] {logging_mixin.py:188} INFO - [2025-11-12T19:21:39.660+0000] {dagbag.py:545} INFO - Filling up the DagBag from /opt/airflow/dags/ingest_flight_status.py
[2025-11-12T19:21:39.687+0000] {processor.py:840} INFO - DAG(s) 'ingest_flight_status_usa' retrieved from /opt/airflow/dags/ingest_flight_status.py
[2025-11-12T19:21:39.705+0000] {logging_mixin.py:188} INFO - [2025-11-12T19:21:39.705+0000] {dag.py:3096} INFO - Sync 1 DAGs
[2025-11-12T19:21:39.724+0000] {logging_mixin.py:188} INFO - [2025-11-12T19:21:39.723+0000] {dag.py:3954} INFO - Setting next_dagrun for ingest_flight_status_usa to 2025-11-12 19:00:00+00:00, run_after=2025-11-12 20:00:00+00:00
[2025-11-12T19:21:39.745+0000] {processor.py:183} INFO - Processing /opt/airflow/dags/ingest_flight_status.py took 0.092 seconds
[2025-11-12T19:22:09.852+0000] {processor.py:161} INFO - Started process (PID=725) to work on /opt/airflow/dags/ingest_flight_status.py
[2025-11-12T19:22:09.853+0000] {processor.py:830} INFO - Processing file /opt/airflow/dags/ingest_flight_status.py for tasks to queue
[2025-11-12T19:22:09.855+0000] {logging_mixin.py:188} INFO - [2025-11-12T19:22:09.855+0000] {dagbag.py:545} INFO - Filling up the DagBag from /opt/airflow/dags/ingest_flight_status.py
[2025-11-12T19:22:09.881+0000] {processor.py:840} INFO - DAG(s) 'ingest_flight_status_usa' retrieved from /opt/airflow/dags/ingest_flight_status.py
[2025-11-12T19:22:09.900+0000] {logging_mixin.py:188} INFO - [2025-11-12T19:22:09.900+0000] {dag.py:3096} INFO - Sync 1 DAGs
[2025-11-12T19:22:09.918+0000] {logging_mixin.py:188} INFO - [2025-11-12T19:22:09.918+0000] {dag.py:3954} INFO - Setting next_dagrun for ingest_flight_status_usa to 2025-11-12 19:00:00+00:00, run_after=2025-11-12 20:00:00+00:00
[2025-11-12T19:22:09.941+0000] {processor.py:183} INFO - Processing /opt/airflow/dags/ingest_flight_status.py took 0.093 seconds
[2025-11-12T19:22:40.250+0000] {processor.py:161} INFO - Started process (PID=786) to work on /opt/airflow/dags/ingest_flight_status.py
[2025-11-12T19:22:40.251+0000] {processor.py:830} INFO - Processing file /opt/airflow/dags/ingest_flight_status.py for tasks to queue
[2025-11-12T19:22:40.255+0000] {logging_mixin.py:188} INFO - [2025-11-12T19:22:40.254+0000] {dagbag.py:545} INFO - Filling up the DagBag from /opt/airflow/dags/ingest_flight_status.py
[2025-11-12T19:22:40.287+0000] {processor.py:840} INFO - DAG(s) 'ingest_flight_status_usa' retrieved from /opt/airflow/dags/ingest_flight_status.py
[2025-11-12T19:22:40.309+0000] {logging_mixin.py:188} INFO - [2025-11-12T19:22:40.309+0000] {dag.py:3096} INFO - Sync 1 DAGs
[2025-11-12T19:22:40.328+0000] {logging_mixin.py:188} INFO - [2025-11-12T19:22:40.328+0000] {dag.py:3954} INFO - Setting next_dagrun for ingest_flight_status_usa to 2025-11-12 19:00:00+00:00, run_after=2025-11-12 20:00:00+00:00
[2025-11-12T19:22:40.354+0000] {processor.py:183} INFO - Processing /opt/airflow/dags/ingest_flight_status.py took 0.112 seconds
[2025-11-12T19:23:10.659+0000] {processor.py:161} INFO - Started process (PID=846) to work on /opt/airflow/dags/ingest_flight_status.py
[2025-11-12T19:23:10.660+0000] {processor.py:830} INFO - Processing file /opt/airflow/dags/ingest_flight_status.py for tasks to queue
[2025-11-12T19:23:10.662+0000] {logging_mixin.py:188} INFO - [2025-11-12T19:23:10.662+0000] {dagbag.py:545} INFO - Filling up the DagBag from /opt/airflow/dags/ingest_flight_status.py
[2025-11-12T19:23:10.686+0000] {processor.py:840} INFO - DAG(s) 'ingest_flight_status_usa' retrieved from /opt/airflow/dags/ingest_flight_status.py
[2025-11-12T19:23:10.706+0000] {logging_mixin.py:188} INFO - [2025-11-12T19:23:10.705+0000] {dag.py:3096} INFO - Sync 1 DAGs
[2025-11-12T19:23:10.728+0000] {logging_mixin.py:188} INFO - [2025-11-12T19:23:10.727+0000] {dag.py:3954} INFO - Setting next_dagrun for ingest_flight_status_usa to 2025-11-12 19:00:00+00:00, run_after=2025-11-12 20:00:00+00:00
[2025-11-12T19:23:10.746+0000] {processor.py:183} INFO - Processing /opt/airflow/dags/ingest_flight_status.py took 0.092 seconds
[2025-11-12T19:23:40.957+0000] {processor.py:161} INFO - Started process (PID=906) to work on /opt/airflow/dags/ingest_flight_status.py
[2025-11-12T19:23:40.958+0000] {processor.py:830} INFO - Processing file /opt/airflow/dags/ingest_flight_status.py for tasks to queue
[2025-11-12T19:23:40.960+0000] {logging_mixin.py:188} INFO - [2025-11-12T19:23:40.959+0000] {dagbag.py:545} INFO - Filling up the DagBag from /opt/airflow/dags/ingest_flight_status.py
[2025-11-12T19:23:40.989+0000] {processor.py:840} INFO - DAG(s) 'ingest_flight_status_usa' retrieved from /opt/airflow/dags/ingest_flight_status.py
[2025-11-12T19:23:41.008+0000] {logging_mixin.py:188} INFO - [2025-11-12T19:23:41.008+0000] {dag.py:3096} INFO - Sync 1 DAGs
[2025-11-12T19:23:41.026+0000] {logging_mixin.py:188} INFO - [2025-11-12T19:23:41.026+0000] {dag.py:3954} INFO - Setting next_dagrun for ingest_flight_status_usa to 2025-11-12 19:00:00+00:00, run_after=2025-11-12 20:00:00+00:00
[2025-11-12T19:23:41.044+0000] {processor.py:183} INFO - Processing /opt/airflow/dags/ingest_flight_status.py took 0.091 seconds
[2025-11-12T19:24:11.271+0000] {processor.py:161} INFO - Started process (PID=966) to work on /opt/airflow/dags/ingest_flight_status.py
[2025-11-12T19:24:11.272+0000] {processor.py:830} INFO - Processing file /opt/airflow/dags/ingest_flight_status.py for tasks to queue
[2025-11-12T19:24:11.274+0000] {logging_mixin.py:188} INFO - [2025-11-12T19:24:11.273+0000] {dagbag.py:545} INFO - Filling up the DagBag from /opt/airflow/dags/ingest_flight_status.py
[2025-11-12T19:24:11.298+0000] {processor.py:840} INFO - DAG(s) 'ingest_flight_status_usa' retrieved from /opt/airflow/dags/ingest_flight_status.py
[2025-11-12T19:24:11.318+0000] {logging_mixin.py:188} INFO - [2025-11-12T19:24:11.318+0000] {dag.py:3096} INFO - Sync 1 DAGs
[2025-11-12T19:24:11.339+0000] {logging_mixin.py:188} INFO - [2025-11-12T19:24:11.339+0000] {dag.py:3954} INFO - Setting next_dagrun for ingest_flight_status_usa to 2025-11-12 19:00:00+00:00, run_after=2025-11-12 20:00:00+00:00
[2025-11-12T19:24:11.358+0000] {processor.py:183} INFO - Processing /opt/airflow/dags/ingest_flight_status.py took 0.091 seconds
[2025-11-12T19:24:42.272+0000] {processor.py:161} INFO - Started process (PID=1026) to work on /opt/airflow/dags/ingest_flight_status.py
[2025-11-12T19:24:42.273+0000] {processor.py:830} INFO - Processing file /opt/airflow/dags/ingest_flight_status.py for tasks to queue
[2025-11-12T19:24:42.277+0000] {logging_mixin.py:188} INFO - [2025-11-12T19:24:42.276+0000] {dagbag.py:545} INFO - Filling up the DagBag from /opt/airflow/dags/ingest_flight_status.py
[2025-11-12T19:24:42.305+0000] {processor.py:840} INFO - DAG(s) 'ingest_flight_status_usa' retrieved from /opt/airflow/dags/ingest_flight_status.py
[2025-11-12T19:24:42.325+0000] {logging_mixin.py:188} INFO - [2025-11-12T19:24:42.324+0000] {dag.py:3096} INFO - Sync 1 DAGs
[2025-11-12T19:24:42.346+0000] {logging_mixin.py:188} INFO - [2025-11-12T19:24:42.346+0000] {dag.py:3954} INFO - Setting next_dagrun for ingest_flight_status_usa to 2025-11-12 19:00:00+00:00, run_after=2025-11-12 20:00:00+00:00
[2025-11-12T19:24:42.365+0000] {processor.py:183} INFO - Processing /opt/airflow/dags/ingest_flight_status.py took 0.098 seconds
[2025-11-12T19:25:12.623+0000] {processor.py:161} INFO - Started process (PID=1086) to work on /opt/airflow/dags/ingest_flight_status.py
[2025-11-12T19:25:12.624+0000] {processor.py:830} INFO - Processing file /opt/airflow/dags/ingest_flight_status.py for tasks to queue
[2025-11-12T19:25:12.625+0000] {logging_mixin.py:188} INFO - [2025-11-12T19:25:12.625+0000] {dagbag.py:545} INFO - Filling up the DagBag from /opt/airflow/dags/ingest_flight_status.py
[2025-11-12T19:25:12.651+0000] {processor.py:840} INFO - DAG(s) 'ingest_flight_status_usa' retrieved from /opt/airflow/dags/ingest_flight_status.py
[2025-11-12T19:25:12.672+0000] {logging_mixin.py:188} INFO - [2025-11-12T19:25:12.672+0000] {dag.py:3096} INFO - Sync 1 DAGs
[2025-11-12T19:25:12.693+0000] {logging_mixin.py:188} INFO - [2025-11-12T19:25:12.693+0000] {dag.py:3954} INFO - Setting next_dagrun for ingest_flight_status_usa to 2025-11-12 19:00:00+00:00, run_after=2025-11-12 20:00:00+00:00
[2025-11-12T19:25:12.714+0000] {processor.py:183} INFO - Processing /opt/airflow/dags/ingest_flight_status.py took 0.097 seconds
[2025-11-12T19:25:42.866+0000] {processor.py:161} INFO - Started process (PID=1146) to work on /opt/airflow/dags/ingest_flight_status.py
[2025-11-12T19:25:42.867+0000] {processor.py:830} INFO - Processing file /opt/airflow/dags/ingest_flight_status.py for tasks to queue
[2025-11-12T19:25:42.870+0000] {logging_mixin.py:188} INFO - [2025-11-12T19:25:42.869+0000] {dagbag.py:545} INFO - Filling up the DagBag from /opt/airflow/dags/ingest_flight_status.py
[2025-11-12T19:25:42.898+0000] {processor.py:840} INFO - DAG(s) 'ingest_flight_status_usa' retrieved from /opt/airflow/dags/ingest_flight_status.py
[2025-11-12T19:25:42.918+0000] {logging_mixin.py:188} INFO - [2025-11-12T19:25:42.917+0000] {dag.py:3096} INFO - Sync 1 DAGs
[2025-11-12T19:25:42.935+0000] {logging_mixin.py:188} INFO - [2025-11-12T19:25:42.935+0000] {dag.py:3954} INFO - Setting next_dagrun for ingest_flight_status_usa to 2025-11-12 19:00:00+00:00, run_after=2025-11-12 20:00:00+00:00
[2025-11-12T19:25:42.961+0000] {processor.py:183} INFO - Processing /opt/airflow/dags/ingest_flight_status.py took 0.100 seconds
[2025-11-12T19:26:13.437+0000] {processor.py:161} INFO - Started process (PID=1206) to work on /opt/airflow/dags/ingest_flight_status.py
[2025-11-12T19:26:13.438+0000] {processor.py:830} INFO - Processing file /opt/airflow/dags/ingest_flight_status.py for tasks to queue
[2025-11-12T19:26:13.441+0000] {logging_mixin.py:188} INFO - [2025-11-12T19:26:13.440+0000] {dagbag.py:545} INFO - Filling up the DagBag from /opt/airflow/dags/ingest_flight_status.py
[2025-11-12T19:26:13.466+0000] {processor.py:840} INFO - DAG(s) 'ingest_flight_status_usa' retrieved from /opt/airflow/dags/ingest_flight_status.py
[2025-11-12T19:26:13.488+0000] {logging_mixin.py:188} INFO - [2025-11-12T19:26:13.487+0000] {dag.py:3096} INFO - Sync 1 DAGs
[2025-11-12T19:26:13.505+0000] {logging_mixin.py:188} INFO - [2025-11-12T19:26:13.505+0000] {dag.py:3954} INFO - Setting next_dagrun for ingest_flight_status_usa to 2025-11-12 19:00:00+00:00, run_after=2025-11-12 20:00:00+00:00
[2025-11-12T19:26:13.524+0000] {processor.py:183} INFO - Processing /opt/airflow/dags/ingest_flight_status.py took 0.094 seconds
[2025-11-12T19:26:43.897+0000] {processor.py:161} INFO - Started process (PID=1267) to work on /opt/airflow/dags/ingest_flight_status.py
[2025-11-12T19:26:43.898+0000] {processor.py:830} INFO - Processing file /opt/airflow/dags/ingest_flight_status.py for tasks to queue
[2025-11-12T19:26:43.900+0000] {logging_mixin.py:188} INFO - [2025-11-12T19:26:43.899+0000] {dagbag.py:545} INFO - Filling up the DagBag from /opt/airflow/dags/ingest_flight_status.py
[2025-11-12T19:26:43.931+0000] {processor.py:840} INFO - DAG(s) 'ingest_flight_status_usa' retrieved from /opt/airflow/dags/ingest_flight_status.py
[2025-11-12T19:26:43.951+0000] {logging_mixin.py:188} INFO - [2025-11-12T19:26:43.951+0000] {dag.py:3096} INFO - Sync 1 DAGs
[2025-11-12T19:26:43.968+0000] {logging_mixin.py:188} INFO - [2025-11-12T19:26:43.968+0000] {dag.py:3954} INFO - Setting next_dagrun for ingest_flight_status_usa to 2025-11-12 19:00:00+00:00, run_after=2025-11-12 20:00:00+00:00
[2025-11-12T19:26:43.990+0000] {processor.py:183} INFO - Processing /opt/airflow/dags/ingest_flight_status.py took 0.097 seconds
[2025-11-12T19:27:14.105+0000] {processor.py:161} INFO - Started process (PID=1327) to work on /opt/airflow/dags/ingest_flight_status.py
[2025-11-12T19:27:14.106+0000] {processor.py:830} INFO - Processing file /opt/airflow/dags/ingest_flight_status.py for tasks to queue
[2025-11-12T19:27:14.108+0000] {logging_mixin.py:188} INFO - [2025-11-12T19:27:14.108+0000] {dagbag.py:545} INFO - Filling up the DagBag from /opt/airflow/dags/ingest_flight_status.py
[2025-11-12T19:27:14.141+0000] {processor.py:840} INFO - DAG(s) 'ingest_flight_status_usa' retrieved from /opt/airflow/dags/ingest_flight_status.py
[2025-11-12T19:27:14.166+0000] {logging_mixin.py:188} INFO - [2025-11-12T19:27:14.165+0000] {dag.py:3096} INFO - Sync 1 DAGs
[2025-11-12T19:27:14.188+0000] {logging_mixin.py:188} INFO - [2025-11-12T19:27:14.188+0000] {dag.py:3954} INFO - Setting next_dagrun for ingest_flight_status_usa to 2025-11-12 19:00:00+00:00, run_after=2025-11-12 20:00:00+00:00
[2025-11-12T19:27:14.214+0000] {processor.py:183} INFO - Processing /opt/airflow/dags/ingest_flight_status.py took 0.115 seconds
[2025-11-12T19:27:44.835+0000] {processor.py:161} INFO - Started process (PID=1387) to work on /opt/airflow/dags/ingest_flight_status.py
[2025-11-12T19:27:44.836+0000] {processor.py:830} INFO - Processing file /opt/airflow/dags/ingest_flight_status.py for tasks to queue
[2025-11-12T19:27:44.838+0000] {logging_mixin.py:188} INFO - [2025-11-12T19:27:44.838+0000] {dagbag.py:545} INFO - Filling up the DagBag from /opt/airflow/dags/ingest_flight_status.py
[2025-11-12T19:27:44.882+0000] {processor.py:840} INFO - DAG(s) 'ingest_flight_status_usa' retrieved from /opt/airflow/dags/ingest_flight_status.py
[2025-11-12T19:27:44.905+0000] {logging_mixin.py:188} INFO - [2025-11-12T19:27:44.904+0000] {dag.py:3096} INFO - Sync 1 DAGs
[2025-11-12T19:27:44.930+0000] {logging_mixin.py:188} INFO - [2025-11-12T19:27:44.930+0000] {dag.py:3954} INFO - Setting next_dagrun for ingest_flight_status_usa to 2025-11-12 19:00:00+00:00, run_after=2025-11-12 20:00:00+00:00
[2025-11-12T19:27:44.962+0000] {processor.py:183} INFO - Processing /opt/airflow/dags/ingest_flight_status.py took 0.134 seconds
[2025-11-12T19:28:15.857+0000] {processor.py:161} INFO - Started process (PID=1448) to work on /opt/airflow/dags/ingest_flight_status.py
[2025-11-12T19:28:15.858+0000] {processor.py:830} INFO - Processing file /opt/airflow/dags/ingest_flight_status.py for tasks to queue
[2025-11-12T19:28:15.860+0000] {logging_mixin.py:188} INFO - [2025-11-12T19:28:15.860+0000] {dagbag.py:545} INFO - Filling up the DagBag from /opt/airflow/dags/ingest_flight_status.py
[2025-11-12T19:28:15.887+0000] {processor.py:840} INFO - DAG(s) 'ingest_flight_status_usa' retrieved from /opt/airflow/dags/ingest_flight_status.py
[2025-11-12T19:28:15.912+0000] {logging_mixin.py:188} INFO - [2025-11-12T19:28:15.911+0000] {dag.py:3096} INFO - Sync 1 DAGs
[2025-11-12T19:28:15.937+0000] {logging_mixin.py:188} INFO - [2025-11-12T19:28:15.937+0000] {dag.py:3954} INFO - Setting next_dagrun for ingest_flight_status_usa to 2025-11-12 19:00:00+00:00, run_after=2025-11-12 20:00:00+00:00
[2025-11-12T19:28:15.965+0000] {processor.py:183} INFO - Processing /opt/airflow/dags/ingest_flight_status.py took 0.113 seconds
[2025-11-12T19:28:46.727+0000] {processor.py:161} INFO - Started process (PID=1508) to work on /opt/airflow/dags/ingest_flight_status.py
[2025-11-12T19:28:46.729+0000] {processor.py:830} INFO - Processing file /opt/airflow/dags/ingest_flight_status.py for tasks to queue
[2025-11-12T19:28:46.731+0000] {logging_mixin.py:188} INFO - [2025-11-12T19:28:46.731+0000] {dagbag.py:545} INFO - Filling up the DagBag from /opt/airflow/dags/ingest_flight_status.py
[2025-11-12T19:28:46.761+0000] {processor.py:840} INFO - DAG(s) 'ingest_flight_status_usa' retrieved from /opt/airflow/dags/ingest_flight_status.py
[2025-11-12T19:28:46.782+0000] {logging_mixin.py:188} INFO - [2025-11-12T19:28:46.782+0000] {dag.py:3096} INFO - Sync 1 DAGs
[2025-11-12T19:28:46.806+0000] {logging_mixin.py:188} INFO - [2025-11-12T19:28:46.806+0000] {dag.py:3954} INFO - Setting next_dagrun for ingest_flight_status_usa to 2025-11-12 19:00:00+00:00, run_after=2025-11-12 20:00:00+00:00
[2025-11-12T19:28:47.068+0000] {processor.py:183} INFO - Processing /opt/airflow/dags/ingest_flight_status.py took 0.346 seconds
[2025-11-12T19:29:17.783+0000] {processor.py:161} INFO - Started process (PID=1568) to work on /opt/airflow/dags/ingest_flight_status.py
[2025-11-12T19:29:17.785+0000] {processor.py:830} INFO - Processing file /opt/airflow/dags/ingest_flight_status.py for tasks to queue
[2025-11-12T19:29:17.787+0000] {logging_mixin.py:188} INFO - [2025-11-12T19:29:17.787+0000] {dagbag.py:545} INFO - Filling up the DagBag from /opt/airflow/dags/ingest_flight_status.py
[2025-11-12T19:29:17.813+0000] {processor.py:840} INFO - DAG(s) 'ingest_flight_status_usa' retrieved from /opt/airflow/dags/ingest_flight_status.py
[2025-11-12T19:29:17.834+0000] {logging_mixin.py:188} INFO - [2025-11-12T19:29:17.833+0000] {dag.py:3096} INFO - Sync 1 DAGs
[2025-11-12T19:29:17.852+0000] {logging_mixin.py:188} INFO - [2025-11-12T19:29:17.852+0000] {dag.py:3954} INFO - Setting next_dagrun for ingest_flight_status_usa to 2025-11-12 19:00:00+00:00, run_after=2025-11-12 20:00:00+00:00
[2025-11-12T19:29:17.879+0000] {processor.py:183} INFO - Processing /opt/airflow/dags/ingest_flight_status.py took 0.101 seconds
[2025-11-12T19:29:48.914+0000] {processor.py:161} INFO - Started process (PID=1628) to work on /opt/airflow/dags/ingest_flight_status.py
[2025-11-12T19:29:48.915+0000] {processor.py:830} INFO - Processing file /opt/airflow/dags/ingest_flight_status.py for tasks to queue
[2025-11-12T19:29:48.917+0000] {logging_mixin.py:188} INFO - [2025-11-12T19:29:48.917+0000] {dagbag.py:545} INFO - Filling up the DagBag from /opt/airflow/dags/ingest_flight_status.py
[2025-11-12T19:29:49.141+0000] {processor.py:840} INFO - DAG(s) 'ingest_flight_status_usa' retrieved from /opt/airflow/dags/ingest_flight_status.py
[2025-11-12T19:29:49.162+0000] {logging_mixin.py:188} INFO - [2025-11-12T19:29:49.161+0000] {dag.py:3096} INFO - Sync 1 DAGs
[2025-11-12T19:29:49.182+0000] {logging_mixin.py:188} INFO - [2025-11-12T19:29:49.181+0000] {dag.py:3954} INFO - Setting next_dagrun for ingest_flight_status_usa to 2025-11-12 19:00:00+00:00, run_after=2025-11-12 20:00:00+00:00
[2025-11-12T19:29:49.218+0000] {processor.py:183} INFO - Processing /opt/airflow/dags/ingest_flight_status.py took 0.308 seconds
[2025-11-12T19:30:19.676+0000] {processor.py:161} INFO - Started process (PID=1683) to work on /opt/airflow/dags/ingest_flight_status.py
[2025-11-12T19:30:19.677+0000] {processor.py:830} INFO - Processing file /opt/airflow/dags/ingest_flight_status.py for tasks to queue
[2025-11-12T19:30:19.679+0000] {logging_mixin.py:188} INFO - [2025-11-12T19:30:19.679+0000] {dagbag.py:545} INFO - Filling up the DagBag from /opt/airflow/dags/ingest_flight_status.py
[2025-11-12T19:30:19.711+0000] {processor.py:840} INFO - DAG(s) 'ingest_flight_status_usa' retrieved from /opt/airflow/dags/ingest_flight_status.py
[2025-11-12T19:30:19.731+0000] {logging_mixin.py:188} INFO - [2025-11-12T19:30:19.731+0000] {dag.py:3096} INFO - Sync 1 DAGs
[2025-11-12T19:30:19.755+0000] {logging_mixin.py:188} INFO - [2025-11-12T19:30:19.755+0000] {dag.py:3954} INFO - Setting next_dagrun for ingest_flight_status_usa to 2025-11-12 19:00:00+00:00, run_after=2025-11-12 20:00:00+00:00
[2025-11-12T19:30:19.778+0000] {processor.py:183} INFO - Processing /opt/airflow/dags/ingest_flight_status.py took 0.106 seconds
[2025-11-12T19:30:50.029+0000] {processor.py:161} INFO - Started process (PID=1743) to work on /opt/airflow/dags/ingest_flight_status.py
[2025-11-12T19:30:50.030+0000] {processor.py:830} INFO - Processing file /opt/airflow/dags/ingest_flight_status.py for tasks to queue
[2025-11-12T19:30:50.032+0000] {logging_mixin.py:188} INFO - [2025-11-12T19:30:50.032+0000] {dagbag.py:545} INFO - Filling up the DagBag from /opt/airflow/dags/ingest_flight_status.py
[2025-11-12T19:30:50.058+0000] {processor.py:840} INFO - DAG(s) 'ingest_flight_status_usa' retrieved from /opt/airflow/dags/ingest_flight_status.py
[2025-11-12T19:30:50.078+0000] {logging_mixin.py:188} INFO - [2025-11-12T19:30:50.078+0000] {dag.py:3096} INFO - Sync 1 DAGs
[2025-11-12T19:30:50.097+0000] {logging_mixin.py:188} INFO - [2025-11-12T19:30:50.097+0000] {dag.py:3954} INFO - Setting next_dagrun for ingest_flight_status_usa to 2025-11-12 19:00:00+00:00, run_after=2025-11-12 20:00:00+00:00
[2025-11-12T19:30:50.122+0000] {processor.py:183} INFO - Processing /opt/airflow/dags/ingest_flight_status.py took 0.097 seconds
[2025-11-12T19:31:20.386+0000] {processor.py:161} INFO - Started process (PID=1803) to work on /opt/airflow/dags/ingest_flight_status.py
[2025-11-12T19:31:20.387+0000] {processor.py:830} INFO - Processing file /opt/airflow/dags/ingest_flight_status.py for tasks to queue
[2025-11-12T19:31:20.389+0000] {logging_mixin.py:188} INFO - [2025-11-12T19:31:20.388+0000] {dagbag.py:545} INFO - Filling up the DagBag from /opt/airflow/dags/ingest_flight_status.py
[2025-11-12T19:31:20.423+0000] {processor.py:840} INFO - DAG(s) 'ingest_flight_status_usa' retrieved from /opt/airflow/dags/ingest_flight_status.py
[2025-11-12T19:31:20.447+0000] {logging_mixin.py:188} INFO - [2025-11-12T19:31:20.446+0000] {dag.py:3096} INFO - Sync 1 DAGs
[2025-11-12T19:31:20.470+0000] {logging_mixin.py:188} INFO - [2025-11-12T19:31:20.470+0000] {dag.py:3954} INFO - Setting next_dagrun for ingest_flight_status_usa to 2025-11-12 19:00:00+00:00, run_after=2025-11-12 20:00:00+00:00
[2025-11-12T19:31:20.499+0000] {processor.py:183} INFO - Processing /opt/airflow/dags/ingest_flight_status.py took 0.118 seconds
[2025-11-12T19:31:26.817+0000] {processor.py:161} INFO - Started process (PID=1815) to work on /opt/airflow/dags/ingest_flight_status.py
[2025-11-12T19:31:26.819+0000] {processor.py:830} INFO - Processing file /opt/airflow/dags/ingest_flight_status.py for tasks to queue
[2025-11-12T19:31:26.822+0000] {logging_mixin.py:188} INFO - [2025-11-12T19:31:26.822+0000] {dagbag.py:545} INFO - Filling up the DagBag from /opt/airflow/dags/ingest_flight_status.py
[2025-11-12T19:31:26.888+0000] {processor.py:840} INFO - DAG(s) 'ingest_flight_status_usa' retrieved from /opt/airflow/dags/ingest_flight_status.py
[2025-11-12T19:31:26.916+0000] {logging_mixin.py:188} INFO - [2025-11-12T19:31:26.915+0000] {dag.py:3096} INFO - Sync 1 DAGs
[2025-11-12T19:31:26.942+0000] {logging_mixin.py:188} INFO - [2025-11-12T19:31:26.942+0000] {dag.py:3954} INFO - Setting next_dagrun for ingest_flight_status_usa to 2025-11-12 19:00:00+00:00, run_after=2025-11-12 20:00:00+00:00
[2025-11-12T19:31:26.969+0000] {processor.py:183} INFO - Processing /opt/airflow/dags/ingest_flight_status.py took 0.160 seconds
[2025-11-12T19:31:34.934+0000] {processor.py:161} INFO - Started process (PID=1816) to work on /opt/airflow/dags/ingest_flight_status.py
[2025-11-12T19:31:34.936+0000] {processor.py:830} INFO - Processing file /opt/airflow/dags/ingest_flight_status.py for tasks to queue
[2025-11-12T19:31:34.940+0000] {logging_mixin.py:188} INFO - [2025-11-12T19:31:34.939+0000] {dagbag.py:545} INFO - Filling up the DagBag from /opt/airflow/dags/ingest_flight_status.py
[2025-11-12T19:31:34.992+0000] {processor.py:840} INFO - DAG(s) 'ingest_flight_status_usa' retrieved from /opt/airflow/dags/ingest_flight_status.py
[2025-11-12T19:31:35.018+0000] {logging_mixin.py:188} INFO - [2025-11-12T19:31:35.017+0000] {dag.py:3096} INFO - Sync 1 DAGs
[2025-11-12T19:31:35.050+0000] {logging_mixin.py:188} INFO - [2025-11-12T19:31:35.050+0000] {dag.py:3954} INFO - Setting next_dagrun for ingest_flight_status_usa to 2025-11-12 19:00:00+00:00, run_after=2025-11-12 20:00:00+00:00
[2025-11-12T19:31:35.088+0000] {processor.py:183} INFO - Processing /opt/airflow/dags/ingest_flight_status.py took 0.162 seconds
[2025-11-12T19:31:41.237+0000] {processor.py:161} INFO - Started process (PID=1819) to work on /opt/airflow/dags/ingest_flight_status.py
[2025-11-12T19:31:41.238+0000] {processor.py:830} INFO - Processing file /opt/airflow/dags/ingest_flight_status.py for tasks to queue
[2025-11-12T19:31:41.242+0000] {logging_mixin.py:188} INFO - [2025-11-12T19:31:41.241+0000] {dagbag.py:545} INFO - Filling up the DagBag from /opt/airflow/dags/ingest_flight_status.py
[2025-11-12T19:31:41.273+0000] {logging_mixin.py:188} INFO - [2025-11-12T19:31:41.271+0000] {dagbag.py:355} ERROR - Failed to import: /opt/airflow/dags/ingest_flight_status.py
Traceback (most recent call last):
  File "/home/airflow/.local/lib/python3.12/site-packages/airflow/models/dagbag.py", line 351, in parse
    loader.exec_module(new_module)
  File "<frozen importlib._bootstrap_external>", line 991, in exec_module
  File "<frozen importlib._bootstrap_external>", line 1129, in get_code
  File "<frozen importlib._bootstrap_external>", line 1059, in source_to_code
  File "<frozen importlib._bootstrap>", line 488, in _call_with_frames_removed
  File "/opt/airflow/dags/ingest_flight_status.py", line 109
    fetch >> upload >> load_bq
IndentationError: unexpected indent
[2025-11-12T19:31:41.273+0000] {processor.py:842} WARNING - No viable dags retrieved from /opt/airflow/dags/ingest_flight_status.py
[2025-11-12T19:31:41.300+0000] {processor.py:183} INFO - Processing /opt/airflow/dags/ingest_flight_status.py took 0.069 seconds
[2025-11-12T19:32:04.173+0000] {processor.py:161} INFO - Started process (PID=1877) to work on /opt/airflow/dags/ingest_flight_status.py
[2025-11-12T19:32:04.175+0000] {processor.py:830} INFO - Processing file /opt/airflow/dags/ingest_flight_status.py for tasks to queue
[2025-11-12T19:32:04.178+0000] {logging_mixin.py:188} INFO - [2025-11-12T19:32:04.178+0000] {dagbag.py:545} INFO - Filling up the DagBag from /opt/airflow/dags/ingest_flight_status.py
[2025-11-12T19:32:04.230+0000] {processor.py:840} INFO - DAG(s) 'ingest_flight_status_usa' retrieved from /opt/airflow/dags/ingest_flight_status.py
[2025-11-12T19:32:04.365+0000] {logging_mixin.py:188} INFO - [2025-11-12T19:32:04.364+0000] {dag.py:3096} INFO - Sync 1 DAGs
[2025-11-12T19:32:04.394+0000] {logging_mixin.py:188} INFO - [2025-11-12T19:32:04.393+0000] {dag.py:3954} INFO - Setting next_dagrun for ingest_flight_status_usa to 2025-11-12 19:00:00+00:00, run_after=2025-11-12 20:00:00+00:00
[2025-11-12T19:32:04.429+0000] {processor.py:183} INFO - Processing /opt/airflow/dags/ingest_flight_status.py took 0.263 seconds
